#
# A fatal error has been detected by the Java Runtime Environment:
#
#  Internal Error (0xc000000d), pid=3264, tid=960
#
# JRE version: Java(TM) SE Runtime Environment (8.0_25-b18) (build 1.8.0_25-b18)
# Java VM: Java HotSpot(TM) 64-Bit Server VM (25.25-b02 mixed mode windows-amd64 compressed oops)
# Problematic frame:
# C  [ntdll.dll+0x7a291]
#
# Failed to write core dump. Minidumps are not enabled by default on client versions of Windows
#
# If you would like to submit a bug report, please visit:
#   http://bugreport.sun.com/bugreport/crash.jsp
#

---------------  T H R E A D  ---------------

Current thread (0x0000000013ab6000):  VMThread [stack: 0x0000000014b20000,0x0000000014c20000] [id=960]

siginfo: ExceptionCode=0xc000000d

Registers:
RAX=0x0000000063ecf236, RBX=0x0000000000000000, RCX=0x0000000014c1ed10, RDX=0x0000000000000000
RSP=0x0000000014c1f320, RBP=0x000000001643a240, RSI=0x000007feede67408, RDI=0x0000000014c1f468
R8 =0x0000000000000000, R9 =0x0000000000000000, R10=0x0000000000000000, R11=0x0000000000000246
R12=0x0000000024da2778, R13=0x0000000024da2740, R14=0x000000001643a348, R15=0x0000000000000000
RIP=0x0000000077b5a291, EFLAGS=0x0000000000000206

Top of Stack: (sp=0x0000000014c1f320)
0x0000000014c1f320:   0000000000000000 000007feede67408
0x0000000014c1f330:   0000000014c1f468 0000000000000000
0x0000000014c1f340:   0000000000000000 0000000000000000
0x0000000014c1f350:   0000000000000000 0000000000000000
0x0000000014c1f360:   0000000000000002 0000000000000000
0x0000000014c1f370:   00000000c000000d 0000000000000000
0x0000000014c1f380:   0000000077b5a291 0000000000000000
0x0000000014c1f390:   0000000000000000 0000000000000000
0x0000000014c1f3a0:   0000000000000000 0000000000000000
0x0000000014c1f3b0:   0000000000000000 0000000000000000
0x0000000014c1f3c0:   0000000000000000 0000000000000000
0x0000000014c1f3d0:   0000000000000000 0000000000000000
0x0000000014c1f3e0:   0000000000000000 0000000000000000
0x0000000014c1f3f0:   0000000000000000 0000000000000000
0x0000000014c1f400:   0000000000000000 0000000018a7bc60
0x0000000014c1f410:   0000000000000090 0000000077a02fe8 

Instructions: (pc=0x0000000077b5a291)
0x0000000077b5a271:   5b 8c fd ff b9 57 00 00 00 c7 44 24 50 0d 00 00
0x0000000077b5a281:   c0 e8 49 8f fd ff 48 8d 4c 24 50 e8 cf f2 f9 ff
0x0000000077b5a291:   4c 8b 1d 40 81 0b 00 4d 85 db 74 5b 65 48 8b 04
0x0000000077b5a2a1:   25 30 00 00 00 f6 80 ee 17 00 00 08 74 12 65 48 


Register to memory mapping:

RAX=0x0000000063ecf236 is an unknown value
RBX=0x0000000000000000 is an unknown value
RCX=0x0000000014c1ed10 is an unknown value
RDX=0x0000000000000000 is an unknown value
RSP=0x0000000014c1f320 is an unknown value
RBP=0x000000001643a240 is an unknown value
RSI=0x000007feede67408 is an unknown value
RDI=0x0000000014c1f468 is an unknown value
R8 =0x0000000000000000 is an unknown value
R9 =0x0000000000000000 is an unknown value
R10=0x0000000000000000 is an unknown value
R11=0x0000000000000246 is an unknown value
R12=0x0000000024da2778 is an unknown value
R13=0x0000000024da2740 is an unknown value
R14=0x000000001643a348 is an unknown value
R15=0x0000000000000000 is an unknown value


Stack: [0x0000000014b20000,0x0000000014c20000],  sp=0x0000000014c1f320,  free space=1020k
Native frames: (J=compiled Java code, j=interpreted, Vv=VM code, C=native code)
C  [ntdll.dll+0x7a291]
C  [kernel32.dll+0x42fe8]
C  [MSVCR110.dll+0x752d]
C  [MSVCR110.dll+0x14cde]
C  [MSVCR110.dll+0x13edc]
C  [MSVCR110.dll+0x239e]
C  [MSVCR110.dll+0xaf9e]
C  [MSVCP110.dll+0x397b9]
C  [librdi_common.dll+0x135d02]
C  [librdi_common.dll+0x13447b]
C  [librdi_swdb.dll+0x67b0]
C  [librdi_swdb.dll+0x6a32]
C  [ntdll.dll+0x24371]
C  [ntdll.dll+0x24180]
C  [MSVCR100.dll+0x20ccd]
V  [jvm.dll+0x1f9c55]
V  [jvm.dll+0x2325e7]
V  [jvm.dll+0x231826]
V  [jvm.dll+0x231cc1]
V  [jvm.dll+0x231ede]
V  [jvm.dll+0x2852fa]
C  [MSVCR100.dll+0x21d9f]
C  [MSVCR100.dll+0x21e3b]
C  [kernel32.dll+0x1652d]
C  [ntdll.dll+0x2c521]

VM_Operation (0x000000000012f500): Exit, mode: safepoint, requested by thread 0x00000000025e8000


---------------  P R O C E S S  ---------------

Java Threads: ( => current thread )
  0x0000000017288000 JavaThread "Thread-14" daemon [_thread_blocked, id=3876, stack(0x00000000210e0000,0x00000000211e0000)]
  0x000000001728c000 JavaThread "TCF Locator DNS Lookup" daemon [_thread_blocked, id=4616, stack(0x000000001bfc0000,0x000000001c0c0000)]
  0x000000001728b000 JavaThread "TCF Locator Timer" daemon [_thread_blocked, id=4356, stack(0x000000001bec0000,0x000000001bfc0000)]
  0x000000001728a800 JavaThread "TCF Locator Receiver" daemon [_thread_in_native, id=3676, stack(0x000000001bdc0000,0x000000001bec0000)]
  0x0000000017289000 JavaThread "TCF Timer Dispatcher" daemon [_thread_blocked, id=3556, stack(0x000000001bbc0000,0x000000001bcc0000)]
  0x0000000017a7b000 JavaThread "EMF Reference Cleaner" daemon [_thread_blocked, id=4804, stack(0x00000000199d0000,0x0000000019ad0000)]
  0x0000000015192800 JavaThread "Service Thread" daemon [_thread_blocked, id=4780, stack(0x0000000015720000,0x0000000015820000)]
  0x0000000015121000 JavaThread "C1 CompilerThread2" daemon [_thread_blocked, id=2704, stack(0x0000000015620000,0x0000000015720000)]
  0x0000000013b2f800 JavaThread "C2 CompilerThread1" daemon [_thread_blocked, id=2404, stack(0x0000000015520000,0x0000000015620000)]
  0x0000000013b2a000 JavaThread "C2 CompilerThread0" daemon [_thread_blocked, id=3176, stack(0x0000000015020000,0x0000000015120000)]
  0x0000000013b27000 JavaThread "Attach Listener" daemon [_thread_blocked, id=4416, stack(0x0000000014f20000,0x0000000015020000)]
  0x0000000013b25800 JavaThread "Signal Dispatcher" daemon [_thread_blocked, id=4388, stack(0x0000000014e20000,0x0000000014f20000)]
  0x0000000013ac3000 JavaThread "Finalizer" daemon [_thread_blocked, id=804, stack(0x0000000014d20000,0x0000000014e20000)]
  0x0000000013aba000 JavaThread "Reference Handler" daemon [_thread_blocked, id=2900, stack(0x0000000014c20000,0x0000000014d20000)]
  0x00000000025e8000 JavaThread "main" [_thread_blocked, id=2300, stack(0x0000000000030000,0x0000000000130000)]

Other Threads:
=>0x0000000013ab6000 VMThread [stack: 0x0000000014b20000,0x0000000014c20000] [id=960]

VM state:at safepoint (shutting down)

VM Mutex/Monitor currently owned by a thread:  ([mutex/lock_event])
[0x00000000024adfb0] Threads_lock - owner thread: 0x0000000013ab6000

Heap:
 PSYoungGen      total 88064K, used 34559K [0x00000000f5580000, 0x00000000fb900000, 0x0000000100000000)
  eden space 76288K, 45% used [0x00000000f5580000,0x00000000f773fef8,0x00000000fa000000)
  from space 11776K, 0% used [0x00000000fad80000,0x00000000fad80000,0x00000000fb900000)
  to   space 12800K, 0% used [0x00000000fa000000,0x00000000fa000000,0x00000000fac80000)
 ParOldGen       total 99840K, used 36017K [0x00000000e0000000, 0x00000000e6180000, 0x00000000f5580000)
  object space 99840K, 36% used [0x00000000e0000000,0x00000000e232c4a8,0x00000000e6180000)
 Metaspace       used 76133K, capacity 81936K, committed 82008K, reserved 1120256K
  class space    used 9354K, capacity 11064K, committed 11096K, reserved 1048576K

Card table byte_map: [0x0000000011a70000,0x0000000011b80000] byte_map_base: 0x0000000011370000

Marking Bits: (ParMarkBitMap*) 0x000000006e69d490
 Begin Bits: [0x0000000012030000, 0x0000000012830000)
 End Bits:   [0x0000000012830000, 0x0000000013030000)

Polling page: 0x0000000000600000

CodeCache: size=245760Kb used=28560Kb max_used=28687Kb free=217199Kb
 bounds [0x00000000026b0000, 0x00000000042e0000, 0x00000000116b0000]
 total_blobs=8919 nmethods=8075 adapters=752
 compilation: enabled

Compilation events (10 events):
Event: 1302.989 Thread 0x0000000015121000 nmethod 9872 0x0000000002cd4ad0 code [0x0000000002cd4c20, 0x0000000002cd4d30]
Event: 1302.991 Thread 0x0000000013b2a000 9875       4       java.io.WinNTFileSystem::resolve (231 bytes)
Event: 1302.998 Thread 0x0000000013b2a000 nmethod 9875 0x000000000394d110 code [0x000000000394d2c0, 0x000000000394db70]
Event: 1303.000 Thread 0x0000000015121000 9877       3       java.io.File::list (33 bytes)
Event: 1303.000 Thread 0x0000000015121000 nmethod 9877 0x0000000002f78890 code [0x0000000002f78a60, 0x0000000002f79188]
Event: 1303.008 Thread 0x0000000013b2f800 nmethod 9865 0x000000000420d510 code [0x000000000420d7e0, 0x0000000004210460]
Event: 1303.010 Thread 0x0000000015121000 9878   !   3       org.eclipse.osgi.internal.baseadaptor.BaseStorage::compact (215 bytes)
Event: 1303.012 Thread 0x0000000015121000 nmethod 9878 0x0000000004209890 code [0x0000000004209cc0, 0x000000000420c128]
Event: 1303.016 Thread 0x0000000015121000 9879       3       org.eclipse.osgi.framework.internal.core.AbstractBundle::close (52 bytes)
Event: 1303.016 Thread 0x0000000015121000 nmethod 9879 0x00000000041fa7d0 code [0x00000000041faa00, 0x00000000041fb6e8]

GC Heap History (10 events):
Event: 1147.445 GC heap before
{Heap before GC invocations=51 (full 21):
 PSYoungGen      total 90112K, used 128K [0x00000000f5580000, 0x00000000fbd00000, 0x0000000100000000)
  eden space 76288K, 0% used [0x00000000f5580000,0x00000000f5580000,0x00000000fa000000)
  from space 13824K, 0% used [0x00000000faf80000,0x00000000fafa0000,0x00000000fbd00000)
  to   space 14848K, 0% used [0x00000000fa000000,0x00000000fa000000,0x00000000fae80000)
 ParOldGen       total 99840K, used 34820K [0x00000000e0000000, 0x00000000e6180000, 0x00000000f5580000)
  object space 99840K, 34% used [0x00000000e0000000,0x00000000e2201158,0x00000000e6180000)
 Metaspace       used 74772K, capacity 80678K, committed 80856K, reserved 1120256K
  class space    used 9218K, capacity 10928K, committed 10968K, reserved 1048576K
Event: 1147.523 GC heap after
Heap after GC invocations=51 (full 21):
 PSYoungGen      total 90112K, used 0K [0x00000000f5580000, 0x00000000fbd00000, 0x0000000100000000)
  eden space 76288K, 0% used [0x00000000f5580000,0x00000000f5580000,0x00000000fa000000)
  from space 13824K, 0% used [0x00000000faf80000,0x00000000faf80000,0x00000000fbd00000)
  to   space 14848K, 0% used [0x00000000fa000000,0x00000000fa000000,0x00000000fae80000)
 ParOldGen       total 99840K, used 34820K [0x00000000e0000000, 0x00000000e6180000, 0x00000000f5580000)
  object space 99840K, 34% used [0x00000000e0000000,0x00000000e2201158,0x00000000e6180000)
 Metaspace       used 74772K, capacity 80678K, committed 80856K, reserved 1120256K
  class space    used 9218K, capacity 10928K, committed 10968K, reserved 1048576K
}
Event: 1207.455 GC heap before
{Heap before GC invocations=52 (full 21):
 PSYoungGen      total 90112K, used 7606K [0x00000000f5580000, 0x00000000fbd00000, 0x0000000100000000)
  eden space 76288K, 9% used [0x00000000f5580000,0x00000000f5ced840,0x00000000fa000000)
  from space 13824K, 0% used [0x00000000faf80000,0x00000000faf80000,0x00000000fbd00000)
  to   space 14848K, 0% used [0x00000000fa000000,0x00000000fa000000,0x00000000fae80000)
 ParOldGen       total 99840K, used 34820K [0x00000000e0000000, 0x00000000e6180000, 0x00000000f5580000)
  object space 99840K, 34% used [0x00000000e0000000,0x00000000e2201158,0x00000000e6180000)
 Metaspace       used 74797K, capacity 80678K, committed 80856K, reserved 1120256K
  class space    used 9218K, capacity 10928K, committed 10968K, reserved 1048576K
Event: 1207.458 GC heap after
Heap after GC invocations=52 (full 21):
 PSYoungGen      total 76800K, used 416K [0x00000000f5580000, 0x00000000fbb00000, 0x0000000100000000)
  eden space 76288K, 0% used [0x00000000f5580000,0x00000000f5580000,0x00000000fa000000)
  from space 512K, 81% used [0x00000000fa000000,0x00000000fa068000,0x00000000fa080000)
  to   space 13824K, 0% used [0x00000000fad80000,0x00000000fad80000,0x00000000fbb00000)
 ParOldGen       total 99840K, used 34820K [0x00000000e0000000, 0x00000000e6180000, 0x00000000f5580000)
  object space 99840K, 34% used [0x00000000e0000000,0x00000000e2201158,0x00000000e6180000)
 Metaspace       used 74797K, capacity 80678K, committed 80856K, reserved 1120256K
  class space    used 9218K, capacity 10928K, committed 10968K, reserved 1048576K
}
Event: 1207.458 GC heap before
{Heap before GC invocations=53 (full 22):
 PSYoungGen      total 76800K, used 416K [0x00000000f5580000, 0x00000000fbb00000, 0x0000000100000000)
  eden space 76288K, 0% used [0x00000000f5580000,0x00000000f5580000,0x00000000fa000000)
  from space 512K, 81% used [0x00000000fa000000,0x00000000fa068000,0x00000000fa080000)
  to   space 13824K, 0% used [0x00000000fad80000,0x00000000fad80000,0x00000000fbb00000)
 ParOldGen       total 99840K, used 34820K [0x00000000e0000000, 0x00000000e6180000, 0x00000000f5580000)
  object space 99840K, 34% used [0x00000000e0000000,0x00000000e2201158,0x00000000e6180000)
 Metaspace       used 74797K, capacity 80678K, committed 80856K, reserved 1120256K
  class space    used 9218K, capacity 10928K, committed 10968K, reserved 1048576K
Event: 1207.547 GC heap after
Heap after GC invocations=53 (full 22):
 PSYoungGen      total 76800K, used 0K [0x00000000f5580000, 0x00000000fbb00000, 0x0000000100000000)
  eden space 76288K, 0% used [0x00000000f5580000,0x00000000f5580000,0x00000000fa000000)
  from space 512K, 0% used [0x00000000fa000000,0x00000000fa000000,0x00000000fa080000)
  to   space 13824K, 0% used [0x00000000fad80000,0x00000000fad80000,0x00000000fbb00000)
 ParOldGen       total 99840K, used 34940K [0x00000000e0000000, 0x00000000e6180000, 0x00000000f5580000)
  object space 99840K, 34% used [0x00000000e0000000,0x00000000e221f070,0x00000000e6180000)
 Metaspace       used 74797K, capacity 80678K, committed 80856K, reserved 1120256K
  class space    used 9218K, capacity 10928K, committed 10968K, reserved 1048576K
}
Event: 1267.467 GC heap before
{Heap before GC invocations=54 (full 22):
 PSYoungGen      total 76800K, used 14790K [0x00000000f5580000, 0x00000000fbb00000, 0x0000000100000000)
  eden space 76288K, 19% used [0x00000000f5580000,0x00000000f63f1b98,0x00000000fa000000)
  from space 512K, 0% used [0x00000000fa000000,0x00000000fa000000,0x00000000fa080000)
  to   space 13824K, 0% used [0x00000000fad80000,0x00000000fad80000,0x00000000fbb00000)
 ParOldGen       total 99840K, used 34940K [0x00000000e0000000, 0x00000000e6180000, 0x00000000f5580000)
  object space 99840K, 34% used [0x00000000e0000000,0x00000000e221f070,0x00000000e6180000)
 Metaspace       used 75046K, capacity 80818K, committed 81112K, reserved 1120256K
  class space    used 9230K, capacity 10930K, committed 10968K, reserved 1048576K
Event: 1267.470 GC heap after
Heap after GC invocations=54 (full 22):
 PSYoungGen      total 88064K, used 1906K [0x00000000f5580000, 0x00000000fb900000, 0x0000000100000000)
  eden space 76288K, 0% used [0x00000000f5580000,0x00000000f5580000,0x00000000fa000000)
  from space 11776K, 16% used [0x00000000fad80000,0x00000000faf5c810,0x00000000fb900000)
  to   space 12800K, 0% used [0x00000000fa000000,0x00000000fa000000,0x00000000fac80000)
 ParOldGen       total 99840K, used 34948K [0x00000000e0000000, 0x00000000e6180000, 0x00000000f5580000)
  object space 99840K, 35% used [0x00000000e0000000,0x00000000e2221070,0x00000000e6180000)
 Metaspace       used 75046K, capacity 80818K, committed 81112K, reserved 1120256K
  class space    used 9230K, capacity 10930K, committed 10968K, reserved 1048576K
}
Event: 1267.470 GC heap before
{Heap before GC invocations=55 (full 23):
 PSYoungGen      total 88064K, used 1906K [0x00000000f5580000, 0x00000000fb900000, 0x0000000100000000)
  eden space 76288K, 0% used [0x00000000f5580000,0x00000000f5580000,0x00000000fa000000)
  from space 11776K, 16% used [0x00000000fad80000,0x00000000faf5c810,0x00000000fb900000)
  to   space 12800K, 0% used [0x00000000fa000000,0x00000000fa000000,0x00000000fac80000)
 ParOldGen       total 99840K, used 34948K [0x00000000e0000000, 0x00000000e6180000, 0x00000000f5580000)
  object space 99840K, 35% used [0x00000000e0000000,0x00000000e2221070,0x00000000e6180000)
 Metaspace       used 75046K, capacity 80818K, committed 81112K, reserved 1120256K
  class space    used 9230K, capacity 10930K, committed 10968K, reserved 1048576K
Event: 1267.640 GC heap after
Heap after GC invocations=55 (full 23):
 PSYoungGen      total 88064K, used 0K [0x00000000f5580000, 0x00000000fb900000, 0x0000000100000000)
  eden space 76288K, 0% used [0x00000000f5580000,0x00000000f5580000,0x00000000fa000000)
  from space 11776K, 0% used [0x00000000fad80000,0x00000000fad80000,0x00000000fb900000)
  to   space 12800K, 0% used [0x00000000fa000000,0x00000000fa000000,0x00000000fac80000)
 ParOldGen       total 99840K, used 36017K [0x00000000e0000000, 0x00000000e6180000, 0x00000000f5580000)
  object space 99840K, 36% used [0x00000000e0000000,0x00000000e232c4a8,0x00000000e6180000)
 Metaspace       used 75046K, capacity 80818K, committed 81112K, reserved 1120256K
  class space    used 9230K, capacity 10930K, committed 10968K, reserved 1048576K
}

Deoptimization events (10 events):
Event: 1301.576 Thread 0x00000000025e8000 Uncommon trap: reason=class_check action=maybe_recompile pc=0x0000000003db995c method=org.eclipse.emf.ecore.util.EcoreEList.contains(Ljava/lang/Object;)Z @ 53
Event: 1301.579 Thread 0x00000000025e8000 Uncommon trap: reason=bimorphic action=maybe_recompile pc=0x0000000003f484f4 method=org.eclipse.swt.custom.StyledText.getLinePixel(I)I @ 8
Event: 1301.704 Thread 0x00000000025e8000 Uncommon trap: reason=unreached action=reinterpret pc=0x0000000003bdc408 method=org.eclipse.ui.internal.services.ServiceLocator.getService(Ljava/lang/Class;)Ljava/lang/Object; @ 38
Event: 1301.760 Thread 0x00000000025e8000 Uncommon trap: reason=unreached action=reinterpret pc=0x0000000002c5bf08 method=org.eclipse.swt.widgets.Display.drawMenuBars()V @ 4
Event: 1301.804 Thread 0x000000001ac4a800 Uncommon trap: reason=bimorphic action=maybe_recompile pc=0x0000000003417aa8 method=java.util.Properties.load0(Ljava/util/Properties$LineReader;)V @ 242
Event: 1301.837 Thread 0x00000000025e8000 Uncommon trap: reason=unreached action=reinterpret pc=0x00000000038c12dc method=org.eclipse.e4.ui.internal.workbench.swt.PartRenderingEngine.someAreVisible(Ljava/util/List;)Z @ 41
Event: 1301.844 Thread 0x00000000025e8000 Uncommon trap: reason=unreached action=reinterpret pc=0x00000000042449cc method=org.eclipse.emf.ecore.impl.MinimalEObjectImpl.setField(ILjava/lang/Object;)V @ 9
Event: 1301.844 Thread 0x00000000025e8000 Uncommon trap: reason=unreached action=reinterpret pc=0x00000000040b2ba8 method=org.eclipse.emf.ecore.impl.MinimalEObjectImpl.setField(ILjava/lang/Object;)V @ 9
Event: 1302.948 Thread 0x00000000025e8000 Uncommon trap: reason=unreached action=reinterpret pc=0x0000000003972550 method=org.eclipse.swt.widgets.Display.getDefault()Lorg/eclipse/swt/widgets/Display; @ 39
Event: 1302.949 Thread 0x00000000025e8000 Uncommon trap: reason=null_check action=make_not_entrant pc=0x00000000030e33d8 method=org.eclipse.core.runtime.internal.adaptor.EclipseLazyStarter.shouldActivateFor(Ljava/lang/String;Lorg/eclipse/osgi/baseadaptor/BaseData;Lorg/eclipse/core/runtime/internalÒçÚMVî@

Internal exceptions (10 events):
Event: 1301.533 Thread 0x000000001ac49000 Exception <a 'java/lang/InterruptedException'> (0x00000000f603e620) thrown at [D:\re\workspace\8-2-build-windows-amd64-cygwin\jdk8u25\1677\hotspot\src\share\vm\runtime\objectMonitor.cpp, line 1682]
Event: 1301.533 Thread 0x0000000017a81000 Exception <a 'java/net/SocketException': Socket closed> (0x00000000f607dfa8) thrown at [D:\re\workspace\8-2-build-windows-amd64-cygwin\jdk8u25\1677\hotspot\src\share\vm\prims\jni.cpp, line 742]
Event: 1301.541 Thread 0x00000000025e8000 Implicit null exception at 0x00000000035bfd09 to 0x00000000035c0ae1
Event: 1301.704 Thread 0x00000000025e8000 Implicit null exception at 0x0000000003bdc084 to 0x0000000003bdc3e9
Event: 1301.920 Thread 0x000000001ac4e800 Exception <a 'java/lang/InterruptedException'> (0x00000000f71ff890) thrown at [D:\re\workspace\8-2-build-windows-amd64-cygwin\jdk8u25\1677\hotspot\src\share\vm\runtime\objectMonitor.cpp, line 1682]
Event: 1302.949 Thread 0x00000000025e8000 Implicit null exception at 0x00000000030e13ff to 0x00000000030e33cd
Event: 1302.986 Thread 0x0000000016278800 Exception <a 'java/lang/InterruptedException'> (0x00000000f75ef418) thrown at [D:\re\workspace\8-2-build-windows-amd64-cygwin\jdk8u25\1677\hotspot\src\share\vm\runtime\objectMonitor.cpp, line 1682]
Event: 1302.986 Thread 0x0000000015f6c800 Exception <a 'java/lang/InterruptedException': sleep interrupted> (0x00000000f7661700) thrown at [D:\re\workspace\8-2-build-windows-amd64-cygwin\jdk8u25\1677\hotspot\src\share\vm\prims\jvm.cpp, line 3141]
Event: 1302.987 Thread 0x0000000017a7d800 Exception <a 'java/lang/InterruptedException'> (0x00000000f7439c30) thrown at [D:\re\workspace\8-2-build-windows-amd64-cygwin\jdk8u25\1677\hotspot\src\share\vm\runtime\objectMonitor.cpp, line 1682]
Event: 1303.016 Thread 0x0000000016428800 Exception <a 'java/lang/InterruptedException'> (0x00000000f7529240) thrown at [D:\re\workspace\8-2-build-windows-amd64-cygwin\jdk8u25\1677\hotspot\src\share\vm\runtime\objectMonitor.cpp, line 1682]

Events (10 events):
Event: 1303.013 Thread 0x0000000015121000 flushing nmethod 0x00000000035bfa90
Event: 1303.016 Thread 0x0000000016428800 Thread exited: 0x0000000016428800
Event: 1303.016 Thread 0x0000000015ece000 Thread exited: 0x0000000015ece000
Event: 1303.016 loading class java/util/IdentityHashMap$KeyIterator
Event: 1303.016 loading class java/util/IdentityHashMap$IdentityHashMapIterator
Event: 1303.016 loading class java/util/IdentityHashMap$IdentityHashMapIterator done
Event: 1303.016 loading class java/util/IdentityHashMap$KeyIterator done
Event: 1303.016 Thread 0x0000000017a7d800 Thread added: 0x0000000017a7d800
Event: 1303.017 Thread 0x0000000017a7d800 Thread exited: 0x0000000017a7d800
Event: 1303.017 Executing VM operation: Exit


Dynamic libraries:
0x0000000000400000 - 0x000000000044f000 	C:\Xilinx\SDK\2015.2\eclipse\win64.o\eclipse.exe
0x0000000077ae0000 - 0x0000000077c89000 	C:\Windows\SYSTEM32\ntdll.dll
0x00000000779c0000 - 0x0000000077adf000 	C:\Windows\system32\kernel32.dll
0x000007fefdae0000 - 0x000007fefdb4b000 	C:\Windows\system32\KERNELBASE.dll
0x00000000778c0000 - 0x00000000779ba000 	C:\Windows\system32\USER32.dll
0x000007feffd80000 - 0x000007feffde7000 	C:\Windows\system32\GDI32.dll
0x000007fefde80000 - 0x000007fefde8e000 	C:\Windows\system32\LPK.dll
0x000007feffcb0000 - 0x000007feffd79000 	C:\Windows\system32\USP10.dll
0x000007fefe450000 - 0x000007fefe4ef000 	C:\Windows\system32\msvcrt.dll
0x000007fefc500000 - 0x000007fefc6f4000 	C:\Windows\WinSxS\amd64_microsoft.windows.common-controls_6595b64144ccf1df_6.0.7601.17514_none_fa396087175ac9ac\COMCTL32.dll
0x000007fefeb90000 - 0x000007fefec01000 	C:\Windows\system32\SHLWAPI.dll
0x000007feffb50000 - 0x000007feffb7e000 	C:\Windows\system32\IMM32.DLL
0x000007fefea80000 - 0x000007fefeb89000 	C:\Windows\system32\MSCTF.dll
0x0000000072000000 - 0x0000000072012000 	C:\Xilinx\SDK\2015.2\eclipse\win64.o\plugins\org.eclipse.equinox.launcher.win32.win32.x86_64_1.1.200.v20140116-2212\eclipse_1503.dll
0x000007fefe720000 - 0x000007fefe7fb000 	C:\Windows\system32\ADVAPI32.dll
0x000007fefec10000 - 0x000007fefec2f000 	C:\Windows\SYSTEM32\sechost.dll
0x000007feffa20000 - 0x000007feffb4d000 	C:\Windows\system32\RPCRT4.dll
0x000007fefcb90000 - 0x000007fefcb9c000 	C:\Windows\system32\VERSION.dll
0x000007fefc170000 - 0x000007fefc1c6000 	C:\Windows\system32\uxtheme.dll
0x000000006dec0000 - 0x000000006e71a000 	C:\Xilinx\SDK\2015.2\tps\win64\jre\bin\server\jvm.dll
0x000007fef9140000 - 0x000007fef9149000 	C:\Windows\system32\WSOCK32.dll
0x000007feffc60000 - 0x000007feffcad000 	C:\Windows\system32\WS2_32.dll
0x000007fefe190000 - 0x000007fefe198000 	C:\Windows\system32\NSI.dll
0x000007fefb3f0000 - 0x000007fefb42b000 	C:\Windows\system32\WINMM.dll
0x0000000077ca0000 - 0x0000000077ca7000 	C:\Windows\system32\PSAPI.DLL
0x0000000072fd0000 - 0x00000000730a2000 	C:\Windows\system32\MSVCR100.dll
0x00000000727a0000 - 0x00000000727af000 	C:\Xilinx\SDK\2015.2\tps\win64\jre\bin\verify.dll
0x0000000071ad0000 - 0x0000000071af8000 	C:\Xilinx\SDK\2015.2\tps\win64\jre\bin\java.dll
0x0000000072780000 - 0x0000000072796000 	C:\Xilinx\SDK\2015.2\tps\win64\jre\bin\zip.dll
0x000007fefec30000 - 0x000007feff9b8000 	C:\Windows\system32\SHELL32.dll
0x000007fefe4f0000 - 0x000007fefe6f3000 	C:\Windows\system32\ole32.dll
0x000007fefda30000 - 0x000007fefda3f000 	C:\Windows\system32\profapi.dll
0x000007fefd2c0000 - 0x000007fefd2d7000 	C:\Windows\system32\CRYPTSP.dll
0x000007fefcfc0000 - 0x000007fefd007000 	C:\Windows\system32\rsaenh.dll
0x000007fefcd80000 - 0x000007fefcd9e000 	C:\Windows\system32\USERENV.dll
0x000007fefd8c0000 - 0x000007fefd8cf000 	C:\Windows\system32\CRYPTBASE.dll
0x0000000071ab0000 - 0x0000000071aca000 	C:\Xilinx\SDK\2015.2\tps\win64\jre\bin\net.dll
0x000007fefd260000 - 0x000007fefd2b5000 	C:\Windows\system32\mswsock.dll
0x000007fefd250000 - 0x000007fefd257000 	C:\Windows\System32\wship6.dll
0x000007fefb2b0000 - 0x000007fefb2d7000 	C:\Windows\system32\IPHLPAPI.DLL
0x000007fefb2a0000 - 0x000007fefb2ab000 	C:\Windows\system32\WINNSI.DLL
0x000007fefb030000 - 0x000007fefb041000 	C:\Windows\system32\dhcpcsvc6.DLL
0x000007fefb050000 - 0x000007fefb068000 	C:\Windows\system32\dhcpcsvc.DLL
0x0000000071870000 - 0x0000000071881000 	C:\Xilinx\SDK\2015.2\tps\win64\jre\bin\nio.dll
0x000007fefe800000 - 0x000007fefe899000 	C:\Windows\system32\CLBCatQ.DLL
0x000007feffb80000 - 0x000007feffc57000 	C:\Windows\system32\OLEAUT32.dll
0x000007fefb9d0000 - 0x000007fefb9e5000 	C:\Windows\system32\NLAapi.dll
0x000007feed930000 - 0x000007feed945000 	C:\Windows\system32\napinsp.dll
0x000007feed910000 - 0x000007feed929000 	C:\Windows\system32\pnrpnsp.dll
0x000007fefd0e0000 - 0x000007fefd13b000 	C:\Windows\system32\DNSAPI.dll
0x000007feed900000 - 0x000007feed90b000 	C:\Windows\System32\winrnr.dll
0x000007fefcc60000 - 0x000007fefcc67000 	C:\Windows\System32\wshtcpip.dll
0x000007fefaa70000 - 0x000007fefaa78000 	C:\Windows\system32\rasadhlp.dll
0x000007fefb1d0000 - 0x000007fefb223000 	C:\Windows\System32\fwpuclnt.dll
0x0000000015ae0000 - 0x0000000015b88000 	C:\Users\Tung\.Xilinx\SDK\2015.2\org.eclipse.osgi\bundles\287\1\.cp\swt-win32-4335.dll
0x000007fefe0f0000 - 0x000007fefe187000 	C:\Windows\system32\comdlg32.dll
0x000007fefb2f0000 - 0x000007fefb361000 	C:\Windows\system32\WINSPOOL.DRV
0x000007fefe320000 - 0x000007fefe44a000 	C:\Windows\system32\WININET.dll
0x000007fefe1a0000 - 0x000007fefe318000 	C:\Windows\system32\urlmon.dll
0x000007fefdbb0000 - 0x000007fefdd17000 	C:\Windows\system32\CRYPT32.dll
0x000007fefdad0000 - 0x000007fefdadf000 	C:\Windows\system32\MSASN1.dll
0x000007fefde90000 - 0x000007fefe0e9000 	C:\Windows\system32\iertutil.dll
0x000007fefbda0000 - 0x000007fefbdb8000 	C:\Windows\system32\dwmapi.dll
0x000007fefc230000 - 0x000007fefc35c000 	C:\Windows\system32\propsys.dll
0x0000000002460000 - 0x000000000247e000 	C:\Users\Tung\.Xilinx\SDK\2015.2\org.eclipse.osgi\bundles\287\1\.cp\swt-gdip-win32-4335.dll
0x000007fefbf50000 - 0x000007fefc165000 	C:\Windows\WinSxS\amd64_microsoft.windows.gdiplus_6595b64144ccf1df_1.1.7601.17514_none_2b24536c71ed437a\gdiplus.dll
0x000007fefbc30000 - 0x000007fefbd5a000 	C:\Windows\system32\WindowsCodecs.dll
0x0000000180000000 - 0x0000000180012000 	C:\Users\Tung\.Xilinx\SDK\2015.2\org.eclipse.osgi\bundles\113\1\.cp\os\win32\x86_64\localfile_1_0_0.dll
0x000007fef5210000 - 0x000007fef5221000 	C:\Users\Tung\.Xilinx\SDK\2015.2\org.eclipse.osgi\bundles\116\1\.cp\jWinHttp-1.0.0.dll
0x000007fef8220000 - 0x000007fef8291000 	C:\Windows\system32\WINHTTP.dll
0x000007fef81b0000 - 0x000007fef8214000 	C:\Windows\system32\webio.dll
0x000007fefd890000 - 0x000007fefd8b5000 	C:\Windows\system32\SspiCli.dll
0x000007fefce90000 - 0x000007fefce9a000 	C:\Windows\system32\credssp.dll
0x000007fefddc0000 - 0x000007fefddf6000 	C:\Windows\system32\CFGMGR32.dll
0x000007fefaea0000 - 0x000007fefaef4000 	C:\Windows\system32\oleacc.dll
0x000007fefda10000 - 0x000007fefda24000 	C:\Windows\system32\RpcRtRemote.dll
0x000007fefd9b0000 - 0x000007fefda07000 	C:\Windows\system32\apphelp.dll
0x000007feed570000 - 0x000007feed57a000 	C:\Xilinx\SDK\2015.2\lib\win64.o\librdi_jtag_settings.dll
0x000007feea6c0000 - 0x000007feea6e9000 	C:\Xilinx\SDK\2015.2\lib\win64.o\librdi_debug_dialog.dll
0x000007feed1d0000 - 0x000007feed1f2000 	C:\Xilinx\SDK\2015.2\lib\win64.o\libboost_filesystem.dll
0x000007feef860000 - 0x000007feef869000 	C:\Xilinx\SDK\2015.2\lib\win64.o\libboost_system.dll
0x000007feedd70000 - 0x000007feede17000 	C:\Windows\system32\MSVCP110.dll
0x000007feede60000 - 0x000007feedf34000 	C:\Windows\system32\MSVCR110.dll
0x000007fec4a00000 - 0x000007fec5343000 	C:\Xilinx\SDK\2015.2\lib\win64.o\librdi_common.dll
0x000007feeb910000 - 0x000007feebbb8000 	C:\Xilinx\SDK\2015.2\lib\win64.o\libCOIN-all.dll
0x000007feeb6f0000 - 0x000007feeb910000 	C:\Xilinx\SDK\2015.2\lib\win64.o\libXil_lmgr11.dll
0x000007fefb5d0000 - 0x000007fefb5e6000 	C:\Windows\system32\NETAPI32.dll
0x000007fefb5c0000 - 0x000007fefb5cc000 	C:\Windows\system32\netutils.dll
0x000007fefd620000 - 0x000007fefd643000 	C:\Windows\system32\srvcli.dll
0x000007fefb5a0000 - 0x000007fefb5b5000 	C:\Windows\system32\wkscli.dll
0x000007fefdb50000 - 0x000007fefdb8a000 	C:\Windows\system32\WINTRUST.dll
0x000007feef870000 - 0x000007feef880000 	C:\Xilinx\SDK\2015.2\lib\win64.o\libboost_date_time.dll
0x000007feed150000 - 0x000007feed1c4000 	C:\Xilinx\SDK\2015.2\lib\win64.o\libboost_program_options.dll
0x000007feecaf0000 - 0x000007feecbea000 	C:\Xilinx\SDK\2015.2\lib\win64.o\libboost_regex.dll
0x000007feef7c0000 - 0x000007feef7d3000 	C:\Xilinx\SDK\2015.2\lib\win64.o\libboost_signals.dll
0x000007feee130000 - 0x000007feee14d000 	C:\Xilinx\SDK\2015.2\lib\win64.o\libboost_thread.dll
0x000007feef850000 - 0x000007feef85b000 	C:\Xilinx\SDK\2015.2\lib\win64.o\libboost_chrono.dll
0x000007feed0d0000 - 0x000007feed150000 	C:\Xilinx\SDK\2015.2\lib\win64.o\libhdlpsolve.dll
0x000007feeb650000 - 0x000007feeb6ea000 	C:\Xilinx\SDK\2015.2\lib\win64.o\libhdxml.dll
0x000007feeb040000 - 0x000007feeb64a200 	C:\Xilinx\SDK\2015.2\lib\win64.o\libisl_iostreams.dll
0x000007feed0b0000 - 0x000007feed0c6000 	C:\Xilinx\SDK\2015.2\lib\win64.o\libboost_iostreams.dll
0x000007feecca0000 - 0x000007feeccc3000 	C:\Xilinx\SDK\2015.2\lib\win64.o\librdizlib.dll
0x000007feecc70000 - 0x000007feecc93000 	C:\Xilinx\SDK\2015.2\lib\win64.o\libisl_iosutils.dll
0x000007feeb010000 - 0x000007feeb03a000 	C:\Xilinx\SDK\2015.2\lib\win64.o\libisl_sysinfo.dll
0x000007fef5250000 - 0x000007fef5265000 	C:\Xilinx\SDK\2015.2\lib\win64.o\pthreadVC2.dll
0x000007feeafb0000 - 0x000007feeb004000 	C:\Xilinx\SDK\2015.2\lib\win64.o\librdi_commonxillic.dll
0x000007feeae80000 - 0x000007feeafb0000 	C:\Xilinx\SDK\2015.2\lib\win64.o\librdi_curl.dll
0x000007feeae60000 - 0x000007feeae78000 	C:\Xilinx\SDK\2015.2\lib\win64.o\librdiconfig.dll
0x0000000070ee0000 - 0x0000000071007000 	C:\Xilinx\SDK\2015.2\lib\win64.o\tcl85t.dll
0x0000000020a70000 - 0x0000000020cd3000 	C:\Xilinx\SDK\2015.2\lib\win64.o\xerces-c_3_1.dll
0x000007fee5c00000 - 0x000007fee5c23000 	C:\Windows\system32\VCOMP110.DLL
0x000007feeac50000 - 0x000007feeae38000 	C:\Xilinx\SDK\2015.2\lib\win64.o\librdi_hsm.dll
0x000007feea6f0000 - 0x000007feea733000 	C:\Xilinx\SDK\2015.2\lib\win64.o\librdi_hdf.dll
0x000007feea240000 - 0x000007feea3fa000 	C:\Xilinx\SDK\2015.2\lib\win64.o\librdi_ippcw.dll
0x000007feecae0000 - 0x000007feecae8000 	C:\Xilinx\SDK\2015.2\lib\win64.o\librdi_target_manager.dll
0x000007fefb380000 - 0x000007fefb387000 	C:\Windows\system32\msimg32.dll
0x000007feea1e0000 - 0x000007feea1f0000 	C:\Xilinx\SDK\2015.2\lib\win64.o\librdi_repo_manager.dll
0x000007fee8880000 - 0x000007fee889c000 	C:\Xilinx\SDK\2015.2\lib\win64.o\librdi_hw_platform.dll
0x000007fecaf70000 - 0x000007fecb37a000 	C:\Xilinx\SDK\2015.2\lib\win64.o\librdi_commontasks.dll
0x000007fec41f0000 - 0x000007fec4a00000 	C:\Xilinx\SDK\2015.2\lib\win64.o\libXil_lmgr11FNP.dll
0x000007fef8aa0000 - 0x000007fef8aab000 	C:\Windows\system32\snmpapi.dll
0x000007fefe8a0000 - 0x000007fefea77000 	C:\Windows\system32\SETUPAPI.dll
0x000007fefdb90000 - 0x000007fefdbaa000 	C:\Windows\system32\DEVOBJ.dll
0x000007fec5540000 - 0x000007fec58d5000 	C:\Xilinx\SDK\2015.2\lib\win64.o\librdi_hsmtasks.dll
0x000007fef5230000 - 0x000007fef5246000 	C:\Xilinx\SDK\2015.2\eclipse\win64.o\plugins\org.eclipse.cdt.core.win32.x86_64_5.2.0.201402142303\os\win32\x86_64\spawner.dll
0x000007feee1b0000 - 0x000007feee1cb000 	C:\Xilinx\SDK\2015.2\lib\win64.o\librdi_sw_platform.dll
0x000007feee1e0000 - 0x000007feee1ef000 	C:\Xilinx\SDK\2015.2\lib\win64.o\librdi_swdb.dll
0x00000000744b0000 - 0x00000000744b3000 	C:\Windows\system32\icmp.Dll

VM Arguments:
jvm_args: -Dcom.xilinx.sdk.args.hwspec=C:/Users/Tung/Desktop/AXIS_Convolution_v1/axi_conv_fp_3x3/axi_conv_fp_3x3.sdk/design_1_wrapper.hdf -Xms64m -Xmx512m & 
java_command: <unknown>
java_class_path (initial): C:\Xilinx\SDK\2015.2\eclipse\win64.o\\plugins/org.eclipse.equinox.launcher_1.3.0.v20130327-1440.jar
Launcher Type: generic

Environment Variables:
USERNAME=Tung
OS=Windows_NT
PROCESSOR_IDENTIFIER=Intel64 Family 6 Model 60 Stepping 3, GenuineIntel



---------------  S Y S T E M  ---------------

OS: Windows 7 , 64 bit Build 7601 Service Pack 1

CPU:total 4 (4 cores per cpu, 1 threads per core) family 6 model 60 stepping 3, cmov, cx8, fxsr, mmx, sse, sse2, sse3, ssse3, sse4.1, sse4.2, popcnt, avx, avx2, aes, clmul, erms, lzcnt, tsc, tscinvbit, bmi1, bmi2

Memory: 4k page, physical 4110972k(1319008k free), swap 8220100k(4233220k free)

vm_info: Java HotSpot(TM) 64-Bit Server VM (25.25-b02) for windows-amd64 JRE (1.8.0_25-b18), built on Oct  7 2014 14:25:37 by "java_re" with MS VC++ 10.0 (VS2010)

time: Sat Jul 28 12:53:06 2018
elapsed time: 1303 seconds (0d 0h 21m 43s)

