#
# A fatal error has been detected by the Java Runtime Environment:
#
#  Internal Error (0xc000000d), pid=3620, tid=5040
#
# JRE version: Java(TM) SE Runtime Environment (8.0_25-b18) (build 1.8.0_25-b18)
# Java VM: Java HotSpot(TM) 64-Bit Server VM (25.25-b02 mixed mode windows-amd64 compressed oops)
# Problematic frame:
# C  [ntdll.dll+0x7a291]
#
# Failed to write core dump. Minidumps are not enabled by default on client versions of Windows
#
# If you would like to submit a bug report, please visit:
#   http://bugreport.sun.com/bugreport/crash.jsp
#

---------------  T H R E A D  ---------------

Current thread (0x0000000013b56000):  VMThread [stack: 0x0000000014bc0000,0x0000000014cc0000] [id=5040]

siginfo: ExceptionCode=0xc000000d

Registers:
RAX=0x0000000063ec0820, RBX=0x0000000000000000, RCX=0x0000000014cbef10, RDX=0x0000000000000000
RSP=0x0000000014cbf520, RBP=0x000000001640a180, RSI=0x000007feede67408, RDI=0x0000000014cbf668
R8 =0x0000000000000000, R9 =0x0000000000000000, R10=0x0000000000000000, R11=0x0000000000000246
R12=0x000000000039c770, R13=0x000000000039ba40, R14=0x000000001640a288, R15=0x0000000000000000
RIP=0x0000000077b5a291, EFLAGS=0x0000000000000202

Top of Stack: (sp=0x0000000014cbf520)
0x0000000014cbf520:   0000000000000000 000007feede67408
0x0000000014cbf530:   0000000014cbf668 0000000013001300
0x0000000014cbf540:   000000000000002f 0000000020000020
0x0000000014cbf550:   0000000000000000 0000000000000000
0x0000000014cbf560:   0000000000000002 0000000020000020
0x0000000014cbf570:   00000000c000000d 0000000000000000
0x0000000014cbf580:   0000000077b5a291 0000000000000000
0x0000000014cbf590:   0000000000000000 0000000000000000
0x0000000014cbf5a0:   0000000000000000 0000000000000000
0x0000000014cbf5b0:   0000000000000000 0000000000000000
0x0000000014cbf5c0:   0000000000000000 0000000000000000
0x0000000014cbf5d0:   0000000000000000 0000000000000000
0x0000000014cbf5e0:   0000000000000000 0000000000000000
0x0000000014cbf5f0:   0000000000000000 0000000000000000
0x0000000014cbf600:   0000000000000000 0000000022ec0c80
0x0000000014cbf610:   0000000000000b00 0000000077a02fe8 

Instructions: (pc=0x0000000077b5a291)
0x0000000077b5a271:   5b 8c fd ff b9 57 00 00 00 c7 44 24 50 0d 00 00
0x0000000077b5a281:   c0 e8 49 8f fd ff 48 8d 4c 24 50 e8 cf f2 f9 ff
0x0000000077b5a291:   4c 8b 1d 40 81 0b 00 4d 85 db 74 5b 65 48 8b 04
0x0000000077b5a2a1:   25 30 00 00 00 f6 80 ee 17 00 00 08 74 12 65 48 


Register to memory mapping:

RAX=0x0000000063ec0820 is an unknown value
RBX=0x0000000000000000 is an unknown value
RCX=0x0000000014cbef10 is an unknown value
RDX=0x0000000000000000 is an unknown value
RSP=0x0000000014cbf520 is an unknown value
RBP=0x000000001640a180 is an unknown value
RSI=0x000007feede67408 is an unknown value
RDI=0x0000000014cbf668 is an unknown value
R8 =0x0000000000000000 is an unknown value
R9 =0x0000000000000000 is an unknown value
R10=0x0000000000000000 is an unknown value
R11=0x0000000000000246 is an unknown value
R12=0x000000000039c770 is an unknown value
R13=0x000000000039ba40 is an unknown value
R14=0x000000001640a288 is an unknown value
R15=0x0000000000000000 is an unknown value


Stack: [0x0000000014bc0000,0x0000000014cc0000],  sp=0x0000000014cbf520,  free space=1021k
Native frames: (J=compiled Java code, j=interpreted, Vv=VM code, C=native code)
C  [ntdll.dll+0x7a291]
C  [kernel32.dll+0x42fe8]
C  [MSVCR110.dll+0x752d]
C  [MSVCR110.dll+0x14cde]
C  [MSVCR110.dll+0x13edc]
C  [MSVCR110.dll+0x239e]
C  [MSVCR110.dll+0xaf9e]
C  [MSVCP110.dll+0x397b9]
C  [librdi_common.dll+0x135d02]
C  [librdi_common.dll+0x13447b]
C  [librdi_commontasks.dll+0x1cc33c]
C  [librdi_commontasks.dll+0x1cc5be]
C  [ntdll.dll+0x24371]
C  [ntdll.dll+0x24180]
C  [MSVCR100.dll+0x20ccd]
V  [jvm.dll+0x1f9c55]
V  [jvm.dll+0x2325e7]
V  [jvm.dll+0x231826]
V  [jvm.dll+0x231cc1]
V  [jvm.dll+0x231ede]
V  [jvm.dll+0x2852fa]
C  [MSVCR100.dll+0x21d9f]
C  [MSVCR100.dll+0x21e3b]
C  [kernel32.dll+0x1652d]
C  [ntdll.dll+0x2c521]

VM_Operation (0x000000000012f500): Exit, mode: safepoint, requested by thread 0x00000000025d8000


---------------  P R O C E S S  ---------------

Java Threads: ( => current thread )
  0x000000001d6ad000 JavaThread "Thread-14" daemon [_thread_blocked, id=5052, stack(0x0000000021220000,0x0000000021320000)]
  0x000000001d7c0000 JavaThread "TCF Locator DNS Lookup" daemon [_thread_blocked, id=4556, stack(0x00000000188e0000,0x00000000189e0000)]
  0x000000001d7bf800 JavaThread "TCF Locator Timer" daemon [_thread_blocked, id=792, stack(0x00000000187e0000,0x00000000188e0000)]
  0x0000000016eba800 JavaThread "TCF Locator Receiver" daemon [_thread_in_native, id=2888, stack(0x00000000186c0000,0x00000000187c0000)]
  0x0000000016eb9000 JavaThread "TCF Timer Dispatcher" daemon [_thread_blocked, id=3288, stack(0x00000000184a0000,0x00000000185a0000)]
  0x0000000019903000 JavaThread "EMF Reference Cleaner" daemon [_thread_blocked, id=4608, stack(0x0000000019d20000,0x0000000019e20000)]
  0x000000001522c000 JavaThread "Service Thread" daemon [_thread_blocked, id=3860, stack(0x00000000157c0000,0x00000000158c0000)]
  0x00000000151c5000 JavaThread "C1 CompilerThread2" daemon [_thread_blocked, id=3156, stack(0x00000000156c0000,0x00000000157c0000)]
  0x0000000013bcf800 JavaThread "C2 CompilerThread1" daemon [_thread_blocked, id=4460, stack(0x00000000155c0000,0x00000000156c0000)]
  0x0000000013bca000 JavaThread "C2 CompilerThread0" daemon [_thread_blocked, id=4520, stack(0x00000000150c0000,0x00000000151c0000)]
  0x0000000013bc7000 JavaThread "Attach Listener" daemon [_thread_blocked, id=916, stack(0x0000000014fc0000,0x00000000150c0000)]
  0x0000000013bc5800 JavaThread "Signal Dispatcher" daemon [_thread_blocked, id=3508, stack(0x0000000014ec0000,0x0000000014fc0000)]
  0x0000000013b63000 JavaThread "Finalizer" daemon [_thread_blocked, id=1724, stack(0x0000000014dc0000,0x0000000014ec0000)]
  0x0000000013b5a000 JavaThread "Reference Handler" daemon [_thread_blocked, id=4588, stack(0x0000000014cc0000,0x0000000014dc0000)]
  0x00000000025d8000 JavaThread "main" [_thread_blocked, id=4436, stack(0x0000000000030000,0x0000000000130000)]

Other Threads:
=>0x0000000013b56000 VMThread [stack: 0x0000000014bc0000,0x0000000014cc0000] [id=5040]

VM state:at safepoint (shutting down)

VM Mutex/Monitor currently owned by a thread:  ([mutex/lock_event])
[0x000000000274dfb0] Threads_lock - owner thread: 0x0000000013b56000

Heap:
 PSYoungGen      total 112640K, used 65831K [0x00000000f5580000, 0x00000000fd600000, 0x0000000100000000)
  eden space 93696K, 69% used [0x00000000f5580000,0x00000000f9559e60,0x00000000fb100000)
  from space 18944K, 2% used [0x00000000fc380000,0x00000000fc3f0000,0x00000000fd600000)
  to   space 18944K, 0% used [0x00000000fb100000,0x00000000fb100000,0x00000000fc380000)
 ParOldGen       total 94208K, used 43250K [0x00000000e0000000, 0x00000000e5c00000, 0x00000000f5580000)
  object space 94208K, 45% used [0x00000000e0000000,0x00000000e2a3c930,0x00000000e5c00000)
 Metaspace       used 77075K, capacity 82732K, committed 82944K, reserved 1122304K
  class space    used 9167K, capacity 10909K, committed 11008K, reserved 1048576K

Card table byte_map: [0x0000000011b10000,0x0000000011c20000] byte_map_base: 0x0000000011410000

Marking Bits: (ParMarkBitMap*) 0x000000007146d490
 Begin Bits: [0x00000000120d0000, 0x00000000128d0000)
 End Bits:   [0x00000000128d0000, 0x00000000130d0000)

Polling page: 0x0000000000230000

CodeCache: size=245760Kb used=39853Kb max_used=39862Kb free=205906Kb
 bounds [0x0000000002750000, 0x0000000004e90000, 0x0000000011750000]
 total_blobs=11525 nmethods=10680 adapters=752
 compilation: enabled

Compilation events (10 events):
Event: 407.203 Thread 0x00000000151c5000 13241       3       org.osgi.util.tracker.ServiceTracker$Tracked::customizerRemoved (17 bytes)
Event: 407.203 Thread 0x00000000151c5000 nmethod 13241 0x0000000002911190 code [0x0000000002911320, 0x0000000002911808]
Event: 407.205 Thread 0x00000000151c5000 13243       1       org.eclipse.osgi.internal.loader.BundleLoaderProxy::getBasicBundleLoader (5 bytes)
Event: 407.205 Thread 0x00000000151c5000 nmethod 13243 0x0000000002917010 code [0x0000000002917160, 0x0000000002917270]
Event: 407.206 Thread 0x00000000151c5000 13245       1       org.eclipse.osgi.internal.loader.BundleLoaderProxy::getBundleData (5 bytes)
Event: 407.206 Thread 0x00000000151c5000 nmethod 13245 0x0000000003112290 code [0x00000000031123e0, 0x00000000031124f0]
Event: 407.289 Thread 0x00000000151c5000 13247   !   3       org.eclipse.osgi.internal.baseadaptor.BaseStorage::compact (215 bytes)
Event: 407.290 Thread 0x00000000151c5000 nmethod 13247 0x0000000004e7cd90 code [0x0000000004e7d1c0, 0x0000000004e7f628]
Event: 407.295 Thread 0x00000000151c5000 13248       3       org.eclipse.osgi.framework.internal.core.AbstractBundle::close (52 bytes)
Event: 407.296 Thread 0x00000000151c5000 nmethod 13248 0x0000000003fad550 code [0x0000000003fad780, 0x0000000003fae468]

GC Heap History (10 events):
Event: 293.847 GC heap before
{Heap before GC invocations=28 (full 7):
 PSYoungGen      total 93184K, used 2014K [0x00000000f5580000, 0x00000000fd880000, 0x0000000100000000)
  eden space 91136K, 0% used [0x00000000f5580000,0x00000000f5580000,0x00000000fae80000)
  from space 2048K, 98% used [0x00000000fae80000,0x00000000fb0779f0,0x00000000fb080000)
  to   space 21504K, 0% used [0x00000000fc380000,0x00000000fc380000,0x00000000fd880000)
 ParOldGen       total 94208K, used 42356K [0x00000000e0000000, 0x00000000e5c00000, 0x00000000f5580000)
  object space 94208K, 44% used [0x00000000e0000000,0x00000000e295d090,0x00000000e5c00000)
 Metaspace       used 74992K, capacity 80518K, committed 80640K, reserved 1120256K
  class space    used 8993K, capacity 10683K, committed 10752K, reserved 1048576K
Event: 294.039 GC heap after
Heap after GC invocations=28 (full 7):
 PSYoungGen      total 93184K, used 0K [0x00000000f5580000, 0x00000000fd880000, 0x0000000100000000)
  eden space 91136K, 0% used [0x00000000f5580000,0x00000000f5580000,0x00000000fae80000)
  from space 2048K, 0% used [0x00000000fae80000,0x00000000fae80000,0x00000000fb080000)
  to   space 21504K, 0% used [0x00000000fc380000,0x00000000fc380000,0x00000000fd880000)
 ParOldGen       total 94208K, used 42865K [0x00000000e0000000, 0x00000000e5c00000, 0x00000000f5580000)
  object space 94208K, 45% used [0x00000000e0000000,0x00000000e29dc4c0,0x00000000e5c00000)
 Metaspace       used 74992K, capacity 80518K, committed 80640K, reserved 1120256K
  class space    used 8993K, capacity 10683K, committed 10752K, reserved 1048576K
}
Event: 329.605 GC heap before
{Heap before GC invocations=29 (full 7):
 PSYoungGen      total 93184K, used 91136K [0x00000000f5580000, 0x00000000fd880000, 0x0000000100000000)
  eden space 91136K, 100% used [0x00000000f5580000,0x00000000fae80000,0x00000000fae80000)
  from space 2048K, 0% used [0x00000000fae80000,0x00000000fae80000,0x00000000fb080000)
  to   space 21504K, 0% used [0x00000000fc380000,0x00000000fc380000,0x00000000fd880000)
 ParOldGen       total 94208K, used 42865K [0x00000000e0000000, 0x00000000e5c00000, 0x00000000f5580000)
  object space 94208K, 45% used [0x00000000e0000000,0x00000000e29dc4c0,0x00000000e5c00000)
 Metaspace       used 75544K, capacity 81030K, committed 81152K, reserved 1120256K
  class space    used 9034K, capacity 10747K, committed 10752K, reserved 1048576K
Event: 329.608 GC heap after
Heap after GC invocations=29 (full 7):
 PSYoungGen      total 113152K, used 2176K [0x00000000f5580000, 0x00000000fd800000, 0x0000000100000000)
  eden space 92160K, 0% used [0x00000000f5580000,0x00000000f5580000,0x00000000faf80000)
  from space 20992K, 10% used [0x00000000fc380000,0x00000000fc5a0078,0x00000000fd800000)
  to   space 20480K, 0% used [0x00000000faf80000,0x00000000faf80000,0x00000000fc380000)
 ParOldGen       total 94208K, used 42937K [0x00000000e0000000, 0x00000000e5c00000, 0x00000000f5580000)
  object space 94208K, 45% used [0x00000000e0000000,0x00000000e29ee4d0,0x00000000e5c00000)
 Metaspace       used 75544K, capacity 81030K, committed 81152K, reserved 1120256K
  class space    used 9034K, capacity 10747K, committed 10752K, reserved 1048576K
}
Event: 354.574 GC heap before
{Heap before GC invocations=30 (full 7):
 PSYoungGen      total 113152K, used 91151K [0x00000000f5580000, 0x00000000fd800000, 0x0000000100000000)
  eden space 92160K, 96% used [0x00000000f5580000,0x00000000fac63c98,0x00000000faf80000)
  from space 20992K, 10% used [0x00000000fc380000,0x00000000fc5a0078,0x00000000fd800000)
  to   space 20480K, 0% used [0x00000000faf80000,0x00000000faf80000,0x00000000fc380000)
 ParOldGen       total 94208K, used 42937K [0x00000000e0000000, 0x00000000e5c00000, 0x00000000f5580000)
  object space 94208K, 45% used [0x00000000e0000000,0x00000000e29ee4d0,0x00000000e5c00000)
 Metaspace       used 75785K, capacity 81254K, committed 81536K, reserved 1120256K
  class space    used 9040K, capacity 10779K, committed 10880K, reserved 1048576K
Event: 354.577 GC heap after
Heap after GC invocations=30 (full 7):
 PSYoungGen      total 112640K, used 2208K [0x00000000f5580000, 0x00000000fd700000, 0x0000000100000000)
  eden space 92160K, 0% used [0x00000000f5580000,0x00000000f5580000,0x00000000faf80000)
  from space 20480K, 10% used [0x00000000faf80000,0x00000000fb1a8058,0x00000000fc380000)
  to   space 19968K, 0% used [0x00000000fc380000,0x00000000fc380000,0x00000000fd700000)
 ParOldGen       total 94208K, used 42945K [0x00000000e0000000, 0x00000000e5c00000, 0x00000000f5580000)
  object space 94208K, 45% used [0x00000000e0000000,0x00000000e29f04d0,0x00000000e5c00000)
 Metaspace       used 75785K, capacity 81254K, committed 81536K, reserved 1120256K
  class space    used 9040K, capacity 10779K, committed 10880K, reserved 1048576K
}
Event: 354.577 GC heap before
{Heap before GC invocations=31 (full 8):
 PSYoungGen      total 112640K, used 2208K [0x00000000f5580000, 0x00000000fd700000, 0x0000000100000000)
  eden space 92160K, 0% used [0x00000000f5580000,0x00000000f5580000,0x00000000faf80000)
  from space 20480K, 10% used [0x00000000faf80000,0x00000000fb1a8058,0x00000000fc380000)
  to   space 19968K, 0% used [0x00000000fc380000,0x00000000fc380000,0x00000000fd700000)
 ParOldGen       total 94208K, used 42945K [0x00000000e0000000, 0x00000000e5c00000, 0x00000000f5580000)
  object space 94208K, 45% used [0x00000000e0000000,0x00000000e29f04d0,0x00000000e5c00000)
 Metaspace       used 75785K, capacity 81254K, committed 81536K, reserved 1120256K
  class space    used 9040K, capacity 10779K, committed 10880K, reserved 1048576K
Event: 354.784 GC heap after
Heap after GC invocations=31 (full 8):
 PSYoungGen      total 112640K, used 0K [0x00000000f5580000, 0x00000000fd700000, 0x0000000100000000)
  eden space 92160K, 0% used [0x00000000f5580000,0x00000000f5580000,0x00000000faf80000)
  from space 20480K, 0% used [0x00000000faf80000,0x00000000faf80000,0x00000000fc380000)
  to   space 19968K, 0% used [0x00000000fc380000,0x00000000fc380000,0x00000000fd700000)
 ParOldGen       total 94208K, used 43242K [0x00000000e0000000, 0x00000000e5c00000, 0x00000000f5580000)
  object space 94208K, 45% used [0x00000000e0000000,0x00000000e2a3a930,0x00000000e5c00000)
 Metaspace       used 75785K, capacity 81254K, committed 81536K, reserved 1120256K
  class space    used 9040K, capacity 10779K, committed 10880K, reserved 1048576K
}
Event: 394.495 GC heap before
{Heap before GC invocations=32 (full 8):
 PSYoungGen      total 112640K, used 92160K [0x00000000f5580000, 0x00000000fd700000, 0x0000000100000000)
  eden space 92160K, 100% used [0x00000000f5580000,0x00000000faf80000,0x00000000faf80000)
  from space 20480K, 0% used [0x00000000faf80000,0x00000000faf80000,0x00000000fc380000)
  to   space 19968K, 0% used [0x00000000fc380000,0x00000000fc380000,0x00000000fd700000)
 ParOldGen       total 94208K, used 43242K [0x00000000e0000000, 0x00000000e5c00000, 0x00000000f5580000)
  object space 94208K, 45% used [0x00000000e0000000,0x00000000e2a3a930,0x00000000e5c00000)
 Metaspace       used 75955K, capacity 81382K, committed 81536K, reserved 1120256K
  class space    used 9042K, capacity 10779K, committed 10880K, reserved 1048576K
Event: 394.498 GC heap after
Heap after GC invocations=32 (full 8):
 PSYoungGen      total 112640K, used 448K [0x00000000f5580000, 0x00000000fd600000, 0x0000000100000000)
  eden space 93696K, 0% used [0x00000000f5580000,0x00000000f5580000,0x00000000fb100000)
  from space 18944K, 2% used [0x00000000fc380000,0x00000000fc3f0000,0x00000000fd600000)
  to   space 18944K, 0% used [0x00000000fb100000,0x00000000fb100000,0x00000000fc380000)
 ParOldGen       total 94208K, used 43250K [0x00000000e0000000, 0x00000000e5c00000, 0x00000000f5580000)
  object space 94208K, 45% used [0x00000000e0000000,0x00000000e2a3c930,0x00000000e5c00000)
 Metaspace       used 75955K, capacity 81382K, committed 81536K, reserved 1120256K
  class space    used 9042K, capacity 10779K, committed 10880K, reserved 1048576K
}

Deoptimization events (10 events):
Event: 406.892 Thread 0x000000001b050000 Uncommon trap: reason=unreached action=reinterpret pc=0x000000000370b990 method=org.eclipse.swt.widgets.Display.getDefault()Lorg/eclipse/swt/widgets/Display; @ 39
Event: 407.144 Thread 0x00000000025d8000 Uncommon trap: reason=null_check action=make_not_entrant pc=0x00000000033ef2e4 method=org.eclipse.core.runtime.internal.adaptor.EclipseLazyStarter.shouldActivateFor(Ljava/lang/String;Lorg/eclipse/osgi/baseadaptor/BaseData;Lorg/eclipse/core/runtime/internal
Event: 407.145 Thread 0x00000000025d8000 Uncommon trap: reason=class_check action=maybe_recompile pc=0x0000000003ad4f98 method=org.eclipse.swt.widgets.Display.asyncExec(Ljava/lang/Runnable;)V @ 54
Event: 407.145 Thread 0x00000000025d8000 Uncommon trap: reason=class_check action=maybe_recompile pc=0x0000000003ad4f98 method=org.eclipse.swt.widgets.Display.asyncExec(Ljava/lang/Runnable;)V @ 54
Event: 407.175 Thread 0x00000000025d8000 Uncommon trap: reason=bimorphic action=maybe_recompile pc=0x0000000004b1559c method=org.eclipse.core.internal.dtree.AbstractDataTreeNode.assembleWith([Lorg/eclipse/core/internal/dtree/AbstractDataTreeNode;[Lorg/eclipse/core/internal/dtree/AbstractDataTreeNó»ú0Ëry@
Event: 407.175 Thread 0x00000000025d8000 Uncommon trap: reason=bimorphic action=maybe_recompile pc=0x0000000004b1559c method=org.eclipse.core.internal.dtree.AbstractDataTreeNode.assembleWith([Lorg/eclipse/core/internal/dtree/AbstractDataTreeNode;[Lorg/eclipse/core/internal/dtree/AbstractDataTreeN¹6­>Ëry@
Event: 407.175 Thread 0x00000000025d8000 Uncommon trap: reason=bimorphic action=maybe_recompile pc=0x0000000004b1559c method=org.eclipse.core.internal.dtree.AbstractDataTreeNode.assembleWith([Lorg/eclipse/core/internal/dtree/AbstractDataTreeNode;[Lorg/eclipse/core/internal/dtree/AbstractDataTreeNˆÄjJËry@
Event: 407.175 Thread 0x00000000025d8000 Uncommon trap: reason=bimorphic action=maybe_recompile pc=0x0000000004b1559c method=org.eclipse.core.internal.dtree.AbstractDataTreeNode.assembleWith([Lorg/eclipse/core/internal/dtree/AbstractDataTreeNode;[Lorg/eclipse/core/internal/dtree/AbstractDataTreeNõ­¾úsy@
Event: 407.194 Thread 0x000000001b050000 Uncommon trap: reason=unreached action=reinterpret pc=0x000000000360dec4 method=org.eclipse.core.internal.jobs.JobManager.nextJob()Lorg/eclipse/core/runtime/jobs/Job; @ 80
Event: 407.194 Thread 0x0000000016eb6000 Uncommon trap: reason=unreached action=reinterpret pc=0x000000000360dec4 method=org.eclipse.core.internal.jobs.JobManager.nextJob()Lorg/eclipse/core/runtime/jobs/Job; @ 80

Internal exceptions (10 events):
Event: 406.376 Thread 0x00000000025d8000 Implicit null exception at 0x000000000313db89 to 0x000000000313dedd
Event: 406.469 Thread 0x000000001d7c1800 Implicit null exception at 0x0000000004b37d19 to 0x0000000004b385e5
Event: 406.607 Thread 0x000000001d6ab800 Exception <a 'java/lang/InterruptedException'> (0x00000000f8fb9b70) thrown at [D:\re\workspace\8-2-build-windows-amd64-cygwin\jdk8u25\1677\hotspot\src\share\vm\runtime\objectMonitor.cpp, line 1682]
Event: 406.611 Thread 0x00000000025d8000 Implicit null exception at 0x000000000410958b to 0x0000000004109825
Event: 406.611 Thread 0x00000000025d8000 Implicit null exception at 0x0000000002c7d740 to 0x0000000002c7e4b5
Event: 407.144 Thread 0x00000000025d8000 Implicit null exception at 0x00000000033ee3fb to 0x00000000033ef2d5
Event: 407.202 Thread 0x0000000016016000 Exception <a 'java/lang/InterruptedException': sleep interrupted> (0x00000000f9337268) thrown at [D:\re\workspace\8-2-build-windows-amd64-cygwin\jdk8u25\1677\hotspot\src\share\vm\prims\jvm.cpp, line 3141]
Event: 407.203 Thread 0x0000000015aa1000 Exception <a 'java/lang/InterruptedException'> (0x00000000f94215e8) thrown at [D:\re\workspace\8-2-build-windows-amd64-cygwin\jdk8u25\1677\hotspot\src\share\vm\runtime\objectMonitor.cpp, line 1682]
Event: 407.203 Thread 0x0000000016eb4000 Exception <a 'java/lang/InterruptedException'> (0x00000000f926b188) thrown at [D:\re\workspace\8-2-build-windows-amd64-cygwin\jdk8u25\1677\hotspot\src\share\vm\runtime\objectMonitor.cpp, line 1682]
Event: 407.295 Thread 0x00000000160e4800 Exception <a 'java/lang/InterruptedException'> (0x00000000f9333e88) thrown at [D:\re\workspace\8-2-build-windows-amd64-cygwin\jdk8u25\1677\hotspot\src\share\vm\runtime\objectMonitor.cpp, line 1682]

Events (10 events):
Event: 407.206 Thread 0x00000000151c5000 flushing nmethod 0x0000000003fad1d0
Event: 407.295 Thread 0x00000000160e4800 Thread exited: 0x00000000160e4800
Event: 407.295 Thread 0x00000000155a5800 Thread exited: 0x00000000155a5800
Event: 407.296 loading class java/util/IdentityHashMap$KeyIterator
Event: 407.296 loading class java/util/IdentityHashMap$IdentityHashMapIterator
Event: 407.296 loading class java/util/IdentityHashMap$IdentityHashMapIterator done
Event: 407.296 loading class java/util/IdentityHashMap$KeyIterator done
Event: 407.296 Thread 0x0000000016eb4000 Thread added: 0x0000000016eb4000
Event: 407.296 Thread 0x0000000016eb4000 Thread exited: 0x0000000016eb4000
Event: 407.296 Executing VM operation: Exit


Dynamic libraries:
0x0000000000400000 - 0x000000000044f000 	C:\Xilinx\SDK\2015.2\eclipse\win64.o\eclipse.exe
0x0000000077ae0000 - 0x0000000077c89000 	C:\Windows\SYSTEM32\ntdll.dll
0x00000000779c0000 - 0x0000000077adf000 	C:\Windows\system32\kernel32.dll
0x000007fefdae0000 - 0x000007fefdb4b000 	C:\Windows\system32\KERNELBASE.dll
0x00000000778c0000 - 0x00000000779ba000 	C:\Windows\system32\USER32.dll
0x000007feffd80000 - 0x000007feffde7000 	C:\Windows\system32\GDI32.dll
0x000007fefde80000 - 0x000007fefde8e000 	C:\Windows\system32\LPK.dll
0x000007feffcb0000 - 0x000007feffd79000 	C:\Windows\system32\USP10.dll
0x000007fefe450000 - 0x000007fefe4ef000 	C:\Windows\system32\msvcrt.dll
0x000007fefc500000 - 0x000007fefc6f4000 	C:\Windows\WinSxS\amd64_microsoft.windows.common-controls_6595b64144ccf1df_6.0.7601.17514_none_fa396087175ac9ac\COMCTL32.dll
0x000007fefeb90000 - 0x000007fefec01000 	C:\Windows\system32\SHLWAPI.dll
0x000007feffb50000 - 0x000007feffb7e000 	C:\Windows\system32\IMM32.DLL
0x000007fefea80000 - 0x000007fefeb89000 	C:\Windows\system32\MSCTF.dll
0x0000000072000000 - 0x0000000072012000 	C:\Xilinx\SDK\2015.2\eclipse\win64.o\plugins\org.eclipse.equinox.launcher.win32.win32.x86_64_1.1.200.v20140116-2212\eclipse_1503.dll
0x000007fefe720000 - 0x000007fefe7fb000 	C:\Windows\system32\ADVAPI32.dll
0x000007fefec10000 - 0x000007fefec2f000 	C:\Windows\SYSTEM32\sechost.dll
0x000007feffa20000 - 0x000007feffb4d000 	C:\Windows\system32\RPCRT4.dll
0x000007fefcb90000 - 0x000007fefcb9c000 	C:\Windows\system32\VERSION.dll
0x000007fefc170000 - 0x000007fefc1c6000 	C:\Windows\system32\uxtheme.dll
0x0000000070c90000 - 0x00000000714ea000 	C:\Xilinx\SDK\2015.2\tps\win64\jre\bin\server\jvm.dll
0x000007fef9140000 - 0x000007fef9149000 	C:\Windows\system32\WSOCK32.dll
0x000007feffc60000 - 0x000007feffcad000 	C:\Windows\system32\WS2_32.dll
0x000007fefe190000 - 0x000007fefe198000 	C:\Windows\system32\NSI.dll
0x000007fefb3f0000 - 0x000007fefb42b000 	C:\Windows\system32\WINMM.dll
0x0000000077ca0000 - 0x0000000077ca7000 	C:\Windows\system32\PSAPI.DLL
0x0000000072fd0000 - 0x00000000730a2000 	C:\Windows\system32\MSVCR100.dll
0x0000000075380000 - 0x000000007538f000 	C:\Xilinx\SDK\2015.2\tps\win64\jre\bin\verify.dll
0x0000000072790000 - 0x00000000727b8000 	C:\Xilinx\SDK\2015.2\tps\win64\jre\bin\java.dll
0x0000000071ae0000 - 0x0000000071af6000 	C:\Xilinx\SDK\2015.2\tps\win64\jre\bin\zip.dll
0x000007fefec30000 - 0x000007feff9b8000 	C:\Windows\system32\SHELL32.dll
0x000007fefe4f0000 - 0x000007fefe6f3000 	C:\Windows\system32\ole32.dll
0x000007fefda30000 - 0x000007fefda3f000 	C:\Windows\system32\profapi.dll
0x000007fefd2c0000 - 0x000007fefd2d7000 	C:\Windows\system32\CRYPTSP.dll
0x000007fefcfc0000 - 0x000007fefd007000 	C:\Windows\system32\rsaenh.dll
0x000007fefcd80000 - 0x000007fefcd9e000 	C:\Windows\system32\USERENV.dll
0x000007fefd8c0000 - 0x000007fefd8cf000 	C:\Windows\system32\CRYPTBASE.dll
0x0000000071ac0000 - 0x0000000071ada000 	C:\Xilinx\SDK\2015.2\tps\win64\jre\bin\net.dll
0x000007fefd260000 - 0x000007fefd2b5000 	C:\Windows\system32\mswsock.dll
0x000007fefd250000 - 0x000007fefd257000 	C:\Windows\System32\wship6.dll
0x000007fefb2b0000 - 0x000007fefb2d7000 	C:\Windows\system32\IPHLPAPI.DLL
0x000007fefb2a0000 - 0x000007fefb2ab000 	C:\Windows\system32\WINNSI.DLL
0x000007fefb030000 - 0x000007fefb041000 	C:\Windows\system32\dhcpcsvc6.DLL
0x000007fefb050000 - 0x000007fefb068000 	C:\Windows\system32\dhcpcsvc.DLL
0x0000000071aa0000 - 0x0000000071ab1000 	C:\Xilinx\SDK\2015.2\tps\win64\jre\bin\nio.dll
0x000007fefe800000 - 0x000007fefe899000 	C:\Windows\system32\CLBCatQ.DLL
0x000007feffb80000 - 0x000007feffc57000 	C:\Windows\system32\OLEAUT32.dll
0x000007fefb9d0000 - 0x000007fefb9e5000 	C:\Windows\system32\NLAapi.dll
0x000007feed930000 - 0x000007feed945000 	C:\Windows\system32\napinsp.dll
0x000007feed910000 - 0x000007feed929000 	C:\Windows\system32\pnrpnsp.dll
0x000007fefd0e0000 - 0x000007fefd13b000 	C:\Windows\system32\DNSAPI.dll
0x000007feed900000 - 0x000007feed90b000 	C:\Windows\System32\winrnr.dll
0x000007fefcc60000 - 0x000007fefcc67000 	C:\Windows\System32\wshtcpip.dll
0x000007fefaa70000 - 0x000007fefaa78000 	C:\Windows\system32\rasadhlp.dll
0x000007fefb1d0000 - 0x000007fefb223000 	C:\Windows\System32\fwpuclnt.dll
0x00000000167b0000 - 0x0000000016858000 	C:\Users\Tung\.Xilinx\SDK\2015.2\org.eclipse.osgi\bundles\287\1\.cp\swt-win32-4335.dll
0x000007fefe0f0000 - 0x000007fefe187000 	C:\Windows\system32\comdlg32.dll
0x000007fefb2f0000 - 0x000007fefb361000 	C:\Windows\system32\WINSPOOL.DRV
0x000007fefe320000 - 0x000007fefe44a000 	C:\Windows\system32\WININET.dll
0x000007fefe1a0000 - 0x000007fefe318000 	C:\Windows\system32\urlmon.dll
0x000007fefdbb0000 - 0x000007fefdd17000 	C:\Windows\system32\CRYPT32.dll
0x000007fefdad0000 - 0x000007fefdadf000 	C:\Windows\system32\MSASN1.dll
0x000007fefde90000 - 0x000007fefe0e9000 	C:\Windows\system32\iertutil.dll
0x000007fefbda0000 - 0x000007fefbdb8000 	C:\Windows\system32\dwmapi.dll
0x000007fefc230000 - 0x000007fefc35c000 	C:\Windows\system32\propsys.dll
0x00000000003c0000 - 0x00000000003de000 	C:\Users\Tung\.Xilinx\SDK\2015.2\org.eclipse.osgi\bundles\287\1\.cp\swt-gdip-win32-4335.dll
0x000007fefbf50000 - 0x000007fefc165000 	C:\Windows\WinSxS\amd64_microsoft.windows.gdiplus_6595b64144ccf1df_1.1.7601.17514_none_2b24536c71ed437a\gdiplus.dll
0x000007fefbc30000 - 0x000007fefbd5a000 	C:\Windows\system32\WindowsCodecs.dll
0x0000000180000000 - 0x0000000180012000 	C:\Users\Tung\.Xilinx\SDK\2015.2\org.eclipse.osgi\bundles\113\1\.cp\os\win32\x86_64\localfile_1_0_0.dll
0x000007fef5250000 - 0x000007fef5261000 	C:\Users\Tung\.Xilinx\SDK\2015.2\org.eclipse.osgi\bundles\116\1\.cp\jWinHttp-1.0.0.dll
0x000007fef8220000 - 0x000007fef8291000 	C:\Windows\system32\WINHTTP.dll
0x000007fef81b0000 - 0x000007fef8214000 	C:\Windows\system32\webio.dll
0x000007fefd890000 - 0x000007fefd8b5000 	C:\Windows\system32\SspiCli.dll
0x000007fefce90000 - 0x000007fefce9a000 	C:\Windows\system32\credssp.dll
0x000007fefddc0000 - 0x000007fefddf6000 	C:\Windows\system32\CFGMGR32.dll
0x000007fefaea0000 - 0x000007fefaef4000 	C:\Windows\system32\oleacc.dll
0x000007fefda10000 - 0x000007fefda24000 	C:\Windows\system32\RpcRtRemote.dll
0x000007fefd9b0000 - 0x000007fefda07000 	C:\Windows\system32\apphelp.dll
0x000007feef850000 - 0x000007feef85a000 	C:\Xilinx\SDK\2015.2\lib\win64.o\librdi_jtag_settings.dll
0x000007feeae20000 - 0x000007feeae49000 	C:\Xilinx\SDK\2015.2\lib\win64.o\librdi_debug_dialog.dll
0x000007feed210000 - 0x000007feed232000 	C:\Xilinx\SDK\2015.2\lib\win64.o\libboost_filesystem.dll
0x000007feef860000 - 0x000007feef869000 	C:\Xilinx\SDK\2015.2\lib\win64.o\libboost_system.dll
0x000007feedd70000 - 0x000007feede17000 	C:\Windows\system32\MSVCP110.dll
0x000007feede60000 - 0x000007feedf34000 	C:\Windows\system32\MSVCR110.dll
0x000007feeb6e0000 - 0x000007feec023000 	C:\Xilinx\SDK\2015.2\lib\win64.o\librdi_common.dll
0x000007feeb430000 - 0x000007feeb6d8000 	C:\Xilinx\SDK\2015.2\lib\win64.o\libCOIN-all.dll
0x000007feeb210000 - 0x000007feeb430000 	C:\Xilinx\SDK\2015.2\lib\win64.o\libXil_lmgr11.dll
0x000007fefb5d0000 - 0x000007fefb5e6000 	C:\Windows\system32\NETAPI32.dll
0x000007fefb5c0000 - 0x000007fefb5cc000 	C:\Windows\system32\netutils.dll
0x000007fefd620000 - 0x000007fefd643000 	C:\Windows\system32\srvcli.dll
0x000007fefb5a0000 - 0x000007fefb5b5000 	C:\Windows\system32\wkscli.dll
0x000007fefdb50000 - 0x000007fefdb8a000 	C:\Windows\system32\WINTRUST.dll
0x000007feef870000 - 0x000007feef880000 	C:\Xilinx\SDK\2015.2\lib\win64.o\libboost_date_time.dll
0x000007feed190000 - 0x000007feed204000 	C:\Xilinx\SDK\2015.2\lib\win64.o\libboost_program_options.dll
0x000007feeb110000 - 0x000007feeb20a000 	C:\Xilinx\SDK\2015.2\lib\win64.o\libboost_regex.dll
0x000007feef7c0000 - 0x000007feef7d3000 	C:\Xilinx\SDK\2015.2\lib\win64.o\libboost_signals.dll
0x000007feed170000 - 0x000007feed18d000 	C:\Xilinx\SDK\2015.2\lib\win64.o\libboost_thread.dll
0x000007feed570000 - 0x000007feed57b000 	C:\Xilinx\SDK\2015.2\lib\win64.o\libboost_chrono.dll
0x000007feed0f0000 - 0x000007feed170000 	C:\Xilinx\SDK\2015.2\lib\win64.o\libhdlpsolve.dll
0x000007feeb070000 - 0x000007feeb10a000 	C:\Xilinx\SDK\2015.2\lib\win64.o\libhdxml.dll
0x000007fecad70000 - 0x000007fecb37a200 	C:\Xilinx\SDK\2015.2\lib\win64.o\libisl_iostreams.dll
0x000007feed0d0000 - 0x000007feed0e6000 	C:\Xilinx\SDK\2015.2\lib\win64.o\libboost_iostreams.dll
0x000007feeb040000 - 0x000007feeb063000 	C:\Xilinx\SDK\2015.2\lib\win64.o\librdizlib.dll
0x000007feeb010000 - 0x000007feeb033000 	C:\Xilinx\SDK\2015.2\lib\win64.o\libisl_iosutils.dll
0x000007feeafe0000 - 0x000007feeb00a000 	C:\Xilinx\SDK\2015.2\lib\win64.o\libisl_sysinfo.dll
0x000007fef5210000 - 0x000007fef5225000 	C:\Xilinx\SDK\2015.2\lib\win64.o\pthreadVC2.dll
0x000007feeaf80000 - 0x000007feeafd4000 	C:\Xilinx\SDK\2015.2\lib\win64.o\librdi_commonxillic.dll
0x000007feeae50000 - 0x000007feeaf80000 	C:\Xilinx\SDK\2015.2\lib\win64.o\librdi_curl.dll
0x000007feed0b0000 - 0x000007feed0c8000 	C:\Xilinx\SDK\2015.2\lib\win64.o\librdiconfig.dll
0x0000000071760000 - 0x0000000071887000 	C:\Xilinx\SDK\2015.2\lib\win64.o\tcl85t.dll
0x00000000209f0000 - 0x0000000020c53000 	C:\Xilinx\SDK\2015.2\lib\win64.o\xerces-c_3_1.dll
0x000007fee5c00000 - 0x000007fee5c23000 	C:\Windows\system32\VCOMP110.DLL
0x000007feeac30000 - 0x000007feeae18000 	C:\Xilinx\SDK\2015.2\lib\win64.o\librdi_hsm.dll
0x000007fee86d0000 - 0x000007fee8713000 	C:\Xilinx\SDK\2015.2\lib\win64.o\librdi_hdf.dll
0x000007fee8510000 - 0x000007fee86ca000 	C:\Xilinx\SDK\2015.2\lib\win64.o\librdi_ippcw.dll
0x000007feecd10000 - 0x000007feecd18000 	C:\Xilinx\SDK\2015.2\lib\win64.o\librdi_target_manager.dll
0x000007fefb380000 - 0x000007fefb387000 	C:\Windows\system32\msimg32.dll
0x000007feea6f0000 - 0x000007feea700000 	C:\Xilinx\SDK\2015.2\lib\win64.o\librdi_repo_manager.dll
0x000007feea6d0000 - 0x000007feea6ec000 	C:\Xilinx\SDK\2015.2\lib\win64.o\librdi_hw_platform.dll
0x000007feea1f0000 - 0x000007feea5fa000 	C:\Xilinx\SDK\2015.2\lib\win64.o\librdi_commontasks.dll
0x000007fec4ac0000 - 0x000007fec52d0000 	C:\Xilinx\SDK\2015.2\lib\win64.o\libXil_lmgr11FNP.dll
0x000007fef8aa0000 - 0x000007fef8aab000 	C:\Windows\system32\snmpapi.dll
0x000007fefe8a0000 - 0x000007fefea77000 	C:\Windows\system32\SETUPAPI.dll
0x000007fefdb90000 - 0x000007fefdbaa000 	C:\Windows\system32\DEVOBJ.dll
0x000007febd410000 - 0x000007febd7a5000 	C:\Xilinx\SDK\2015.2\lib\win64.o\librdi_hsmtasks.dll
0x000007feea1d0000 - 0x000007feea1e6000 	C:\Xilinx\SDK\2015.2\eclipse\win64.o\plugins\org.eclipse.cdt.core.win32.x86_64_5.2.0.201402142303\os\win32\x86_64\spawner.dll
0x00000000744b0000 - 0x00000000744b3000 	C:\Windows\system32\icmp.Dll
0x000007feef690000 - 0x000007feef7b5000 	C:\Windows\system32\dbghelp.dll

VM Arguments:
jvm_args: -Dcom.xilinx.sdk.args.hwspec=C:/Users/Tung/Desktop/AXIS_Convolution_v1/axi_conv_fp_3x3/axi_conv_fp_3x3.sdk/design_1_wrapper.hdf -Xms64m -Xmx512m & 
java_command: <unknown>
java_class_path (initial): C:\Xilinx\SDK\2015.2\eclipse\win64.o\\plugins/org.eclipse.equinox.launcher_1.3.0.v20130327-1440.jar
Launcher Type: generic

Environment Variables:
USERNAME=Tung
OS=Windows_NT
PROCESSOR_IDENTIFIER=Intel64 Family 6 Model 60 Stepping 3, GenuineIntel



---------------  S Y S T E M  ---------------

OS: Windows 7 , 64 bit Build 7601 Service Pack 1

CPU:total 4 (4 cores per cpu, 1 threads per core) family 6 model 60 stepping 3, cmov, cx8, fxsr, mmx, sse, sse2, sse3, ssse3, sse4.1, sse4.2, popcnt, avx, avx2, aes, clmul, erms, lzcnt, tsc, tscinvbit, bmi1, bmi2

Memory: 4k page, physical 4110972k(1366412k free), swap 8220100k(4252940k free)

vm_info: Java HotSpot(TM) 64-Bit Server VM (25.25-b02) for windows-amd64 JRE (1.8.0_25-b18), built on Oct  7 2014 14:25:37 by "java_re" with MS VC++ 10.0 (VS2010)

time: Sat Jul 28 12:31:10 2018
elapsed time: 407 seconds (0d 0h 6m 47s)

