#
# A fatal error has been detected by the Java Runtime Environment:
#
#  Internal Error (0xc000000d), pid=3520, tid=828
#
# JRE version: Java(TM) SE Runtime Environment (8.0_25-b18) (build 1.8.0_25-b18)
# Java VM: Java HotSpot(TM) 64-Bit Server VM (25.25-b02 mixed mode windows-amd64 compressed oops)
# Problematic frame:
# C  [ntdll.dll+0x7a291]
#
# Failed to write core dump. Minidumps are not enabled by default on client versions of Windows
#
# If you would like to submit a bug report, please visit:
#   http://bugreport.sun.com/bugreport/crash.jsp
#

---------------  T H R E A D  ---------------

Current thread (0x0000000013adb800):  VMThread [stack: 0x0000000014b40000,0x0000000014c40000] [id=828]

siginfo: ExceptionCode=0xc000000d

Registers:
RAX=0x0000000063d6e813, RBX=0x0000000000000000, RCX=0x0000000014c3ed10, RDX=0x0000000000000000
RSP=0x0000000014c3f320, RBP=0x0000000025537f70, RSI=0x000007feed507408, RDI=0x0000000014c3f468
R8 =0x0000000000000000, R9 =0x0000000000000000, R10=0x0000000000000000, R11=0x0000000000000246
R12=0x0000000022d8edd0, R13=0x0000000022d8ed90, R14=0x0000000025538078, R15=0x0000000000000000
RIP=0x000000007726a291, EFLAGS=0x0000000000000202

Top of Stack: (sp=0x0000000014c3f320)
0x0000000014c3f320:   0000000000000000 000007feed507408
0x0000000014c3f330:   0000000014c3f468 0000000000000000
0x0000000014c3f340:   0000000000000000 0000000000000000
0x0000000014c3f350:   0000000000000000 0000000000000000
0x0000000014c3f360:   0000000000000002 0000000000000000
0x0000000014c3f370:   00000000c000000d 0000000000000000
0x0000000014c3f380:   000000007726a291 0000000000000000
0x0000000014c3f390:   0000000000000000 0000000000000000
0x0000000014c3f3a0:   0000000000000000 0000000000000000
0x0000000014c3f3b0:   0000000000000000 0000000000000000
0x0000000014c3f3c0:   0000000000000000 0000000000000000
0x0000000014c3f3d0:   0000000000000000 0000000000000000
0x0000000014c3f3e0:   0000000000000000 0000000000000000
0x0000000014c3f3f0:   0000000000000000 0000000000000000
0x0000000014c3f400:   0000000000000000 0000002e00000003
0x0000000014c3f410:   0000000000000090 0000000077012fe8 

Instructions: (pc=0x000000007726a291)
0x000000007726a271:   5b 8c fd ff b9 57 00 00 00 c7 44 24 50 0d 00 00
0x000000007726a281:   c0 e8 49 8f fd ff 48 8d 4c 24 50 e8 cf f2 f9 ff
0x000000007726a291:   4c 8b 1d 40 81 0b 00 4d 85 db 74 5b 65 48 8b 04
0x000000007726a2a1:   25 30 00 00 00 f6 80 ee 17 00 00 08 74 12 65 48 


Register to memory mapping:

RAX=0x0000000063d6e813 is an unknown value
RBX=0x0000000000000000 is an unknown value
RCX=0x0000000014c3ed10 is an unknown value
RDX=0x0000000000000000 is an unknown value
RSP=0x0000000014c3f320 is an unknown value
RBP=0x0000000025537f70 is an unknown value
RSI=0x000007feed507408 is an unknown value
RDI=0x0000000014c3f468 is an unknown value
R8 =0x0000000000000000 is an unknown value
R9 =0x0000000000000000 is an unknown value
R10=0x0000000000000000 is an unknown value
R11=0x0000000000000246 is an unknown value
R12=0x0000000022d8edd0 is an unknown value
R13=0x0000000022d8ed90 is an unknown value
R14=0x0000000025538078 is an unknown value
R15=0x0000000000000000 is an unknown value


Stack: [0x0000000014b40000,0x0000000014c40000],  sp=0x0000000014c3f320,  free space=1020k
Native frames: (J=compiled Java code, j=interpreted, Vv=VM code, C=native code)
C  [ntdll.dll+0x7a291]
C  [kernel32.dll+0x42fe8]
C  [MSVCR110.dll+0x752d]
C  [MSVCR110.dll+0x14cde]
C  [MSVCR110.dll+0x13edc]
C  [MSVCR110.dll+0x239e]
C  [MSVCR110.dll+0xaf9e]
C  [MSVCP110.dll+0x397b9]
C  [librdi_common.dll+0x135d02]
C  [librdi_common.dll+0x13447b]
C  [librdi_sw_platform.dll+0x10904]
C  [librdi_sw_platform.dll+0x10b86]
C  [ntdll.dll+0x24371]
C  [ntdll.dll+0x24180]
C  [MSVCR100.dll+0x20ccd]
V  [jvm.dll+0x1f9c55]
V  [jvm.dll+0x2325e7]
V  [jvm.dll+0x231826]
V  [jvm.dll+0x231cc1]
V  [jvm.dll+0x231ede]
V  [jvm.dll+0x2852fa]
C  [MSVCR100.dll+0x21d9f]
C  [MSVCR100.dll+0x21e3b]
C  [kernel32.dll+0x1652d]
C  [ntdll.dll+0x2c521]

VM_Operation (0x000000000012f500): Exit, mode: safepoint, requested by thread 0x00000000026b8000


---------------  P R O C E S S  ---------------

Java Threads: ( => current thread )
  0x000000001b1a6000 JavaThread "Thread-12" daemon [_thread_blocked, id=3516, stack(0x0000000020990000,0x0000000020a90000)]
  0x000000001b1a5800 JavaThread "TCF Locator DNS Lookup" daemon [_thread_blocked, id=2572, stack(0x000000001fb90000,0x000000001fc90000)]
  0x0000000015d4d800 JavaThread "TCF Locator Timer" daemon [_thread_blocked, id=3560, stack(0x000000001fa90000,0x000000001fb90000)]
  0x0000000015d4c800 JavaThread "TCF Locator Receiver" daemon [_thread_in_native, id=2092, stack(0x000000001f7d0000,0x000000001f8d0000)]
  0x0000000015d42000 JavaThread "TCF Timer Dispatcher" daemon [_thread_blocked, id=2896, stack(0x000000001c350000,0x000000001c450000)]
  0x0000000015d43800 JavaThread "EMF Reference Cleaner" daemon [_thread_blocked, id=3268, stack(0x0000000018440000,0x0000000018540000)]
  0x0000000014eb0800 JavaThread "Service Thread" daemon [_thread_blocked, id=3444, stack(0x0000000015740000,0x0000000015840000)]
  0x0000000013b49000 JavaThread "C1 CompilerThread2" daemon [_thread_blocked, id=3104, stack(0x0000000015640000,0x0000000015740000)]
  0x0000000014e47000 JavaThread "C2 CompilerThread1" daemon [_thread_blocked, id=3508, stack(0x0000000015540000,0x0000000015640000)]
  0x0000000014e45000 JavaThread "C2 CompilerThread0" daemon [_thread_blocked, id=496, stack(0x0000000015440000,0x0000000015540000)]
  0x0000000014e42800 JavaThread "Attach Listener" daemon [_thread_blocked, id=3404, stack(0x0000000015340000,0x0000000015440000)]
  0x0000000013b48000 JavaThread "Signal Dispatcher" daemon [_thread_blocked, id=528, stack(0x0000000015240000,0x0000000015340000)]
  0x0000000013ae8000 JavaThread "Finalizer" daemon [_thread_blocked, id=3624, stack(0x0000000014d40000,0x0000000014e40000)]
  0x0000000013adf000 JavaThread "Reference Handler" daemon [_thread_blocked, id=2928, stack(0x0000000014c40000,0x0000000014d40000)]
  0x00000000026b8000 JavaThread "main" [_thread_blocked, id=3704, stack(0x0000000000030000,0x0000000000130000)]

Other Threads:
=>0x0000000013adb800 VMThread [stack: 0x0000000014b40000,0x0000000014c40000] [id=828]

VM state:at safepoint (shutting down)

VM Mutex/Monitor currently owned by a thread:  ([mutex/lock_event])
[0x000000000267dfb0] Threads_lock - owner thread: 0x0000000013adb800

Heap:
 PSYoungGen      total 110592K, used 30459K [0x00000000f5580000, 0x00000000fdb00000, 0x0000000100000000)
  eden space 84480K, 36% used [0x00000000f5580000,0x00000000f733ed68,0x00000000fa800000)
  from space 26112K, 0% used [0x00000000fc180000,0x00000000fc180000,0x00000000fdb00000)
  to   space 26112K, 0% used [0x00000000fa800000,0x00000000fa800000,0x00000000fc180000)
 ParOldGen       total 101888K, used 43442K [0x00000000e0000000, 0x00000000e6380000, 0x00000000f5580000)
  object space 101888K, 42% used [0x00000000e0000000,0x00000000e2a6c8e8,0x00000000e6380000)
 Metaspace       used 72973K, capacity 78332K, committed 78612K, reserved 1118208K
  class space    used 8927K, capacity 10659K, committed 10772K, reserved 1048576K

Card table byte_map: [0x0000000011b40000,0x0000000011c50000] byte_map_base: 0x0000000011440000

Marking Bits: (ParMarkBitMap*) 0x000000006441d490
 Begin Bits: [0x0000000012050000, 0x0000000012850000)
 End Bits:   [0x0000000012850000, 0x0000000013050000)

Polling page: 0x0000000000550000

CodeCache: size=245760Kb used=26542Kb max_used=26856Kb free=219217Kb
 bounds [0x0000000002780000, 0x00000000041f0000, 0x0000000011780000]
 total_blobs=8539 nmethods=7700 adapters=748
 compilation: enabled

Compilation events (10 events):
Event: 362.225 Thread 0x0000000013b49000 nmethod 9371 0x0000000002efabd0 code [0x0000000002efad20, 0x0000000002efae30]
Event: 362.226 Thread 0x0000000013b49000 9366   !   3       org.osgi.util.tracker.AbstractTracked::untrack (78 bytes)
Event: 362.227 Thread 0x0000000013b49000 nmethod 9366 0x0000000003baa8d0 code [0x0000000003baaaa0, 0x0000000003bab2a8]
Event: 362.228 Thread 0x0000000013b49000 9368  s    3       org.eclipse.equinox.internal.ds.model.ServiceComponentProp::setState (6 bytes)
Event: 362.228 Thread 0x0000000013b49000 nmethod 9368 0x0000000002e31b90 code [0x0000000002e31ce0, 0x0000000002e31f90]
Event: 362.262 Thread 0x0000000013b49000 9372   !   3       org.eclipse.osgi.internal.baseadaptor.BaseStorage::compact (215 bytes)
Event: 362.263 Thread 0x0000000013b49000 nmethod 9372 0x0000000004063750 code [0x0000000004063b80, 0x0000000004065fe8]
Event: 362.266 Thread 0x0000000013b49000 9373       3       org.eclipse.osgi.framework.internal.core.AbstractBundle::close (52 bytes)
Event: 362.266 Thread 0x0000000013b49000 nmethod 9373 0x000000000324ba90 code [0x000000000324bcc0, 0x000000000324c9a8]
Event: 362.266 Thread 0x0000000014e45000 9374       4       java.util.HashMap::values (27 bytes)

GC Heap History (10 events):
Event: 182.272 GC heap before
{Heap before GC invocations=22 (full 6):
 PSYoungGen      total 109568K, used 160K [0x00000000f5580000, 0x00000000fdb00000, 0x0000000100000000)
  eden space 83968K, 0% used [0x00000000f5580000,0x00000000f5580000,0x00000000fa780000)
  from space 25600K, 0% used [0x00000000fc100000,0x00000000fc128000,0x00000000fda00000)
  to   space 26112K, 0% used [0x00000000fa780000,0x00000000fa780000,0x00000000fc100000)
 ParOldGen       total 101888K, used 43574K [0x00000000e0000000, 0x00000000e6380000, 0x00000000f5580000)
  object space 101888K, 42% used [0x00000000e0000000,0x00000000e2a8da38,0x00000000e6380000)
 Metaspace       used 71446K, capacity 76836K, committed 77076K, reserved 1116160K
  class space    used 8763K, capacity 10462K, committed 10516K, reserved 1048576K
Event: 182.413 GC heap after
Heap after GC invocations=22 (full 6):
 PSYoungGen      total 109568K, used 0K [0x00000000f5580000, 0x00000000fdb00000, 0x0000000100000000)
  eden space 83968K, 0% used [0x00000000f5580000,0x00000000f5580000,0x00000000fa780000)
  from space 25600K, 0% used [0x00000000fc100000,0x00000000fc100000,0x00000000fda00000)
  to   space 26112K, 0% used [0x00000000fa780000,0x00000000fa780000,0x00000000fc100000)
 ParOldGen       total 101888K, used 43442K [0x00000000e0000000, 0x00000000e6380000, 0x00000000f5580000)
  object space 101888K, 42% used [0x00000000e0000000,0x00000000e2a6ca80,0x00000000e6380000)
 Metaspace       used 71446K, capacity 76836K, committed 77076K, reserved 1116160K
  class space    used 8763K, capacity 10462K, committed 10516K, reserved 1048576K
}
Event: 242.282 GC heap before
{Heap before GC invocations=23 (full 6):
 PSYoungGen      total 109568K, used 4350K [0x00000000f5580000, 0x00000000fdb00000, 0x0000000100000000)
  eden space 83968K, 5% used [0x00000000f5580000,0x00000000f59bfa98,0x00000000fa780000)
  from space 25600K, 0% used [0x00000000fc100000,0x00000000fc100000,0x00000000fda00000)
  to   space 26112K, 0% used [0x00000000fa780000,0x00000000fa780000,0x00000000fc100000)
 ParOldGen       total 101888K, used 43442K [0x00000000e0000000, 0x00000000e6380000, 0x00000000f5580000)
  object space 101888K, 42% used [0x00000000e0000000,0x00000000e2a6ca80,0x00000000e6380000)
 Metaspace       used 71454K, capacity 76836K, committed 77076K, reserved 1116160K
  class space    used 8763K, capacity 10462K, committed 10516K, reserved 1048576K
Event: 242.284 GC heap after
Heap after GC invocations=23 (full 6):
 PSYoungGen      total 110080K, used 160K [0x00000000f5580000, 0x00000000fdb00000, 0x0000000100000000)
  eden space 83968K, 0% used [0x00000000f5580000,0x00000000f5580000,0x00000000fa780000)
  from space 26112K, 0% used [0x00000000fa780000,0x00000000fa7a8000,0x00000000fc100000)
  to   space 26112K, 0% used [0x00000000fc180000,0x00000000fc180000,0x00000000fdb00000)
 ParOldGen       total 101888K, used 43450K [0x00000000e0000000, 0x00000000e6380000, 0x00000000f5580000)
  object space 101888K, 42% used [0x00000000e0000000,0x00000000e2a6ea80,0x00000000e6380000)
 Metaspace       used 71454K, capacity 76836K, committed 77076K, reserved 1116160K
  class space    used 8763K, capacity 10462K, committed 10516K, reserved 1048576K
}
Event: 242.284 GC heap before
{Heap before GC invocations=24 (full 7):
 PSYoungGen      total 110080K, used 160K [0x00000000f5580000, 0x00000000fdb00000, 0x0000000100000000)
  eden space 83968K, 0% used [0x00000000f5580000,0x00000000f5580000,0x00000000fa780000)
  from space 26112K, 0% used [0x00000000fa780000,0x00000000fa7a8000,0x00000000fc100000)
  to   space 26112K, 0% used [0x00000000fc180000,0x00000000fc180000,0x00000000fdb00000)
 ParOldGen       total 101888K, used 43450K [0x00000000e0000000, 0x00000000e6380000, 0x00000000f5580000)
  object space 101888K, 42% used [0x00000000e0000000,0x00000000e2a6ea80,0x00000000e6380000)
 Metaspace       used 71454K, capacity 76836K, committed 77076K, reserved 1116160K
  class space    used 8763K, capacity 10462K, committed 10516K, reserved 1048576K
Event: 242.432 GC heap after
Heap after GC invocations=24 (full 7):
 PSYoungGen      total 110080K, used 0K [0x00000000f5580000, 0x00000000fdb00000, 0x0000000100000000)
  eden space 83968K, 0% used [0x00000000f5580000,0x00000000f5580000,0x00000000fa780000)
  from space 26112K, 0% used [0x00000000fa780000,0x00000000fa780000,0x00000000fc100000)
  to   space 26112K, 0% used [0x00000000fc180000,0x00000000fc180000,0x00000000fdb00000)
 ParOldGen       total 101888K, used 43433K [0x00000000e0000000, 0x00000000e6380000, 0x00000000f5580000)
  object space 101888K, 42% used [0x00000000e0000000,0x00000000e2a6a7b0,0x00000000e6380000)
 Metaspace       used 71454K, capacity 76836K, committed 77076K, reserved 1116160K
  class space    used 8763K, capacity 10462K, committed 10516K, reserved 1048576K
}
Event: 302.298 GC heap before
{Heap before GC invocations=25 (full 7):
 PSYoungGen      total 110080K, used 4746K [0x00000000f5580000, 0x00000000fdb00000, 0x0000000100000000)
  eden space 83968K, 5% used [0x00000000f5580000,0x00000000f5a22938,0x00000000fa780000)
  from space 26112K, 0% used [0x00000000fa780000,0x00000000fa780000,0x00000000fc100000)
  to   space 26112K, 0% used [0x00000000fc180000,0x00000000fc180000,0x00000000fdb00000)
 ParOldGen       total 101888K, used 43433K [0x00000000e0000000, 0x00000000e6380000, 0x00000000f5580000)
  object space 101888K, 42% used [0x00000000e0000000,0x00000000e2a6a7b0,0x00000000e6380000)
 Metaspace       used 71491K, capacity 76836K, committed 77076K, reserved 1116160K
  class space    used 8765K, capacity 10462K, committed 10516K, reserved 1048576K
Event: 302.301 GC heap after
Heap after GC invocations=25 (full 7):
 PSYoungGen      total 110592K, used 192K [0x00000000f5580000, 0x00000000fdb00000, 0x0000000100000000)
  eden space 84480K, 0% used [0x00000000f5580000,0x00000000f5580000,0x00000000fa800000)
  from space 26112K, 0% used [0x00000000fc180000,0x00000000fc1b0000,0x00000000fdb00000)
  to   space 26112K, 0% used [0x00000000fa800000,0x00000000fa800000,0x00000000fc180000)
 ParOldGen       total 101888K, used 43441K [0x00000000e0000000, 0x00000000e6380000, 0x00000000f5580000)
  object space 101888K, 42% used [0x00000000e0000000,0x00000000e2a6c7b0,0x00000000e6380000)
 Metaspace       used 71491K, capacity 76836K, committed 77076K, reserved 1116160K
  class space    used 8765K, capacity 10462K, committed 10516K, reserved 1048576K
}
Event: 302.301 GC heap before
{Heap before GC invocations=26 (full 8):
 PSYoungGen      total 110592K, used 192K [0x00000000f5580000, 0x00000000fdb00000, 0x0000000100000000)
  eden space 84480K, 0% used [0x00000000f5580000,0x00000000f5580000,0x00000000fa800000)
  from space 26112K, 0% used [0x00000000fc180000,0x00000000fc1b0000,0x00000000fdb00000)
  to   space 26112K, 0% used [0x00000000fa800000,0x00000000fa800000,0x00000000fc180000)
 ParOldGen       total 101888K, used 43441K [0x00000000e0000000, 0x00000000e6380000, 0x00000000f5580000)
  object space 101888K, 42% used [0x00000000e0000000,0x00000000e2a6c7b0,0x00000000e6380000)
 Metaspace       used 71491K, capacity 76836K, committed 77076K, reserved 1116160K
  class space    used 8765K, capacity 10462K, committed 10516K, reserved 1048576K
Event: 302.427 GC heap after
Heap after GC invocations=26 (full 8):
 PSYoungGen      total 110592K, used 0K [0x00000000f5580000, 0x00000000fdb00000, 0x0000000100000000)
  eden space 84480K, 0% used [0x00000000f5580000,0x00000000f5580000,0x00000000fa800000)
  from space 26112K, 0% used [0x00000000fc180000,0x00000000fc180000,0x00000000fdb00000)
  to   space 26112K, 0% used [0x00000000fa800000,0x00000000fa800000,0x00000000fc180000)
 ParOldGen       total 101888K, used 43442K [0x00000000e0000000, 0x00000000e6380000, 0x00000000f5580000)
  object space 101888K, 42% used [0x00000000e0000000,0x00000000e2a6c8e8,0x00000000e6380000)
 Metaspace       used 71491K, capacity 76836K, committed 77076K, reserved 1116160K
  class space    used 8765K, capacity 10462K, committed 10516K, reserved 1048576K
}

Deoptimization events (10 events):
Event: 361.365 Thread 0x00000000026b8000 Uncommon trap: reason=bimorphic action=maybe_recompile pc=0x000000000408726c method=org.eclipse.swt.widgets.Control.windowProc(JIJJ)J @ 997
Event: 361.366 Thread 0x00000000026b8000 Uncommon trap: reason=unreached action=reinterpret pc=0x0000000003e1c2c8 method=org.eclipse.swt.widgets.Display.drawMenuBars()V @ 4
Event: 361.394 Thread 0x000000001b1a7000 Uncommon trap: reason=bimorphic action=maybe_recompile pc=0x00000000028cb908 method=java.util.Properties.load0(Ljava/util/Properties$LineReader;)V @ 242
Event: 361.412 Thread 0x00000000026b8000 Uncommon trap: reason=bimorphic action=maybe_recompile pc=0x00000000041860a4 method=org.eclipse.emf.ecore.util.EContentsEList$FeatureIteratorImpl.hasNext()Z @ 564
Event: 361.412 Thread 0x00000000026b8000 Uncommon trap: reason=bimorphic action=maybe_recompile pc=0x00000000041860a4 method=org.eclipse.emf.ecore.util.EContentsEList$FeatureIteratorImpl.hasNext()Z @ 564
Event: 361.412 Thread 0x00000000026b8000 Uncommon trap: reason=bimorphic action=maybe_recompile pc=0x00000000041860a4 method=org.eclipse.emf.ecore.util.EContentsEList$FeatureIteratorImpl.hasNext()Z @ 564
Event: 361.412 Thread 0x00000000026b8000 Uncommon trap: reason=bimorphic action=maybe_recompile pc=0x00000000041860a4 method=org.eclipse.emf.ecore.util.EContentsEList$FeatureIteratorImpl.hasNext()Z @ 564
Event: 361.422 Thread 0x00000000026b8000 Uncommon trap: reason=unreached action=reinterpret pc=0x0000000002c77b9c method=org.eclipse.e4.ui.internal.workbench.swt.PartRenderingEngine.someAreVisible(Ljava/util/List;)Z @ 41
Event: 361.432 Thread 0x00000000026b8000 Uncommon trap: reason=unloaded action=reinterpret pc=0x000000000415311c method=org.eclipse.emf.ecore.xmi.impl.XMLSaveImpl$Escape.convert(Ljava/lang/String;)Ljava/lang/String; @ 732
Event: 362.196 Thread 0x00000000026b8000 Uncommon trap: reason=null_check action=make_not_entrant pc=0x00000000031ed104 method=org.eclipse.core.runtime.internal.adaptor.EclipseLazyStarter.shouldActivateFor(Ljava/lang/String;Lorg/eclipse/osgi/baseadaptor/BaseData;Lorg/eclipse/core/runtime/internalíøúÄÕ•v@

Internal exceptions (10 events):
Event: 361.236 Thread 0x0000000015d43000 Exception <a 'java/net/SocketException': Connection reset by peer: socket write error> (0x00000000f62174c8) thrown at [D:\re\workspace\8-2-build-windows-amd64-cygwin\jdk8u25\1677\hotspot\src\share\vm\prims\jni.cpp, line 742]
Event: 361.238 Thread 0x0000000015d4b000 Exception <a 'java/lang/InterruptedException'> (0x00000000f623eb48) thrown at [D:\re\workspace\8-2-build-windows-amd64-cygwin\jdk8u25\1677\hotspot\src\share\vm\runtime\objectMonitor.cpp, line 1682]
Event: 361.238 Thread 0x0000000015d43000 Exception <a 'java/net/SocketException': Socket closed> (0x00000000f627b120) thrown at [D:\re\workspace\8-2-build-windows-amd64-cygwin\jdk8u25\1677\hotspot\src\share\vm\prims\jni.cpp, line 742]
Event: 361.246 Thread 0x00000000026b8000 Implicit null exception at 0x0000000003727589 to 0x0000000003728361
Event: 361.510 Thread 0x000000001b1a9000 Exception <a 'java/lang/InterruptedException'> (0x00000000f6e4a6b8) thrown at [D:\re\workspace\8-2-build-windows-amd64-cygwin\jdk8u25\1677\hotspot\src\share\vm\runtime\objectMonitor.cpp, line 1682]
Event: 362.196 Thread 0x00000000026b8000 Implicit null exception at 0x00000000031eb87f to 0x00000000031ed0f9
Event: 362.225 Thread 0x0000000015d3f000 Exception <a 'java/lang/InterruptedException'> (0x00000000f6fd3878) thrown at [D:\re\workspace\8-2-build-windows-amd64-cygwin\jdk8u25\1677\hotspot\src\share\vm\runtime\objectMonitor.cpp, line 1682]
Event: 362.225 Thread 0x000000001601f000 Exception <a 'java/lang/InterruptedException'> (0x00000000f70ecd18) thrown at [D:\re\workspace\8-2-build-windows-amd64-cygwin\jdk8u25\1677\hotspot\src\share\vm\runtime\objectMonitor.cpp, line 1682]
Event: 362.225 Thread 0x0000000015eb1000 Exception <a 'java/lang/InterruptedException': sleep interrupted> (0x00000000f716d418) thrown at [D:\re\workspace\8-2-build-windows-amd64-cygwin\jdk8u25\1677\hotspot\src\share\vm\prims\jvm.cpp, line 3141]
Event: 362.266 Thread 0x0000000015d3e800 Exception <a 'java/lang/InterruptedException'> (0x00000000f70e9480) thrown at [D:\re\workspace\8-2-build-windows-amd64-cygwin\jdk8u25\1677\hotspot\src\share\vm\runtime\objectMonitor.cpp, line 1682]

Events (10 events):
Event: 362.229 Thread 0x0000000013b49000 flushing nmethod 0x0000000004161c90
Event: 362.266 Thread 0x0000000015d3e800 Thread exited: 0x0000000015d3e800
Event: 362.266 Thread 0x0000000015d8a800 Thread exited: 0x0000000015d8a800
Event: 362.266 loading class java/util/IdentityHashMap$KeyIterator
Event: 362.266 loading class java/util/IdentityHashMap$IdentityHashMapIterator
Event: 362.266 loading class java/util/IdentityHashMap$IdentityHashMapIterator done
Event: 362.266 loading class java/util/IdentityHashMap$KeyIterator done
Event: 362.266 Thread 0x0000000015d3e800 Thread added: 0x0000000015d3e800
Event: 362.266 Thread 0x0000000015d3e800 Thread exited: 0x0000000015d3e800
Event: 362.267 Executing VM operation: Exit


Dynamic libraries:
0x0000000000400000 - 0x000000000044f000 	C:\Xilinx\SDK\2015.2\eclipse\win64.o\eclipse.exe
0x00000000771f0000 - 0x0000000077399000 	C:\Windows\SYSTEM32\ntdll.dll
0x0000000076fd0000 - 0x00000000770ef000 	C:\Windows\system32\kernel32.dll
0x000007fefd250000 - 0x000007fefd2bb000 	C:\Windows\system32\KERNELBASE.dll
0x00000000770f0000 - 0x00000000771ea000 	C:\Windows\system32\USER32.dll
0x000007feff390000 - 0x000007feff3f7000 	C:\Windows\system32\GDI32.dll
0x000007fefeca0000 - 0x000007fefecae000 	C:\Windows\system32\LPK.dll
0x000007fefedd0000 - 0x000007fefee99000 	C:\Windows\system32\USP10.dll
0x000007fefd510000 - 0x000007fefd5af000 	C:\Windows\system32\msvcrt.dll
0x000007fefbbe0000 - 0x000007fefbdd4000 	C:\Windows\WinSxS\amd64_microsoft.windows.common-controls_6595b64144ccf1df_6.0.7601.17514_none_fa396087175ac9ac\COMCTL32.dll
0x000007fefe3e0000 - 0x000007fefe451000 	C:\Windows\system32\SHLWAPI.dll
0x000007feff0e0000 - 0x000007feff10e000 	C:\Windows\system32\IMM32.DLL
0x000007fefeea0000 - 0x000007fefefa9000 	C:\Windows\system32\MSCTF.dll
0x0000000072000000 - 0x0000000072012000 	C:\Xilinx\SDK\2015.2\eclipse\win64.o\plugins\org.eclipse.equinox.launcher.win32.win32.x86_64_1.1.200.v20140116-2212\eclipse_1503.dll
0x000007fefe670000 - 0x000007fefe74b000 	C:\Windows\system32\ADVAPI32.dll
0x000007feff4e0000 - 0x000007feff4ff000 	C:\Windows\SYSTEM32\sechost.dll
0x000007fefefb0000 - 0x000007feff0dd000 	C:\Windows\system32\RPCRT4.dll
0x000007fefc2a0000 - 0x000007fefc2ac000 	C:\Windows\system32\VERSION.dll
0x000007fefb860000 - 0x000007fefb8b6000 	C:\Windows\system32\uxtheme.dll
0x0000000063c40000 - 0x000000006449a000 	C:\Xilinx\SDK\2015.2\tps\win64\jre\bin\server\jvm.dll
0x000007fef8430000 - 0x000007fef8439000 	C:\Windows\system32\WSOCK32.dll
0x000007fefec50000 - 0x000007fefec9d000 	C:\Windows\system32\WS2_32.dll
0x000007fefe7b0000 - 0x000007fefe7b8000 	C:\Windows\system32\NSI.dll
0x000007fefab00000 - 0x000007fefab3b000 	C:\Windows\system32\WINMM.dll
0x00000000773b0000 - 0x00000000773b7000 	C:\Windows\system32\PSAPI.DLL
0x0000000072a90000 - 0x0000000072b62000 	C:\Windows\system32\MSVCR100.dll
0x0000000074b20000 - 0x0000000074b2f000 	C:\Xilinx\SDK\2015.2\tps\win64\jre\bin\verify.dll
0x0000000074af0000 - 0x0000000074b18000 	C:\Xilinx\SDK\2015.2\tps\win64\jre\bin\java.dll
0x0000000074ad0000 - 0x0000000074ae6000 	C:\Xilinx\SDK\2015.2\tps\win64\jre\bin\zip.dll
0x000007fefd5b0000 - 0x000007fefe338000 	C:\Windows\system32\SHELL32.dll
0x000007fefe460000 - 0x000007fefe663000 	C:\Windows\system32\ole32.dll
0x000007fefd140000 - 0x000007fefd14f000 	C:\Windows\system32\profapi.dll
0x000007fefc9d0000 - 0x000007fefc9e7000 	C:\Windows\system32\CRYPTSP.dll
0x000007fefc6d0000 - 0x000007fefc717000 	C:\Windows\system32\rsaenh.dll
0x000007fefc490000 - 0x000007fefc4ae000 	C:\Windows\system32\USERENV.dll
0x000007fefd010000 - 0x000007fefd01f000 	C:\Windows\system32\CRYPTBASE.dll
0x0000000074ab0000 - 0x0000000074aca000 	C:\Xilinx\SDK\2015.2\tps\win64\jre\bin\net.dll
0x000007fefc970000 - 0x000007fefc9c5000 	C:\Windows\system32\mswsock.dll
0x000007fefc960000 - 0x000007fefc967000 	C:\Windows\System32\wship6.dll
0x000007fefa9c0000 - 0x000007fefa9e7000 	C:\Windows\system32\IPHLPAPI.DLL
0x000007fefa9b0000 - 0x000007fefa9bb000 	C:\Windows\system32\WINNSI.DLL
0x000007fefa740000 - 0x000007fefa751000 	C:\Windows\system32\dhcpcsvc6.DLL
0x000007fefa760000 - 0x000007fefa778000 	C:\Windows\system32\dhcpcsvc.DLL
0x0000000074a90000 - 0x0000000074aa1000 	C:\Xilinx\SDK\2015.2\tps\win64\jre\bin\nio.dll
0x000007fefecb0000 - 0x000007fefed49000 	C:\Windows\system32\CLBCatQ.DLL
0x000007feff400000 - 0x000007feff4d7000 	C:\Windows\system32\OLEAUT32.dll
0x000007fefb0e0000 - 0x000007fefb0f5000 	C:\Windows\system32\NLAapi.dll
0x000007feecf30000 - 0x000007feecf45000 	C:\Windows\system32\napinsp.dll
0x000007feecf10000 - 0x000007feecf29000 	C:\Windows\system32\pnrpnsp.dll
0x000007fefc7f0000 - 0x000007fefc84b000 	C:\Windows\system32\DNSAPI.dll
0x000007feecf00000 - 0x000007feecf0b000 	C:\Windows\System32\winrnr.dll
0x000007fefc370000 - 0x000007fefc377000 	C:\Windows\System32\wshtcpip.dll
0x000007fefa170000 - 0x000007fefa178000 	C:\Windows\system32\rasadhlp.dll
0x000007fefa8e0000 - 0x000007fefa933000 	C:\Windows\System32\fwpuclnt.dll
0x0000000019c10000 - 0x0000000019cb8000 	C:\Users\Tung\.Xilinx\SDK\2015.2\org.eclipse.osgi\bundles\287\1\.cp\swt-win32-4335.dll
0x000007fefe340000 - 0x000007fefe3d7000 	C:\Windows\system32\comdlg32.dll
0x000007fefaa00000 - 0x000007fefaa71000 	C:\Windows\system32\WINSPOOL.DRV
0x000007fefeb20000 - 0x000007fefec4a000 	C:\Windows\system32\WININET.dll
0x000007fefe9a0000 - 0x000007fefeb18000 	C:\Windows\system32\urlmon.dll
0x000007fefd300000 - 0x000007fefd467000 	C:\Windows\system32\CRYPT32.dll
0x000007fefd1e0000 - 0x000007fefd1ef000 	C:\Windows\system32\MSASN1.dll
0x000007feff110000 - 0x000007feff369000 	C:\Windows\system32\iertutil.dll
0x000007fefb4c0000 - 0x000007fefb4d8000 	C:\Windows\system32\dwmapi.dll
0x000007fefb980000 - 0x000007fefbaac000 	C:\Windows\system32\propsys.dll
0x0000000002650000 - 0x000000000266e000 	C:\Users\Tung\.Xilinx\SDK\2015.2\org.eclipse.osgi\bundles\287\1\.cp\swt-gdip-win32-4335.dll
0x000007fefb640000 - 0x000007fefb855000 	C:\Windows\WinSxS\amd64_microsoft.windows.gdiplus_6595b64144ccf1df_1.1.7601.17514_none_2b24536c71ed437a\gdiplus.dll
0x000007fefb350000 - 0x000007fefb47a000 	C:\Windows\system32\WindowsCodecs.dll
0x0000000180000000 - 0x0000000180012000 	C:\Users\Tung\.Xilinx\SDK\2015.2\org.eclipse.osgi\bundles\113\1\.cp\os\win32\x86_64\localfile_1_0_0.dll
0x000007fefb910000 - 0x000007fefb921000 	C:\Users\Tung\.Xilinx\SDK\2015.2\org.eclipse.osgi\bundles\116\1\.cp\jWinHttp-1.0.0.dll
0x000007fef70b0000 - 0x000007fef7121000 	C:\Windows\system32\WINHTTP.dll
0x000007fef7040000 - 0x000007fef70a4000 	C:\Windows\system32\webio.dll
0x000007fefcfe0000 - 0x000007fefd005000 	C:\Windows\system32\SspiCli.dll
0x000007fefc5a0000 - 0x000007fefc5aa000 	C:\Windows\system32\credssp.dll
0x000007fefd2c0000 - 0x000007fefd2f6000 	C:\Windows\system32\CFGMGR32.dll
0x000007fefa5b0000 - 0x000007fefa604000 	C:\Windows\system32\oleacc.dll
0x000007fefd120000 - 0x000007fefd134000 	C:\Windows\system32\RpcRtRemote.dll
0x000007fefd0c0000 - 0x000007fefd117000 	C:\Windows\system32\apphelp.dll
0x000007fef8b20000 - 0x000007fef8b2a000 	C:\Xilinx\SDK\2015.2\lib\win64.o\librdi_jtag_settings.dll
0x000007feec520000 - 0x000007feec549000 	C:\Xilinx\SDK\2015.2\lib\win64.o\librdi_debug_dialog.dll
0x000007fef9380000 - 0x000007fef93a2000 	C:\Xilinx\SDK\2015.2\lib\win64.o\libboost_filesystem.dll
0x000007fef98b0000 - 0x000007fef98b9000 	C:\Xilinx\SDK\2015.2\lib\win64.o\libboost_system.dll
0x000007feed410000 - 0x000007feed4b7000 	C:\Windows\system32\MSVCP110.dll
0x000007feed500000 - 0x000007feed5d4000 	C:\Windows\system32\MSVCR110.dll
0x000007fec32f0000 - 0x000007fec3c33000 	C:\Xilinx\SDK\2015.2\lib\win64.o\librdi_common.dll
0x000007fec8eb0000 - 0x000007fec9158000 	C:\Xilinx\SDK\2015.2\lib\win64.o\libCOIN-all.dll
0x000007fec8c90000 - 0x000007fec8eb0000 	C:\Xilinx\SDK\2015.2\lib\win64.o\libXil_lmgr11.dll
0x000007feface0000 - 0x000007fefacf6000 	C:\Windows\system32\NETAPI32.dll
0x000007fefacd0000 - 0x000007fefacdc000 	C:\Windows\system32\netutils.dll
0x000007fefcd30000 - 0x000007fefcd53000 	C:\Windows\system32\srvcli.dll
0x000007fefacb0000 - 0x000007fefacc5000 	C:\Windows\system32\wkscli.dll
0x000007fefd1f0000 - 0x000007fefd22a000 	C:\Windows\system32\WINTRUST.dll
0x000007fefb8d0000 - 0x000007fefb8e0000 	C:\Xilinx\SDK\2015.2\lib\win64.o\libboost_date_time.dll
0x000007feee400000 - 0x000007feee474000 	C:\Xilinx\SDK\2015.2\lib\win64.o\libboost_program_options.dll
0x000007fecfac0000 - 0x000007fecfbba000 	C:\Xilinx\SDK\2015.2\lib\win64.o\libboost_regex.dll
0x000007fef9360000 - 0x000007fef9373000 	C:\Xilinx\SDK\2015.2\lib\win64.o\libboost_signals.dll
0x000007fef8bc0000 - 0x000007fef8bdd000 	C:\Xilinx\SDK\2015.2\lib\win64.o\libboost_thread.dll
0x000007fef8bb0000 - 0x000007fef8bbb000 	C:\Xilinx\SDK\2015.2\lib\win64.o\libboost_chrono.dll
0x000007feec060000 - 0x000007feec0e0000 	C:\Xilinx\SDK\2015.2\lib\win64.o\libhdlpsolve.dll
0x000007feeb030000 - 0x000007feeb0ca000 	C:\Xilinx\SDK\2015.2\lib\win64.o\libhdxml.dll
0x000007fec3f80000 - 0x000007fec458a200 	C:\Xilinx\SDK\2015.2\lib\win64.o\libisl_iostreams.dll
0x000007fef8b90000 - 0x000007fef8ba6000 	C:\Xilinx\SDK\2015.2\lib\win64.o\libboost_iostreams.dll
0x000007fef8b30000 - 0x000007fef8b53000 	C:\Xilinx\SDK\2015.2\lib\win64.o\librdizlib.dll
0x000007feee3d0000 - 0x000007feee3f3000 	C:\Xilinx\SDK\2015.2\lib\win64.o\libisl_iosutils.dll
0x000007feed740000 - 0x000007feed76a000 	C:\Xilinx\SDK\2015.2\lib\win64.o\libisl_sysinfo.dll
0x000007fef98e0000 - 0x000007fef98f5000 	C:\Xilinx\SDK\2015.2\lib\win64.o\pthreadVC2.dll
0x000007feeafd0000 - 0x000007feeb024000 	C:\Xilinx\SDK\2015.2\lib\win64.o\librdi_commonxillic.dll
0x000007fecb3d0000 - 0x000007fecb500000 	C:\Xilinx\SDK\2015.2\lib\win64.o\librdi_curl.dll
0x000007fef8b70000 - 0x000007fef8b88000 	C:\Xilinx\SDK\2015.2\lib\win64.o\librdiconfig.dll
0x000000006c490000 - 0x000000006c5b7000 	C:\Xilinx\SDK\2015.2\lib\win64.o\tcl85t.dll
0x0000000020b10000 - 0x0000000020d73000 	C:\Xilinx\SDK\2015.2\lib\win64.o\xerces-c_3_1.dll
0x000007fee9820000 - 0x000007fee9843000 	C:\Windows\system32\VCOMP110.DLL
0x000007fec9370000 - 0x000007fec9558000 	C:\Xilinx\SDK\2015.2\lib\win64.o\librdi_hsm.dll
0x000007feec010000 - 0x000007feec053000 	C:\Xilinx\SDK\2015.2\lib\win64.o\librdi_hdf.dll
0x000007fec8940000 - 0x000007fec8afa000 	C:\Xilinx\SDK\2015.2\lib\win64.o\librdi_ippcw.dll
0x000007fef34a0000 - 0x000007fef34a8000 	C:\Xilinx\SDK\2015.2\lib\win64.o\librdi_target_manager.dll
0x000007feed720000 - 0x000007feed73c000 	C:\Xilinx\SDK\2015.2\lib\win64.o\librdi_hw_platform.dll
0x000007feee3b0000 - 0x000007feee3c0000 	C:\Xilinx\SDK\2015.2\lib\win64.o\librdi_repo_manager.dll
0x000007fefaa90000 - 0x000007fefaa97000 	C:\Windows\system32\msimg32.dll
0x000007fec2ee0000 - 0x000007fec32ea000 	C:\Xilinx\SDK\2015.2\lib\win64.o\librdi_commontasks.dll
0x000007fec26d0000 - 0x000007fec2ee0000 	C:\Xilinx\SDK\2015.2\lib\win64.o\libXil_lmgr11FNP.dll
0x000007fef73e0000 - 0x000007fef73eb000 	C:\Windows\system32\snmpapi.dll
0x000007fefe7c0000 - 0x000007fefe997000 	C:\Windows\system32\SETUPAPI.dll
0x000007fefd230000 - 0x000007fefd24a000 	C:\Windows\system32\DEVOBJ.dll
0x000007febadf0000 - 0x000007febb185000 	C:\Xilinx\SDK\2015.2\lib\win64.o\librdi_hsmtasks.dll
0x000007fef93f0000 - 0x000007fef9406000 	C:\Xilinx\SDK\2015.2\eclipse\win64.o\plugins\org.eclipse.cdt.core.win32.x86_64_5.2.0.201402142303\os\win32\x86_64\spawner.dll
0x000007feee4c0000 - 0x000007feee4db000 	C:\Xilinx\SDK\2015.2\lib\win64.o\librdi_sw_platform.dll
0x0000000074cc0000 - 0x0000000074cc3000 	C:\Windows\system32\icmp.Dll
0x000007feee280000 - 0x000007feee3a5000 	C:\Windows\system32\dbghelp.dll

VM Arguments:
jvm_args: -Dcom.xilinx.sdk.args.hwspec=C:/Users/Tung/Desktop/AXIS_Convolution_v1/axi_conv_fp_3x3/axi_conv_fp_3x3.sdk/design_1_wrapper.hdf -Xms64m -Xmx512m & 
java_command: <unknown>
java_class_path (initial): C:\Xilinx\SDK\2015.2\eclipse\win64.o\\plugins/org.eclipse.equinox.launcher_1.3.0.v20130327-1440.jar
Launcher Type: generic

Environment Variables:
USERNAME=Tung
OS=Windows_NT
PROCESSOR_IDENTIFIER=Intel64 Family 6 Model 60 Stepping 3, GenuineIntel



---------------  S Y S T E M  ---------------

OS: Windows 7 , 64 bit Build 7601 Service Pack 1

CPU:total 4 (4 cores per cpu, 1 threads per core) family 6 model 60 stepping 3, cmov, cx8, fxsr, mmx, sse, sse2, sse3, ssse3, sse4.1, sse4.2, popcnt, avx, avx2, aes, clmul, erms, lzcnt, tsc, tscinvbit, bmi1, bmi2

Memory: 4k page, physical 4110972k(833280k free), swap 8220100k(3645348k free)

vm_info: Java HotSpot(TM) 64-Bit Server VM (25.25-b02) for windows-amd64 JRE (1.8.0_25-b18), built on Oct  7 2014 14:25:37 by "java_re" with MS VC++ 10.0 (VS2010)

time: Fri Jul 27 09:11:45 2018
elapsed time: 362 seconds (0d 0h 6m 2s)

