#
# A fatal error has been detected by the Java Runtime Environment:
#
#  Internal Error (0xc000000d), pid=3720, tid=2532
#
# JRE version: Java(TM) SE Runtime Environment (8.0_25-b18) (build 1.8.0_25-b18)
# Java VM: Java HotSpot(TM) 64-Bit Server VM (25.25-b02 mixed mode windows-amd64 compressed oops)
# Problematic frame:
# C  [ntdll.dll+0x7a291]
#
# Failed to write core dump. Minidumps are not enabled by default on client versions of Windows
#
# If you would like to submit a bug report, please visit:
#   http://bugreport.sun.com/bugreport/crash.jsp
#

---------------  T H R E A D  ---------------

Current thread (0x0000000013b49800):  VMThread [stack: 0x0000000014bb0000,0x0000000014cb0000] [id=2532]

siginfo: ExceptionCode=0xc000000d

Registers:
RAX=0x0000000063cd2cda, RBX=0x0000000000000000, RCX=0x0000000014caed10, RDX=0x0000000000000000
RSP=0x0000000014caf320, RBP=0x000000001646a2b0, RSI=0x000007feede67408, RDI=0x0000000014caf468
R8 =0x0000000000000000, R9 =0x0000000000000000, R10=0x0000000000000000, R11=0x0000000000000246
R12=0x00000000002fcd40, R13=0x00000000002fc010, R14=0x000000001646a3b8, R15=0x0000000000000000
RIP=0x0000000077b5a291, EFLAGS=0x0000000000000202

Top of Stack: (sp=0x0000000014caf320)
0x0000000014caf320:   0000000000000000 000007feede67408
0x0000000014caf330:   0000000014caf468 0000000077ae0241
0x0000000014caf340:   000000002633a550 0000000014caf548
0x0000000014caf350:   0000000000000000 0000009a00000000
0x0000000014caf360:   0000000000000002 0000000000000101
0x0000000014caf370:   00000000c000000d 0000000000000000
0x0000000014caf380:   0000000077b5a291 0000000000000000
0x0000000014caf390:   0000000000000000 0000000000000000
0x0000000014caf3a0:   0000000000000000 0000000000000000
0x0000000014caf3b0:   0000000000000000 0000000000000000
0x0000000014caf3c0:   0000000000000000 0000000000000000
0x0000000014caf3d0:   0000000000000000 0000000000000000
0x0000000014caf3e0:   0000000000000000 0000000000000000
0x0000000014caf3f0:   0000000000000000 0000000000000000
0x0000000014caf400:   0000000000000000 0000000077b0c8d8
0x0000000014caf410:   0000000000000adc 0000000077a02fe8 

Instructions: (pc=0x0000000077b5a291)
0x0000000077b5a271:   5b 8c fd ff b9 57 00 00 00 c7 44 24 50 0d 00 00
0x0000000077b5a281:   c0 e8 49 8f fd ff 48 8d 4c 24 50 e8 cf f2 f9 ff
0x0000000077b5a291:   4c 8b 1d 40 81 0b 00 4d 85 db 74 5b 65 48 8b 04
0x0000000077b5a2a1:   25 30 00 00 00 f6 80 ee 17 00 00 08 74 12 65 48 


Register to memory mapping:

RAX=0x0000000063cd2cda is an unknown value
RBX=0x0000000000000000 is an unknown value
RCX=0x0000000014caed10 is an unknown value
RDX=0x0000000000000000 is an unknown value
RSP=0x0000000014caf320 is an unknown value
RBP=0x000000001646a2b0 is an unknown value
RSI=0x000007feede67408 is an unknown value
RDI=0x0000000014caf468 is an unknown value
R8 =0x0000000000000000 is an unknown value
R9 =0x0000000000000000 is an unknown value
R10=0x0000000000000000 is an unknown value
R11=0x0000000000000246 is an unknown value
R12=0x00000000002fcd40 is an unknown value
R13=0x00000000002fc010 is an unknown value
R14=0x000000001646a3b8 is an unknown value
R15=0x0000000000000000 is an unknown value


Stack: [0x0000000014bb0000,0x0000000014cb0000],  sp=0x0000000014caf320,  free space=1020k
Native frames: (J=compiled Java code, j=interpreted, Vv=VM code, C=native code)
C  [ntdll.dll+0x7a291]
C  [kernel32.dll+0x42fe8]
C  [MSVCR110.dll+0x752d]
C  [MSVCR110.dll+0x14cde]
C  [MSVCR110.dll+0x13edc]
C  [MSVCR110.dll+0x239e]
C  [MSVCR110.dll+0xaf9e]
C  [MSVCP110.dll+0x397b9]
C  [librdi_common.dll+0x135d02]
C  [librdi_common.dll+0x13447b]
C  [librdi_commontasks.dll+0x1cc33c]
C  [librdi_commontasks.dll+0x1cc5be]
C  [ntdll.dll+0x24371]
C  [ntdll.dll+0x24180]
C  [MSVCR100.dll+0x20ccd]
V  [jvm.dll+0x1f9c55]
V  [jvm.dll+0x2325e7]
V  [jvm.dll+0x231826]
V  [jvm.dll+0x231cc1]
V  [jvm.dll+0x231ede]
V  [jvm.dll+0x2852fa]
C  [MSVCR100.dll+0x21d9f]
C  [MSVCR100.dll+0x21e3b]
C  [kernel32.dll+0x1652d]
C  [ntdll.dll+0x2c521]

VM_Operation (0x000000000012f500): Exit, mode: safepoint, requested by thread 0x00000000024f8000


---------------  P R O C E S S  ---------------

Java Threads: ( => current thread )
  0x000000001711d000 JavaThread "Thread-13" daemon [_thread_blocked, id=4156, stack(0x00000000207a0000,0x00000000208a0000)]
  0x000000001b00f800 JavaThread "TCF Locator DNS Lookup" daemon [_thread_blocked, id=3952, stack(0x000000001f890000,0x000000001f990000)]
  0x000000001b00f000 JavaThread "TCF Locator Timer" daemon [_thread_blocked, id=2708, stack(0x000000001f790000,0x000000001f890000)]
  0x000000001b00e000 JavaThread "TCF Locator Receiver" daemon [_thread_in_native, id=3640, stack(0x0000000018580000,0x0000000018680000)]
  0x000000001711b800 JavaThread "TCF Timer Dispatcher" daemon [_thread_blocked, id=3296, stack(0x0000000018160000,0x0000000018260000)]
  0x0000000018eb6000 JavaThread "EMF Reference Cleaner" daemon [_thread_blocked, id=3848, stack(0x000000001a110000,0x000000001a210000)]
  0x000000001522c800 JavaThread "Service Thread" daemon [_thread_blocked, id=876, stack(0x00000000157b0000,0x00000000158b0000)]
  0x00000000151b3000 JavaThread "C1 CompilerThread2" daemon [_thread_blocked, id=536, stack(0x00000000156b0000,0x00000000157b0000)]
  0x00000000151b2000 JavaThread "C2 CompilerThread1" daemon [_thread_blocked, id=2540, stack(0x00000000155b0000,0x00000000156b0000)]
  0x0000000013bbc800 JavaThread "C2 CompilerThread0" daemon [_thread_blocked, id=3264, stack(0x00000000150b0000,0x00000000151b0000)]
  0x0000000013bb9800 JavaThread "Attach Listener" daemon [_thread_blocked, id=1800, stack(0x0000000014fb0000,0x00000000150b0000)]
  0x0000000013bb8800 JavaThread "Signal Dispatcher" daemon [_thread_blocked, id=3548, stack(0x0000000014eb0000,0x0000000014fb0000)]
  0x0000000013b56800 JavaThread "Finalizer" daemon [_thread_blocked, id=2044, stack(0x0000000014db0000,0x0000000014eb0000)]
  0x0000000013b4d800 JavaThread "Reference Handler" daemon [_thread_blocked, id=2528, stack(0x0000000014cb0000,0x0000000014db0000)]
  0x00000000024f8000 JavaThread "main" [_thread_blocked, id=2300, stack(0x0000000000030000,0x0000000000130000)]

Other Threads:
=>0x0000000013b49800 VMThread [stack: 0x0000000014bb0000,0x0000000014cb0000] [id=2532]

VM state:at safepoint (shutting down)

VM Mutex/Monitor currently owned by a thread:  ([mutex/lock_event])
[0x00000000027bdfb0] Threads_lock - owner thread: 0x0000000013b49800

Heap:
 PSYoungGen      total 124416K, used 47627K [0x00000000f5580000, 0x00000000ff900000, 0x0000000100000000)
  eden space 122368K, 38% used [0x00000000f5580000,0x00000000f8402fe0,0x00000000fcd00000)
  from space 2048K, 0% used [0x00000000fcd00000,0x00000000fcd00000,0x00000000fcf00000)
  to   space 22528K, 0% used [0x00000000fe300000,0x00000000fe300000,0x00000000ff900000)
 ParOldGen       total 98816K, used 37641K [0x00000000e0000000, 0x00000000e6080000, 0x00000000f5580000)
  object space 98816K, 38% used [0x00000000e0000000,0x00000000e24c2638,0x00000000e6080000)
 Metaspace       used 76161K, capacity 81600K, committed 81752K, reserved 1120256K
  class space    used 9202K, capacity 10968K, committed 11096K, reserved 1048576K

Card table byte_map: [0x0000000002640000,0x0000000002750000] byte_map_base: 0x0000000001f40000

Marking Bits: (ParMarkBitMap*) 0x000000006574d490
 Begin Bits: [0x00000000120c0000, 0x00000000128c0000)
 End Bits:   [0x00000000128c0000, 0x00000000130c0000)

Polling page: 0x0000000000220000

CodeCache: size=245760Kb used=33312Kb max_used=33616Kb free=212447Kb
 bounds [0x0000000002850000, 0x0000000004960000, 0x0000000011850000]
 total_blobs=10283 nmethods=9441 adapters=751
 compilation: enabled

Compilation events (10 events):
Event: 546.195 Thread 0x00000000151b3000 11586       1       org.eclipse.osgi.internal.loader.BundleLoaderProxy::getBasicBundleLoader (5 bytes)
Event: 546.195 Thread 0x00000000151b3000 nmethod 11586 0x0000000004187850 code [0x00000000041879a0, 0x0000000004187ab0]
Event: 546.195 Thread 0x00000000151b3000 11587       1       org.eclipse.osgi.internal.loader.BundleLoaderProxy::getBundleData (5 bytes)
Event: 546.195 Thread 0x00000000151b3000 nmethod 11587 0x0000000004563c10 code [0x0000000004563d60, 0x0000000004563e70]
Event: 546.201 Thread 0x0000000013bbc800 nmethod 11583 0x0000000002dbf510 code [0x0000000002dbf6e0, 0x0000000002dc05c8]
Event: 546.214 Thread 0x00000000151b2000 nmethod 11581 0x00000000044e49d0 code [0x00000000044e4c20, 0x00000000044e63c0]
Event: 546.224 Thread 0x00000000151b3000 11589   !   3       org.eclipse.osgi.internal.baseadaptor.BaseStorage::compact (215 bytes)
Event: 546.226 Thread 0x00000000151b3000 nmethod 11589 0x00000000047da150 code [0x00000000047da580, 0x00000000047dc9e8]
Event: 546.229 Thread 0x00000000151b3000 11590       3       org.eclipse.osgi.framework.internal.core.AbstractBundle::close (52 bytes)
Event: 546.230 Thread 0x00000000151b3000 nmethod 11590 0x0000000004461b10 code [0x0000000004461d40, 0x0000000004462a28]

GC Heap History (10 events):
Event: 390.001 GC heap before
{Heap before GC invocations=22 (full 7):
 PSYoungGen      total 145920K, used 1408K [0x00000000f5580000, 0x00000000ffb00000, 0x0000000100000000)
  eden space 122368K, 0% used [0x00000000f5580000,0x00000000f5580000,0x00000000fcd00000)
  from space 23552K, 5% used [0x00000000fcd00000,0x00000000fce60000,0x00000000fe400000)
  to   space 23552K, 0% used [0x00000000fe400000,0x00000000fe400000,0x00000000ffb00000)
 ParOldGen       total 98816K, used 44502K [0x00000000e0000000, 0x00000000e6080000, 0x00000000f5580000)
  object space 98816K, 45% used [0x00000000e0000000,0x00000000e2b75900,0x00000000e6080000)
 Metaspace       used 74368K, capacity 79820K, committed 79960K, reserved 1118208K
  class space    used 9059K, capacity 10777K, committed 10840K, reserved 1048576K
Event: 390.161 GC heap after
Heap after GC invocations=22 (full 7):
 PSYoungGen      total 145920K, used 0K [0x00000000f5580000, 0x00000000ffb00000, 0x0000000100000000)
  eden space 122368K, 0% used [0x00000000f5580000,0x00000000f5580000,0x00000000fcd00000)
  from space 23552K, 0% used [0x00000000fcd00000,0x00000000fcd00000,0x00000000fe400000)
  to   space 23552K, 0% used [0x00000000fe400000,0x00000000fe400000,0x00000000ffb00000)
 ParOldGen       total 98816K, used 44361K [0x00000000e0000000, 0x00000000e6080000, 0x00000000f5580000)
  object space 98816K, 44% used [0x00000000e0000000,0x00000000e2b52430,0x00000000e6080000)
 Metaspace       used 74368K, capacity 79820K, committed 79960K, reserved 1118208K
  class space    used 9059K, capacity 10777K, committed 10840K, reserved 1048576K
}
Event: 450.011 GC heap before
{Heap before GC invocations=23 (full 7):
 PSYoungGen      total 145920K, used 92802K [0x00000000f5580000, 0x00000000ffb00000, 0x0000000100000000)
  eden space 122368K, 75% used [0x00000000f5580000,0x00000000fb020be0,0x00000000fcd00000)
  from space 23552K, 0% used [0x00000000fcd00000,0x00000000fcd00000,0x00000000fe400000)
  to   space 23552K, 0% used [0x00000000fe400000,0x00000000fe400000,0x00000000ffb00000)
 ParOldGen       total 98816K, used 44361K [0x00000000e0000000, 0x00000000e6080000, 0x00000000f5580000)
  object space 98816K, 44% used [0x00000000e0000000,0x00000000e2b52430,0x00000000e6080000)
 Metaspace       used 74805K, capacity 80338K, committed 80472K, reserved 1118208K
  class space    used 9060K, capacity 10778K, committed 10840K, reserved 1048576K
Event: 450.013 GC heap after
Heap after GC invocations=23 (full 7):
 PSYoungGen      total 144896K, used 1792K [0x00000000f5580000, 0x00000000ffa00000, 0x0000000100000000)
  eden space 122368K, 0% used [0x00000000f5580000,0x00000000f5580000,0x00000000fcd00000)
  from space 22528K, 7% used [0x00000000fe400000,0x00000000fe5c0010,0x00000000ffa00000)
  to   space 23040K, 0% used [0x00000000fcd00000,0x00000000fcd00000,0x00000000fe380000)
 ParOldGen       total 98816K, used 44369K [0x00000000e0000000, 0x00000000e6080000, 0x00000000f5580000)
  object space 98816K, 44% used [0x00000000e0000000,0x00000000e2b54430,0x00000000e6080000)
 Metaspace       used 74805K, capacity 80338K, committed 80472K, reserved 1118208K
  class space    used 9060K, capacity 10778K, committed 10840K, reserved 1048576K
}
Event: 450.013 GC heap before
{Heap before GC invocations=24 (full 8):
 PSYoungGen      total 144896K, used 1792K [0x00000000f5580000, 0x00000000ffa00000, 0x0000000100000000)
  eden space 122368K, 0% used [0x00000000f5580000,0x00000000f5580000,0x00000000fcd00000)
  from space 22528K, 7% used [0x00000000fe400000,0x00000000fe5c0010,0x00000000ffa00000)
  to   space 23040K, 0% used [0x00000000fcd00000,0x00000000fcd00000,0x00000000fe380000)
 ParOldGen       total 98816K, used 44369K [0x00000000e0000000, 0x00000000e6080000, 0x00000000f5580000)
  object space 98816K, 44% used [0x00000000e0000000,0x00000000e2b54430,0x00000000e6080000)
 Metaspace       used 74805K, capacity 80338K, committed 80472K, reserved 1118208K
  class space    used 9060K, capacity 10778K, committed 10840K, reserved 1048576K
Event: 450.155 GC heap after
Heap after GC invocations=24 (full 8):
 PSYoungGen      total 144896K, used 0K [0x00000000f5580000, 0x00000000ffa00000, 0x0000000100000000)
  eden space 122368K, 0% used [0x00000000f5580000,0x00000000f5580000,0x00000000fcd00000)
  from space 22528K, 0% used [0x00000000fe400000,0x00000000fe400000,0x00000000ffa00000)
  to   space 23040K, 0% used [0x00000000fcd00000,0x00000000fcd00000,0x00000000fe380000)
 ParOldGen       total 98816K, used 44615K [0x00000000e0000000, 0x00000000e6080000, 0x00000000f5580000)
  object space 98816K, 45% used [0x00000000e0000000,0x00000000e2b91ce0,0x00000000e6080000)
 Metaspace       used 74805K, capacity 80338K, committed 80472K, reserved 1118208K
  class space    used 9060K, capacity 10778K, committed 10840K, reserved 1048576K
}
Event: 510.024 GC heap before
{Heap before GC invocations=25 (full 8):
 PSYoungGen      total 144896K, used 24907K [0x00000000f5580000, 0x00000000ffa00000, 0x0000000100000000)
  eden space 122368K, 20% used [0x00000000f5580000,0x00000000f6dd2c60,0x00000000fcd00000)
  from space 22528K, 0% used [0x00000000fe400000,0x00000000fe400000,0x00000000ffa00000)
  to   space 23040K, 0% used [0x00000000fcd00000,0x00000000fcd00000,0x00000000fe380000)
 ParOldGen       total 98816K, used 44615K [0x00000000e0000000, 0x00000000e6080000, 0x00000000f5580000)
  object space 98816K, 45% used [0x00000000e0000000,0x00000000e2b91ce0,0x00000000e6080000)
 Metaspace       used 75028K, capacity 80626K, committed 80728K, reserved 1120256K
  class space    used 9073K, capacity 10810K, committed 10840K, reserved 1048576K
Event: 510.026 GC heap after
Heap after GC invocations=25 (full 8):
 PSYoungGen      total 124416K, used 1664K [0x00000000f5580000, 0x00000000ff900000, 0x0000000100000000)
  eden space 122368K, 0% used [0x00000000f5580000,0x00000000f5580000,0x00000000fcd00000)
  from space 2048K, 81% used [0x00000000fcd00000,0x00000000fcea00f8,0x00000000fcf00000)
  to   space 22528K, 0% used [0x00000000fe300000,0x00000000fe300000,0x00000000ff900000)
 ParOldGen       total 98816K, used 44623K [0x00000000e0000000, 0x00000000e6080000, 0x00000000f5580000)
  object space 98816K, 45% used [0x00000000e0000000,0x00000000e2b93ce0,0x00000000e6080000)
 Metaspace       used 75028K, capacity 80626K, committed 80728K, reserved 1120256K
  class space    used 9073K, capacity 10810K, committed 10840K, reserved 1048576K
}
Event: 510.026 GC heap before
{Heap before GC invocations=26 (full 9):
 PSYoungGen      total 124416K, used 1664K [0x00000000f5580000, 0x00000000ff900000, 0x0000000100000000)
  eden space 122368K, 0% used [0x00000000f5580000,0x00000000f5580000,0x00000000fcd00000)
  from space 2048K, 81% used [0x00000000fcd00000,0x00000000fcea00f8,0x00000000fcf00000)
  to   space 22528K, 0% used [0x00000000fe300000,0x00000000fe300000,0x00000000ff900000)
 ParOldGen       total 98816K, used 44623K [0x00000000e0000000, 0x00000000e6080000, 0x00000000f5580000)
  object space 98816K, 45% used [0x00000000e0000000,0x00000000e2b93ce0,0x00000000e6080000)
 Metaspace       used 75028K, capacity 80626K, committed 80728K, reserved 1120256K
  class space    used 9073K, capacity 10810K, committed 10840K, reserved 1048576K
Event: 510.229 GC heap after
Heap after GC invocations=26 (full 9):
 PSYoungGen      total 124416K, used 0K [0x00000000f5580000, 0x00000000ff900000, 0x0000000100000000)
  eden space 122368K, 0% used [0x00000000f5580000,0x00000000f5580000,0x00000000fcd00000)
  from space 2048K, 0% used [0x00000000fcd00000,0x00000000fcd00000,0x00000000fcf00000)
  to   space 22528K, 0% used [0x00000000fe300000,0x00000000fe300000,0x00000000ff900000)
 ParOldGen       total 98816K, used 37641K [0x00000000e0000000, 0x00000000e6080000, 0x00000000f5580000)
  object space 98816K, 38% used [0x00000000e0000000,0x00000000e24c2638,0x00000000e6080000)
 Metaspace       used 75013K, capacity 80602K, committed 80728K, reserved 1120256K
  class space    used 9071K, capacity 10806K, committed 10840K, reserved 1048576K
}

Deoptimization events (10 events):
Event: 545.119 Thread 0x00000000024f8000 Uncommon trap: reason=class_check action=maybe_recompile pc=0x00000000046fccdc method=org.eclipse.swt.widgets.TypedListener.handleEvent(Lorg/eclipse/swt/widgets/Event;)V @ 1056
Event: 545.120 Thread 0x00000000024f8000 Uncommon trap: reason=unreached action=reinterpret pc=0x00000000042c589c method=org.eclipse.swt.widgets.Composite._getChildren()[Lorg/eclipse/swt/widgets/Control; @ 76
Event: 545.154 Thread 0x00000000024f8000 Uncommon trap: reason=unreached action=reinterpret pc=0x0000000003cc9a3c method=org.eclipse.swt.widgets.Display.drawMenuBars()V @ 4
Event: 545.428 Thread 0x000000001b012800 Uncommon trap: reason=bimorphic action=maybe_recompile pc=0x000000000351a4f8 method=java.util.Properties.load0(Ljava/util/Properties$LineReader;)V @ 242
Event: 545.481 Thread 0x00000000024f8000 Uncommon trap: reason=unreached action=reinterpret pc=0x0000000002f4f29c method=org.eclipse.e4.ui.internal.workbench.swt.PartRenderingEngine.someAreVisible(Ljava/util/List;)Z @ 41
Event: 545.515 Thread 0x00000000024f8000 Uncommon trap: reason=unreached action=reinterpret pc=0x0000000004288b4c method=org.eclipse.emf.ecore.xmi.impl.StringSegment.writeAscii(Ljava/io/OutputStream;I)V @ 117
Event: 545.535 Thread 0x000000001711a000 Uncommon trap: reason=unreached action=reinterpret pc=0x000000000486707c method=org.eclipse.core.internal.jobs.JobManager.createMonitor(Lorg/eclipse/core/runtime/jobs/Job;)Lorg/eclipse/core/runtime/IProgressMonitor; @ 6
Event: 546.148 Thread 0x00000000024f8000 Uncommon trap: reason=unreached action=reinterpret pc=0x0000000003231b50 method=org.eclipse.swt.widgets.Display.getDefault()Lorg/eclipse/swt/widgets/Display; @ 39
Event: 546.149 Thread 0x00000000024f8000 Uncommon trap: reason=null_check action=make_not_entrant pc=0x0000000003472e0c method=org.eclipse.core.runtime.internal.adaptor.EclipseLazyStarter.shouldActivateFor(Ljava/lang/String;Lorg/eclipse/osgi/baseadaptor/BaseData;Lorg/eclipse/core/runtime/internaln”ÙﬁÄÅ@
Event: 546.188 Thread 0x000000001711a000 Uncommon trap: reason=unreached action=reinterpret pc=0x000000000399a02c method=org.eclipse.core.internal.jobs.JobManager.nextJob()Lorg/eclipse/core/runtime/jobs/Job; @ 80

Internal exceptions (10 events):
Event: 542.736 Thread 0x000000001b010800 Exception <a 'java/lang/InterruptedException'> (0x00000000f5c364c0) thrown at [D:\re\workspace\8-2-build-windows-amd64-cygwin\jdk8u25\1677\hotspot\src\share\vm\runtime\objectMonitor.cpp, line 1682]
Event: 542.737 Thread 0x0000000016ea5000 Exception <a 'java/net/SocketException': Socket closed> (0x00000000f5cb0b00) thrown at [D:\re\workspace\8-2-build-windows-amd64-cygwin\jdk8u25\1677\hotspot\src\share\vm\prims\jni.cpp, line 742]
Event: 545.025 Thread 0x00000000024f8000 Implicit null exception at 0x00000000032fc083 to 0x00000000032fc4e5
Event: 545.026 Thread 0x00000000024f8000 Implicit null exception at 0x0000000002999469 to 0x000000000299a2f1
Event: 545.614 Thread 0x000000001b1b7000 Exception <a 'java/lang/InterruptedException'> (0x00000000f7db1b28) thrown at [D:\re\workspace\8-2-build-windows-amd64-cygwin\jdk8u25\1677\hotspot\src\share\vm\runtime\objectMonitor.cpp, line 1682]
Event: 546.149 Thread 0x00000000024f8000 Implicit null exception at 0x0000000003471ae7 to 0x0000000003472dfd
Event: 546.197 Thread 0x0000000017117000 Exception <a 'java/lang/InterruptedException'> (0x00000000f80ad260) thrown at [D:\re\workspace\8-2-build-windows-amd64-cygwin\jdk8u25\1677\hotspot\src\share\vm\runtime\objectMonitor.cpp, line 1682]
Event: 546.201 Thread 0x000000001552e800 Exception <a 'java/lang/InterruptedException': sleep interrupted> (0x00000000f81fcab8) thrown at [D:\re\workspace\8-2-build-windows-amd64-cygwin\jdk8u25\1677\hotspot\src\share\vm\prims\jvm.cpp, line 3141]
Event: 546.202 Thread 0x00000000161af000 Exception <a 'java/lang/InterruptedException'> (0x00000000f832e918) thrown at [D:\re\workspace\8-2-build-windows-amd64-cygwin\jdk8u25\1677\hotspot\src\share\vm\runtime\objectMonitor.cpp, line 1682]
Event: 546.229 Thread 0x000000001619c800 Exception <a 'java/lang/InterruptedException'> (0x00000000f81f7a30) thrown at [D:\re\workspace\8-2-build-windows-amd64-cygwin\jdk8u25\1677\hotspot\src\share\vm\runtime\objectMonitor.cpp, line 1682]

Events (10 events):
Event: 546.202 Thread 0x00000000161af000 Thread exited: 0x00000000161af000
Event: 546.229 Thread 0x000000001619c800 Thread exited: 0x000000001619c800
Event: 546.229 Thread 0x0000000015c29800 Thread exited: 0x0000000015c29800
Event: 546.230 loading class java/util/IdentityHashMap$KeyIterator
Event: 546.230 loading class java/util/IdentityHashMap$IdentityHashMapIterator
Event: 546.230 loading class java/util/IdentityHashMap$IdentityHashMapIterator done
Event: 546.230 loading class java/util/IdentityHashMap$KeyIterator done
Event: 546.230 Thread 0x0000000017117000 Thread added: 0x0000000017117000
Event: 546.230 Thread 0x0000000017117000 Thread exited: 0x0000000017117000
Event: 546.230 Executing VM operation: Exit


Dynamic libraries:
0x0000000000400000 - 0x000000000044f000 	C:\Xilinx\SDK\2015.2\eclipse\win64.o\eclipse.exe
0x0000000077ae0000 - 0x0000000077c89000 	C:\Windows\SYSTEM32\ntdll.dll
0x00000000779c0000 - 0x0000000077adf000 	C:\Windows\system32\kernel32.dll
0x000007fefdae0000 - 0x000007fefdb4b000 	C:\Windows\system32\KERNELBASE.dll
0x00000000778c0000 - 0x00000000779ba000 	C:\Windows\system32\USER32.dll
0x000007feffd80000 - 0x000007feffde7000 	C:\Windows\system32\GDI32.dll
0x000007fefde80000 - 0x000007fefde8e000 	C:\Windows\system32\LPK.dll
0x000007feffcb0000 - 0x000007feffd79000 	C:\Windows\system32\USP10.dll
0x000007fefe450000 - 0x000007fefe4ef000 	C:\Windows\system32\msvcrt.dll
0x000007fefc500000 - 0x000007fefc6f4000 	C:\Windows\WinSxS\amd64_microsoft.windows.common-controls_6595b64144ccf1df_6.0.7601.17514_none_fa396087175ac9ac\COMCTL32.dll
0x000007fefeb90000 - 0x000007fefec01000 	C:\Windows\system32\SHLWAPI.dll
0x000007feffb50000 - 0x000007feffb7e000 	C:\Windows\system32\IMM32.DLL
0x000007fefea80000 - 0x000007fefeb89000 	C:\Windows\system32\MSCTF.dll
0x0000000072000000 - 0x0000000072012000 	C:\Xilinx\SDK\2015.2\eclipse\win64.o\plugins\org.eclipse.equinox.launcher.win32.win32.x86_64_1.1.200.v20140116-2212\eclipse_1503.dll
0x000007fefe720000 - 0x000007fefe7fb000 	C:\Windows\system32\ADVAPI32.dll
0x000007fefec10000 - 0x000007fefec2f000 	C:\Windows\SYSTEM32\sechost.dll
0x000007feffa20000 - 0x000007feffb4d000 	C:\Windows\system32\RPCRT4.dll
0x000007fefcb90000 - 0x000007fefcb9c000 	C:\Windows\system32\VERSION.dll
0x000007fefc170000 - 0x000007fefc1c6000 	C:\Windows\system32\uxtheme.dll
0x0000000064f70000 - 0x00000000657ca000 	C:\Xilinx\SDK\2015.2\tps\win64\jre\bin\server\jvm.dll
0x000007fef9140000 - 0x000007fef9149000 	C:\Windows\system32\WSOCK32.dll
0x000007feffc60000 - 0x000007feffcad000 	C:\Windows\system32\WS2_32.dll
0x000007fefe190000 - 0x000007fefe198000 	C:\Windows\system32\NSI.dll
0x000007fefb3f0000 - 0x000007fefb42b000 	C:\Windows\system32\WINMM.dll
0x0000000077ca0000 - 0x0000000077ca7000 	C:\Windows\system32\PSAPI.DLL
0x0000000072fd0000 - 0x00000000730a2000 	C:\Windows\system32\MSVCR100.dll
0x000000006e710000 - 0x000000006e71f000 	C:\Xilinx\SDK\2015.2\tps\win64\jre\bin\verify.dll
0x00000000662c0000 - 0x00000000662e8000 	C:\Xilinx\SDK\2015.2\tps\win64\jre\bin\java.dll
0x00000000662a0000 - 0x00000000662b6000 	C:\Xilinx\SDK\2015.2\tps\win64\jre\bin\zip.dll
0x000007fefec30000 - 0x000007feff9b8000 	C:\Windows\system32\SHELL32.dll
0x000007fefe4f0000 - 0x000007fefe6f3000 	C:\Windows\system32\ole32.dll
0x000007fefda30000 - 0x000007fefda3f000 	C:\Windows\system32\profapi.dll
0x000007fefd2c0000 - 0x000007fefd2d7000 	C:\Windows\system32\CRYPTSP.dll
0x000007fefcfc0000 - 0x000007fefd007000 	C:\Windows\system32\rsaenh.dll
0x000007fefcd80000 - 0x000007fefcd9e000 	C:\Windows\system32\USERENV.dll
0x000007fefd8c0000 - 0x000007fefd8cf000 	C:\Windows\system32\CRYPTBASE.dll
0x0000000066280000 - 0x000000006629a000 	C:\Xilinx\SDK\2015.2\tps\win64\jre\bin\net.dll
0x000007fefd260000 - 0x000007fefd2b5000 	C:\Windows\system32\mswsock.dll
0x000007fefd250000 - 0x000007fefd257000 	C:\Windows\System32\wship6.dll
0x000007fefb2b0000 - 0x000007fefb2d7000 	C:\Windows\system32\IPHLPAPI.DLL
0x000007fefb2a0000 - 0x000007fefb2ab000 	C:\Windows\system32\WINNSI.DLL
0x000007fefb030000 - 0x000007fefb041000 	C:\Windows\system32\dhcpcsvc6.DLL
0x000007fefb050000 - 0x000007fefb068000 	C:\Windows\system32\dhcpcsvc.DLL
0x0000000066260000 - 0x0000000066271000 	C:\Xilinx\SDK\2015.2\tps\win64\jre\bin\nio.dll
0x000007fefe800000 - 0x000007fefe899000 	C:\Windows\system32\CLBCatQ.DLL
0x000007feffb80000 - 0x000007feffc57000 	C:\Windows\system32\OLEAUT32.dll
0x000007fefb9d0000 - 0x000007fefb9e5000 	C:\Windows\system32\NLAapi.dll
0x000007feed930000 - 0x000007feed945000 	C:\Windows\system32\napinsp.dll
0x000007feed910000 - 0x000007feed929000 	C:\Windows\system32\pnrpnsp.dll
0x000007fefd0e0000 - 0x000007fefd13b000 	C:\Windows\system32\DNSAPI.dll
0x000007feed900000 - 0x000007feed90b000 	C:\Windows\System32\winrnr.dll
0x000007fefcc60000 - 0x000007fefcc67000 	C:\Windows\System32\wshtcpip.dll
0x000007fefaa70000 - 0x000007fefaa78000 	C:\Windows\system32\rasadhlp.dll
0x000007fefb1d0000 - 0x000007fefb223000 	C:\Windows\System32\fwpuclnt.dll
0x0000000016a50000 - 0x0000000016af8000 	C:\Users\Tung\.Xilinx\SDK\2015.2\org.eclipse.osgi\bundles\287\1\.cp\swt-win32-4335.dll
0x000007fefe0f0000 - 0x000007fefe187000 	C:\Windows\system32\comdlg32.dll
0x000007fefb2f0000 - 0x000007fefb361000 	C:\Windows\system32\WINSPOOL.DRV
0x000007fefe320000 - 0x000007fefe44a000 	C:\Windows\system32\WININET.dll
0x000007fefe1a0000 - 0x000007fefe318000 	C:\Windows\system32\urlmon.dll
0x000007fefdbb0000 - 0x000007fefdd17000 	C:\Windows\system32\CRYPT32.dll
0x000007fefdad0000 - 0x000007fefdadf000 	C:\Windows\system32\MSASN1.dll
0x000007fefde90000 - 0x000007fefe0e9000 	C:\Windows\system32\iertutil.dll
0x000007fefbda0000 - 0x000007fefbdb8000 	C:\Windows\system32\dwmapi.dll
0x000007fefc230000 - 0x000007fefc35c000 	C:\Windows\system32\propsys.dll
0x00000000003b0000 - 0x00000000003ce000 	C:\Users\Tung\.Xilinx\SDK\2015.2\org.eclipse.osgi\bundles\287\1\.cp\swt-gdip-win32-4335.dll
0x000007fefbf50000 - 0x000007fefc165000 	C:\Windows\WinSxS\amd64_microsoft.windows.gdiplus_6595b64144ccf1df_1.1.7601.17514_none_2b24536c71ed437a\gdiplus.dll
0x000007fefbc30000 - 0x000007fefbd5a000 	C:\Windows\system32\WindowsCodecs.dll
0x0000000180000000 - 0x0000000180012000 	C:\Users\Tung\.Xilinx\SDK\2015.2\org.eclipse.osgi\bundles\113\1\.cp\os\win32\x86_64\localfile_1_0_0.dll
0x000007fee0560000 - 0x000007fee0571000 	C:\Users\Tung\.Xilinx\SDK\2015.2\org.eclipse.osgi\bundles\116\1\.cp\jWinHttp-1.0.0.dll
0x000007fef8220000 - 0x000007fef8291000 	C:\Windows\system32\WINHTTP.dll
0x000007fef81b0000 - 0x000007fef8214000 	C:\Windows\system32\webio.dll
0x000007fefd890000 - 0x000007fefd8b5000 	C:\Windows\system32\SspiCli.dll
0x000007fefce90000 - 0x000007fefce9a000 	C:\Windows\system32\credssp.dll
0x000007fefddc0000 - 0x000007fefddf6000 	C:\Windows\system32\CFGMGR32.dll
0x000007fefaea0000 - 0x000007fefaef4000 	C:\Windows\system32\oleacc.dll
0x000007fefda10000 - 0x000007fefda24000 	C:\Windows\system32\RpcRtRemote.dll
0x000007fefd9b0000 - 0x000007fefda07000 	C:\Windows\system32\apphelp.dll
0x000007feec200000 - 0x000007feec20a000 	C:\Xilinx\SDK\2015.2\lib\win64.o\librdi_jtag_settings.dll
0x000007fec5020000 - 0x000007fec5049000 	C:\Xilinx\SDK\2015.2\lib\win64.o\librdi_debug_dialog.dll
0x000007fedf1a0000 - 0x000007fedf1c2000 	C:\Xilinx\SDK\2015.2\lib\win64.o\libboost_filesystem.dll
0x000007feeca00000 - 0x000007feeca09000 	C:\Xilinx\SDK\2015.2\lib\win64.o\libboost_system.dll
0x000007feedd70000 - 0x000007feede17000 	C:\Windows\system32\MSVCP110.dll
0x000007feede60000 - 0x000007feedf34000 	C:\Windows\system32\MSVCR110.dll
0x000007fec4660000 - 0x000007fec4fa3000 	C:\Xilinx\SDK\2015.2\lib\win64.o\librdi_common.dll
0x000007fec5650000 - 0x000007fec58f8000 	C:\Xilinx\SDK\2015.2\lib\win64.o\libCOIN-all.dll
0x000007fec5430000 - 0x000007fec5650000 	C:\Xilinx\SDK\2015.2\lib\win64.o\libXil_lmgr11.dll
0x000007fefb5d0000 - 0x000007fefb5e6000 	C:\Windows\system32\NETAPI32.dll
0x000007fefb5c0000 - 0x000007fefb5cc000 	C:\Windows\system32\netutils.dll
0x000007fefd620000 - 0x000007fefd643000 	C:\Windows\system32\srvcli.dll
0x000007fefb5a0000 - 0x000007fefb5b5000 	C:\Windows\system32\wkscli.dll
0x000007fefdb50000 - 0x000007fefdb8a000 	C:\Windows\system32\WINTRUST.dll
0x000007feecd10000 - 0x000007feecd20000 	C:\Xilinx\SDK\2015.2\lib\win64.o\libboost_date_time.dll
0x000007fedf120000 - 0x000007fedf194000 	C:\Xilinx\SDK\2015.2\lib\win64.o\libboost_program_options.dll
0x000007fec5330000 - 0x000007fec542a000 	C:\Xilinx\SDK\2015.2\lib\win64.o\libboost_regex.dll
0x000007fedf100000 - 0x000007fedf113000 	C:\Xilinx\SDK\2015.2\lib\win64.o\libboost_signals.dll
0x000007fed82a0000 - 0x000007fed82bd000 	C:\Xilinx\SDK\2015.2\lib\win64.o\libboost_thread.dll
0x000007feea5f0000 - 0x000007feea5fb000 	C:\Xilinx\SDK\2015.2\lib\win64.o\libboost_chrono.dll
0x000007fed8220000 - 0x000007fed82a0000 	C:\Xilinx\SDK\2015.2\lib\win64.o\libhdlpsolve.dll
0x000007fec5290000 - 0x000007fec532a000 	C:\Xilinx\SDK\2015.2\lib\win64.o\libhdxml.dll
0x000007fec4050000 - 0x000007fec465a200 	C:\Xilinx\SDK\2015.2\lib\win64.o\libisl_iostreams.dll
0x000007fed8200000 - 0x000007fed8216000 	C:\Xilinx\SDK\2015.2\lib\win64.o\libboost_iostreams.dll
0x000007fecb350000 - 0x000007fecb373000 	C:\Xilinx\SDK\2015.2\lib\win64.o\librdizlib.dll
0x000007fec5260000 - 0x000007fec5283000 	C:\Xilinx\SDK\2015.2\lib\win64.o\libisl_iosutils.dll
0x000007fec5230000 - 0x000007fec525a000 	C:\Xilinx\SDK\2015.2\lib\win64.o\libisl_sysinfo.dll
0x000007fedf1d0000 - 0x000007fedf1e5000 	C:\Xilinx\SDK\2015.2\lib\win64.o\pthreadVC2.dll
0x000007fec51d0000 - 0x000007fec5224000 	C:\Xilinx\SDK\2015.2\lib\win64.o\librdi_commonxillic.dll
0x000007fec50a0000 - 0x000007fec51d0000 	C:\Xilinx\SDK\2015.2\lib\win64.o\librdi_curl.dll
0x000007fec9440000 - 0x000007fec9458000 	C:\Xilinx\SDK\2015.2\lib\win64.o\librdiconfig.dll
0x0000000066130000 - 0x0000000066257000 	C:\Xilinx\SDK\2015.2\lib\win64.o\tcl85t.dll
0x0000000020a20000 - 0x0000000020c83000 	C:\Xilinx\SDK\2015.2\lib\win64.o\xerces-c_3_1.dll
0x000007fee5c00000 - 0x000007fee5c23000 	C:\Windows\system32\VCOMP110.DLL
0x000007fec2ea0000 - 0x000007fec3088000 	C:\Xilinx\SDK\2015.2\lib\win64.o\librdi_hsm.dll
0x000007fec5050000 - 0x000007fec5093000 	C:\Xilinx\SDK\2015.2\lib\win64.o\librdi_hdf.dll
0x000007fec2ce0000 - 0x000007fec2e9a000 	C:\Xilinx\SDK\2015.2\lib\win64.o\librdi_ippcw.dll
0x000007fee87a0000 - 0x000007fee87a8000 	C:\Xilinx\SDK\2015.2\lib\win64.o\librdi_target_manager.dll
0x000007fecb340000 - 0x000007fecb350000 	C:\Xilinx\SDK\2015.2\lib\win64.o\librdi_repo_manager.dll
0x000007fefb380000 - 0x000007fefb387000 	C:\Windows\system32\msimg32.dll
0x000007febb450000 - 0x000007febb46c000 	C:\Xilinx\SDK\2015.2\lib\win64.o\librdi_hw_platform.dll
0x000007fec3c40000 - 0x000007fec404a000 	C:\Xilinx\SDK\2015.2\lib\win64.o\librdi_commontasks.dll
0x000007fec3430000 - 0x000007fec3c40000 	C:\Xilinx\SDK\2015.2\lib\win64.o\libXil_lmgr11FNP.dll
0x000007fef8aa0000 - 0x000007fef8aab000 	C:\Windows\system32\snmpapi.dll
0x000007fefe8a0000 - 0x000007fefea77000 	C:\Windows\system32\SETUPAPI.dll
0x000007fefdb90000 - 0x000007fefdbaa000 	C:\Windows\system32\DEVOBJ.dll
0x000007fec3090000 - 0x000007fec3425000 	C:\Xilinx\SDK\2015.2\lib\win64.o\librdi_hsmtasks.dll
0x000007fee4c80000 - 0x000007fee4c96000 	C:\Xilinx\SDK\2015.2\eclipse\win64.o\plugins\org.eclipse.cdt.core.win32.x86_64_5.2.0.201402142303\os\win32\x86_64\spawner.dll
0x00000000744b0000 - 0x00000000744b3000 	C:\Windows\system32\icmp.Dll
0x000007feef690000 - 0x000007feef7b5000 	C:\Windows\system32\dbghelp.dll

VM Arguments:
jvm_args: -Dcom.xilinx.sdk.args.hwspec=C:/Users/Tung/Desktop/AXIS_Convolution_v1/axi_conv_fp_3x3/axi_conv_fp_3x3.sdk/design_1_wrapper.hdf -Xms64m -Xmx512m & 
java_command: <unknown>
java_class_path (initial): C:\Xilinx\SDK\2015.2\eclipse\win64.o\\plugins/org.eclipse.equinox.launcher_1.3.0.v20130327-1440.jar
Launcher Type: generic

Environment Variables:
USERNAME=Tung
OS=Windows_NT
PROCESSOR_IDENTIFIER=Intel64 Family 6 Model 60 Stepping 3, GenuineIntel



---------------  S Y S T E M  ---------------

OS: Windows 7 , 64 bit Build 7601 Service Pack 1

CPU:total 4 (4 cores per cpu, 1 threads per core) family 6 model 60 stepping 3, cmov, cx8, fxsr, mmx, sse, sse2, sse3, ssse3, sse4.1, sse4.2, popcnt, avx, avx2, aes, clmul, erms, lzcnt, tsc, tscinvbit, bmi1, bmi2

Memory: 4k page, physical 4110972k(886524k free), swap 8220100k(4313420k free)

vm_info: Java HotSpot(TM) 64-Bit Server VM (25.25-b02) for windows-amd64 JRE (1.8.0_25-b18), built on Oct  7 2014 14:25:37 by "java_re" with MS VC++ 10.0 (VS2010)

time: Sat Jul 28 11:58:38 2018
elapsed time: 546 seconds (0d 0h 9m 6s)

