#-----------------------------------------------------------
# Vivado v2015.2 (64-bit)
# SW Build 1266856 on Fri Jun 26 16:35:25 MDT 2015
# IP Build 1264090 on Wed Jun 24 14:22:01 MDT 2015
# Start of session at: Wed Jul 25 14:20:15 2018
# Process ID: 1268
# Log file: C:/Users/Tung/Desktop/AXIS_Convolution_v1/axi_conv_fp_3x3/vivado.log
# Journal file: C:/Users/Tung/Desktop/AXIS_Convolution_v1/axi_conv_fp_3x3\vivado.jou
#-----------------------------------------------------------
start_gui
open_project C:/Users/Tung/Desktop/AXIS_Convolution_v1/axi_conv_fp_3x3/axi_conv_fp_3x3.xpr
Scanning sources...
Finished scanning sources
INFO: [IP_Flow 19-234] Refreshing IP repositories
INFO: [IP_Flow 19-1700] Loaded user IP repository 'c:/Users/Tung/Desktop/AXIS_Convolution_v1/ip_repo/axi_conv_fp_3x3_1.0'.
INFO: [IP_Flow 19-2313] Loaded Vivado IP repository 'C:/Xilinx/Vivado/2015.2/data/ip'.
open_project: Time (s): cpu = 00:00:14 ; elapsed = 00:00:14 . Memory (MB): peak = 758.195 ; gain = 197.531
ipx::edit_ip_in_project -upgrade true -name axi_conv_fp_3x3_v1_0_v1_0_project -directory C:/Users/Tung/Desktop/AXIS_Convolution_v1/axi_conv_fp_3x3/axi_conv_fp_3x3.tmp/axi_conv_fp_3x3_v1_0_v1_0_project c:/Users/Tung/Desktop/AXIS_Convolution_v1/ip_repo/axi_conv_fp_3x3_1.0/component.xml
INFO: [ProjectBase 1-489] The host OS only allows 260 characters in a normal path. The project is stored in a path with more than 80 characters. If you experience issues with IP, Block Designs, or files not being found, please consider moving the project to a location with a shorter path. Alternately consider using the OS subst command to map part of the path to a drive letter.
Current project path is 'c:/users/tung/desktop/axis_convolution_v1/axi_conv_fp_3x3/axi_conv_fp_3x3.tmp/axi_conv_fp_3x3_v1_0_v1_0_project'
INFO: [IP_Flow 19-234] Refreshing IP repositories
INFO: [IP_Flow 19-1704] No user IP repositories specified
INFO: [IP_Flow 19-2313] Loaded Vivado IP repository 'C:/Xilinx/Vivado/2015.2/data/ip'.
INFO: [IP_Flow 19-234] Refreshing IP repositories
INFO: [IP_Flow 19-1700] Loaded user IP repository 'c:/Users/Tung/Desktop/AXIS_Convolution_v1/ip_repo/axi_conv_fp_3x3_1.0'.
ipx::create_xgui_files [ipx::current_core]
ipx::update_checksums [ipx::current_core]
ipx::save_core [ipx::current_core]
close_project -delete
****** Webtalk v2015.2 (64-bit)
  **** SW Build 1266856 on Fri Jun 26 16:35:25 MDT 2015
  **** IP Build 1264090 on Wed Jun 24 14:22:01 MDT 2015
    ** Copyright 1986-2015 Xilinx, Inc. All Rights Reserved.

source c:/users/tung/desktop/axis_convolution_v1/axi_conv_fp_3x3/axi_conv_fp_3x3.tmp/axi_conv_fp_3x3_v1_0_v1_0_project/axi_conv_fp_3x3_v1_0_v1_0_project.hw/webtalk/labtool_webtalk.tcl -notrace
webtalk_transmit: Time (s): cpu = 00:00:00 ; elapsed = 00:00:09 . Memory (MB): peak = 88.629 ; gain = 0.066

    while executing
"webtalk_transmit -clientid 863624214 -regid "211455396_0_0_626" -xml c:/users/tung/desktop/axis_convolution_v1/axi_conv_fp_3x3/axi_conv_fp_3x3.tmp/axi..."
    (file "c:/users/tung/desktop/axis_convolution_v1/axi_conv_fp_3x3/axi_conv_fp_3x3.tmp/axi_conv_fp_3x3_v1_0_v1_0_project/axi_conv_fp_3x3_v1_0_v1_0_project.hw/w..." line 26)
INFO: [Common 17-206] Exiting Webtalk at Wed Jul 25 14:24:28 2018...
close_project: Time (s): cpu = 00:00:01 ; elapsed = 00:00:11 . Memory (MB): peak = 803.051 ; gain = 0.000
update_ip_catalog -rebuild -repo_path c:/Users/Tung/Desktop/AXIS_Convolution_v1/ip_repo/axi_conv_fp_3x3_1.0
INFO: [IP_Flow 19-725] Reloaded user IP repository 'c:/Users/Tung/Desktop/AXIS_Convolution_v1/ip_repo/axi_conv_fp_3x3_1.0'
open_bd_design {C:/Users/Tung/Desktop/AXIS_Convolution_v1/axi_conv_fp_3x3/axi_conv_fp_3x3.srcs/sources_1/bd/design_1/design_1.bd}
Adding component instance block -- xilinx.com:ip:processing_system7:5.5 - processing_system7_0
Adding component instance block -- xilinx.com:ip:axi_dma:7.1 - axi_dma_0
Adding component instance block -- xilinx.com:ip:proc_sys_reset:5.0 - rst_processing_system7_0_100M
Adding component instance block -- xilinx.com:ip:xlconstant:1.1 - xlconstant_0
Adding component instance block -- xilinx.com:ip:axi_gpio:2.0 - axi_gpio_0
Adding component instance block -- xilinx.com:user:axi_conv_fp_3x3:1.0 - axi_conv_fp_3x3_0
Adding component instance block -- xilinx.com:ip:axi_crossbar:2.1 - xbar
Adding component instance block -- xilinx.com:ip:axi_protocol_converter:2.1 - auto_pc
Adding component instance block -- xilinx.com:ip:axi_dwidth_converter:2.1 - auto_us
Adding component instance block -- xilinx.com:ip:axi_dwidth_converter:2.1 - auto_us
Adding component instance block -- xilinx.com:ip:axi_crossbar:2.1 - xbar
Adding component instance block -- xilinx.com:ip:axi_protocol_converter:2.1 - auto_pc
Successfully read diagram <design_1> from BD file <C:/Users/Tung/Desktop/AXIS_Convolution_v1/axi_conv_fp_3x3/axi_conv_fp_3x3.srcs/sources_1/bd/design_1/design_1.bd>
ipx::edit_ip_in_project -upgrade true -name axi_conv_fp_3x3_v1_0_v1_0_project -directory C:/Users/Tung/Desktop/AXIS_Convolution_v1/axi_conv_fp_3x3/axi_conv_fp_3x3.tmp/axi_conv_fp_3x3_v1_0_v1_0_project c:/Users/Tung/Desktop/AXIS_Convolution_v1/ip_repo/axi_conv_fp_3x3_1.0/component.xml
INFO: [ProjectBase 1-489] The host OS only allows 260 characters in a normal path. The project is stored in a path with more than 80 characters. If you experience issues with IP, Block Designs, or files not being found, please consider moving the project to a location with a shorter path. Alternately consider using the OS subst command to map part of the path to a drive letter.
Current project path is 'c:/users/tung/desktop/axis_convolution_v1/axi_conv_fp_3x3/axi_conv_fp_3x3.tmp/axi_conv_fp_3x3_v1_0_v1_0_project'
INFO: [IP_Flow 19-234] Refreshing IP repositories
INFO: [IP_Flow 19-1704] No user IP repositories specified
INFO: [IP_Flow 19-2313] Loaded Vivado IP repository 'C:/Xilinx/Vivado/2015.2/data/ip'.
INFO: [IP_Flow 19-234] Refreshing IP repositories
INFO: [IP_Flow 19-1700] Loaded user IP repository 'c:/Users/Tung/Desktop/AXIS_Convolution_v1/ip_repo/axi_conv_fp_3x3_1.0'.
launch_runs synth_1 -jobs 2
INFO: [HDL 9-2216] Analyzing Verilog file "c:/users/tung/desktop/axis_convolution_v1/ip_repo/axi_conv_fp_3x3_1.0/hdl/axi_conv_fp_3x3_v1_0.v" into library work [c:/users/tung/desktop/axis_convolution_v1/ip_repo/axi_conv_fp_3x3_1.0/hdl/axi_conv_fp_3x3_v1_0.v:1]
INFO: [HDL 9-2216] Analyzing Verilog file "c:/users/tung/desktop/axis_convolution_v1/ip_repo/axi_conv_fp_3x3_1.0/hdl/conv.v" into library work [c:/users/tung/desktop/axis_convolution_v1/ip_repo/axi_conv_fp_3x3_1.0/hdl/conv.v:1]
INFO: [HDL 9-2216] Analyzing Verilog file "c:/users/tung/desktop/axis_convolution_v1/ip_repo/axi_conv_fp_3x3_1.0/hdl/mac.v" into library work [c:/users/tung/desktop/axis_convolution_v1/ip_repo/axi_conv_fp_3x3_1.0/hdl/mac.v:1]
INFO: [HDL 9-2216] Analyzing Verilog file "c:/users/tung/desktop/axis_convolution_v1/ip_repo/axi_conv_fp_3x3_1.0/hdl/qadd.v" into library work [c:/users/tung/desktop/axis_convolution_v1/ip_repo/axi_conv_fp_3x3_1.0/hdl/qadd.v:1]
INFO: [HDL 9-2216] Analyzing Verilog file "c:/users/tung/desktop/axis_convolution_v1/ip_repo/axi_conv_fp_3x3_1.0/hdl/qmult.v" into library work [c:/users/tung/desktop/axis_convolution_v1/ip_repo/axi_conv_fp_3x3_1.0/hdl/qmult.v:1]
INFO: [HDL 9-2216] Analyzing Verilog file "c:/users/tung/desktop/axis_convolution_v1/ip_repo/axi_conv_fp_3x3_1.0/hdl/register.v" into library work [c:/users/tung/desktop/axis_convolution_v1/ip_repo/axi_conv_fp_3x3_1.0/hdl/register.v:1]
INFO: [HDL 9-2216] Analyzing Verilog file "c:/users/tung/desktop/axis_convolution_v1/ip_repo/axi_conv_fp_3x3_1.0/hdl/shift.v" into library work [c:/users/tung/desktop/axis_convolution_v1/ip_repo/axi_conv_fp_3x3_1.0/hdl/shift.v:1]
[Wed Jul 25 14:25:19 2018] Launched synth_1...
Run output will be captured here: c:/users/tung/desktop/axis_convolution_v1/axi_conv_fp_3x3/axi_conv_fp_3x3.tmp/axi_conv_fp_3x3_v1_0_v1_0_project/axi_conv_fp_3x3_v1_0_v1_0_project.runs/synth_1/runme.log
ipx::create_xgui_files [ipx::current_core]
ipx::update_checksums [ipx::current_core]
ipx::save_core [ipx::current_core]
close_project -delete
update_ip_catalog -rebuild -repo_path c:/Users/Tung/Desktop/AXIS_Convolution_v1/ip_repo/axi_conv_fp_3x3_1.0
INFO: [IP_Flow 19-725] Reloaded user IP repository 'c:/Users/Tung/Desktop/AXIS_Convolution_v1/ip_repo/axi_conv_fp_3x3_1.0'
