
*** Running vivado
    with args -log design_1_wrapper.vdi -applog -m64 -messageDb vivado.pb -mode batch -source design_1_wrapper.tcl -notrace


****** Vivado v2015.2 (64-bit)
  **** SW Build 1266856 on Fri Jun 26 16:35:25 MDT 2015
  **** IP Build 1264090 on Wed Jun 24 14:22:01 MDT 2015
    ** Copyright 1986-2015 Xilinx, Inc. All Rights Reserved.

source design_1_wrapper.tcl -notrace
Design is defaulting to srcset: sources_1
Design is defaulting to constrset: constrs_1
INFO: [Netlist 29-17] Analyzing 71 Unisim elements for replacement
INFO: [Netlist 29-28] Unisim Transformation completed in 0 CPU seconds
INFO: [Project 1-479] Netlist was created with Vivado 2015.2
INFO: [Device 21-403] Loading part xc7z020clg484-1
INFO: [Project 1-570] Preparing netlist for logic optimization
Parsing XDC File [c:/Users/Tung/Desktop/axi_dma_sg/axi_dma_sg.srcs/sources_1/bd/design_1/ip/design_1_axi_dma_0_0/design_1_axi_dma_0_0.xdc] for cell 'design_1_i/axi_dma_0/U0'
Finished Parsing XDC File [c:/Users/Tung/Desktop/axi_dma_sg/axi_dma_sg.srcs/sources_1/bd/design_1/ip/design_1_axi_dma_0_0/design_1_axi_dma_0_0.xdc] for cell 'design_1_i/axi_dma_0/U0'
Parsing XDC File [c:/Users/Tung/Desktop/axi_dma_sg/axi_dma_sg.srcs/sources_1/bd/design_1/ip/design_1_processing_system7_0_0/design_1_processing_system7_0_0.xdc] for cell 'design_1_i/processing_system7_0/inst'
Finished Parsing XDC File [c:/Users/Tung/Desktop/axi_dma_sg/axi_dma_sg.srcs/sources_1/bd/design_1/ip/design_1_processing_system7_0_0/design_1_processing_system7_0_0.xdc] for cell 'design_1_i/processing_system7_0/inst'
Parsing XDC File [c:/Users/Tung/Desktop/axi_dma_sg/axi_dma_sg.srcs/sources_1/bd/design_1/ip/design_1_axi_gpio_0_0/design_1_axi_gpio_0_0_board.xdc] for cell 'design_1_i/axi_gpio_0/U0'
Finished Parsing XDC File [c:/Users/Tung/Desktop/axi_dma_sg/axi_dma_sg.srcs/sources_1/bd/design_1/ip/design_1_axi_gpio_0_0/design_1_axi_gpio_0_0_board.xdc] for cell 'design_1_i/axi_gpio_0/U0'
Parsing XDC File [c:/Users/Tung/Desktop/axi_dma_sg/axi_dma_sg.srcs/sources_1/bd/design_1/ip/design_1_axi_gpio_0_0/design_1_axi_gpio_0_0.xdc] for cell 'design_1_i/axi_gpio_0/U0'
Finished Parsing XDC File [c:/Users/Tung/Desktop/axi_dma_sg/axi_dma_sg.srcs/sources_1/bd/design_1/ip/design_1_axi_gpio_0_0/design_1_axi_gpio_0_0.xdc] for cell 'design_1_i/axi_gpio_0/U0'
Parsing XDC File [c:/Users/Tung/Desktop/axi_dma_sg/axi_dma_sg.srcs/sources_1/bd/design_1/ip/design_1_axi_gpio_1_0/design_1_axi_gpio_1_0_board.xdc] for cell 'design_1_i/axi_gpio_1/U0'
Finished Parsing XDC File [c:/Users/Tung/Desktop/axi_dma_sg/axi_dma_sg.srcs/sources_1/bd/design_1/ip/design_1_axi_gpio_1_0/design_1_axi_gpio_1_0_board.xdc] for cell 'design_1_i/axi_gpio_1/U0'
Parsing XDC File [c:/Users/Tung/Desktop/axi_dma_sg/axi_dma_sg.srcs/sources_1/bd/design_1/ip/design_1_axi_gpio_1_0/design_1_axi_gpio_1_0.xdc] for cell 'design_1_i/axi_gpio_1/U0'
Finished Parsing XDC File [c:/Users/Tung/Desktop/axi_dma_sg/axi_dma_sg.srcs/sources_1/bd/design_1/ip/design_1_axi_gpio_1_0/design_1_axi_gpio_1_0.xdc] for cell 'design_1_i/axi_gpio_1/U0'
Parsing XDC File [c:/Users/Tung/Desktop/axi_dma_sg/axi_dma_sg.srcs/sources_1/bd/design_1/ip/design_1_rst_processing_system7_0_100M_0/design_1_rst_processing_system7_0_100M_0_board.xdc] for cell 'design_1_i/rst_processing_system7_0_100M'
Finished Parsing XDC File [c:/Users/Tung/Desktop/axi_dma_sg/axi_dma_sg.srcs/sources_1/bd/design_1/ip/design_1_rst_processing_system7_0_100M_0/design_1_rst_processing_system7_0_100M_0_board.xdc] for cell 'design_1_i/rst_processing_system7_0_100M'
Parsing XDC File [c:/Users/Tung/Desktop/axi_dma_sg/axi_dma_sg.srcs/sources_1/bd/design_1/ip/design_1_rst_processing_system7_0_100M_0/design_1_rst_processing_system7_0_100M_0.xdc] for cell 'design_1_i/rst_processing_system7_0_100M'
Finished Parsing XDC File [c:/Users/Tung/Desktop/axi_dma_sg/axi_dma_sg.srcs/sources_1/bd/design_1/ip/design_1_rst_processing_system7_0_100M_0/design_1_rst_processing_system7_0_100M_0.xdc] for cell 'design_1_i/rst_processing_system7_0_100M'
Parsing XDC File [c:/Users/Tung/Desktop/axi_dma_sg/axi_dma_sg.srcs/sources_1/bd/design_1/ip/design_1_axi_dma_0_0/design_1_axi_dma_0_0_clocks.xdc] for cell 'design_1_i/axi_dma_0/U0'
Finished Parsing XDC File [c:/Users/Tung/Desktop/axi_dma_sg/axi_dma_sg.srcs/sources_1/bd/design_1/ip/design_1_axi_dma_0_0/design_1_axi_dma_0_0_clocks.xdc] for cell 'design_1_i/axi_dma_0/U0'
Parsing XDC File [c:/Users/Tung/Desktop/axi_dma_sg/axi_dma_sg.srcs/sources_1/bd/design_1/ip/design_1_auto_us_0/design_1_auto_us_0_clocks.xdc] for cell 'design_1_i/axi_mem_intercon/s00_couplers/auto_us/inst'
Finished Parsing XDC File [c:/Users/Tung/Desktop/axi_dma_sg/axi_dma_sg.srcs/sources_1/bd/design_1/ip/design_1_auto_us_0/design_1_auto_us_0_clocks.xdc] for cell 'design_1_i/axi_mem_intercon/s00_couplers/auto_us/inst'
INFO: [Opt 31-138] Pushed 0 inverter(s) to 0 load pin(s).
INFO: [Project 1-111] Unisim Transformation Summary:
  A total of 4 instances were transformed.
  RAM32M => RAM32M (RAMD32, RAMD32, RAMD32, RAMD32, RAMD32, RAMD32, RAMS32, RAMS32): 4 instances

link_design: Time (s): cpu = 00:00:06 ; elapsed = 00:00:07 . Memory (MB): peak = 499.285 ; gain = 286.523
Command: opt_design
Attempting to get a license for feature 'Implementation' and/or device 'xc7z020'
INFO: [Common 17-349] Got license for feature 'Implementation' and/or device 'xc7z020'
Running DRC as a precondition to command opt_design

Starting DRC Task
INFO: [DRC 23-27] Running DRC with 2 threads
INFO: [Project 1-461] DRC finished with 0 Errors
INFO: [Project 1-462] Please refer to the DRC report (report_drc) for more information.

Time (s): cpu = 00:00:01 ; elapsed = 00:00:00.125 . Memory (MB): peak = 503.188 ; gain = 3.902
INFO: [Timing 38-35] Done setting XDC timing constraints.

Starting Logic Optimization Task

Phase 1 Retarget

INFO: [Opt 31-138] Pushed 1 inverter(s) to 4 load pin(s).
INFO: [Opt 31-49] Retargeted 0 cell(s).
Phase 1 Retarget | Checksum: c71cd7ad

Time (s): cpu = 00:00:00 ; elapsed = 00:00:00.374 . Memory (MB): peak = 980.816 ; gain = 0.000

Phase 2 Constant Propagation
INFO: [Opt 31-138] Pushed 1 inverter(s) to 7 load pin(s).
INFO: [Opt 31-10] Eliminated 173 cells.
Phase 2 Constant Propagation | Checksum: 16568bab1

Time (s): cpu = 00:00:01 ; elapsed = 00:00:00.920 . Memory (MB): peak = 980.816 ; gain = 0.000

Phase 3 Sweep
INFO: [Opt 31-12] Eliminated 553 unconnected nets.
INFO: [Opt 31-11] Eliminated 256 unconnected cells.
Phase 3 Sweep | Checksum: 15a755cee

Time (s): cpu = 00:00:02 ; elapsed = 00:00:02 . Memory (MB): peak = 980.816 ; gain = 0.000

Starting Connectivity Check Task

Time (s): cpu = 00:00:00 ; elapsed = 00:00:00.015 . Memory (MB): peak = 980.816 ; gain = 0.000
Ending Logic Optimization Task | Checksum: 15a755cee

Time (s): cpu = 00:00:02 ; elapsed = 00:00:02 . Memory (MB): peak = 980.816 ; gain = 0.000
Implement Debug Cores | Checksum: 1603ea460
Logic Optimization | Checksum: 1603ea460

Starting Power Optimization Task
INFO: [Pwropt 34-132] Skipping clock gating for clocks with a period < 3.13 ns.
INFO: [Pwropt 34-9] Applying IDT optimizations ...
INFO: [Pwropt 34-10] Applying ODC optimizations ...


Starting PowerOpt Patch Enables Task
INFO: [Pwropt 34-162] WRITE_MODE attribute of 0 BRAM(s) out of a total of 1 has been updated to save power. Run report_power_opt to get a complete listing of the BRAMs updated.
INFO: [Pwropt 34-201] Structural ODC has moved 0 WE to EN ports
Number of BRAM Ports augmented: 2 newly gated: 0 Total Ports: 2
Ending PowerOpt Patch Enables Task | Checksum: 1e16a4938

Time (s): cpu = 00:00:00 ; elapsed = 00:00:00.015 . Memory (MB): peak = 1009.832 ; gain = 0.000
Ending Power Optimization Task | Checksum: 1e16a4938

Time (s): cpu = 00:00:01 ; elapsed = 00:00:00.718 . Memory (MB): peak = 1009.832 ; gain = 29.016
INFO: [Common 17-83] Releasing license: Implementation
24 Infos, 0 Warnings, 0 Critical Warnings and 0 Errors encountered.
opt_design completed successfully
opt_design: Time (s): cpu = 00:00:14 ; elapsed = 00:00:14 . Memory (MB): peak = 1009.832 ; gain = 510.547
Writing placer database...
Writing XDEF routing.
Writing XDEF routing logical nets.
Writing XDEF routing special nets.
Write XDEF Complete: Time (s): cpu = 00:00:00 ; elapsed = 00:00:00.062 . Memory (MB): peak = 1009.832 ; gain = 0.000
INFO: [DRC 23-27] Running DRC with 2 threads
INFO: [Coretcl 2-168] The results of DRC are in file C:/Users/Tung/Desktop/axi_dma_sg/axi_dma_sg.runs/impl_1/design_1_wrapper_drc_opted.rpt.
Command: place_design
Attempting to get a license for feature 'Implementation' and/or device 'xc7z020'
INFO: [Common 17-349] Got license for feature 'Implementation' and/or device 'xc7z020'
INFO: [DRC 23-27] Running DRC with 2 threads
INFO: [Vivado_Tcl 4-198] DRC finished with 0 Errors
INFO: [Vivado_Tcl 4-199] Please refer to the DRC report (report_drc) for more information.
Running DRC as a precondition to command place_design
INFO: [DRC 23-27] Running DRC with 2 threads
INFO: [Vivado_Tcl 4-198] DRC finished with 0 Errors
INFO: [Vivado_Tcl 4-199] Please refer to the DRC report (report_drc) for more information.

Starting Placer Task
INFO: [Place 30-611] Multithreading enabled for place_design using a maximum of 2 CPUs

Phase 1 Placer Runtime Estimator
Phase 1 Placer Runtime Estimator | Checksum: 1202c7472

Time (s): cpu = 00:00:00 ; elapsed = 00:00:00.078 . Memory (MB): peak = 1009.832 ; gain = 0.000

Phase 2 Placer Initialization
Netlist sorting complete. Time (s): cpu = 00:00:00 ; elapsed = 00:00:00.016 . Memory (MB): peak = 1009.832 ; gain = 0.000
INFO: [Opt 31-138] Pushed 2 inverter(s) to 7 load pin(s).
Netlist sorting complete. Time (s): cpu = 00:00:00 ; elapsed = 00:00:00.016 . Memory (MB): peak = 1009.832 ; gain = 0.000

Phase 2.1 IO Placement/ Clock Placement/ Build Placer Device

Phase 2.1.1 Pre-Place Cells
Phase 2.1.1 Pre-Place Cells | Checksum: 4589089f

Time (s): cpu = 00:00:00 ; elapsed = 00:00:00.343 . Memory (MB): peak = 1009.832 ; gain = 0.000
WARNING: [Place 30-12] An IO Bus FIXED_IO_mio with more than one IO standard is found. Components associated with this bus are: 
	FIXED_IO_mio[53] of IOStandard LVCMOS18
	FIXED_IO_mio[52] of IOStandard LVCMOS18
	FIXED_IO_mio[51] of IOStandard LVCMOS18
	FIXED_IO_mio[50] of IOStandard LVCMOS18
	FIXED_IO_mio[49] of IOStandard LVCMOS18
	FIXED_IO_mio[48] of IOStandard LVCMOS18
	FIXED_IO_mio[47] of IOStandard LVCMOS18
	FIXED_IO_mio[46] of IOStandard LVCMOS18
	FIXED_IO_mio[45] of IOStandard LVCMOS18
	FIXED_IO_mio[44] of IOStandard LVCMOS18
	FIXED_IO_mio[43] of IOStandard LVCMOS18
	FIXED_IO_mio[42] of IOStandard LVCMOS18
	FIXED_IO_mio[41] of IOStandard LVCMOS18
	FIXED_IO_mio[40] of IOStandard LVCMOS18
	FIXED_IO_mio[39] of IOStandard LVCMOS18
	FIXED_IO_mio[38] of IOStandard LVCMOS18
	FIXED_IO_mio[37] of IOStandard LVCMOS18
	FIXED_IO_mio[36] of IOStandard LVCMOS18
	FIXED_IO_mio[35] of IOStandard LVCMOS18
	FIXED_IO_mio[34] of IOStandard LVCMOS18
	FIXED_IO_mio[33] of IOStandard LVCMOS18
	FIXED_IO_mio[32] of IOStandard LVCMOS18
	FIXED_IO_mio[31] of IOStandard LVCMOS18
	FIXED_IO_mio[30] of IOStandard LVCMOS18
	FIXED_IO_mio[29] of IOStandard LVCMOS18
	FIXED_IO_mio[28] of IOStandard LVCMOS18
	FIXED_IO_mio[27] of IOStandard LVCMOS18
	FIXED_IO_mio[26] of IOStandard LVCMOS18
	FIXED_IO_mio[25] of IOStandard LVCMOS18
	FIXED_IO_mio[24] of IOStandard LVCMOS18
	FIXED_IO_mio[23] of IOStandard LVCMOS18
	FIXED_IO_mio[22] of IOStandard LVCMOS18
	FIXED_IO_mio[21] of IOStandard LVCMOS18
	FIXED_IO_mio[20] of IOStandard LVCMOS18
	FIXED_IO_mio[19] of IOStandard LVCMOS18
	FIXED_IO_mio[18] of IOStandard LVCMOS18
	FIXED_IO_mio[17] of IOStandard LVCMOS18
	FIXED_IO_mio[16] of IOStandard LVCMOS18
	FIXED_IO_mio[15] of IOStandard LVCMOS33
	FIXED_IO_mio[14] of IOStandard LVCMOS33
	FIXED_IO_mio[13] of IOStandard LVCMOS33
	FIXED_IO_mio[12] of IOStandard LVCMOS33
	FIXED_IO_mio[11] of IOStandard LVCMOS33
	FIXED_IO_mio[10] of IOStandard LVCMOS33
	FIXED_IO_mio[9] of IOStandard LVCMOS33
	FIXED_IO_mio[8] of IOStandard LVCMOS33
	FIXED_IO_mio[7] of IOStandard LVCMOS33
	FIXED_IO_mio[6] of IOStandard LVCMOS33
	FIXED_IO_mio[5] of IOStandard LVCMOS33
	FIXED_IO_mio[4] of IOStandard LVCMOS33
	FIXED_IO_mio[3] of IOStandard LVCMOS33
	FIXED_IO_mio[2] of IOStandard LVCMOS33
	FIXED_IO_mio[1] of IOStandard LVCMOS33
	FIXED_IO_mio[0] of IOStandard LVCMOS33
INFO: [Timing 38-35] Done setting XDC timing constraints.

Phase 2.1.2 IO & Clk Clean Up
Phase 2.1.2 IO & Clk Clean Up | Checksum: 4589089f

Time (s): cpu = 00:00:02 ; elapsed = 00:00:02 . Memory (MB): peak = 1010.461 ; gain = 0.629

Phase 2.1.3 Implementation Feasibility check On IDelay
Phase 2.1.3 Implementation Feasibility check On IDelay | Checksum: 4589089f

Time (s): cpu = 00:00:02 ; elapsed = 00:00:02 . Memory (MB): peak = 1010.461 ; gain = 0.629

Phase 2.1.4 Commit IO Placement
Phase 2.1.4 Commit IO Placement | Checksum: da62e959

Time (s): cpu = 00:00:02 ; elapsed = 00:00:02 . Memory (MB): peak = 1010.461 ; gain = 0.629
Phase 2.1 IO Placement/ Clock Placement/ Build Placer Device | Checksum: e0dc3484

Time (s): cpu = 00:00:02 ; elapsed = 00:00:02 . Memory (MB): peak = 1010.461 ; gain = 0.629

Phase 2.2 Build Placer Netlist Model

Phase 2.2.1 Place Init Design

Phase 2.2.1.1 Init Lut Pin Assignment
Phase 2.2.1.1 Init Lut Pin Assignment | Checksum: 1571e5643

Time (s): cpu = 00:00:03 ; elapsed = 00:00:02 . Memory (MB): peak = 1010.461 ; gain = 0.629
Phase 2.2.1 Place Init Design | Checksum: 24078c0e7

Time (s): cpu = 00:00:04 ; elapsed = 00:00:03 . Memory (MB): peak = 1010.461 ; gain = 0.629
Phase 2.2 Build Placer Netlist Model | Checksum: 24078c0e7

Time (s): cpu = 00:00:04 ; elapsed = 00:00:03 . Memory (MB): peak = 1010.461 ; gain = 0.629

Phase 2.3 Constrain Clocks/Macros

Phase 2.3.1 Constrain Global/Regional Clocks
Phase 2.3.1 Constrain Global/Regional Clocks | Checksum: 24078c0e7

Time (s): cpu = 00:00:04 ; elapsed = 00:00:03 . Memory (MB): peak = 1010.461 ; gain = 0.629
Phase 2.3 Constrain Clocks/Macros | Checksum: 24078c0e7

Time (s): cpu = 00:00:04 ; elapsed = 00:00:03 . Memory (MB): peak = 1010.461 ; gain = 0.629
Phase 2 Placer Initialization | Checksum: 24078c0e7

Time (s): cpu = 00:00:04 ; elapsed = 00:00:03 . Memory (MB): peak = 1010.461 ; gain = 0.629

Phase 3 Global Placement
Phase 3 Global Placement | Checksum: 1b3094c5b

Time (s): cpu = 00:00:08 ; elapsed = 00:00:05 . Memory (MB): peak = 1010.461 ; gain = 0.629

Phase 4 Detail Placement

Phase 4.1 Commit Multi Column Macros
Phase 4.1 Commit Multi Column Macros | Checksum: 1b3094c5b

Time (s): cpu = 00:00:08 ; elapsed = 00:00:05 . Memory (MB): peak = 1010.461 ; gain = 0.629

Phase 4.2 Commit Most Macros & LUTRAMs
Phase 4.2 Commit Most Macros & LUTRAMs | Checksum: 13514049f

Time (s): cpu = 00:00:09 ; elapsed = 00:00:06 . Memory (MB): peak = 1010.461 ; gain = 0.629

Phase 4.3 Area Swap Optimization
Phase 4.3 Area Swap Optimization | Checksum: beb7ee1d

Time (s): cpu = 00:00:09 ; elapsed = 00:00:06 . Memory (MB): peak = 1010.461 ; gain = 0.629

Phase 4.4 updateClock Trees: DP
Phase 4.4 updateClock Trees: DP | Checksum: beb7ee1d

Time (s): cpu = 00:00:09 ; elapsed = 00:00:06 . Memory (MB): peak = 1010.461 ; gain = 0.629

Phase 4.5 Timing Path Optimizer
Phase 4.5 Timing Path Optimizer | Checksum: 1096522d9

Time (s): cpu = 00:00:09 ; elapsed = 00:00:06 . Memory (MB): peak = 1010.461 ; gain = 0.629

Phase 4.6 Small Shape Detail Placement

Phase 4.6.1 Commit Small Macros & Core Logic

Phase 4.6.1.1 setBudgets
Phase 4.6.1.1 setBudgets | Checksum: ff6c3739

Time (s): cpu = 00:00:09 ; elapsed = 00:00:06 . Memory (MB): peak = 1010.461 ; gain = 0.629

Phase 4.6.1.2 Commit Slice Clusters
Phase 4.6.1.2 Commit Slice Clusters | Checksum: a41305fa

Time (s): cpu = 00:00:10 ; elapsed = 00:00:07 . Memory (MB): peak = 1010.461 ; gain = 0.629
Phase 4.6.1 Commit Small Macros & Core Logic | Checksum: a41305fa

Time (s): cpu = 00:00:10 ; elapsed = 00:00:07 . Memory (MB): peak = 1010.461 ; gain = 0.629

Phase 4.6.2 Clock Restriction Legalization for Leaf Columns
Phase 4.6.2 Clock Restriction Legalization for Leaf Columns | Checksum: a41305fa

Time (s): cpu = 00:00:10 ; elapsed = 00:00:07 . Memory (MB): peak = 1010.461 ; gain = 0.629

Phase 4.6.3 Clock Restriction Legalization for Non-Clock Pins
Phase 4.6.3 Clock Restriction Legalization for Non-Clock Pins | Checksum: a41305fa

Time (s): cpu = 00:00:10 ; elapsed = 00:00:07 . Memory (MB): peak = 1010.461 ; gain = 0.629
Phase 4.6 Small Shape Detail Placement | Checksum: a41305fa

Time (s): cpu = 00:00:10 ; elapsed = 00:00:07 . Memory (MB): peak = 1010.461 ; gain = 0.629

Phase 4.7 Re-assign LUT pins
Phase 4.7 Re-assign LUT pins | Checksum: a41305fa

Time (s): cpu = 00:00:10 ; elapsed = 00:00:07 . Memory (MB): peak = 1010.461 ; gain = 0.629
Phase 4 Detail Placement | Checksum: a41305fa

Time (s): cpu = 00:00:10 ; elapsed = 00:00:07 . Memory (MB): peak = 1010.461 ; gain = 0.629

Phase 5 Post Placement Optimization and Clean-Up

Phase 5.1 PCOPT Shape updates
Phase 5.1 PCOPT Shape updates | Checksum: 134e15e97

Time (s): cpu = 00:00:10 ; elapsed = 00:00:07 . Memory (MB): peak = 1010.461 ; gain = 0.629

Phase 6 Post Commit Optimization

Phase 6.1 updateClock Trees: PCOPT
Phase 6.1 updateClock Trees: PCOPT | Checksum: 134e15e97

Time (s): cpu = 00:00:10 ; elapsed = 00:00:07 . Memory (MB): peak = 1010.461 ; gain = 0.629

Phase 6.2 Post Placement Optimization

Phase 6.2.1 Post Placement Timing Optimization
INFO: [Place 30-746] Post Placement Timing Summary WNS=3.017. For the most accurate timing information please run report_timing.
Phase 6.2.1 Post Placement Timing Optimization | Checksum: a51715a8

Time (s): cpu = 00:00:11 ; elapsed = 00:00:07 . Memory (MB): peak = 1010.461 ; gain = 0.629
Phase 6.2 Post Placement Optimization | Checksum: a51715a8

Time (s): cpu = 00:00:11 ; elapsed = 00:00:07 . Memory (MB): peak = 1010.461 ; gain = 0.629
Phase 6 Post Commit Optimization | Checksum: a51715a8

Time (s): cpu = 00:00:11 ; elapsed = 00:00:07 . Memory (MB): peak = 1010.461 ; gain = 0.629

Phase 5.2 Sweep Clock Roots: Post-Placement
Phase 5.2 Sweep Clock Roots: Post-Placement | Checksum: a51715a8

Time (s): cpu = 00:00:11 ; elapsed = 00:00:07 . Memory (MB): peak = 1010.461 ; gain = 0.629

Phase 5.3 Post Placement Cleanup
Phase 5.3 Post Placement Cleanup | Checksum: a51715a8

Time (s): cpu = 00:00:11 ; elapsed = 00:00:07 . Memory (MB): peak = 1010.461 ; gain = 0.629

Phase 5.4 Placer Reporting

Phase 5.4.1 Restore STA
Phase 5.4.1 Restore STA | Checksum: a51715a8

Time (s): cpu = 00:00:11 ; elapsed = 00:00:07 . Memory (MB): peak = 1010.461 ; gain = 0.629
Phase 5.4 Placer Reporting | Checksum: a51715a8

Time (s): cpu = 00:00:11 ; elapsed = 00:00:07 . Memory (MB): peak = 1010.461 ; gain = 0.629

Phase 5.5 Final Placement Cleanup
Phase 5.5 Final Placement Cleanup | Checksum: bd0b17a8

Time (s): cpu = 00:00:11 ; elapsed = 00:00:07 . Memory (MB): peak = 1010.461 ; gain = 0.629
Phase 5 Post Placement Optimization and Clean-Up | Checksum: bd0b17a8

Time (s): cpu = 00:00:11 ; elapsed = 00:00:07 . Memory (MB): peak = 1010.461 ; gain = 0.629
Ending Placer Task | Checksum: 4e21b70e

Time (s): cpu = 00:00:11 ; elapsed = 00:00:07 . Memory (MB): peak = 1010.461 ; gain = 0.629
INFO: [Common 17-83] Releasing license: Implementation
38 Infos, 1 Warnings, 0 Critical Warnings and 0 Errors encountered.
place_design completed successfully
place_design: Time (s): cpu = 00:00:12 ; elapsed = 00:00:08 . Memory (MB): peak = 1010.461 ; gain = 0.629
Writing placer database...
Writing XDEF routing.
Writing XDEF routing logical nets.
Writing XDEF routing special nets.
Write XDEF Complete: Time (s): cpu = 00:00:02 ; elapsed = 00:00:00.406 . Memory (MB): peak = 1010.461 ; gain = 0.000
report_io: Time (s): cpu = 00:00:00 ; elapsed = 00:00:00.063 . Memory (MB): peak = 1010.461 ; gain = 0.000
report_utilization: Time (s): cpu = 00:00:01 ; elapsed = 00:00:00.093 . Memory (MB): peak = 1010.461 ; gain = 0.000
report_control_sets: Time (s): cpu = 00:00:00 ; elapsed = 00:00:00.016 . Memory (MB): peak = 1010.461 ; gain = 0.000
Command: route_design
Attempting to get a license for feature 'Implementation' and/or device 'xc7z020'
INFO: [Common 17-349] Got license for feature 'Implementation' and/or device 'xc7z020'
Running DRC as a precondition to command route_design
INFO: [DRC 23-27] Running DRC with 2 threads
WARNING: [DRC 23-20] Rule violation (PLIO-7) Placement Constraints Check for IO constraints - An IO Bus FIXED_IO_mio[53:0] with more than one IO standard is found. Components associated with this bus are:  FIXED_IO_mio[53] of IOStandard LVCMOS18; FIXED_IO_mio[52] of IOStandard LVCMOS18; FIXED_IO_mio[51] of IOStandard LVCMOS18; FIXED_IO_mio[50] of IOStandard LVCMOS18; FIXED_IO_mio[49] of IOStandard LVCMOS18; FIXED_IO_mio[48] of IOStandard LVCMOS18; FIXED_IO_mio[47] of IOStandard LVCMOS18; FIXED_IO_mio[46] of IOStandard LVCMOS18; FIXED_IO_mio[45] of IOStandard LVCMOS18; FIXED_IO_mio[44] of IOStandard LVCMOS18; FIXED_IO_mio[43] of IOStandard LVCMOS18; FIXED_IO_mio[42] of IOStandard LVCMOS18; FIXED_IO_mio[41] of IOStandard LVCMOS18; FIXED_IO_mio[40] of IOStandard LVCMOS18; FIXED_IO_mio[39] of IOStandard LVCMOS18; FIXED_IO_mio[38] of IOStandard LVCMOS18; FIXED_IO_mio[37] of IOStandard LVCMOS18; FIXED_IO_mio[36] of IOStandard LVCMOS18; FIXED_IO_mio[35] of IOStandard LVCMOS18; FIXED_IO_mio[34] of IOStandard LVCMOS18; FIXED_IO_mio[33] of IOStandard LVCMOS18; FIXED_IO_mio[32] of IOStandard LVCMOS18; FIXED_IO_mio[31] of IOStandard LVCMOS18; FIXED_IO_mio[30] of IOStandard LVCMOS18; FIXED_IO_mio[29] of IOStandard LVCMOS18; FIXED_IO_mio[28] of IOStandard LVCMOS18; FIXED_IO_mio[27] of IOStandard LVCMOS18; FIXED_IO_mio[26] of IOStandard LVCMOS18; FIXED_IO_mio[25] of IOStandard LVCMOS18; FIXED_IO_mio[24] of IOStandard LVCMOS18; FIXED_IO_mio[23] of IOStandard LVCMOS18; FIXED_IO_mio[22] of IOStandard LVCMOS18; FIXED_IO_mio[21] of IOStandard LVCMOS18; FIXED_IO_mio[20] of IOStandard LVCMOS18; FIXED_IO_mio[19] of IOStandard LVCMOS18; FIXED_IO_mio[18] of IOStandard LVCMOS18; FIXED_IO_mio[17] of IOStandard LVCMOS18; FIXED_IO_mio[16] of IOStandard LVCMOS18; FIXED_IO_mio[15] of IOStandard LVCMOS33; FIXED_IO_mio[14] of IOStandard LVCMOS33; FIXED_IO_mio[13] of IOStandard LVCMOS33; FIXED_IO_mio[12] of IOStandard LVCMOS33; FIXED_IO_mio[11] of IOStandard LVCMOS33; FIXED_IO_mio[10] of IOStandard LVCMOS33; FIXED_IO_mio[9] of IOStandard LVCMOS33; FIXED_IO_mio[8] of IOStandard LVCMOS33; FIXED_IO_mio[7] of IOStandard LVCMOS33; FIXED_IO_mio[6] of IOStandard LVCMOS33; FIXED_IO_mio[5] of IOStandard LVCMOS33; FIXED_IO_mio[4] of IOStandard LVCMOS33; FIXED_IO_mio[3] of IOStandard LVCMOS33; FIXED_IO_mio[2] of IOStandard LVCMOS33; FIXED_IO_mio[1] of IOStandard LVCMOS33; FIXED_IO_mio[0] of IOStandard LVCMOS33;
INFO: [Vivado_Tcl 4-198] DRC finished with 0 Errors, 1 Warnings
INFO: [Vivado_Tcl 4-199] Please refer to the DRC report (report_drc) for more information.


Starting Routing Task
INFO: [Route 35-254] Multithreading enabled for route_design using a maximum of 2 CPUs

Phase 1 Build RT Design
Phase 1 Build RT Design | Checksum: 13a2bc283

Time (s): cpu = 00:00:26 ; elapsed = 00:00:22 . Memory (MB): peak = 1104.984 ; gain = 94.523

Phase 2 Router Initialization

Phase 2.1 Create Timer
Phase 2.1 Create Timer | Checksum: 13a2bc283

Time (s): cpu = 00:00:26 ; elapsed = 00:00:23 . Memory (MB): peak = 1106.586 ; gain = 96.125

Phase 2.2 Pre Route Cleanup
Phase 2.2 Pre Route Cleanup | Checksum: 13a2bc283

Time (s): cpu = 00:00:26 ; elapsed = 00:00:23 . Memory (MB): peak = 1114.965 ; gain = 104.504
 Number of Nodes with overlaps = 0

Phase 2.3 Update Timing
Phase 2.3 Update Timing | Checksum: 272fcc45c

Time (s): cpu = 00:00:28 ; elapsed = 00:00:24 . Memory (MB): peak = 1140.770 ; gain = 130.309
INFO: [Route 35-57] Estimated Timing Summary | WNS=3.002  | TNS=0.000  | WHS=-0.186 | THS=-78.726|

Phase 2 Router Initialization | Checksum: 2503aff34

Time (s): cpu = 00:00:29 ; elapsed = 00:00:24 . Memory (MB): peak = 1140.770 ; gain = 130.309

Phase 3 Initial Routing
Phase 3 Initial Routing | Checksum: 1c08857be

Time (s): cpu = 00:00:29 ; elapsed = 00:00:25 . Memory (MB): peak = 1140.770 ; gain = 130.309

Phase 4 Rip-up And Reroute

Phase 4.1 Global Iteration 0
 Number of Nodes with overlaps = 387
 Number of Nodes with overlaps = 5
 Number of Nodes with overlaps = 1
 Number of Nodes with overlaps = 0

Phase 4.1.1 Update Timing
Phase 4.1.1 Update Timing | Checksum: 1aa65a0b6

Time (s): cpu = 00:00:31 ; elapsed = 00:00:25 . Memory (MB): peak = 1140.770 ; gain = 130.309
INFO: [Route 35-57] Estimated Timing Summary | WNS=2.569  | TNS=0.000  | WHS=N/A    | THS=N/A    |

Phase 4.1 Global Iteration 0 | Checksum: 1d0fc74ef

Time (s): cpu = 00:00:31 ; elapsed = 00:00:26 . Memory (MB): peak = 1140.770 ; gain = 130.309

Phase 4.2 Global Iteration 1
 Number of Nodes with overlaps = 0

Phase 4.2.1 Update Timing
Phase 4.2.1 Update Timing | Checksum: 6d6236e8

Time (s): cpu = 00:00:31 ; elapsed = 00:00:26 . Memory (MB): peak = 1140.770 ; gain = 130.309
INFO: [Route 35-57] Estimated Timing Summary | WNS=2.569  | TNS=0.000  | WHS=N/A    | THS=N/A    |

Phase 4.2 Global Iteration 1 | Checksum: f469c65a

Time (s): cpu = 00:00:31 ; elapsed = 00:00:26 . Memory (MB): peak = 1140.770 ; gain = 130.309
Phase 4 Rip-up And Reroute | Checksum: f469c65a

Time (s): cpu = 00:00:31 ; elapsed = 00:00:26 . Memory (MB): peak = 1140.770 ; gain = 130.309

Phase 5 Delay and Skew Optimization

Phase 5.1 Delay CleanUp

Phase 5.1.1 Update Timing
Phase 5.1.1 Update Timing | Checksum: 82651105

Time (s): cpu = 00:00:31 ; elapsed = 00:00:26 . Memory (MB): peak = 1140.770 ; gain = 130.309
INFO: [Route 35-57] Estimated Timing Summary | WNS=2.684  | TNS=0.000  | WHS=N/A    | THS=N/A    |

Phase 5.1 Delay CleanUp | Checksum: 82651105

Time (s): cpu = 00:00:31 ; elapsed = 00:00:26 . Memory (MB): peak = 1140.770 ; gain = 130.309

Phase 5.2 Clock Skew Optimization
Phase 5.2 Clock Skew Optimization | Checksum: 82651105

Time (s): cpu = 00:00:31 ; elapsed = 00:00:26 . Memory (MB): peak = 1140.770 ; gain = 130.309
Phase 5 Delay and Skew Optimization | Checksum: 82651105

Time (s): cpu = 00:00:31 ; elapsed = 00:00:26 . Memory (MB): peak = 1140.770 ; gain = 130.309

Phase 6 Post Hold Fix

Phase 6.1 Update Timing
Phase 6.1 Update Timing | Checksum: a06b4479

Time (s): cpu = 00:00:32 ; elapsed = 00:00:26 . Memory (MB): peak = 1140.770 ; gain = 130.309
INFO: [Route 35-57] Estimated Timing Summary | WNS=2.684  | TNS=0.000  | WHS=0.045  | THS=0.000  |

Phase 6 Post Hold Fix | Checksum: df1f5458

Time (s): cpu = 00:00:32 ; elapsed = 00:00:26 . Memory (MB): peak = 1140.770 ; gain = 130.309

Phase 7 Route finalize

Router Utilization Summary
  Global Vertical Routing Utilization    = 0.573004 %
  Global Horizontal Routing Utilization  = 0.697262 %
  Routable Net Status*
  *Does not include unroutable nets such as driverless and loadless.
  Run report_route_status for detailed report.
  Number of Failed Nets               = 0
  Number of Unrouted Nets             = 0
  Number of Partially Routed Nets     = 0
  Number of Node Overlaps             = 0

Phase 7 Route finalize | Checksum: 80e62e4d

Time (s): cpu = 00:00:32 ; elapsed = 00:00:26 . Memory (MB): peak = 1140.770 ; gain = 130.309

Phase 8 Verifying routed nets

 Verification completed successfully
Phase 8 Verifying routed nets | Checksum: 80e62e4d

Time (s): cpu = 00:00:32 ; elapsed = 00:00:26 . Memory (MB): peak = 1140.770 ; gain = 130.309

Phase 9 Depositing Routes
Phase 9 Depositing Routes | Checksum: 16c021f72

Time (s): cpu = 00:00:32 ; elapsed = 00:00:26 . Memory (MB): peak = 1140.770 ; gain = 130.309

Phase 10 Post Router Timing
INFO: [Route 35-57] Estimated Timing Summary | WNS=2.684  | TNS=0.000  | WHS=0.045  | THS=0.000  |

INFO: [Route 35-327] The final timing numbers are based on the router estimated timing analysis. For a complete and accurate timing signoff, please run report_timing_summary.
Phase 10 Post Router Timing | Checksum: 16c021f72

Time (s): cpu = 00:00:32 ; elapsed = 00:00:26 . Memory (MB): peak = 1140.770 ; gain = 130.309
INFO: [Route 35-16] Router Completed Successfully

Time (s): cpu = 00:00:32 ; elapsed = 00:00:26 . Memory (MB): peak = 1140.770 ; gain = 130.309

Routing Is Done.
INFO: [Common 17-83] Releasing license: Implementation
52 Infos, 2 Warnings, 0 Critical Warnings and 0 Errors encountered.
route_design completed successfully
route_design: Time (s): cpu = 00:00:32 ; elapsed = 00:00:27 . Memory (MB): peak = 1140.770 ; gain = 130.309
Writing placer database...
Writing XDEF routing.
Writing XDEF routing logical nets.
Writing XDEF routing special nets.
Write XDEF Complete: Time (s): cpu = 00:00:02 ; elapsed = 00:00:00.499 . Memory (MB): peak = 1140.770 ; gain = 0.000
INFO: [DRC 23-27] Running DRC with 2 threads
INFO: [Coretcl 2-168] The results of DRC are in file C:/Users/Tung/Desktop/axi_dma_sg/axi_dma_sg.runs/impl_1/design_1_wrapper_drc_routed.rpt.
INFO: [Timing 38-91] UpdateTimingParams: Speed grade: -1, Delay Type: min_max.
INFO: [Timing 38-191] Multithreading enabled for timing update using a maximum of 2 CPUs
Running Vector-less Activity Propagation...

Finished Running Vector-less Activity Propagation
Attempting to get a license for feature 'Implementation' and/or device 'xc7z020'
INFO: [Common 17-349] Got license for feature 'Implementation' and/or device 'xc7z020'
Running DRC as a precondition to command write_bitstream
INFO: [DRC 23-27] Running DRC with 2 threads
WARNING: [DRC 23-20] Rule violation (RTSTAT-10) No routable loads - 1 net(s) have no routable loads. The problem bus(es) and/or net(s) are design_1_i/axi_dma_0/U0/INCLUDE_S2MM_SOF_EOF_GENERATOR.I_S2MM_DMA_MNGR/s2mm_cmnd_data[31].
INFO: [Vivado 12-3199] DRC finished with 0 Errors, 1 Warnings
INFO: [Vivado 12-3200] Please refer to the DRC report (report_drc) for more information.
Loading data files...
Loading site data...
Loading route data...
Processing options...
Creating bitmap...
Creating bitstream...
Writing bitstream ./design_1_wrapper.bit...
INFO: [Vivado 12-1842] Bitgen Completed Successfully.
INFO: [Common 17-83] Releasing license: Implementation
write_bitstream: Time (s): cpu = 00:00:24 ; elapsed = 00:00:28 . Memory (MB): peak = 1468.824 ; gain = 328.055
INFO: [Common 17-206] Exiting Vivado at Mon Jul 23 15:49:09 2018...
