09:39:51 INFO  : Launching XSDB server: xsdb.bat -s C:/Xilinx/SDK/2015.2/scripts/xsdb/xsdb/xsdb-server.tcl
09:39:53 INFO  : Processing command line option -hwspec C:/Users/Tung/Desktop/axi_dma_sg/axi_dma_sg.sdk/design_1_wrapper.hdf.
09:39:54 INFO  : XSDB server has started successfully.
09:52:14 INFO  : FPGA Cable Disconnected. All active launches will be terminated.
09:54:45 INFO  : FPGA Cable Disconnected. All active launches will be terminated.
10:00:22 INFO  : FPGA Cable Disconnected. All active launches will be terminated.
10:04:13 INFO  : FPGA Cable Disconnected. All active launches will be terminated.
10:14:46 INFO  : FPGA Cable Disconnected. All active launches will be terminated.
10:20:36 INFO  : FPGA Cable Disconnected. All active launches will be terminated.
10:23:29 INFO  : FPGA Cable Disconnected. All active launches will be terminated.
10:25:32 INFO  : FPGA Cable Disconnected. All active launches will be terminated.
10:33:10 INFO  : FPGA Cable Disconnected. All active launches will be terminated.
10:37:39 INFO  : FPGA Cable Disconnected. All active launches will be terminated.
10:51:37 INFO  : FPGA Cable Disconnected. All active launches will be terminated.
10:53:03 INFO  : FPGA Cable Disconnected. All active launches will be terminated.
11:02:33 ERROR : Unexpected error while parsing XMD response ?: com.google.gson.JsonSyntaxException: com.google.gson.stream.MalformedJsonException: invalid number or unquoted string near 
13:38:48 INFO  : Launching XSDB server: xsdb.bat -s C:/Xilinx/SDK/2015.2/scripts/xsdb/xsdb/xsdb-server.tcl
13:38:53 INFO  : XSDB server has started successfully.
13:38:54 INFO  : Processing command line option -hwspec C:/Users/Tung/Desktop/axi_dma_sg/axi_dma_sg.sdk/design_1_wrapper.hdf.
13:38:56 INFO  : Checking for hwspec changes in the project design_1_wrapper_hw_platform_0.
13:40:33 ERROR : Unexpected error while parsing XMD response ?: com.google.gson.JsonSyntaxException: com.google.gson.stream.MalformedJsonException: invalid number or unquoted string near 
13:50:37 INFO  : Launching XSDB server: xsdb.bat -s C:/Xilinx/SDK/2015.2/scripts/xsdb/xsdb/xsdb-server.tcl
13:50:38 INFO  : XSDB server has started successfully.
13:50:38 INFO  : Processing command line option -hwspec C:/Users/Tung/Desktop/axi_dma_sg/axi_dma_sg.sdk/design_1_wrapper.hdf.
13:50:39 INFO  : Checking for hwspec changes in the project design_1_wrapper_hw_platform_0.
13:51:54 ERROR : Unexpected error while parsing XMD response ?: com.google.gson.JsonSyntaxException: com.google.gson.stream.MalformedJsonException: invalid number or unquoted string near 
15:08:45 INFO  : Launching XSDB server: xsdb.bat -s C:/Xilinx/SDK/2015.2/scripts/xsdb/xsdb/xsdb-server.tcl
15:08:50 INFO  : XSDB server has started successfully.
15:08:52 INFO  : Processing command line option -hwspec C:/Users/Tung/Desktop/axi_dma_sg/axi_dma_sg.sdk/design_1_wrapper.hdf.
15:08:54 INFO  : Checking for hwspec changes in the project design_1_wrapper_hw_platform_0.
15:13:06 ERROR : Unexpected error while parsing XMD response ?: com.google.gson.JsonSyntaxException: com.google.gson.stream.MalformedJsonException: invalid number or unquoted string near 
15:33:12 INFO  : Launching XSDB server: xsdb.bat -s C:/Xilinx/SDK/2015.2/scripts/xsdb/xsdb/xsdb-server.tcl
15:33:17 INFO  : XSDB server has started successfully.
15:33:19 INFO  : Processing command line option -hwspec C:/Users/Tung/Desktop/axi_dma_sg/axi_dma_sg.sdk/design_1_wrapper.hdf.
15:33:21 INFO  : Checking for hwspec changes in the project design_1_wrapper_hw_platform_0.
15:33:23 INFO  : SDK has detected change in the last modified timestamps for source hardware specification file Source:1532334775989,  Project:1532313583496
15:33:23 INFO  : The hardware specification for project 'design_1_wrapper_hw_platform_0' is different from C:/Users/Tung/Desktop/axi_dma_sg/axi_dma_sg.sdk/design_1_wrapper.hdf.
15:33:23 INFO  : Copied contents of C:/Users/Tung/Desktop/axi_dma_sg/axi_dma_sg.sdk/design_1_wrapper.hdf into \design_1_wrapper_hw_platform_0\system.hdf.
15:33:28 INFO  : Synchronizing projects in the workspace with the hardware platform specification changes.
15:33:36 INFO  : 
15:33:39 INFO  : 
15:33:40 INFO  : Updating hardware inferred compiler options for HelloWorld.
15:33:40 INFO  : Updating hardware inferred compiler options for fsbl.
15:33:40 INFO  : Clearing existing target manager status.
15:43:12 INFO  : FPGA Cable Disconnected. All active launches will be terminated.
15:44:25 ERROR : Unexpected error while parsing XMD response ?: com.google.gson.JsonSyntaxException: com.google.gson.stream.MalformedJsonException: invalid number or unquoted string near 
15:50:32 INFO  : Launching XSDB server: xsdb.bat -s C:/Xilinx/SDK/2015.2/scripts/xsdb/xsdb/xsdb-server.tcl
15:50:37 INFO  : XSDB server has started successfully.
15:50:40 INFO  : Processing command line option -hwspec C:/Users/Tung/Desktop/axi_dma_sg/axi_dma_sg.sdk/design_1_wrapper.hdf.
15:50:42 INFO  : Checking for hwspec changes in the project design_1_wrapper_hw_platform_0.
15:50:44 INFO  : SDK has detected change in the last modified timestamps for source hardware specification file Source:1532335817070,  Project:1532334775989
15:50:44 INFO  : The hardware specification for project 'design_1_wrapper_hw_platform_0' is different from C:/Users/Tung/Desktop/axi_dma_sg/axi_dma_sg.sdk/design_1_wrapper.hdf.
15:50:45 INFO  : Copied contents of C:/Users/Tung/Desktop/axi_dma_sg/axi_dma_sg.sdk/design_1_wrapper.hdf into \design_1_wrapper_hw_platform_0\system.hdf.
15:51:10 INFO  : Synchronizing projects in the workspace with the hardware platform specification changes.
15:51:27 INFO  : 
15:51:30 INFO  : 
15:51:33 INFO  : Updating hardware inferred compiler options for HelloWorld.
15:51:34 INFO  : Updating hardware inferred compiler options for fsbl.
15:51:34 INFO  : Clearing existing target manager status.
15:54:58 INFO  : FPGA Cable Disconnected. All active launches will be terminated.
16:10:03 INFO  : FPGA Cable Disconnected. All active launches will be terminated.
16:11:24 INFO  : FPGA Cable Disconnected. All active launches will be terminated.
16:17:03 INFO  : FPGA Cable Disconnected. All active launches will be terminated.
16:20:14 INFO  : FPGA Cable Disconnected. All active launches will be terminated.
16:28:32 INFO  : FPGA Cable Disconnected. All active launches will be terminated.
16:38:52 INFO  : FPGA Cable Disconnected. All active launches will be terminated.
16:39:54 INFO  : FPGA Cable Disconnected. All active launches will be terminated.
16:42:20 INFO  : FPGA Cable Disconnected. All active launches will be terminated.
16:43:10 INFO  : FPGA Cable Disconnected. All active launches will be terminated.
16:44:45 INFO  : FPGA Cable Disconnected. All active launches will be terminated.
16:45:40 INFO  : FPGA Cable Disconnected. All active launches will be terminated.
16:46:48 INFO  : FPGA Cable Disconnected. All active launches will be terminated.
16:48:19 ERROR : Unexpected error while parsing XMD response ?: com.google.gson.JsonSyntaxException: com.google.gson.stream.MalformedJsonException: invalid number or unquoted string near 
10:13:35 INFO  : Launching XSDB server: xsdb.bat -s C:/Xilinx/SDK/2015.2/scripts/xsdb/xsdb/xsdb-server.tcl
10:13:36 INFO  : XSDB server has started successfully.
10:13:37 INFO  : Processing command line option -hwspec C:/Users/Tung/Desktop/axi_dma_sg/axi_dma_sg.sdk/design_1_wrapper.hdf.
10:13:38 INFO  : Checking for hwspec changes in the project design_1_wrapper_hw_platform_0.
10:21:24 INFO  : FPGA Cable Disconnected. All active launches will be terminated.
10:54:39 ERROR : Unexpected error while parsing XMD response ?: com.google.gson.JsonSyntaxException: com.google.gson.stream.MalformedJsonException: invalid number or unquoted string near 
