#
# A fatal error has been detected by the Java Runtime Environment:
#
#  Internal Error (0xc000000d), pid=4240, tid=3104
#
# JRE version: Java(TM) SE Runtime Environment (8.0_25-b18) (build 1.8.0_25-b18)
# Java VM: Java HotSpot(TM) 64-Bit Server VM (25.25-b02 mixed mode windows-amd64 compressed oops)
# Problematic frame:
# C  [ntdll.dll+0x7a291]
#
# Failed to write core dump. Minidumps are not enabled by default on client versions of Windows
#
# If you would like to submit a bug report, please visit:
#   http://bugreport.sun.com/bugreport/crash.jsp
#

---------------  T H R E A D  ---------------

Current thread (0x0000000013a9c000):  VMThread [stack: 0x0000000014b00000,0x0000000014c00000] [id=3104]

siginfo: ExceptionCode=0xc000000d

Registers:
RAX=0x0000000063b86c26, RBX=0x0000000000000000, RCX=0x0000000014bfed10, RDX=0x0000000000000000
RSP=0x0000000014bff320, RBP=0x0000000015b79fc0, RSI=0x000007feed507408, RDI=0x0000000014bff468
R8 =0x0000000000000000, R9 =0x0000000000000000, R10=0x0000000000000000, R11=0x0000000000000246
R12=0x000000002568ef68, R13=0x000000002568ef30, R14=0x0000000015b7a0c8, R15=0x0000000000000000
RIP=0x000000007726a291, EFLAGS=0x0000000000000202

Top of Stack: (sp=0x0000000014bff320)
0x0000000014bff320:   0000000000000000 000007feed507408
0x0000000014bff330:   0000000014bff468 0000000000000000
0x0000000014bff340:   0000000000000000 0000000000000000
0x0000000014bff350:   0000000000000000 0000000000000000
0x0000000014bff360:   0000000000000002 0000000000000000
0x0000000014bff370:   00000000c000000d 0000000000000000
0x0000000014bff380:   000000007726a291 0000000000000000
0x0000000014bff390:   0000000000000000 0000000000000000
0x0000000014bff3a0:   0000000000000000 0000000000000000
0x0000000014bff3b0:   0000000000000000 0000000000000000
0x0000000014bff3c0:   0000000000000000 0000000000000000
0x0000000014bff3d0:   0000000000000000 0000000000000000
0x0000000014bff3e0:   0000000000000000 0000000000000000
0x0000000014bff3f0:   0000000000000000 0000000000000000
0x0000000014bff400:   0000000000000000 0000002e00000003
0x0000000014bff410:   0000000000000090 0000000077012fe8 

Instructions: (pc=0x000000007726a291)
0x000000007726a271:   5b 8c fd ff b9 57 00 00 00 c7 44 24 50 0d 00 00
0x000000007726a281:   c0 e8 49 8f fd ff 48 8d 4c 24 50 e8 cf f2 f9 ff
0x000000007726a291:   4c 8b 1d 40 81 0b 00 4d 85 db 74 5b 65 48 8b 04
0x000000007726a2a1:   25 30 00 00 00 f6 80 ee 17 00 00 08 74 12 65 48 


Register to memory mapping:

RAX=0x0000000063b86c26 is an unknown value
RBX=0x0000000000000000 is an unknown value
RCX=0x0000000014bfed10 is an unknown value
RDX=0x0000000000000000 is an unknown value
RSP=0x0000000014bff320 is an unknown value
RBP=0x0000000015b79fc0 is an unknown value
RSI=0x000007feed507408 is an unknown value
RDI=0x0000000014bff468 is an unknown value
R8 =0x0000000000000000 is an unknown value
R9 =0x0000000000000000 is an unknown value
R10=0x0000000000000000 is an unknown value
R11=0x0000000000000246 is an unknown value
R12=0x000000002568ef68 is an unknown value
R13=0x000000002568ef30 is an unknown value
R14=0x0000000015b7a0c8 is an unknown value
R15=0x0000000000000000 is an unknown value


Stack: [0x0000000014b00000,0x0000000014c00000],  sp=0x0000000014bff320,  free space=1020k
Native frames: (J=compiled Java code, j=interpreted, Vv=VM code, C=native code)
C  [ntdll.dll+0x7a291]
C  [kernel32.dll+0x42fe8]
C  [MSVCR110.dll+0x752d]
C  [MSVCR110.dll+0x14cde]
C  [MSVCR110.dll+0x13edc]
C  [MSVCR110.dll+0x239e]
C  [MSVCR110.dll+0xaf9e]
C  [MSVCP110.dll+0x397b9]
C  [librdi_common.dll+0x135d02]
C  [librdi_common.dll+0x13447b]
C  0x000007fef84867b0
C  0x000007fef8486a32
C  [ntdll.dll+0x24371]
C  [ntdll.dll+0x24180]
C  [MSVCR100.dll+0x20ccd]
V  [jvm.dll+0x1f9c55]
V  [jvm.dll+0x2325e7]
V  [jvm.dll+0x231826]
V  [jvm.dll+0x231cc1]
V  [jvm.dll+0x231ede]
V  [jvm.dll+0x2852fa]
C  [MSVCR100.dll+0x21d9f]
C  [MSVCR100.dll+0x21e3b]
C  [kernel32.dll+0x1652d]
C  [ntdll.dll+0x2c521]

VM_Operation (0x000000000012f500): Exit, mode: safepoint, requested by thread 0x0000000002458000


---------------  P R O C E S S  ---------------

Java Threads: ( => current thread )
  0x000000001748a000 JavaThread "TCF Channel Transmitter" [_thread_blocked, id=4512, stack(0x0000000022690000,0x0000000022790000)]
  0x0000000017488800 JavaThread "TCF Channel Receiver" [_thread_in_native, id=5000, stack(0x000000002bd80000,0x000000002be80000)]
  0x0000000018f93800 JavaThread "Thread-12" daemon [_thread_blocked, id=1216, stack(0x0000000021850000,0x0000000021950000)]
  0x000000001c4c7800 JavaThread "TCF Locator DNS Lookup" daemon [_thread_blocked, id=2876, stack(0x000000001f7b0000,0x000000001f8b0000)]
  0x000000001c4c6800 JavaThread "TCF Locator Timer" daemon [_thread_blocked, id=3544, stack(0x000000001f6b0000,0x000000001f7b0000)]
  0x000000001c4c6000 JavaThread "TCF Locator Receiver" daemon [_thread_in_native, id=4180, stack(0x000000001d320000,0x000000001d420000)]
  0x0000000018f94800 JavaThread "TCF Timer Dispatcher" daemon [_thread_blocked, id=4836, stack(0x000000001cf40000,0x000000001d040000)]
  0x0000000016ae6000 JavaThread "EMF Reference Cleaner" daemon [_thread_blocked, id=1688, stack(0x0000000018650000,0x0000000018750000)]
  0x0000000013b0e800 JavaThread "Service Thread" daemon [_thread_blocked, id=2612, stack(0x0000000015700000,0x0000000015800000)]
  0x0000000013b09000 JavaThread "C1 CompilerThread2" daemon [_thread_blocked, id=3116, stack(0x0000000015600000,0x0000000015700000)]
  0x0000000013b08000 JavaThread "C2 CompilerThread1" daemon [_thread_blocked, id=1740, stack(0x0000000015500000,0x0000000015600000)]
  0x0000000014e06800 JavaThread "C2 CompilerThread0" daemon [_thread_blocked, id=2016, stack(0x0000000015400000,0x0000000015500000)]
  0x0000000014e04800 JavaThread "Attach Listener" daemon [_thread_blocked, id=4168, stack(0x0000000015300000,0x0000000015400000)]
  0x0000000013b07000 JavaThread "Signal Dispatcher" daemon [_thread_blocked, id=2056, stack(0x0000000015200000,0x0000000015300000)]
  0x0000000013aa8800 JavaThread "Finalizer" daemon [_thread_blocked, id=4968, stack(0x0000000014d00000,0x0000000014e00000)]
  0x0000000013aa0000 JavaThread "Reference Handler" daemon [_thread_blocked, id=3444, stack(0x0000000014c00000,0x0000000014d00000)]
  0x0000000002458000 JavaThread "main" [_thread_blocked, id=4048, stack(0x0000000000030000,0x0000000000130000)]

Other Threads:
=>0x0000000013a9c000 VMThread [stack: 0x0000000014b00000,0x0000000014c00000] [id=3104]

VM state:at safepoint (shutting down)

VM Mutex/Monitor currently owned by a thread:  ([mutex/lock_event])
[0x000000000279dfb0] Threads_lock - owner thread: 0x0000000013a9c000

Heap:
 PSYoungGen      total 35328K, used 6033K [0x00000000f5580000, 0x00000000f7f80000, 0x0000000100000000)
  eden space 27648K, 6% used [0x00000000f5580000,0x00000000f5742a28,0x00000000f7080000)
  from space 7680K, 55% used [0x00000000f7800000,0x00000000f7c21cb8,0x00000000f7f80000)
  to   space 7680K, 0% used [0x00000000f7080000,0x00000000f7080000,0x00000000f7800000)
 ParOldGen       total 99840K, used 47867K [0x00000000e0000000, 0x00000000e6180000, 0x00000000f5580000)
  object space 99840K, 47% used [0x00000000e0000000,0x00000000e2ebede8,0x00000000e6180000)
 Metaspace       used 84318K, capacity 89860K, committed 90072K, reserved 1128448K
  class space    used 9823K, capacity 11691K, committed 11736K, reserved 1048576K

Card table byte_map: [0x00000000025e0000,0x00000000026f0000] byte_map_base: 0x0000000001ee0000

Marking Bits: (ParMarkBitMap*) 0x000000006441d490
 Begin Bits: [0x0000000012010000, 0x0000000012810000)
 End Bits:   [0x0000000012810000, 0x0000000013010000)

Polling page: 0x0000000000320000

CodeCache: size=245760Kb used=57855Kb max_used=57867Kb free=187904Kb
 bounds [0x00000000027a0000, 0x0000000006090000, 0x00000000117a0000]
 total_blobs=15476 nmethods=14625 adapters=758
 compilation: enabled

Compilation events (10 events):
Event: 7405.433 Thread 0x0000000013b09000 18860       1       org.eclipse.osgi.internal.loader.BundleLoaderProxy::getBundleData (5 bytes)
Event: 7405.433 Thread 0x0000000013b09000 nmethod 18860 0x0000000006069910 code [0x0000000006069a60, 0x0000000006069b70]
Event: 7405.433 Thread 0x0000000013b09000 18843  s    3       org.eclipse.osgi.framework.eventmgr.EventManager::getEventThread (54 bytes)
Event: 7405.433 Thread 0x0000000013b09000 nmethod 18843 0x00000000056b3290 code [0x00000000056b3440, 0x00000000056b3b48]
Event: 7405.433 Thread 0x0000000013b09000 18847       3       java.util.Vector::indexOf (7 bytes)
Event: 7405.433 Thread 0x0000000013b09000 nmethod 18847 0x00000000056b2e90 code [0x00000000056b3000, 0x00000000056b3208]
Event: 7405.440 Thread 0x0000000013b09000 18861   !   3       org.eclipse.osgi.internal.baseadaptor.BaseStorage::compact (215 bytes)
Event: 7405.442 Thread 0x0000000013b09000 nmethod 18861 0x000000000607f690 code [0x000000000607fac0, 0x0000000006081f28]
Event: 7405.443 Thread 0x0000000013b09000 18862       3       org.eclipse.osgi.framework.internal.core.AbstractBundle::close (52 bytes)
Event: 7405.444 Thread 0x0000000013b09000 nmethod 18862 0x000000000606d750 code [0x000000000606d980, 0x000000000606e668]

GC Heap History (10 events):
Event: 5592.878 GC heap before
{Heap before GC invocations=191 (full 41):
 PSYoungGen      total 34304K, used 32831K [0x00000000f5580000, 0x00000000f7e00000, 0x0000000100000000)
  eden space 28160K, 100% used [0x00000000f5580000,0x00000000f7100000,0x00000000f7100000)
  from space 6144K, 76% used [0x00000000f7100000,0x00000000f758ff10,0x00000000f7700000)
  to   space 6656K, 0% used [0x00000000f7780000,0x00000000f7780000,0x00000000f7e00000)
 ParOldGen       total 99840K, used 47715K [0x00000000e0000000, 0x00000000e6180000, 0x00000000f5580000)
  object space 99840K, 47% used [0x00000000e0000000,0x00000000e2e98de8,0x00000000e6180000)
 Metaspace       used 83768K, capacity 89406K, committed 89560K, reserved 1126400K
  class space    used 9769K, capacity 11626K, committed 11736K, reserved 1048576K
Event: 5592.881 GC heap after
Heap after GC invocations=191 (full 41):
 PSYoungGen      total 34304K, used 4419K [0x00000000f5580000, 0x00000000f7f00000, 0x0000000100000000)
  eden space 27648K, 0% used [0x00000000f5580000,0x00000000f5580000,0x00000000f7080000)
  from space 6656K, 66% used [0x00000000f7780000,0x00000000f7bd0c20,0x00000000f7e00000)
  to   space 7168K, 0% used [0x00000000f7080000,0x00000000f7080000,0x00000000f7780000)
 ParOldGen       total 99840K, used 47739K [0x00000000e0000000, 0x00000000e6180000, 0x00000000f5580000)
  object space 99840K, 47% used [0x00000000e0000000,0x00000000e2e9ede8,0x00000000e6180000)
 Metaspace       used 83768K, capacity 89406K, committed 89560K, reserved 1126400K
  class space    used 9769K, capacity 11626K, committed 11736K, reserved 1048576K
}
Event: 6112.575 GC heap before
{Heap before GC invocations=192 (full 41):
 PSYoungGen      total 34304K, used 32067K [0x00000000f5580000, 0x00000000f7f00000, 0x0000000100000000)
  eden space 27648K, 100% used [0x00000000f5580000,0x00000000f7080000,0x00000000f7080000)
  from space 6656K, 66% used [0x00000000f7780000,0x00000000f7bd0c20,0x00000000f7e00000)
  to   space 7168K, 0% used [0x00000000f7080000,0x00000000f7080000,0x00000000f7780000)
 ParOldGen       total 99840K, used 47739K [0x00000000e0000000, 0x00000000e6180000, 0x00000000f5580000)
  object space 99840K, 47% used [0x00000000e0000000,0x00000000e2e9ede8,0x00000000e6180000)
 Metaspace       used 83788K, capacity 89406K, committed 89560K, reserved 1126400K
  class space    used 9770K, capacity 11626K, committed 11736K, reserved 1048576K
Event: 6112.579 GC heap after
Heap after GC invocations=192 (full 41):
 PSYoungGen      total 34816K, used 4611K [0x00000000f5580000, 0x00000000f7f80000, 0x0000000100000000)
  eden space 27648K, 0% used [0x00000000f5580000,0x00000000f5580000,0x00000000f7080000)
  from space 7168K, 64% used [0x00000000f7080000,0x00000000f7500c78,0x00000000f7780000)
  to   space 7680K, 0% used [0x00000000f7800000,0x00000000f7800000,0x00000000f7f80000)
 ParOldGen       total 99840K, used 47779K [0x00000000e0000000, 0x00000000e6180000, 0x00000000f5580000)
  object space 99840K, 47% used [0x00000000e0000000,0x00000000e2ea8de8,0x00000000e6180000)
 Metaspace       used 83788K, capacity 89406K, committed 89560K, reserved 1126400K
  class space    used 9770K, capacity 11626K, committed 11736K, reserved 1048576K
}
Event: 6667.023 GC heap before
{Heap before GC invocations=193 (full 41):
 PSYoungGen      total 34816K, used 32259K [0x00000000f5580000, 0x00000000f7f80000, 0x0000000100000000)
  eden space 27648K, 100% used [0x00000000f5580000,0x00000000f7080000,0x00000000f7080000)
  from space 7168K, 64% used [0x00000000f7080000,0x00000000f7500c78,0x00000000f7780000)
  to   space 7680K, 0% used [0x00000000f7800000,0x00000000f7800000,0x00000000f7f80000)
 ParOldGen       total 99840K, used 47779K [0x00000000e0000000, 0x00000000e6180000, 0x00000000f5580000)
  object space 99840K, 47% used [0x00000000e0000000,0x00000000e2ea8de8,0x00000000e6180000)
 Metaspace       used 83793K, capacity 89406K, committed 89560K, reserved 1126400K
  class space    used 9770K, capacity 11626K, committed 11736K, reserved 1048576K
Event: 6667.028 GC heap after
Heap after GC invocations=193 (full 41):
 PSYoungGen      total 35328K, used 4707K [0x00000000f5580000, 0x00000000f7f80000, 0x0000000100000000)
  eden space 27648K, 0% used [0x00000000f5580000,0x00000000f5580000,0x00000000f7080000)
  from space 7680K, 61% used [0x00000000f7800000,0x00000000f7c98c78,0x00000000f7f80000)
  to   space 7680K, 0% used [0x00000000f7080000,0x00000000f7080000,0x00000000f7800000)
 ParOldGen       total 99840K, used 47811K [0x00000000e0000000, 0x00000000e6180000, 0x00000000f5580000)
  object space 99840K, 47% used [0x00000000e0000000,0x00000000e2eb0de8,0x00000000e6180000)
 Metaspace       used 83793K, capacity 89406K, committed 89560K, reserved 1126400K
  class space    used 9770K, capacity 11626K, committed 11736K, reserved 1048576K
}
Event: 7228.194 GC heap before
{Heap before GC invocations=194 (full 41):
 PSYoungGen      total 35328K, used 32355K [0x00000000f5580000, 0x00000000f7f80000, 0x0000000100000000)
  eden space 27648K, 100% used [0x00000000f5580000,0x00000000f7080000,0x00000000f7080000)
  from space 7680K, 61% used [0x00000000f7800000,0x00000000f7c98c78,0x00000000f7f80000)
  to   space 7680K, 0% used [0x00000000f7080000,0x00000000f7080000,0x00000000f7800000)
 ParOldGen       total 99840K, used 47811K [0x00000000e0000000, 0x00000000e6180000, 0x00000000f5580000)
  object space 99840K, 47% used [0x00000000e0000000,0x00000000e2eb0de8,0x00000000e6180000)
 Metaspace       used 83797K, capacity 89406K, committed 89560K, reserved 1126400K
  class space    used 9770K, capacity 11626K, committed 11736K, reserved 1048576K
Event: 7228.198 GC heap after
Heap after GC invocations=194 (full 41):
 PSYoungGen      total 35328K, used 4675K [0x00000000f5580000, 0x00000000f7f80000, 0x0000000100000000)
  eden space 27648K, 0% used [0x00000000f5580000,0x00000000f5580000,0x00000000f7080000)
  from space 7680K, 60% used [0x00000000f7080000,0x00000000f7510c78,0x00000000f7800000)
  to   space 7680K, 0% used [0x00000000f7800000,0x00000000f7800000,0x00000000f7f80000)
 ParOldGen       total 99840K, used 47835K [0x00000000e0000000, 0x00000000e6180000, 0x00000000f5580000)
  object space 99840K, 47% used [0x00000000e0000000,0x00000000e2eb6de8,0x00000000e6180000)
 Metaspace       used 83797K, capacity 89406K, committed 89560K, reserved 1126400K
  class space    used 9770K, capacity 11626K, committed 11736K, reserved 1048576K
}
Event: 7405.388 GC heap before
{Heap before GC invocations=195 (full 41):
 PSYoungGen      total 35328K, used 32323K [0x00000000f5580000, 0x00000000f7f80000, 0x0000000100000000)
  eden space 27648K, 100% used [0x00000000f5580000,0x00000000f7080000,0x00000000f7080000)
  from space 7680K, 60% used [0x00000000f7080000,0x00000000f7510c78,0x00000000f7800000)
  to   space 7680K, 0% used [0x00000000f7800000,0x00000000f7800000,0x00000000f7f80000)
 ParOldGen       total 99840K, used 47835K [0x00000000e0000000, 0x00000000e6180000, 0x00000000f5580000)
  object space 99840K, 47% used [0x00000000e0000000,0x00000000e2eb6de8,0x00000000e6180000)
 Metaspace       used 84239K, capacity 89796K, committed 90072K, reserved 1128448K
  class space    used 9816K, capacity 11691K, committed 11736K, reserved 1048576K
Event: 7405.393 GC heap after
Heap after GC invocations=195 (full 41):
 PSYoungGen      total 35328K, used 4231K [0x00000000f5580000, 0x00000000f7f80000, 0x0000000100000000)
  eden space 27648K, 0% used [0x00000000f5580000,0x00000000f5580000,0x00000000f7080000)
  from space 7680K, 55% used [0x00000000f7800000,0x00000000f7c21cb8,0x00000000f7f80000)
  to   space 7680K, 0% used [0x00000000f7080000,0x00000000f7080000,0x00000000f7800000)
 ParOldGen       total 99840K, used 47867K [0x00000000e0000000, 0x00000000e6180000, 0x00000000f5580000)
  object space 99840K, 47% used [0x00000000e0000000,0x00000000e2ebede8,0x00000000e6180000)
 Metaspace       used 84239K, capacity 89796K, committed 90072K, reserved 1128448K
  class space    used 9816K, capacity 11691K, committed 11736K, reserved 1048576K
}

Deoptimization events (10 events):
Event: 7405.379 Thread 0x0000000002458000 Uncommon trap: reason=class_check action=maybe_recompile pc=0x0000000004ed7f58 method=org.eclipse.swt.widgets.Display.asyncExec(Ljava/lang/Runnable;)V @ 54
Event: 7405.388 Thread 0x000000001640d800 Uncommon trap: reason=predicate action=maybe_recompile pc=0x000000000344edd0 method=java.util.Arrays.fill([Ljava/lang/Object;Ljava/lang/Object;)V @ 10
Event: 7405.395 Thread 0x0000000002458000 Uncommon trap: reason=bimorphic action=maybe_recompile pc=0x00000000057cc69c method=org.eclipse.core.internal.resources.Resource.checkLocal(II)V @ 3
Event: 7405.403 Thread 0x0000000002458000 Uncommon trap: reason=class_check action=maybe_recompile pc=0x0000000005412608 method=java.util.ComparableTimSort.countRunAndMakeAscending([Ljava/lang/Object;II)I @ 36
Event: 7405.406 Thread 0x0000000018f91800 Uncommon trap: reason=unreached action=reinterpret pc=0x00000000058261a4 method=org.eclipse.core.internal.jobs.JobManager.nextJob()Lorg/eclipse/core/runtime/jobs/Job; @ 80
Event: 7405.406 Thread 0x0000000018f91800 Uncommon trap: reason=unreached action=reinterpret pc=0x0000000005269874 method=org.eclipse.core.internal.jobs.WorkerPool.startJob(Lorg/eclipse/core/internal/jobs/Worker;)Lorg/eclipse/core/internal/jobs/InternalJob; @ 185
Event: 7405.406 Thread 0x0000000018f90000 Uncommon trap: reason=unreached action=reinterpret pc=0x0000000005269874 method=org.eclipse.core.internal.jobs.WorkerPool.startJob(Lorg/eclipse/core/internal/jobs/Worker;)Lorg/eclipse/core/internal/jobs/InternalJob; @ 185
Event: 7405.406 Thread 0x000000001c4ca800 Uncommon trap: reason=unreached action=reinterpret pc=0x0000000005269874 method=org.eclipse.core.internal.jobs.WorkerPool.startJob(Lorg/eclipse/core/internal/jobs/Worker;)Lorg/eclipse/core/internal/jobs/InternalJob; @ 185
Event: 7405.406 Thread 0x0000000018f90800 Uncommon trap: reason=unreached action=reinterpret pc=0x0000000005269874 method=org.eclipse.core.internal.jobs.WorkerPool.startJob(Lorg/eclipse/core/internal/jobs/Worker;)Lorg/eclipse/core/internal/jobs/InternalJob; @ 185
Event: 7405.420 Thread 0x0000000002458000 Uncommon trap: reason=class_check action=maybe_recompile pc=0x0000000005412608 method=java.util.ComparableTimSort.countRunAndMakeAscending([Ljava/lang/Object;II)I @ 36

Internal exceptions (10 events):
Event: 7404.082 Thread 0x000000001c4c9800 Exception <a 'java/lang/InterruptedException'> (0x00000000f5ee0970) thrown at [D:\re\workspace\8-2-build-windows-amd64-cygwin\jdk8u25\1677\hotspot\src\share\vm\runtime\objectMonitor.cpp, line 1682]
Event: 7404.126 Thread 0x0000000018f90000 Exception <a 'java/lang/InterruptedException'> (0x00000000f622a880) thrown at [D:\re\workspace\8-2-build-windows-amd64-cygwin\jdk8u25\1677\hotspot\src\share\vm\runtime\objectMonitor.cpp, line 1682]
Event: 7404.194 Thread 0x0000000002458000 Implicit null exception at 0x0000000003390289 to 0x00000000033905dd
Event: 7404.195 Thread 0x0000000002458000 Implicit null exception at 0x00000000055375e7 to 0x0000000005537665
Event: 7404.347 Thread 0x000000001af75000 Exception <a 'java/lang/InterruptedException'> (0x00000000f6ec71e0) thrown at [D:\re\workspace\8-2-build-windows-amd64-cygwin\jdk8u25\1677\hotspot\src\share\vm\runtime\objectMonitor.cpp, line 1682]
Event: 7405.378 Thread 0x0000000002458000 Implicit null exception at 0x0000000003238f93 to 0x00000000032398b9
Event: 7405.419 Thread 0x0000000016411800 Exception <a 'java/lang/InterruptedException': sleep interrupted> (0x00000000f56a59e8) thrown at [D:\re\workspace\8-2-build-windows-amd64-cygwin\jdk8u25\1677\hotspot\src\share\vm\prims\jvm.cpp, line 3141]
Event: 7405.420 Thread 0x0000000016283800 Exception <a 'java/lang/InterruptedException'> (0x00000000f56a61b0) thrown at [D:\re\workspace\8-2-build-windows-amd64-cygwin\jdk8u25\1677\hotspot\src\share\vm\runtime\objectMonitor.cpp, line 1682]
Event: 7405.433 Thread 0x0000000018f8f000 Exception <a 'java/lang/InterruptedException'> (0x00000000f572b940) thrown at [D:\re\workspace\8-2-build-windows-amd64-cygwin\jdk8u25\1677\hotspot\src\share\vm\runtime\objectMonitor.cpp, line 1682]
Event: 7405.443 Thread 0x000000001640d800 Exception <a 'java/lang/InterruptedException'> (0x00000000f56a4c18) thrown at [D:\re\workspace\8-2-build-windows-amd64-cygwin\jdk8u25\1677\hotspot\src\share\vm\runtime\objectMonitor.cpp, line 1682]

Events (10 events):
Event: 7405.433 Thread 0x0000000018f8f000 Thread exited: 0x0000000018f8f000
Event: 7405.443 Thread 0x000000001640d800 Thread exited: 0x000000001640d800
Event: 7405.444 loading class java/util/IdentityHashMap$KeyIterator
Event: 7405.444 loading class java/util/IdentityHashMap$IdentityHashMapIterator
Event: 7405.444 loading class java/util/IdentityHashMap$IdentityHashMapIterator done
Event: 7405.444 loading class java/util/IdentityHashMap$KeyIterator done
Event: 7405.444 Thread 0x0000000016032000 Thread exited: 0x0000000016032000
Event: 7405.444 Thread 0x0000000018f8f000 Thread added: 0x0000000018f8f000
Event: 7405.444 Thread 0x0000000018f8f000 Thread exited: 0x0000000018f8f000
Event: 7405.444 Executing VM operation: Exit


Dynamic libraries:
0x0000000000400000 - 0x000000000044f000 	C:\Xilinx\SDK\2015.2\eclipse\win64.o\eclipse.exe
0x00000000771f0000 - 0x0000000077399000 	C:\Windows\SYSTEM32\ntdll.dll
0x0000000076fd0000 - 0x00000000770ef000 	C:\Windows\system32\kernel32.dll
0x000007fefd250000 - 0x000007fefd2bb000 	C:\Windows\system32\KERNELBASE.dll
0x00000000770f0000 - 0x00000000771ea000 	C:\Windows\system32\USER32.dll
0x000007feff390000 - 0x000007feff3f7000 	C:\Windows\system32\GDI32.dll
0x000007fefeca0000 - 0x000007fefecae000 	C:\Windows\system32\LPK.dll
0x000007fefedd0000 - 0x000007fefee99000 	C:\Windows\system32\USP10.dll
0x000007fefd510000 - 0x000007fefd5af000 	C:\Windows\system32\msvcrt.dll
0x000007fefbbe0000 - 0x000007fefbdd4000 	C:\Windows\WinSxS\amd64_microsoft.windows.common-controls_6595b64144ccf1df_6.0.7601.17514_none_fa396087175ac9ac\COMCTL32.dll
0x000007fefe3e0000 - 0x000007fefe451000 	C:\Windows\system32\SHLWAPI.dll
0x000007feff0e0000 - 0x000007feff10e000 	C:\Windows\system32\IMM32.DLL
0x000007fefeea0000 - 0x000007fefefa9000 	C:\Windows\system32\MSCTF.dll
0x0000000072000000 - 0x0000000072012000 	C:\Xilinx\SDK\2015.2\eclipse\win64.o\plugins\org.eclipse.equinox.launcher.win32.win32.x86_64_1.1.200.v20140116-2212\eclipse_1503.dll
0x000007fefe670000 - 0x000007fefe74b000 	C:\Windows\system32\ADVAPI32.dll
0x000007feff4e0000 - 0x000007feff4ff000 	C:\Windows\SYSTEM32\sechost.dll
0x000007fefefb0000 - 0x000007feff0dd000 	C:\Windows\system32\RPCRT4.dll
0x000007fefc2a0000 - 0x000007fefc2ac000 	C:\Windows\system32\VERSION.dll
0x000007fefb860000 - 0x000007fefb8b6000 	C:\Windows\system32\uxtheme.dll
0x0000000063c40000 - 0x000000006449a000 	C:\Xilinx\SDK\2015.2\tps\win64\jre\bin\server\jvm.dll
0x000007fef8430000 - 0x000007fef8439000 	C:\Windows\system32\WSOCK32.dll
0x000007fefec50000 - 0x000007fefec9d000 	C:\Windows\system32\WS2_32.dll
0x000007fefe7b0000 - 0x000007fefe7b8000 	C:\Windows\system32\NSI.dll
0x000007fefab00000 - 0x000007fefab3b000 	C:\Windows\system32\WINMM.dll
0x00000000773b0000 - 0x00000000773b7000 	C:\Windows\system32\PSAPI.DLL
0x0000000072a90000 - 0x0000000072b62000 	C:\Windows\system32\MSVCR100.dll
0x0000000071370000 - 0x000000007137f000 	C:\Xilinx\SDK\2015.2\tps\win64\jre\bin\verify.dll
0x000000006fef0000 - 0x000000006ff18000 	C:\Xilinx\SDK\2015.2\tps\win64\jre\bin\java.dll
0x000000006ff30000 - 0x000000006ff46000 	C:\Xilinx\SDK\2015.2\tps\win64\jre\bin\zip.dll
0x000007fefd5b0000 - 0x000007fefe338000 	C:\Windows\system32\SHELL32.dll
0x000007fefe460000 - 0x000007fefe663000 	C:\Windows\system32\ole32.dll
0x000007fefd140000 - 0x000007fefd14f000 	C:\Windows\system32\profapi.dll
0x000007fefc9d0000 - 0x000007fefc9e7000 	C:\Windows\system32\CRYPTSP.dll
0x000007fefc6d0000 - 0x000007fefc717000 	C:\Windows\system32\rsaenh.dll
0x000007fefc490000 - 0x000007fefc4ae000 	C:\Windows\system32\USERENV.dll
0x000007fefd010000 - 0x000007fefd01f000 	C:\Windows\system32\CRYPTBASE.dll
0x000000006fed0000 - 0x000000006feea000 	C:\Xilinx\SDK\2015.2\tps\win64\jre\bin\net.dll
0x000007fefc970000 - 0x000007fefc9c5000 	C:\Windows\system32\mswsock.dll
0x000007fefc960000 - 0x000007fefc967000 	C:\Windows\System32\wship6.dll
0x000007fefa9c0000 - 0x000007fefa9e7000 	C:\Windows\system32\IPHLPAPI.DLL
0x000007fefa9b0000 - 0x000007fefa9bb000 	C:\Windows\system32\WINNSI.DLL
0x000007fefa740000 - 0x000007fefa751000 	C:\Windows\system32\dhcpcsvc6.DLL
0x000007fefa760000 - 0x000007fefa778000 	C:\Windows\system32\dhcpcsvc.DLL
0x000000006feb0000 - 0x000000006fec1000 	C:\Xilinx\SDK\2015.2\tps\win64\jre\bin\nio.dll
0x000007fefecb0000 - 0x000007fefed49000 	C:\Windows\system32\CLBCatQ.DLL
0x000007feff400000 - 0x000007feff4d7000 	C:\Windows\system32\OLEAUT32.dll
0x000007fefb0e0000 - 0x000007fefb0f5000 	C:\Windows\system32\NLAapi.dll
0x000007feecf30000 - 0x000007feecf45000 	C:\Windows\system32\napinsp.dll
0x000007feecf10000 - 0x000007feecf29000 	C:\Windows\system32\pnrpnsp.dll
0x000007fefc7f0000 - 0x000007fefc84b000 	C:\Windows\system32\DNSAPI.dll
0x000007feecf00000 - 0x000007feecf0b000 	C:\Windows\System32\winrnr.dll
0x000007fefc370000 - 0x000007fefc377000 	C:\Windows\System32\wshtcpip.dll
0x000007fefa170000 - 0x000007fefa178000 	C:\Windows\system32\rasadhlp.dll
0x000007fefa8e0000 - 0x000007fefa933000 	C:\Windows\System32\fwpuclnt.dll
0x0000000016830000 - 0x00000000168d8000 	C:\Users\Tung\.Xilinx\SDK\2015.2\org.eclipse.osgi\bundles\287\1\.cp\swt-win32-4335.dll
0x000007fefe340000 - 0x000007fefe3d7000 	C:\Windows\system32\comdlg32.dll
0x000007fefaa00000 - 0x000007fefaa71000 	C:\Windows\system32\WINSPOOL.DRV
0x000007fefeb20000 - 0x000007fefec4a000 	C:\Windows\system32\WININET.dll
0x000007fefe9a0000 - 0x000007fefeb18000 	C:\Windows\system32\urlmon.dll
0x000007fefd300000 - 0x000007fefd467000 	C:\Windows\system32\CRYPT32.dll
0x000007fefd1e0000 - 0x000007fefd1ef000 	C:\Windows\system32\MSASN1.dll
0x000007feff110000 - 0x000007feff369000 	C:\Windows\system32\iertutil.dll
0x000007fefb4c0000 - 0x000007fefb4d8000 	C:\Windows\system32\dwmapi.dll
0x000007fefb980000 - 0x000007fefbaac000 	C:\Windows\system32\propsys.dll
0x0000000002710000 - 0x000000000272e000 	C:\Users\Tung\.Xilinx\SDK\2015.2\org.eclipse.osgi\bundles\287\1\.cp\swt-gdip-win32-4335.dll
0x000007fefb640000 - 0x000007fefb855000 	C:\Windows\WinSxS\amd64_microsoft.windows.gdiplus_6595b64144ccf1df_1.1.7601.17514_none_2b24536c71ed437a\gdiplus.dll
0x000007fefb350000 - 0x000007fefb47a000 	C:\Windows\system32\WindowsCodecs.dll
0x0000000180000000 - 0x0000000180012000 	C:\Users\Tung\.Xilinx\SDK\2015.2\org.eclipse.osgi\bundles\113\1\.cp\os\win32\x86_64\localfile_1_0_0.dll
0x000007fef9370000 - 0x000007fef9381000 	C:\Users\Tung\.Xilinx\SDK\2015.2\org.eclipse.osgi\bundles\116\1\.cp\jWinHttp-1.0.0.dll
0x000007fef70b0000 - 0x000007fef7121000 	C:\Windows\system32\WINHTTP.dll
0x000007fef7040000 - 0x000007fef70a4000 	C:\Windows\system32\webio.dll
0x000007fefcfe0000 - 0x000007fefd005000 	C:\Windows\system32\SspiCli.dll
0x000007fefc5a0000 - 0x000007fefc5aa000 	C:\Windows\system32\credssp.dll
0x000007fefd2c0000 - 0x000007fefd2f6000 	C:\Windows\system32\CFGMGR32.dll
0x000007fefa5b0000 - 0x000007fefa604000 	C:\Windows\system32\oleacc.dll
0x000007fefd120000 - 0x000007fefd134000 	C:\Windows\system32\RpcRtRemote.dll
0x000007fefd0c0000 - 0x000007fefd117000 	C:\Windows\system32\apphelp.dll
0x000007fee93b0000 - 0x000007fee93eb000 	C:\Windows\system32\mlang.dll
0x000007fef8bb0000 - 0x000007fef8bba000 	C:\Xilinx\SDK\2015.2\lib\win64.o\librdi_jtag_settings.dll
0x000007feed720000 - 0x000007feed749000 	C:\Xilinx\SDK\2015.2\lib\win64.o\librdi_debug_dialog.dll
0x000007fef8b80000 - 0x000007fef8ba2000 	C:\Xilinx\SDK\2015.2\lib\win64.o\libboost_filesystem.dll
0x000007fef9360000 - 0x000007fef9369000 	C:\Xilinx\SDK\2015.2\lib\win64.o\libboost_system.dll
0x000007feed410000 - 0x000007feed4b7000 	C:\Windows\system32\MSVCP110.dll
0x000007feed500000 - 0x000007feed5d4000 	C:\Windows\system32\MSVCR110.dll
0x000007fec3c40000 - 0x000007fec4583000 	C:\Xilinx\SDK\2015.2\lib\win64.o\librdi_common.dll
0x000007fec69c0000 - 0x000007fec6c68000 	C:\Xilinx\SDK\2015.2\lib\win64.o\libCOIN-all.dll
0x000007fec8f40000 - 0x000007fec9160000 	C:\Xilinx\SDK\2015.2\lib\win64.o\libXil_lmgr11.dll
0x000007feface0000 - 0x000007fefacf6000 	C:\Windows\system32\NETAPI32.dll
0x000007fefacd0000 - 0x000007fefacdc000 	C:\Windows\system32\netutils.dll
0x000007fefcd30000 - 0x000007fefcd53000 	C:\Windows\system32\srvcli.dll
0x000007fefacb0000 - 0x000007fefacc5000 	C:\Windows\system32\wkscli.dll
0x000007fefd1f0000 - 0x000007fefd22a000 	C:\Windows\system32\WINTRUST.dll
0x000007fefb920000 - 0x000007fefb930000 	C:\Xilinx\SDK\2015.2\lib\win64.o\libboost_date_time.dll
0x000007feec060000 - 0x000007feec0d4000 	C:\Xilinx\SDK\2015.2\lib\win64.o\libboost_program_options.dll
0x000007feeafd0000 - 0x000007feeb0ca000 	C:\Xilinx\SDK\2015.2\lib\win64.o\libboost_regex.dll
0x000007fef8bc0000 - 0x000007fef8bd3000 	C:\Xilinx\SDK\2015.2\lib\win64.o\libboost_signals.dll
0x000007fef34a0000 - 0x000007fef34bd000 	C:\Xilinx\SDK\2015.2\lib\win64.o\libboost_thread.dll
0x000007fefb8d0000 - 0x000007fefb8db000 	C:\Xilinx\SDK\2015.2\lib\win64.o\libboost_chrono.dll
0x000007feeb260000 - 0x000007feeb2e0000 	C:\Xilinx\SDK\2015.2\lib\win64.o\libhdlpsolve.dll
0x000007fecfb20000 - 0x000007fecfbba000 	C:\Xilinx\SDK\2015.2\lib\win64.o\libhdxml.dll
0x000007fec3630000 - 0x000007fec3c3a200 	C:\Xilinx\SDK\2015.2\lib\win64.o\libisl_iostreams.dll
0x000007fef2d80000 - 0x000007fef2d96000 	C:\Xilinx\SDK\2015.2\lib\win64.o\libboost_iostreams.dll
0x000007feee4d0000 - 0x000007feee4f3000 	C:\Xilinx\SDK\2015.2\lib\win64.o\librdizlib.dll
0x000007feee4a0000 - 0x000007feee4c3000 	C:\Xilinx\SDK\2015.2\lib\win64.o\libisl_iosutils.dll
0x000007feee3e0000 - 0x000007feee40a000 	C:\Xilinx\SDK\2015.2\lib\win64.o\libisl_sysinfo.dll
0x000007fef98b0000 - 0x000007fef98c5000 	C:\Xilinx\SDK\2015.2\lib\win64.o\pthreadVC2.dll
0x000007feeda40000 - 0x000007feeda94000 	C:\Xilinx\SDK\2015.2\lib\win64.o\librdi_commonxillic.dll
0x000007fec8e10000 - 0x000007fec8f40000 	C:\Xilinx\SDK\2015.2\lib\win64.o\librdi_curl.dll
0x000007feee3c0000 - 0x000007feee3d8000 	C:\Xilinx\SDK\2015.2\lib\win64.o\librdiconfig.dll
0x000000006c360000 - 0x000000006c487000 	C:\Xilinx\SDK\2015.2\lib\win64.o\tcl85t.dll
0x0000000021ad0000 - 0x0000000021d33000 	C:\Xilinx\SDK\2015.2\lib\win64.o\xerces-c_3_1.dll
0x000007fee9820000 - 0x000007fee9843000 	C:\Windows\system32\VCOMP110.DLL
0x000007fec2820000 - 0x000007fec2a08000 	C:\Xilinx\SDK\2015.2\lib\win64.o\librdi_hsm.dll
0x000007feec010000 - 0x000007feec053000 	C:\Xilinx\SDK\2015.2\lib\win64.o\librdi_hdf.dll
0x000007fec8940000 - 0x000007fec8afa000 	C:\Xilinx\SDK\2015.2\lib\win64.o\librdi_ippcw.dll
0x000007feee3b0000 - 0x000007feee3b8000 	C:\Xilinx\SDK\2015.2\lib\win64.o\librdi_target_manager.dll
0x000007feedc50000 - 0x000007feedc60000 	C:\Xilinx\SDK\2015.2\lib\win64.o\librdi_repo_manager.dll
0x000007feebd40000 - 0x000007feebd5c000 	C:\Xilinx\SDK\2015.2\lib\win64.o\librdi_hw_platform.dll
0x000007fefaa90000 - 0x000007fefaa97000 	C:\Windows\system32\msimg32.dll
0x000007fec3220000 - 0x000007fec362a000 	C:\Xilinx\SDK\2015.2\lib\win64.o\librdi_commontasks.dll
0x000007fec2a10000 - 0x000007fec3220000 	C:\Xilinx\SDK\2015.2\lib\win64.o\libXil_lmgr11FNP.dll
0x000007fef73e0000 - 0x000007fef73eb000 	C:\Windows\system32\snmpapi.dll
0x000007fefe7c0000 - 0x000007fefe997000 	C:\Windows\system32\SETUPAPI.dll
0x000007fefd230000 - 0x000007fefd24a000 	C:\Windows\system32\DEVOBJ.dll
0x000007fefad70000 - 0x000007fefadf6000 	C:\Windows\system32\wbemcomn.dll
0x000007fef9910000 - 0x000007fef99f2000 	C:\Windows\system32\wbem\fastprox.dll
0x000007fefa420000 - 0x000007fefa447000 	C:\Windows\system32\NTDSAPI.dll
0x000007fec2270000 - 0x000007fec2605000 	C:\Xilinx\SDK\2015.2\lib\win64.o\librdi_hsmtasks.dll

VM Arguments:
jvm_args: -Dcom.xilinx.sdk.args.hwspec=C:/Users/Tung/Desktop/AXIS_Convolution_v1/axi_conv_fp_3x3/axi_conv_fp_3x3.sdk/design_1_wrapper.hdf -Xms64m -Xmx512m & 
java_command: <unknown>
java_class_path (initial): C:\Xilinx\SDK\2015.2\eclipse\win64.o\\plugins/org.eclipse.equinox.launcher_1.3.0.v20130327-1440.jar
Launcher Type: generic

Environment Variables:
USERNAME=Tung
OS=Windows_NT
PROCESSOR_IDENTIFIER=Intel64 Family 6 Model 60 Stepping 3, GenuineIntel



---------------  S Y S T E M  ---------------

OS: Windows 7 , 64 bit Build 7601 Service Pack 1

CPU:total 4 (4 cores per cpu, 1 threads per core) family 6 model 60 stepping 3, cmov, cx8, fxsr, mmx, sse, sse2, sse3, ssse3, sse4.1, sse4.2, popcnt, avx, avx2, aes, clmul, erms, lzcnt, tsc, tscinvbit, bmi1, bmi2

Memory: 4k page, physical 4110972k(1162708k free), swap 8220100k(4097860k free)

vm_info: Java HotSpot(TM) 64-Bit Server VM (25.25-b02) for windows-amd64 JRE (1.8.0_25-b18), built on Oct  7 2014 14:25:37 by "java_re" with MS VC++ 10.0 (VS2010)

time: Fri Jul 27 11:23:52 2018
elapsed time: 7405 seconds (0d 2h 3m 25s)

