#
# A fatal error has been detected by the Java Runtime Environment:
#
#  EXCEPTION_ACCESS_VIOLATION (0xc0000005) at pc=0x0000000000000000, pid=1268, tid=2960
#
# JRE version: Java(TM) SE Runtime Environment (8.0_25-b18) (build 1.8.0_25-b18)
# Java VM: Java HotSpot(TM) 64-Bit Server VM (25.25-b02 mixed mode windows-amd64 compressed oops)
# Problematic frame:
# C  0x0000000000000000
#
# Failed to write core dump. Minidumps are not enabled by default on client versions of Windows
#
# If you would like to submit a bug report, please visit:
#   http://bugreport.sun.com/bugreport/crash.jsp
# The crash happened outside the Java Virtual Machine in native code.
# See problematic frame for where to report the bug.
#

---------------  T H R E A D  ---------------

Current thread (0x000000002375f000):  JavaThread "AWT-EventQueue-1" [_thread_in_native, id=2960, stack(0x0000000026040000,0x0000000026540000)]

siginfo: ExceptionCode=0xc0000005, ExceptionInformation=0x0000000000000008 0x0000000000000000

Registers:
RAX=0x000000003413c2e8, RBX=0x00000000326f8080, RCX=0x000000003413e430, RDX=0x00000000326f8080
RSP=0x000000002653c2e8, RBP=0x0000000000000001, RSI=0x0000000011833d00, RDI=0x0000000000000000
R8 =0x0000000000000000, R9 =0x0000000000000001, R10=0x00000000326f80a0, R11=0x00000000326f8060
R12=0x00000000326f8080, R13=0x000000002653c4c0, R14=0x000000002653c4c8, R15=0x0000000000000001
RIP=0x0000000000000000, EFLAGS=0x0000000000010202

Top of Stack: (sp=0x000000002653c2e8)
0x000000002653c2e8:   000007fedf742dc6 0000000000000000
0x000000002653c2f8:   0000000000000020 0000000034c4b9c0
0x000000002653c308:   000007fedf122f35 fffffffffffffffe
0x000000002653c318:   000000000a91808d 0000000001d20020
0x000000002653c328:   0000000000000028 ffffffff00000000
0x000000002653c338:   0000d3a7fca82a0f 000000003413e430
0x000000002653c348:   0000000011833d00 0000000000000000
0x000000002653c358:   000007fedf738f23 000000002653c430
0x000000002653c368:   000007fedf124a93 00000000326f8080
0x000000002653c378:   000000002653c430 0000000034c4b9c0
0x000000002653c388:   fffffffffffffffe 0000000034c4b9c0
0x000000002653c398:   000007fedf12a848 0000000000000000
0x000000002653c3a8:   000000002375f1e8 000000002653c618
0x000000002653c3b8:   000000003591e100 000000002653c4c0
0x000000002653c3c8:   0000000011833d90 000000002653c650
0x000000002653c3d8:   000007fedf738c59 000000002653c4c8 

Instructions: (pc=0x0000000000000000)
0xffffffffffffffe0:   


Register to memory mapping:

RAX=0x000000003413c2e8 is an unknown value
RBX=0x00000000326f8080 is an unknown value
RCX=0x000000003413e430 is an unknown value
RDX=0x00000000326f8080 is an unknown value
RSP=0x000000002653c2e8 is pointing into the stack for thread: 0x000000002375f000
RBP=0x0000000000000001 is an unknown value
RSI=0x0000000011833d00 is an unknown value
RDI=0x0000000000000000 is an unknown value
R8 =0x0000000000000000 is an unknown value
R9 =0x0000000000000001 is an unknown value
R10=0x00000000326f80a0 is an unknown value
R11=0x00000000326f8060 is an unknown value
R12=0x00000000326f8080 is an unknown value
R13=0x000000002653c4c0 is pointing into the stack for thread: 0x000000002375f000
R14=0x000000002653c4c8 is pointing into the stack for thread: 0x000000002375f000
R15=0x0000000000000001 is an unknown value


Stack: [0x0000000026040000,0x0000000026540000],  sp=0x000000002653c2e8,  free space=5104k
Native frames: (J=compiled Java code, j=interpreted, Vv=VM code, C=native code)

Java frames: (J=compiled Java code, j=interpreted, Vv=VM code)
J 14750  ui.data.coregen.ipmgri.IPMgr_findIPData(JLjava/lang/String;)J (0 bytes) @ 0x0000000014e149d5 [0x0000000014e14980+0x55]
J 14490 C1 ui.views.I.gk.customizeStyledLabel(Ljavax/swing/JTree;Ljava/lang/Object;ZZZIZ)V (221 bytes) @ 0x0000000013e1084c [0x0000000013e0f3a0+0x14ac]
J 13617 C2 ui.g.i.v.U.getTreeCellRendererComponent(Ljavax/swing/JTree;Ljava/lang/Object;ZZZIZ)Ljava/awt/Component; (112 bytes) @ 0x0000000013ec2a58 [0x0000000013ec1860+0x11f8]
J 14489 C1 ui.views.I.gk.getTreeCellRendererComponent(Ljavax/swing/JTree;Ljava/lang/Object;ZZZIZ)Ljava/awt/Component; (94 bytes) @ 0x0000000012a46f04 [0x0000000012a46840+0x6c4]
J 13457 C2 javax.swing.plaf.basic.BasicTreeUI$NodeDimensionsHandler.getNodeDimensions(Ljava/lang/Object;IIZLjava/awt/Rectangle;)Ljava/awt/Rectangle; (297 bytes) @ 0x00000000133e9f90 [0x00000000133e9e80+0x110]
J 11372 C2 javax.swing.plaf.basic.BasicTreeUI.getPathBounds(Ljavax/swing/tree/TreePath;Ljava/awt/Insets;Ljava/awt/Rectangle;)Ljava/awt/Rectangle; (78 bytes) @ 0x0000000014552008 [0x0000000014550de0+0x1228]
J 10746 C1 javax.swing.plaf.basic.BasicTreeUI.paintVerticalPartOfLeg(Ljava/awt/Graphics;Ljava/awt/Rectangle;Ljava/awt/Insets;Ljavax/swing/tree/TreePath;)V (379 bytes) @ 0x0000000012de210c [0x0000000012de0b00+0x160c]
J 9959 C1 javax.swing.plaf.basic.BasicTreeUI.paint(Ljava/awt/Graphics;Ljavax/swing/JComponent;)V (483 bytes) @ 0x000000001416b80c [0x0000000014169b80+0x1c8c]
J 7816 C2 javax.swing.plaf.ComponentUI.update(Ljava/awt/Graphics;Ljavax/swing/JComponent;)V (36 bytes) @ 0x0000000013a41274 [0x0000000013a41200+0x74]
J 7679 C2 javax.swing.JComponent.paintComponent(Ljava/awt/Graphics;)V (44 bytes) @ 0x000000001288b554 [0x000000001288b340+0x214]
J 11397 C1 ui.g.i.v.k.paintComponent(Ljava/awt/Graphics;)V (10 bytes) @ 0x0000000014539d2c [0x0000000014539c00+0x12c]
J 13885 C2 javax.swing.JComponent.paint(Ljava/awt/Graphics;)V (409 bytes) @ 0x0000000014c0bfd0 [0x0000000014c0b6e0+0x8f0]
J 10449 C2 javax.swing.JComponent.paintChildren(Ljava/awt/Graphics;)V (669 bytes) @ 0x00000000142f1e38 [0x00000000142f19a0+0x498]
J 13885 C2 javax.swing.JComponent.paint(Ljava/awt/Graphics;)V (409 bytes) @ 0x0000000014c0c010 [0x0000000014c0b6e0+0x930]
J 9941 C1 javax.swing.JViewport.paint(Ljava/awt/Graphics;)V (648 bytes) @ 0x000000001414e14c [0x000000001414c560+0x1bec]
J 10449 C2 javax.swing.JComponent.paintChildren(Ljava/awt/Graphics;)V (669 bytes) @ 0x00000000142f1e38 [0x00000000142f19a0+0x498]
J 13885 C2 javax.swing.JComponent.paint(Ljava/awt/Graphics;)V (409 bytes) @ 0x0000000014c0c010 [0x0000000014c0b6e0+0x930]
J 10449 C2 javax.swing.JComponent.paintChildren(Ljava/awt/Graphics;)V (669 bytes) @ 0x00000000142f1e38 [0x00000000142f19a0+0x498]
J 13885 C2 javax.swing.JComponent.paint(Ljava/awt/Graphics;)V (409 bytes) @ 0x0000000014c0c010 [0x0000000014c0b6e0+0x930]
J 10449 C2 javax.swing.JComponent.paintChildren(Ljava/awt/Graphics;)V (669 bytes) @ 0x00000000142f1e38 [0x00000000142f19a0+0x498]
J 13885 C2 javax.swing.JComponent.paint(Ljava/awt/Graphics;)V (409 bytes) @ 0x0000000014c0c010 [0x0000000014c0b6e0+0x930]
J 14206 C2 javax.swing.RepaintManager$PaintManager.paint(Ljavax/swing/JComponent;Ljavax/swing/JComponent;Ljava/awt/Graphics;IIII)Z (189 bytes) @ 0x0000000013391b9c [0x0000000013391340+0x85c]
J 12584 C2 javax.swing.JComponent._paintImmediately(IIII)V (891 bytes) @ 0x00000000148dd610 [0x00000000148dc9e0+0xc30]
J 14210 C2 javax.swing.JComponent.paintImmediately(IIII)V (155 bytes) @ 0x000000001334354c [0x0000000013343320+0x22c]
J 11565 C1 javax.swing.RepaintManager$4.run()Ljava/lang/Void; (278 bytes) @ 0x00000000139a96d4 [0x00000000139a9020+0x6b4]
J 11566 C1 javax.swing.RepaintManager$4.run()Ljava/lang/Object; (5 bytes) @ 0x00000000139a8bbc [0x00000000139a8b40+0x7c]
v  ~StubRoutines::call_stub
J 1481  java.security.AccessController.doPrivileged(Ljava/security/PrivilegedAction;Ljava/security/AccessControlContext;)Ljava/lang/Object; (0 bytes) @ 0x00000000127784e6 [0x0000000012778480+0x66]
J 13611 C2 javax.swing.RepaintManager.paintDirtyRegions(Ljava/util/Map;)V (196 bytes) @ 0x0000000013d70be0 [0x0000000013d70480+0x760]
J 8126 C1 javax.swing.RepaintManager.paintDirtyRegions()V (50 bytes) @ 0x000000001298e804 [0x000000001298e580+0x284]
J 8125 C1 javax.swing.RepaintManager.prePaintDirtyRegions()V (91 bytes) @ 0x0000000012b3082c [0x0000000012b30200+0x62c]
J 7160 C1 javax.swing.RepaintManager$ProcessingRunnable.run()V (41 bytes) @ 0x0000000013882f7c [0x0000000013882d20+0x25c]
J 9429 C2 java.awt.EventQueue$3.run()Ljava/lang/Object; (5 bytes) @ 0x0000000014050f98 [0x0000000014050c40+0x358]
v  ~StubRoutines::call_stub
J 1481  java.security.AccessController.doPrivileged(Ljava/security/PrivilegedAction;Ljava/security/AccessControlContext;)Ljava/lang/Object; (0 bytes) @ 0x00000000127784e6 [0x0000000012778480+0x66]
J 9196 C2 ui.frmwork.a.e.dispatchEvent(Ljava/awt/AWTEvent;)V (30 bytes) @ 0x0000000013e7dbc0 [0x0000000013e7d9c0+0x200]
J 9431 C2 java.awt.EventDispatchThread.pumpOneEventForFilters(I)V (295 bytes) @ 0x000000001404c64c [0x000000001404c220+0x42c]
j  java.awt.EventDispatchThread.pumpEventsForFilter(ILjava/awt/Conditional;Ljava/awt/EventFilter;)V+35
j  java.awt.EventDispatchThread.pumpEventsForHierarchy(ILjava/awt/Conditional;Ljava/awt/Component;)V+11
j  java.awt.EventDispatchThread.pumpEvents(ILjava/awt/Conditional;)V+4
j  java.awt.EventDispatchThread.pumpEvents(Ljava/awt/Conditional;)V+3
j  java.awt.EventDispatchThread.run()V+9
v  ~StubRoutines::call_stub

---------------  P R O C E S S  ---------------

Java Threads: ( => current thread )
  0x00000000310ef000 JavaThread "Package IP" [_thread_in_native, id=3240, stack(0x000000003f370000,0x000000003f870000)]
  0x000000003933d800 JavaThread "Image Fetcher 3" daemon [_thread_blocked, id=2372, stack(0x000000003d710000,0x000000003dc10000)]
  0x0000000030d37800 JavaThread "Monitor File Timestamp" [_thread_blocked, id=3108, stack(0x0000000037440000,0x0000000037940000)]
  0x0000000023e57800 JavaThread "hw_ila_monitor" [_thread_blocked, id=1904, stack(0x000000002ead0000,0x000000002efd0000)]
  0x000000002d869800 JavaThread "Update Runs" [_thread_blocked, id=2120, stack(0x000000002e430000,0x000000002e930000)]
  0x00000000231c2800 JavaThread "Refresh Filesets" [_thread_blocked, id=3344, stack(0x000000002dc50000,0x000000002e150000)]
  0x00000000294f7800 JavaThread "Swing-Shell" daemon [_thread_blocked, id=4000, stack(0x000000002ab50000,0x000000002b050000)]
  0x00000000246c7800 JavaThread "Monitor File Timestamp" [_thread_blocked, id=2108, stack(0x0000000029c50000,0x000000002a150000)]
=>0x000000002375f000 JavaThread "AWT-EventQueue-1" [_thread_in_native, id=2960, stack(0x0000000026040000,0x0000000026540000)]
  0x000000002375c000 JavaThread "Process Messages" [_thread_blocked, id=1576, stack(0x0000000025a60000,0x0000000025f60000)]
  0x000000000a5b7000 JavaThread "Thread-3" [_thread_in_native, id=2124, stack(0x0000000002490000,0x0000000003890000)]
  0x000000002314b000 JavaThread "AWT-EventQueue-0" [_thread_blocked, id=2320, stack(0x0000000025490000,0x0000000025990000)]
  0x0000000023143800 JavaThread "AWT-Windows" daemon [_thread_in_native, id=2544, stack(0x0000000024f50000,0x0000000025450000)]
  0x0000000023144000 JavaThread "AWT-Shutdown" [_thread_blocked, id=2352, stack(0x0000000024890000,0x0000000024d90000)]
  0x0000000023721800 JavaThread "Java2D Disposer" daemon [_thread_blocked, id=736, stack(0x00000000241a0000,0x00000000246a0000)]
  0x000000002284f800 JavaThread "TimerQueue" daemon [_thread_blocked, id=872, stack(0x0000000022a20000,0x0000000022f20000)]
  0x000000000a577800 JavaThread "Service Thread" daemon [_thread_blocked, id=964, stack(0x0000000021ff0000,0x00000000224f0000)]
  0x0000000009aea800 JavaThread "C1 CompilerThread2" daemon [_thread_blocked, id=2000, stack(0x0000000011e40000,0x0000000011f40000)]
  0x0000000009ae0800 JavaThread "C2 CompilerThread1" daemon [_thread_blocked, id=3116, stack(0x000000000a6d0000,0x000000000a7d0000)]
  0x0000000009ae1800 JavaThread "C2 CompilerThread0" daemon [_thread_blocked, id=1616, stack(0x000000000a290000,0x000000000a390000)]
  0x0000000009ae2800 JavaThread "Attach Listener" daemon [_thread_blocked, id=3756, stack(0x00000000219f0000,0x0000000021ef0000)]
  0x0000000009aed800 JavaThread "Signal Dispatcher" daemon [_thread_blocked, id=1960, stack(0x0000000021310000,0x0000000021810000)]
  0x0000000009aac000 JavaThread "Finalizer" daemon [_thread_blocked, id=868, stack(0x00000000118d0000,0x0000000011dd0000)]
  0x0000000009aad000 JavaThread "Reference Handler" daemon [_thread_blocked, id=3788, stack(0x00000000112d0000,0x00000000117d0000)]
  0x0000000003ad5800 JavaThread "main" [_thread_blocked, id=2632, stack(0x00000000083c0000,0x00000000084c0000)]

Other Threads:
  0x00000000096d1000 VMThread [stack: 0x000000000a440000,0x000000000a540000] [id=256]
  0x000000000a576800 WatcherThread [stack: 0x0000000021860000,0x0000000021960000] [id=2064]

VM state:not at safepoint (normal execution)

VM Mutex/Monitor currently owned by a thread: None

Heap:
 PSYoungGen      total 52736K, used 16070K [0x00000007bc400000, 0x00000007c0000000, 0x00000007c0000000)
  eden space 46080K, 21% used [0x00000007bc400000,0x00000007bcd7bed8,0x00000007bf100000)
  from space 6656K, 95% used [0x00000007bf100000,0x00000007bf735c28,0x00000007bf780000)
  to   space 8704K, 0% used [0x00000007bf780000,0x00000007bf780000,0x00000007c0000000)
 ParOldGen       total 173056K, used 72799K [0x0000000700000000, 0x000000070a900000, 0x00000007bc400000)
  object space 173056K, 42% used [0x0000000700000000,0x0000000704717cd0,0x000000070a900000)
 Metaspace       used 60058K, capacity 60473K, committed 61056K, reserved 1101824K
  class space    used 8717K, capacity 8813K, committed 8832K, reserved 1048576K

Card table byte_map: [0x0000000008880000,0x0000000008e90000] byte_map_base: 0x0000000005080000

Marking Bits: (ParMarkBitMap*) 0x000000006862d490
 Begin Bits: [0x000000000a990000, 0x000000000d990000)
 End Bits:   [0x000000000d990000, 0x0000000010990000)

Polling page: 0x00000000004c0000

CodeCache: size=245760Kb used=45575Kb max_used=45575Kb free=200185Kb
 bounds [0x0000000012270000, 0x0000000014f50000, 0x0000000021270000]
 total_blobs=12325 nmethods=11426 adapters=803
 compilation: enabled

Compilation events (10 events):
Event: 328.934 Thread 0x0000000009aea800 14969  s    3       java.util.Vector::remove (81 bytes)
Event: 328.934 Thread 0x0000000009aea800 nmethod 14969 0x0000000013b6db90 code [0x0000000013b6dd40, 0x0000000013b6e478]
Event: 328.934 Thread 0x0000000009ae1800 nmethod 14967 0x00000000136cbcd0 code [0x00000000136cbe00, 0x00000000136cbeb8]
Event: 328.934 Thread 0x0000000009ae1800 14968       4       javax.swing.text.GapContent$StickyPosition::setMark (6 bytes)
Event: 328.934 Thread 0x0000000009ae1800 nmethod 14968 0x0000000013898d90 code [0x0000000013898ec0, 0x0000000013898f38]
Event: 328.940 Thread 0x0000000009aea800 14970       3       com.jidesoft.swing.DefaultOverlayable::setOverlayVisible (40 bytes)
Event: 328.941 Thread 0x0000000009aea800 nmethod 14970 0x0000000014b0c550 code [0x0000000014b0c700, 0x0000000014b0cdc8]
Event: 328.941 Thread 0x0000000009aea800 14971       3       javax.swing.text.PlainDocument::removeUpdate (307 bytes)
Event: 328.942 Thread 0x0000000009ae0800 nmethod 14960 0x0000000014f39fd0 code [0x0000000014f3a1c0, 0x0000000014f3b768]
Event: 328.942 Thread 0x0000000009aea800 nmethod 14971 0x0000000014f3c810 code [0x0000000014f3cbe0, 0x0000000014f3f7b8]

GC Heap History (10 events):
Event: 327.946 GC heap before
{Heap before GC invocations=113 (full 7):
 PSYoungGen      total 51712K, used 45149K [0x00000007bc400000, 0x00000007c0000000, 0x00000007c0000000)
  eden space 42496K, 100% used [0x00000007bc400000,0x00000007bed80000,0x00000007bed80000)
  from space 9216K, 28% used [0x00000007bed80000,0x00000007bf017498,0x00000007bf680000)
  to   space 8704K, 0% used [0x00000007bf780000,0x00000007bf780000,0x00000007c0000000)
 ParOldGen       total 173056K, used 75107K [0x0000000700000000, 0x000000070a900000, 0x00000007bc400000)
  object space 173056K, 43% used [0x0000000700000000,0x0000000704958e98,0x000000070a900000)
 Metaspace       used 60001K, capacity 60409K, committed 61056K, reserved 1101824K
  class space    used 8717K, capacity 8813K, committed 8832K, reserved 1048576K
Event: 327.950 GC heap after
Heap after GC invocations=113 (full 7):
 PSYoungGen      total 53248K, used 3041K [0x00000007bc400000, 0x00000007c0000000, 0x00000007c0000000)
  eden space 44544K, 0% used [0x00000007bc400000,0x00000007bc400000,0x00000007bef80000)
  from space 8704K, 34% used [0x00000007bf780000,0x00000007bfa78558,0x00000007c0000000)
  to   space 8192K, 0% used [0x00000007bef80000,0x00000007bef80000,0x00000007bf780000)
 ParOldGen       total 173056K, used 75107K [0x0000000700000000, 0x000000070a900000, 0x00000007bc400000)
  object space 173056K, 43% used [0x0000000700000000,0x0000000704958e98,0x000000070a900000)
 Metaspace       used 60001K, capacity 60409K, committed 61056K, reserved 1101824K
  class space    used 8717K, capacity 8813K, committed 8832K, reserved 1048576K
}
Event: 328.050 GC heap before
{Heap before GC invocations=114 (full 7):
 PSYoungGen      total 53248K, used 17657K [0x00000007bc400000, 0x00000007c0000000, 0x00000007c0000000)
  eden space 44544K, 32% used [0x00000007bc400000,0x00000007bd246020,0x00000007bef80000)
  from space 8704K, 34% used [0x00000007bf780000,0x00000007bfa78558,0x00000007c0000000)
  to   space 8192K, 0% used [0x00000007bef80000,0x00000007bef80000,0x00000007bf780000)
 ParOldGen       total 173056K, used 75107K [0x0000000700000000, 0x000000070a900000, 0x00000007bc400000)
  object space 173056K, 43% used [0x0000000700000000,0x0000000704958e98,0x000000070a900000)
 Metaspace       used 60014K, capacity 60409K, committed 61056K, reserved 1101824K
  class space    used 8717K, capacity 8813K, committed 8832K, reserved 1048576K
Event: 328.054 GC heap after
Heap after GC invocations=114 (full 7):
 PSYoungGen      total 52736K, used 2593K [0x00000007bc400000, 0x00000007c0000000, 0x00000007c0000000)
  eden space 44544K, 0% used [0x00000007bc400000,0x00000007bc400000,0x00000007bef80000)
  from space 8192K, 31% used [0x00000007bef80000,0x00000007bf208558,0x00000007bf780000)
  to   space 7680K, 0% used [0x00000007bf880000,0x00000007bf880000,0x00000007c0000000)
 ParOldGen       total 173056K, used 75115K [0x0000000700000000, 0x000000070a900000, 0x00000007bc400000)
  object space 173056K, 43% used [0x0000000700000000,0x000000070495ae98,0x000000070a900000)
 Metaspace       used 60014K, capacity 60409K, committed 61056K, reserved 1101824K
  class space    used 8717K, capacity 8813K, committed 8832K, reserved 1048576K
}
Event: 328.054 GC heap before
{Heap before GC invocations=115 (full 8):
 PSYoungGen      total 52736K, used 2593K [0x00000007bc400000, 0x00000007c0000000, 0x00000007c0000000)
  eden space 44544K, 0% used [0x00000007bc400000,0x00000007bc400000,0x00000007bef80000)
  from space 8192K, 31% used [0x00000007bef80000,0x00000007bf208558,0x00000007bf780000)
  to   space 7680K, 0% used [0x00000007bf880000,0x00000007bf880000,0x00000007c0000000)
 ParOldGen       total 173056K, used 75115K [0x0000000700000000, 0x000000070a900000, 0x00000007bc400000)
  object space 173056K, 43% used [0x0000000700000000,0x000000070495ae98,0x000000070a900000)
 Metaspace       used 60014K, capacity 60409K, committed 61056K, reserved 1101824K
  class space    used 8717K, capacity 8813K, committed 8832K, reserved 1048576K
Event: 328.353 GC heap after
Heap after GC invocations=115 (full 8):
 PSYoungGen      total 52736K, used 0K [0x00000007bc400000, 0x00000007c0000000, 0x00000007c0000000)
  eden space 44544K, 0% used [0x00000007bc400000,0x00000007bc400000,0x00000007bef80000)
  from space 8192K, 0% used [0x00000007bef80000,0x00000007bef80000,0x00000007bf780000)
  to   space 7680K, 0% used [0x00000007bf880000,0x00000007bf880000,0x00000007c0000000)
 ParOldGen       total 173056K, used 72799K [0x0000000700000000, 0x000000070a900000, 0x00000007bc400000)
  object space 173056K, 42% used [0x0000000700000000,0x0000000704717cd0,0x000000070a900000)
 Metaspace       used 60014K, capacity 60409K, committed 61056K, reserved 1101824K
  class space    used 8717K, capacity 8813K, committed 8832K, reserved 1048576K
}
Event: 328.724 GC heap before
{Heap before GC invocations=116 (full 8):
 PSYoungGen      total 52736K, used 44544K [0x00000007bc400000, 0x00000007c0000000, 0x00000007c0000000)
  eden space 44544K, 100% used [0x00000007bc400000,0x00000007bef80000,0x00000007bef80000)
  from space 8192K, 0% used [0x00000007bef80000,0x00000007bef80000,0x00000007bf780000)
  to   space 7680K, 0% used [0x00000007bf880000,0x00000007bf880000,0x00000007c0000000)
 ParOldGen       total 173056K, used 72799K [0x0000000700000000, 0x000000070a900000, 0x00000007bc400000)
  object space 173056K, 42% used [0x0000000700000000,0x0000000704717cd0,0x000000070a900000)
 Metaspace       used 60041K, capacity 60473K, committed 61056K, reserved 1101824K
  class space    used 8717K, capacity 8813K, committed 8832K, reserved 1048576K
Event: 328.729 GC heap after
Heap after GC invocations=116 (full 8):
 PSYoungGen      total 53760K, used 3799K [0x00000007bc400000, 0x00000007c0000000, 0x00000007c0000000)
  eden space 46080K, 0% used [0x00000007bc400000,0x00000007bc400000,0x00000007bf100000)
  from space 7680K, 49% used [0x00000007bf880000,0x00000007bfc35c28,0x00000007c0000000)
  to   space 7680K, 0% used [0x00000007bf100000,0x00000007bf100000,0x00000007bf880000)
 ParOldGen       total 173056K, used 72799K [0x0000000700000000, 0x000000070a900000, 0x00000007bc400000)
  object space 173056K, 42% used [0x0000000700000000,0x0000000704717cd0,0x000000070a900000)
 Metaspace       used 60041K, capacity 60473K, committed 61056K, reserved 1101824K
  class space    used 8717K, capacity 8813K, committed 8832K, reserved 1048576K
}
Event: 328.912 GC heap before
{Heap before GC invocations=117 (full 8):
 PSYoungGen      total 53760K, used 49879K [0x00000007bc400000, 0x00000007c0000000, 0x00000007c0000000)
  eden space 46080K, 100% used [0x00000007bc400000,0x00000007bf100000,0x00000007bf100000)
  from space 7680K, 49% used [0x00000007bf880000,0x00000007bfc35c28,0x00000007c0000000)
  to   space 7680K, 0% used [0x00000007bf100000,0x00000007bf100000,0x00000007bf880000)
 ParOldGen       total 173056K, used 72799K [0x0000000700000000, 0x000000070a900000, 0x00000007bc400000)
  object space 173056K, 42% used [0x0000000700000000,0x0000000704717cd0,0x000000070a900000)
 Metaspace       used 60046K, capacity 60473K, committed 61056K, reserved 1101824K
  class space    used 8717K, capacity 8813K, committed 8832K, reserved 1048576K
Event: 328.917 GC heap after
Heap after GC invocations=117 (full 8):
 PSYoungGen      total 52736K, used 6359K [0x00000007bc400000, 0x00000007c0000000, 0x00000007c0000000)
  eden space 46080K, 0% used [0x00000007bc400000,0x00000007bc400000,0x00000007bf100000)
  from space 6656K, 95% used [0x00000007bf100000,0x00000007bf735c28,0x00000007bf780000)
  to   space 8704K, 0% used [0x00000007bf780000,0x00000007bf780000,0x00000007c0000000)
 ParOldGen       total 173056K, used 72799K [0x0000000700000000, 0x000000070a900000, 0x00000007bc400000)
  object space 173056K, 42% used [0x0000000700000000,0x0000000704717cd0,0x000000070a900000)
 Metaspace       used 60046K, capacity 60473K, committed 61056K, reserved 1101824K
  class space    used 8717K, capacity 8813K, committed 8832K, reserved 1048576K
}

Deoptimization events (10 events):
Event: 325.779 Thread 0x000000002375f000 Uncommon trap: reason=bimorphic action=maybe_recompile pc=0x000000001470dc54 method=java.awt.Component.dispatchEventImpl(Ljava/awt/AWTEvent;)V @ 242
Event: 325.803 Thread 0x000000002375f000 Uncommon trap: reason=bimorphic action=maybe_recompile pc=0x000000001470dc54 method=java.awt.Component.dispatchEventImpl(Ljava/awt/AWTEvent;)V @ 242
Event: 326.059 Thread 0x000000002375f000 Uncommon trap: reason=bimorphic action=maybe_recompile pc=0x000000001470dc54 method=java.awt.Component.dispatchEventImpl(Ljava/awt/AWTEvent;)V @ 242
Event: 327.200 Thread 0x000000002375f000 Uncommon trap: reason=bimorphic action=maybe_recompile pc=0x0000000013a52a70 method=java.awt.Container.getAlignmentX()F @ 27
Event: 327.200 Thread 0x000000002375f000 Uncommon trap: reason=bimorphic action=maybe_recompile pc=0x0000000013a52a70 method=java.awt.Container.getAlignmentX()F @ 27
Event: 327.901 Thread 0x000000002375f000 Uncommon trap: reason=bimorphic action=maybe_recompile pc=0x0000000013a52a70 method=java.awt.Container.getAlignmentX()F @ 27
Event: 328.008 Thread 0x000000002375f000 Uncommon trap: reason=bimorphic action=maybe_recompile pc=0x00000000148d3dd4 method=javax.swing.plaf.basic.BasicListUI.maybeUpdateLayoutState()V @ 8
Event: 328.356 Thread 0x000000002375f000 Uncommon trap: reason=unreached action=reinterpret pc=0x0000000012a9637c method=javax.swing.event.EventListenerList.remove(Ljava/lang/Class;Ljava/util/EventListener;)V @ 1
Event: 328.581 Thread 0x000000002375f000 Uncommon trap: reason=range_check action=make_not_entrant pc=0x0000000014f02534 method=java.awt.image.DirectColorModel.getRedMask()I @ 5
Event: 328.918 Thread 0x000000002375f000 Uncommon trap: reason=null_check action=make_not_entrant pc=0x00000000138d260c method=javax.swing.text.GapContent$MarkData.getPosition()Ljavax/swing/text/GapContent$StickyPosition; @ 4

Internal exceptions (10 events):
Event: 325.308 Thread 0x000000002375f000 Exception <a 'java/security/PrivilegedActionException'> (0x00000007bcfb6638) thrown at [D:\re\workspace\8-2-build-windows-amd64-cygwin\jdk8u25\1677\hotspot\src\share\vm\prims\jvm.cpp, line 1312]
Event: 325.309 Thread 0x000000002375f000 Exception <a 'java/security/PrivilegedActionException'> (0x00000007bcfc1ce0) thrown at [D:\re\workspace\8-2-build-windows-amd64-cygwin\jdk8u25\1677\hotspot\src\share\vm\prims\jvm.cpp, line 1312]
Event: 325.311 Thread 0x000000002375f000 Exception <a 'java/security/PrivilegedActionException'> (0x00000007bcfd2b28) thrown at [D:\re\workspace\8-2-build-windows-amd64-cygwin\jdk8u25\1677\hotspot\src\share\vm\prims\jvm.cpp, line 1312]
Event: 327.271 Thread 0x000000002375f000 Exception <a 'java/io/FileNotFoundException'> (0x00000007bd44a448) thrown at [D:\re\workspace\8-2-build-windows-amd64-cygwin\jdk8u25\1677\hotspot\src\share\vm\prims\jni.cpp, line 716]
Event: 327.898 Thread 0x0000000030555800 Exception <a 'java/lang/InterruptedException': sleep interrupted> (0x00000007be48edc0) thrown at [D:\re\workspace\8-2-build-windows-amd64-cygwin\jdk8u25\1677\hotspot\src\share\vm\prims\jvm.cpp, line 3141]
Event: 327.899 Thread 0x0000000030554800 Exception <a 'java/lang/InterruptedException': sleep interrupted> (0x00000007be4935a8) thrown at [D:\re\workspace\8-2-build-windows-amd64-cygwin\jdk8u25\1677\hotspot\src\share\vm\prims\jvm.cpp, line 3141]
Event: 327.999 Thread 0x0000000039424800 Exception <a 'java/lang/InterruptedException': sleep interrupted> (0x00000007bcb36378) thrown at [D:\re\workspace\8-2-build-windows-amd64-cygwin\jdk8u25\1677\hotspot\src\share\vm\prims\jvm.cpp, line 3141]
Event: 328.033 Thread 0x0000000031db2000 Exception <a 'java/lang/InterruptedException': sleep interrupted> (0x00000007bcf3e528) thrown at [D:\re\workspace\8-2-build-windows-amd64-cygwin\jdk8u25\1677\hotspot\src\share\vm\prims\jvm.cpp, line 3141]
Event: 328.356 Thread 0x000000002375f000 Implicit null exception at 0x0000000012a95d7e to 0x0000000012a9636d
Event: 328.918 Thread 0x000000002375f000 Implicit null exception at 0x00000000138d1b4e to 0x00000000138d25f5

Events (10 events):
Event: 328.614 Thread 0x0000000009aea800 flushing nmethod 0x0000000014b0c250
Event: 328.724 Executing VM operation: ParallelGCFailedAllocation
Event: 328.729 Executing VM operation: ParallelGCFailedAllocation done
Event: 328.865 Executing VM operation: BulkRevokeBias
Event: 328.865 Executing VM operation: BulkRevokeBias done
Event: 328.912 Executing VM operation: ParallelGCFailedAllocation
Event: 328.917 Executing VM operation: ParallelGCFailedAllocation done
Event: 328.918 Thread 0x000000002375f000 Uncommon trap: trap_request=0xfffffff4 fr.pc=0x00000000138d260c
Event: 328.918 Thread 0x000000002375f000 DEOPT PACKING pc=0x00000000138d260c sp=0x000000002653d4d0
Event: 328.918 Thread 0x000000002375f000 DEOPT UNPACKING pc=0x00000000122b556a sp=0x000000002653d420 mode 2


Dynamic libraries:
0x000000013f220000 - 0x000000013f25d000 	C:\Xilinx\Vivado\2015.2\bin\unwrapped\win64.o\vivado.exe
0x00000000773e0000 - 0x0000000077589000 	C:\Windows\SYSTEM32\ntdll.dll
0x00000000772c0000 - 0x00000000773df000 	C:\Windows\system32\kernel32.dll
0x000007fefd630000 - 0x000007fefd69b000 	C:\Windows\system32\KERNELBASE.dll
0x000000000a900000 - 0x000000000a98d000 	C:\Xilinx\Vivado\2015.2\lib\win64.o\SHSMP64.dll
0x00000000771c0000 - 0x00000000772ba000 	C:\Windows\system32\USER32.dll
0x000007feff5e0000 - 0x000007feff647000 	C:\Windows\system32\GDI32.dll
0x000007fefe850000 - 0x000007fefe85e000 	C:\Windows\system32\LPK.dll
0x000007fefd8e0000 - 0x000007fefd9a9000 	C:\Windows\system32\USP10.dll
0x000007feff650000 - 0x000007feff6ef000 	C:\Windows\system32\msvcrt.dll
0x000007fefd720000 - 0x000007fefd7fb000 	C:\Windows\system32\ADVAPI32.dll
0x000007fefd700000 - 0x000007fefd71f000 	C:\Windows\SYSTEM32\sechost.dll
0x000007fefebe0000 - 0x000007fefed0d000 	C:\Windows\system32\RPCRT4.dll
0x000007fefc490000 - 0x000007fefc49c000 	C:\Windows\system32\VERSION.dll
0x000007fefaff0000 - 0x000007fefb003000 	C:\Xilinx\Vivado\2015.2\lib\win64.o\libboost_signals.dll
0x000007feecd20000 - 0x000007feecdc7000 	C:\Windows\system32\MSVCP110.dll
0x000007feece10000 - 0x000007feecee4000 	C:\Windows\system32\MSVCR110.dll
0x000007feebcb0000 - 0x000007feec5f3000 	C:\Xilinx\Vivado\2015.2\lib\win64.o\librdi_common.dll
0x000007feeba00000 - 0x000007feebca8000 	C:\Xilinx\Vivado\2015.2\lib\win64.o\libCOIN-all.dll
0x000007feeb7e0000 - 0x000007feeba00000 	C:\Xilinx\Vivado\2015.2\lib\win64.o\libXil_lmgr11.dll
0x000007fefaed0000 - 0x000007fefaee6000 	C:\Windows\system32\NETAPI32.dll
0x000007fefaec0000 - 0x000007fefaecc000 	C:\Windows\system32\netutils.dll
0x000007fefce60000 - 0x000007fefce83000 	C:\Windows\system32\srvcli.dll
0x000007fefaea0000 - 0x000007fefaeb5000 	C:\Windows\system32\wkscli.dll
0x000007fefeac0000 - 0x000007fefeb57000 	C:\Windows\system32\COMDLG32.dll
0x000007feff060000 - 0x000007feff0d1000 	C:\Windows\system32\SHLWAPI.dll
0x000007feecb80000 - 0x000007feecc20000 	C:\Windows\WinSxS\amd64_microsoft.windows.common-controls_6595b64144ccf1df_5.82.7601.17514_none_a4d6a923711520a9\COMCTL32.dll
0x000007fefdac0000 - 0x000007fefe848000 	C:\Windows\system32\SHELL32.dll
0x000007fefaf90000 - 0x000007fefaf99000 	C:\Windows\system32\WSOCK32.dll
0x000007feff590000 - 0x000007feff5dd000 	C:\Windows\system32\WS2_32.dll
0x000007feff0e0000 - 0x000007feff0e8000 	C:\Windows\system32\NSI.dll
0x000007fefd800000 - 0x000007fefd8d7000 	C:\Windows\system32\OLEAUT32.dll
0x000007fefe890000 - 0x000007fefea93000 	C:\Windows\system32\ole32.dll
0x000007fefd550000 - 0x000007fefd58a000 	C:\Windows\system32\WINTRUST.dll
0x000007fefd3e0000 - 0x000007fefd547000 	C:\Windows\system32\CRYPT32.dll
0x000007fefd3d0000 - 0x000007fefd3df000 	C:\Windows\system32\MSASN1.dll
0x000007fefbb10000 - 0x000007fefbb20000 	C:\Xilinx\Vivado\2015.2\lib\win64.o\libboost_date_time.dll
0x000007fef03e0000 - 0x000007fef0402000 	C:\Xilinx\Vivado\2015.2\lib\win64.o\libboost_filesystem.dll
0x000007fef3d40000 - 0x000007fef3d49000 	C:\Xilinx\Vivado\2015.2\lib\win64.o\libboost_system.dll
0x000007feec980000 - 0x000007feec9f4000 	C:\Xilinx\Vivado\2015.2\lib\win64.o\libboost_program_options.dll
0x000007feec880000 - 0x000007feec97a000 	C:\Xilinx\Vivado\2015.2\lib\win64.o\libboost_regex.dll
0x000007fef0a30000 - 0x000007fef0a4d000 	C:\Xilinx\Vivado\2015.2\lib\win64.o\libboost_thread.dll
0x000007fef0390000 - 0x000007fef039b000 	C:\Xilinx\Vivado\2015.2\lib\win64.o\libboost_chrono.dll
0x000007feec800000 - 0x000007feec880000 	C:\Xilinx\Vivado\2015.2\lib\win64.o\libhdlpsolve.dll
0x000007feeb740000 - 0x000007feeb7da000 	C:\Xilinx\Vivado\2015.2\lib\win64.o\libhdxml.dll
0x000007feeb130000 - 0x000007feeb73a200 	C:\Xilinx\Vivado\2015.2\lib\win64.o\libisl_iostreams.dll
0x000007feefdc0000 - 0x000007feefdd6000 	C:\Xilinx\Vivado\2015.2\lib\win64.o\libboost_iostreams.dll
0x000007feefd90000 - 0x000007feefdb3000 	C:\Xilinx\Vivado\2015.2\lib\win64.o\librdizlib.dll
0x000007feed3b0000 - 0x000007feed3d3000 	C:\Xilinx\Vivado\2015.2\lib\win64.o\libisl_iosutils.dll
0x000007feeb100000 - 0x000007feeb12a000 	C:\Xilinx\Vivado\2015.2\lib\win64.o\libisl_sysinfo.dll
0x0000000067e50000 - 0x00000000686aa000 	C:\Xilinx\Vivado\2015.2\tps\win64\jre\bin\server\jvm.dll
0x000007fefacf0000 - 0x000007fefad2b000 	C:\Windows\system32\WINMM.dll
0x00000000775a0000 - 0x00000000775a7000 	C:\Windows\system32\PSAPI.DLL
0x0000000072e50000 - 0x0000000072f22000 	C:\Windows\system32\MSVCR100.dll
0x000007feed390000 - 0x000007feed3a5000 	C:\Xilinx\Vivado\2015.2\lib\win64.o\pthreadVC2.dll
0x000007feeb0a0000 - 0x000007feeb0f4000 	C:\Xilinx\Vivado\2015.2\lib\win64.o\librdi_commonxillic.dll
0x000007feeaeb0000 - 0x000007feeafe0000 	C:\Xilinx\Vivado\2015.2\lib\win64.o\librdi_curl.dll
0x000007feeb080000 - 0x000007feeb098000 	C:\Xilinx\Vivado\2015.2\lib\win64.o\librdiconfig.dll
0x0000000074950000 - 0x0000000074a77000 	C:\Xilinx\Vivado\2015.2\lib\win64.o\tcl85t.dll
0x0000000012000000 - 0x0000000012263000 	C:\Xilinx\Vivado\2015.2\lib\win64.o\xerces-c_3_1.dll
0x000007fefee90000 - 0x000007fefefba000 	C:\Windows\system32\WININET.dll
0x000007fefed10000 - 0x000007fefee88000 	C:\Windows\system32\urlmon.dll
0x000007feff150000 - 0x000007feff3a9000 	C:\Windows\system32\iertutil.dll
0x000007fef8620000 - 0x000007fef8691000 	C:\Windows\system32\WINHTTP.dll
0x000007fef85b0000 - 0x000007fef8614000 	C:\Windows\system32\webio.dll
0x000007feeafe0000 - 0x000007feeb003000 	C:\Windows\system32\VCOMP110.DLL
0x000007feeb060000 - 0x000007feeb071000 	C:\Xilinx\Vivado\2015.2\lib\win64.o\librdi_commonmain.dll
0x000007feefa50000 - 0x000007feefa59000 	C:\Xilinx\Vivado\2015.2\lib\win64.o\librdi_commonversion.dll
0x000007fefe860000 - 0x000007fefe88e000 	C:\Windows\system32\IMM32.DLL
0x000007fefd9b0000 - 0x000007fefdab9000 	C:\Windows\system32\MSCTF.dll
0x000007feeaaa0000 - 0x000007feeaeaa000 	C:\Xilinx\Vivado\2015.2\lib\win64.o\librdi_commontasks.dll
0x000007feea290000 - 0x000007feeaaa0000 	C:\Xilinx\Vivado\2015.2\lib\win64.o\libXil_lmgr11FNP.dll
0x000007fefabb0000 - 0x000007fefabd7000 	C:\Windows\system32\iphlpapi.dll
0x000007fefaba0000 - 0x000007fefabab000 	C:\Windows\system32\WINNSI.DLL
0x000007fef95b0000 - 0x000007fef95bb000 	C:\Windows\system32\snmpapi.dll
0x000007feff3b0000 - 0x000007feff587000 	C:\Windows\system32\SETUPAPI.dll
0x000007fefd6a0000 - 0x000007fefd6d6000 	C:\Windows\system32\CFGMGR32.dll
0x000007fefd6e0000 - 0x000007fefd6fa000 	C:\Windows\system32\DEVOBJ.dll
0x000007fefabf0000 - 0x000007fefac61000 	C:\Windows\system32\WINSPOOL.DRV
0x000007fefa7a0000 - 0x000007fefa7f4000 	C:\Windows\system32\OLEACC.dll
0x000007fefcbc0000 - 0x000007fefcbd7000 	C:\Windows\system32\CRYPTSP.dll
0x000007fefc8c0000 - 0x000007fefc907000 	C:\Windows\system32\rsaenh.dll
0x000007fefd1c0000 - 0x000007fefd1cf000 	C:\Windows\system32\CRYPTBASE.dll
0x000007fefd190000 - 0x000007fefd1b5000 	C:\Windows\system32\SspiCli.dll
0x000007fefba90000 - 0x000007fefbae6000 	C:\Windows\system32\uxtheme.dll
0x000007fefb570000 - 0x000007fefb585000 	C:\Windows\system32\NLAapi.dll
0x000007feecb60000 - 0x000007feecb75000 	C:\Windows\system32\napinsp.dll
0x000007feecb40000 - 0x000007feecb59000 	C:\Windows\system32\pnrpnsp.dll
0x000007fefcb60000 - 0x000007fefcbb5000 	C:\Windows\System32\mswsock.dll
0x000007fefc9e0000 - 0x000007fefca3b000 	C:\Windows\system32\DNSAPI.dll
0x000007feecb30000 - 0x000007feecb3b000 	C:\Windows\System32\winrnr.dll
0x000007fefaad0000 - 0x000007fefab23000 	C:\Windows\System32\fwpuclnt.dll
0x000007fefefc0000 - 0x000007feff059000 	C:\Windows\system32\CLBCatQ.DLL
0x000007fef83c0000 - 0x000007fef83c8000 	C:\Windows\system32\rasadhlp.dll
0x000007fefcb50000 - 0x000007fefcb57000 	C:\Windows\System32\wship6.dll
0x000007fefc560000 - 0x000007fefc567000 	C:\Windows\System32\wshtcpip.dll
0x000007fefd310000 - 0x000007fefd324000 	C:\Windows\system32\RpcRtRemote.dll
0x000007fee9cf0000 - 0x000007feea28b000 	C:\Xilinx\Vivado\2015.2\lib\win64.o\librdi_coretasks.dll
0x000007fee9bb0000 - 0x000007fee9cea000 	C:\Xilinx\Vivado\2015.2\lib\win64.o\librdi_board.dll
0x000007fee99f0000 - 0x000007fee9bae000 	C:\Xilinx\Vivado\2015.2\lib\win64.o\librdi_chipscope.dll
0x000007fee9980000 - 0x000007fee99e3000 	C:\Xilinx\Vivado\2015.2\lib\win64.o\liblmx6.0.dll
0x000007fee8870000 - 0x000007fee997b000 	C:\Xilinx\Vivado\2015.2\lib\win64.o\librdi_constraints.dll
0x000007fee8810000 - 0x000007fee886d000 	C:\Xilinx\Vivado\2015.2\lib\win64.o\librdi_boarddep.dll
0x000007fee1d10000 - 0x000007fee880f000 	C:\Xilinx\Vivado\2015.2\lib\win64.o\librdi_device.dll
0x000007feeb010000 - 0x000007feeb057000 	C:\Xilinx\Vivado\2015.2\lib\win64.o\libboost_serialization.dll
0x000007fee1500000 - 0x000007fee1d0d000 	C:\Xilinx\Vivado\2015.2\lib\win64.o\libverific.dll
0x000007fee11d0000 - 0x000007fee14fd000 	C:\Xilinx\Vivado\2015.2\lib\win64.o\librdi_filemgmt.dll
0x000007fee0da0000 - 0x000007fee11c2000 	C:\Xilinx\Vivado\2015.2\lib\win64.o\librdi_netlist.dll
0x000007fee0910000 - 0x000007fee0da0000 	C:\Xilinx\Vivado\2015.2\lib\win64.o\librdi_psta.dll
0x000007fedf120000 - 0x000007fee0910000 	C:\Xilinx\Vivado\2015.2\lib\win64.o\librdi_coregen.dll
0x000007fedea60000 - 0x000007fedf119000 	C:\Xilinx\Vivado\2015.2\lib\win64.o\librdi_coregenipxact.dll
0x000007fedb3d0000 - 0x000007fedea55000 	C:\Xilinx\Vivado\2015.2\lib\win64.o\librdi_designutils.dll
0x000007fedb1a0000 - 0x000007fedb3c3000 	C:\Xilinx\Vivado\2015.2\lib\win64.o\librdi_bitstream.dll
0x000007fedac60000 - 0x000007fedb1a0000 	C:\Xilinx\Vivado\2015.2\lib\win64.o\librdi_xdm.dll
0x000007feda7c0000 - 0x000007fedac53000 	C:\Xilinx\Vivado\2015.2\lib\win64.o\librdi_drc.dll
0x000007fed9ee0000 - 0x000007feda7bb000 	C:\Xilinx\Vivado\2015.2\lib\win64.o\librdi_mig.dll
0x000007fed95d0000 - 0x000007fed9ede000 	C:\Xilinx\Vivado\2015.2\lib\win64.o\librdi_timing.dll
0x000007fed93c0000 - 0x000007fed95ca000 	C:\Xilinx\Vivado\2015.2\lib\win64.o\librdi_dlyest.dll
0x000007fed9320000 - 0x000007fed93b7000 	C:\Xilinx\Vivado\2015.2\lib\win64.o\libise.dll
0x000007fed7cf0000 - 0x000007fed9314000 	C:\Xilinx\Vivado\2015.2\lib\win64.o\librdi_place.dll
0x000007fed7730000 - 0x000007fed7cec000 	C:\Xilinx\Vivado\2015.2\lib\win64.o\librdi_abc_nomp.dll
0x000007fed7710000 - 0x000007fed7729000 	C:\Xilinx\Vivado\2015.2\lib\win64.o\librdi_hmetis.dll
0x000007fed7220000 - 0x000007fed7701000 	C:\Xilinx\Vivado\2015.2\lib\win64.o\librdi_power.dll
0x000007fed68c0000 - 0x000007fed7219000 	C:\Xilinx\Vivado\2015.2\lib\win64.o\librdi_route.dll
0x000007fed64c0000 - 0x000007fed68bb000 	C:\Xilinx\Vivado\2015.2\lib\win64.o\librdi_project.dll
0x000007fed5f30000 - 0x000007fed64b5000 	C:\Xilinx\Vivado\2015.2\lib\win64.o\librdi_labtools.dll
0x000007fed5f00000 - 0x000007fed5f28000 	C:\Xilinx\Vivado\2015.2\lib\win64.o\librdi_commoncwebtalk.dll
0x000007fed5b80000 - 0x000007fed5eff000 	C:\Xilinx\Vivado\2015.2\lib\win64.o\librdi_wavedata.dll

VM Arguments:
jvm_args: -Dsun.java2d.pmoffscreen=false -Dsun.java2d.d3d=false -Dsun.awt.nopixfmt=true -Xverify:none -Dswing.aatext=true -XX:-UsePerfData -Djdk.map.althashing.threshold=512 -XX:StringTableSize=4072 -Djava.util.Arrays.useLegacyMergeSort=true -XX:NewSize=60m -XX:MaxNewSize=60m -Xms128m -Xmx3072m -Xss5m 
java_command: <unknown>
java_class_path (initial): C:/Xilinx/Vivado/2015.2\lib\classes\alloy.jar;C:/Xilinx/Vivado/2015.2\lib\classes\antlr-2.7.7.jar;C:/Xilinx/Vivado/2015.2\lib\classes\batik-anim.jar;C:/Xilinx/Vivado/2015.2\lib\classes\batik-awt-util.jar;C:/Xilinx/Vivado/2015.2\lib\classes\batik-bridge.jar;C:/Xilinx/Vivado/2015.2\lib\classes\batik-codec.jar;C:/Xilinx/Vivado/2015.2\lib\classes\batik-css.jar;C:/Xilinx/Vivado/2015.2\lib\classes\batik-dom.jar;C:/Xilinx/Vivado/2015.2\lib\classes\batik-ext.jar;C:/Xilinx/Vivado/2015.2\lib\classes\batik-gui-util.jar;C:/Xilinx/Vivado/2015.2\lib\classes\batik-gvt.jar;C:/Xilinx/Vivado/2015.2\lib\classes\batik-parser.jar;C:/Xilinx/Vivado/2015.2\lib\classes\batik-script.jar;C:/Xilinx/Vivado/2015.2\lib\classes\batik-svg-dom.jar;C:/Xilinx/Vivado/2015.2\lib\classes\batik-swing.jar;C:/Xilinx/Vivado/2015.2\lib\classes\batik-transcoder.jar;C:/Xilinx/Vivado/2015.2\lib\classes\batik-util.jar;C:/Xilinx/Vivado/2015.2\lib\classes\batik-xml.jar;C:/Xilinx/Vivado/2015.2\lib\classes\commons-logging.jar;C:/Xilinx/Vivado/2015.2\lib\classes\commons-math-2.2.jar;C:/Xilinx/Vivado/2015.2\lib\classes\dom4j-1.6.1.jar;C:/Xilinx/Vivado/2015.2\lib\classes\forms.jar;C:/Xilinx/Vivado/2015.2\lib\classes\guava-15.0.jar;C:/Xilinx/Vivado/2015.2\lib\classes\hsqldb.jar;C:/Xilinx/Vivado/2015.2\lib\classes\jdom.jar;C:/Xilinx/Vivado/2015.2\lib\classes\jide-action.jar;C:/Xilinx/Vivado/2015.2\lib\classes\jide-charts.jar;C:/Xilinx/Vivado/2015.2\lib\classes\jide-common.jar;C:/Xilinx/Vivado/2015.2\lib\classes\jide-components.jar;C:/Xilinx/Vivado/2015.2\lib\classes\jide-dashboard.jar;C:/Xilinx/Vivado/2015.2\lib\classes\jide-data.jar;C:/Xilinx/Vivado/2015.2\lib\classes\jide-dialogs.jar;C:/Xilinx/Vivado/2015.2\lib\classes\jide-diff.jar;C:/Xilinx/Vivado/2015.2\lib\classes\jide-dock.jar;C:/Xilinx/Vivado/2015.2\lib\classes\jide-editor.jar;C:/Xilinx/Vivado/2015.2\lib\classes\jide-gantt.jar;C:/Xilinx/Vivado/2015.2\lib\classes\jide-grids.jar;C:/Xilinx/Vivado/2015.2\lib\classes\jide-pivot.jar;C:/Xilin
Launcher Type: generic

Environment Variables:
PATH=C:/Xilinx/Vivado/2015.2/bin;C:/Xilinx/Vivado/2015.2/lib/win64.o;C:/Xilinx/Vivado/2015.2/tps/win64/jre/bin/server;C:/Xilinx/Vivado/2015.2/tps/win64/jre/bin;C:/Xilinx/SDK/2015.2/bin;C:/Xilinx/Vivado/2015.2/ids_lite/ISE/bin/nt64;C:/Xilinx/Vivado/2015.2/ids_lite/ISE/lib/nt64;C:/Xilinx/Vivado_HLS/2015.2/bin;C:\Program Files (x86)\Intel\iCLS Client\;C:\Program Files\Intel\iCLS Client\;C:\Windows\system32;C:\Windows;C:\Windows\System32\Wbem;C:\Windows\System32\WindowsPowerShell\v1.0\;C:\Program Files\Intel\Intel(R) Management Engine Components\DAL;C:\Program Files\Intel\Intel(R) Management Engine Components\IPT;C:\Program Files (x86)\Intel\Intel(R) Management Engine Components\DAL;C:\Program Files (x86)\Intel\Intel(R) Management Engine Components\IPT;C:\Program Files\MATLAB\R2016a\runtime\win64;C:\Program Files\MATLAB\R2016a\bin;C:\Program Files\MATLAB\R2016a\polyspace\bin;C:\Program Files\Microsoft\Web Platform Installer\;C:\Program Files (x86)\Microsoft ASP.NET\ASP.NET Web Pages\v1.0\;C:\Program Files (x86)\Windows Kits\8.0\Windows Performance Toolkit\;C:\Program Files\Microsoft SQL Server\110\Tools\Binn\
USERNAME=Tung
OS=Windows_NT
PROCESSOR_IDENTIFIER=Intel64 Family 6 Model 60 Stepping 3, GenuineIntel



---------------  S Y S T E M  ---------------

OS: Windows 7 , 64 bit Build 7601 Service Pack 1

CPU:total 4 (4 cores per cpu, 1 threads per core) family 6 model 60 stepping 3, cmov, cx8, fxsr, mmx, sse, sse2, sse3, ssse3, sse4.1, sse4.2, popcnt, avx, avx2, aes, clmul, erms, lzcnt, tsc, tscinvbit, bmi1, bmi2

Memory: 4k page, physical 4110972k(1772520k free), swap 8220100k(5051444k free)

vm_info: Java HotSpot(TM) 64-Bit Server VM (25.25-b02) for windows-amd64 JRE (1.8.0_25-b18), built on Oct  7 2014 14:25:37 by "java_re" with MS VC++ 10.0 (VS2010)

time: Wed Jul 25 14:25:45 2018
elapsed time: 328 seconds (0d 0h 5m 28s)

