#
# A fatal error has been detected by the Java Runtime Environment:
#
#  Internal Error (0xc000000d), pid=2680, tid=2636
#
# JRE version: Java(TM) SE Runtime Environment (8.0_25-b18) (build 1.8.0_25-b18)
# Java VM: Java HotSpot(TM) 64-Bit Server VM (25.25-b02 mixed mode windows-amd64 compressed oops)
# Problematic frame:
# C  [ntdll.dll+0x7a291]
#
# Failed to write core dump. Minidumps are not enabled by default on client versions of Windows
#
# If you would like to submit a bug report, please visit:
#   http://bugreport.sun.com/bugreport/crash.jsp
#

---------------  T H R E A D  ---------------

Current thread (0x0000000013a58000):  VMThread [stack: 0x0000000014ac0000,0x0000000014bc0000] [id=2636]

siginfo: ExceptionCode=0xc000000d

Registers:
RAX=0x000000006388ff3f, RBX=0x0000000000000000, RCX=0x0000000014bbed10, RDX=0x0000000000000000
RSP=0x0000000014bbf320, RBP=0x0000000021b8a110, RSI=0x000007feef247408, RDI=0x0000000014bbf468
R8 =0x0000000000000000, R9 =0x0000000000000000, R10=0x0000000000000000, R11=0x0000000000000246
R12=0x000000002414c200, R13=0x000000002414c1d0, R14=0x0000000021b8a218, R15=0x0000000000000000
RIP=0x00000000770aa291, EFLAGS=0x0000000000000206

Top of Stack: (sp=0x0000000014bbf320)
0x0000000014bbf320:   0000000000000000 000007feef247408
0x0000000014bbf330:   0000000014bbf468 0000000000630268
0x0000000014bbf340:   0000000000630230 000000000000005d
0x0000000014bbf350:   0000000000000000 00b4000000000000
0x0000000014bbf360:   0000000000000002 000000002e270101
0x0000000014bbf370:   00000000c000000d 0000000000000000
0x0000000014bbf380:   00000000770aa291 0000000000000000
0x0000000014bbf390:   0000000000000000 0000000000000000
0x0000000014bbf3a0:   0000000000000000 0000000000000000
0x0000000014bbf3b0:   0000000000000000 0000000000000000
0x0000000014bbf3c0:   0000000000000000 0000000000000000
0x0000000014bbf3d0:   0000000000000000 0000000000000000
0x0000000014bbf3e0:   0000000000000000 0000000000000000
0x0000000014bbf3f0:   0000000000000000 0000000000000000
0x0000000014bbf400:   0000000000000000 0000000076f32f01
0x0000000014bbf410:   0000000000000e70 0000000076f52fe8 

Instructions: (pc=0x00000000770aa291)
0x00000000770aa271:   5b 8c fd ff b9 57 00 00 00 c7 44 24 50 0d 00 00
0x00000000770aa281:   c0 e8 49 8f fd ff 48 8d 4c 24 50 e8 cf f2 f9 ff
0x00000000770aa291:   4c 8b 1d 40 81 0b 00 4d 85 db 74 5b 65 48 8b 04
0x00000000770aa2a1:   25 30 00 00 00 f6 80 ee 17 00 00 08 74 12 65 48 


Register to memory mapping:

RAX=0x000000006388ff3f is an unknown value
RBX=0x0000000000000000 is an unknown value
RCX=0x0000000014bbed10 is an unknown value
RDX=0x0000000000000000 is an unknown value
RSP=0x0000000014bbf320 is an unknown value
RBP=0x0000000021b8a110 is an unknown value
RSI=0x000007feef247408 is an unknown value
RDI=0x0000000014bbf468 is an unknown value
R8 =0x0000000000000000 is an unknown value
R9 =0x0000000000000000 is an unknown value
R10=0x0000000000000000 is an unknown value
R11=0x0000000000000246 is an unknown value
R12=0x000000002414c200 is an unknown value
R13=0x000000002414c1d0 is an unknown value
R14=0x0000000021b8a218 is an unknown value
R15=0x0000000000000000 is an unknown value


Stack: [0x0000000014ac0000,0x0000000014bc0000],  sp=0x0000000014bbf320,  free space=1020k
Native frames: (J=compiled Java code, j=interpreted, Vv=VM code, C=native code)
C  [ntdll.dll+0x7a291]
C  [kernel32.dll+0x42fe8]
C  [MSVCR110.dll+0x752d]
C  [MSVCR110.dll+0x14cde]
C  [MSVCR110.dll+0x13edc]
C  [MSVCR110.dll+0x239e]
C  [MSVCR110.dll+0xaf9e]
C  [MSVCP110.dll+0x397b9]
C  [librdi_common.dll+0x135d02]
C  [librdi_common.dll+0x13447b]
C  0x000007fefb792400
C  0x000007fefb792682
C  [ntdll.dll+0x24371]
C  [ntdll.dll+0x24180]
C  [MSVCR100.dll+0x20ccd]
V  [jvm.dll+0x1f9c55]
V  [jvm.dll+0x2325e7]
V  [jvm.dll+0x231826]
V  [jvm.dll+0x231cc1]
V  [jvm.dll+0x231ede]
V  [jvm.dll+0x2852fa]
C  [MSVCR100.dll+0x21d9f]
C  [MSVCR100.dll+0x21e3b]
C  [kernel32.dll+0x1652d]
C  [ntdll.dll+0x2c521]

VM_Operation (0x000000000012f500): Exit, mode: safepoint, requested by thread 0x0000000002588000


---------------  P R O C E S S  ---------------

Java Threads: ( => current thread )
  0x0000000018be9800 JavaThread "Spawner Reaper" daemon [_thread_in_native, id=4064, stack(0x000000001e840000,0x000000001e940000)]
  0x0000000018be6800 JavaThread "Thread-22" daemon [_thread_blocked, id=3292, stack(0x000000002d570000,0x000000002d670000)]
  0x000000001a472800 JavaThread "TCF Locator DNS Lookup" daemon [_thread_blocked, id=3240, stack(0x000000001f550000,0x000000001f650000)]
  0x000000001a471800 JavaThread "TCF Locator Timer" daemon [_thread_blocked, id=3280, stack(0x000000001f450000,0x000000001f550000)]
  0x000000001a470800 JavaThread "TCF Locator Receiver" daemon [_thread_in_native, id=3700, stack(0x000000001f350000,0x000000001f450000)]
  0x0000000016b66800 JavaThread "TCF Timer Dispatcher" daemon [_thread_blocked, id=3688, stack(0x000000001e1c0000,0x000000001e2c0000)]
  0x0000000016bfa000 JavaThread "EMF Reference Cleaner" daemon [_thread_blocked, id=2208, stack(0x0000000017c80000,0x0000000017d80000)]
  0x0000000015018000 JavaThread "Service Thread" daemon [_thread_blocked, id=3492, stack(0x00000000156c0000,0x00000000157c0000)]
  0x0000000014fc4800 JavaThread "C1 CompilerThread2" daemon [_thread_blocked, id=2312, stack(0x00000000155c0000,0x00000000156c0000)]
  0x0000000014fc3000 JavaThread "C2 CompilerThread1" daemon [_thread_blocked, id=1948, stack(0x00000000154c0000,0x00000000155c0000)]
  0x0000000013acf000 JavaThread "C2 CompilerThread0" daemon [_thread_blocked, id=3672, stack(0x00000000153c0000,0x00000000154c0000)]
  0x0000000013ac9000 JavaThread "Attach Listener" daemon [_thread_blocked, id=1936, stack(0x0000000014ec0000,0x0000000014fc0000)]
  0x0000000013a6c000 JavaThread "Signal Dispatcher" daemon [_thread_blocked, id=1300, stack(0x0000000014dc0000,0x0000000014ec0000)]
  0x0000000013a65000 JavaThread "Finalizer" daemon [_thread_blocked, id=2708, stack(0x0000000014cc0000,0x0000000014dc0000)]
  0x0000000013a5c000 JavaThread "Reference Handler" daemon [_thread_blocked, id=2364, stack(0x0000000014bc0000,0x0000000014cc0000)]
  0x0000000002588000 JavaThread "main" [_thread_blocked, id=596, stack(0x0000000000030000,0x0000000000130000)]

Other Threads:
=>0x0000000013a58000 VMThread [stack: 0x0000000014ac0000,0x0000000014bc0000] [id=2636]

VM state:at safepoint (shutting down)

VM Mutex/Monitor currently owned by a thread:  ([mutex/lock_event])
[0x000000000244df20] Threads_lock - owner thread: 0x0000000013a58000

Heap:
 PSYoungGen      total 142848K, used 45270K [0x00000000f5580000, 0x0000000100000000, 0x0000000100000000)
  eden space 123904K, 36% used [0x00000000f5580000,0x00000000f81b5b80,0x00000000fce80000)
  from space 18944K, 0% used [0x00000000fce80000,0x00000000fce80000,0x00000000fe100000)
  to   space 17408K, 0% used [0x00000000fef00000,0x00000000fef00000,0x0000000100000000)
 ParOldGen       total 99328K, used 47500K [0x00000000e0000000, 0x00000000e6100000, 0x00000000f5580000)
  object space 99328K, 47% used [0x00000000e0000000,0x00000000e2e63008,0x00000000e6100000)
 Metaspace       used 85354K, capacity 90794K, committed 91008K, reserved 1128448K
  class space    used 10211K, capacity 12044K, committed 12160K, reserved 1048576K

Card table byte_map: [0x0000000011a10000,0x0000000011b20000] byte_map_base: 0x0000000011310000

Marking Bits: (ParMarkBitMap*) 0x000000006a75d490
 Begin Bits: [0x0000000011fd0000, 0x00000000127d0000)
 End Bits:   [0x00000000127d0000, 0x0000000012fd0000)

Polling page: 0x0000000000600000

CodeCache: size=245760Kb used=48843Kb max_used=48843Kb free=196916Kb
 bounds [0x0000000002650000, 0x0000000005660000, 0x0000000011650000]
 total_blobs=13973 nmethods=13103 adapters=776
 compilation: enabled

Compilation events (10 events):
Event: 937.244 Thread 0x0000000014fc4800 16546       1       org.eclipse.osgi.internal.loader.BundleLoaderProxy::getBundleData (5 bytes)
Event: 937.244 Thread 0x0000000014fc4800 nmethod 16546 0x000000000562d8d0 code [0x000000000562da20, 0x000000000562db30]
Event: 937.247 Thread 0x0000000014fc3000 nmethod 16539 0x0000000005652c90 code [0x0000000005652e60, 0x0000000005653d48]
Event: 937.257 Thread 0x0000000013acf000 nmethod 16541 0x0000000005650890 code [0x0000000005650ac0, 0x0000000005651a80]
Event: 937.416 Thread 0x0000000014fc3000 16547       4       java.io.File::exists (43 bytes)
Event: 937.418 Thread 0x0000000014fc3000 nmethod 16547 0x0000000005645510 code [0x0000000005645680, 0x00000000056458a8]
Event: 937.447 Thread 0x0000000014fc4800 16548   !   3       org.eclipse.osgi.internal.baseadaptor.BaseStorage::compact (215 bytes)
Event: 937.448 Thread 0x0000000014fc4800 nmethod 16548 0x0000000005656d50 code [0x0000000005657180, 0x00000000056595e8]
Event: 937.488 Thread 0x0000000014fc4800 16549       3       org.eclipse.osgi.framework.internal.core.AbstractBundle::close (52 bytes)
Event: 937.489 Thread 0x0000000014fc4800 nmethod 16549 0x000000000564be50 code [0x000000000564c080, 0x000000000564cd68]

GC Heap History (10 events):
Event: 785.876 GC heap before
{Heap before GC invocations=53 (full 14):
 PSYoungGen      total 143360K, used 102531K [0x00000000f5580000, 0x00000000ff700000, 0x0000000100000000)
  eden space 123392K, 83% used [0x00000000f5580000,0x00000000fb9a0c60,0x00000000fce00000)
  from space 19968K, 0% used [0x00000000fe380000,0x00000000fe380000,0x00000000ff700000)
  to   space 20992K, 0% used [0x00000000fce00000,0x00000000fce00000,0x00000000fe280000)
 ParOldGen       total 99328K, used 48267K [0x00000000e0000000, 0x00000000e6100000, 0x00000000f5580000)
  object space 99328K, 48% used [0x00000000e0000000,0x00000000e2f22e58,0x00000000e6100000)
 Metaspace       used 84174K, capacity 89620K, committed 89856K, reserved 1126400K
  class space    used 10128K, capacity 11913K, committed 12032K, reserved 1048576K
Event: 785.880 GC heap after
Heap after GC invocations=53 (full 14):
 PSYoungGen      total 127488K, used 3819K [0x00000000f5580000, 0x00000000ff400000, 0x0000000100000000)
  eden space 123392K, 0% used [0x00000000f5580000,0x00000000f5580000,0x00000000fce00000)
  from space 4096K, 93% used [0x00000000fce00000,0x00000000fd1bad40,0x00000000fd200000)
  to   space 19456K, 0% used [0x00000000fe100000,0x00000000fe100000,0x00000000ff400000)
 ParOldGen       total 99328K, used 48275K [0x00000000e0000000, 0x00000000e6100000, 0x00000000f5580000)
  object space 99328K, 48% used [0x00000000e0000000,0x00000000e2f24e58,0x00000000e6100000)
 Metaspace       used 84174K, capacity 89620K, committed 89856K, reserved 1126400K
  class space    used 10128K, capacity 11913K, committed 12032K, reserved 1048576K
}
Event: 785.880 GC heap before
{Heap before GC invocations=54 (full 15):
 PSYoungGen      total 127488K, used 3819K [0x00000000f5580000, 0x00000000ff400000, 0x0000000100000000)
  eden space 123392K, 0% used [0x00000000f5580000,0x00000000f5580000,0x00000000fce00000)
  from space 4096K, 93% used [0x00000000fce00000,0x00000000fd1bad40,0x00000000fd200000)
  to   space 19456K, 0% used [0x00000000fe100000,0x00000000fe100000,0x00000000ff400000)
 ParOldGen       total 99328K, used 48275K [0x00000000e0000000, 0x00000000e6100000, 0x00000000f5580000)
  object space 99328K, 48% used [0x00000000e0000000,0x00000000e2f24e58,0x00000000e6100000)
 Metaspace       used 84174K, capacity 89620K, committed 89856K, reserved 1126400K
  class space    used 10128K, capacity 11913K, committed 12032K, reserved 1048576K
Event: 786.136 GC heap after
Heap after GC invocations=54 (full 15):
 PSYoungGen      total 127488K, used 0K [0x00000000f5580000, 0x00000000ff400000, 0x0000000100000000)
  eden space 123392K, 0% used [0x00000000f5580000,0x00000000f5580000,0x00000000fce00000)
  from space 4096K, 0% used [0x00000000fce00000,0x00000000fce00000,0x00000000fd200000)
  to   space 19456K, 0% used [0x00000000fe100000,0x00000000fe100000,0x00000000ff400000)
 ParOldGen       total 99328K, used 49901K [0x00000000e0000000, 0x00000000e6100000, 0x00000000f5580000)
  object space 99328K, 50% used [0x00000000e0000000,0x00000000e30bb6c8,0x00000000e6100000)
 Metaspace       used 84174K, capacity 89620K, committed 89856K, reserved 1126400K
  class space    used 10128K, capacity 11913K, committed 12032K, reserved 1048576K
}
Event: 821.370 GC heap before
{Heap before GC invocations=55 (full 15):
 PSYoungGen      total 127488K, used 123392K [0x00000000f5580000, 0x00000000ff400000, 0x0000000100000000)
  eden space 123392K, 100% used [0x00000000f5580000,0x00000000fce00000,0x00000000fce00000)
  from space 4096K, 0% used [0x00000000fce00000,0x00000000fce00000,0x00000000fd200000)
  to   space 19456K, 0% used [0x00000000fe100000,0x00000000fe100000,0x00000000ff400000)
 ParOldGen       total 99328K, used 49901K [0x00000000e0000000, 0x00000000e6100000, 0x00000000f5580000)
  object space 99328K, 50% used [0x00000000e0000000,0x00000000e30bb6c8,0x00000000e6100000)
 Metaspace       used 84456K, capacity 89882K, committed 90112K, reserved 1128448K
  class space    used 10136K, capacity 11914K, committed 12032K, reserved 1048576K
Event: 821.373 GC heap after
Heap after GC invocations=55 (full 15):
 PSYoungGen      total 143360K, used 1170K [0x00000000f5580000, 0x0000000100000000, 0x0000000100000000)
  eden space 123904K, 0% used [0x00000000f5580000,0x00000000f5580000,0x00000000fce80000)
  from space 19456K, 6% used [0x00000000fe100000,0x00000000fe224940,0x00000000ff400000)
  to   space 18944K, 0% used [0x00000000fce80000,0x00000000fce80000,0x00000000fe100000)
 ParOldGen       total 99328K, used 49909K [0x00000000e0000000, 0x00000000e6100000, 0x00000000f5580000)
  object space 99328K, 50% used [0x00000000e0000000,0x00000000e30bd6c8,0x00000000e6100000)
 Metaspace       used 84456K, capacity 89882K, committed 90112K, reserved 1128448K
  class space    used 10136K, capacity 11914K, committed 12032K, reserved 1048576K
}
Event: 877.163 GC heap before
{Heap before GC invocations=56 (full 15):
 PSYoungGen      total 143360K, used 108129K [0x00000000f5580000, 0x0000000100000000, 0x0000000100000000)
  eden space 123904K, 86% used [0x00000000f5580000,0x00000000fbdf3b00,0x00000000fce80000)
  from space 19456K, 6% used [0x00000000fe100000,0x00000000fe224940,0x00000000ff400000)
  to   space 18944K, 0% used [0x00000000fce80000,0x00000000fce80000,0x00000000fe100000)
 ParOldGen       total 99328K, used 49909K [0x00000000e0000000, 0x00000000e6100000, 0x00000000f5580000)
  object space 99328K, 50% used [0x00000000e0000000,0x00000000e30bd6c8,0x00000000e6100000)
 Metaspace       used 84663K, capacity 90074K, committed 90368K, reserved 1128448K
  class space    used 10147K, capacity 11914K, committed 12032K, reserved 1048576K
Event: 877.166 GC heap after
Heap after GC invocations=56 (full 15):
 PSYoungGen      total 142848K, used 2516K [0x00000000f5580000, 0x0000000100000000, 0x0000000100000000)
  eden space 123904K, 0% used [0x00000000f5580000,0x00000000f5580000,0x00000000fce80000)
  from space 18944K, 13% used [0x00000000fce80000,0x00000000fd0f5130,0x00000000fe100000)
  to   space 17408K, 0% used [0x00000000fef00000,0x00000000fef00000,0x0000000100000000)
 ParOldGen       total 99328K, used 50234K [0x00000000e0000000, 0x00000000e6100000, 0x00000000f5580000)
  object space 99328K, 50% used [0x00000000e0000000,0x00000000e310eb18,0x00000000e6100000)
 Metaspace       used 84663K, capacity 90074K, committed 90368K, reserved 1128448K
  class space    used 10147K, capacity 11914K, committed 12032K, reserved 1048576K
}
Event: 877.166 GC heap before
{Heap before GC invocations=57 (full 16):
 PSYoungGen      total 142848K, used 2516K [0x00000000f5580000, 0x0000000100000000, 0x0000000100000000)
  eden space 123904K, 0% used [0x00000000f5580000,0x00000000f5580000,0x00000000fce80000)
  from space 18944K, 13% used [0x00000000fce80000,0x00000000fd0f5130,0x00000000fe100000)
  to   space 17408K, 0% used [0x00000000fef00000,0x00000000fef00000,0x0000000100000000)
 ParOldGen       total 99328K, used 50234K [0x00000000e0000000, 0x00000000e6100000, 0x00000000f5580000)
  object space 99328K, 50% used [0x00000000e0000000,0x00000000e310eb18,0x00000000e6100000)
 Metaspace       used 84663K, capacity 90074K, committed 90368K, reserved 1128448K
  class space    used 10147K, capacity 11914K, committed 12032K, reserved 1048576K
Event: 877.345 GC heap after
Heap after GC invocations=57 (full 16):
 PSYoungGen      total 142848K, used 0K [0x00000000f5580000, 0x0000000100000000, 0x0000000100000000)
  eden space 123904K, 0% used [0x00000000f5580000,0x00000000f5580000,0x00000000fce80000)
  from space 18944K, 0% used [0x00000000fce80000,0x00000000fce80000,0x00000000fe100000)
  to   space 17408K, 0% used [0x00000000fef00000,0x00000000fef00000,0x0000000100000000)
 ParOldGen       total 99328K, used 47500K [0x00000000e0000000, 0x00000000e6100000, 0x00000000f5580000)
  object space 99328K, 47% used [0x00000000e0000000,0x00000000e2e63008,0x00000000e6100000)
 Metaspace       used 84663K, capacity 90074K, committed 90368K, reserved 1128448K
  class space    used 10147K, capacity 11914K, committed 12032K, reserved 1048576K
}

Deoptimization events (10 events):
Event: 936.180 Thread 0x0000000002588000 Uncommon trap: reason=bimorphic action=maybe_recompile pc=0x0000000004514bb4 method=java.io.Writer.write(Ljava/lang/String;)V @ 7
Event: 936.669 Thread 0x0000000002588000 Uncommon trap: reason=unreached action=reinterpret pc=0x000000000293a89c method=org.eclipse.cdt.managedbuilder.internal.core.Option.getValueHandlerElement()Lorg/eclipse/core/runtime/IConfigurationElement; @ 4
Event: 936.669 Thread 0x0000000002588000 Uncommon trap: reason=null_check action=make_not_entrant pc=0x0000000002aaaf64 method=org.eclipse.core.runtime.internal.adaptor.EclipseLazyStarter.shouldActivateFor(Ljava/lang/String;Lorg/eclipse/osgi/baseadaptor/BaseData;Lorg/eclipse/core/runtime/internal?1O}õIç@
Event: 937.201 Thread 0x0000000002588000 Uncommon trap: reason=class_check action=maybe_recompile pc=0x000000000541ebd8 method=org.eclipse.swt.widgets.Display.asyncExec(Ljava/lang/Runnable;)V @ 54
Event: 937.201 Thread 0x0000000002588000 Uncommon trap: reason=class_check action=maybe_recompile pc=0x000000000541ebd8 method=org.eclipse.swt.widgets.Display.asyncExec(Ljava/lang/Runnable;)V @ 54
Event: 937.211 Thread 0x0000000002588000 Uncommon trap: reason=bimorphic action=maybe_recompile pc=0x0000000004e9eea4 method=org.eclipse.core.internal.dtree.AbstractDataTreeNode.assembleWith([Lorg/eclipse/core/internal/dtree/AbstractDataTreeNode;[Lorg/eclipse/core/internal/dtree/AbstractDataTreeNÎûNú∞Iç@
Event: 937.211 Thread 0x0000000002588000 Uncommon trap: reason=bimorphic action=maybe_recompile pc=0x0000000004e9eea4 method=org.eclipse.core.internal.dtree.AbstractDataTreeNode.assembleWith([Lorg/eclipse/core/internal/dtree/AbstractDataTreeNode;[Lorg/eclipse/core/internal/dtree/AbstractDataTreeN±BiÑﬂIç@
Event: 937.234 Thread 0x000000001a473000 Uncommon trap: reason=unreached action=reinterpret pc=0x0000000003a3de08 method=org.eclipse.core.internal.jobs.JobManager.nextJob()Lorg/eclipse/core/runtime/jobs/Job; @ 80
Event: 937.234 Thread 0x000000001a474000 Uncommon trap: reason=unreached action=reinterpret pc=0x00000000036364a0 method=org.eclipse.core.internal.jobs.JobManager.nextJob()Lorg/eclipse/core/runtime/jobs/Job; @ 80
Event: 937.489 Thread 0x0000000016b63000 Uncommon trap: reason=bimorphic action=maybe_recompile pc=0x0000000003aceb04 method=java.util.concurrent.CopyOnWriteArrayList.indexOf(Ljava/lang/Object;[Ljava/lang/Object;II)I @ 46

Internal exceptions (10 events):
Event: 935.231 Thread 0x0000000018be8800 Exception <a 'java/net/SocketException': Connection reset by peer: socket write error> (0x00000000f67d2828) thrown at [D:\re\workspace\8-2-build-windows-amd64-cygwin\jdk8u25\1677\hotspot\src\share\vm\prims\jni.cpp, line 742]
Event: 935.231 Thread 0x0000000018be8800 Exception <a 'java/net/SocketException': Socket closed> (0x00000000f67f6f18) thrown at [D:\re\workspace\8-2-build-windows-amd64-cygwin\jdk8u25\1677\hotspot\src\share\vm\prims\jni.cpp, line 742]
Event: 935.232 Thread 0x000000001a46f000 Exception <a 'java/lang/InterruptedException'> (0x00000000f6859540) thrown at [D:\re\workspace\8-2-build-windows-amd64-cygwin\jdk8u25\1677\hotspot\src\share\vm\runtime\objectMonitor.cpp, line 1682]
Event: 935.939 Thread 0x0000000002588000 Implicit null exception at 0x0000000004600264 to 0x00000000046005d9
Event: 936.181 Thread 0x00000000151a9000 Exception <a 'java/lang/InterruptedException'> (0x00000000f5754340) thrown at [D:\re\workspace\8-2-build-windows-amd64-cygwin\jdk8u25\1677\hotspot\src\share\vm\runtime\objectMonitor.cpp, line 1682]
Event: 936.669 Thread 0x0000000002588000 Implicit null exception at 0x0000000002aa9307 to 0x0000000002aaaf59
Event: 937.246 Thread 0x0000000015e3b800 Exception <a 'java/lang/InterruptedException': sleep interrupted> (0x00000000f5b9e8a8) thrown at [D:\re\workspace\8-2-build-windows-amd64-cygwin\jdk8u25\1677\hotspot\src\share\vm\prims\jvm.cpp, line 3141]
Event: 937.247 Thread 0x0000000016b63000 Exception <a 'java/lang/InterruptedException'> (0x00000000f7e46328) thrown at [D:\re\workspace\8-2-build-windows-amd64-cygwin\jdk8u25\1677\hotspot\src\share\vm\runtime\objectMonitor.cpp, line 1682]
Event: 937.247 Thread 0x000000001616b800 Exception <a 'java/lang/InterruptedException'> (0x00000000f7fb95a8) thrown at [D:\re\workspace\8-2-build-windows-amd64-cygwin\jdk8u25\1677\hotspot\src\share\vm\runtime\objectMonitor.cpp, line 1682]
Event: 937.488 Thread 0x0000000016298800 Exception <a 'java/lang/InterruptedException'> (0x00000000f7fb9098) thrown at [D:\re\workspace\8-2-build-windows-amd64-cygwin\jdk8u25\1677\hotspot\src\share\vm\runtime\objectMonitor.cpp, line 1682]

Events (10 events):
Event: 937.489 Thread 0x0000000016b63000 Thread added: 0x0000000016b63000
Event: 937.489 Thread 0x0000000016b63000 Uncommon trap: trap_request=0xffffffc6 fr.pc=0x0000000003aceb04
Event: 937.489 Thread 0x0000000016b63000 DEOPT PACKING pc=0x0000000003aceb04 sp=0x00000000167af390
Event: 937.489 Thread 0x0000000016b63000 DEOPT UNPACKING pc=0x000000000269556a sp=0x00000000167af348 mode 2
Event: 937.489 Executing VM operation: RevokeBias
Event: 937.489 Executing VM operation: RevokeBias done
Event: 937.489 Executing VM operation: RevokeBias
Event: 937.489 Executing VM operation: RevokeBias done
Event: 937.490 Thread 0x0000000016b63000 Thread exited: 0x0000000016b63000
Event: 937.490 Executing VM operation: Exit


Dynamic libraries:
0x0000000000400000 - 0x000000000044f000 	C:\Xilinx\SDK\2015.2\eclipse\win64.o\eclipse.exe
0x0000000077030000 - 0x00000000771d9000 	C:\Windows\SYSTEM32\ntdll.dll
0x0000000076f10000 - 0x000000007702f000 	C:\Windows\system32\kernel32.dll
0x000007fefd260000 - 0x000007fefd2cb000 	C:\Windows\system32\KERNELBASE.dll
0x0000000076e10000 - 0x0000000076f0a000 	C:\Windows\system32\USER32.dll
0x000007fefecb0000 - 0x000007fefed17000 	C:\Windows\system32\GDI32.dll
0x000007fefd890000 - 0x000007fefd89e000 	C:\Windows\system32\LPK.dll
0x000007fefd8f0000 - 0x000007fefd9b9000 	C:\Windows\system32\USP10.dll
0x000007fefd3b0000 - 0x000007fefd44f000 	C:\Windows\system32\msvcrt.dll
0x000007fefba20000 - 0x000007fefbc14000 	C:\Windows\WinSxS\amd64_microsoft.windows.common-controls_6595b64144ccf1df_6.0.7601.17514_none_fa396087175ac9ac\COMCTL32.dll
0x000007fefe810000 - 0x000007fefe881000 	C:\Windows\system32\SHLWAPI.dll
0x000007fefeaf0000 - 0x000007fefeb1e000 	C:\Windows\system32\IMM32.DLL
0x000007fefeb20000 - 0x000007fefec29000 	C:\Windows\system32\MSCTF.dll
0x0000000072000000 - 0x0000000072012000 	C:\Xilinx\SDK\2015.2\eclipse\win64.o\plugins\org.eclipse.equinox.launcher.win32.win32.x86_64_1.1.200.v20140116-2212\eclipse_1503.dll
0x000007feff1b0000 - 0x000007feff28b000 	C:\Windows\system32\ADVAPI32.dll
0x000007fefeea0000 - 0x000007fefeebf000 	C:\Windows\SYSTEM32\sechost.dll
0x000007fefd760000 - 0x000007fefd88d000 	C:\Windows\system32\RPCRT4.dll
0x000007fefc0e0000 - 0x000007fefc0ec000 	C:\Windows\system32\VERSION.dll
0x000007fefb6e0000 - 0x000007fefb736000 	C:\Windows\system32\uxtheme.dll
0x0000000069f80000 - 0x000000006a7da000 	C:\Xilinx\SDK\2015.2\tps\win64\jre\bin\server\jvm.dll
0x000007fef4460000 - 0x000007fef4469000 	C:\Windows\system32\WSOCK32.dll
0x000007fefd8a0000 - 0x000007fefd8ed000 	C:\Windows\system32\WS2_32.dll
0x000007feff290000 - 0x000007feff298000 	C:\Windows\system32\NSI.dll
0x000007fefacd0000 - 0x000007fefad0b000 	C:\Windows\system32\WINMM.dll
0x00000000771f0000 - 0x00000000771f7000 	C:\Windows\system32\PSAPI.DLL
0x00000000723c0000 - 0x0000000072492000 	C:\Windows\system32\MSVCR100.dll
0x0000000074d30000 - 0x0000000074d3f000 	C:\Xilinx\SDK\2015.2\tps\win64\jre\bin\verify.dll
0x0000000074d00000 - 0x0000000074d28000 	C:\Xilinx\SDK\2015.2\tps\win64\jre\bin\java.dll
0x0000000074ce0000 - 0x0000000074cf6000 	C:\Xilinx\SDK\2015.2\tps\win64\jre\bin\zip.dll
0x000007fefda80000 - 0x000007fefe808000 	C:\Windows\system32\SHELL32.dll
0x000007fefefa0000 - 0x000007feff1a3000 	C:\Windows\system32\ole32.dll
0x000007fefcf80000 - 0x000007fefcf8f000 	C:\Windows\system32\profapi.dll
0x000007fefc810000 - 0x000007fefc827000 	C:\Windows\system32\CRYPTSP.dll
0x000007fefc510000 - 0x000007fefc557000 	C:\Windows\system32\rsaenh.dll
0x000007fefc2d0000 - 0x000007fefc2ee000 	C:\Windows\system32\USERENV.dll
0x000007fefce70000 - 0x000007fefce7f000 	C:\Windows\system32\CRYPTBASE.dll
0x0000000074cc0000 - 0x0000000074cda000 	C:\Xilinx\SDK\2015.2\tps\win64\jre\bin\net.dll
0x000007fefc7b0000 - 0x000007fefc805000 	C:\Windows\system32\mswsock.dll
0x000007fefc7a0000 - 0x000007fefc7a7000 	C:\Windows\System32\wship6.dll
0x000007fefa710000 - 0x000007fefa737000 	C:\Windows\system32\IPHLPAPI.DLL
0x000007fefa700000 - 0x000007fefa70b000 	C:\Windows\system32\WINNSI.DLL
0x000007fefa0a0000 - 0x000007fefa0b1000 	C:\Windows\system32\dhcpcsvc6.DLL
0x000007fefa020000 - 0x000007fefa038000 	C:\Windows\system32\dhcpcsvc.DLL
0x0000000074ca0000 - 0x0000000074cb1000 	C:\Xilinx\SDK\2015.2\tps\win64\jre\bin\nio.dll
0x000007feff2a0000 - 0x000007feff339000 	C:\Windows\system32\CLBCatQ.DLL
0x000007fefeec0000 - 0x000007fefef97000 	C:\Windows\system32\OLEAUT32.dll
0x000007fefacb0000 - 0x000007fefacc5000 	C:\Windows\system32\NLAapi.dll
0x000007fef5d40000 - 0x000007fef5d55000 	C:\Windows\system32\napinsp.dll
0x000007fef5d20000 - 0x000007fef5d39000 	C:\Windows\system32\pnrpnsp.dll
0x000007fefc630000 - 0x000007fefc68b000 	C:\Windows\system32\DNSAPI.dll
0x000007fef5d10000 - 0x000007fef5d1b000 	C:\Windows\System32\winrnr.dll
0x000007fefc1b0000 - 0x000007fefc1b7000 	C:\Windows\System32\wshtcpip.dll
0x000007fef9920000 - 0x000007fef9928000 	C:\Windows\system32\rasadhlp.dll
0x000007fefa0d0000 - 0x000007fefa123000 	C:\Windows\System32\fwpuclnt.dll
0x00000000164a0000 - 0x0000000016548000 	C:\Users\Tung\.Xilinx\SDK\2015.2\org.eclipse.osgi\bundles\287\1\.cp\swt-win32-4335.dll
0x000007fefd9e0000 - 0x000007fefda77000 	C:\Windows\system32\comdlg32.dll
0x000007fefa5b0000 - 0x000007fefa621000 	C:\Windows\system32\WINSPOOL.DRV
0x000007fefd450000 - 0x000007fefd57a000 	C:\Windows\system32\WININET.dll
0x000007fefed20000 - 0x000007fefee98000 	C:\Windows\system32\urlmon.dll
0x000007fefd050000 - 0x000007fefd1b7000 	C:\Windows\system32\CRYPT32.dll
0x000007fefd020000 - 0x000007fefd02f000 	C:\Windows\system32\MSASN1.dll
0x000007fefe890000 - 0x000007fefeae9000 	C:\Windows\system32\iertutil.dll
0x000007fefb300000 - 0x000007fefb318000 	C:\Windows\system32\dwmapi.dll
0x000007fefb7c0000 - 0x000007fefb8ec000 	C:\Windows\system32\propsys.dll
0x0000000002480000 - 0x000000000249e000 	C:\Users\Tung\.Xilinx\SDK\2015.2\org.eclipse.osgi\bundles\287\1\.cp\swt-gdip-win32-4335.dll
0x000007fefb4c0000 - 0x000007fefb6d5000 	C:\Windows\WinSxS\amd64_microsoft.windows.gdiplus_6595b64144ccf1df_1.1.7601.17514_none_2b24536c71ed437a\gdiplus.dll
0x000007fefb190000 - 0x000007fefb2ba000 	C:\Windows\system32\WindowsCodecs.dll
0x000007fefa850000 - 0x000007fefa861000 	C:\Users\Tung\.Xilinx\SDK\2015.2\org.eclipse.osgi\bundles\116\1\.cp\jWinHttp-1.0.0.dll
0x000007fef9860000 - 0x000007fef98d1000 	C:\Windows\system32\WINHTTP.dll
0x000007fef97f0000 - 0x000007fef9854000 	C:\Windows\system32\webio.dll
0x000007fefcde0000 - 0x000007fefce05000 	C:\Windows\system32\SspiCli.dll
0x000007fefc3e0000 - 0x000007fefc3ea000 	C:\Windows\system32\credssp.dll
0x000007fefd2d0000 - 0x000007fefd306000 	C:\Windows\system32\CFGMGR32.dll
0x000007fefa4a0000 - 0x000007fefa4f4000 	C:\Windows\system32\oleacc.dll
0x000007fefb0d0000 - 0x000007fefb10b000 	C:\Windows\system32\mlang.dll
0x000007fefcf60000 - 0x000007fefcf74000 	C:\Windows\system32\RpcRtRemote.dll
0x000007fefce10000 - 0x000007fefce67000 	C:\Windows\system32\apphelp.dll
0x0000000180000000 - 0x0000000180012000 	C:\Users\Tung\.Xilinx\SDK\2015.2\org.eclipse.osgi\bundles\113\1\.cp\os\win32\x86_64\localfile_1_0_0.dll
0x000007feeccf0000 - 0x000007feed8a7000 	C:\Windows\System32\ieframe.dll
0x000007fefce80000 - 0x000007fefcf11000 	C:\Windows\system32\SXS.DLL
0x000007fec3f70000 - 0x000007fec4808000 	C:\Windows\System32\mshtml.dll
0x000007fef0d90000 - 0x000007fef0dcb000 	C:\Windows\System32\msls31.dll
0x000007fefbc20000 - 0x000007fefbc4d000 	C:\Windows\system32\ntmarta.dll
0x000007fefd350000 - 0x000007fefd3a2000 	C:\Windows\system32\WLDAP32.dll
0x000007fefa3b0000 - 0x000007fefa3be000 	C:\Windows\system32\msimtf.dll
0x000007fefb8f0000 - 0x000007fefb93b000 	C:\Windows\system32\MMDevAPI.DLL
0x000007fefac40000 - 0x000007fefac7b000 	C:\Windows\system32\wdmaud.drv
0x0000000074d40000 - 0x0000000074d46000 	C:\Windows\system32\ksuser.dll
0x000007fefb7b0000 - 0x000007fefb7b9000 	C:\Windows\system32\AVRT.dll
0x000007fefd580000 - 0x000007fefd757000 	C:\Windows\system32\SETUPAPI.dll
0x000007fefd030000 - 0x000007fefd04a000 	C:\Windows\system32\DEVOBJ.dll
0x000007fefab80000 - 0x000007fefabcf000 	C:\Windows\system32\AUDIOSES.DLL
0x000007fefaa20000 - 0x000007fefaa2a000 	C:\Windows\system32\msacm32.drv
0x000007fefaa00000 - 0x000007fefaa18000 	C:\Windows\system32\MSACM32.dll
0x000007fefa9b0000 - 0x000007fefa9b9000 	C:\Windows\system32\midimap.dll
0x000007fef6350000 - 0x000007fef6361000 	C:\Windows\system32\ImgUtil.dll
0x000007fefa6f0000 - 0x000007fefa6f7000 	C:\Windows\system32\msimg32.dll
0x000007fefa250000 - 0x000007fefa260000 	C:\Xilinx\SDK\2015.2\lib\win64.o\librdi_repo_manager.dll
0x000007fef62c0000 - 0x000007fef62ea000 	C:\Xilinx\SDK\2015.2\lib\win64.o\libisl_sysinfo.dll
0x000007feef240000 - 0x000007feef314000 	C:\Windows\system32\MSVCR110.dll
0x000007feef150000 - 0x000007feef1f7000 	C:\Windows\system32\MSVCP110.dll
0x000007fec5f10000 - 0x000007fec6853000 	C:\Xilinx\SDK\2015.2\lib\win64.o\librdi_common.dll
0x000007fec5c60000 - 0x000007fec5f08000 	C:\Xilinx\SDK\2015.2\lib\win64.o\libCOIN-all.dll
0x000007fec5a40000 - 0x000007fec5c60000 	C:\Xilinx\SDK\2015.2\lib\win64.o\libXil_lmgr11.dll
0x000007fefb030000 - 0x000007fefb046000 	C:\Windows\system32\NETAPI32.dll
0x000007fefb020000 - 0x000007fefb02c000 	C:\Windows\system32\netutils.dll
0x000007fefcab0000 - 0x000007fefcad3000 	C:\Windows\system32\srvcli.dll
0x000007fefb000000 - 0x000007fefb015000 	C:\Windows\system32\wkscli.dll
0x000007fefd310000 - 0x000007fefd34a000 	C:\Windows\system32\WINTRUST.dll
0x000007fefb780000 - 0x000007fefb790000 	C:\Xilinx\SDK\2015.2\lib\win64.o\libboost_date_time.dll
0x000007fefa7a0000 - 0x000007fefa7c2000 	C:\Xilinx\SDK\2015.2\lib\win64.o\libboost_filesystem.dll
0x000007fefa890000 - 0x000007fefa899000 	C:\Xilinx\SDK\2015.2\lib\win64.o\libboost_system.dll
0x000007fefa2f0000 - 0x000007fefa364000 	C:\Xilinx\SDK\2015.2\lib\win64.o\libboost_program_options.dll
0x000007fef5de0000 - 0x000007fef5eda000 	C:\Xilinx\SDK\2015.2\lib\win64.o\libboost_regex.dll
0x000007fefa440000 - 0x000007fefa453000 	C:\Xilinx\SDK\2015.2\lib\win64.o\libboost_signals.dll
0x000007fefa420000 - 0x000007fefa43d000 	C:\Xilinx\SDK\2015.2\lib\win64.o\libboost_thread.dll
0x000007fefa820000 - 0x000007fefa82b000 	C:\Xilinx\SDK\2015.2\lib\win64.o\libboost_chrono.dll
0x000007fef9df0000 - 0x000007fef9e70000 	C:\Xilinx\SDK\2015.2\lib\win64.o\libhdlpsolve.dll
0x000007fef9d50000 - 0x000007fef9dea000 	C:\Xilinx\SDK\2015.2\lib\win64.o\libhdxml.dll
0x000007fec5430000 - 0x000007fec5a3a200 	C:\Xilinx\SDK\2015.2\lib\win64.o\libisl_iostreams.dll
0x000007fefa3c0000 - 0x000007fefa3d6000 	C:\Xilinx\SDK\2015.2\lib\win64.o\libboost_iostreams.dll
0x000007fefa3f0000 - 0x000007fefa413000 	C:\Xilinx\SDK\2015.2\lib\win64.o\librdizlib.dll
0x000007fef9d20000 - 0x000007fef9d43000 	C:\Xilinx\SDK\2015.2\lib\win64.o\libisl_iosutils.dll
0x000007fefa830000 - 0x000007fefa845000 	C:\Xilinx\SDK\2015.2\lib\win64.o\pthreadVC2.dll
0x000007feefa80000 - 0x000007feefad4000 	C:\Xilinx\SDK\2015.2\lib\win64.o\librdi_commonxillic.dll
0x000007feea900000 - 0x000007feeaa30000 	C:\Xilinx\SDK\2015.2\lib\win64.o\librdi_curl.dll
0x000007fef6370000 - 0x000007fef6388000 	C:\Xilinx\SDK\2015.2\lib\win64.o\librdiconfig.dll
0x0000000069d20000 - 0x0000000069e47000 	C:\Xilinx\SDK\2015.2\lib\win64.o\tcl85t.dll

VM Arguments:
jvm_args: -Dcom.xilinx.sdk.args.hwspec=C:/Users/Tung/Desktop/vdma_hdmi_conv_v1/axi_conv_fp_3x3/axi_conv_fp_3x3.sdk/design_1_wrapper.hdf -Xms64m -Xmx512m & 
java_command: <unknown>
java_class_path (initial): C:\Xilinx\SDK\2015.2\eclipse\win64.o\\plugins/org.eclipse.equinox.launcher_1.3.0.v20130327-1440.jar
Launcher Type: generic

Environment Variables:
USERNAME=Tung
OS=Windows_NT
PROCESSOR_IDENTIFIER=Intel64 Family 6 Model 60 Stepping 3, GenuineIntel



---------------  S Y S T E M  ---------------

OS: Windows 7 , 64 bit Build 7601 Service Pack 1

CPU:total 4 (4 cores per cpu, 1 threads per core) family 6 model 60 stepping 3, cmov, cx8, fxsr, mmx, sse, sse2, sse3, ssse3, sse4.1, sse4.2, popcnt, avx, avx2, aes, clmul, erms, lzcnt, tsc, tscinvbit, bmi1, bmi2

Memory: 4k page, physical 4110972k(1406748k free), swap 8220100k(4800660k free)

vm_info: Java HotSpot(TM) 64-Bit Server VM (25.25-b02) for windows-amd64 JRE (1.8.0_25-b18), built on Oct  7 2014 14:25:37 by "java_re" with MS VC++ 10.0 (VS2010)

time: Mon Aug 20 09:35:49 2018
elapsed time: 938 seconds (0d 0h 15m 38s)

