#
# A fatal error has been detected by the Java Runtime Environment:
#
#  Internal Error (0xc000000d), pid=3688, tid=1296
#
# JRE version: Java(TM) SE Runtime Environment (8.0_25-b18) (build 1.8.0_25-b18)
# Java VM: Java HotSpot(TM) 64-Bit Server VM (25.25-b02 mixed mode windows-amd64 compressed oops)
# Problematic frame:
# C  [ntdll.dll+0x7a291]
#
# Failed to write core dump. Minidumps are not enabled by default on client versions of Windows
#
# If you would like to submit a bug report, please visit:
#   http://bugreport.sun.com/bugreport/crash.jsp
#

---------------  T H R E A D  ---------------

Current thread (0x0000000013b86000):  VMThread [stack: 0x0000000014bf0000,0x0000000014cf0000] [id=1296]

siginfo: ExceptionCode=0xc000000d

Registers:
RAX=0x0000000063434097, RBX=0x0000000000000000, RCX=0x0000000014ceed10, RDX=0x0000000000000000
RSP=0x0000000014cef320, RBP=0x000000002173f230, RSI=0x000007feef247408, RDI=0x0000000014cef468
R8 =0x0000000000000000, R9 =0x0000000000000000, R10=0x0000000000000000, R11=0x0000000000000246
R12=0x00000000244e40e0, R13=0x00000000244e40b0, R14=0x000000002173f338, R15=0x0000000000000000
RIP=0x00000000770aa291, EFLAGS=0x0000000000000202

Top of Stack: (sp=0x0000000014cef320)
0x0000000014cef320:   0000000000000000 000007feef247408
0x0000000014cef330:   0000000014cef468 00000000005e0268
0x0000000014cef340:   00000000005e0230 000000000000005d
0x0000000014cef350:   0000000000000000 04d1000000000000
0x0000000014cef360:   0011000000000002 000000002d4e0101
0x0000000014cef370:   00000000c000000d 0000000000000000
0x0000000014cef380:   00000000770aa291 0000000000000000
0x0000000014cef390:   0000000000000000 0000000000000000
0x0000000014cef3a0:   0000000000000000 0000000000000000
0x0000000014cef3b0:   0000000000000000 0000000000000000
0x0000000014cef3c0:   0000000000000000 0000000000000000
0x0000000014cef3d0:   0000000000000000 0000000000000000
0x0000000014cef3e0:   0000000000000000 0000000000000000
0x0000000014cef3f0:   0000000000000000 0000000000000000
0x0000000014cef400:   0000000000000000 0000000076f32fd1
0x0000000014cef410:   0000000000000eb0 0000000076f52fe8 

Instructions: (pc=0x00000000770aa291)
0x00000000770aa271:   5b 8c fd ff b9 57 00 00 00 c7 44 24 50 0d 00 00
0x00000000770aa281:   c0 e8 49 8f fd ff 48 8d 4c 24 50 e8 cf f2 f9 ff
0x00000000770aa291:   4c 8b 1d 40 81 0b 00 4d 85 db 74 5b 65 48 8b 04
0x00000000770aa2a1:   25 30 00 00 00 f6 80 ee 17 00 00 08 74 12 65 48 


Register to memory mapping:

RAX=0x0000000063434097 is an unknown value
RBX=0x0000000000000000 is an unknown value
RCX=0x0000000014ceed10 is an unknown value
RDX=0x0000000000000000 is an unknown value
RSP=0x0000000014cef320 is an unknown value
RBP=0x000000002173f230 is an unknown value
RSI=0x000007feef247408 is an unknown value
RDI=0x0000000014cef468 is an unknown value
R8 =0x0000000000000000 is an unknown value
R9 =0x0000000000000000 is an unknown value
R10=0x0000000000000000 is an unknown value
R11=0x0000000000000246 is an unknown value
R12=0x00000000244e40e0 is an unknown value
R13=0x00000000244e40b0 is an unknown value
R14=0x000000002173f338 is an unknown value
R15=0x0000000000000000 is an unknown value


Stack: [0x0000000014bf0000,0x0000000014cf0000],  sp=0x0000000014cef320,  free space=1020k
Native frames: (J=compiled Java code, j=interpreted, Vv=VM code, C=native code)
C  [ntdll.dll+0x7a291]
C  [kernel32.dll+0x42fe8]
C  [MSVCR110.dll+0x752d]
C  [MSVCR110.dll+0x14cde]
C  [MSVCR110.dll+0x13edc]
C  [MSVCR110.dll+0x239e]
C  [MSVCR110.dll+0xaf9e]
C  [MSVCP110.dll+0x397b9]
C  [librdi_common.dll+0x135d02]
C  [librdi_common.dll+0x13447b]
C  0x000007fefa362400
C  0x000007fefa362682
C  [ntdll.dll+0x24371]
C  [ntdll.dll+0x24180]
C  [MSVCR100.dll+0x20ccd]
V  [jvm.dll+0x1f9c55]
V  [jvm.dll+0x2325e7]
V  [jvm.dll+0x231826]
V  [jvm.dll+0x231cc1]
V  [jvm.dll+0x231ede]
V  [jvm.dll+0x2852fa]
C  [MSVCR100.dll+0x21d9f]
C  [MSVCR100.dll+0x21e3b]
C  [kernel32.dll+0x1652d]
C  [ntdll.dll+0x2c521]

VM_Operation (0x000000000012f500): Exit, mode: safepoint, requested by thread 0x0000000002678000


---------------  P R O C E S S  ---------------

Java Threads: ( => current thread )
  0x0000000016f1b000 JavaThread "Spawner Reaper" daemon [_thread_in_native, id=932, stack(0x000000001dd00000,0x000000001de00000)]
  0x0000000016f18000 JavaThread "Thread-14" daemon [_thread_blocked, id=4640, stack(0x000000002ce50000,0x000000002cf50000)]
  0x0000000019a21000 JavaThread "TCF Locator DNS Lookup" daemon [_thread_blocked, id=3232, stack(0x000000001f800000,0x000000001f900000)]
  0x0000000019a20800 JavaThread "TCF Locator Timer" daemon [_thread_blocked, id=3224, stack(0x000000001f700000,0x000000001f800000)]
  0x0000000019a1f800 JavaThread "TCF Locator Receiver" daemon [_thread_in_native, id=3300, stack(0x000000001f600000,0x000000001f700000)]
  0x0000000019507800 JavaThread "TCF Timer Dispatcher" daemon [_thread_blocked, id=4004, stack(0x000000001e0f0000,0x000000001e1f0000)]
  0x0000000016af2000 JavaThread "EMF Reference Cleaner" daemon [_thread_blocked, id=3260, stack(0x0000000018620000,0x0000000018720000)]
  0x0000000015266000 JavaThread "Service Thread" daemon [_thread_blocked, id=3832, stack(0x00000000157f0000,0x00000000158f0000)]
  0x00000000151f5000 JavaThread "C1 CompilerThread2" daemon [_thread_blocked, id=1936, stack(0x00000000156f0000,0x00000000157f0000)]
  0x00000000151f3800 JavaThread "C2 CompilerThread1" daemon [_thread_blocked, id=3424, stack(0x00000000155f0000,0x00000000156f0000)]
  0x0000000013bfc000 JavaThread "C2 CompilerThread0" daemon [_thread_blocked, id=1684, stack(0x00000000150f0000,0x00000000151f0000)]
  0x0000000013bf9000 JavaThread "Attach Listener" daemon [_thread_blocked, id=3264, stack(0x0000000014ff0000,0x00000000150f0000)]
  0x0000000013bf7800 JavaThread "Signal Dispatcher" daemon [_thread_blocked, id=3080, stack(0x0000000014ef0000,0x0000000014ff0000)]
  0x0000000013b93000 JavaThread "Finalizer" daemon [_thread_blocked, id=848, stack(0x0000000014df0000,0x0000000014ef0000)]
  0x0000000013b8a000 JavaThread "Reference Handler" daemon [_thread_blocked, id=3684, stack(0x0000000014cf0000,0x0000000014df0000)]
  0x0000000002678000 JavaThread "main" [_thread_blocked, id=3256, stack(0x0000000000030000,0x0000000000130000)]

Other Threads:
=>0x0000000013b86000 VMThread [stack: 0x0000000014bf0000,0x0000000014cf0000] [id=1296]

VM state:at safepoint (shutting down)

VM Mutex/Monitor currently owned by a thread:  ([mutex/lock_event])
[0x000000000282df20] Threads_lock - owner thread: 0x0000000013b86000

Heap:
 PSYoungGen      total 140288K, used 36862K [0x00000000f5580000, 0x00000000ffd00000, 0x0000000100000000)
  eden space 127488K, 28% used [0x00000000f5580000,0x00000000f797fb58,0x00000000fd200000)
  from space 12800K, 0% used [0x00000000fd200000,0x00000000fd200000,0x00000000fde80000)
  to   space 22016K, 0% used [0x00000000fe780000,0x00000000fe780000,0x00000000ffd00000)
 ParOldGen       total 96256K, used 57757K [0x00000000e0000000, 0x00000000e5e00000, 0x00000000f5580000)
  object space 96256K, 60% used [0x00000000e0000000,0x00000000e3867408,0x00000000e5e00000)
 Metaspace       used 83013K, capacity 88338K, committed 88576K, reserved 1126400K
  class space    used 10165K, capacity 11948K, committed 12032K, reserved 1048576K

Card table byte_map: [0x0000000011bf0000,0x0000000011d00000] byte_map_base: 0x00000000114f0000

Marking Bits: (ParMarkBitMap*) 0x000000006e3ed490
 Begin Bits: [0x0000000012100000, 0x0000000012900000)
 End Bits:   [0x0000000012900000, 0x0000000013100000)

Polling page: 0x0000000000220000

CodeCache: size=245760Kb used=38086Kb max_used=38149Kb free=207673Kb
 bounds [0x0000000002830000, 0x0000000004db0000, 0x0000000011830000]
 total_blobs=11508 nmethods=10645 adapters=772
 compilation: enabled

Compilation events (10 events):
Event: 182.972 Thread 0x00000000151f5000 nmethod 13322 0x00000000036f5750 code [0x00000000036f5a40, 0x00000000036f76f8]
Event: 182.972 Thread 0x00000000151f5000 13329       3       org.eclipse.osgi.baseadaptor.bundlefile.BundleFile::setMruIndex (6 bytes)
Event: 182.972 Thread 0x00000000151f5000 nmethod 13329 0x00000000036f5410 code [0x00000000036f5560, 0x00000000036f56b0]
Event: 182.997 Thread 0x00000000151f5000 13330       3       java.io.File::list (33 bytes)
Event: 182.997 Thread 0x00000000151f5000 nmethod 13330 0x0000000003a08b90 code [0x0000000003a08d60, 0x0000000003a09488]
Event: 182.999 Thread 0x00000000151f3800 nmethod 13317 0x000000000478ced0 code [0x000000000478d260, 0x000000000478fb20]
Event: 183.162 Thread 0x00000000151f5000 13331   !   3       org.eclipse.osgi.internal.baseadaptor.BaseStorage::compact (215 bytes)
Event: 183.163 Thread 0x00000000151f5000 nmethod 13331 0x00000000032a2810 code [0x00000000032a2c40, 0x00000000032a50a8]
Event: 183.195 Thread 0x00000000151f5000 13332       3       org.eclipse.osgi.framework.internal.core.AbstractBundle::close (52 bytes)
Event: 183.195 Thread 0x00000000151f5000 nmethod 13332 0x00000000048532d0 code [0x0000000004853500, 0x00000000048541e8]

GC Heap History (10 events):
Event: 96.026 GC heap before
{Heap before GC invocations=24 (full 4):
 PSYoungGen      total 147456K, used 10644K [0x00000000f5580000, 0x00000000ffd80000, 0x0000000100000000)
  eden space 123904K, 0% used [0x00000000f5580000,0x00000000f5580000,0x00000000fce80000)
  from space 23552K, 45% used [0x00000000fe680000,0x00000000ff0e5180,0x00000000ffd80000)
  to   space 24064K, 0% used [0x00000000fce80000,0x00000000fce80000,0x00000000fe600000)
 ParOldGen       total 96256K, used 51237K [0x00000000e0000000, 0x00000000e5e00000, 0x00000000f5580000)
  object space 96256K, 53% used [0x00000000e0000000,0x00000000e3209618,0x00000000e5e00000)
 Metaspace       used 76135K, capacity 81468K, committed 81664K, reserved 1120256K
  class space    used 9276K, capacity 11003K, committed 11008K, reserved 1048576K
Event: 96.227 GC heap after
Heap after GC invocations=24 (full 4):
 PSYoungGen      total 147456K, used 0K [0x00000000f5580000, 0x00000000ffd80000, 0x0000000100000000)
  eden space 123904K, 0% used [0x00000000f5580000,0x00000000f5580000,0x00000000fce80000)
  from space 23552K, 0% used [0x00000000fe680000,0x00000000fe680000,0x00000000ffd80000)
  to   space 24064K, 0% used [0x00000000fce80000,0x00000000fce80000,0x00000000fe600000)
 ParOldGen       total 96256K, used 47026K [0x00000000e0000000, 0x00000000e5e00000, 0x00000000f5580000)
  object space 96256K, 48% used [0x00000000e0000000,0x00000000e2deca78,0x00000000e5e00000)
 Metaspace       used 76135K, capacity 81468K, committed 81664K, reserved 1120256K
  class space    used 9276K, capacity 11003K, committed 11008K, reserved 1048576K
}
Event: 115.288 GC heap before
{Heap before GC invocations=25 (full 4):
 PSYoungGen      total 147456K, used 123904K [0x00000000f5580000, 0x00000000ffd80000, 0x0000000100000000)
  eden space 123904K, 100% used [0x00000000f5580000,0x00000000fce80000,0x00000000fce80000)
  from space 23552K, 0% used [0x00000000fe680000,0x00000000fe680000,0x00000000ffd80000)
  to   space 24064K, 0% used [0x00000000fce80000,0x00000000fce80000,0x00000000fe600000)
 ParOldGen       total 96256K, used 47026K [0x00000000e0000000, 0x00000000e5e00000, 0x00000000f5580000)
  object space 96256K, 48% used [0x00000000e0000000,0x00000000e2deca78,0x00000000e5e00000)
 Metaspace       used 79799K, capacity 85130K, committed 85248K, reserved 1122304K
  class space    used 9808K, capacity 11513K, committed 11520K, reserved 1048576K
Event: 115.299 GC heap after
Heap after GC invocations=25 (full 4):
 PSYoungGen      total 147968K, used 12412K [0x00000000f5580000, 0x00000000ffe80000, 0x0000000100000000)
  eden space 123904K, 0% used [0x00000000f5580000,0x00000000f5580000,0x00000000fce80000)
  from space 24064K, 51% used [0x00000000fce80000,0x00000000fda9f248,0x00000000fe600000)
  to   space 23040K, 0% used [0x00000000fe800000,0x00000000fe800000,0x00000000ffe80000)
 ParOldGen       total 96256K, used 47034K [0x00000000e0000000, 0x00000000e5e00000, 0x00000000f5580000)
  object space 96256K, 48% used [0x00000000e0000000,0x00000000e2deea78,0x00000000e5e00000)
 Metaspace       used 79799K, capacity 85130K, committed 85248K, reserved 1122304K
  class space    used 9808K, capacity 11513K, committed 11520K, reserved 1048576K
}
Event: 166.918 GC heap before
{Heap before GC invocations=26 (full 4):
 PSYoungGen      total 147968K, used 136316K [0x00000000f5580000, 0x00000000ffe80000, 0x0000000100000000)
  eden space 123904K, 100% used [0x00000000f5580000,0x00000000fce80000,0x00000000fce80000)
  from space 24064K, 51% used [0x00000000fce80000,0x00000000fda9f248,0x00000000fe600000)
  to   space 23040K, 0% used [0x00000000fe800000,0x00000000fe800000,0x00000000ffe80000)
 ParOldGen       total 96256K, used 47034K [0x00000000e0000000, 0x00000000e5e00000, 0x00000000f5580000)
  object space 96256K, 48% used [0x00000000e0000000,0x00000000e2deea78,0x00000000e5e00000)
 Metaspace       used 81854K, capacity 87176K, committed 87296K, reserved 1124352K
  class space    used 10037K, capacity 11755K, committed 11776K, reserved 1048576K
Event: 166.927 GC heap after
Heap after GC invocations=26 (full 4):
 PSYoungGen      total 150016K, used 14222K [0x00000000f5580000, 0x00000000ffe00000, 0x0000000100000000)
  eden space 127488K, 0% used [0x00000000f5580000,0x00000000f5580000,0x00000000fd200000)
  from space 22528K, 63% used [0x00000000fe800000,0x00000000ff5e3990,0x00000000ffe00000)
  to   space 22528K, 0% used [0x00000000fd200000,0x00000000fd200000,0x00000000fe800000)
 ParOldGen       total 96256K, used 47042K [0x00000000e0000000, 0x00000000e5e00000, 0x00000000f5580000)
  object space 96256K, 48% used [0x00000000e0000000,0x00000000e2df0a78,0x00000000e5e00000)
 Metaspace       used 81854K, capacity 87176K, committed 87296K, reserved 1124352K
  class space    used 10037K, capacity 11755K, committed 11776K, reserved 1048576K
}
Event: 173.179 GC heap before
{Heap before GC invocations=27 (full 4):
 PSYoungGen      total 150016K, used 17083K [0x00000000f5580000, 0x00000000ffe00000, 0x0000000100000000)
  eden space 127488K, 2% used [0x00000000f5580000,0x00000000f584b640,0x00000000fd200000)
  from space 22528K, 63% used [0x00000000fe800000,0x00000000ff5e3990,0x00000000ffe00000)
  to   space 22528K, 0% used [0x00000000fd200000,0x00000000fd200000,0x00000000fe800000)
 ParOldGen       total 96256K, used 47042K [0x00000000e0000000, 0x00000000e5e00000, 0x00000000f5580000)
  object space 96256K, 48% used [0x00000000e0000000,0x00000000e2df0a78,0x00000000e5e00000)
 Metaspace       used 81858K, capacity 87176K, committed 87296K, reserved 1124352K
  class space    used 10037K, capacity 11755K, committed 11776K, reserved 1048576K
Event: 173.186 GC heap after
Heap after GC invocations=27 (full 4):
 PSYoungGen      total 140288K, used 12644K [0x00000000f5580000, 0x00000000ffd00000, 0x0000000100000000)
  eden space 127488K, 0% used [0x00000000f5580000,0x00000000f5580000,0x00000000fd200000)
  from space 12800K, 98% used [0x00000000fd200000,0x00000000fde59050,0x00000000fde80000)
  to   space 22016K, 0% used [0x00000000fe780000,0x00000000fe780000,0x00000000ffd00000)
 ParOldGen       total 96256K, used 47042K [0x00000000e0000000, 0x00000000e5e00000, 0x00000000f5580000)
  object space 96256K, 48% used [0x00000000e0000000,0x00000000e2df0a78,0x00000000e5e00000)
 Metaspace       used 81858K, capacity 87176K, committed 87296K, reserved 1124352K
  class space    used 10037K, capacity 11755K, committed 11776K, reserved 1048576K
}
Event: 173.186 GC heap before
{Heap before GC invocations=28 (full 5):
 PSYoungGen      total 140288K, used 12644K [0x00000000f5580000, 0x00000000ffd00000, 0x0000000100000000)
  eden space 127488K, 0% used [0x00000000f5580000,0x00000000f5580000,0x00000000fd200000)
  from space 12800K, 98% used [0x00000000fd200000,0x00000000fde59050,0x00000000fde80000)
  to   space 22016K, 0% used [0x00000000fe780000,0x00000000fe780000,0x00000000ffd00000)
 ParOldGen       total 96256K, used 47042K [0x00000000e0000000, 0x00000000e5e00000, 0x00000000f5580000)
  object space 96256K, 48% used [0x00000000e0000000,0x00000000e2df0a78,0x00000000e5e00000)
 Metaspace       used 81858K, capacity 87176K, committed 87296K, reserved 1124352K
  class space    used 10037K, capacity 11755K, committed 11776K, reserved 1048576K
Event: 173.496 GC heap after
Heap after GC invocations=28 (full 5):
 PSYoungGen      total 140288K, used 0K [0x00000000f5580000, 0x00000000ffd00000, 0x0000000100000000)
  eden space 127488K, 0% used [0x00000000f5580000,0x00000000f5580000,0x00000000fd200000)
  from space 12800K, 0% used [0x00000000fd200000,0x00000000fd200000,0x00000000fde80000)
  to   space 22016K, 0% used [0x00000000fe780000,0x00000000fe780000,0x00000000ffd00000)
 ParOldGen       total 96256K, used 57757K [0x00000000e0000000, 0x00000000e5e00000, 0x00000000f5580000)
  object space 96256K, 60% used [0x00000000e0000000,0x00000000e3867408,0x00000000e5e00000)
 Metaspace       used 81858K, capacity 87176K, committed 87296K, reserved 1124352K
  class space    used 10037K, capacity 11755K, committed 11776K, reserved 1048576K
}

Deoptimization events (10 events):
Event: 181.793 Thread 0x0000000002678000 Uncommon trap: reason=class_check action=maybe_recompile pc=0x0000000004d1b0e8 method=org.eclipse.e4.core.internal.contexts.ContextObjectSupplier$ContextInjectionListener.update(Lorg/eclipse/e4/core/contexts/IEclipseContext;I[Ljava/lang/Object;)Z @ 173
Event: 181.846 Thread 0x0000000002678000 Uncommon trap: reason=bimorphic action=maybe_recompile pc=0x0000000003d70388 method=java.io.Writer.write(Ljava/lang/String;)V @ 7
Event: 181.846 Thread 0x0000000002678000 Uncommon trap: reason=bimorphic action=maybe_recompile pc=0x0000000003d70388 method=java.io.Writer.write(Ljava/lang/String;)V @ 7
Event: 181.847 Thread 0x0000000002678000 Uncommon trap: reason=bimorphic action=maybe_recompile pc=0x0000000003d70388 method=java.io.Writer.write(Ljava/lang/String;)V @ 7
Event: 181.847 Thread 0x0000000002678000 Uncommon trap: reason=bimorphic action=maybe_recompile pc=0x0000000003d70388 method=java.io.Writer.write(Ljava/lang/String;)V @ 7
Event: 182.357 Thread 0x0000000002678000 Uncommon trap: reason=unreached action=reinterpret pc=0x0000000003d091dc method=org.eclipse.cdt.managedbuilder.internal.core.Option.getValueHandlerElement()Lorg/eclipse/core/runtime/IConfigurationElement; @ 4
Event: 182.357 Thread 0x0000000002678000 Uncommon trap: reason=null_check action=make_not_entrant pc=0x0000000003133e10 method=org.eclipse.core.runtime.internal.adaptor.EclipseLazyStarter.shouldActivateFor(Ljava/lang/String;Lorg/eclipse/osgi/baseadaptor/BaseData;Lorg/eclipse/core/runtime/internal‘ò>0ÅÀf@
Event: 182.360 Thread 0x0000000002678000 Uncommon trap: reason=predicate action=maybe_recompile pc=0x0000000003856cf0 method=java.io.OutputStream.write([BII)V @ 62
Event: 182.957 Thread 0x0000000019a24000 Uncommon trap: reason=unreached action=reinterpret pc=0x00000000047c8f28 method=org.eclipse.core.internal.jobs.JobManager.nextJob()Lorg/eclipse/core/runtime/jobs/Job; @ 80
Event: 183.195 Thread 0x0000000019503000 Uncommon trap: reason=bimorphic action=maybe_recompile pc=0x0000000002d025c4 method=java.util.concurrent.CopyOnWriteArrayList.indexOf(Ljava/lang/Object;[Ljava/lang/Object;II)I @ 46

Internal exceptions (10 events):
Event: 180.870 Thread 0x0000000019a1e000 Exception <a 'java/lang/InterruptedException'> (0x00000000f5e4f800) thrown at [D:\re\workspace\8-2-build-windows-amd64-cygwin\jdk8u25\1677\hotspot\src\share\vm\runtime\objectMonitor.cpp, line 1682]
Event: 180.872 Thread 0x000000001cb8a800 Exception <a 'java/net/SocketException': Socket closed> (0x00000000f5f744f0) thrown at [D:\re\workspace\8-2-build-windows-amd64-cygwin\jdk8u25\1677\hotspot\src\share\vm\prims\jni.cpp, line 742]
Event: 181.668 Thread 0x0000000002678000 Implicit null exception at 0x0000000003fe9fc9 to 0x0000000003fea31d
Event: 181.709 Thread 0x0000000016f19000 Implicit null exception at 0x0000000004bcd990 to 0x0000000004bcdf41
Event: 181.848 Thread 0x0000000016f16000 Exception <a 'java/lang/InterruptedException'> (0x00000000f73486b0) thrown at [D:\re\workspace\8-2-build-windows-amd64-cygwin\jdk8u25\1677\hotspot\src\share\vm\runtime\objectMonitor.cpp, line 1682]
Event: 182.357 Thread 0x0000000002678000 Implicit null exception at 0x0000000003132e83 to 0x0000000003133e01
Event: 182.968 Thread 0x00000000160f0800 Exception <a 'java/lang/InterruptedException': sleep interrupted> (0x00000000f7661798) thrown at [D:\re\workspace\8-2-build-windows-amd64-cygwin\jdk8u25\1677\hotspot\src\share\vm\prims\jvm.cpp, line 3141]
Event: 182.969 Thread 0x0000000019503000 Exception <a 'java/lang/InterruptedException'> (0x00000000f77a02c0) thrown at [D:\re\workspace\8-2-build-windows-amd64-cygwin\jdk8u25\1677\hotspot\src\share\vm\runtime\objectMonitor.cpp, line 1682]
Event: 182.969 Thread 0x00000000160fb000 Exception <a 'java/lang/InterruptedException'> (0x00000000f77c99c8) thrown at [D:\re\workspace\8-2-build-windows-amd64-cygwin\jdk8u25\1677\hotspot\src\share\vm\runtime\objectMonitor.cpp, line 1682]
Event: 183.195 Thread 0x000000001631b800 Exception <a 'java/lang/InterruptedException'> (0x00000000f7660740) thrown at [D:\re\workspace\8-2-build-windows-amd64-cygwin\jdk8u25\1677\hotspot\src\share\vm\runtime\objectMonitor.cpp, line 1682]

Events (10 events):
Event: 183.195 Thread 0x0000000019503000 Thread added: 0x0000000019503000
Event: 183.195 Thread 0x0000000019503000 Uncommon trap: trap_request=0xffffffc6 fr.pc=0x0000000002d025c4
Event: 183.195 Thread 0x0000000019503000 DEOPT PACKING pc=0x0000000002d025c4 sp=0x00000000166bf290
Event: 183.195 Thread 0x0000000019503000 DEOPT UNPACKING pc=0x000000000287556a sp=0x00000000166bf248 mode 2
Event: 183.195 Executing VM operation: RevokeBias
Event: 183.196 Executing VM operation: RevokeBias done
Event: 183.196 Executing VM operation: RevokeBias
Event: 183.196 Executing VM operation: RevokeBias done
Event: 183.196 Thread 0x0000000019503000 Thread exited: 0x0000000019503000
Event: 183.196 Executing VM operation: Exit


Dynamic libraries:
0x0000000000400000 - 0x000000000044f000 	C:\Xilinx\SDK\2015.2\eclipse\win64.o\eclipse.exe
0x0000000077030000 - 0x00000000771d9000 	C:\Windows\SYSTEM32\ntdll.dll
0x0000000076f10000 - 0x000000007702f000 	C:\Windows\system32\kernel32.dll
0x000007fefd260000 - 0x000007fefd2cb000 	C:\Windows\system32\KERNELBASE.dll
0x0000000076e10000 - 0x0000000076f0a000 	C:\Windows\system32\USER32.dll
0x000007fefecb0000 - 0x000007fefed17000 	C:\Windows\system32\GDI32.dll
0x000007fefd890000 - 0x000007fefd89e000 	C:\Windows\system32\LPK.dll
0x000007fefd8f0000 - 0x000007fefd9b9000 	C:\Windows\system32\USP10.dll
0x000007fefd3b0000 - 0x000007fefd44f000 	C:\Windows\system32\msvcrt.dll
0x000007fefba20000 - 0x000007fefbc14000 	C:\Windows\WinSxS\amd64_microsoft.windows.common-controls_6595b64144ccf1df_6.0.7601.17514_none_fa396087175ac9ac\COMCTL32.dll
0x000007fefe810000 - 0x000007fefe881000 	C:\Windows\system32\SHLWAPI.dll
0x000007fefeaf0000 - 0x000007fefeb1e000 	C:\Windows\system32\IMM32.DLL
0x000007fefeb20000 - 0x000007fefec29000 	C:\Windows\system32\MSCTF.dll
0x0000000072000000 - 0x0000000072012000 	C:\Xilinx\SDK\2015.2\eclipse\win64.o\plugins\org.eclipse.equinox.launcher.win32.win32.x86_64_1.1.200.v20140116-2212\eclipse_1503.dll
0x000007feff1b0000 - 0x000007feff28b000 	C:\Windows\system32\ADVAPI32.dll
0x000007fefeea0000 - 0x000007fefeebf000 	C:\Windows\SYSTEM32\sechost.dll
0x000007fefd760000 - 0x000007fefd88d000 	C:\Windows\system32\RPCRT4.dll
0x000007fefc0e0000 - 0x000007fefc0ec000 	C:\Windows\system32\VERSION.dll
0x000007fefb6e0000 - 0x000007fefb736000 	C:\Windows\system32\uxtheme.dll
0x000000006dc10000 - 0x000000006e46a000 	C:\Xilinx\SDK\2015.2\tps\win64\jre\bin\server\jvm.dll
0x000007fef4460000 - 0x000007fef4469000 	C:\Windows\system32\WSOCK32.dll
0x000007fefd8a0000 - 0x000007fefd8ed000 	C:\Windows\system32\WS2_32.dll
0x000007feff290000 - 0x000007feff298000 	C:\Windows\system32\NSI.dll
0x000007fefacd0000 - 0x000007fefad0b000 	C:\Windows\system32\WINMM.dll
0x00000000771f0000 - 0x00000000771f7000 	C:\Windows\system32\PSAPI.DLL
0x00000000723c0000 - 0x0000000072492000 	C:\Windows\system32\MSVCR100.dll
0x0000000074bf0000 - 0x0000000074bff000 	C:\Xilinx\SDK\2015.2\tps\win64\jre\bin\verify.dll
0x0000000073770000 - 0x0000000073798000 	C:\Xilinx\SDK\2015.2\tps\win64\jre\bin\java.dll
0x00000000737b0000 - 0x00000000737c6000 	C:\Xilinx\SDK\2015.2\tps\win64\jre\bin\zip.dll
0x000007fefda80000 - 0x000007fefe808000 	C:\Windows\system32\SHELL32.dll
0x000007fefefa0000 - 0x000007feff1a3000 	C:\Windows\system32\ole32.dll
0x000007fefcf80000 - 0x000007fefcf8f000 	C:\Windows\system32\profapi.dll
0x000007fefc810000 - 0x000007fefc827000 	C:\Windows\system32\CRYPTSP.dll
0x000007fefc510000 - 0x000007fefc557000 	C:\Windows\system32\rsaenh.dll
0x000007fefc2d0000 - 0x000007fefc2ee000 	C:\Windows\system32\USERENV.dll
0x000007fefce70000 - 0x000007fefce7f000 	C:\Windows\system32\CRYPTBASE.dll
0x0000000073750000 - 0x000000007376a000 	C:\Xilinx\SDK\2015.2\tps\win64\jre\bin\net.dll
0x000007fefc7b0000 - 0x000007fefc805000 	C:\Windows\system32\mswsock.dll
0x000007fefc7a0000 - 0x000007fefc7a7000 	C:\Windows\System32\wship6.dll
0x000007fefa710000 - 0x000007fefa737000 	C:\Windows\system32\IPHLPAPI.DLL
0x000007fefa700000 - 0x000007fefa70b000 	C:\Windows\system32\WINNSI.DLL
0x000007fefa0a0000 - 0x000007fefa0b1000 	C:\Windows\system32\dhcpcsvc6.DLL
0x000007fefa020000 - 0x000007fefa038000 	C:\Windows\system32\dhcpcsvc.DLL
0x0000000073580000 - 0x0000000073591000 	C:\Xilinx\SDK\2015.2\tps\win64\jre\bin\nio.dll
0x000007feff2a0000 - 0x000007feff339000 	C:\Windows\system32\CLBCatQ.DLL
0x000007fefeec0000 - 0x000007fefef97000 	C:\Windows\system32\OLEAUT32.dll
0x000007fefacb0000 - 0x000007fefacc5000 	C:\Windows\system32\NLAapi.dll
0x000007fef5d40000 - 0x000007fef5d55000 	C:\Windows\system32\napinsp.dll
0x000007fef5d20000 - 0x000007fef5d39000 	C:\Windows\system32\pnrpnsp.dll
0x000007fefc630000 - 0x000007fefc68b000 	C:\Windows\system32\DNSAPI.dll
0x000007fef5d10000 - 0x000007fef5d1b000 	C:\Windows\System32\winrnr.dll
0x000007fefc1b0000 - 0x000007fefc1b7000 	C:\Windows\System32\wshtcpip.dll
0x000007fef9920000 - 0x000007fef9928000 	C:\Windows\system32\rasadhlp.dll
0x000007fefa0d0000 - 0x000007fefa123000 	C:\Windows\System32\fwpuclnt.dll
0x0000000016700000 - 0x00000000167a8000 	C:\Users\Tung\.Xilinx\SDK\2015.2\org.eclipse.osgi\bundles\287\1\.cp\swt-win32-4335.dll
0x000007fefd9e0000 - 0x000007fefda77000 	C:\Windows\system32\comdlg32.dll
0x000007fefa5b0000 - 0x000007fefa621000 	C:\Windows\system32\WINSPOOL.DRV
0x000007fefd450000 - 0x000007fefd57a000 	C:\Windows\system32\WININET.dll
0x000007fefed20000 - 0x000007fefee98000 	C:\Windows\system32\urlmon.dll
0x000007fefd050000 - 0x000007fefd1b7000 	C:\Windows\system32\CRYPT32.dll
0x000007fefd020000 - 0x000007fefd02f000 	C:\Windows\system32\MSASN1.dll
0x000007fefe890000 - 0x000007fefeae9000 	C:\Windows\system32\iertutil.dll
0x000007fefb300000 - 0x000007fefb318000 	C:\Windows\system32\dwmapi.dll
0x000007fefb7c0000 - 0x000007fefb8ec000 	C:\Windows\system32\propsys.dll
0x00000000003c0000 - 0x00000000003de000 	C:\Users\Tung\.Xilinx\SDK\2015.2\org.eclipse.osgi\bundles\287\1\.cp\swt-gdip-win32-4335.dll
0x000007fefb4c0000 - 0x000007fefb6d5000 	C:\Windows\WinSxS\amd64_microsoft.windows.gdiplus_6595b64144ccf1df_1.1.7601.17514_none_2b24536c71ed437a\gdiplus.dll
0x000007fefb190000 - 0x000007fefb2ba000 	C:\Windows\system32\WindowsCodecs.dll
0x000007fefa3c0000 - 0x000007fefa3d1000 	C:\Users\Tung\.Xilinx\SDK\2015.2\org.eclipse.osgi\bundles\116\1\.cp\jWinHttp-1.0.0.dll
0x000007fef9860000 - 0x000007fef98d1000 	C:\Windows\system32\WINHTTP.dll
0x000007fef97f0000 - 0x000007fef9854000 	C:\Windows\system32\webio.dll
0x000007fefcde0000 - 0x000007fefce05000 	C:\Windows\system32\SspiCli.dll
0x000007fefc3e0000 - 0x000007fefc3ea000 	C:\Windows\system32\credssp.dll
0x000007fefd2d0000 - 0x000007fefd306000 	C:\Windows\system32\CFGMGR32.dll
0x000007fefa4a0000 - 0x000007fefa4f4000 	C:\Windows\system32\oleacc.dll
0x000007fefb0d0000 - 0x000007fefb10b000 	C:\Windows\system32\mlang.dll
0x000007fefcf60000 - 0x000007fefcf74000 	C:\Windows\system32\RpcRtRemote.dll
0x000007fefce10000 - 0x000007fefce67000 	C:\Windows\system32\apphelp.dll
0x000007feeccf0000 - 0x000007feed8a7000 	C:\Windows\System32\ieframe.dll
0x0000000180000000 - 0x0000000180012000 	C:\Users\Tung\.Xilinx\SDK\2015.2\org.eclipse.osgi\bundles\113\1\.cp\os\win32\x86_64\localfile_1_0_0.dll
0x000007fefce80000 - 0x000007fefcf11000 	C:\Windows\system32\SXS.DLL
0x000007fec4080000 - 0x000007fec4918000 	C:\Windows\System32\mshtml.dll
0x000007fef0d90000 - 0x000007fef0dcb000 	C:\Windows\System32\msls31.dll
0x000007fefbc20000 - 0x000007fefbc4d000 	C:\Windows\system32\ntmarta.dll
0x000007fefd350000 - 0x000007fefd3a2000 	C:\Windows\system32\WLDAP32.dll
0x000007feefa70000 - 0x000007feefa7e000 	C:\Windows\system32\msimtf.dll
0x000007fefb8f0000 - 0x000007fefb93b000 	C:\Windows\system32\MMDevAPI.DLL
0x000007fefac40000 - 0x000007fefac7b000 	C:\Windows\system32\wdmaud.drv
0x0000000074d40000 - 0x0000000074d46000 	C:\Windows\system32\ksuser.dll
0x000007fefb7b0000 - 0x000007fefb7b9000 	C:\Windows\system32\AVRT.dll
0x000007fefd580000 - 0x000007fefd757000 	C:\Windows\system32\SETUPAPI.dll
0x000007fefd030000 - 0x000007fefd04a000 	C:\Windows\system32\DEVOBJ.dll
0x000007fefab80000 - 0x000007fefabcf000 	C:\Windows\system32\AUDIOSES.DLL
0x000007fefaa20000 - 0x000007fefaa2a000 	C:\Windows\system32\msacm32.drv
0x000007fefaa00000 - 0x000007fefaa18000 	C:\Windows\system32\MSACM32.dll
0x000007fefa9b0000 - 0x000007fefa9b9000 	C:\Windows\system32\midimap.dll
0x000007feef560000 - 0x000007feef571000 	C:\Windows\system32\ImgUtil.dll
0x000007feea750000 - 0x000007feea763000 	C:\Windows\System32\pngfilt.dll
0x000007feeadc0000 - 0x000007feeadd0000 	C:\Xilinx\SDK\2015.2\lib\win64.o\librdi_repo_manager.dll
0x000007feeaa60000 - 0x000007feeaa8a000 	C:\Xilinx\SDK\2015.2\lib\win64.o\libisl_sysinfo.dll
0x000007feef240000 - 0x000007feef314000 	C:\Windows\system32\MSVCR110.dll
0x000007feef150000 - 0x000007feef1f7000 	C:\Windows\system32\MSVCP110.dll
0x000007fec9390000 - 0x000007fec9cd3000 	C:\Xilinx\SDK\2015.2\lib\win64.o\librdi_common.dll
0x000007fec90e0000 - 0x000007fec9388000 	C:\Xilinx\SDK\2015.2\lib\win64.o\libCOIN-all.dll
0x000007fec8ec0000 - 0x000007fec90e0000 	C:\Xilinx\SDK\2015.2\lib\win64.o\libXil_lmgr11.dll
0x000007fefb030000 - 0x000007fefb046000 	C:\Windows\system32\NETAPI32.dll
0x000007fefb020000 - 0x000007fefb02c000 	C:\Windows\system32\netutils.dll
0x000007fefcab0000 - 0x000007fefcad3000 	C:\Windows\system32\srvcli.dll
0x000007fefb000000 - 0x000007fefb015000 	C:\Windows\system32\wkscli.dll
0x000007fefd310000 - 0x000007fefd34a000 	C:\Windows\system32\WINTRUST.dll
0x000007fefb080000 - 0x000007fefb090000 	C:\Xilinx\SDK\2015.2\lib\win64.o\libboost_date_time.dll
0x000007feeaf20000 - 0x000007feeaf42000 	C:\Xilinx\SDK\2015.2\lib\win64.o\libboost_filesystem.dll
0x000007fefa840000 - 0x000007fefa849000 	C:\Xilinx\SDK\2015.2\lib\win64.o\libboost_system.dll
0x000007feeaea0000 - 0x000007feeaf14000 	C:\Xilinx\SDK\2015.2\lib\win64.o\libboost_program_options.dll
0x000007feeaac0000 - 0x000007feeabba000 	C:\Xilinx\SDK\2015.2\lib\win64.o\libboost_regex.dll
0x000007fef5930000 - 0x000007fef5943000 	C:\Xilinx\SDK\2015.2\lib\win64.o\libboost_signals.dll
0x000007feef520000 - 0x000007feef53d000 	C:\Xilinx\SDK\2015.2\lib\win64.o\libboost_thread.dll
0x000007fef6350000 - 0x000007fef635b000 	C:\Xilinx\SDK\2015.2\lib\win64.o\libboost_chrono.dll
0x000007feeae20000 - 0x000007feeaea0000 	C:\Xilinx\SDK\2015.2\lib\win64.o\libhdlpsolve.dll
0x000007fee9a70000 - 0x000007fee9b0a000 	C:\Xilinx\SDK\2015.2\lib\win64.o\libhdxml.dll
0x000007fec88b0000 - 0x000007fec8eba200 	C:\Xilinx\SDK\2015.2\lib\win64.o\libisl_iostreams.dll
0x000007feeae00000 - 0x000007feeae16000 	C:\Xilinx\SDK\2015.2\lib\win64.o\libboost_iostreams.dll
0x000007feeadd0000 - 0x000007feeadf3000 	C:\Xilinx\SDK\2015.2\lib\win64.o\librdizlib.dll
0x000007feeaa90000 - 0x000007feeaab3000 	C:\Xilinx\SDK\2015.2\lib\win64.o\libisl_iosutils.dll
0x000007fefafa0000 - 0x000007fefafb5000 	C:\Xilinx\SDK\2015.2\lib\win64.o\pthreadVC2.dll
0x000007fee9a10000 - 0x000007fee9a64000 	C:\Xilinx\SDK\2015.2\lib\win64.o\librdi_commonxillic.dll
0x000007fec8780000 - 0x000007fec88b0000 	C:\Xilinx\SDK\2015.2\lib\win64.o\librdi_curl.dll
0x000007feeaa40000 - 0x000007feeaa58000 	C:\Xilinx\SDK\2015.2\lib\win64.o\librdiconfig.dll
0x000000006d9b0000 - 0x000000006dad7000 	C:\Xilinx\SDK\2015.2\lib\win64.o\tcl85t.dll

VM Arguments:
jvm_args: -Dcom.xilinx.sdk.args.hwspec=C:/Users/Tung/Desktop/vdma_hdmi_conv_v1/axi_conv_fp_3x3/axi_conv_fp_3x3.sdk/design_1_wrapper.hdf -Xms64m -Xmx512m & 
java_command: <unknown>
java_class_path (initial): C:\Xilinx\SDK\2015.2\eclipse\win64.o\\plugins/org.eclipse.equinox.launcher_1.3.0.v20130327-1440.jar
Launcher Type: generic

Environment Variables:
USERNAME=Tung
OS=Windows_NT
PROCESSOR_IDENTIFIER=Intel64 Family 6 Model 60 Stepping 3, GenuineIntel



---------------  S Y S T E M  ---------------

OS: Windows 7 , 64 bit Build 7601 Service Pack 1

CPU:total 4 (4 cores per cpu, 1 threads per core) family 6 model 60 stepping 3, cmov, cx8, fxsr, mmx, sse, sse2, sse3, ssse3, sse4.1, sse4.2, popcnt, avx, avx2, aes, clmul, erms, lzcnt, tsc, tscinvbit, bmi1, bmi2

Memory: 4k page, physical 4110972k(1714324k free), swap 8220100k(4698648k free)

vm_info: Java HotSpot(TM) 64-Bit Server VM (25.25-b02) for windows-amd64 JRE (1.8.0_25-b18), built on Oct  7 2014 14:25:37 by "java_re" with MS VC++ 10.0 (VS2010)

time: Mon Aug 20 11:31:21 2018
elapsed time: 183 seconds (0d 0h 3m 3s)

