#
# A fatal error has been detected by the Java Runtime Environment:
#
#  Internal Error (0xc000000d), pid=3088, tid=2548
#
# JRE version: Java(TM) SE Runtime Environment (8.0_25-b18) (build 1.8.0_25-b18)
# Java VM: Java HotSpot(TM) 64-Bit Server VM (25.25-b02 mixed mode windows-amd64 compressed oops)
# Problematic frame:
# C  [ntdll.dll+0x7a291]
#
# Failed to write core dump. Minidumps are not enabled by default on client versions of Windows
#
# If you would like to submit a bug report, please visit:
#   http://bugreport.sun.com/bugreport/crash.jsp
#

---------------  T H R E A D  ---------------

Current thread (0x0000000013b56000):  VMThread [stack: 0x0000000014bc0000,0x0000000014cc0000] [id=2548]

siginfo: ExceptionCode=0xc000000d

Registers:
RAX=0x000000006313108b, RBX=0x0000000000000000, RCX=0x0000000014cbed10, RDX=0x0000000000000000
RSP=0x0000000014cbf320, RBP=0x000000002567f660, RSI=0x000007feeb867408, RDI=0x0000000014cbf468
R8 =0x0000000000000000, R9 =0x0000000000000000, R10=0x0000000000000000, R11=0x0000000000000246
R12=0x0000000023585890, R13=0x0000000023585850, R14=0x000000002567f768, R15=0x0000000000000000
RIP=0x00000000772da291, EFLAGS=0x0000000000000206

Top of Stack: (sp=0x0000000014cbf320)
0x0000000014cbf320:   0000000000000000 000007feeb867408
0x0000000014cbf330:   0000000014cbf468 000000000028026c
0x0000000014cbf340:   0000000000280230 000000000000005d
0x0000000014cbf350:   0000000000000000 00df000000000000
0x0000000014cbf360:   0011000000000002 000000002a8e0101
0x0000000014cbf370:   00000000c000000d 0000000000000000
0x0000000014cbf380:   00000000772da291 0000000000000000
0x0000000014cbf390:   0000000000000000 0000000000000000
0x0000000014cbf3a0:   0000000000000000 0000000000000000
0x0000000014cbf3b0:   0000000000000000 0000000000000000
0x0000000014cbf3c0:   0000000000000000 0000000000000000
0x0000000014cbf3d0:   0000000000000000 0000000000000000
0x0000000014cbf3e0:   0000000000000000 0000000000000000
0x0000000014cbf3f0:   0000000000000000 0000000000000000
0x0000000014cbf400:   0000000000000000 0000000077162fd1
0x0000000014cbf410:   0000000000000be4 0000000077182fe8 

Instructions: (pc=0x00000000772da291)
0x00000000772da271:   5b 8c fd ff b9 57 00 00 00 c7 44 24 50 0d 00 00
0x00000000772da281:   c0 e8 49 8f fd ff 48 8d 4c 24 50 e8 cf f2 f9 ff
0x00000000772da291:   4c 8b 1d 40 81 0b 00 4d 85 db 74 5b 65 48 8b 04
0x00000000772da2a1:   25 30 00 00 00 f6 80 ee 17 00 00 08 74 12 65 48 


Register to memory mapping:

RAX=0x000000006313108b is an unknown value
RBX=0x0000000000000000 is an unknown value
RCX=0x0000000014cbed10 is an unknown value
RDX=0x0000000000000000 is an unknown value
RSP=0x0000000014cbf320 is an unknown value
RBP=0x000000002567f660 is an unknown value
RSI=0x000007feeb867408 is an unknown value
RDI=0x0000000014cbf468 is an unknown value
R8 =0x0000000000000000 is an unknown value
R9 =0x0000000000000000 is an unknown value
R10=0x0000000000000000 is an unknown value
R11=0x0000000000000246 is an unknown value
R12=0x0000000023585890 is an unknown value
R13=0x0000000023585850 is an unknown value
R14=0x000000002567f768 is an unknown value
R15=0x0000000000000000 is an unknown value


Stack: [0x0000000014bc0000,0x0000000014cc0000],  sp=0x0000000014cbf320,  free space=1020k
Native frames: (J=compiled Java code, j=interpreted, Vv=VM code, C=native code)
C  [ntdll.dll+0x7a291]
C  [kernel32.dll+0x42fe8]
C  [MSVCR110.dll+0x752d]
C  [MSVCR110.dll+0x14cde]
C  [MSVCR110.dll+0x13edc]
C  [MSVCR110.dll+0x239e]
C  [MSVCR110.dll+0xaf9e]
C  [MSVCP110.dll+0x397b9]
C  [librdi_common.dll+0x135d02]
C  [librdi_common.dll+0x13447b]
C  0x000007feea650904
C  0x000007feea650b86
C  [ntdll.dll+0x24371]
C  [ntdll.dll+0x24180]
C  [MSVCR100.dll+0x20ccd]
V  [jvm.dll+0x1f9c55]
V  [jvm.dll+0x2325e7]
V  [jvm.dll+0x231826]
V  [jvm.dll+0x231cc1]
V  [jvm.dll+0x231ede]
V  [jvm.dll+0x2852fa]
C  [MSVCR100.dll+0x21d9f]
C  [MSVCR100.dll+0x21e3b]
C  [kernel32.dll+0x1652d]
C  [ntdll.dll+0x2c521]

VM_Operation (0x000000000012f500): Exit, mode: safepoint, requested by thread 0x0000000002528000


---------------  P R O C E S S  ---------------

Java Threads: ( => current thread )
  0x000000001b295000 JavaThread "Thread-13" daemon [_thread_blocked, id=4308, stack(0x00000000207f0000,0x00000000208f0000)]
  0x000000001aec4000 JavaThread "TCF Locator DNS Lookup" daemon [_thread_blocked, id=3204, stack(0x000000001c280000,0x000000001c380000)]
  0x000000001aec3800 JavaThread "TCF Locator Timer" daemon [_thread_blocked, id=4412, stack(0x000000001c180000,0x000000001c280000)]
  0x000000001aec2800 JavaThread "TCF Locator Receiver" daemon [_thread_in_native, id=1852, stack(0x000000001c080000,0x000000001c180000)]
  0x000000001aec0000 JavaThread "TCF Timer Dispatcher" daemon [_thread_blocked, id=2284, stack(0x000000001be80000,0x000000001bf80000)]
  0x0000000017646000 JavaThread "EMF Reference Cleaner" daemon [_thread_blocked, id=4472, stack(0x00000000197c0000,0x00000000198c0000)]
  0x0000000015227800 JavaThread "Service Thread" daemon [_thread_blocked, id=3212, stack(0x00000000157c0000,0x00000000158c0000)]
  0x00000000151c1000 JavaThread "C1 CompilerThread2" daemon [_thread_blocked, id=4712, stack(0x00000000156c0000,0x00000000157c0000)]
  0x0000000013bcf000 JavaThread "C2 CompilerThread1" daemon [_thread_blocked, id=4552, stack(0x00000000155c0000,0x00000000156c0000)]
  0x0000000013bca000 JavaThread "C2 CompilerThread0" daemon [_thread_blocked, id=3364, stack(0x00000000150c0000,0x00000000151c0000)]
  0x0000000013bc7000 JavaThread "Attach Listener" daemon [_thread_blocked, id=4972, stack(0x0000000014fc0000,0x00000000150c0000)]
  0x0000000013bc5800 JavaThread "Signal Dispatcher" daemon [_thread_blocked, id=4992, stack(0x0000000014ec0000,0x0000000014fc0000)]
  0x0000000013b63000 JavaThread "Finalizer" daemon [_thread_blocked, id=4888, stack(0x0000000014dc0000,0x0000000014ec0000)]
  0x0000000013b5a000 JavaThread "Reference Handler" daemon [_thread_blocked, id=4280, stack(0x0000000014cc0000,0x0000000014dc0000)]
  0x0000000002528000 JavaThread "main" [_thread_blocked, id=5064, stack(0x0000000000030000,0x0000000000130000)]

Other Threads:
=>0x0000000013b56000 VMThread [stack: 0x0000000014bc0000,0x0000000014cc0000] [id=2548]

VM state:at safepoint (shutting down)

VM Mutex/Monitor currently owned by a thread:  ([mutex/lock_event])
[0x000000000266df20] Threads_lock - owner thread: 0x0000000013b56000

Heap:
 PSYoungGen      total 109056K, used 81736K [0x00000000f5580000, 0x00000000fe000000, 0x0000000100000000)
  eden space 83968K, 90% used [0x00000000f5580000,0x00000000f9fc7218,0x00000000fa780000)
  from space 25088K, 22% used [0x00000000fa780000,0x00000000fad0aee0,0x00000000fc000000)
  to   space 25088K, 0% used [0x00000000fc780000,0x00000000fc780000,0x00000000fe000000)
 ParOldGen       total 98816K, used 43303K [0x00000000e0000000, 0x00000000e6080000, 0x00000000f5580000)
  object space 98816K, 43% used [0x00000000e0000000,0x00000000e2a49ee8,0x00000000e6080000)
 Metaspace       used 75141K, capacity 80876K, committed 81112K, reserved 1120256K
  class space    used 9302K, capacity 11125K, committed 11224K, reserved 1048576K

Card table byte_map: [0x0000000011b10000,0x0000000011c20000] byte_map_base: 0x0000000011410000

Marking Bits: (ParMarkBitMap*) 0x000000006fded490
 Begin Bits: [0x00000000120d0000, 0x00000000128d0000)
 End Bits:   [0x00000000128d0000, 0x00000000130d0000)

Polling page: 0x0000000000220000

CodeCache: size=245760Kb used=28284Kb max_used=28284Kb free=217475Kb
 bounds [0x0000000002750000, 0x0000000004320000, 0x0000000011750000]
 total_blobs=8864 nmethods=8023 adapters=750
 compilation: enabled

Compilation events (10 events):
Event: 157.515 Thread 0x00000000151c1000 nmethod 9547 0x0000000003f744d0 code [0x0000000003f748c0, 0x0000000003f76e38]
Event: 157.515 Thread 0x00000000151c1000 9549   !   3       org.eclipse.osgi.internal.serviceregistry.ServiceUse::ungetService (232 bytes)
Event: 157.516 Thread 0x00000000151c1000 nmethod 9549 0x0000000004315a90 code [0x0000000004315f40, 0x0000000004318eb8]
Event: 157.541 Thread 0x0000000013bca000 nmethod 9545 0x000000000431a450 code [0x000000000431a7a0, 0x000000000431cdd0]
Event: 157.549 Thread 0x00000000151c1000 9551       3       java.io.File::list (33 bytes)
Event: 157.550 Thread 0x00000000151c1000 nmethod 9551 0x0000000003b12710 code [0x0000000003b128e0, 0x0000000003b13008]
Event: 157.563 Thread 0x00000000151c1000 9552   !   3       org.eclipse.osgi.internal.baseadaptor.BaseStorage::compact (215 bytes)
Event: 157.564 Thread 0x00000000151c1000 nmethod 9552 0x0000000003f70850 code [0x0000000003f70c80, 0x0000000003f730e8]
Event: 157.579 Thread 0x00000000151c1000 9553       3       org.eclipse.osgi.framework.internal.core.AbstractBundle::close (52 bytes)
Event: 157.579 Thread 0x00000000151c1000 nmethod 9553 0x0000000003ed1050 code [0x0000000003ed1280, 0x0000000003ed1f68]

GC Heap History (10 events):
Event: 28.610 GC heap before
{Heap before GC invocations=15 (full 3):
 PSYoungGen      total 85504K, used 85498K [0x00000000f5580000, 0x00000000fce80000, 0x0000000100000000)
  eden space 66560K, 100% used [0x00000000f5580000,0x00000000f9680000,0x00000000f9680000)
  from space 18944K, 99% used [0x00000000f9680000,0x00000000fa8fe928,0x00000000fa900000)
  to   space 23040K, 0% used [0x00000000fb800000,0x00000000fb800000,0x00000000fce80000)
 ParOldGen       total 98816K, used 33571K [0x00000000e0000000, 0x00000000e6080000, 0x00000000f5580000)
  object space 98816K, 33% used [0x00000000e0000000,0x00000000e20c8c78,0x00000000e6080000)
 Metaspace       used 70538K, capacity 76094K, committed 76376K, reserved 1116160K
  class space    used 8822K, capacity 10516K, committed 10584K, reserved 1048576K
Event: 28.621 GC heap after
Heap after GC invocations=15 (full 3):
 PSYoungGen      total 98816K, used 17800K [0x00000000f5580000, 0x00000000fce80000, 0x0000000100000000)
  eden space 75776K, 0% used [0x00000000f5580000,0x00000000f5580000,0x00000000f9f80000)
  from space 23040K, 77% used [0x00000000fb800000,0x00000000fc9621e0,0x00000000fce80000)
  to   space 24064K, 0% used [0x00000000f9f80000,0x00000000f9f80000,0x00000000fb700000)
 ParOldGen       total 98816K, used 33579K [0x00000000e0000000, 0x00000000e6080000, 0x00000000f5580000)
  object space 98816K, 33% used [0x00000000e0000000,0x00000000e20cac78,0x00000000e6080000)
 Metaspace       used 70538K, capacity 76094K, committed 76376K, reserved 1116160K
  class space    used 8822K, capacity 10516K, committed 10584K, reserved 1048576K
}
Event: 52.771 GC heap before
{Heap before GC invocations=16 (full 3):
 PSYoungGen      total 98816K, used 93576K [0x00000000f5580000, 0x00000000fce80000, 0x0000000100000000)
  eden space 75776K, 100% used [0x00000000f5580000,0x00000000f9f80000,0x00000000f9f80000)
  from space 23040K, 77% used [0x00000000fb800000,0x00000000fc9621e0,0x00000000fce80000)
  to   space 24064K, 0% used [0x00000000f9f80000,0x00000000f9f80000,0x00000000fb700000)
 ParOldGen       total 98816K, used 33579K [0x00000000e0000000, 0x00000000e6080000, 0x00000000f5580000)
  object space 98816K, 33% used [0x00000000e0000000,0x00000000e20cac78,0x00000000e6080000)
 Metaspace       used 71331K, capacity 76968K, committed 77144K, reserved 1116160K
  class space    used 8854K, capacity 10549K, committed 10584K, reserved 1048576K
Event: 52.780 GC heap after
Heap after GC invocations=16 (full 3):
 PSYoungGen      total 99840K, used 16406K [0x00000000f5580000, 0x00000000fd800000, 0x0000000100000000)
  eden space 75776K, 0% used [0x00000000f5580000,0x00000000f5580000,0x00000000f9f80000)
  from space 24064K, 68% used [0x00000000f9f80000,0x00000000faf85a40,0x00000000fb700000)
  to   space 24576K, 0% used [0x00000000fc000000,0x00000000fc000000,0x00000000fd800000)
 ParOldGen       total 98816K, used 33587K [0x00000000e0000000, 0x00000000e6080000, 0x00000000f5580000)
  object space 98816K, 33% used [0x00000000e0000000,0x00000000e20ccc78,0x00000000e6080000)
 Metaspace       used 71331K, capacity 76968K, committed 77144K, reserved 1116160K
  class space    used 8854K, capacity 10549K, committed 10584K, reserved 1048576K
}
Event: 75.767 GC heap before
{Heap before GC invocations=17 (full 3):
 PSYoungGen      total 99840K, used 31770K [0x00000000f5580000, 0x00000000fd800000, 0x0000000100000000)
  eden space 75776K, 20% used [0x00000000f5580000,0x00000000f6481068,0x00000000f9f80000)
  from space 24064K, 68% used [0x00000000f9f80000,0x00000000faf85a40,0x00000000fb700000)
  to   space 24576K, 0% used [0x00000000fc000000,0x00000000fc000000,0x00000000fd800000)
 ParOldGen       total 98816K, used 33587K [0x00000000e0000000, 0x00000000e6080000, 0x00000000f5580000)
  object space 98816K, 33% used [0x00000000e0000000,0x00000000e20ccc78,0x00000000e6080000)
 Metaspace       used 71538K, capacity 77160K, committed 77400K, reserved 1116160K
  class space    used 8856K, capacity 10549K, committed 10584K, reserved 1048576K
Event: 75.778 GC heap after
Heap after GC invocations=17 (full 3):
 PSYoungGen      total 108544K, used 17028K [0x00000000f5580000, 0x00000000fd900000, 0x0000000100000000)
  eden space 83968K, 0% used [0x00000000f5580000,0x00000000f5580000,0x00000000fa780000)
  from space 24576K, 69% used [0x00000000fc000000,0x00000000fd0a13d0,0x00000000fd800000)
  to   space 25088K, 0% used [0x00000000fa780000,0x00000000fa780000,0x00000000fc000000)
 ParOldGen       total 98816K, used 33595K [0x00000000e0000000, 0x00000000e6080000, 0x00000000f5580000)
  object space 98816K, 33% used [0x00000000e0000000,0x00000000e20cec78,0x00000000e6080000)
 Metaspace       used 71538K, capacity 77160K, committed 77400K, reserved 1116160K
  class space    used 8856K, capacity 10549K, committed 10584K, reserved 1048576K
}
Event: 75.778 GC heap before
{Heap before GC invocations=18 (full 4):
 PSYoungGen      total 108544K, used 17028K [0x00000000f5580000, 0x00000000fd900000, 0x0000000100000000)
  eden space 83968K, 0% used [0x00000000f5580000,0x00000000f5580000,0x00000000fa780000)
  from space 24576K, 69% used [0x00000000fc000000,0x00000000fd0a13d0,0x00000000fd800000)
  to   space 25088K, 0% used [0x00000000fa780000,0x00000000fa780000,0x00000000fc000000)
 ParOldGen       total 98816K, used 33595K [0x00000000e0000000, 0x00000000e6080000, 0x00000000f5580000)
  object space 98816K, 33% used [0x00000000e0000000,0x00000000e20cec78,0x00000000e6080000)
 Metaspace       used 71538K, capacity 77160K, committed 77400K, reserved 1116160K
  class space    used 8856K, capacity 10549K, committed 10584K, reserved 1048576K
Event: 76.051 GC heap after
Heap after GC invocations=18 (full 4):
 PSYoungGen      total 108544K, used 0K [0x00000000f5580000, 0x00000000fd900000, 0x0000000100000000)
  eden space 83968K, 0% used [0x00000000f5580000,0x00000000f5580000,0x00000000fa780000)
  from space 24576K, 0% used [0x00000000fc000000,0x00000000fc000000,0x00000000fd800000)
  to   space 25088K, 0% used [0x00000000fa780000,0x00000000fa780000,0x00000000fc000000)
 ParOldGen       total 98816K, used 43295K [0x00000000e0000000, 0x00000000e6080000, 0x00000000f5580000)
  object space 98816K, 43% used [0x00000000e0000000,0x00000000e2a47ee8,0x00000000e6080000)
 Metaspace       used 71538K, capacity 77160K, committed 77400K, reserved 1116160K
  class space    used 8856K, capacity 10549K, committed 10584K, reserved 1048576K
}
Event: 127.850 GC heap before
{Heap before GC invocations=19 (full 4):
 PSYoungGen      total 108544K, used 82113K [0x00000000f5580000, 0x00000000fd900000, 0x0000000100000000)
  eden space 83968K, 97% used [0x00000000f5580000,0x00000000fa5b0450,0x00000000fa780000)
  from space 24576K, 0% used [0x00000000fc000000,0x00000000fc000000,0x00000000fd800000)
  to   space 25088K, 0% used [0x00000000fa780000,0x00000000fa780000,0x00000000fc000000)
 ParOldGen       total 98816K, used 43295K [0x00000000e0000000, 0x00000000e6080000, 0x00000000f5580000)
  object space 98816K, 43% used [0x00000000e0000000,0x00000000e2a47ee8,0x00000000e6080000)
 Metaspace       used 73854K, capacity 79642K, committed 79960K, reserved 1118208K
  class space    used 9189K, capacity 10994K, committed 11096K, reserved 1048576K
Event: 127.855 GC heap after
Heap after GC invocations=19 (full 4):
 PSYoungGen      total 109056K, used 5675K [0x00000000f5580000, 0x00000000fe000000, 0x0000000100000000)
  eden space 83968K, 0% used [0x00000000f5580000,0x00000000f5580000,0x00000000fa780000)
  from space 25088K, 22% used [0x00000000fa780000,0x00000000fad0aee0,0x00000000fc000000)
  to   space 25088K, 0% used [0x00000000fc780000,0x00000000fc780000,0x00000000fe000000)
 ParOldGen       total 98816K, used 43303K [0x00000000e0000000, 0x00000000e6080000, 0x00000000f5580000)
  object space 98816K, 43% used [0x00000000e0000000,0x00000000e2a49ee8,0x00000000e6080000)
 Metaspace       used 73854K, capacity 79642K, committed 79960K, reserved 1118208K
  class space    used 9189K, capacity 10994K, committed 11096K, reserved 1048576K
}

Deoptimization events (10 events):
Event: 156.360 Thread 0x0000000002528000 Uncommon trap: reason=class_check action=maybe_recompile pc=0x0000000002f26b48 method=org.eclipse.emf.common.util.BasicEMap.ensureEntryDataExists()V @ 37
Event: 156.398 Thread 0x0000000002528000 Uncommon trap: reason=bimorphic action=maybe_recompile pc=0x0000000004256f64 method=org.eclipse.emf.ecore.impl.ETypedElementImpl.getEType()Lorg/eclipse/emf/ecore/EClassifier; @ 18
Event: 156.398 Thread 0x0000000002528000 Uncommon trap: reason=bimorphic action=maybe_recompile pc=0x0000000004256f64 method=org.eclipse.emf.ecore.impl.ETypedElementImpl.getEType()Lorg/eclipse/emf/ecore/EClassifier; @ 18
Event: 156.418 Thread 0x0000000002528000 Uncommon trap: reason=class_check action=maybe_recompile pc=0x000000000425f3f8 method=org.eclipse.e4.core.internal.contexts.TrackableComputationExt.update(Lorg/eclipse/e4/core/internal/contexts/ContextChangeEvent;)Z @ 62
Event: 156.418 Thread 0x0000000002528000 Uncommon trap: reason=class_check action=maybe_recompile pc=0x000000000425f3f8 method=org.eclipse.e4.core.internal.contexts.TrackableComputationExt.update(Lorg/eclipse/e4/core/internal/contexts/ContextChangeEvent;)Z @ 62
Event: 156.418 Thread 0x0000000002528000 Uncommon trap: reason=class_check action=maybe_recompile pc=0x000000000425f3f8 method=org.eclipse.e4.core.internal.contexts.TrackableComputationExt.update(Lorg/eclipse/e4/core/internal/contexts/ContextChangeEvent;)Z @ 62
Event: 156.947 Thread 0x0000000002528000 Uncommon trap: reason=unreached action=reinterpret pc=0x0000000003c114bc method=org.eclipse.core.internal.localstore.FileSystemResourceManager.getStoreRoot(Lorg/eclipse/core/resources/IResource;)Lorg/eclipse/core/internal/localstore/FileStoreRoot; @ 17
Event: 156.947 Thread 0x0000000002528000 Uncommon trap: reason=unreached action=reinterpret pc=0x0000000003d81064 method=org.eclipse.core.internal.localstore.FileStoreRoot.getManager(Lorg/eclipse/core/runtime/IPath;)Lorg/eclipse/core/resources/IPathVariableManager; @ 18
Event: 156.947 Thread 0x0000000002528000 Uncommon trap: reason=unreached action=reinterpret pc=0x0000000003d6d6d4 method=org.eclipse.core.internal.localstore.FileStoreRoot.getManager(Lorg/eclipse/core/runtime/IPath;)Lorg/eclipse/core/resources/IPathVariableManager; @ 18
Event: 157.483 Thread 0x0000000002528000 Uncommon trap: reason=null_check action=make_not_entrant pc=0x0000000003111cac method=org.eclipse.core.runtime.internal.adaptor.EclipseLazyStarter.shouldActivateFor(Ljava/lang/String;Lorg/eclipse/osgi/baseadaptor/BaseData;Lorg/eclipse/core/runtime/internalˆ†‰‹c@

Internal exceptions (10 events):
Event: 155.718 Thread 0x0000000017087000 Exception <a 'java/net/SocketException': Connection reset by peer: socket write error> (0x00000000f8a19450) thrown at [D:\re\workspace\8-2-build-windows-amd64-cygwin\jdk8u25\1677\hotspot\src\share\vm\prims\jni.cpp, line 742]
Event: 155.719 Thread 0x000000001aec6800 Exception <a 'java/lang/InterruptedException'> (0x00000000f8a2f570) thrown at [D:\re\workspace\8-2-build-windows-amd64-cygwin\jdk8u25\1677\hotspot\src\share\vm\runtime\objectMonitor.cpp, line 1682]
Event: 155.719 Thread 0x0000000017087000 Exception <a 'java/net/SocketException': Socket closed> (0x00000000f8a75558) thrown at [D:\re\workspace\8-2-build-windows-amd64-cygwin\jdk8u25\1677\hotspot\src\share\vm\prims\jni.cpp, line 742]
Event: 156.168 Thread 0x0000000016cb6000 Exception <a 'java/lang/InterruptedException'> (0x00000000f82fbda0) thrown at [D:\re\workspace\8-2-build-windows-amd64-cygwin\jdk8u25\1677\hotspot\src\share\vm\runtime\objectMonitor.cpp, line 1682]
Event: 156.448 Thread 0x000000001b293800 Exception <a 'java/lang/InterruptedException'> (0x00000000f76db120) thrown at [D:\re\workspace\8-2-build-windows-amd64-cygwin\jdk8u25\1677\hotspot\src\share\vm\runtime\objectMonitor.cpp, line 1682]
Event: 157.483 Thread 0x0000000002528000 Implicit null exception at 0x0000000003110867 to 0x0000000003111ca1
Event: 157.513 Thread 0x00000000161bd000 Exception <a 'java/lang/InterruptedException': sleep interrupted> (0x00000000f9d3a000) thrown at [D:\re\workspace\8-2-build-windows-amd64-cygwin\jdk8u25\1677\hotspot\src\share\vm\prims\jvm.cpp, line 3141]
Event: 157.514 Thread 0x0000000016cb2800 Exception <a 'java/lang/InterruptedException'> (0x00000000f9e0be68) thrown at [D:\re\workspace\8-2-build-windows-amd64-cygwin\jdk8u25\1677\hotspot\src\share\vm\runtime\objectMonitor.cpp, line 1682]
Event: 157.515 Thread 0x0000000015dc0000 Exception <a 'java/lang/InterruptedException'> (0x00000000f9e35e40) thrown at [D:\re\workspace\8-2-build-windows-amd64-cygwin\jdk8u25\1677\hotspot\src\share\vm\runtime\objectMonitor.cpp, line 1682]
Event: 157.579 Thread 0x0000000015e76800 Exception <a 'java/lang/InterruptedException'> (0x00000000f9d395b8) thrown at [D:\re\workspace\8-2-build-windows-amd64-cygwin\jdk8u25\1677\hotspot\src\share\vm\runtime\objectMonitor.cpp, line 1682]

Events (10 events):
Event: 157.515 Thread 0x0000000015dc0000 Thread exited: 0x0000000015dc0000
Event: 157.579 Thread 0x0000000015e76800 Thread exited: 0x0000000015e76800
Event: 157.579 Thread 0x0000000016075000 Thread exited: 0x0000000016075000
Event: 157.579 loading class java/util/IdentityHashMap$KeyIterator
Event: 157.579 loading class java/util/IdentityHashMap$IdentityHashMapIterator
Event: 157.579 loading class java/util/IdentityHashMap$IdentityHashMapIterator done
Event: 157.579 loading class java/util/IdentityHashMap$KeyIterator done
Event: 157.579 Thread 0x0000000016cb2800 Thread added: 0x0000000016cb2800
Event: 157.579 Thread 0x0000000016cb2800 Thread exited: 0x0000000016cb2800
Event: 157.580 Executing VM operation: Exit


Dynamic libraries:
0x0000000000400000 - 0x000000000044f000 	C:\Xilinx\SDK\2015.2\eclipse\win64.o\eclipse.exe
0x0000000077260000 - 0x0000000077409000 	C:\Windows\SYSTEM32\ntdll.dll
0x0000000077140000 - 0x000000007725f000 	C:\Windows\system32\kernel32.dll
0x000007fefd2c0000 - 0x000007fefd32b000 	C:\Windows\system32\KERNELBASE.dll
0x0000000077040000 - 0x000000007713a000 	C:\Windows\system32\USER32.dll
0x000007fefda70000 - 0x000007fefdad7000 	C:\Windows\system32\GDI32.dll
0x000007fefd800000 - 0x000007fefd80e000 	C:\Windows\system32\LPK.dll
0x000007feff3c0000 - 0x000007feff489000 	C:\Windows\system32\USP10.dll
0x000007fefd5e0000 - 0x000007fefd67f000 	C:\Windows\system32\msvcrt.dll
0x000007fefba70000 - 0x000007fefbc64000 	C:\Windows\WinSxS\amd64_microsoft.windows.common-controls_6595b64144ccf1df_6.0.7601.17514_none_fa396087175ac9ac\COMCTL32.dll
0x000007feff4e0000 - 0x000007feff551000 	C:\Windows\system32\SHLWAPI.dll
0x000007feff390000 - 0x000007feff3be000 	C:\Windows\system32\IMM32.DLL
0x000007fefdae0000 - 0x000007fefdbe9000 	C:\Windows\system32\MSCTF.dll
0x0000000072000000 - 0x0000000072012000 	C:\Xilinx\SDK\2015.2\eclipse\win64.o\plugins\org.eclipse.equinox.launcher.win32.win32.x86_64_1.1.200.v20140116-2212\eclipse_1503.dll
0x000007fefd8b0000 - 0x000007fefd98b000 	C:\Windows\system32\ADVAPI32.dll
0x000007fefdc70000 - 0x000007fefdc8f000 	C:\Windows\SYSTEM32\sechost.dll
0x000007feff260000 - 0x000007feff38d000 	C:\Windows\system32\RPCRT4.dll
0x000007fefc310000 - 0x000007fefc31c000 	C:\Windows\system32\VERSION.dll
0x000007fefbf60000 - 0x000007fefbfb6000 	C:\Windows\system32\uxtheme.dll
0x000000006f610000 - 0x000000006fe6a000 	C:\Xilinx\SDK\2015.2\tps\win64\jre\bin\server\jvm.dll
0x000007fef0f30000 - 0x000007fef0f39000 	C:\Windows\system32\WSOCK32.dll
0x000007feff490000 - 0x000007feff4dd000 	C:\Windows\system32\WS2_32.dll
0x000007feff560000 - 0x000007feff568000 	C:\Windows\system32\NSI.dll
0x000007fefaa40000 - 0x000007fefaa7b000 	C:\Windows\system32\WINMM.dll
0x0000000077430000 - 0x0000000077437000 	C:\Windows\system32\PSAPI.DLL
0x0000000072990000 - 0x0000000072a62000 	C:\Windows\system32\MSVCR100.dll
0x0000000074750000 - 0x000000007475f000 	C:\Xilinx\SDK\2015.2\tps\win64\jre\bin\verify.dll
0x0000000074670000 - 0x0000000074698000 	C:\Xilinx\SDK\2015.2\tps\win64\jre\bin\java.dll
0x00000000746b0000 - 0x00000000746c6000 	C:\Xilinx\SDK\2015.2\tps\win64\jre\bin\zip.dll
0x000007fefdfd0000 - 0x000007fefed58000 	C:\Windows\system32\SHELL32.dll
0x000007fefdc90000 - 0x000007fefde93000 	C:\Windows\system32\ole32.dll
0x000007fefd1b0000 - 0x000007fefd1bf000 	C:\Windows\system32\profapi.dll
0x000007fefca40000 - 0x000007fefca57000 	C:\Windows\system32\CRYPTSP.dll
0x000007fefc740000 - 0x000007fefc787000 	C:\Windows\system32\rsaenh.dll
0x000007fefc500000 - 0x000007fefc51e000 	C:\Windows\system32\USERENV.dll
0x000007fefd080000 - 0x000007fefd08f000 	C:\Windows\system32\CRYPTBASE.dll
0x0000000074650000 - 0x000000007466a000 	C:\Xilinx\SDK\2015.2\tps\win64\jre\bin\net.dll
0x000007fefc9e0000 - 0x000007fefca35000 	C:\Windows\system32\mswsock.dll
0x000007fefc9d0000 - 0x000007fefc9d7000 	C:\Windows\System32\wship6.dll
0x000007fefa8e0000 - 0x000007fefa907000 	C:\Windows\system32\IPHLPAPI.DLL
0x000007fefa8d0000 - 0x000007fefa8db000 	C:\Windows\system32\WINNSI.DLL
0x000007fefa210000 - 0x000007fefa221000 	C:\Windows\system32\dhcpcsvc6.DLL
0x000007fefa720000 - 0x000007fefa738000 	C:\Windows\system32\dhcpcsvc.DLL
0x0000000074630000 - 0x0000000074641000 	C:\Xilinx\SDK\2015.2\tps\win64\jre\bin\nio.dll
0x000007feff1c0000 - 0x000007feff259000 	C:\Windows\system32\CLBCatQ.DLL
0x000007fefd990000 - 0x000007fefda67000 	C:\Windows\system32\OLEAUT32.dll
0x000007fefb010000 - 0x000007fefb025000 	C:\Windows\system32\NLAapi.dll
0x000007fef3170000 - 0x000007fef3185000 	C:\Windows\system32\napinsp.dll
0x000007fef0f50000 - 0x000007fef0f69000 	C:\Windows\system32\pnrpnsp.dll
0x000007fefc860000 - 0x000007fefc8bb000 	C:\Windows\system32\DNSAPI.dll
0x000007fef0f40000 - 0x000007fef0f4b000 	C:\Windows\System32\winrnr.dll
0x000007fefc3e0000 - 0x000007fefc3e7000 	C:\Windows\System32\wshtcpip.dll
0x000007fef7ec0000 - 0x000007fef7ec8000 	C:\Windows\system32\rasadhlp.dll
0x000007fefa7c0000 - 0x000007fefa813000 	C:\Windows\System32\fwpuclnt.dll
0x00000000165c0000 - 0x0000000016668000 	C:\Users\Tung\.Xilinx\SDK\2015.2\org.eclipse.osgi\bundles\287\1\.cp\swt-win32-4335.dll
0x000007fefd810000 - 0x000007fefd8a7000 	C:\Windows\system32\comdlg32.dll
0x000007fefa920000 - 0x000007fefa991000 	C:\Windows\system32\WINSPOOL.DRV
0x000007fefdea0000 - 0x000007fefdfca000 	C:\Windows\system32\WININET.dll
0x000007fefd680000 - 0x000007fefd7f8000 	C:\Windows\system32\urlmon.dll
0x000007fefd330000 - 0x000007fefd497000 	C:\Windows\system32\CRYPT32.dll
0x000007fefd250000 - 0x000007fefd25f000 	C:\Windows\system32\MSASN1.dll
0x000007fefed60000 - 0x000007fefefb9000 	C:\Windows\system32\iertutil.dll
0x000007fefb3b0000 - 0x000007fefb3c8000 	C:\Windows\system32\dwmapi.dll
0x000007fefb940000 - 0x000007fefba6c000 	C:\Windows\system32\propsys.dll
0x00000000003c0000 - 0x00000000003de000 	C:\Users\Tung\.Xilinx\SDK\2015.2\org.eclipse.osgi\bundles\287\1\.cp\swt-gdip-win32-4335.dll
0x000007fefb6f0000 - 0x000007fefb905000 	C:\Windows\WinSxS\amd64_microsoft.windows.gdiplus_6595b64144ccf1df_1.1.7601.17514_none_2b24536c71ed437a\gdiplus.dll
0x000007fefb240000 - 0x000007fefb36a000 	C:\Windows\system32\WindowsCodecs.dll
0x0000000180000000 - 0x0000000180012000 	C:\Users\Tung\.Xilinx\SDK\2015.2\org.eclipse.osgi\bundles\113\1\.cp\os\win32\x86_64\localfile_1_0_0.dll
0x000007fef5a60000 - 0x000007fef5a71000 	C:\Users\Tung\.Xilinx\SDK\2015.2\org.eclipse.osgi\bundles\116\1\.cp\jWinHttp-1.0.0.dll
0x000007fef5d90000 - 0x000007fef5e01000 	C:\Windows\system32\WINHTTP.dll
0x000007fef5d20000 - 0x000007fef5d84000 	C:\Windows\system32\webio.dll
0x000007fefd050000 - 0x000007fefd075000 	C:\Windows\system32\SspiCli.dll
0x000007fefc610000 - 0x000007fefc61a000 	C:\Windows\system32\credssp.dll
0x000007fefd280000 - 0x000007fefd2b6000 	C:\Windows\system32\CFGMGR32.dll
0x000007fefabf0000 - 0x000007fefac44000 	C:\Windows\system32\oleacc.dll
0x000007fefd190000 - 0x000007fefd1a4000 	C:\Windows\system32\RpcRtRemote.dll
0x000007fefd130000 - 0x000007fefd187000 	C:\Windows\system32\apphelp.dll
0x000007fef8120000 - 0x000007fef815b000 	C:\Windows\system32\mlang.dll
0x000007fef5880000 - 0x000007fef588a000 	C:\Xilinx\SDK\2015.2\lib\win64.o\librdi_jtag_settings.dll
0x000007feead70000 - 0x000007feead99000 	C:\Xilinx\SDK\2015.2\lib\win64.o\librdi_debug_dialog.dll
0x000007fef5a30000 - 0x000007fef5a52000 	C:\Xilinx\SDK\2015.2\lib\win64.o\libboost_filesystem.dll
0x000007fef92d0000 - 0x000007fef92d9000 	C:\Xilinx\SDK\2015.2\lib\win64.o\libboost_system.dll
0x000007feeda50000 - 0x000007feedaf7000 	C:\Windows\system32\MSVCP110.dll
0x000007feeb860000 - 0x000007feeb934000 	C:\Windows\system32\MSVCR110.dll
0x000007fecc260000 - 0x000007feccba3000 	C:\Xilinx\SDK\2015.2\lib\win64.o\librdi_common.dll
0x000007fee9e70000 - 0x000007feea118000 	C:\Xilinx\SDK\2015.2\lib\win64.o\libCOIN-all.dll
0x000007fee9c50000 - 0x000007fee9e70000 	C:\Xilinx\SDK\2015.2\lib\win64.o\libXil_lmgr11.dll
0x000007fefb0b0000 - 0x000007fefb0c6000 	C:\Windows\system32\NETAPI32.dll
0x000007fefb0a0000 - 0x000007fefb0ac000 	C:\Windows\system32\netutils.dll
0x000007fefcda0000 - 0x000007fefcdc3000 	C:\Windows\system32\srvcli.dll
0x000007fefb080000 - 0x000007fefb095000 	C:\Windows\system32\wkscli.dll
0x000007fefd540000 - 0x000007fefd57a000 	C:\Windows\system32\WINTRUST.dll
0x000007fefc0b0000 - 0x000007fefc0c0000 	C:\Xilinx\SDK\2015.2\lib\win64.o\libboost_date_time.dll
0x000007feeacb0000 - 0x000007feead24000 	C:\Xilinx\SDK\2015.2\lib\win64.o\libboost_program_options.dll
0x000007feea680000 - 0x000007feea77a000 	C:\Xilinx\SDK\2015.2\lib\win64.o\libboost_regex.dll
0x000007fef0930000 - 0x000007fef0943000 	C:\Xilinx\SDK\2015.2\lib\win64.o\libboost_signals.dll
0x000007feef1c0000 - 0x000007feef1dd000 	C:\Xilinx\SDK\2015.2\lib\win64.o\libboost_thread.dll
0x000007fef1660000 - 0x000007fef166b000 	C:\Xilinx\SDK\2015.2\lib\win64.o\libboost_chrono.dll
0x000007fee9bd0000 - 0x000007fee9c50000 	C:\Xilinx\SDK\2015.2\lib\win64.o\libhdlpsolve.dll
0x000007fee9b30000 - 0x000007fee9bca000 	C:\Xilinx\SDK\2015.2\lib\win64.o\libhdxml.dll
0x000007fec82a0000 - 0x000007fec88aa200 	C:\Xilinx\SDK\2015.2\lib\win64.o\libisl_iostreams.dll
0x000007feef1a0000 - 0x000007feef1b6000 	C:\Xilinx\SDK\2015.2\lib\win64.o\libboost_iostreams.dll
0x000007feef110000 - 0x000007feef133000 	C:\Xilinx\SDK\2015.2\lib\win64.o\librdizlib.dll
0x000007feef0e0000 - 0x000007feef103000 	C:\Xilinx\SDK\2015.2\lib\win64.o\libisl_iosutils.dll
0x000007feeef30000 - 0x000007feeef5a000 	C:\Xilinx\SDK\2015.2\lib\win64.o\libisl_sysinfo.dll
0x000007fef0bc0000 - 0x000007fef0bd5000 	C:\Xilinx\SDK\2015.2\lib\win64.o\pthreadVC2.dll
0x000007fee9730000 - 0x000007fee9784000 	C:\Xilinx\SDK\2015.2\lib\win64.o\librdi_commonxillic.dll
0x000007fece8e0000 - 0x000007fecea10000 	C:\Xilinx\SDK\2015.2\lib\win64.o\librdi_curl.dll
0x000007feeef10000 - 0x000007feeef28000 	C:\Xilinx\SDK\2015.2\lib\win64.o\librdiconfig.dll
0x0000000073f90000 - 0x00000000740b7000 	C:\Xilinx\SDK\2015.2\lib\win64.o\tcl85t.dll
0x0000000020a70000 - 0x0000000020cd3000 	C:\Xilinx\SDK\2015.2\lib\win64.o\xerces-c_3_1.dll
0x000007fef14e0000 - 0x000007fef1503000 	C:\Windows\system32\VCOMP110.DLL
0x000007fec7490000 - 0x000007fec7678000 	C:\Xilinx\SDK\2015.2\lib\win64.o\librdi_hsm.dll
0x000007feea7c0000 - 0x000007feea803000 	C:\Xilinx\SDK\2015.2\lib\win64.o\librdi_hdf.dll
0x000007fece410000 - 0x000007fece5ca000 	C:\Xilinx\SDK\2015.2\lib\win64.o\librdi_ippcw.dll
0x000007fef14b0000 - 0x000007fef14b8000 	C:\Xilinx\SDK\2015.2\lib\win64.o\librdi_target_manager.dll
0x000007fef0bb0000 - 0x000007fef0bc0000 	C:\Xilinx\SDK\2015.2\lib\win64.o\librdi_repo_manager.dll
0x000007fefa9a0000 - 0x000007fefa9a7000 	C:\Windows\system32\msimg32.dll
0x000007feeeef0000 - 0x000007feeef0c000 	C:\Xilinx\SDK\2015.2\lib\win64.o\librdi_hw_platform.dll
0x000007fec7e90000 - 0x000007fec829a000 	C:\Xilinx\SDK\2015.2\lib\win64.o\librdi_commontasks.dll
0x000007fec7680000 - 0x000007fec7e90000 	C:\Xilinx\SDK\2015.2\lib\win64.o\libXil_lmgr11FNP.dll
0x000007fef7d20000 - 0x000007fef7d2b000 	C:\Windows\system32\snmpapi.dll
0x000007fefefc0000 - 0x000007feff197000 	C:\Windows\system32\SETUPAPI.dll
0x000007fefd260000 - 0x000007fefd27a000 	C:\Windows\system32\DEVOBJ.dll
0x000007fefab10000 - 0x000007fefab1f000 	C:\Windows\system32\wbem\wbemprox.dll
0x000007fefaa80000 - 0x000007fefab06000 	C:\Windows\system32\wbemcomn.dll
0x000007fef7fe0000 - 0x000007fef7ff4000 	C:\Windows\system32\wbem\wbemsvc.dll
0x000007fef9350000 - 0x000007fef9432000 	C:\Windows\system32\wbem\fastprox.dll

VM Arguments:
jvm_args: -Dcom.xilinx.sdk.args.hwspec=C:/Users/Tung/Desktop/vdma_hdmi_conv_v1/axi_conv_fp_3x3/axi_conv_fp_3x3.sdk/design_1_wrapper.hdf -Xms64m -Xmx512m & 
java_command: <unknown>
java_class_path (initial): C:\Xilinx\SDK\2015.2\eclipse\win64.o\\plugins/org.eclipse.equinox.launcher_1.3.0.v20130327-1440.jar
Launcher Type: generic

Environment Variables:
USERNAME=Tung
OS=Windows_NT
PROCESSOR_IDENTIFIER=Intel64 Family 6 Model 60 Stepping 3, GenuineIntel



---------------  S Y S T E M  ---------------

OS: Windows 7 , 64 bit Build 7601 Service Pack 1

CPU:total 4 (4 cores per cpu, 1 threads per core) family 6 model 60 stepping 3, cmov, cx8, fxsr, mmx, sse, sse2, sse3, ssse3, sse4.1, sse4.2, popcnt, avx, avx2, aes, clmul, erms, lzcnt, tsc, tscinvbit, bmi1, bmi2

Memory: 4k page, physical 4110972k(893208k free), swap 8220100k(3246232k free)

vm_info: Java HotSpot(TM) 64-Bit Server VM (25.25-b02) for windows-amd64 JRE (1.8.0_25-b18), built on Oct  7 2014 14:25:37 by "java_re" with MS VC++ 10.0 (VS2010)

time: Thu Aug 16 12:28:59 2018
elapsed time: 158 seconds (0d 0h 2m 38s)

