#
# A fatal error has been detected by the Java Runtime Environment:
#
#  Internal Error (0xc000000d), pid=208, tid=2528
#
# JRE version: Java(TM) SE Runtime Environment (8.0_25-b18) (build 1.8.0_25-b18)
# Java VM: Java HotSpot(TM) 64-Bit Server VM (25.25-b02 mixed mode windows-amd64 compressed oops)
# Problematic frame:
# C  [ntdll.dll+0x7a291]
#
# Failed to write core dump. Minidumps are not enabled by default on client versions of Windows
#
# If you would like to submit a bug report, please visit:
#   http://bugreport.sun.com/bugreport/crash.jsp
#

---------------  T H R E A D  ---------------

Current thread (0x00000000139d6000):  VMThread [stack: 0x0000000014a40000,0x0000000014b40000] [id=2528]

siginfo: ExceptionCode=0xc000000d

Registers:
RAX=0x0000000063e50274, RBX=0x0000000000000000, RCX=0x0000000014b3ed10, RDX=0x0000000000000000
RSP=0x0000000014b3f320, RBP=0x0000000000235da0, RSI=0x000007feea4f7408, RDI=0x0000000014b3f468
R8 =0x0000000000000000, R9 =0x0000000000000000, R10=0x0000000000000000, R11=0x0000000000000246
R12=0x000000001fbf0140, R13=0x000000001fbef410, R14=0x0000000000235ea8, R15=0x0000000000000000
RIP=0x00000000772da291, EFLAGS=0x0000000000000206

Top of Stack: (sp=0x0000000014b3f320)
0x0000000014b3f320:   0000000000000000 000007feea4f7408
0x0000000014b3f330:   0000000014b3f468 0000000009000a03
0x0000000014b3f340:   0000000000000040 000000008d00008d
0x0000000014b3f350:   0000000000000000 0000000000000000
0x0000000014b3f360:   0000000000000002 000000000f00000f
0x0000000014b3f370:   00000000c000000d 0000000000000000
0x0000000014b3f380:   00000000772da291 0000000000000000
0x0000000014b3f390:   0000000000000000 0000000000000000
0x0000000014b3f3a0:   0000000000000000 0000000000000000
0x0000000014b3f3b0:   0000000000000000 0000000000000000
0x0000000014b3f3c0:   0000000000000000 0000000000000000
0x0000000014b3f3d0:   0000000000000000 0000000000000000
0x0000000014b3f3e0:   0000000000000000 0000000000000000
0x0000000014b3f3f0:   0000000000000000 0000000000000000
0x0000000014b3f400:   0000000000000000 00000000236dbe40
0x0000000014b3f410:   0000000000000ae8 0000000077182fe8 

Instructions: (pc=0x00000000772da291)
0x00000000772da271:   5b 8c fd ff b9 57 00 00 00 c7 44 24 50 0d 00 00
0x00000000772da281:   c0 e8 49 8f fd ff 48 8d 4c 24 50 e8 cf f2 f9 ff
0x00000000772da291:   4c 8b 1d 40 81 0b 00 4d 85 db 74 5b 65 48 8b 04
0x00000000772da2a1:   25 30 00 00 00 f6 80 ee 17 00 00 08 74 12 65 48 


Register to memory mapping:

RAX=0x0000000063e50274 is an unknown value
RBX=0x0000000000000000 is an unknown value
RCX=0x0000000014b3ed10 is an unknown value
RDX=0x0000000000000000 is an unknown value
RSP=0x0000000014b3f320 is an unknown value
RBP=0x0000000000235da0 is an unknown value
RSI=0x000007feea4f7408 is an unknown value
RDI=0x0000000014b3f468 is an unknown value
R8 =0x0000000000000000 is an unknown value
R9 =0x0000000000000000 is an unknown value
R10=0x0000000000000000 is an unknown value
R11=0x0000000000000246 is an unknown value
R12=0x000000001fbf0140 is an unknown value
R13=0x000000001fbef410 is an unknown value
R14=0x0000000000235ea8 is an unknown value
R15=0x0000000000000000 is an unknown value


Stack: [0x0000000014a40000,0x0000000014b40000],  sp=0x0000000014b3f320,  free space=1020k
Native frames: (J=compiled Java code, j=interpreted, Vv=VM code, C=native code)
C  [ntdll.dll+0x7a291]
C  [kernel32.dll+0x42fe8]
C  [MSVCR110.dll+0x752d]
C  [MSVCR110.dll+0x14cde]
C  [MSVCR110.dll+0x13edc]
C  [MSVCR110.dll+0x239e]
C  [MSVCR110.dll+0xaf9e]
C  [MSVCP110.dll+0x397b9]
C  [librdi_common.dll+0x135d02]
C  [librdi_common.dll+0x13447b]
C  [librdi_commontasks.dll+0x1cc33c]
C  [librdi_commontasks.dll+0x1cc5be]
C  [ntdll.dll+0x24371]
C  [ntdll.dll+0x24180]
C  [MSVCR100.dll+0x20ccd]
V  [jvm.dll+0x1f9c55]
V  [jvm.dll+0x2325e7]
V  [jvm.dll+0x231826]
V  [jvm.dll+0x231cc1]
V  [jvm.dll+0x231ede]
V  [jvm.dll+0x2852fa]
C  [MSVCR100.dll+0x21d9f]
C  [MSVCR100.dll+0x21e3b]
C  [kernel32.dll+0x1652d]
C  [ntdll.dll+0x2c521]

VM_Operation (0x000000000012f500): Exit, mode: safepoint, requested by thread 0x00000000024e8000


---------------  P R O C E S S  ---------------

Java Threads: ( => current thread )
  0x000000001aacb800 JavaThread "Thread-14" daemon [_thread_blocked, id=1668, stack(0x0000000021200000,0x0000000021300000)]
  0x0000000015051800 JavaThread "TCF Locator DNS Lookup" daemon [_thread_blocked, id=1652, stack(0x000000001f610000,0x000000001f710000)]
  0x0000000015051000 JavaThread "TCF Locator Timer" daemon [_thread_blocked, id=1588, stack(0x000000001c4a0000,0x000000001c5a0000)]
  0x0000000015050000 JavaThread "TCF Locator Receiver" daemon [_thread_in_native, id=1164, stack(0x000000001c3a0000,0x000000001c4a0000)]
  0x000000001504c000 JavaThread "TCF Timer Dispatcher" daemon [_thread_blocked, id=4088, stack(0x000000001bfe0000,0x000000001c0e0000)]
  0x00000000171fb000 JavaThread "EMF Reference Cleaner" daemon [_thread_blocked, id=1116, stack(0x0000000019920000,0x0000000019a20000)]
  0x00000000150bd000 JavaThread "Service Thread" daemon [_thread_blocked, id=3392, stack(0x0000000015640000,0x0000000015740000)]
  0x0000000015043000 JavaThread "C1 CompilerThread2" daemon [_thread_blocked, id=1052, stack(0x0000000015540000,0x0000000015640000)]
  0x0000000015042000 JavaThread "C2 CompilerThread1" daemon [_thread_blocked, id=848, stack(0x0000000015440000,0x0000000015540000)]
  0x0000000013a4b800 JavaThread "C2 CompilerThread0" daemon [_thread_blocked, id=1692, stack(0x0000000014f40000,0x0000000015040000)]
  0x0000000013a49000 JavaThread "Attach Listener" daemon [_thread_blocked, id=2448, stack(0x0000000014e40000,0x0000000014f40000)]
  0x0000000013a47800 JavaThread "Signal Dispatcher" daemon [_thread_blocked, id=652, stack(0x0000000014d40000,0x0000000014e40000)]
  0x00000000139e3000 JavaThread "Finalizer" daemon [_thread_blocked, id=228, stack(0x0000000014c40000,0x0000000014d40000)]
  0x00000000139da000 JavaThread "Reference Handler" daemon [_thread_blocked, id=2076, stack(0x0000000014b40000,0x0000000014c40000)]
  0x00000000024e8000 JavaThread "main" [_thread_blocked, id=2676, stack(0x0000000000030000,0x0000000000130000)]

Other Threads:
=>0x00000000139d6000 VMThread [stack: 0x0000000014a40000,0x0000000014b40000] [id=2528]

VM state:at safepoint (shutting down)

VM Mutex/Monitor currently owned by a thread:  ([mutex/lock_event])
[0x000000000278df20] Threads_lock - owner thread: 0x00000000139d6000

Heap:
 PSYoungGen      total 98304K, used 51043K [0x00000000f5580000, 0x00000000fd100000, 0x0000000100000000)
  eden space 74752K, 46% used [0x00000000f5580000,0x00000000f7775c00,0x00000000f9e80000)
  from space 23552K, 69% used [0x00000000f9e80000,0x00000000fae63278,0x00000000fb580000)
  to   space 23552K, 0% used [0x00000000fba00000,0x00000000fba00000,0x00000000fd100000)
 ParOldGen       total 104448K, used 30081K [0x00000000e0000000, 0x00000000e6600000, 0x00000000f5580000)
  object space 104448K, 28% used [0x00000000e0000000,0x00000000e1d60790,0x00000000e6600000)
 Metaspace       used 74389K, capacity 79786K, committed 80000K, reserved 1118208K
  class space    used 9115K, capacity 10800K, committed 10880K, reserved 1048576K

Card table byte_map: [0x0000000002650000,0x0000000002760000] byte_map_base: 0x0000000001f50000

Marking Bits: (ParMarkBitMap*) 0x000000006bacd490
 Begin Bits: [0x0000000011f50000, 0x0000000012750000)
 End Bits:   [0x0000000012750000, 0x0000000012f50000)

Polling page: 0x0000000002350000

CodeCache: size=245760Kb used=26975Kb max_used=27125Kb free=218785Kb
 bounds [0x0000000002790000, 0x0000000004240000, 0x0000000011790000]
 total_blobs=8682 nmethods=7840 adapters=750
 compilation: enabled

Compilation events (10 events):
Event: 74.795 Thread 0x0000000015043000 nmethod 9467 0x0000000003a56d50 code [0x0000000003a57140, 0x0000000003a596b8]
Event: 74.800 Thread 0x0000000015043000 9470       3       java.io.File::list (33 bytes)
Event: 74.801 Thread 0x0000000015043000 nmethod 9470 0x0000000003233410 code [0x00000000032335e0, 0x0000000003233d08]
Event: 74.812 Thread 0x0000000015042000 nmethod 9445 0x0000000003626290 code [0x0000000003626560, 0x0000000003629100]
Event: 74.819 Thread 0x0000000015043000 9471   !   3       org.eclipse.osgi.internal.baseadaptor.BaseStorage::compact (215 bytes)
Event: 74.821 Thread 0x0000000015043000 nmethod 9471 0x000000000362bbd0 code [0x000000000362c000, 0x000000000362e468]
Event: 74.826 Thread 0x0000000015043000 9472       3       org.eclipse.osgi.framework.internal.core.AbstractBundle::close (52 bytes)
Event: 74.827 Thread 0x0000000015043000 nmethod 9472 0x0000000003a558d0 code [0x0000000003a55b00, 0x0000000003a567e8]
Event: 74.827 Thread 0x0000000015043000 9473       1       java.util.concurrent.CopyOnWriteArrayList::getArray (5 bytes)
Event: 74.827 Thread 0x0000000015043000 nmethod 9473 0x0000000002f62c90 code [0x0000000002f62de0, 0x0000000002f62ef0]

GC Heap History (10 events):
Event: 8.310 GC heap before
{Heap before GC invocations=14 (full 3):
 PSYoungGen      total 78848K, used 71121K [0x00000000f5580000, 0x00000000fb700000, 0x0000000100000000)
  eden space 61952K, 100% used [0x00000000f5580000,0x00000000f9200000,0x00000000f9200000)
  from space 16896K, 54% used [0x00000000fa680000,0x00000000faf74778,0x00000000fb700000)
  to   space 18944K, 0% used [0x00000000f9200000,0x00000000f9200000,0x00000000fa480000)
 ParOldGen       total 104448K, used 30041K [0x00000000e0000000, 0x00000000e6600000, 0x00000000f5580000)
  object space 104448K, 28% used [0x00000000e0000000,0x00000000e1d56790,0x00000000e6600000)
 Metaspace       used 65959K, capacity 71274K, committed 71552K, reserved 1112064K
  class space    used 8267K, capacity 9826K, committed 9856K, reserved 1048576K
Event: 8.328 GC heap after
Heap after GC invocations=14 (full 3):
 PSYoungGen      total 80896K, used 18921K [0x00000000f5580000, 0x00000000fc480000, 0x0000000100000000)
  eden space 61952K, 0% used [0x00000000f5580000,0x00000000f5580000,0x00000000f9200000)
  from space 18944K, 99% used [0x00000000f9200000,0x00000000fa47a508,0x00000000fa480000)
  to   space 21504K, 0% used [0x00000000faf80000,0x00000000faf80000,0x00000000fc480000)
 ParOldGen       total 104448K, used 30049K [0x00000000e0000000, 0x00000000e6600000, 0x00000000f5580000)
  object space 104448K, 28% used [0x00000000e0000000,0x00000000e1d58790,0x00000000e6600000)
 Metaspace       used 65959K, capacity 71274K, committed 71552K, reserved 1112064K
  class space    used 8267K, capacity 9826K, committed 9856K, reserved 1048576K
}
Event: 22.236 GC heap before
{Heap before GC invocations=15 (full 3):
 PSYoungGen      total 80896K, used 80873K [0x00000000f5580000, 0x00000000fc480000, 0x0000000100000000)
  eden space 61952K, 100% used [0x00000000f5580000,0x00000000f9200000,0x00000000f9200000)
  from space 18944K, 99% used [0x00000000f9200000,0x00000000fa47a508,0x00000000fa480000)
  to   space 21504K, 0% used [0x00000000faf80000,0x00000000faf80000,0x00000000fc480000)
 ParOldGen       total 104448K, used 30049K [0x00000000e0000000, 0x00000000e6600000, 0x00000000f5580000)
  object space 104448K, 28% used [0x00000000e0000000,0x00000000e1d58790,0x00000000e6600000)
 Metaspace       used 70005K, capacity 75536K, committed 75776K, reserved 1114112K
  class space    used 8758K, capacity 10474K, committed 10496K, reserved 1048576K
Event: 22.249 GC heap after
Heap after GC invocations=15 (full 3):
 PSYoungGen      total 90624K, used 17843K [0x00000000f5580000, 0x00000000fc600000, 0x0000000100000000)
  eden space 69120K, 0% used [0x00000000f5580000,0x00000000f5580000,0x00000000f9900000)
  from space 21504K, 82% used [0x00000000faf80000,0x00000000fc0eccf8,0x00000000fc480000)
  to   space 23040K, 0% used [0x00000000f9900000,0x00000000f9900000,0x00000000faf80000)
 ParOldGen       total 104448K, used 30057K [0x00000000e0000000, 0x00000000e6600000, 0x00000000f5580000)
  object space 104448K, 28% used [0x00000000e0000000,0x00000000e1d5a790,0x00000000e6600000)
 Metaspace       used 70005K, capacity 75536K, committed 75776K, reserved 1114112K
  class space    used 8758K, capacity 10474K, committed 10496K, reserved 1048576K
}
Event: 24.777 GC heap before
{Heap before GC invocations=16 (full 3):
 PSYoungGen      total 90624K, used 86963K [0x00000000f5580000, 0x00000000fc600000, 0x0000000100000000)
  eden space 69120K, 100% used [0x00000000f5580000,0x00000000f9900000,0x00000000f9900000)
  from space 21504K, 82% used [0x00000000faf80000,0x00000000fc0eccf8,0x00000000fc480000)
  to   space 23040K, 0% used [0x00000000f9900000,0x00000000f9900000,0x00000000faf80000)
 ParOldGen       total 104448K, used 30057K [0x00000000e0000000, 0x00000000e6600000, 0x00000000f5580000)
  object space 104448K, 28% used [0x00000000e0000000,0x00000000e1d5a790,0x00000000e6600000)
 Metaspace       used 71301K, capacity 77028K, committed 77184K, reserved 1116160K
  class space    used 8869K, capacity 10542K, committed 10624K, reserved 1048576K
Event: 24.786 GC heap after
Heap after GC invocations=16 (full 3):
 PSYoungGen      total 92160K, used 15529K [0x00000000f5580000, 0x00000000fcc80000, 0x0000000100000000)
  eden space 69120K, 0% used [0x00000000f5580000,0x00000000f5580000,0x00000000f9900000)
  from space 23040K, 67% used [0x00000000f9900000,0x00000000fa82a7e0,0x00000000faf80000)
  to   space 23040K, 0% used [0x00000000fb600000,0x00000000fb600000,0x00000000fcc80000)
 ParOldGen       total 104448K, used 30065K [0x00000000e0000000, 0x00000000e6600000, 0x00000000f5580000)
  object space 104448K, 28% used [0x00000000e0000000,0x00000000e1d5c790,0x00000000e6600000)
 Metaspace       used 71301K, capacity 77028K, committed 77184K, reserved 1116160K
  class space    used 8869K, capacity 10542K, committed 10624K, reserved 1048576K
}
Event: 32.884 GC heap before
{Heap before GC invocations=17 (full 3):
 PSYoungGen      total 92160K, used 84649K [0x00000000f5580000, 0x00000000fcc80000, 0x0000000100000000)
  eden space 69120K, 100% used [0x00000000f5580000,0x00000000f9900000,0x00000000f9900000)
  from space 23040K, 67% used [0x00000000f9900000,0x00000000fa82a7e0,0x00000000faf80000)
  to   space 23040K, 0% used [0x00000000fb600000,0x00000000fb600000,0x00000000fcc80000)
 ParOldGen       total 104448K, used 30065K [0x00000000e0000000, 0x00000000e6600000, 0x00000000f5580000)
  object space 104448K, 28% used [0x00000000e0000000,0x00000000e1d5c790,0x00000000e6600000)
 Metaspace       used 71879K, capacity 77512K, committed 77696K, reserved 1116160K
  class space    used 8892K, capacity 10574K, committed 10624K, reserved 1048576K
Event: 32.895 GC heap after
Heap after GC invocations=17 (full 3):
 PSYoungGen      total 97792K, used 15048K [0x00000000f5580000, 0x00000000fcc80000, 0x0000000100000000)
  eden space 74752K, 0% used [0x00000000f5580000,0x00000000f5580000,0x00000000f9e80000)
  from space 23040K, 65% used [0x00000000fb600000,0x00000000fc4b2218,0x00000000fcc80000)
  to   space 23552K, 0% used [0x00000000f9e80000,0x00000000f9e80000,0x00000000fb580000)
 ParOldGen       total 104448K, used 30073K [0x00000000e0000000, 0x00000000e6600000, 0x00000000f5580000)
  object space 104448K, 28% used [0x00000000e0000000,0x00000000e1d5e790,0x00000000e6600000)
 Metaspace       used 71879K, capacity 77512K, committed 77696K, reserved 1116160K
  class space    used 8892K, capacity 10574K, committed 10624K, reserved 1048576K
}
Event: 60.044 GC heap before
{Heap before GC invocations=18 (full 3):
 PSYoungGen      total 97792K, used 89800K [0x00000000f5580000, 0x00000000fcc80000, 0x0000000100000000)
  eden space 74752K, 100% used [0x00000000f5580000,0x00000000f9e80000,0x00000000f9e80000)
  from space 23040K, 65% used [0x00000000fb600000,0x00000000fc4b2218,0x00000000fcc80000)
  to   space 23552K, 0% used [0x00000000f9e80000,0x00000000f9e80000,0x00000000fb580000)
 ParOldGen       total 104448K, used 30073K [0x00000000e0000000, 0x00000000e6600000, 0x00000000f5580000)
  object space 104448K, 28% used [0x00000000e0000000,0x00000000e1d5e790,0x00000000e6600000)
 Metaspace       used 73023K, capacity 78696K, committed 78848K, reserved 1118208K
  class space    used 8968K, capacity 10670K, committed 10752K, reserved 1048576K
Event: 60.057 GC heap after
Heap after GC invocations=18 (full 3):
 PSYoungGen      total 98304K, used 16268K [0x00000000f5580000, 0x00000000fd100000, 0x0000000100000000)
  eden space 74752K, 0% used [0x00000000f5580000,0x00000000f5580000,0x00000000f9e80000)
  from space 23552K, 69% used [0x00000000f9e80000,0x00000000fae63278,0x00000000fb580000)
  to   space 23552K, 0% used [0x00000000fba00000,0x00000000fba00000,0x00000000fd100000)
 ParOldGen       total 104448K, used 30081K [0x00000000e0000000, 0x00000000e6600000, 0x00000000f5580000)
  object space 104448K, 28% used [0x00000000e0000000,0x00000000e1d60790,0x00000000e6600000)
 Metaspace       used 73023K, capacity 78696K, committed 78848K, reserved 1118208K
  class space    used 8968K, capacity 10670K, committed 10752K, reserved 1048576K
}

Deoptimization events (10 events):
Event: 74.001 Thread 0x000000001ab7b800 Uncommon trap: reason=bimorphic action=maybe_recompile pc=0x000000000347ee90 method=java.util.Properties.load0(Ljava/util/Properties$LineReader;)V @ 242
Event: 74.048 Thread 0x00000000024e8000 Uncommon trap: reason=unreached action=reinterpret pc=0x00000000039a57dc method=org.eclipse.e4.ui.internal.workbench.swt.PartRenderingEngine.someAreVisible(Ljava/util/List;)Z @ 41
Event: 74.129 Thread 0x00000000024e8000 Uncommon trap: reason=bimorphic action=maybe_recompile pc=0x00000000041f5b64 method=org.eclipse.emf.ecore.impl.ETypedElementImpl.getEType()Lorg/eclipse/emf/ecore/EClassifier; @ 18
Event: 74.129 Thread 0x00000000024e8000 Uncommon trap: reason=bimorphic action=maybe_recompile pc=0x00000000041f5b64 method=org.eclipse.emf.ecore.impl.ETypedElementImpl.getEType()Lorg/eclipse/emf/ecore/EClassifier; @ 18
Event: 74.171 Thread 0x00000000024e8000 Uncommon trap: reason=class_check action=maybe_recompile pc=0x0000000004201b20 method=org.eclipse.e4.core.internal.contexts.TrackableComputationExt.update(Lorg/eclipse/e4/core/internal/contexts/ContextChangeEvent;)Z @ 62
Event: 74.171 Thread 0x00000000024e8000 Uncommon trap: reason=class_check action=maybe_recompile pc=0x0000000004201b20 method=org.eclipse.e4.core.internal.contexts.TrackableComputationExt.update(Lorg/eclipse/e4/core/internal/contexts/ContextChangeEvent;)Z @ 62
Event: 74.171 Thread 0x00000000024e8000 Uncommon trap: reason=class_check action=maybe_recompile pc=0x0000000004201b20 method=org.eclipse.e4.core.internal.contexts.TrackableComputationExt.update(Lorg/eclipse/e4/core/internal/contexts/ContextChangeEvent;)Z @ 62
Event: 74.211 Thread 0x00000000024e8000 Uncommon trap: reason=unreached action=reinterpret pc=0x0000000003c18d5c method=org.eclipse.core.internal.localstore.FileSystemResourceManager.getStoreRoot(Lorg/eclipse/core/resources/IResource;)Lorg/eclipse/core/internal/localstore/FileStoreRoot; @ 17
Event: 74.211 Thread 0x00000000024e8000 Uncommon trap: reason=unreached action=reinterpret pc=0x0000000003cd129c method=org.eclipse.core.internal.localstore.FileStoreRoot.getManager(Lorg/eclipse/core/runtime/IPath;)Lorg/eclipse/core/resources/IPathVariableManager; @ 18
Event: 74.726 Thread 0x00000000024e8000 Uncommon trap: reason=null_check action=make_not_entrant pc=0x0000000003141c5c method=org.eclipse.core.runtime.internal.adaptor.EclipseLazyStarter.shouldActivateFor(Ljava/lang/String;Lorg/eclipse/osgi/baseadaptor/BaseData;Lorg/eclipse/core/runtime/internal½°Š€R@

Internal exceptions (10 events):
Event: 73.781 Thread 0x000000001ab7a800 Exception <a 'java/net/SocketException': Socket closed> (0x00000000f65c7e28) thrown at [D:\re\workspace\8-2-build-windows-amd64-cygwin\jdk8u25\1677\hotspot\src\share\vm\prims\jni.cpp, line 742]
Event: 73.783 Thread 0x000000001ab79000 Exception <a 'java/lang/InterruptedException'> (0x00000000f65df3b8) thrown at [D:\re\workspace\8-2-build-windows-amd64-cygwin\jdk8u25\1677\hotspot\src\share\vm\runtime\objectMonitor.cpp, line 1682]
Event: 74.205 Thread 0x000000001ab7f000 Exception <a 'java/lang/InterruptedException'> (0x00000000f722f360) thrown at [D:\re\workspace\8-2-build-windows-amd64-cygwin\jdk8u25\1677\hotspot\src\share\vm\runtime\objectMonitor.cpp, line 1682]
Event: 74.211 Thread 0x00000000024e8000 Implicit null exception at 0x0000000003c183eb to 0x0000000003c18d51
Event: 74.211 Thread 0x00000000024e8000 Implicit null exception at 0x0000000003cd044c to 0x0000000003cd1285
Event: 74.726 Thread 0x00000000024e8000 Implicit null exception at 0x00000000031404af to 0x0000000003141c51
Event: 74.793 Thread 0x0000000015d82000 Exception <a 'java/lang/InterruptedException': sleep interrupted> (0x00000000f7633050) thrown at [D:\re\workspace\8-2-build-windows-amd64-cygwin\jdk8u25\1677\hotspot\src\share\vm\prims\jvm.cpp, line 3141]
Event: 74.793 Thread 0x0000000015047000 Exception <a 'java/lang/InterruptedException'> (0x00000000f74ca7e8) thrown at [D:\re\workspace\8-2-build-windows-amd64-cygwin\jdk8u25\1677\hotspot\src\share\vm\runtime\objectMonitor.cpp, line 1682]
Event: 74.794 Thread 0x00000000162ec000 Exception <a 'java/lang/InterruptedException'> (0x00000000f76ede18) thrown at [D:\re\workspace\8-2-build-windows-amd64-cygwin\jdk8u25\1677\hotspot\src\share\vm\runtime\objectMonitor.cpp, line 1682]
Event: 74.826 Thread 0x0000000015fa4800 Exception <a 'java/lang/InterruptedException'> (0x00000000f759b6b0) thrown at [D:\re\workspace\8-2-build-windows-amd64-cygwin\jdk8u25\1677\hotspot\src\share\vm\runtime\objectMonitor.cpp, line 1682]

Events (10 events):
Event: 74.794 Thread 0x00000000162ec000 Thread exited: 0x00000000162ec000
Event: 74.826 Thread 0x0000000015fa4800 Thread exited: 0x0000000015fa4800
Event: 74.826 Thread 0x00000000162fe000 Thread exited: 0x00000000162fe000
Event: 74.827 loading class java/util/IdentityHashMap$KeyIterator
Event: 74.827 loading class java/util/IdentityHashMap$IdentityHashMapIterator
Event: 74.827 loading class java/util/IdentityHashMap$IdentityHashMapIterator done
Event: 74.827 loading class java/util/IdentityHashMap$KeyIterator done
Event: 74.827 Thread 0x0000000015047000 Thread added: 0x0000000015047000
Event: 74.827 Thread 0x0000000015047000 Thread exited: 0x0000000015047000
Event: 74.827 Executing VM operation: Exit


Dynamic libraries:
0x0000000000400000 - 0x000000000044f000 	C:\Xilinx\SDK\2015.2\eclipse\win64.o\eclipse.exe
0x0000000077260000 - 0x0000000077409000 	C:\Windows\SYSTEM32\ntdll.dll
0x0000000077140000 - 0x000000007725f000 	C:\Windows\system32\kernel32.dll
0x000007fefd2c0000 - 0x000007fefd32b000 	C:\Windows\system32\KERNELBASE.dll
0x0000000077040000 - 0x000000007713a000 	C:\Windows\system32\USER32.dll
0x000007fefda70000 - 0x000007fefdad7000 	C:\Windows\system32\GDI32.dll
0x000007fefd800000 - 0x000007fefd80e000 	C:\Windows\system32\LPK.dll
0x000007feff3c0000 - 0x000007feff489000 	C:\Windows\system32\USP10.dll
0x000007fefd5e0000 - 0x000007fefd67f000 	C:\Windows\system32\msvcrt.dll
0x000007fefba70000 - 0x000007fefbc64000 	C:\Windows\WinSxS\amd64_microsoft.windows.common-controls_6595b64144ccf1df_6.0.7601.17514_none_fa396087175ac9ac\COMCTL32.dll
0x000007feff4e0000 - 0x000007feff551000 	C:\Windows\system32\SHLWAPI.dll
0x000007feff390000 - 0x000007feff3be000 	C:\Windows\system32\IMM32.DLL
0x000007fefdae0000 - 0x000007fefdbe9000 	C:\Windows\system32\MSCTF.dll
0x0000000072000000 - 0x0000000072012000 	C:\Xilinx\SDK\2015.2\eclipse\win64.o\plugins\org.eclipse.equinox.launcher.win32.win32.x86_64_1.1.200.v20140116-2212\eclipse_1503.dll
0x000007fefd8b0000 - 0x000007fefd98b000 	C:\Windows\system32\ADVAPI32.dll
0x000007fefdc70000 - 0x000007fefdc8f000 	C:\Windows\SYSTEM32\sechost.dll
0x000007feff260000 - 0x000007feff38d000 	C:\Windows\system32\RPCRT4.dll
0x000007fefc310000 - 0x000007fefc31c000 	C:\Windows\system32\VERSION.dll
0x000007fefbf60000 - 0x000007fefbfb6000 	C:\Windows\system32\uxtheme.dll
0x000000006b2f0000 - 0x000000006bb4a000 	C:\Xilinx\SDK\2015.2\tps\win64\jre\bin\server\jvm.dll
0x000007fef0f30000 - 0x000007fef0f39000 	C:\Windows\system32\WSOCK32.dll
0x000007feff490000 - 0x000007feff4dd000 	C:\Windows\system32\WS2_32.dll
0x000007feff560000 - 0x000007feff568000 	C:\Windows\system32\NSI.dll
0x000007fefaa40000 - 0x000007fefaa7b000 	C:\Windows\system32\WINMM.dll
0x0000000077430000 - 0x0000000077437000 	C:\Windows\system32\PSAPI.DLL
0x0000000072990000 - 0x0000000072a62000 	C:\Windows\system32\MSVCR100.dll
0x0000000074690000 - 0x000000007469f000 	C:\Xilinx\SDK\2015.2\tps\win64\jre\bin\verify.dll
0x0000000074660000 - 0x0000000074688000 	C:\Xilinx\SDK\2015.2\tps\win64\jre\bin\java.dll
0x0000000074640000 - 0x0000000074656000 	C:\Xilinx\SDK\2015.2\tps\win64\jre\bin\zip.dll
0x000007fefdfd0000 - 0x000007fefed58000 	C:\Windows\system32\SHELL32.dll
0x000007fefdc90000 - 0x000007fefde93000 	C:\Windows\system32\ole32.dll
0x000007fefd1b0000 - 0x000007fefd1bf000 	C:\Windows\system32\profapi.dll
0x000007fefca40000 - 0x000007fefca57000 	C:\Windows\system32\CRYPTSP.dll
0x000007fefc740000 - 0x000007fefc787000 	C:\Windows\system32\rsaenh.dll
0x000007fefc500000 - 0x000007fefc51e000 	C:\Windows\system32\USERENV.dll
0x000007fefd080000 - 0x000007fefd08f000 	C:\Windows\system32\CRYPTBASE.dll
0x0000000074620000 - 0x000000007463a000 	C:\Xilinx\SDK\2015.2\tps\win64\jre\bin\net.dll
0x000007fefc9e0000 - 0x000007fefca35000 	C:\Windows\system32\mswsock.dll
0x000007fefc9d0000 - 0x000007fefc9d7000 	C:\Windows\System32\wship6.dll
0x000007fefa8e0000 - 0x000007fefa907000 	C:\Windows\system32\IPHLPAPI.DLL
0x000007fefa8d0000 - 0x000007fefa8db000 	C:\Windows\system32\WINNSI.DLL
0x000007fefa210000 - 0x000007fefa221000 	C:\Windows\system32\dhcpcsvc6.DLL
0x000007fefa720000 - 0x000007fefa738000 	C:\Windows\system32\dhcpcsvc.DLL
0x0000000074600000 - 0x0000000074611000 	C:\Xilinx\SDK\2015.2\tps\win64\jre\bin\nio.dll
0x000007feff1c0000 - 0x000007feff259000 	C:\Windows\system32\CLBCatQ.DLL
0x000007fefd990000 - 0x000007fefda67000 	C:\Windows\system32\OLEAUT32.dll
0x000007fefb010000 - 0x000007fefb025000 	C:\Windows\system32\NLAapi.dll
0x000007fef3170000 - 0x000007fef3185000 	C:\Windows\system32\napinsp.dll
0x000007fef0f50000 - 0x000007fef0f69000 	C:\Windows\system32\pnrpnsp.dll
0x000007fefc860000 - 0x000007fefc8bb000 	C:\Windows\system32\DNSAPI.dll
0x000007fef0f40000 - 0x000007fef0f4b000 	C:\Windows\System32\winrnr.dll
0x000007fefc3e0000 - 0x000007fefc3e7000 	C:\Windows\System32\wshtcpip.dll
0x000007fef7ec0000 - 0x000007fef7ec8000 	C:\Windows\system32\rasadhlp.dll
0x000007fefa7c0000 - 0x000007fefa813000 	C:\Windows\System32\fwpuclnt.dll
0x0000000016400000 - 0x00000000164a8000 	C:\Users\Tung\.Xilinx\SDK\2015.2\org.eclipse.osgi\bundles\287\1\.cp\swt-win32-4335.dll
0x000007fefd810000 - 0x000007fefd8a7000 	C:\Windows\system32\comdlg32.dll
0x000007fefa920000 - 0x000007fefa991000 	C:\Windows\system32\WINSPOOL.DRV
0x000007fefdea0000 - 0x000007fefdfca000 	C:\Windows\system32\WININET.dll
0x000007fefd680000 - 0x000007fefd7f8000 	C:\Windows\system32\urlmon.dll
0x000007fefd330000 - 0x000007fefd497000 	C:\Windows\system32\CRYPT32.dll
0x000007fefd250000 - 0x000007fefd25f000 	C:\Windows\system32\MSASN1.dll
0x000007fefed60000 - 0x000007fefefb9000 	C:\Windows\system32\iertutil.dll
0x000007fefb3b0000 - 0x000007fefb3c8000 	C:\Windows\system32\dwmapi.dll
0x000007fefb940000 - 0x000007fefba6c000 	C:\Windows\system32\propsys.dll
0x0000000015a20000 - 0x0000000015a3e000 	C:\Users\Tung\.Xilinx\SDK\2015.2\org.eclipse.osgi\bundles\287\1\.cp\swt-gdip-win32-4335.dll
0x000007fefb6f0000 - 0x000007fefb905000 	C:\Windows\WinSxS\amd64_microsoft.windows.gdiplus_6595b64144ccf1df_1.1.7601.17514_none_2b24536c71ed437a\gdiplus.dll
0x000007fefb240000 - 0x000007fefb36a000 	C:\Windows\system32\WindowsCodecs.dll
0x0000000180000000 - 0x0000000180012000 	C:\Users\Tung\.Xilinx\SDK\2015.2\org.eclipse.osgi\bundles\113\1\.cp\os\win32\x86_64\localfile_1_0_0.dll
0x000007fefc0a0000 - 0x000007fefc0b1000 	C:\Users\Tung\.Xilinx\SDK\2015.2\org.eclipse.osgi\bundles\116\1\.cp\jWinHttp-1.0.0.dll
0x000007fef5d90000 - 0x000007fef5e01000 	C:\Windows\system32\WINHTTP.dll
0x000007fef5d20000 - 0x000007fef5d84000 	C:\Windows\system32\webio.dll
0x000007fefd050000 - 0x000007fefd075000 	C:\Windows\system32\SspiCli.dll
0x000007fefc610000 - 0x000007fefc61a000 	C:\Windows\system32\credssp.dll
0x000007fefd280000 - 0x000007fefd2b6000 	C:\Windows\system32\CFGMGR32.dll
0x000007fefabf0000 - 0x000007fefac44000 	C:\Windows\system32\oleacc.dll
0x000007fefd190000 - 0x000007fefd1a4000 	C:\Windows\system32\RpcRtRemote.dll
0x000007fefd130000 - 0x000007fefd187000 	C:\Windows\system32\apphelp.dll
0x000007fefa410000 - 0x000007fefa41a000 	C:\Xilinx\SDK\2015.2\lib\win64.o\librdi_jtag_settings.dll
0x000007feeeec0000 - 0x000007feeeee9000 	C:\Xilinx\SDK\2015.2\lib\win64.o\librdi_debug_dialog.dll
0x000007fef9fe0000 - 0x000007fefa002000 	C:\Xilinx\SDK\2015.2\lib\win64.o\libboost_filesystem.dll
0x000007fefb920000 - 0x000007fefb929000 	C:\Xilinx\SDK\2015.2\lib\win64.o\libboost_system.dll
0x000007feebae0000 - 0x000007feebb87000 	C:\Windows\system32\MSVCP110.dll
0x000007feea4f0000 - 0x000007feea5c4000 	C:\Windows\system32\MSVCR110.dll
0x000007fec7f60000 - 0x000007fec88a3000 	C:\Xilinx\SDK\2015.2\lib\win64.o\librdi_common.dll
0x000007fecb6e0000 - 0x000007fecb988000 	C:\Xilinx\SDK\2015.2\lib\win64.o\libCOIN-all.dll
0x000007feeaea0000 - 0x000007feeb0c0000 	C:\Xilinx\SDK\2015.2\lib\win64.o\libXil_lmgr11.dll
0x000007fefb0b0000 - 0x000007fefb0c6000 	C:\Windows\system32\NETAPI32.dll
0x000007fefb0a0000 - 0x000007fefb0ac000 	C:\Windows\system32\netutils.dll
0x000007fefcda0000 - 0x000007fefcdc3000 	C:\Windows\system32\srvcli.dll
0x000007fefb080000 - 0x000007fefb095000 	C:\Windows\system32\wkscli.dll
0x000007fefd540000 - 0x000007fefd57a000 	C:\Windows\system32\WINTRUST.dll
0x000007fefb930000 - 0x000007fefb940000 	C:\Xilinx\SDK\2015.2\lib\win64.o\libboost_date_time.dll
0x000007fef9290000 - 0x000007fef9304000 	C:\Xilinx\SDK\2015.2\lib\win64.o\libboost_program_options.dll
0x000007feedf40000 - 0x000007feee03a000 	C:\Xilinx\SDK\2015.2\lib\win64.o\libboost_regex.dll
0x000007fef9fc0000 - 0x000007fef9fd3000 	C:\Xilinx\SDK\2015.2\lib\win64.o\libboost_signals.dll
0x000007fef9270000 - 0x000007fef928d000 	C:\Xilinx\SDK\2015.2\lib\win64.o\libboost_thread.dll
0x000007fefb910000 - 0x000007fefb91b000 	C:\Xilinx\SDK\2015.2\lib\win64.o\libboost_chrono.dll
0x000007fef14e0000 - 0x000007fef1560000 	C:\Xilinx\SDK\2015.2\lib\win64.o\libhdlpsolve.dll
0x000007fef9070000 - 0x000007fef910a000 	C:\Xilinx\SDK\2015.2\lib\win64.o\libhdxml.dll
0x000007fec8e00000 - 0x000007fec940a200 	C:\Xilinx\SDK\2015.2\lib\win64.o\libisl_iostreams.dll
0x000007fef9160000 - 0x000007fef9176000 	C:\Xilinx\SDK\2015.2\lib\win64.o\libboost_iostreams.dll
0x000007fef9040000 - 0x000007fef9063000 	C:\Xilinx\SDK\2015.2\lib\win64.o\librdizlib.dll
0x000007fef1670000 - 0x000007fef1693000 	C:\Xilinx\SDK\2015.2\lib\win64.o\libisl_iosutils.dll
0x000007fef14b0000 - 0x000007fef14da000 	C:\Xilinx\SDK\2015.2\lib\win64.o\libisl_sysinfo.dll
0x000007fefa420000 - 0x000007fefa435000 	C:\Xilinx\SDK\2015.2\lib\win64.o\pthreadVC2.dll
0x000007feefeb0000 - 0x000007feeff04000 	C:\Xilinx\SDK\2015.2\lib\win64.o\librdi_commonxillic.dll
0x000007feede10000 - 0x000007feedf40000 	C:\Xilinx\SDK\2015.2\lib\win64.o\librdi_curl.dll
0x000007fef0930000 - 0x000007fef0948000 	C:\Xilinx\SDK\2015.2\lib\win64.o\librdiconfig.dll
0x0000000071730000 - 0x0000000071857000 	C:\Xilinx\SDK\2015.2\lib\win64.o\tcl85t.dll
0x00000000209e0000 - 0x0000000020c43000 	C:\Xilinx\SDK\2015.2\lib\win64.o\xerces-c_3_1.dll
0x000007feebab0000 - 0x000007feebad3000 	C:\Windows\system32\VCOMP110.DLL
0x000007feeacb0000 - 0x000007feeae98000 	C:\Xilinx\SDK\2015.2\lib\win64.o\librdi_hsm.dll
0x000007feeddc0000 - 0x000007feede03000 	C:\Xilinx\SDK\2015.2\lib\win64.o\librdi_hdf.dll
0x000007fee9f50000 - 0x000007feea10a000 	C:\Xilinx\SDK\2015.2\lib\win64.o\librdi_ippcw.dll
0x000007fef9150000 - 0x000007fef9158000 	C:\Xilinx\SDK\2015.2\lib\win64.o\librdi_target_manager.dll
0x000007fefa9a0000 - 0x000007fefa9a7000 	C:\Windows\system32\msimg32.dll
0x000007fef5880000 - 0x000007fef5890000 	C:\Xilinx\SDK\2015.2\lib\win64.o\librdi_repo_manager.dll
0x000007feee6e0000 - 0x000007feee6fc000 	C:\Xilinx\SDK\2015.2\lib\win64.o\librdi_hw_platform.dll
0x000007fec89f0000 - 0x000007fec8dfa000 	C:\Xilinx\SDK\2015.2\lib\win64.o\librdi_commontasks.dll
0x000007fec7750000 - 0x000007fec7f60000 	C:\Xilinx\SDK\2015.2\lib\win64.o\libXil_lmgr11FNP.dll
0x000007fef7d20000 - 0x000007fef7d2b000 	C:\Windows\system32\snmpapi.dll
0x000007fefefc0000 - 0x000007feff197000 	C:\Windows\system32\SETUPAPI.dll
0x000007fefd260000 - 0x000007fefd27a000 	C:\Windows\system32\DEVOBJ.dll
0x000007fefa010000 - 0x000007fefa026000 	C:\Xilinx\SDK\2015.2\eclipse\win64.o\plugins\org.eclipse.cdt.core.win32.x86_64_5.2.0.201402142303\os\win32\x86_64\spawner.dll
0x000007fec73b0000 - 0x000007fec7745000 	C:\Xilinx\SDK\2015.2\lib\win64.o\librdi_hsmtasks.dll
0x0000000073c10000 - 0x0000000073c13000 	C:\Windows\system32\icmp.Dll
0x000007fef0070000 - 0x000007fef0195000 	C:\Windows\system32\dbghelp.dll

VM Arguments:
jvm_args: -Dcom.xilinx.sdk.args.hwspec=C:/Users/Tung/Desktop/vdma_hdmi_conv_v1/axi_conv_fp_3x3/axi_conv_fp_3x3.sdk/design_1_wrapper.hdf -Xms64m -Xmx512m & 
java_command: <unknown>
java_class_path (initial): C:\Xilinx\SDK\2015.2\eclipse\win64.o\\plugins/org.eclipse.equinox.launcher_1.3.0.v20130327-1440.jar
Launcher Type: generic

Environment Variables:
USERNAME=Tung
OS=Windows_NT
PROCESSOR_IDENTIFIER=Intel64 Family 6 Model 60 Stepping 3, GenuineIntel



---------------  S Y S T E M  ---------------

OS: Windows 7 , 64 bit Build 7601 Service Pack 1

CPU:total 4 (4 cores per cpu, 1 threads per core) family 6 model 60 stepping 3, cmov, cx8, fxsr, mmx, sse, sse2, sse3, ssse3, sse4.1, sse4.2, popcnt, avx, avx2, aes, clmul, erms, lzcnt, tsc, tscinvbit, bmi1, bmi2

Memory: 4k page, physical 4110972k(679380k free), swap 8220100k(3793008k free)

vm_info: Java HotSpot(TM) 64-Bit Server VM (25.25-b02) for windows-amd64 JRE (1.8.0_25-b18), built on Oct  7 2014 14:25:37 by "java_re" with MS VC++ 10.0 (VS2010)

time: Thu Aug 16 10:23:02 2018
elapsed time: 75 seconds (0d 0h 1m 15s)

