#
# A fatal error has been detected by the Java Runtime Environment:
#
#  Internal Error (0xc000000d), pid=4408, tid=3200
#
# JRE version: Java(TM) SE Runtime Environment (8.0_25-b18) (build 1.8.0_25-b18)
# Java VM: Java HotSpot(TM) 64-Bit Server VM (25.25-b02 mixed mode windows-amd64 compressed oops)
# Problematic frame:
# C  [ntdll.dll+0x7a291]
#
# Failed to write core dump. Minidumps are not enabled by default on client versions of Windows
#
# If you would like to submit a bug report, please visit:
#   http://bugreport.sun.com/bugreport/crash.jsp
#

---------------  T H R E A D  ---------------

Current thread (0x0000000013a86000):  VMThread [stack: 0x0000000014af0000,0x0000000014bf0000] [id=3200]

siginfo: ExceptionCode=0xc000000d

Registers:
RAX=0x000000006359db1a, RBX=0x0000000000000000, RCX=0x0000000014beed10, RDX=0x0000000000000000
RSP=0x0000000014bef320, RBP=0x0000000000385da0, RSI=0x000007feef247408, RDI=0x0000000014bef468
R8 =0x0000000000000000, R9 =0x0000000000000000, R10=0x0000000000000000, R11=0x0000000000000246
R12=0x0000000024561220, R13=0x00000000245611e0, R14=0x0000000000385ea8, R15=0x0000000000000000
RIP=0x00000000770aa291, EFLAGS=0x0000000000000202

Top of Stack: (sp=0x0000000014bef320)
0x0000000014bef320:   0000000000000000 000007feef247408
0x0000000014bef330:   0000000014bef468 0000000027a21a3c
0x0000000014bef340:   0000000000000000 0000000000000031
0x0000000014bef350:   0000000000000000 0000000000000000
0x0000000014bef360:   0000000000000002 000000000000006d
0x0000000014bef370:   00000000c000000d 0000000000000000
0x0000000014bef380:   00000000770aa291 0000000000000000
0x0000000014bef390:   0000000000000000 0000000000000000
0x0000000014bef3a0:   0000000000000000 0000000000000000
0x0000000014bef3b0:   0000000000000000 0000000000000000
0x0000000014bef3c0:   0000000000000000 0000000000000000
0x0000000014bef3d0:   0000000000000000 0000000000000000
0x0000000014bef3e0:   0000000000000000 0000000000000000
0x0000000014bef3f0:   0000000000000000 0000000000000000
0x0000000014bef400:   0000000000000000 00000000770884a5
0x0000000014bef410:   0000000000000034 0000000076f52fe8 

Instructions: (pc=0x00000000770aa291)
0x00000000770aa271:   5b 8c fd ff b9 57 00 00 00 c7 44 24 50 0d 00 00
0x00000000770aa281:   c0 e8 49 8f fd ff 48 8d 4c 24 50 e8 cf f2 f9 ff
0x00000000770aa291:   4c 8b 1d 40 81 0b 00 4d 85 db 74 5b 65 48 8b 04
0x00000000770aa2a1:   25 30 00 00 00 f6 80 ee 17 00 00 08 74 12 65 48 


Register to memory mapping:

RAX=0x000000006359db1a is an unknown value
RBX=0x0000000000000000 is an unknown value
RCX=0x0000000014beed10 is an unknown value
RDX=0x0000000000000000 is an unknown value
RSP=0x0000000014bef320 is an unknown value
RBP=0x0000000000385da0 is an unknown value
RSI=0x000007feef247408 is an unknown value
RDI=0x0000000014bef468 is an unknown value
R8 =0x0000000000000000 is an unknown value
R9 =0x0000000000000000 is an unknown value
R10=0x0000000000000000 is an unknown value
R11=0x0000000000000246 is an unknown value
R12=0x0000000024561220 is an unknown value
R13=0x00000000245611e0 is an unknown value
R14=0x0000000000385ea8 is an unknown value
R15=0x0000000000000000 is an unknown value


Stack: [0x0000000014af0000,0x0000000014bf0000],  sp=0x0000000014bef320,  free space=1020k
Native frames: (J=compiled Java code, j=interpreted, Vv=VM code, C=native code)
C  [ntdll.dll+0x7a291]
C  [kernel32.dll+0x42fe8]
C  [MSVCR110.dll+0x752d]
C  [MSVCR110.dll+0x14cde]
C  [MSVCR110.dll+0x13edc]
C  [MSVCR110.dll+0x239e]
C  [MSVCR110.dll+0xaf9e]
C  [MSVCP110.dll+0x397b9]
C  [librdi_common.dll+0x135d02]
C  [librdi_common.dll+0x13447b]
C  [librdi_sw_platform.dll+0x10904]
C  [librdi_sw_platform.dll+0x10b86]
C  [ntdll.dll+0x24371]
C  [ntdll.dll+0x24180]
C  [MSVCR100.dll+0x20ccd]
V  [jvm.dll+0x1f9c55]
V  [jvm.dll+0x2325e7]
V  [jvm.dll+0x231826]
V  [jvm.dll+0x231cc1]
V  [jvm.dll+0x231ede]
V  [jvm.dll+0x2852fa]
C  [MSVCR100.dll+0x21d9f]
C  [MSVCR100.dll+0x21e3b]
C  [kernel32.dll+0x1652d]
C  [ntdll.dll+0x2c521]

VM_Operation (0x000000000012f500): Exit, mode: safepoint, requested by thread 0x00000000025b8000


---------------  P R O C E S S  ---------------

Java Threads: ( => current thread )
  0x00000000163ae000 JavaThread "Thread-12" daemon [_thread_blocked, id=3060, stack(0x000000001f390000,0x000000001f490000)]
  0x0000000015f56800 JavaThread "TCF Locator DNS Lookup" daemon [_thread_blocked, id=4132, stack(0x000000001e990000,0x000000001ea90000)]
  0x0000000015f56000 JavaThread "TCF Locator Timer" daemon [_thread_blocked, id=4248, stack(0x000000001e890000,0x000000001e990000)]
  0x0000000015f55000 JavaThread "TCF Locator Receiver" daemon [_thread_in_native, id=3512, stack(0x000000001e790000,0x000000001e890000)]
  0x0000000015f50800 JavaThread "TCF Timer Dispatcher" daemon [_thread_blocked, id=4956, stack(0x000000001b500000,0x000000001b600000)]
  0x0000000018dab000 JavaThread "EMF Reference Cleaner" daemon [_thread_blocked, id=4328, stack(0x0000000017bf0000,0x0000000017cf0000)]
  0x0000000015020800 JavaThread "Service Thread" daemon [_thread_blocked, id=5000, stack(0x00000000156f0000,0x00000000157f0000)]
  0x0000000013aff000 JavaThread "C1 CompilerThread2" daemon [_thread_blocked, id=4092, stack(0x00000000155f0000,0x00000000156f0000)]
  0x0000000014ff4800 JavaThread "C2 CompilerThread1" daemon [_thread_blocked, id=2912, stack(0x00000000154f0000,0x00000000155f0000)]
  0x0000000013afd000 JavaThread "C2 CompilerThread0" daemon [_thread_blocked, id=3508, stack(0x00000000153f0000,0x00000000154f0000)]
  0x0000000013af7000 JavaThread "Attach Listener" daemon [_thread_blocked, id=4564, stack(0x0000000014ef0000,0x0000000014ff0000)]
  0x0000000013a9a000 JavaThread "Signal Dispatcher" daemon [_thread_blocked, id=2140, stack(0x0000000014df0000,0x0000000014ef0000)]
  0x0000000013a93000 JavaThread "Finalizer" daemon [_thread_blocked, id=4872, stack(0x0000000014cf0000,0x0000000014df0000)]
  0x0000000013a8a000 JavaThread "Reference Handler" daemon [_thread_blocked, id=4748, stack(0x0000000014bf0000,0x0000000014cf0000)]
  0x00000000025b8000 JavaThread "main" [_thread_blocked, id=5064, stack(0x0000000000030000,0x0000000000130000)]

Other Threads:
=>0x0000000013a86000 VMThread [stack: 0x0000000014af0000,0x0000000014bf0000] [id=3200]

VM state:at safepoint (shutting down)

VM Mutex/Monitor currently owned by a thread:  ([mutex/lock_event])
[0x000000000028df20] Threads_lock - owner thread: 0x0000000013a86000

Heap:
 PSYoungGen      total 88576K, used 26996K [0x00000000f5580000, 0x00000000fc100000, 0x0000000100000000)
  eden space 67072K, 40% used [0x00000000f5580000,0x00000000f6fdd048,0x00000000f9700000)
  from space 21504K, 0% used [0x00000000fac00000,0x00000000fac00000,0x00000000fc100000)
  to   space 21504K, 0% used [0x00000000f9700000,0x00000000f9700000,0x00000000fac00000)
 ParOldGen       total 95744K, used 48264K [0x00000000e0000000, 0x00000000e5d80000, 0x00000000f5580000)
  object space 95744K, 50% used [0x00000000e0000000,0x00000000e2f222a8,0x00000000e5d80000)
 Metaspace       used 75626K, capacity 80964K, committed 81152K, reserved 1120256K
  class space    used 9412K, capacity 11190K, committed 11264K, reserved 1048576K

Card table byte_map: [0x0000000011af0000,0x0000000011c00000] byte_map_base: 0x00000000113f0000

Marking Bits: (ParMarkBitMap*) 0x000000006e3ed490
 Begin Bits: [0x0000000012000000, 0x0000000012800000)
 End Bits:   [0x0000000012800000, 0x0000000013000000)

Polling page: 0x0000000000220000

CodeCache: size=245760Kb used=26545Kb max_used=26680Kb free=219214Kb
 bounds [0x0000000002730000, 0x0000000004170000, 0x0000000011730000]
 total_blobs=8403 nmethods=7562 adapters=750
 compilation: enabled

Compilation events (10 events):
Event: 187.611 Thread 0x0000000013aff000 9029       3       org.eclipse.osgi.framework.internal.core.BundleHost::refresh (83 bytes)
Event: 187.611 Thread 0x0000000013aff000 nmethod 9029 0x0000000003d6d510 code [0x0000000003d6d760, 0x0000000003d6e4f8]
Event: 187.613 Thread 0x0000000013aff000 9030       3       org.eclipse.osgi.internal.loader.BundleLoader::closeBundleLoader (38 bytes)
Event: 187.613 Thread 0x0000000013aff000 nmethod 9030 0x00000000033cd050 code [0x00000000033cd1e0, 0x00000000033cd688]
Event: 187.709 Thread 0x0000000013aff000 9032       3       java.io.File::list (33 bytes)
Event: 187.710 Thread 0x0000000013aff000 nmethod 9032 0x00000000033c33d0 code [0x00000000033c35a0, 0x00000000033c3cc8]
Event: 187.860 Thread 0x0000000013aff000 9033   !   3       org.eclipse.osgi.internal.baseadaptor.BaseStorage::compact (215 bytes)
Event: 187.861 Thread 0x0000000013aff000 nmethod 9033 0x0000000003d63990 code [0x0000000003d63dc0, 0x0000000003d66228]
Event: 187.932 Thread 0x0000000013aff000 9034       3       org.eclipse.osgi.framework.internal.core.AbstractBundle::close (52 bytes)
Event: 187.933 Thread 0x0000000013aff000 nmethod 9034 0x0000000003d6c090 code [0x0000000003d6c2c0, 0x0000000003d6cfa8]

GC Heap History (10 events):
Event: 57.897 GC heap before
{Heap before GC invocations=21 (full 3):
 PSYoungGen      total 70656K, used 69836K [0x00000000f5580000, 0x00000000fba80000, 0x0000000100000000)
  eden space 54784K, 100% used [0x00000000f5580000,0x00000000f8b00000,0x00000000f8b00000)
  from space 15872K, 94% used [0x00000000f8b00000,0x00000000f99b31a0,0x00000000f9a80000)
  to   space 17408K, 0% used [0x00000000fa980000,0x00000000fa980000,0x00000000fba80000)
 ParOldGen       total 95744K, used 28827K [0x00000000e0000000, 0x00000000e5d80000, 0x00000000f5580000)
  object space 95744K, 30% used [0x00000000e0000000,0x00000000e1c26cb0,0x00000000e5d80000)
 Metaspace       used 72721K, capacity 78104K, committed 78208K, reserved 1116160K
  class space    used 9097K, capacity 10850K, committed 10880K, reserved 1048576K
Event: 57.909 GC heap after
Heap after GC invocations=21 (full 3):
 PSYoungGen      total 83968K, used 17305K [0x00000000f5580000, 0x00000000fbd00000, 0x0000000100000000)
  eden space 66560K, 0% used [0x00000000f5580000,0x00000000f5580000,0x00000000f9680000)
  from space 17408K, 99% used [0x00000000fa980000,0x00000000fba665a0,0x00000000fba80000)
  to   space 19456K, 0% used [0x00000000f9680000,0x00000000f9680000,0x00000000fa980000)
 ParOldGen       total 95744K, used 28835K [0x00000000e0000000, 0x00000000e5d80000, 0x00000000f5580000)
  object space 95744K, 30% used [0x00000000e0000000,0x00000000e1c28cb0,0x00000000e5d80000)
 Metaspace       used 72721K, capacity 78104K, committed 78208K, reserved 1116160K
  class space    used 9097K, capacity 10850K, committed 10880K, reserved 1048576K
}
Event: 75.981 GC heap before
{Heap before GC invocations=22 (full 3):
 PSYoungGen      total 83968K, used 35043K [0x00000000f5580000, 0x00000000fbd00000, 0x0000000100000000)
  eden space 66560K, 26% used [0x00000000f5580000,0x00000000f66d2778,0x00000000f9680000)
  from space 17408K, 99% used [0x00000000fa980000,0x00000000fba665a0,0x00000000fba80000)
  to   space 19456K, 0% used [0x00000000f9680000,0x00000000f9680000,0x00000000fa980000)
 ParOldGen       total 95744K, used 28835K [0x00000000e0000000, 0x00000000e5d80000, 0x00000000f5580000)
  object space 95744K, 30% used [0x00000000e0000000,0x00000000e1c28cb0,0x00000000e5d80000)
 Metaspace       used 72934K, capacity 78302K, committed 78464K, reserved 1116160K
  class space    used 9101K, capacity 10851K, committed 10880K, reserved 1048576K
Event: 75.991 GC heap after
Heap after GC invocations=22 (full 3):
 PSYoungGen      total 86016K, used 17804K [0x00000000f5580000, 0x00000000fc100000, 0x0000000100000000)
  eden space 66560K, 0% used [0x00000000f5580000,0x00000000f5580000,0x00000000f9680000)
  from space 19456K, 91% used [0x00000000f9680000,0x00000000fa7e3258,0x00000000fa980000)
  to   space 21504K, 0% used [0x00000000fac00000,0x00000000fac00000,0x00000000fc100000)
 ParOldGen       total 95744K, used 28835K [0x00000000e0000000, 0x00000000e5d80000, 0x00000000f5580000)
  object space 95744K, 30% used [0x00000000e0000000,0x00000000e1c28cb0,0x00000000e5d80000)
 Metaspace       used 72934K, capacity 78302K, committed 78464K, reserved 1116160K
  class space    used 9101K, capacity 10851K, committed 10880K, reserved 1048576K
}
Event: 75.991 GC heap before
{Heap before GC invocations=23 (full 4):
 PSYoungGen      total 86016K, used 17804K [0x00000000f5580000, 0x00000000fc100000, 0x0000000100000000)
  eden space 66560K, 0% used [0x00000000f5580000,0x00000000f5580000,0x00000000f9680000)
  from space 19456K, 91% used [0x00000000f9680000,0x00000000fa7e3258,0x00000000fa980000)
  to   space 21504K, 0% used [0x00000000fac00000,0x00000000fac00000,0x00000000fc100000)
 ParOldGen       total 95744K, used 28835K [0x00000000e0000000, 0x00000000e5d80000, 0x00000000f5580000)
  object space 95744K, 30% used [0x00000000e0000000,0x00000000e1c28cb0,0x00000000e5d80000)
 Metaspace       used 72934K, capacity 78302K, committed 78464K, reserved 1116160K
  class space    used 9101K, capacity 10851K, committed 10880K, reserved 1048576K
Event: 76.222 GC heap after
Heap after GC invocations=23 (full 4):
 PSYoungGen      total 86016K, used 0K [0x00000000f5580000, 0x00000000fc100000, 0x0000000100000000)
  eden space 66560K, 0% used [0x00000000f5580000,0x00000000f5580000,0x00000000f9680000)
  from space 19456K, 0% used [0x00000000f9680000,0x00000000f9680000,0x00000000fa980000)
  to   space 21504K, 0% used [0x00000000fac00000,0x00000000fac00000,0x00000000fc100000)
 ParOldGen       total 95744K, used 44380K [0x00000000e0000000, 0x00000000e5d80000, 0x00000000f5580000)
  object space 95744K, 46% used [0x00000000e0000000,0x00000000e2b572a0,0x00000000e5d80000)
 Metaspace       used 72934K, capacity 78302K, committed 78464K, reserved 1116160K
  class space    used 9101K, capacity 10851K, committed 10880K, reserved 1048576K
}
Event: 135.981 GC heap before
{Heap before GC invocations=24 (full 4):
 PSYoungGen      total 86016K, used 47706K [0x00000000f5580000, 0x00000000fc100000, 0x0000000100000000)
  eden space 66560K, 71% used [0x00000000f5580000,0x00000000f8416888,0x00000000f9680000)
  from space 19456K, 0% used [0x00000000f9680000,0x00000000f9680000,0x00000000fa980000)
  to   space 21504K, 0% used [0x00000000fac00000,0x00000000fac00000,0x00000000fc100000)
 ParOldGen       total 95744K, used 44380K [0x00000000e0000000, 0x00000000e5d80000, 0x00000000f5580000)
  object space 95744K, 46% used [0x00000000e0000000,0x00000000e2b572a0,0x00000000e5d80000)
 Metaspace       used 74571K, capacity 80114K, committed 80256K, reserved 1118208K
  class space    used 9311K, capacity 11059K, committed 11136K, reserved 1048576K
Event: 135.985 GC heap after
Heap after GC invocations=24 (full 4):
 PSYoungGen      total 88576K, used 4240K [0x00000000f5580000, 0x00000000fc100000, 0x0000000100000000)
  eden space 67072K, 0% used [0x00000000f5580000,0x00000000f5580000,0x00000000f9700000)
  from space 21504K, 19% used [0x00000000fac00000,0x00000000fb0243b0,0x00000000fc100000)
  to   space 21504K, 0% used [0x00000000f9700000,0x00000000f9700000,0x00000000fac00000)
 ParOldGen       total 95744K, used 44388K [0x00000000e0000000, 0x00000000e5d80000, 0x00000000f5580000)
  object space 95744K, 46% used [0x00000000e0000000,0x00000000e2b592a0,0x00000000e5d80000)
 Metaspace       used 74571K, capacity 80114K, committed 80256K, reserved 1118208K
  class space    used 9311K, capacity 11059K, committed 11136K, reserved 1048576K
}
Event: 135.985 GC heap before
{Heap before GC invocations=25 (full 5):
 PSYoungGen      total 88576K, used 4240K [0x00000000f5580000, 0x00000000fc100000, 0x0000000100000000)
  eden space 67072K, 0% used [0x00000000f5580000,0x00000000f5580000,0x00000000f9700000)
  from space 21504K, 19% used [0x00000000fac00000,0x00000000fb0243b0,0x00000000fc100000)
  to   space 21504K, 0% used [0x00000000f9700000,0x00000000f9700000,0x00000000fac00000)
 ParOldGen       total 95744K, used 44388K [0x00000000e0000000, 0x00000000e5d80000, 0x00000000f5580000)
  object space 95744K, 46% used [0x00000000e0000000,0x00000000e2b592a0,0x00000000e5d80000)
 Metaspace       used 74571K, capacity 80114K, committed 80256K, reserved 1118208K
  class space    used 9311K, capacity 11059K, committed 11136K, reserved 1048576K
Event: 136.265 GC heap after
Heap after GC invocations=25 (full 5):
 PSYoungGen      total 88576K, used 0K [0x00000000f5580000, 0x00000000fc100000, 0x0000000100000000)
  eden space 67072K, 0% used [0x00000000f5580000,0x00000000f5580000,0x00000000f9700000)
  from space 21504K, 0% used [0x00000000fac00000,0x00000000fac00000,0x00000000fc100000)
  to   space 21504K, 0% used [0x00000000f9700000,0x00000000f9700000,0x00000000fac00000)
 ParOldGen       total 95744K, used 48264K [0x00000000e0000000, 0x00000000e5d80000, 0x00000000f5580000)
  object space 95744K, 50% used [0x00000000e0000000,0x00000000e2f222a8,0x00000000e5d80000)
 Metaspace       used 74571K, capacity 80114K, committed 80256K, reserved 1118208K
  class space    used 9311K, capacity 11059K, committed 11136K, reserved 1048576K
}

Deoptimization events (10 events):
Event: 186.174 Thread 0x0000000015f57800 Uncommon trap: reason=bimorphic action=maybe_recompile pc=0x000000000323ee00 method=java.util.Properties.load0(Ljava/util/Properties$LineReader;)V @ 242
Event: 186.185 Thread 0x00000000025b8000 Uncommon trap: reason=unreached action=reinterpret pc=0x0000000003f9451c method=org.eclipse.e4.ui.internal.workbench.swt.PartRenderingEngine.someAreVisible(Ljava/util/List;)Z @ 41
Event: 186.202 Thread 0x00000000025b8000 Uncommon trap: reason=class_check action=maybe_recompile pc=0x000000000352f1a0 method=org.eclipse.emf.common.util.BasicEMap.ensureEntryDataExists()V @ 37
Event: 186.217 Thread 0x00000000025b8000 Uncommon trap: reason=unreached action=reinterpret pc=0x0000000002a07b0c method=org.eclipse.e4.ui.model.application.ui.impl.UIElementImpl.eIsSet(I)Z @ 184
Event: 186.242 Thread 0x00000000025b8000 Uncommon trap: reason=bimorphic action=maybe_recompile pc=0x00000000040cae24 method=org.eclipse.emf.ecore.impl.ETypedElementImpl.getEType()Lorg/eclipse/emf/ecore/EClassifier; @ 18
Event: 186.242 Thread 0x00000000025b8000 Uncommon trap: reason=bimorphic action=maybe_recompile pc=0x00000000040cae24 method=org.eclipse.emf.ecore.impl.ETypedElementImpl.getEType()Lorg/eclipse/emf/ecore/EClassifier; @ 18
Event: 186.260 Thread 0x00000000025b8000 Uncommon trap: reason=class_check action=maybe_recompile pc=0x00000000040a8248 method=org.eclipse.e4.core.internal.contexts.TrackableComputationExt.update(Lorg/eclipse/e4/core/internal/contexts/ContextChangeEvent;)Z @ 62
Event: 186.260 Thread 0x00000000025b8000 Uncommon trap: reason=class_check action=maybe_recompile pc=0x00000000040a8248 method=org.eclipse.e4.core.internal.contexts.TrackableComputationExt.update(Lorg/eclipse/e4/core/internal/contexts/ContextChangeEvent;)Z @ 62
Event: 186.260 Thread 0x00000000025b8000 Uncommon trap: reason=class_check action=maybe_recompile pc=0x00000000040a8248 method=org.eclipse.e4.core.internal.contexts.TrackableComputationExt.update(Lorg/eclipse/e4/core/internal/contexts/ContextChangeEvent;)Z @ 62
Event: 187.570 Thread 0x00000000025b8000 Uncommon trap: reason=null_check action=make_not_entrant pc=0x0000000002b3c494 method=org.eclipse.core.runtime.internal.adaptor.EclipseLazyStarter.shouldActivateFor(Ljava/lang/String;Lorg/eclipse/osgi/baseadaptor/BaseData;Lorg/eclipse/core/runtime/internalnÀd¥ŽEg@

Internal exceptions (10 events):
Event: 185.545 Thread 0x0000000016fe7800 Exception <a 'java/net/SocketException': Socket closed> (0x00000000f5b1ae48) thrown at [D:\re\workspace\8-2-build-windows-amd64-cygwin\jdk8u25\1677\hotspot\src\share\vm\prims\jni.cpp, line 742]
Event: 185.546 Thread 0x0000000015f53800 Exception <a 'java/lang/InterruptedException'> (0x00000000f5b2d830) thrown at [D:\re\workspace\8-2-build-windows-amd64-cygwin\jdk8u25\1677\hotspot\src\share\vm\runtime\objectMonitor.cpp, line 1682]
Event: 185.936 Thread 0x00000000025b8000 Implicit null exception at 0x00000000029bb70c to 0x00000000029bb769
Event: 186.119 Thread 0x0000000015f57800 Implicit null exception at 0x0000000003e883db to 0x0000000003e8867d
Event: 186.309 Thread 0x00000000163ac800 Exception <a 'java/lang/InterruptedException'> (0x00000000f6aa2380) thrown at [D:\re\workspace\8-2-build-windows-amd64-cygwin\jdk8u25\1677\hotspot\src\share\vm\runtime\objectMonitor.cpp, line 1682]
Event: 187.570 Thread 0x00000000025b8000 Implicit null exception at 0x0000000002b3b193 to 0x0000000002b3c485
Event: 187.612 Thread 0x0000000015c7e800 Exception <a 'java/lang/InterruptedException': sleep interrupted> (0x00000000f6df9428) thrown at [D:\re\workspace\8-2-build-windows-amd64-cygwin\jdk8u25\1677\hotspot\src\share\vm\prims\jvm.cpp, line 3141]
Event: 187.613 Thread 0x0000000016fe7000 Exception <a 'java/lang/InterruptedException'> (0x00000000f6ea0ec0) thrown at [D:\re\workspace\8-2-build-windows-amd64-cygwin\jdk8u25\1677\hotspot\src\share\vm\runtime\objectMonitor.cpp, line 1682]
Event: 187.613 Thread 0x000000001607e000 Exception <a 'java/lang/InterruptedException'> (0x00000000f6ec2768) thrown at [D:\re\workspace\8-2-build-windows-amd64-cygwin\jdk8u25\1677\hotspot\src\share\vm\runtime\objectMonitor.cpp, line 1682]
Event: 187.933 Thread 0x00000000161a6800 Exception <a 'java/lang/InterruptedException'> (0x00000000f6df91e8) thrown at [D:\re\workspace\8-2-build-windows-amd64-cygwin\jdk8u25\1677\hotspot\src\share\vm\runtime\objectMonitor.cpp, line 1682]

Events (10 events):
Event: 187.861 Thread 0x0000000013aff000 flushing nmethod 0x0000000003f2e410
Event: 187.933 Thread 0x00000000161a6800 Thread exited: 0x00000000161a6800
Event: 187.933 Thread 0x00000000160be000 Thread exited: 0x00000000160be000
Event: 187.933 loading class java/util/IdentityHashMap$KeyIterator
Event: 187.933 loading class java/util/IdentityHashMap$IdentityHashMapIterator
Event: 187.933 loading class java/util/IdentityHashMap$IdentityHashMapIterator done
Event: 187.933 loading class java/util/IdentityHashMap$KeyIterator done
Event: 187.933 Thread 0x0000000016fe7000 Thread added: 0x0000000016fe7000
Event: 187.934 Thread 0x0000000016fe7000 Thread exited: 0x0000000016fe7000
Event: 187.934 Executing VM operation: Exit


Dynamic libraries:
0x0000000000400000 - 0x000000000044f000 	C:\Xilinx\SDK\2015.2\eclipse\win64.o\eclipse.exe
0x0000000077030000 - 0x00000000771d9000 	C:\Windows\SYSTEM32\ntdll.dll
0x0000000076f10000 - 0x000000007702f000 	C:\Windows\system32\kernel32.dll
0x000007fefd260000 - 0x000007fefd2cb000 	C:\Windows\system32\KERNELBASE.dll
0x0000000076e10000 - 0x0000000076f0a000 	C:\Windows\system32\USER32.dll
0x000007fefecb0000 - 0x000007fefed17000 	C:\Windows\system32\GDI32.dll
0x000007fefd890000 - 0x000007fefd89e000 	C:\Windows\system32\LPK.dll
0x000007fefd8f0000 - 0x000007fefd9b9000 	C:\Windows\system32\USP10.dll
0x000007fefd3b0000 - 0x000007fefd44f000 	C:\Windows\system32\msvcrt.dll
0x000007fefba20000 - 0x000007fefbc14000 	C:\Windows\WinSxS\amd64_microsoft.windows.common-controls_6595b64144ccf1df_6.0.7601.17514_none_fa396087175ac9ac\COMCTL32.dll
0x000007fefe810000 - 0x000007fefe881000 	C:\Windows\system32\SHLWAPI.dll
0x000007fefeaf0000 - 0x000007fefeb1e000 	C:\Windows\system32\IMM32.DLL
0x000007fefeb20000 - 0x000007fefec29000 	C:\Windows\system32\MSCTF.dll
0x0000000072000000 - 0x0000000072012000 	C:\Xilinx\SDK\2015.2\eclipse\win64.o\plugins\org.eclipse.equinox.launcher.win32.win32.x86_64_1.1.200.v20140116-2212\eclipse_1503.dll
0x000007feff1b0000 - 0x000007feff28b000 	C:\Windows\system32\ADVAPI32.dll
0x000007fefeea0000 - 0x000007fefeebf000 	C:\Windows\SYSTEM32\sechost.dll
0x000007fefd760000 - 0x000007fefd88d000 	C:\Windows\system32\RPCRT4.dll
0x000007fefc0e0000 - 0x000007fefc0ec000 	C:\Windows\system32\VERSION.dll
0x000007fefb6e0000 - 0x000007fefb736000 	C:\Windows\system32\uxtheme.dll
0x000000006dc10000 - 0x000000006e46a000 	C:\Xilinx\SDK\2015.2\tps\win64\jre\bin\server\jvm.dll
0x000007fef4460000 - 0x000007fef4469000 	C:\Windows\system32\WSOCK32.dll
0x000007fefd8a0000 - 0x000007fefd8ed000 	C:\Windows\system32\WS2_32.dll
0x000007feff290000 - 0x000007feff298000 	C:\Windows\system32\NSI.dll
0x000007fefacd0000 - 0x000007fefad0b000 	C:\Windows\system32\WINMM.dll
0x00000000771f0000 - 0x00000000771f7000 	C:\Windows\system32\PSAPI.DLL
0x00000000723c0000 - 0x0000000072492000 	C:\Windows\system32\MSVCR100.dll
0x0000000074bb0000 - 0x0000000074bbf000 	C:\Xilinx\SDK\2015.2\tps\win64\jre\bin\verify.dll
0x000000006e470000 - 0x000000006e498000 	C:\Xilinx\SDK\2015.2\tps\win64\jre\bin\java.dll
0x000000006b230000 - 0x000000006b246000 	C:\Xilinx\SDK\2015.2\tps\win64\jre\bin\zip.dll
0x000007fefda80000 - 0x000007fefe808000 	C:\Windows\system32\SHELL32.dll
0x000007fefefa0000 - 0x000007feff1a3000 	C:\Windows\system32\ole32.dll
0x000007fefcf80000 - 0x000007fefcf8f000 	C:\Windows\system32\profapi.dll
0x000007fefc810000 - 0x000007fefc827000 	C:\Windows\system32\CRYPTSP.dll
0x000007fefc510000 - 0x000007fefc557000 	C:\Windows\system32\rsaenh.dll
0x000007fefc2d0000 - 0x000007fefc2ee000 	C:\Windows\system32\USERENV.dll
0x000007fefce70000 - 0x000007fefce7f000 	C:\Windows\system32\CRYPTBASE.dll
0x000000006b210000 - 0x000000006b22a000 	C:\Xilinx\SDK\2015.2\tps\win64\jre\bin\net.dll
0x000007fefc7b0000 - 0x000007fefc805000 	C:\Windows\system32\mswsock.dll
0x000007fefc7a0000 - 0x000007fefc7a7000 	C:\Windows\System32\wship6.dll
0x000007fefa710000 - 0x000007fefa737000 	C:\Windows\system32\IPHLPAPI.DLL
0x000007fefa700000 - 0x000007fefa70b000 	C:\Windows\system32\WINNSI.DLL
0x000007fefa0a0000 - 0x000007fefa0b1000 	C:\Windows\system32\dhcpcsvc6.DLL
0x000007fefa020000 - 0x000007fefa038000 	C:\Windows\system32\dhcpcsvc.DLL
0x000000006b1f0000 - 0x000000006b201000 	C:\Xilinx\SDK\2015.2\tps\win64\jre\bin\nio.dll
0x000007feff2a0000 - 0x000007feff339000 	C:\Windows\system32\CLBCatQ.DLL
0x000007fefeec0000 - 0x000007fefef97000 	C:\Windows\system32\OLEAUT32.dll
0x000007fefacb0000 - 0x000007fefacc5000 	C:\Windows\system32\NLAapi.dll
0x000007fef5d40000 - 0x000007fef5d55000 	C:\Windows\system32\napinsp.dll
0x000007fef5d20000 - 0x000007fef5d39000 	C:\Windows\system32\pnrpnsp.dll
0x000007fefc630000 - 0x000007fefc68b000 	C:\Windows\system32\DNSAPI.dll
0x000007fef5d10000 - 0x000007fef5d1b000 	C:\Windows\System32\winrnr.dll
0x000007fefc1b0000 - 0x000007fefc1b7000 	C:\Windows\System32\wshtcpip.dll
0x000007fef9920000 - 0x000007fef9928000 	C:\Windows\system32\rasadhlp.dll
0x000007fefa0d0000 - 0x000007fefa123000 	C:\Windows\System32\fwpuclnt.dll
0x0000000017ef0000 - 0x0000000017f98000 	C:\Users\Tung\.Xilinx\SDK\2015.2\org.eclipse.osgi\bundles\287\1\.cp\swt-win32-4335.dll
0x000007fefd9e0000 - 0x000007fefda77000 	C:\Windows\system32\comdlg32.dll
0x000007fefa5b0000 - 0x000007fefa621000 	C:\Windows\system32\WINSPOOL.DRV
0x000007fefd450000 - 0x000007fefd57a000 	C:\Windows\system32\WININET.dll
0x000007fefed20000 - 0x000007fefee98000 	C:\Windows\system32\urlmon.dll
0x000007fefd050000 - 0x000007fefd1b7000 	C:\Windows\system32\CRYPT32.dll
0x000007fefd020000 - 0x000007fefd02f000 	C:\Windows\system32\MSASN1.dll
0x000007fefe890000 - 0x000007fefeae9000 	C:\Windows\system32\iertutil.dll
0x000007fefb300000 - 0x000007fefb318000 	C:\Windows\system32\dwmapi.dll
0x000007fefb7c0000 - 0x000007fefb8ec000 	C:\Windows\system32\propsys.dll
0x00000000002d0000 - 0x00000000002ee000 	C:\Users\Tung\.Xilinx\SDK\2015.2\org.eclipse.osgi\bundles\287\1\.cp\swt-gdip-win32-4335.dll
0x000007fefb4c0000 - 0x000007fefb6d5000 	C:\Windows\WinSxS\amd64_microsoft.windows.gdiplus_6595b64144ccf1df_1.1.7601.17514_none_2b24536c71ed437a\gdiplus.dll
0x000007fefb190000 - 0x000007fefb2ba000 	C:\Windows\system32\WindowsCodecs.dll
0x0000000180000000 - 0x0000000180012000 	C:\Users\Tung\.Xilinx\SDK\2015.2\org.eclipse.osgi\bundles\113\1\.cp\os\win32\x86_64\localfile_1_0_0.dll
0x000007feea750000 - 0x000007feea761000 	C:\Users\Tung\.Xilinx\SDK\2015.2\org.eclipse.osgi\bundles\116\1\.cp\jWinHttp-1.0.0.dll
0x000007fef9860000 - 0x000007fef98d1000 	C:\Windows\system32\WINHTTP.dll
0x000007fef97f0000 - 0x000007fef9854000 	C:\Windows\system32\webio.dll
0x000007fefcde0000 - 0x000007fefce05000 	C:\Windows\system32\SspiCli.dll
0x000007fefc3e0000 - 0x000007fefc3ea000 	C:\Windows\system32\credssp.dll
0x000007fefd2d0000 - 0x000007fefd306000 	C:\Windows\system32\CFGMGR32.dll
0x000007fefa4a0000 - 0x000007fefa4f4000 	C:\Windows\system32\oleacc.dll
0x000007fefcf60000 - 0x000007fefcf74000 	C:\Windows\system32\RpcRtRemote.dll
0x000007fefce10000 - 0x000007fefce67000 	C:\Windows\system32\apphelp.dll
0x000007fefb0d0000 - 0x000007fefb10b000 	C:\Windows\system32\mlang.dll
0x000007fefa850000 - 0x000007fefa85a000 	C:\Xilinx\SDK\2015.2\lib\win64.o\librdi_jtag_settings.dll
0x000007fee9d60000 - 0x000007fee9d89000 	C:\Xilinx\SDK\2015.2\lib\win64.o\librdi_debug_dialog.dll
0x000007feeaf20000 - 0x000007feeaf42000 	C:\Xilinx\SDK\2015.2\lib\win64.o\libboost_filesystem.dll
0x000007fefa840000 - 0x000007fefa849000 	C:\Xilinx\SDK\2015.2\lib\win64.o\libboost_system.dll
0x000007feef150000 - 0x000007feef1f7000 	C:\Windows\system32\MSVCP110.dll
0x000007feef240000 - 0x000007feef314000 	C:\Windows\system32\MSVCR110.dll
0x000007fec9390000 - 0x000007fec9cd3000 	C:\Xilinx\SDK\2015.2\lib\win64.o\librdi_common.dll
0x000007fec90e0000 - 0x000007fec9388000 	C:\Xilinx\SDK\2015.2\lib\win64.o\libCOIN-all.dll
0x000007fec8ec0000 - 0x000007fec90e0000 	C:\Xilinx\SDK\2015.2\lib\win64.o\libXil_lmgr11.dll
0x000007fefb030000 - 0x000007fefb046000 	C:\Windows\system32\NETAPI32.dll
0x000007fefb020000 - 0x000007fefb02c000 	C:\Windows\system32\netutils.dll
0x000007fefcab0000 - 0x000007fefcad3000 	C:\Windows\system32\srvcli.dll
0x000007fefb000000 - 0x000007fefb015000 	C:\Windows\system32\wkscli.dll
0x000007fefd310000 - 0x000007fefd34a000 	C:\Windows\system32\WINTRUST.dll
0x000007fefb080000 - 0x000007fefb090000 	C:\Xilinx\SDK\2015.2\lib\win64.o\libboost_date_time.dll
0x000007feeaea0000 - 0x000007feeaf14000 	C:\Xilinx\SDK\2015.2\lib\win64.o\libboost_program_options.dll
0x000007feeaac0000 - 0x000007feeabba000 	C:\Xilinx\SDK\2015.2\lib\win64.o\libboost_regex.dll
0x000007fef5930000 - 0x000007fef5943000 	C:\Xilinx\SDK\2015.2\lib\win64.o\libboost_signals.dll
0x000007feef520000 - 0x000007feef53d000 	C:\Xilinx\SDK\2015.2\lib\win64.o\libboost_thread.dll
0x000007fef6350000 - 0x000007fef635b000 	C:\Xilinx\SDK\2015.2\lib\win64.o\libboost_chrono.dll
0x000007feeae20000 - 0x000007feeaea0000 	C:\Xilinx\SDK\2015.2\lib\win64.o\libhdlpsolve.dll
0x000007fee9a70000 - 0x000007fee9b0a000 	C:\Xilinx\SDK\2015.2\lib\win64.o\libhdxml.dll
0x000007fec88b0000 - 0x000007fec8eba200 	C:\Xilinx\SDK\2015.2\lib\win64.o\libisl_iostreams.dll
0x000007feeae00000 - 0x000007feeae16000 	C:\Xilinx\SDK\2015.2\lib\win64.o\libboost_iostreams.dll
0x000007feeadd0000 - 0x000007feeadf3000 	C:\Xilinx\SDK\2015.2\lib\win64.o\librdizlib.dll
0x000007feeaa90000 - 0x000007feeaab3000 	C:\Xilinx\SDK\2015.2\lib\win64.o\libisl_iosutils.dll
0x000007feeaa60000 - 0x000007feeaa8a000 	C:\Xilinx\SDK\2015.2\lib\win64.o\libisl_sysinfo.dll
0x000007fefafa0000 - 0x000007fefafb5000 	C:\Xilinx\SDK\2015.2\lib\win64.o\pthreadVC2.dll
0x000007fee9a10000 - 0x000007fee9a64000 	C:\Xilinx\SDK\2015.2\lib\win64.o\librdi_commonxillic.dll
0x000007fec8780000 - 0x000007fec88b0000 	C:\Xilinx\SDK\2015.2\lib\win64.o\librdi_curl.dll
0x000007feeaa40000 - 0x000007feeaa58000 	C:\Xilinx\SDK\2015.2\lib\win64.o\librdiconfig.dll
0x000000006d9b0000 - 0x000000006dad7000 	C:\Xilinx\SDK\2015.2\lib\win64.o\tcl85t.dll
0x000000001fc10000 - 0x000000001fe73000 	C:\Xilinx\SDK\2015.2\lib\win64.o\xerces-c_3_1.dll
0x000007fef6360000 - 0x000007fef6383000 	C:\Windows\system32\VCOMP110.DLL
0x000007fec7970000 - 0x000007fec7b58000 	C:\Xilinx\SDK\2015.2\lib\win64.o\librdi_hsm.dll
0x000007fee99c0000 - 0x000007fee9a03000 	C:\Xilinx\SDK\2015.2\lib\win64.o\librdi_hdf.dll
0x000007fec6d10000 - 0x000007fec6eca000 	C:\Xilinx\SDK\2015.2\lib\win64.o\librdi_ippcw.dll
0x000007feef540000 - 0x000007feef548000 	C:\Xilinx\SDK\2015.2\lib\win64.o\librdi_target_manager.dll
0x000007feeb0d0000 - 0x000007feeb0e0000 	C:\Xilinx\SDK\2015.2\lib\win64.o\librdi_repo_manager.dll
0x000007fee9080000 - 0x000007fee909c000 	C:\Xilinx\SDK\2015.2\lib\win64.o\librdi_hw_platform.dll
0x000007fefa6f0000 - 0x000007fefa6f7000 	C:\Windows\system32\msimg32.dll
0x000007fee7d50000 - 0x000007fee7d66000 	C:\Xilinx\SDK\2015.2\eclipse\win64.o\plugins\org.eclipse.cdt.core.win32.x86_64_5.2.0.201402142303\os\win32\x86_64\spawner.dll
0x000007fec8370000 - 0x000007fec877a000 	C:\Xilinx\SDK\2015.2\lib\win64.o\librdi_commontasks.dll
0x000007fec7b60000 - 0x000007fec8370000 	C:\Xilinx\SDK\2015.2\lib\win64.o\libXil_lmgr11FNP.dll
0x000007fef90f0000 - 0x000007fef90fb000 	C:\Windows\system32\snmpapi.dll
0x000007fefd580000 - 0x000007fefd757000 	C:\Windows\system32\SETUPAPI.dll
0x000007fefd030000 - 0x000007fefd04a000 	C:\Windows\system32\DEVOBJ.dll
0x000007fee7d30000 - 0x000007fee7d4b000 	C:\Xilinx\SDK\2015.2\lib\win64.o\librdi_sw_platform.dll
0x000007fefa790000 - 0x000007fefa79f000 	C:\Windows\system32\wbem\wbemprox.dll
0x000007fefa630000 - 0x000007fefa6b6000 	C:\Windows\system32\wbemcomn.dll

VM Arguments:
jvm_args: -Dcom.xilinx.sdk.args.hwspec=C:/Users/Tung/Desktop/vdma_hdmi_conv_v1/axi_conv_fp_3x3/axi_conv_fp_3x3.sdk/design_1_wrapper.hdf -Xms64m -Xmx512m & 
java_command: <unknown>
java_class_path (initial): C:\Xilinx\SDK\2015.2\eclipse\win64.o\\plugins/org.eclipse.equinox.launcher_1.3.0.v20130327-1440.jar
Launcher Type: generic

Environment Variables:
USERNAME=Tung
OS=Windows_NT
PROCESSOR_IDENTIFIER=Intel64 Family 6 Model 60 Stepping 3, GenuineIntel



---------------  S Y S T E M  ---------------

OS: Windows 7 , 64 bit Build 7601 Service Pack 1

CPU:total 4 (4 cores per cpu, 1 threads per core) family 6 model 60 stepping 3, cmov, cx8, fxsr, mmx, sse, sse2, sse3, ssse3, sse4.1, sse4.2, popcnt, avx, avx2, aes, clmul, erms, lzcnt, tsc, tscinvbit, bmi1, bmi2

Memory: 4k page, physical 4110972k(656596k free), swap 8220100k(3108216k free)

vm_info: Java HotSpot(TM) 64-Bit Server VM (25.25-b02) for windows-amd64 JRE (1.8.0_25-b18), built on Oct  7 2014 14:25:37 by "java_re" with MS VC++ 10.0 (VS2010)

time: Mon Aug 20 13:06:01 2018
elapsed time: 188 seconds (0d 0h 3m 8s)

