#
# A fatal error has been detected by the Java Runtime Environment:
#
#  Internal Error (0xc000000d), pid=3256, tid=4980
#
# JRE version: Java(TM) SE Runtime Environment (8.0_25-b18) (build 1.8.0_25-b18)
# Java VM: Java HotSpot(TM) 64-Bit Server VM (25.25-b02 mixed mode windows-amd64 compressed oops)
# Problematic frame:
# C  [ntdll.dll+0x7a291]
#
# Failed to write core dump. Minidumps are not enabled by default on client versions of Windows
#
# If you would like to submit a bug report, please visit:
#   http://bugreport.sun.com/bugreport/crash.jsp
#

---------------  T H R E A D  ---------------

Current thread (0x0000000013af6000):  VMThread [stack: 0x0000000014b60000,0x0000000014c60000] [id=4980]

siginfo: ExceptionCode=0xc000000d

Registers:
RAX=0x000000006271aa7a, RBX=0x0000000000000000, RCX=0x0000000014c5ed10, RDX=0x0000000000000000
RSP=0x0000000014c5f320, RBP=0x000000000070eb20, RSI=0x000007feedb37408, RDI=0x0000000014c5f468
R8 =0x0000000000000000, R9 =0x0000000000000000, R10=0x0000000000000000, R11=0x0000000000000246
R12=0x000000001fd6dc50, R13=0x000000001fd6cf20, R14=0x000000000070ec28, R15=0x0000000000000000
RIP=0x00000000778fa291, EFLAGS=0x0000000000000202

Top of Stack: (sp=0x0000000014c5f320)
0x0000000014c5f320:   0000000000000000 000007feedb37408
0x0000000014c5f330:   0000000014c5f468 0000000077880214
0x0000000014c5f340:   00000000000000c4 0000000014c5f548
0x0000000014c5f350:   0000000000000000 0000000000000000
0x0000000014c5f360:   0000000000000002 0000000000000134
0x0000000014c5f370:   00000000c000000d 0000000000000000
0x0000000014c5f380:   00000000778fa291 0000000000000000
0x0000000014c5f390:   0000000000000000 0000000000000000
0x0000000014c5f3a0:   0000000000000000 0000000000000000
0x0000000014c5f3b0:   0000000000000000 0000000000000000
0x0000000014c5f3c0:   0000000000000000 0000000000000000
0x0000000014c5f3d0:   0000000000000000 0000000000000000
0x0000000014c5f3e0:   0000000000000000 0000000000000000
0x0000000014c5f3f0:   0000000000000000 0000000000000000
0x0000000014c5f400:   0000000000000000 00000000778ac8d8
0x0000000014c5f410:   0000000000000ac0 00000000777a2fe8 

Instructions: (pc=0x00000000778fa291)
0x00000000778fa271:   5b 8c fd ff b9 57 00 00 00 c7 44 24 50 0d 00 00
0x00000000778fa281:   c0 e8 49 8f fd ff 48 8d 4c 24 50 e8 cf f2 f9 ff
0x00000000778fa291:   4c 8b 1d 40 81 0b 00 4d 85 db 74 5b 65 48 8b 04
0x00000000778fa2a1:   25 30 00 00 00 f6 80 ee 17 00 00 08 74 12 65 48 


Register to memory mapping:

RAX=0x000000006271aa7a is an unknown value
RBX=0x0000000000000000 is an unknown value
RCX=0x0000000014c5ed10 is an unknown value
RDX=0x0000000000000000 is an unknown value
RSP=0x0000000014c5f320 is an unknown value
RBP=0x000000000070eb20 is an unknown value
RSI=0x000007feedb37408 is an unknown value
RDI=0x0000000014c5f468 is an unknown value
R8 =0x0000000000000000 is an unknown value
R9 =0x0000000000000000 is an unknown value
R10=0x0000000000000000 is an unknown value
R11=0x0000000000000246 is an unknown value
R12=0x000000001fd6dc50 is an unknown value
R13=0x000000001fd6cf20 is an unknown value
R14=0x000000000070ec28 is an unknown value
R15=0x0000000000000000 is an unknown value


Stack: [0x0000000014b60000,0x0000000014c60000],  sp=0x0000000014c5f320,  free space=1020k
Native frames: (J=compiled Java code, j=interpreted, Vv=VM code, C=native code)
C  [ntdll.dll+0x7a291]
C  [kernel32.dll+0x42fe8]
C  [MSVCR110.dll+0x752d]
C  [MSVCR110.dll+0x14cde]
C  [MSVCR110.dll+0x13edc]
C  [MSVCR110.dll+0x239e]
C  [MSVCR110.dll+0xaf9e]
C  [MSVCP110.dll+0x397b9]
C  [librdi_common.dll+0x135d02]
C  [librdi_common.dll+0x13447b]
C  [librdi_commontasks.dll+0x1cc33c]
C  [librdi_commontasks.dll+0x1cc5be]
C  [ntdll.dll+0x24371]
C  [ntdll.dll+0x24180]
C  [MSVCR100.dll+0x20ccd]
V  [jvm.dll+0x1f9c55]
V  [jvm.dll+0x2325e7]
V  [jvm.dll+0x231826]
V  [jvm.dll+0x231cc1]
V  [jvm.dll+0x231ede]
V  [jvm.dll+0x2852fa]
C  [MSVCR100.dll+0x21d9f]
C  [MSVCR100.dll+0x21e3b]
C  [kernel32.dll+0x1652d]
C  [ntdll.dll+0x2c521]

VM_Operation (0x000000000012f500): Exit, mode: safepoint, requested by thread 0x0000000002598000


---------------  P R O C E S S  ---------------

Java Threads: ( => current thread )
  0x000000001a149800 JavaThread "Thread-13" daemon [_thread_blocked, id=5032, stack(0x0000000021120000,0x0000000021220000)]
  0x0000000019f7c800 JavaThread "TCF Locator DNS Lookup" daemon [_thread_blocked, id=4192, stack(0x000000001fbe0000,0x000000001fce0000)]
  0x0000000019f7b800 JavaThread "TCF Locator Timer" daemon [_thread_blocked, id=4540, stack(0x000000001fae0000,0x000000001fbe0000)]
  0x0000000019f7b000 JavaThread "TCF Locator Receiver" daemon [_thread_in_native, id=2184, stack(0x000000001f9e0000,0x000000001fae0000)]
  0x0000000019f76800 JavaThread "TCF Timer Dispatcher" daemon [_thread_blocked, id=3108, stack(0x000000001bbd0000,0x000000001bcd0000)]
  0x0000000016d5c800 JavaThread "EMF Reference Cleaner" daemon [_thread_blocked, id=4696, stack(0x00000000185f0000,0x00000000186f0000)]
  0x0000000013b6e800 JavaThread "Service Thread" daemon [_thread_blocked, id=2160, stack(0x0000000015760000,0x0000000015860000)]
  0x0000000013b67800 JavaThread "C1 CompilerThread2" daemon [_thread_blocked, id=5048, stack(0x0000000015660000,0x0000000015760000)]
  0x0000000013b66000 JavaThread "C2 CompilerThread1" daemon [_thread_blocked, id=1644, stack(0x0000000015560000,0x0000000015660000)]
  0x0000000014e67000 JavaThread "C2 CompilerThread0" daemon [_thread_blocked, id=4624, stack(0x0000000015460000,0x0000000015560000)]
  0x0000000014e65800 JavaThread "Attach Listener" daemon [_thread_blocked, id=4848, stack(0x0000000015360000,0x0000000015460000)]
  0x0000000013b65000 JavaThread "Signal Dispatcher" daemon [_thread_blocked, id=1952, stack(0x0000000015260000,0x0000000015360000)]
  0x0000000013b03000 JavaThread "Finalizer" daemon [_thread_blocked, id=1004, stack(0x0000000014d60000,0x0000000014e60000)]
  0x0000000013afa000 JavaThread "Reference Handler" daemon [_thread_blocked, id=2720, stack(0x0000000014c60000,0x0000000014d60000)]
  0x0000000002598000 JavaThread "main" [_thread_blocked, id=1912, stack(0x0000000000030000,0x0000000000130000)]

Other Threads:
=>0x0000000013af6000 VMThread [stack: 0x0000000014b60000,0x0000000014c60000] [id=4980]

VM state:at safepoint (shutting down)

VM Mutex/Monitor currently owned by a thread:  ([mutex/lock_event])
[0x00000000027fdd10] Threads_lock - owner thread: 0x0000000013af6000

Heap:
 PSYoungGen      total 93696K, used 23597K [0x00000000f5580000, 0x00000000fc600000, 0x0000000100000000)
  eden space 72192K, 32% used [0x00000000f5580000,0x00000000f6c8b438,0x00000000f9c00000)
  from space 21504K, 0% used [0x00000000fb100000,0x00000000fb100000,0x00000000fc600000)
  to   space 21504K, 0% used [0x00000000f9c00000,0x00000000f9c00000,0x00000000fb100000)
 ParOldGen       total 104960K, used 40246K [0x00000000e0000000, 0x00000000e6680000, 0x00000000f5580000)
  object space 104960K, 38% used [0x00000000e0000000,0x00000000e274d9f0,0x00000000e6680000)
 Metaspace       used 68863K, capacity 74224K, committed 74328K, reserved 1114112K
  class space    used 8597K, capacity 10300K, committed 10328K, reserved 1048576K

Card table byte_map: [0x00000000026e0000,0x00000000027f0000] byte_map_base: 0x0000000001fe0000

Marking Bits: (ParMarkBitMap*) 0x00000000663ed490
 Begin Bits: [0x0000000012070000, 0x0000000012870000)
 End Bits:   [0x0000000012870000, 0x0000000013070000)

Polling page: 0x0000000000320000

CodeCache: size=245760Kb used=19341Kb max_used=19341Kb free=226419Kb
 bounds [0x0000000002800000, 0x0000000003b10000, 0x0000000011800000]
 total_blobs=6439 nmethods=5618 adapters=732
 compilation: enabled

Compilation events (10 events):
Event: 81.416 Thread 0x0000000013b67800 nmethod 6769 0x00000000035e0510 code [0x00000000035e0660, 0x00000000035e0770]
Event: 81.416 Thread 0x0000000014e67000 nmethod 6761 0x0000000003afd910 code [0x0000000003afdac0, 0x0000000003afe3a8]
Event: 81.416 Thread 0x0000000013b67800 6770       1       org.eclipse.osgi.internal.loader.BundleLoaderProxy::getBundleData (5 bytes)
Event: 81.416 Thread 0x0000000013b67800 nmethod 6770 0x000000000300c0d0 code [0x000000000300c220, 0x000000000300c330]
Event: 81.433 Thread 0x0000000013b67800 6772       3       java.io.File::list (33 bytes)
Event: 81.434 Thread 0x0000000013b67800 nmethod 6772 0x0000000003908310 code [0x00000000039084e0, 0x0000000003908c08]
Event: 81.438 Thread 0x0000000013b67800 6773   !   3       org.eclipse.osgi.internal.baseadaptor.BaseStorage::compact (215 bytes)
Event: 81.440 Thread 0x0000000013b67800 nmethod 6773 0x0000000003aff290 code [0x0000000003aff6c0, 0x0000000003b01b28]
Event: 81.442 Thread 0x0000000013b67800 6774       3       org.eclipse.osgi.framework.internal.core.AbstractBundle::close (52 bytes)
Event: 81.442 Thread 0x0000000013b67800 nmethod 6774 0x0000000003906e90 code [0x00000000039070c0, 0x0000000003907da8]

GC Heap History (10 events):
Event: 4.357 GC heap before
{Heap before GC invocations=12 (full 3):
 PSYoungGen      total 72704K, used 13615K [0x00000000f5580000, 0x00000000fba80000, 0x0000000100000000)
  eden space 53760K, 0% used [0x00000000f5580000,0x00000000f5580000,0x00000000f8a00000)
  from space 18944K, 71% used [0x00000000f8a00000,0x00000000f974bdb8,0x00000000f9c80000)
  to   space 19968K, 0% used [0x00000000fa700000,0x00000000fa700000,0x00000000fba80000)
 ParOldGen       total 81920K, used 28283K [0x00000000e0000000, 0x00000000e5000000, 0x00000000f5580000)
  object space 81920K, 34% used [0x00000000e0000000,0x00000000e1b9edd8,0x00000000e5000000)
 Metaspace       used 54675K, capacity 58902K, committed 59028K, reserved 1099776K
  class space    used 6728K, capacity 8071K, committed 8152K, reserved 1048576K
Event: 4.486 GC heap after
Heap after GC invocations=12 (full 3):
 PSYoungGen      total 72704K, used 0K [0x00000000f5580000, 0x00000000fba80000, 0x0000000100000000)
  eden space 53760K, 0% used [0x00000000f5580000,0x00000000f5580000,0x00000000f8a00000)
  from space 18944K, 0% used [0x00000000f8a00000,0x00000000f8a00000,0x00000000f9c80000)
  to   space 19968K, 0% used [0x00000000fa700000,0x00000000fa700000,0x00000000fba80000)
 ParOldGen       total 104960K, used 30644K [0x00000000e0000000, 0x00000000e6680000, 0x00000000f5580000)
  object space 104960K, 29% used [0x00000000e0000000,0x00000000e1ded300,0x00000000e6680000)
 Metaspace       used 54675K, capacity 58902K, committed 59028K, reserved 1099776K
  class space    used 6728K, capacity 8071K, committed 8152K, reserved 1048576K
}
Event: 4.764 GC heap before
{Heap before GC invocations=13 (full 3):
 PSYoungGen      total 72704K, used 53760K [0x00000000f5580000, 0x00000000fba80000, 0x0000000100000000)
  eden space 53760K, 100% used [0x00000000f5580000,0x00000000f8a00000,0x00000000f8a00000)
  from space 18944K, 0% used [0x00000000f8a00000,0x00000000f8a00000,0x00000000f9c80000)
  to   space 19968K, 0% used [0x00000000fa700000,0x00000000fa700000,0x00000000fba80000)
 ParOldGen       total 104960K, used 30644K [0x00000000e0000000, 0x00000000e6680000, 0x00000000f5580000)
  object space 104960K, 29% used [0x00000000e0000000,0x00000000e1ded300,0x00000000e6680000)
 Metaspace       used 57707K, capacity 62174K, committed 62296K, reserved 1103872K
  class space    used 7162K, capacity 8523K, committed 8536K, reserved 1048576K
Event: 4.774 GC heap after
Heap after GC invocations=13 (full 3):
 PSYoungGen      total 80384K, used 9942K [0x00000000f5580000, 0x00000000fb800000, 0x0000000100000000)
  eden space 62976K, 0% used [0x00000000f5580000,0x00000000f5580000,0x00000000f9300000)
  from space 17408K, 57% used [0x00000000fa700000,0x00000000fb0b5870,0x00000000fb800000)
  to   space 18944K, 0% used [0x00000000f9300000,0x00000000f9300000,0x00000000fa580000)
 ParOldGen       total 104960K, used 30652K [0x00000000e0000000, 0x00000000e6680000, 0x00000000f5580000)
  object space 104960K, 29% used [0x00000000e0000000,0x00000000e1def300,0x00000000e6680000)
 Metaspace       used 57707K, capacity 62174K, committed 62296K, reserved 1103872K
  class space    used 7162K, capacity 8523K, committed 8536K, reserved 1048576K
}
Event: 45.715 GC heap before
{Heap before GC invocations=14 (full 3):
 PSYoungGen      total 80384K, used 72918K [0x00000000f5580000, 0x00000000fb800000, 0x0000000100000000)
  eden space 62976K, 100% used [0x00000000f5580000,0x00000000f9300000,0x00000000f9300000)
  from space 17408K, 57% used [0x00000000fa700000,0x00000000fb0b5870,0x00000000fb800000)
  to   space 18944K, 0% used [0x00000000f9300000,0x00000000f9300000,0x00000000fa580000)
 ParOldGen       total 104960K, used 30652K [0x00000000e0000000, 0x00000000e6680000, 0x00000000f5580000)
  object space 104960K, 29% used [0x00000000e0000000,0x00000000e1def300,0x00000000e6680000)
 Metaspace       used 67272K, capacity 72682K, committed 72920K, reserved 1112064K
  class space    used 8424K, capacity 10106K, committed 10200K, reserved 1048576K
Event: 45.728 GC heap after
Heap after GC invocations=14 (full 3):
 PSYoungGen      total 81920K, used 18927K [0x00000000f5580000, 0x00000000fc600000, 0x0000000100000000)
  eden space 62976K, 0% used [0x00000000f5580000,0x00000000f5580000,0x00000000f9300000)
  from space 18944K, 99% used [0x00000000f9300000,0x00000000fa57bfc8,0x00000000fa580000)
  to   space 21504K, 0% used [0x00000000fb100000,0x00000000fb100000,0x00000000fc600000)
 ParOldGen       total 104960K, used 31735K [0x00000000e0000000, 0x00000000e6680000, 0x00000000f5580000)
  object space 104960K, 30% used [0x00000000e0000000,0x00000000e1efdd58,0x00000000e6680000)
 Metaspace       used 67272K, capacity 72682K, committed 72920K, reserved 1112064K
  class space    used 8424K, capacity 10106K, committed 10200K, reserved 1048576K
}
Event: 63.484 GC heap before
{Heap before GC invocations=15 (full 3):
 PSYoungGen      total 81920K, used 23577K [0x00000000f5580000, 0x00000000fc600000, 0x0000000100000000)
  eden space 62976K, 7% used [0x00000000f5580000,0x00000000f5a0a5a8,0x00000000f9300000)
  from space 18944K, 99% used [0x00000000f9300000,0x00000000fa57bfc8,0x00000000fa580000)
  to   space 21504K, 0% used [0x00000000fb100000,0x00000000fb100000,0x00000000fc600000)
 ParOldGen       total 104960K, used 31735K [0x00000000e0000000, 0x00000000e6680000, 0x00000000f5580000)
  object space 104960K, 30% used [0x00000000e0000000,0x00000000e1efdd58,0x00000000e6680000)
 Metaspace       used 67325K, capacity 72682K, committed 72920K, reserved 1112064K
  class space    used 8424K, capacity 10106K, committed 10200K, reserved 1048576K
Event: 63.492 GC heap after
Heap after GC invocations=15 (full 3):
 PSYoungGen      total 93696K, used 12680K [0x00000000f5580000, 0x00000000fc600000, 0x0000000100000000)
  eden space 72192K, 0% used [0x00000000f5580000,0x00000000f5580000,0x00000000f9c00000)
  from space 21504K, 58% used [0x00000000fb100000,0x00000000fbd62248,0x00000000fc600000)
  to   space 21504K, 0% used [0x00000000f9c00000,0x00000000f9c00000,0x00000000fb100000)
 ParOldGen       total 104960K, used 31735K [0x00000000e0000000, 0x00000000e6680000, 0x00000000f5580000)
  object space 104960K, 30% used [0x00000000e0000000,0x00000000e1efdd58,0x00000000e6680000)
 Metaspace       used 67325K, capacity 72682K, committed 72920K, reserved 1112064K
  class space    used 8424K, capacity 10106K, committed 10200K, reserved 1048576K
}
Event: 63.492 GC heap before
{Heap before GC invocations=16 (full 4):
 PSYoungGen      total 93696K, used 12680K [0x00000000f5580000, 0x00000000fc600000, 0x0000000100000000)
  eden space 72192K, 0% used [0x00000000f5580000,0x00000000f5580000,0x00000000f9c00000)
  from space 21504K, 58% used [0x00000000fb100000,0x00000000fbd62248,0x00000000fc600000)
  to   space 21504K, 0% used [0x00000000f9c00000,0x00000000f9c00000,0x00000000fb100000)
 ParOldGen       total 104960K, used 31735K [0x00000000e0000000, 0x00000000e6680000, 0x00000000f5580000)
  object space 104960K, 30% used [0x00000000e0000000,0x00000000e1efdd58,0x00000000e6680000)
 Metaspace       used 67325K, capacity 72682K, committed 72920K, reserved 1112064K
  class space    used 8424K, capacity 10106K, committed 10200K, reserved 1048576K
Event: 63.708 GC heap after
Heap after GC invocations=16 (full 4):
 PSYoungGen      total 93696K, used 0K [0x00000000f5580000, 0x00000000fc600000, 0x0000000100000000)
  eden space 72192K, 0% used [0x00000000f5580000,0x00000000f5580000,0x00000000f9c00000)
  from space 21504K, 0% used [0x00000000fb100000,0x00000000fb100000,0x00000000fc600000)
  to   space 21504K, 0% used [0x00000000f9c00000,0x00000000f9c00000,0x00000000fb100000)
 ParOldGen       total 104960K, used 40246K [0x00000000e0000000, 0x00000000e6680000, 0x00000000f5580000)
  object space 104960K, 38% used [0x00000000e0000000,0x00000000e274d9f0,0x00000000e6680000)
 Metaspace       used 67325K, capacity 72682K, committed 72920K, reserved 1112064K
  class space    used 8424K, capacity 10106K, committed 10200K, reserved 1048576K
}

Deoptimization events (10 events):
Event: 79.062 Thread 0x0000000002598000 Uncommon trap: reason=bimorphic action=maybe_recompile pc=0x000000000390d6e8 method=org.eclipse.swt.widgets.Control.windowProc(JIJJ)J @ 1660
Event: 79.979 Thread 0x0000000002598000 Uncommon trap: reason=speculate_class_check action=maybe_recompile pc=0x000000000356d350 method=com.sun.org.apache.xerces.internal.dom.ElementImpl.getTagName()Ljava/lang/String; @ 8
Event: 79.979 Thread 0x0000000002598000 Uncommon trap: reason=speculate_class_check action=maybe_recompile pc=0x000000000356d350 method=com.sun.org.apache.xerces.internal.dom.ElementImpl.getTagName()Ljava/lang/String; @ 8
Event: 79.980 Thread 0x0000000002598000 Uncommon trap: reason=speculate_class_check action=maybe_recompile pc=0x000000000356d350 method=com.sun.org.apache.xerces.internal.dom.ElementImpl.getTagName()Ljava/lang/String; @ 8
Event: 79.981 Thread 0x0000000002598000 Uncommon trap: reason=speculate_class_check action=maybe_recompile pc=0x000000000356d350 method=com.sun.org.apache.xerces.internal.dom.ElementImpl.getTagName()Ljava/lang/String; @ 8
Event: 80.049 Thread 0x0000000002598000 Uncommon trap: reason=unreached action=reinterpret pc=0x0000000003978ecc method=org.eclipse.e4.core.internal.di.InjectorImpl.resolveArgs(Lorg/eclipse/e4/core/internal/di/Requestor;Lorg/eclipse/e4/core/di/suppliers/PrimaryObjectSupplier;Lorg/eclipse/e4/coreJ%ºÕaT@
Event: 80.178 Thread 0x0000000002598000 Uncommon trap: reason=unreached action=reinterpret pc=0x00000000039c18b4 method=org.eclipse.swt.widgets.Display.drawMenuBars()V @ 4
Event: 80.216 Thread 0x0000000019f7d000 Uncommon trap: reason=bimorphic action=maybe_recompile pc=0x000000000343a8c0 method=java.util.Properties.load0(Ljava/util/Properties$LineReader;)V @ 242
Event: 80.277 Thread 0x0000000002598000 Uncommon trap: reason=unreached action=reinterpret pc=0x0000000003175800 method=org.eclipse.e4.ui.model.application.impl.ApplicationElementImpl.eIsSet(I)Z @ 132
Event: 81.386 Thread 0x0000000002598000 Uncommon trap: reason=null_check action=make_not_entrant pc=0x00000000031ec920 method=org.eclipse.core.runtime.internal.adaptor.EclipseLazyStarter.shouldActivateFor(Ljava/lang/String;Lorg/eclipse/osgi/baseadaptor/BaseData;Lorg/eclipse/core/runtime/internalsq€÷ÃS@

Internal exceptions (10 events):
Event: 80.068 Thread 0x000000001d839000 Exception <a 'sun/net/ConnectionResetException': > (0x00000000f5aa07f8) thrown at [D:\re\workspace\8-2-build-windows-amd64-cygwin\jdk8u25\1677\hotspot\src\share\vm\prims\jni.cpp, line 742]
Event: 80.069 Thread 0x000000001d839800 Exception <a 'java/net/SocketException': Connection reset by peer: socket write error> (0x00000000f5d0c088) thrown at [D:\re\workspace\8-2-build-windows-amd64-cygwin\jdk8u25\1677\hotspot\src\share\vm\prims\jni.cpp, line 742]
Event: 80.070 Thread 0x000000001d839800 Exception <a 'java/net/SocketException': Socket closed> (0x00000000f5de3158) thrown at [D:\re\workspace\8-2-build-windows-amd64-cygwin\jdk8u25\1677\hotspot\src\share\vm\prims\jni.cpp, line 742]
Event: 80.072 Thread 0x0000000019f79800 Exception <a 'java/lang/InterruptedException'> (0x00000000f5df9a18) thrown at [D:\re\workspace\8-2-build-windows-amd64-cygwin\jdk8u25\1677\hotspot\src\share\vm\runtime\objectMonitor.cpp, line 1682]
Event: 80.368 Thread 0x000000001a148000 Exception <a 'java/lang/InterruptedException'> (0x00000000f569fb78) thrown at [D:\re\workspace\8-2-build-windows-amd64-cygwin\jdk8u25\1677\hotspot\src\share\vm\runtime\objectMonitor.cpp, line 1682]
Event: 81.386 Thread 0x0000000002598000 Implicit null exception at 0x00000000031ebce3 to 0x00000000031ec911
Event: 81.418 Thread 0x0000000015fd5000 Exception <a 'java/lang/InterruptedException': sleep interrupted> (0x00000000f6b49348) thrown at [D:\re\workspace\8-2-build-windows-amd64-cygwin\jdk8u25\1677\hotspot\src\share\vm\prims\jvm.cpp, line 3141]
Event: 81.418 Thread 0x0000000016d5f000 Exception <a 'java/lang/InterruptedException'> (0x00000000f6bfdaa8) thrown at [D:\re\workspace\8-2-build-windows-amd64-cygwin\jdk8u25\1677\hotspot\src\share\vm\runtime\objectMonitor.cpp, line 1682]
Event: 81.418 Thread 0x0000000016146000 Exception <a 'java/lang/InterruptedException'> (0x00000000f6c07960) thrown at [D:\re\workspace\8-2-build-windows-amd64-cygwin\jdk8u25\1677\hotspot\src\share\vm\runtime\objectMonitor.cpp, line 1682]
Event: 81.442 Thread 0x00000000160d7800 Exception <a 'java/lang/InterruptedException'> (0x00000000f6a831e0) thrown at [D:\re\workspace\8-2-build-windows-amd64-cygwin\jdk8u25\1677\hotspot\src\share\vm\runtime\objectMonitor.cpp, line 1682]

Events (10 events):
Event: 81.440 Thread 0x0000000013b67800 flushing nmethod 0x000000000367ff90
Event: 81.442 Thread 0x00000000160d7800 Thread exited: 0x00000000160d7800
Event: 81.442 Thread 0x0000000015b81800 Thread exited: 0x0000000015b81800
Event: 81.442 loading class java/util/IdentityHashMap$KeyIterator
Event: 81.442 loading class java/util/IdentityHashMap$IdentityHashMapIterator
Event: 81.442 loading class java/util/IdentityHashMap$IdentityHashMapIterator done
Event: 81.442 loading class java/util/IdentityHashMap$KeyIterator done
Event: 81.442 Thread 0x0000000016d5f000 Thread added: 0x0000000016d5f000
Event: 81.443 Thread 0x0000000016d5f000 Thread exited: 0x0000000016d5f000
Event: 81.443 Executing VM operation: Exit


Dynamic libraries:
0x0000000000400000 - 0x000000000044f000 	C:\Xilinx\SDK\2015.2\eclipse\win64.o\eclipse.exe
0x0000000077880000 - 0x0000000077a29000 	C:\Windows\SYSTEM32\ntdll.dll
0x0000000077760000 - 0x000000007787f000 	C:\Windows\system32\kernel32.dll
0x000007fefd880000 - 0x000007fefd8eb000 	C:\Windows\system32\KERNELBASE.dll
0x0000000077660000 - 0x000000007775a000 	C:\Windows\system32\USER32.dll
0x000007fefecd0000 - 0x000007fefed37000 	C:\Windows\system32\GDI32.dll
0x000007fefeb10000 - 0x000007fefeb1e000 	C:\Windows\system32\LPK.dll
0x000007fefee60000 - 0x000007fefef29000 	C:\Windows\system32\USP10.dll
0x000007feffaf0000 - 0x000007feffb8f000 	C:\Windows\system32\msvcrt.dll
0x000007fefbfa0000 - 0x000007fefc194000 	C:\Windows\WinSxS\amd64_microsoft.windows.common-controls_6595b64144ccf1df_6.0.7601.17514_none_fa396087175ac9ac\COMCTL32.dll
0x000007fefeff0000 - 0x000007feff061000 	C:\Windows\system32\SHLWAPI.dll
0x000007feff8f0000 - 0x000007feff91e000 	C:\Windows\system32\IMM32.DLL
0x000007fefed40000 - 0x000007fefee49000 	C:\Windows\system32\MSCTF.dll
0x0000000072000000 - 0x0000000072012000 	C:\Xilinx\SDK\2015.2\eclipse\win64.o\plugins\org.eclipse.equinox.launcher.win32.win32.x86_64_1.1.200.v20140116-2212\eclipse_1503.dll
0x000007fefebf0000 - 0x000007fefeccb000 	C:\Windows\system32\ADVAPI32.dll
0x000007feff460000 - 0x000007feff47f000 	C:\Windows\SYSTEM32\sechost.dll
0x000007feff150000 - 0x000007feff27d000 	C:\Windows\system32\RPCRT4.dll
0x000007fefc930000 - 0x000007fefc93c000 	C:\Windows\system32\VERSION.dll
0x000007fefbf20000 - 0x000007fefbf76000 	C:\Windows\system32\uxtheme.dll
0x0000000065c10000 - 0x000000006646a000 	C:\Xilinx\SDK\2015.2\tps\win64\jre\bin\server\jvm.dll
0x000007fef1d00000 - 0x000007fef1d09000 	C:\Windows\system32\WSOCK32.dll
0x000007fefeba0000 - 0x000007fefebed000 	C:\Windows\system32\WS2_32.dll
0x000007fefee50000 - 0x000007fefee58000 	C:\Windows\system32\NSI.dll
0x000007fefb180000 - 0x000007fefb1bb000 	C:\Windows\system32\WINMM.dll
0x0000000077a50000 - 0x0000000077a57000 	C:\Windows\system32\PSAPI.DLL
0x000000006c120000 - 0x000000006c1f2000 	C:\Windows\system32\MSVCR100.dll
0x0000000071020000 - 0x000000007102f000 	C:\Xilinx\SDK\2015.2\tps\win64\jre\bin\verify.dll
0x0000000068bb0000 - 0x0000000068bd8000 	C:\Xilinx\SDK\2015.2\tps\win64\jre\bin\java.dll
0x0000000069930000 - 0x0000000069946000 	C:\Xilinx\SDK\2015.2\tps\win64\jre\bin\zip.dll
0x000007fefdd80000 - 0x000007fefeb08000 	C:\Windows\system32\SHELL32.dll
0x000007feff480000 - 0x000007feff683000 	C:\Windows\system32\ole32.dll
0x000007fefd7d0000 - 0x000007fefd7df000 	C:\Windows\system32\profapi.dll
0x000007fefd060000 - 0x000007fefd077000 	C:\Windows\system32\CRYPTSP.dll
0x000007fefcd60000 - 0x000007fefcda7000 	C:\Windows\system32\rsaenh.dll
0x000007fefcb20000 - 0x000007fefcb3e000 	C:\Windows\system32\USERENV.dll
0x000007fefd700000 - 0x000007fefd70f000 	C:\Windows\system32\CRYPTBASE.dll
0x0000000069910000 - 0x000000006992a000 	C:\Xilinx\SDK\2015.2\tps\win64\jre\bin\net.dll
0x000007fefd000000 - 0x000007fefd055000 	C:\Windows\system32\mswsock.dll
0x000007fefcff0000 - 0x000007fefcff7000 	C:\Windows\System32\wship6.dll
0x000007fefb050000 - 0x000007fefb077000 	C:\Windows\system32\IPHLPAPI.DLL
0x000007fefb040000 - 0x000007fefb04b000 	C:\Windows\system32\WINNSI.DLL
0x000007fefad00000 - 0x000007fefad11000 	C:\Windows\system32\dhcpcsvc6.DLL
0x000007fefad20000 - 0x000007fefad38000 	C:\Windows\system32\dhcpcsvc.DLL
0x0000000068b90000 - 0x0000000068ba1000 	C:\Xilinx\SDK\2015.2\tps\win64\jre\bin\nio.dll
0x000007feffa50000 - 0x000007feffae9000 	C:\Windows\system32\CLBCatQ.DLL
0x000007feff070000 - 0x000007feff147000 	C:\Windows\system32\OLEAUT32.dll
0x000007fefba00000 - 0x000007fefba15000 	C:\Windows\system32\NLAapi.dll
0x000007feed6e0000 - 0x000007feed6f5000 	C:\Windows\system32\napinsp.dll
0x000007feed6c0000 - 0x000007feed6d9000 	C:\Windows\system32\pnrpnsp.dll
0x000007fefce80000 - 0x000007fefcedb000 	C:\Windows\system32\DNSAPI.dll
0x000007feed6b0000 - 0x000007feed6bb000 	C:\Windows\System32\winrnr.dll
0x000007fefca00000 - 0x000007fefca07000 	C:\Windows\System32\wshtcpip.dll
0x000007fefa8a0000 - 0x000007fefa8a8000 	C:\Windows\system32\rasadhlp.dll
0x000007fefaed0000 - 0x000007fefaf23000 	C:\Windows\System32\fwpuclnt.dll
0x00000000168d0000 - 0x0000000016978000 	C:\Users\Tung\.Xilinx\SDK\2015.2\org.eclipse.osgi\bundles\287\1\.cp\swt-win32-4335.dll
0x000007fefef50000 - 0x000007fefefe7000 	C:\Windows\system32\comdlg32.dll
0x000007fefb080000 - 0x000007fefb0f1000 	C:\Windows\system32\WINSPOOL.DRV
0x000007feff920000 - 0x000007feffa4a000 	C:\Windows\system32\WININET.dll
0x000007fefdba0000 - 0x000007fefdd18000 	C:\Windows\system32\urlmon.dll
0x000007fefda30000 - 0x000007fefdb97000 	C:\Windows\system32\CRYPT32.dll
0x000007fefd870000 - 0x000007fefd87f000 	C:\Windows\system32\MSASN1.dll
0x000007feff690000 - 0x000007feff8e9000 	C:\Windows\system32\iertutil.dll
0x000007fefb6c0000 - 0x000007fefb6d8000 	C:\Windows\system32\dwmapi.dll
0x000007fefc2b0000 - 0x000007fefc3dc000 	C:\Windows\system32\propsys.dll
0x00000000003d0000 - 0x00000000003ee000 	C:\Users\Tung\.Xilinx\SDK\2015.2\org.eclipse.osgi\bundles\287\1\.cp\swt-gdip-win32-4335.dll
0x000007fefbd00000 - 0x000007fefbf15000 	C:\Windows\WinSxS\amd64_microsoft.windows.gdiplus_6595b64144ccf1df_1.1.7601.17514_none_2b24536c71ed437a\gdiplus.dll
0x000007fefb4b0000 - 0x000007fefb5da000 	C:\Windows\system32\WindowsCodecs.dll
0x0000000180000000 - 0x0000000180012000 	C:\Users\Tung\.Xilinx\SDK\2015.2\org.eclipse.osgi\bundles\113\1\.cp\os\win32\x86_64\localfile_1_0_0.dll
0x000007fef4e80000 - 0x000007fef4e91000 	C:\Users\Tung\.Xilinx\SDK\2015.2\org.eclipse.osgi\bundles\116\1\.cp\jWinHttp-1.0.0.dll
0x000007fef8b60000 - 0x000007fef8bd1000 	C:\Windows\system32\WINHTTP.dll
0x000007fef8af0000 - 0x000007fef8b54000 	C:\Windows\system32\webio.dll
0x000007fefd630000 - 0x000007fefd655000 	C:\Windows\system32\SspiCli.dll
0x000007fefcc30000 - 0x000007fefcc3a000 	C:\Windows\system32\credssp.dll
0x000007fefd8f0000 - 0x000007fefd926000 	C:\Windows\system32\CFGMGR32.dll
0x000007fefac90000 - 0x000007feface4000 	C:\Windows\system32\oleacc.dll
0x000007fefd7b0000 - 0x000007fefd7c4000 	C:\Windows\system32\RpcRtRemote.dll
0x000007fefd6a0000 - 0x000007fefd6f7000 	C:\Windows\system32\apphelp.dll
0x000007fef4e50000 - 0x000007fef4e5a000 	C:\Xilinx\SDK\2015.2\lib\win64.o\librdi_jtag_settings.dll
0x000007fef0c30000 - 0x000007fef0c59000 	C:\Xilinx\SDK\2015.2\lib\win64.o\librdi_debug_dialog.dll
0x000007fef4030000 - 0x000007fef4052000 	C:\Xilinx\SDK\2015.2\lib\win64.o\libboost_filesystem.dll
0x000007fefb470000 - 0x000007fefb479000 	C:\Xilinx\SDK\2015.2\lib\win64.o\libboost_system.dll
0x000007feed290000 - 0x000007feed337000 	C:\Windows\system32\MSVCP110.dll
0x000007feedb30000 - 0x000007feedc04000 	C:\Windows\system32\MSVCR110.dll
0x000007fec3ea0000 - 0x000007fec47e3000 	C:\Xilinx\SDK\2015.2\lib\win64.o\librdi_common.dll
0x000007fec4e90000 - 0x000007fec5138000 	C:\Xilinx\SDK\2015.2\lib\win64.o\libCOIN-all.dll
0x000007fec5e30000 - 0x000007fec6050000 	C:\Xilinx\SDK\2015.2\lib\win64.o\libXil_lmgr11.dll
0x000007fefb370000 - 0x000007fefb386000 	C:\Windows\system32\NETAPI32.dll
0x000007fefb360000 - 0x000007fefb36c000 	C:\Windows\system32\netutils.dll
0x000007fefd3d0000 - 0x000007fefd3f3000 	C:\Windows\system32\srvcli.dll
0x000007fefb340000 - 0x000007fefb355000 	C:\Windows\system32\wkscli.dll
0x000007fefd950000 - 0x000007fefd98a000 	C:\Windows\system32\WINTRUST.dll
0x000007fefb7d0000 - 0x000007fefb7e0000 	C:\Xilinx\SDK\2015.2\lib\win64.o\libboost_date_time.dll
0x000007fef1180000 - 0x000007fef11f4000 	C:\Xilinx\SDK\2015.2\lib\win64.o\libboost_program_options.dll
0x000007feea110000 - 0x000007feea20a000 	C:\Xilinx\SDK\2015.2\lib\win64.o\libboost_regex.dll
0x000007fef1c40000 - 0x000007fef1c53000 	C:\Xilinx\SDK\2015.2\lib\win64.o\libboost_signals.dll
0x000007fef1700000 - 0x000007fef171d000 	C:\Xilinx\SDK\2015.2\lib\win64.o\libboost_thread.dll
0x000007fef4e70000 - 0x000007fef4e7b000 	C:\Xilinx\SDK\2015.2\lib\win64.o\libboost_chrono.dll
0x000007feedc10000 - 0x000007feedc90000 	C:\Xilinx\SDK\2015.2\lib\win64.o\libhdlpsolve.dll
0x000007feec030000 - 0x000007feec0ca000 	C:\Xilinx\SDK\2015.2\lib\win64.o\libhdxml.dll
0x000007fec4880000 - 0x000007fec4e8a200 	C:\Xilinx\SDK\2015.2\lib\win64.o\libisl_iostreams.dll
0x000007fef16e0000 - 0x000007fef16f6000 	C:\Xilinx\SDK\2015.2\lib\win64.o\libboost_iostreams.dll
0x000007fef16b0000 - 0x000007fef16d3000 	C:\Xilinx\SDK\2015.2\lib\win64.o\librdizlib.dll
0x000007fef1020000 - 0x000007fef1043000 	C:\Xilinx\SDK\2015.2\lib\win64.o\libisl_iosutils.dll
0x000007fef1560000 - 0x000007fef158a000 	C:\Xilinx\SDK\2015.2\lib\win64.o\libisl_sysinfo.dll
0x000007fef4940000 - 0x000007fef4955000 	C:\Xilinx\SDK\2015.2\lib\win64.o\pthreadVC2.dll
0x000007fef0db0000 - 0x000007fef0e04000 	C:\Xilinx\SDK\2015.2\lib\win64.o\librdi_commonxillic.dll
0x000007fec6ae0000 - 0x000007fec6c10000 	C:\Xilinx\SDK\2015.2\lib\win64.o\librdi_curl.dll
0x000007fef1000000 - 0x000007fef1018000 	C:\Xilinx\SDK\2015.2\lib\win64.o\librdiconfig.dll
0x0000000064210000 - 0x0000000064337000 	C:\Xilinx\SDK\2015.2\lib\win64.o\tcl85t.dll
0x0000000020bb0000 - 0x0000000020e13000 	C:\Xilinx\SDK\2015.2\lib\win64.o\xerces-c_3_1.dll
0x000007feecae0000 - 0x000007feecb03000 	C:\Windows\system32\VCOMP110.DLL
0x000007fec3090000 - 0x000007fec3278000 	C:\Xilinx\SDK\2015.2\lib\win64.o\librdi_hsm.dll
0x000007fef0f00000 - 0x000007fef0f43000 	C:\Xilinx\SDK\2015.2\lib\win64.o\librdi_hdf.dll
0x000007fec2920000 - 0x000007fec2ada000 	C:\Xilinx\SDK\2015.2\lib\win64.o\librdi_ippcw.dll
0x000007fef49b0000 - 0x000007fef49b8000 	C:\Xilinx\SDK\2015.2\lib\win64.o\librdi_target_manager.dll
0x000007fef4850000 - 0x000007fef4860000 	C:\Xilinx\SDK\2015.2\lib\win64.o\librdi_repo_manager.dll
0x000007fef3290000 - 0x000007fef32ac000 	C:\Xilinx\SDK\2015.2\lib\win64.o\librdi_hw_platform.dll
0x000007fefb120000 - 0x000007fefb127000 	C:\Windows\system32\msimg32.dll
0x000007fec3a90000 - 0x000007fec3e9a000 	C:\Xilinx\SDK\2015.2\lib\win64.o\librdi_commontasks.dll
0x000007fec3280000 - 0x000007fec3a90000 	C:\Xilinx\SDK\2015.2\lib\win64.o\libXil_lmgr11FNP.dll
0x000007fef7c60000 - 0x000007fef7c6b000 	C:\Windows\system32\snmpapi.dll
0x000007feff280000 - 0x000007feff457000 	C:\Windows\system32\SETUPAPI.dll
0x000007fefd930000 - 0x000007fefd94a000 	C:\Windows\system32\DEVOBJ.dll
0x000007fec0630000 - 0x000007fec09c5000 	C:\Xilinx\SDK\2015.2\lib\win64.o\librdi_hsmtasks.dll
0x000000006bfe0000 - 0x000000006bfe3000 	C:\Windows\system32\icmp.Dll
0x000007fef3460000 - 0x000007fef3585000 	C:\Windows\system32\dbghelp.dll

VM Arguments:
jvm_args: -Dcom.xilinx.sdk.args.hwspec=C:/Users/Tung/Desktop/axi_dma_sg/axi_dma_sg.sdk/design_1_wrapper.hdf -Xms64m -Xmx512m & 
java_command: <unknown>
java_class_path (initial): C:\Xilinx\SDK\2015.2\eclipse\win64.o\\plugins/org.eclipse.equinox.launcher_1.3.0.v20130327-1440.jar
Launcher Type: generic

Environment Variables:
PATH=C:/Xilinx/SDK/2015.2/tps/win64/jre/bin/server;C:/Xilinx/SDK/2015.2/tps/win64/jre/bin;C:/Xilinx/SDK/2015.2/tps/win64/jre/lib/amd64;C:\Xilinx\SDK\2015.2\gnuwin\bin;C:\Xilinx\SDK\2015.2\gnu\microblaze\nt\bin;C:\Xilinx\SDK\2015.2\gnu\microblaze\linux_toolchain\nt64_le\bin;C:\Xilinx\SDK\2015.2\gnu\microblaze\linux_toolchain\nt64_be\bin;C:\Xilinx\SDK\2015.2\gnu\arm\nt\bin;C:\Xilinx\SDK\2015.2\gnu\aarch64\nt\aarch64-none\bin;C:\Xilinx\SDK\2015.2\gnu\aarch64\nt\aarch64-linux\bin;C:\Xilinx\SDK\2015.2\gnu\armr5\nt\gcc-arm-none-eabi\bin;C:\Xilinx\SDK\2015.2\gnu\aarch32\nt\gcc-arm-none-eabi\bin;C:\Xilinx\SDK\2015.2\gnu\aarch32\nt\gcc-arm-linux-gnueabi\bin;C:\Xilinx\SDK\2015.2\bin;C:\Xilinx\SDK\2015.2\lib\win64.o;C:\Xilinx\SDK\2015.2\tps\win64\jre\bin\server;C:\Xilinx\SDK\2015.2\tps\win64\jre\bin;C:\Xilinx\SDK\2015.2\bin;C:\Xilinx\SDK\2015.2\bin;C:\Xilinx\Vivado\2015.2\ids_lite\ISE\bin\nt64;C:\Xilinx\Vivado\2015.2\ids_lite\ISE\lib\nt64;C:\Xilinx\Vivado\2015.2\bin;C:\Xilinx\Vivado\2015.2\lib\win64.o;C:\Xilinx\Vivado\2015.2\tps\win64\jre\bin\server;C:\Xilinx\Vivado\2015.2\tps\win64\jre\bin;C:\Xilinx\SDK\2015.2\bin;C:\Xilinx\Vivado\2015.2\ids_lite\ISE\bin\nt64;C:\Xilinx\Vivado\2015.2\ids_lite\ISE\lib\nt64;C:\Xilinx\Vivado_HLS\2015.2\bin;C:\Program Files (x86)\Intel\iCLS Client\;C:\Program Files\Intel\iCLS Client\;C:\Windows\system32;C:\Windows;C:\Windows\System32\Wbem;C:\Windows\System32\WindowsPowerShell\v1.0\;C:\Program Files\Intel\Intel(R) Management Engine Components\DAL;C:\Program Files\Intel\Intel(R) Management Engine Components\IPT;C:\Program Files (x86)\Intel\Intel(R) Management Engine Components\DAL;C:\Program Files (x86)\Intel\Intel(R) Management Engine Components\IPT;C:\Program Files\MATLAB\R2016a\runtime\win64;C:\Program Files\MATLAB\R2016a\bin;C:\Program Files\MATLAB\R2016a\polyspace\bin;c:\Users\Tung\Desktop\axi_dma_sg;
USERNAME=Tung
OS=Windows_NT
PROCESSOR_IDENTIFIER=Intel64 Family 6 Model 60 Stepping 3, GenuineIntel



---------------  S Y S T E M  ---------------

OS: Windows 7 , 64 bit Build 7601 Service Pack 1

CPU:total 4 (4 cores per cpu, 1 threads per core) family 6 model 60 stepping 3, cmov, cx8, fxsr, mmx, sse, sse2, sse3, ssse3, sse4.1, sse4.2, popcnt, avx, avx2, aes, clmul, erms, lzcnt, tsc, tscinvbit, bmi1, bmi2

Memory: 4k page, physical 4110972k(1066464k free), swap 8220100k(2433544k free)

vm_info: Java HotSpot(TM) 64-Bit Server VM (25.25-b02) for windows-amd64 JRE (1.8.0_25-b18), built on Oct  7 2014 14:25:37 by "java_re" with MS VC++ 10.0 (VS2010)

time: Mon Jul 23 13:51:55 2018
elapsed time: 81 seconds (0d 0h 1m 21s)

