#
# A fatal error has been detected by the Java Runtime Environment:
#
#  Internal Error (0xc000000d), pid=3980, tid=3988
#
# JRE version: Java(TM) SE Runtime Environment (8.0_25-b18) (build 1.8.0_25-b18)
# Java VM: Java HotSpot(TM) 64-Bit Server VM (25.25-b02 mixed mode windows-amd64 compressed oops)
# Problematic frame:
# C  [ntdll.dll+0x7a291]
#
# Failed to write core dump. Minidumps are not enabled by default on client versions of Windows
#
# If you would like to submit a bug report, please visit:
#   http://bugreport.sun.com/bugreport/crash.jsp
#

---------------  T H R E A D  ---------------

Current thread (0x0000000013af6000):  VMThread [stack: 0x0000000014b60000,0x0000000014c60000] [id=3988]

siginfo: ExceptionCode=0xc000000d

Registers:
RAX=0x00000000627ab967, RBX=0x0000000000000000, RCX=0x0000000014c5ef10, RDX=0x0000000000000000
RSP=0x0000000014c5f520, RBP=0x0000000020d65db0, RSI=0x000007feedb37408, RDI=0x0000000014c5f668
R8 =0x0000000000000000, R9 =0x0000000000000000, R10=0x0000000000000000, R11=0x0000000000000246
R12=0x00000000242df9a0, R13=0x00000000242df960, R14=0x0000000020d65eb8, R15=0x0000000000000000
RIP=0x00000000778fa291, EFLAGS=0x0000000000000202

Top of Stack: (sp=0x0000000014c5f520)
0x0000000014c5f520:   0000000000000000 000007feedb37408
0x0000000014c5f530:   0000000014c5f668 000000d600000003
0x0000000014c5f540:   0000000000000000 0000000000000123
0x0000000014c5f550:   0000000000000000 0000000000000000
0x0000000014c5f560:   0000000000000002 000000002655a2a0
0x0000000014c5f570:   00000000c000000d 0000000000000000
0x0000000014c5f580:   00000000778fa291 0000000000000000
0x0000000014c5f590:   0000000000000000 0000000000000000
0x0000000014c5f5a0:   0000000000000000 0000000000000000
0x0000000014c5f5b0:   0000000000000000 0000000000000000
0x0000000014c5f5c0:   0000000000000000 0000000000000000
0x0000000014c5f5d0:   0000000000000000 0000000000000000
0x0000000014c5f5e0:   0000000000000000 0000000000000000
0x0000000014c5f5f0:   0000000000000000 0000000000000000
0x0000000014c5f600:   0000000000000000 0000000026554b80
0x0000000014c5f610:   0000000000000090 00000000777a2fe8 

Instructions: (pc=0x00000000778fa291)
0x00000000778fa271:   5b 8c fd ff b9 57 00 00 00 c7 44 24 50 0d 00 00
0x00000000778fa281:   c0 e8 49 8f fd ff 48 8d 4c 24 50 e8 cf f2 f9 ff
0x00000000778fa291:   4c 8b 1d 40 81 0b 00 4d 85 db 74 5b 65 48 8b 04
0x00000000778fa2a1:   25 30 00 00 00 f6 80 ee 17 00 00 08 74 12 65 48 


Register to memory mapping:

RAX=0x00000000627ab967 is an unknown value
RBX=0x0000000000000000 is an unknown value
RCX=0x0000000014c5ef10 is an unknown value
RDX=0x0000000000000000 is an unknown value
RSP=0x0000000014c5f520 is an unknown value
RBP=0x0000000020d65db0 is an unknown value
RSI=0x000007feedb37408 is an unknown value
RDI=0x0000000014c5f668 is an unknown value
R8 =0x0000000000000000 is an unknown value
R9 =0x0000000000000000 is an unknown value
R10=0x0000000000000000 is an unknown value
R11=0x0000000000000246 is an unknown value
R12=0x00000000242df9a0 is an unknown value
R13=0x00000000242df960 is an unknown value
R14=0x0000000020d65eb8 is an unknown value
R15=0x0000000000000000 is an unknown value


Stack: [0x0000000014b60000,0x0000000014c60000],  sp=0x0000000014c5f520,  free space=1021k
Native frames: (J=compiled Java code, j=interpreted, Vv=VM code, C=native code)
C  [ntdll.dll+0x7a291]
C  [kernel32.dll+0x42fe8]
C  [MSVCR110.dll+0x752d]
C  [MSVCR110.dll+0x14cde]
C  [MSVCR110.dll+0x13edc]
C  [MSVCR110.dll+0x239e]
C  [MSVCR110.dll+0xaf9e]
C  [MSVCP110.dll+0x397b9]
C  [librdi_common.dll+0x135d02]
C  [librdi_common.dll+0x13447b]
C  [librdi_sw_platform.dll+0x10904]
C  [librdi_sw_platform.dll+0x10b86]
C  [ntdll.dll+0x24371]
C  [ntdll.dll+0x24180]
C  [MSVCR100.dll+0x20ccd]
V  [jvm.dll+0x1f9c55]
V  [jvm.dll+0x2325e7]
V  [jvm.dll+0x231826]
V  [jvm.dll+0x231cc1]
V  [jvm.dll+0x231ede]
V  [jvm.dll+0x2852fa]
C  [MSVCR100.dll+0x21d9f]
C  [MSVCR100.dll+0x21e3b]
C  [kernel32.dll+0x1652d]
C  [ntdll.dll+0x2c521]

VM_Operation (0x000000000012f500): Exit, mode: safepoint, requested by thread 0x0000000002598000


---------------  P R O C E S S  ---------------

Java Threads: ( => current thread )
  0x0000000016e28800 JavaThread "Thread-14" daemon [_thread_blocked, id=5108, stack(0x0000000020520000,0x0000000020620000)]
  0x0000000019094800 JavaThread "TCF Locator DNS Lookup" daemon [_thread_blocked, id=4448, stack(0x000000001ce60000,0x000000001cf60000)]
  0x0000000019094000 JavaThread "TCF Locator Timer" daemon [_thread_blocked, id=4860, stack(0x000000001cd60000,0x000000001ce60000)]
  0x0000000019093000 JavaThread "TCF Locator Receiver" daemon [_thread_in_native, id=1840, stack(0x000000001cc60000,0x000000001cd60000)]
  0x0000000019091800 JavaThread "TCF Timer Dispatcher" daemon [_thread_blocked, id=2588, stack(0x000000001ca60000,0x000000001cb60000)]
  0x0000000016c15000 JavaThread "EMF Reference Cleaner" daemon [_thread_blocked, id=2972, stack(0x0000000017df0000,0x0000000017ef0000)]
  0x000000001519e000 JavaThread "Service Thread" daemon [_thread_blocked, id=2312, stack(0x0000000015760000,0x0000000015860000)]
  0x0000000015164800 JavaThread "C1 CompilerThread2" daemon [_thread_blocked, id=3164, stack(0x0000000015660000,0x0000000015760000)]
  0x0000000015161000 JavaThread "C2 CompilerThread1" daemon [_thread_blocked, id=1056, stack(0x0000000015560000,0x0000000015660000)]
  0x0000000013b6b800 JavaThread "C2 CompilerThread0" daemon [_thread_blocked, id=1320, stack(0x0000000015060000,0x0000000015160000)]
  0x0000000013b69800 JavaThread "Attach Listener" daemon [_thread_blocked, id=5000, stack(0x0000000014f60000,0x0000000015060000)]
  0x0000000013b67800 JavaThread "Signal Dispatcher" daemon [_thread_blocked, id=4932, stack(0x0000000014e60000,0x0000000014f60000)]
  0x0000000013b03000 JavaThread "Finalizer" daemon [_thread_blocked, id=4588, stack(0x0000000014d60000,0x0000000014e60000)]
  0x0000000013afa000 JavaThread "Reference Handler" daemon [_thread_blocked, id=1912, stack(0x0000000014c60000,0x0000000014d60000)]
  0x0000000002598000 JavaThread "main" [_thread_blocked, id=2896, stack(0x0000000000030000,0x0000000000130000)]

Other Threads:
=>0x0000000013af6000 VMThread [stack: 0x0000000014b60000,0x0000000014c60000] [id=3988]

VM state:at safepoint (shutting down)

VM Mutex/Monitor currently owned by a thread:  ([mutex/lock_event])
[0x000000000244dd10] Threads_lock - owner thread: 0x0000000013af6000

Heap:
 PSYoungGen      total 80384K, used 27346K [0x00000000f5580000, 0x00000000fbd80000, 0x0000000100000000)
  eden space 58880K, 46% used [0x00000000f5580000,0x00000000f7034a58,0x00000000f8f00000)
  from space 21504K, 0% used [0x00000000fa580000,0x00000000fa580000,0x00000000fba80000)
  to   space 23040K, 0% used [0x00000000f8f00000,0x00000000f8f00000,0x00000000fa580000)
 ParOldGen       total 95232K, used 44476K [0x00000000e0000000, 0x00000000e5d00000, 0x00000000f5580000)
  object space 95232K, 46% used [0x00000000e0000000,0x00000000e2b6f140,0x00000000e5d00000)
 Metaspace       used 72261K, capacity 77518K, committed 77784K, reserved 1116160K
  class space    used 9005K, capacity 10700K, committed 10752K, reserved 1048576K

Card table byte_map: [0x0000000011b60000,0x0000000011c70000] byte_map_base: 0x0000000011460000

Marking Bits: (ParMarkBitMap*) 0x00000000663ed490
 Begin Bits: [0x0000000012070000, 0x0000000012870000)
 End Bits:   [0x0000000012870000, 0x0000000013070000)

Polling page: 0x0000000002350000

CodeCache: size=245760Kb used=22533Kb max_used=22543Kb free=223226Kb
 bounds [0x00000000027a0000, 0x0000000003dd0000, 0x00000000117a0000]
 total_blobs=7208 nmethods=6372 adapters=746
 compilation: enabled

Compilation events (10 events):
Event: 116.598 Thread 0x0000000015164800 nmethod 7629 0x0000000003a92b50 code [0x0000000003a92ca0, 0x0000000003a92db0]
Event: 116.599 Thread 0x0000000015164800 7632       3       org.eclipse.osgi.baseadaptor.bundlefile.BundleFile::setMruIndex (6 bytes)
Event: 116.599 Thread 0x0000000015164800 nmethod 7632 0x0000000002d7fb90 code [0x0000000002d7fce0, 0x0000000002d7fe30]
Event: 116.615 Thread 0x0000000015164800 7634       3       java.io.File::list (33 bytes)
Event: 116.615 Thread 0x0000000015164800 nmethod 7634 0x0000000002a17a90 code [0x0000000002a17c60, 0x0000000002a18388]
Event: 116.619 Thread 0x0000000013b6b800 nmethod 7622 0x0000000003dc5790 code [0x0000000003dc5a40, 0x0000000003dc7540]
Event: 116.654 Thread 0x0000000015164800 7635   !   3       org.eclipse.osgi.internal.baseadaptor.BaseStorage::compact (215 bytes)
Event: 116.655 Thread 0x0000000015164800 nmethod 7635 0x0000000003dc8e90 code [0x0000000003dc92c0, 0x0000000003dcb728]
Event: 116.657 Thread 0x0000000015164800 7636       3       org.eclipse.osgi.framework.internal.core.AbstractBundle::close (52 bytes)
Event: 116.657 Thread 0x0000000015164800 nmethod 7636 0x000000000309e750 code [0x000000000309e980, 0x000000000309f668]

GC Heap History (10 events):
Event: 16.117 GC heap before
{Heap before GC invocations=16 (full 3):
 PSYoungGen      total 60416K, used 43520K [0x00000000f5580000, 0x00000000fa500000, 0x0000000100000000)
  eden space 43520K, 100% used [0x00000000f5580000,0x00000000f8000000,0x00000000f8000000)
  from space 16896K, 0% used [0x00000000f9100000,0x00000000f9100000,0x00000000fa180000)
  to   space 17408K, 0% used [0x00000000f8000000,0x00000000f8000000,0x00000000f9100000)
 ParOldGen       total 95232K, used 28711K [0x00000000e0000000, 0x00000000e5d00000, 0x00000000f5580000)
  object space 95232K, 30% used [0x00000000e0000000,0x00000000e1c09e78,0x00000000e5d00000)
 Metaspace       used 57942K, capacity 62402K, committed 62552K, reserved 1103872K
  class space    used 7176K, capacity 8554K, committed 8576K, reserved 1048576K
Event: 16.125 GC heap after
Heap after GC invocations=16 (full 3):
 PSYoungGen      total 60928K, used 8750K [0x00000000f5580000, 0x00000000fa980000, 0x0000000100000000)
  eden space 43520K, 0% used [0x00000000f5580000,0x00000000f5580000,0x00000000f8000000)
  from space 17408K, 50% used [0x00000000f8000000,0x00000000f888baa8,0x00000000f9100000)
  to   space 16384K, 0% used [0x00000000f9980000,0x00000000f9980000,0x00000000fa980000)
 ParOldGen       total 95232K, used 28719K [0x00000000e0000000, 0x00000000e5d00000, 0x00000000f5580000)
  object space 95232K, 30% used [0x00000000e0000000,0x00000000e1c0be78,0x00000000e5d00000)
 Metaspace       used 57942K, capacity 62402K, committed 62552K, reserved 1103872K
  class space    used 7176K, capacity 8554K, committed 8576K, reserved 1048576K
}
Event: 18.589 GC heap before
{Heap before GC invocations=17 (full 3):
 PSYoungGen      total 60928K, used 52270K [0x00000000f5580000, 0x00000000fa980000, 0x0000000100000000)
  eden space 43520K, 100% used [0x00000000f5580000,0x00000000f8000000,0x00000000f8000000)
  from space 17408K, 50% used [0x00000000f8000000,0x00000000f888baa8,0x00000000f9100000)
  to   space 16384K, 0% used [0x00000000f9980000,0x00000000f9980000,0x00000000fa980000)
 ParOldGen       total 95232K, used 28719K [0x00000000e0000000, 0x00000000e5d00000, 0x00000000f5580000)
  object space 95232K, 30% used [0x00000000e0000000,0x00000000e1c0be78,0x00000000e5d00000)
 Metaspace       used 62494K, capacity 67096K, committed 67288K, reserved 1107968K
  class space    used 7771K, capacity 9126K, committed 9216K, reserved 1048576K
Event: 18.601 GC heap after
Heap after GC invocations=17 (full 3):
 PSYoungGen      total 68096K, used 15111K [0x00000000f5580000, 0x00000000fac00000, 0x0000000100000000)
  eden space 51712K, 0% used [0x00000000f5580000,0x00000000f5580000,0x00000000f8800000)
  from space 16384K, 92% used [0x00000000f9980000,0x00000000fa841fb0,0x00000000fa980000)
  to   space 17920K, 0% used [0x00000000f8800000,0x00000000f8800000,0x00000000f9980000)
 ParOldGen       total 95232K, used 28727K [0x00000000e0000000, 0x00000000e5d00000, 0x00000000f5580000)
  object space 95232K, 30% used [0x00000000e0000000,0x00000000e1c0de78,0x00000000e5d00000)
 Metaspace       used 62494K, capacity 67096K, committed 67288K, reserved 1107968K
  class space    used 7771K, capacity 9126K, committed 9216K, reserved 1048576K
}
Event: 39.883 GC heap before
{Heap before GC invocations=18 (full 3):
 PSYoungGen      total 68096K, used 66823K [0x00000000f5580000, 0x00000000fac00000, 0x0000000100000000)
  eden space 51712K, 100% used [0x00000000f5580000,0x00000000f8800000,0x00000000f8800000)
  from space 16384K, 92% used [0x00000000f9980000,0x00000000fa841fb0,0x00000000fa980000)
  to   space 17920K, 0% used [0x00000000f8800000,0x00000000f8800000,0x00000000f9980000)
 ParOldGen       total 95232K, used 28727K [0x00000000e0000000, 0x00000000e5d00000, 0x00000000f5580000)
  object space 95232K, 30% used [0x00000000e0000000,0x00000000e1c0de78,0x00000000e5d00000)
 Metaspace       used 69593K, capacity 75092K, committed 75224K, reserved 1114112K
  class space    used 8722K, capacity 10405K, committed 10496K, reserved 1048576K
Event: 39.896 GC heap after
Heap after GC invocations=18 (full 3):
 PSYoungGen      total 69632K, used 17917K [0x00000000f5580000, 0x00000000fba80000, 0x0000000100000000)
  eden space 51712K, 0% used [0x00000000f5580000,0x00000000f5580000,0x00000000f8800000)
  from space 17920K, 99% used [0x00000000f8800000,0x00000000f997f4d0,0x00000000f9980000)
  to   space 21504K, 0% used [0x00000000fa580000,0x00000000fa580000,0x00000000fba80000)
 ParOldGen       total 95232K, used 32088K [0x00000000e0000000, 0x00000000e5d00000, 0x00000000f5580000)
  object space 95232K, 33% used [0x00000000e0000000,0x00000000e1f561e0,0x00000000e5d00000)
 Metaspace       used 69593K, capacity 75092K, committed 75224K, reserved 1114112K
  class space    used 8722K, capacity 10405K, committed 10496K, reserved 1048576K
}
Event: 74.501 GC heap before
{Heap before GC invocations=19 (full 3):
 PSYoungGen      total 69632K, used 47854K [0x00000000f5580000, 0x00000000fba80000, 0x0000000100000000)
  eden space 51712K, 57% used [0x00000000f5580000,0x00000000f72bc6d0,0x00000000f8800000)
  from space 17920K, 99% used [0x00000000f8800000,0x00000000f997f4d0,0x00000000f9980000)
  to   space 21504K, 0% used [0x00000000fa580000,0x00000000fa580000,0x00000000fba80000)
 ParOldGen       total 95232K, used 32088K [0x00000000e0000000, 0x00000000e5d00000, 0x00000000f5580000)
  object space 95232K, 33% used [0x00000000e0000000,0x00000000e1f561e0,0x00000000e5d00000)
 Metaspace       used 70833K, capacity 76246K, committed 76376K, reserved 1116160K
  class space    used 8856K, capacity 10535K, committed 10624K, reserved 1048576K
Event: 74.513 GC heap after
Heap after GC invocations=19 (full 3):
 PSYoungGen      total 80384K, used 18401K [0x00000000f5580000, 0x00000000fbd80000, 0x0000000100000000)
  eden space 58880K, 0% used [0x00000000f5580000,0x00000000f5580000,0x00000000f8f00000)
  from space 21504K, 85% used [0x00000000fa580000,0x00000000fb778538,0x00000000fba80000)
  to   space 23040K, 0% used [0x00000000f8f00000,0x00000000f8f00000,0x00000000fa580000)
 ParOldGen       total 95232K, used 32096K [0x00000000e0000000, 0x00000000e5d00000, 0x00000000f5580000)
  object space 95232K, 33% used [0x00000000e0000000,0x00000000e1f581e0,0x00000000e5d00000)
 Metaspace       used 70833K, capacity 76246K, committed 76376K, reserved 1116160K
  class space    used 8856K, capacity 10535K, committed 10624K, reserved 1048576K
}
Event: 74.513 GC heap before
{Heap before GC invocations=20 (full 4):
 PSYoungGen      total 80384K, used 18401K [0x00000000f5580000, 0x00000000fbd80000, 0x0000000100000000)
  eden space 58880K, 0% used [0x00000000f5580000,0x00000000f5580000,0x00000000f8f00000)
  from space 21504K, 85% used [0x00000000fa580000,0x00000000fb778538,0x00000000fba80000)
  to   space 23040K, 0% used [0x00000000f8f00000,0x00000000f8f00000,0x00000000fa580000)
 ParOldGen       total 95232K, used 32096K [0x00000000e0000000, 0x00000000e5d00000, 0x00000000f5580000)
  object space 95232K, 33% used [0x00000000e0000000,0x00000000e1f581e0,0x00000000e5d00000)
 Metaspace       used 70833K, capacity 76246K, committed 76376K, reserved 1116160K
  class space    used 8856K, capacity 10535K, committed 10624K, reserved 1048576K
Event: 74.747 GC heap after
Heap after GC invocations=20 (full 4):
 PSYoungGen      total 80384K, used 0K [0x00000000f5580000, 0x00000000fbd80000, 0x0000000100000000)
  eden space 58880K, 0% used [0x00000000f5580000,0x00000000f5580000,0x00000000f8f00000)
  from space 21504K, 0% used [0x00000000fa580000,0x00000000fa580000,0x00000000fba80000)
  to   space 23040K, 0% used [0x00000000f8f00000,0x00000000f8f00000,0x00000000fa580000)
 ParOldGen       total 95232K, used 44476K [0x00000000e0000000, 0x00000000e5d00000, 0x00000000f5580000)
  object space 95232K, 46% used [0x00000000e0000000,0x00000000e2b6f140,0x00000000e5d00000)
 Metaspace       used 70833K, capacity 76246K, committed 76376K, reserved 1116160K
  class space    used 8856K, capacity 10535K, committed 10624K, reserved 1048576K
}

Deoptimization events (10 events):
Event: 115.856 Thread 0x0000000002598000 Uncommon trap: reason=unreached action=reinterpret pc=0x0000000003c1e538 method=org.eclipse.swt.widgets.Display.drawMenuBars()V @ 4
Event: 115.922 Thread 0x0000000019098800 Uncommon trap: reason=bimorphic action=maybe_recompile pc=0x000000000329ca44 method=java.util.Properties.load0(Ljava/util/Properties$LineReader;)V @ 242
Event: 115.938 Thread 0x0000000002598000 Uncommon trap: reason=unreached action=reinterpret pc=0x0000000003c46e9c method=org.eclipse.e4.ui.internal.workbench.swt.PartRenderingEngine.someAreVisible(Ljava/util/List;)Z @ 41
Event: 115.975 Thread 0x0000000002598000 Uncommon trap: reason=unreached action=reinterpret pc=0x0000000002b9ce8c method=org.eclipse.e4.ui.model.application.ui.impl.UIElementImpl.eIsSet(I)Z @ 184
Event: 115.997 Thread 0x0000000002598000 Uncommon trap: reason=bimorphic action=maybe_recompile pc=0x0000000003d23b64 method=org.eclipse.emf.ecore.impl.ETypedElementImpl.getEType()Lorg/eclipse/emf/ecore/EClassifier; @ 18
Event: 115.997 Thread 0x0000000002598000 Uncommon trap: reason=bimorphic action=maybe_recompile pc=0x0000000003d23b64 method=org.eclipse.emf.ecore.impl.ETypedElementImpl.getEType()Lorg/eclipse/emf/ecore/EClassifier; @ 18
Event: 116.017 Thread 0x0000000002598000 Uncommon trap: reason=class_check action=maybe_recompile pc=0x0000000003d08ef4 method=org.eclipse.e4.core.internal.contexts.TrackableComputationExt.update(Lorg/eclipse/e4/core/internal/contexts/ContextChangeEvent;)Z @ 62
Event: 116.017 Thread 0x0000000002598000 Uncommon trap: reason=class_check action=maybe_recompile pc=0x0000000003d08ef4 method=org.eclipse.e4.core.internal.contexts.TrackableComputationExt.update(Lorg/eclipse/e4/core/internal/contexts/ContextChangeEvent;)Z @ 62
Event: 116.017 Thread 0x0000000002598000 Uncommon trap: reason=class_check action=maybe_recompile pc=0x0000000003d08ef4 method=org.eclipse.e4.core.internal.contexts.TrackableComputationExt.update(Lorg/eclipse/e4/core/internal/contexts/ContextChangeEvent;)Z @ 62
Event: 116.567 Thread 0x0000000002598000 Uncommon trap: reason=null_check action=make_not_entrant pc=0x0000000002c748c8 method=org.eclipse.core.runtime.internal.adaptor.EclipseLazyStarter.shouldActivateFor(Ljava/lang/String;Lorg/eclipse/osgi/baseadaptor/BaseData;Lorg/eclipse/core/runtime/internalÈ6†?Æö\@

Internal exceptions (10 events):
Event: 115.735 Thread 0x00000000159e5000 Exception <a 'java/net/SocketException': Socket closed> (0x00000000f5fbe8c8) thrown at [D:\re\workspace\8-2-build-windows-amd64-cygwin\jdk8u25\1677\hotspot\src\share\vm\prims\jni.cpp, line 742]
Event: 115.737 Thread 0x0000000019097000 Exception <a 'java/lang/InterruptedException'> (0x00000000f5fd9b38) thrown at [D:\re\workspace\8-2-build-windows-amd64-cygwin\jdk8u25\1677\hotspot\src\share\vm\runtime\objectMonitor.cpp, line 1682]
Event: 115.742 Thread 0x0000000002598000 Implicit null exception at 0x00000000038d8ecc to 0x00000000038d8f29
Event: 115.783 Thread 0x0000000002598000 Implicit null exception at 0x000000000308bd4c to 0x000000000308c6b5
Event: 116.046 Thread 0x00000000174cc000 Exception <a 'java/lang/InterruptedException'> (0x00000000f5612310) thrown at [D:\re\workspace\8-2-build-windows-amd64-cygwin\jdk8u25\1677\hotspot\src\share\vm\runtime\objectMonitor.cpp, line 1682]
Event: 116.567 Thread 0x0000000002598000 Implicit null exception at 0x0000000002c734ef to 0x0000000002c748bd
Event: 116.598 Thread 0x0000000015efd800 Exception <a 'java/lang/InterruptedException': sleep interrupted> (0x00000000f6eaabb8) thrown at [D:\re\workspace\8-2-build-windows-amd64-cygwin\jdk8u25\1677\hotspot\src\share\vm\prims\jvm.cpp, line 3141]
Event: 116.599 Thread 0x0000000016e28000 Exception <a 'java/lang/InterruptedException'> (0x00000000f6f3dea0) thrown at [D:\re\workspace\8-2-build-windows-amd64-cygwin\jdk8u25\1677\hotspot\src\share\vm\runtime\objectMonitor.cpp, line 1682]
Event: 116.599 Thread 0x0000000015ef9800 Exception <a 'java/lang/InterruptedException'> (0x00000000f6f510e8) thrown at [D:\re\workspace\8-2-build-windows-amd64-cygwin\jdk8u25\1677\hotspot\src\share\vm\runtime\objectMonitor.cpp, line 1682]
Event: 116.657 Thread 0x0000000015f70000 Exception <a 'java/lang/InterruptedException'> (0x00000000f6e30478) thrown at [D:\re\workspace\8-2-build-windows-amd64-cygwin\jdk8u25\1677\hotspot\src\share\vm\runtime\objectMonitor.cpp, line 1682]

Events (10 events):
Event: 116.620 Thread 0x0000000013b6b800 flushing nmethod 0x000000000309d890
Event: 116.657 Thread 0x0000000015f70000 Thread exited: 0x0000000015f70000
Event: 116.657 Thread 0x0000000015c89000 Thread exited: 0x0000000015c89000
Event: 116.657 loading class java/util/IdentityHashMap$KeyIterator
Event: 116.657 loading class java/util/IdentityHashMap$IdentityHashMapIterator
Event: 116.657 loading class java/util/IdentityHashMap$IdentityHashMapIterator done
Event: 116.657 loading class java/util/IdentityHashMap$KeyIterator done
Event: 116.658 Thread 0x0000000016e28000 Thread added: 0x0000000016e28000
Event: 116.658 Thread 0x0000000016e28000 Thread exited: 0x0000000016e28000
Event: 116.658 Executing VM operation: Exit


Dynamic libraries:
0x0000000000400000 - 0x000000000044f000 	C:\Xilinx\SDK\2015.2\eclipse\win64.o\eclipse.exe
0x0000000077880000 - 0x0000000077a29000 	C:\Windows\SYSTEM32\ntdll.dll
0x0000000077760000 - 0x000000007787f000 	C:\Windows\system32\kernel32.dll
0x000007fefd880000 - 0x000007fefd8eb000 	C:\Windows\system32\KERNELBASE.dll
0x0000000077660000 - 0x000000007775a000 	C:\Windows\system32\USER32.dll
0x000007fefecd0000 - 0x000007fefed37000 	C:\Windows\system32\GDI32.dll
0x000007fefeb10000 - 0x000007fefeb1e000 	C:\Windows\system32\LPK.dll
0x000007fefee60000 - 0x000007fefef29000 	C:\Windows\system32\USP10.dll
0x000007feffaf0000 - 0x000007feffb8f000 	C:\Windows\system32\msvcrt.dll
0x000007fefbfa0000 - 0x000007fefc194000 	C:\Windows\WinSxS\amd64_microsoft.windows.common-controls_6595b64144ccf1df_6.0.7601.17514_none_fa396087175ac9ac\COMCTL32.dll
0x000007fefeff0000 - 0x000007feff061000 	C:\Windows\system32\SHLWAPI.dll
0x000007feff8f0000 - 0x000007feff91e000 	C:\Windows\system32\IMM32.DLL
0x000007fefed40000 - 0x000007fefee49000 	C:\Windows\system32\MSCTF.dll
0x0000000072000000 - 0x0000000072012000 	C:\Xilinx\SDK\2015.2\eclipse\win64.o\plugins\org.eclipse.equinox.launcher.win32.win32.x86_64_1.1.200.v20140116-2212\eclipse_1503.dll
0x000007fefebf0000 - 0x000007fefeccb000 	C:\Windows\system32\ADVAPI32.dll
0x000007feff460000 - 0x000007feff47f000 	C:\Windows\SYSTEM32\sechost.dll
0x000007feff150000 - 0x000007feff27d000 	C:\Windows\system32\RPCRT4.dll
0x000007fefc930000 - 0x000007fefc93c000 	C:\Windows\system32\VERSION.dll
0x000007fefbf20000 - 0x000007fefbf76000 	C:\Windows\system32\uxtheme.dll
0x0000000065c10000 - 0x000000006646a000 	C:\Xilinx\SDK\2015.2\tps\win64\jre\bin\server\jvm.dll
0x000007fef1d00000 - 0x000007fef1d09000 	C:\Windows\system32\WSOCK32.dll
0x000007fefeba0000 - 0x000007fefebed000 	C:\Windows\system32\WS2_32.dll
0x000007fefee50000 - 0x000007fefee58000 	C:\Windows\system32\NSI.dll
0x000007fefb180000 - 0x000007fefb1bb000 	C:\Windows\system32\WINMM.dll
0x0000000077a50000 - 0x0000000077a57000 	C:\Windows\system32\PSAPI.DLL
0x000000006c120000 - 0x000000006c1f2000 	C:\Windows\system32\MSVCR100.dll
0x0000000071030000 - 0x000000007103f000 	C:\Xilinx\SDK\2015.2\tps\win64\jre\bin\verify.dll
0x0000000069920000 - 0x0000000069948000 	C:\Xilinx\SDK\2015.2\tps\win64\jre\bin\java.dll
0x0000000069900000 - 0x0000000069916000 	C:\Xilinx\SDK\2015.2\tps\win64\jre\bin\zip.dll
0x000007fefdd80000 - 0x000007fefeb08000 	C:\Windows\system32\SHELL32.dll
0x000007feff480000 - 0x000007feff683000 	C:\Windows\system32\ole32.dll
0x000007fefd7d0000 - 0x000007fefd7df000 	C:\Windows\system32\profapi.dll
0x000007fefd060000 - 0x000007fefd077000 	C:\Windows\system32\CRYPTSP.dll
0x000007fefcd60000 - 0x000007fefcda7000 	C:\Windows\system32\rsaenh.dll
0x000007fefcb20000 - 0x000007fefcb3e000 	C:\Windows\system32\USERENV.dll
0x000007fefd700000 - 0x000007fefd70f000 	C:\Windows\system32\CRYPTBASE.dll
0x0000000068bc0000 - 0x0000000068bda000 	C:\Xilinx\SDK\2015.2\tps\win64\jre\bin\net.dll
0x000007fefd000000 - 0x000007fefd055000 	C:\Windows\system32\mswsock.dll
0x000007fefcff0000 - 0x000007fefcff7000 	C:\Windows\System32\wship6.dll
0x000007fefb050000 - 0x000007fefb077000 	C:\Windows\system32\IPHLPAPI.DLL
0x000007fefb040000 - 0x000007fefb04b000 	C:\Windows\system32\WINNSI.DLL
0x000007fefad00000 - 0x000007fefad11000 	C:\Windows\system32\dhcpcsvc6.DLL
0x000007fefad20000 - 0x000007fefad38000 	C:\Windows\system32\dhcpcsvc.DLL
0x0000000068ba0000 - 0x0000000068bb1000 	C:\Xilinx\SDK\2015.2\tps\win64\jre\bin\nio.dll
0x000007feffa50000 - 0x000007feffae9000 	C:\Windows\system32\CLBCatQ.DLL
0x000007feff070000 - 0x000007feff147000 	C:\Windows\system32\OLEAUT32.dll
0x000007fefba00000 - 0x000007fefba15000 	C:\Windows\system32\NLAapi.dll
0x000007feed6e0000 - 0x000007feed6f5000 	C:\Windows\system32\napinsp.dll
0x000007feed6c0000 - 0x000007feed6d9000 	C:\Windows\system32\pnrpnsp.dll
0x000007fefce80000 - 0x000007fefcedb000 	C:\Windows\system32\DNSAPI.dll
0x000007feed6b0000 - 0x000007feed6bb000 	C:\Windows\System32\winrnr.dll
0x000007fefca00000 - 0x000007fefca07000 	C:\Windows\System32\wshtcpip.dll
0x000007fefa8a0000 - 0x000007fefa8a8000 	C:\Windows\system32\rasadhlp.dll
0x000007fefaed0000 - 0x000007fefaf23000 	C:\Windows\System32\fwpuclnt.dll
0x0000000016430000 - 0x00000000164d8000 	C:\Users\Tung\.Xilinx\SDK\2015.2\org.eclipse.osgi\bundles\287\1\.cp\swt-win32-4335.dll
0x000007fefef50000 - 0x000007fefefe7000 	C:\Windows\system32\comdlg32.dll
0x000007fefb080000 - 0x000007fefb0f1000 	C:\Windows\system32\WINSPOOL.DRV
0x000007feff920000 - 0x000007feffa4a000 	C:\Windows\system32\WININET.dll
0x000007fefdba0000 - 0x000007fefdd18000 	C:\Windows\system32\urlmon.dll
0x000007fefda30000 - 0x000007fefdb97000 	C:\Windows\system32\CRYPT32.dll
0x000007fefd870000 - 0x000007fefd87f000 	C:\Windows\system32\MSASN1.dll
0x000007feff690000 - 0x000007feff8e9000 	C:\Windows\system32\iertutil.dll
0x000007fefb6c0000 - 0x000007fefb6d8000 	C:\Windows\system32\dwmapi.dll
0x000007fefc2b0000 - 0x000007fefc3dc000 	C:\Windows\system32\propsys.dll
0x00000000024a0000 - 0x00000000024be000 	C:\Users\Tung\.Xilinx\SDK\2015.2\org.eclipse.osgi\bundles\287\1\.cp\swt-gdip-win32-4335.dll
0x000007fefbd00000 - 0x000007fefbf15000 	C:\Windows\WinSxS\amd64_microsoft.windows.gdiplus_6595b64144ccf1df_1.1.7601.17514_none_2b24536c71ed437a\gdiplus.dll
0x000007fefb4b0000 - 0x000007fefb5da000 	C:\Windows\system32\WindowsCodecs.dll
0x0000000180000000 - 0x0000000180012000 	C:\Users\Tung\.Xilinx\SDK\2015.2\org.eclipse.osgi\bundles\113\1\.cp\os\win32\x86_64\localfile_1_0_0.dll
0x000007fef4980000 - 0x000007fef4991000 	C:\Users\Tung\.Xilinx\SDK\2015.2\org.eclipse.osgi\bundles\116\1\.cp\jWinHttp-1.0.0.dll
0x000007fef8b60000 - 0x000007fef8bd1000 	C:\Windows\system32\WINHTTP.dll
0x000007fef8af0000 - 0x000007fef8b54000 	C:\Windows\system32\webio.dll
0x000007fefd630000 - 0x000007fefd655000 	C:\Windows\system32\SspiCli.dll
0x000007fefcc30000 - 0x000007fefcc3a000 	C:\Windows\system32\credssp.dll
0x000007fefd8f0000 - 0x000007fefd926000 	C:\Windows\system32\CFGMGR32.dll
0x000007fefac90000 - 0x000007feface4000 	C:\Windows\system32\oleacc.dll
0x000007fefd7b0000 - 0x000007fefd7c4000 	C:\Windows\system32\RpcRtRemote.dll
0x000007fefd6a0000 - 0x000007fefd6f7000 	C:\Windows\system32\apphelp.dll
0x000007fef4e80000 - 0x000007fef4e8a000 	C:\Xilinx\SDK\2015.2\lib\win64.o\librdi_jtag_settings.dll
0x000007fef0c30000 - 0x000007fef0c59000 	C:\Xilinx\SDK\2015.2\lib\win64.o\librdi_debug_dialog.dll
0x000007fef4030000 - 0x000007fef4052000 	C:\Xilinx\SDK\2015.2\lib\win64.o\libboost_filesystem.dll
0x000007fefb470000 - 0x000007fefb479000 	C:\Xilinx\SDK\2015.2\lib\win64.o\libboost_system.dll
0x000007feed290000 - 0x000007feed337000 	C:\Windows\system32\MSVCP110.dll
0x000007feedb30000 - 0x000007feedc04000 	C:\Windows\system32\MSVCR110.dll
0x000007fec3ea0000 - 0x000007fec47e3000 	C:\Xilinx\SDK\2015.2\lib\win64.o\librdi_common.dll
0x000007fec4e90000 - 0x000007fec5138000 	C:\Xilinx\SDK\2015.2\lib\win64.o\libCOIN-all.dll
0x000007fec5e30000 - 0x000007fec6050000 	C:\Xilinx\SDK\2015.2\lib\win64.o\libXil_lmgr11.dll
0x000007fefb370000 - 0x000007fefb386000 	C:\Windows\system32\NETAPI32.dll
0x000007fefb360000 - 0x000007fefb36c000 	C:\Windows\system32\netutils.dll
0x000007fefd3d0000 - 0x000007fefd3f3000 	C:\Windows\system32\srvcli.dll
0x000007fefb340000 - 0x000007fefb355000 	C:\Windows\system32\wkscli.dll
0x000007fefd950000 - 0x000007fefd98a000 	C:\Windows\system32\WINTRUST.dll
0x000007fefb7d0000 - 0x000007fefb7e0000 	C:\Xilinx\SDK\2015.2\lib\win64.o\libboost_date_time.dll
0x000007fef1180000 - 0x000007fef11f4000 	C:\Xilinx\SDK\2015.2\lib\win64.o\libboost_program_options.dll
0x000007feea110000 - 0x000007feea20a000 	C:\Xilinx\SDK\2015.2\lib\win64.o\libboost_regex.dll
0x000007fef1c40000 - 0x000007fef1c53000 	C:\Xilinx\SDK\2015.2\lib\win64.o\libboost_signals.dll
0x000007fef1700000 - 0x000007fef171d000 	C:\Xilinx\SDK\2015.2\lib\win64.o\libboost_thread.dll
0x000007fef4e70000 - 0x000007fef4e7b000 	C:\Xilinx\SDK\2015.2\lib\win64.o\libboost_chrono.dll
0x000007feedc10000 - 0x000007feedc90000 	C:\Xilinx\SDK\2015.2\lib\win64.o\libhdlpsolve.dll
0x000007feec030000 - 0x000007feec0ca000 	C:\Xilinx\SDK\2015.2\lib\win64.o\libhdxml.dll
0x000007fec4880000 - 0x000007fec4e8a200 	C:\Xilinx\SDK\2015.2\lib\win64.o\libisl_iostreams.dll
0x000007fef16e0000 - 0x000007fef16f6000 	C:\Xilinx\SDK\2015.2\lib\win64.o\libboost_iostreams.dll
0x000007fef16b0000 - 0x000007fef16d3000 	C:\Xilinx\SDK\2015.2\lib\win64.o\librdizlib.dll
0x000007fef1020000 - 0x000007fef1043000 	C:\Xilinx\SDK\2015.2\lib\win64.o\libisl_iosutils.dll
0x000007fef1560000 - 0x000007fef158a000 	C:\Xilinx\SDK\2015.2\lib\win64.o\libisl_sysinfo.dll
0x000007fef4940000 - 0x000007fef4955000 	C:\Xilinx\SDK\2015.2\lib\win64.o\pthreadVC2.dll
0x000007fef0db0000 - 0x000007fef0e04000 	C:\Xilinx\SDK\2015.2\lib\win64.o\librdi_commonxillic.dll
0x000007fec6ae0000 - 0x000007fec6c10000 	C:\Xilinx\SDK\2015.2\lib\win64.o\librdi_curl.dll
0x000007fef1000000 - 0x000007fef1018000 	C:\Xilinx\SDK\2015.2\lib\win64.o\librdiconfig.dll
0x0000000064210000 - 0x0000000064337000 	C:\Xilinx\SDK\2015.2\lib\win64.o\tcl85t.dll
0x0000000020aa0000 - 0x0000000020d03000 	C:\Xilinx\SDK\2015.2\lib\win64.o\xerces-c_3_1.dll
0x000007feecae0000 - 0x000007feecb03000 	C:\Windows\system32\VCOMP110.DLL
0x000007fec3090000 - 0x000007fec3278000 	C:\Xilinx\SDK\2015.2\lib\win64.o\librdi_hsm.dll
0x000007fef0f00000 - 0x000007fef0f43000 	C:\Xilinx\SDK\2015.2\lib\win64.o\librdi_hdf.dll
0x000007fec2920000 - 0x000007fec2ada000 	C:\Xilinx\SDK\2015.2\lib\win64.o\librdi_ippcw.dll
0x000007fef5500000 - 0x000007fef5508000 	C:\Xilinx\SDK\2015.2\lib\win64.o\librdi_target_manager.dll
0x000007fef4e50000 - 0x000007fef4e60000 	C:\Xilinx\SDK\2015.2\lib\win64.o\librdi_repo_manager.dll
0x000007fefb120000 - 0x000007fefb127000 	C:\Windows\system32\msimg32.dll
0x000007fef4010000 - 0x000007fef402c000 	C:\Xilinx\SDK\2015.2\lib\win64.o\librdi_hw_platform.dll
0x000007fec3680000 - 0x000007fec3a8a000 	C:\Xilinx\SDK\2015.2\lib\win64.o\librdi_commontasks.dll
0x000007fec01c0000 - 0x000007fec09d0000 	C:\Xilinx\SDK\2015.2\lib\win64.o\libXil_lmgr11FNP.dll
0x000007fef7c60000 - 0x000007fef7c6b000 	C:\Windows\system32\snmpapi.dll
0x000007feff280000 - 0x000007feff457000 	C:\Windows\system32\SETUPAPI.dll
0x000007fefd930000 - 0x000007fefd94a000 	C:\Windows\system32\DEVOBJ.dll
0x000007fec32e0000 - 0x000007fec3675000 	C:\Xilinx\SDK\2015.2\lib\win64.o\librdi_hsmtasks.dll
0x000007fef1760000 - 0x000007fef177b000 	C:\Xilinx\SDK\2015.2\lib\win64.o\librdi_sw_platform.dll
0x000007fef0f70000 - 0x000007fef0f86000 	C:\Xilinx\SDK\2015.2\eclipse\win64.o\plugins\org.eclipse.cdt.core.win32.x86_64_5.2.0.201402142303\os\win32\x86_64\spawner.dll
0x000000006bfe0000 - 0x000000006bfe3000 	C:\Windows\system32\icmp.Dll
0x000007fef3460000 - 0x000007fef3585000 	C:\Windows\system32\dbghelp.dll

VM Arguments:
jvm_args: -Dcom.xilinx.sdk.args.hwspec=C:/Users/Tung/Desktop/axi_dma_sg/axi_dma_sg.sdk/design_1_wrapper.hdf -Xms64m -Xmx512m & 
java_command: <unknown>
java_class_path (initial): C:\Xilinx\SDK\2015.2\eclipse\win64.o\\plugins/org.eclipse.equinox.launcher_1.3.0.v20130327-1440.jar
Launcher Type: generic

Environment Variables:
PATH=C:/Xilinx/SDK/2015.2/tps/win64/jre/bin/server;C:/Xilinx/SDK/2015.2/tps/win64/jre/bin;C:/Xilinx/SDK/2015.2/tps/win64/jre/lib/amd64;C:\Xilinx\SDK\2015.2\gnuwin\bin;C:\Xilinx\SDK\2015.2\gnu\microblaze\nt\bin;C:\Xilinx\SDK\2015.2\gnu\microblaze\linux_toolchain\nt64_le\bin;C:\Xilinx\SDK\2015.2\gnu\microblaze\linux_toolchain\nt64_be\bin;C:\Xilinx\SDK\2015.2\gnu\arm\nt\bin;C:\Xilinx\SDK\2015.2\gnu\aarch64\nt\aarch64-none\bin;C:\Xilinx\SDK\2015.2\gnu\aarch64\nt\aarch64-linux\bin;C:\Xilinx\SDK\2015.2\gnu\armr5\nt\gcc-arm-none-eabi\bin;C:\Xilinx\SDK\2015.2\gnu\aarch32\nt\gcc-arm-none-eabi\bin;C:\Xilinx\SDK\2015.2\gnu\aarch32\nt\gcc-arm-linux-gnueabi\bin;C:\Xilinx\SDK\2015.2\bin;C:\Xilinx\SDK\2015.2\lib\win64.o;C:\Xilinx\SDK\2015.2\tps\win64\jre\bin\server;C:\Xilinx\SDK\2015.2\tps\win64\jre\bin;C:\Xilinx\SDK\2015.2\bin;C:\Xilinx\SDK\2015.2\bin;C:\Xilinx\Vivado\2015.2\ids_lite\ISE\bin\nt64;C:\Xilinx\Vivado\2015.2\ids_lite\ISE\lib\nt64;C:\Xilinx\Vivado\2015.2\bin;C:\Xilinx\Vivado\2015.2\lib\win64.o;C:\Xilinx\Vivado\2015.2\tps\win64\jre\bin\server;C:\Xilinx\Vivado\2015.2\tps\win64\jre\bin;C:\Xilinx\SDK\2015.2\bin;C:\Xilinx\Vivado\2015.2\ids_lite\ISE\bin\nt64;C:\Xilinx\Vivado\2015.2\ids_lite\ISE\lib\nt64;C:\Xilinx\Vivado_HLS\2015.2\bin;C:\Program Files (x86)\Intel\iCLS Client\;C:\Program Files\Intel\iCLS Client\;C:\Windows\system32;C:\Windows;C:\Windows\System32\Wbem;C:\Windows\System32\WindowsPowerShell\v1.0\;C:\Program Files\Intel\Intel(R) Management Engine Components\DAL;C:\Program Files\Intel\Intel(R) Management Engine Components\IPT;C:\Program Files (x86)\Intel\Intel(R) Management Engine Components\DAL;C:\Program Files (x86)\Intel\Intel(R) Management Engine Components\IPT;C:\Program Files\MATLAB\R2016a\runtime\win64;C:\Program Files\MATLAB\R2016a\bin;C:\Program Files\MATLAB\R2016a\polyspace\bin;c:\Users\Tung\Desktop\axi_dma_sg;
USERNAME=Tung
OS=Windows_NT
PROCESSOR_IDENTIFIER=Intel64 Family 6 Model 60 Stepping 3, GenuineIntel



---------------  S Y S T E M  ---------------

OS: Windows 7 , 64 bit Build 7601 Service Pack 1

CPU:total 4 (4 cores per cpu, 1 threads per core) family 6 model 60 stepping 3, cmov, cx8, fxsr, mmx, sse, sse2, sse3, ssse3, sse4.1, sse4.2, popcnt, avx, avx2, aes, clmul, erms, lzcnt, tsc, tscinvbit, bmi1, bmi2

Memory: 4k page, physical 4110972k(1150784k free), swap 8220100k(2471932k free)

vm_info: Java HotSpot(TM) 64-Bit Server VM (25.25-b02) for windows-amd64 JRE (1.8.0_25-b18), built on Oct  7 2014 14:25:37 by "java_re" with MS VC++ 10.0 (VS2010)

time: Mon Jul 23 13:40:34 2018
elapsed time: 117 seconds (0d 0h 1m 57s)

