#
# A fatal error has been detected by the Java Runtime Environment:
#
#  Internal Error (0xc000000d), pid=4124, tid=2776
#
# JRE version: Java(TM) SE Runtime Environment (8.0_25-b18) (build 1.8.0_25-b18)
# Java VM: Java HotSpot(TM) 64-Bit Server VM (25.25-b02 mixed mode windows-amd64 compressed oops)
# Problematic frame:
# C  [ntdll.dll+0x7a291]
#
# Failed to write core dump. Minidumps are not enabled by default on client versions of Windows
#
# If you would like to submit a bug report, please visit:
#   http://bugreport.sun.com/bugreport/crash.jsp
#

---------------  T H R E A D  ---------------

Current thread (0x0000000013646000):  VMThread [stack: 0x00000000146b0000,0x00000000147b0000] [id=2776]

siginfo: ExceptionCode=0xc000000d

Registers:
RAX=0x0000000063a51747, RBX=0x0000000000000000, RCX=0x00000000147aef10, RDX=0x0000000000000000
RSP=0x00000000147af520, RBP=0x0000000024817e10, RSI=0x000007feedb37408, RDI=0x00000000147af668
R8 =0x0000000000000000, R9 =0x0000000000000000, R10=0x0000000000000000, R11=0x0000000000000246
R12=0x00000000246191c0, R13=0x0000000024619180, R14=0x0000000024817f18, R15=0x0000000000000000
RIP=0x00000000778fa291, EFLAGS=0x0000000000000206

Top of Stack: (sp=0x00000000147af520)
0x00000000147af520:   0000000000000000 000007feedb37408
0x00000000147af530:   00000000147af668 0000037f00000003
0x00000000147af540:   0000000000000000 0000000000000123
0x00000000147af550:   0000000000000000 0000000000000000
0x00000000147af560:   0000000000000002 000000001e74a2a0
0x00000000147af570:   00000000c000000d 0000000000000000
0x00000000147af580:   00000000778fa291 0000000000000000
0x00000000147af590:   0000000000000000 0000000000000000
0x00000000147af5a0:   0000000000000000 0000000000000000
0x00000000147af5b0:   0000000000000000 0000000000000000
0x00000000147af5c0:   0000000000000000 0000000000000000
0x00000000147af5d0:   0000000000000000 0000000000000000
0x00000000147af5e0:   0000000000000000 0000000000000000
0x00000000147af5f0:   0000000000000000 0000000000000000
0x00000000147af600:   0000000000000000 000000001e744bd4
0x00000000147af610:   0000000000000090 00000000777a2fe8 

Instructions: (pc=0x00000000778fa291)
0x00000000778fa271:   5b 8c fd ff b9 57 00 00 00 c7 44 24 50 0d 00 00
0x00000000778fa281:   c0 e8 49 8f fd ff 48 8d 4c 24 50 e8 cf f2 f9 ff
0x00000000778fa291:   4c 8b 1d 40 81 0b 00 4d 85 db 74 5b 65 48 8b 04
0x00000000778fa2a1:   25 30 00 00 00 f6 80 ee 17 00 00 08 74 12 65 48 


Register to memory mapping:

RAX=0x0000000063a51747 is an unknown value
RBX=0x0000000000000000 is an unknown value
RCX=0x00000000147aef10 is an unknown value
RDX=0x0000000000000000 is an unknown value
RSP=0x00000000147af520 is an unknown value
RBP=0x0000000024817e10 is an unknown value
RSI=0x000007feedb37408 is an unknown value
RDI=0x00000000147af668 is an unknown value
R8 =0x0000000000000000 is an unknown value
R9 =0x0000000000000000 is an unknown value
R10=0x0000000000000000 is an unknown value
R11=0x0000000000000246 is an unknown value
R12=0x00000000246191c0 is an unknown value
R13=0x0000000024619180 is an unknown value
R14=0x0000000024817f18 is an unknown value
R15=0x0000000000000000 is an unknown value


Stack: [0x00000000146b0000,0x00000000147b0000],  sp=0x00000000147af520,  free space=1021k
Native frames: (J=compiled Java code, j=interpreted, Vv=VM code, C=native code)
C  [ntdll.dll+0x7a291]
C  [kernel32.dll+0x42fe8]
C  [MSVCR110.dll+0x752d]
C  [MSVCR110.dll+0x14cde]
C  [MSVCR110.dll+0x13edc]
C  [MSVCR110.dll+0x239e]
C  [MSVCR110.dll+0xaf9e]
C  [MSVCP110.dll+0x397b9]
C  [librdi_common.dll+0x135d02]
C  [librdi_common.dll+0x13447b]
C  [librdi_sw_platform.dll+0x10904]
C  [librdi_sw_platform.dll+0x10b86]
C  [ntdll.dll+0x24371]
C  [ntdll.dll+0x24180]
C  [MSVCR100.dll+0x20ccd]
V  [jvm.dll+0x1f9c55]
V  [jvm.dll+0x2325e7]
V  [jvm.dll+0x231826]
V  [jvm.dll+0x231cc1]
V  [jvm.dll+0x231ede]
V  [jvm.dll+0x2852fa]
C  [MSVCR100.dll+0x21d9f]
C  [MSVCR100.dll+0x21e3b]
C  [kernel32.dll+0x1652d]
C  [ntdll.dll+0x2c521]

VM_Operation (0x000000000012f500): Exit, mode: safepoint, requested by thread 0x0000000002228000


---------------  P R O C E S S  ---------------

Java Threads: ( => current thread )
  0x0000000015eaf000 JavaThread "Thread-14" daemon [_thread_blocked, id=4576, stack(0x000000001ffe0000,0x00000000200e0000)]
  0x0000000015f7a000 JavaThread "TCF Locator DNS Lookup" daemon [_thread_blocked, id=4672, stack(0x000000001f2e0000,0x000000001f3e0000)]
  0x0000000015f79800 JavaThread "TCF Locator Timer" daemon [_thread_blocked, id=4440, stack(0x000000001f1e0000,0x000000001f2e0000)]
  0x0000000015f78800 JavaThread "TCF Locator Receiver" daemon [_thread_in_native, id=4928, stack(0x000000001f0e0000,0x000000001f1e0000)]
  0x000000001b887800 JavaThread "TCF Timer Dispatcher" daemon [_thread_blocked, id=4396, stack(0x000000001cc80000,0x000000001cd80000)]
  0x0000000015d32000 JavaThread "EMF Reference Cleaner" daemon [_thread_blocked, id=1908, stack(0x0000000017da0000,0x0000000017ea0000)]
  0x0000000014d28000 JavaThread "Service Thread" daemon [_thread_blocked, id=3056, stack(0x00000000152b0000,0x00000000153b0000)]
  0x0000000014cb2800 JavaThread "C1 CompilerThread2" daemon [_thread_blocked, id=3612, stack(0x00000000151b0000,0x00000000152b0000)]
  0x0000000014cb1000 JavaThread "C2 CompilerThread1" daemon [_thread_blocked, id=988, stack(0x00000000150b0000,0x00000000151b0000)]
  0x00000000136bb800 JavaThread "C2 CompilerThread0" daemon [_thread_blocked, id=4912, stack(0x0000000014bb0000,0x0000000014cb0000)]
  0x00000000136b9800 JavaThread "Attach Listener" daemon [_thread_blocked, id=1004, stack(0x0000000014ab0000,0x0000000014bb0000)]
  0x00000000136b7800 JavaThread "Signal Dispatcher" daemon [_thread_blocked, id=3820, stack(0x00000000149b0000,0x0000000014ab0000)]
  0x0000000013653000 JavaThread "Finalizer" daemon [_thread_blocked, id=3288, stack(0x00000000148b0000,0x00000000149b0000)]
  0x000000001364a000 JavaThread "Reference Handler" daemon [_thread_blocked, id=4544, stack(0x00000000147b0000,0x00000000148b0000)]
  0x0000000002228000 JavaThread "main" [_thread_blocked, id=5016, stack(0x0000000000030000,0x0000000000130000)]

Other Threads:
=>0x0000000013646000 VMThread [stack: 0x00000000146b0000,0x00000000147b0000] [id=2776]

VM state:at safepoint (shutting down)

VM Mutex/Monitor currently owned by a thread:  ([mutex/lock_event])
[0x000000000213dd10] Threads_lock - owner thread: 0x0000000013646000

Heap:
 PSYoungGen      total 84480K, used 70085K [0x00000000f5580000, 0x00000000fb800000, 0x0000000100000000)
  eden space 69120K, 89% used [0x00000000f5580000,0x00000000f920bbb0,0x00000000f9900000)
  from space 15360K, 52% used [0x00000000fa900000,0x00000000fb0e59e0,0x00000000fb800000)
  to   space 15872K, 0% used [0x00000000f9900000,0x00000000f9900000,0x00000000fa880000)
 ParOldGen       total 100864K, used 47689K [0x00000000e0000000, 0x00000000e6280000, 0x00000000f5580000)
  object space 100864K, 47% used [0x00000000e0000000,0x00000000e2e92790,0x00000000e6280000)
 Metaspace       used 81292K, capacity 86740K, committed 87040K, reserved 1124352K
  class space    used 9774K, capacity 11506K, committed 11520K, reserved 1048576K

Card table byte_map: [0x00000000116b0000,0x00000000117c0000] byte_map_base: 0x0000000010fb0000

Marking Bits: (ParMarkBitMap*) 0x000000006987d490
 Begin Bits: [0x0000000011bc0000, 0x00000000123c0000)
 End Bits:   [0x00000000123c0000, 0x0000000012bc0000)

Polling page: 0x0000000000300000

CodeCache: size=245760Kb used=38282Kb max_used=38547Kb free=207477Kb
 bounds [0x00000000022f0000, 0x00000000048e0000, 0x00000000112f0000]
 total_blobs=11528 nmethods=10680 adapters=755
 compilation: enabled

Compilation events (10 events):
Event: 330.176 Thread 0x0000000014cb1000 nmethod 13233 0x0000000003a4a790 code [0x0000000003a4a9c0, 0x0000000003a4b9a0]
Event: 330.177 Thread 0x0000000014cb2800 13236       3       org.eclipse.equinox.internal.event.mapper.ServiceEventAdapter::convert (133 bytes)
Event: 330.177 Thread 0x0000000014cb2800 nmethod 13236 0x000000000343ed90 code [0x000000000343efe0, 0x000000000343ff88]
Event: 330.178 Thread 0x00000000136bb800 nmethod 13227 0x000000000338e890 code [0x000000000338eae0, 0x000000000338fcb0]
Event: 330.181 Thread 0x0000000014cb2800 13237  s    3       org.eclipse.equinox.internal.ds.model.ServiceComponentProp::setState (6 bytes)
Event: 330.181 Thread 0x0000000014cb2800 nmethod 13237 0x0000000002773c90 code [0x0000000002773de0, 0x0000000002774090]
Event: 330.183 Thread 0x0000000014cb2800 13238   !   3       org.osgi.util.tracker.AbstractTracked::untrack (78 bytes)
Event: 330.183 Thread 0x0000000014cb2800 nmethod 13238 0x0000000002f5cf50 code [0x0000000002f5d120, 0x0000000002f5d928]
Event: 330.188 Thread 0x0000000014cb2800 13243       3       org.eclipse.osgi.framework.internal.core.AbstractBundle::close (52 bytes)
Event: 330.189 Thread 0x0000000014cb2800 nmethod 13243 0x0000000002624d50 code [0x0000000002624f80, 0x0000000002625c68]

GC Heap History (10 events):
Event: 276.034 GC heap before
{Heap before GC invocations=31 (full 6):
 PSYoungGen      total 83456K, used 18382K [0x00000000f5580000, 0x00000000fb900000, 0x0000000100000000)
  eden space 67072K, 22% used [0x00000000f5580000,0x00000000f6447e80,0x00000000f9700000)
  from space 16384K, 19% used [0x00000000fa900000,0x00000000fac2bc80,0x00000000fb900000)
  to   space 17408K, 0% used [0x00000000f9700000,0x00000000f9700000,0x00000000fa800000)
 ParOldGen       total 100864K, used 46952K [0x00000000e0000000, 0x00000000e6280000, 0x00000000f5580000)
  object space 100864K, 46% used [0x00000000e0000000,0x00000000e2dda1c0,0x00000000e6280000)
 Metaspace       used 79478K, capacity 85190K, committed 85376K, reserved 1124352K
  class space    used 9638K, capacity 11374K, committed 11392K, reserved 1048576K
Event: 276.037 GC heap after
Heap after GC invocations=31 (full 6):
 PSYoungGen      total 84480K, used 2782K [0x00000000f5580000, 0x00000000fb900000, 0x0000000100000000)
  eden space 67072K, 0% used [0x00000000f5580000,0x00000000f5580000,0x00000000f9700000)
  from space 17408K, 15% used [0x00000000f9700000,0x00000000f99b7b60,0x00000000fa800000)
  to   space 17408K, 0% used [0x00000000fa800000,0x00000000fa800000,0x00000000fb900000)
 ParOldGen       total 100864K, used 46960K [0x00000000e0000000, 0x00000000e6280000, 0x00000000f5580000)
  object space 100864K, 46% used [0x00000000e0000000,0x00000000e2ddc1c0,0x00000000e6280000)
 Metaspace       used 79478K, capacity 85190K, committed 85376K, reserved 1124352K
  class space    used 9638K, capacity 11374K, committed 11392K, reserved 1048576K
}
Event: 276.037 GC heap before
{Heap before GC invocations=32 (full 7):
 PSYoungGen      total 84480K, used 2782K [0x00000000f5580000, 0x00000000fb900000, 0x0000000100000000)
  eden space 67072K, 0% used [0x00000000f5580000,0x00000000f5580000,0x00000000f9700000)
  from space 17408K, 15% used [0x00000000f9700000,0x00000000f99b7b60,0x00000000fa800000)
  to   space 17408K, 0% used [0x00000000fa800000,0x00000000fa800000,0x00000000fb900000)
 ParOldGen       total 100864K, used 46960K [0x00000000e0000000, 0x00000000e6280000, 0x00000000f5580000)
  object space 100864K, 46% used [0x00000000e0000000,0x00000000e2ddc1c0,0x00000000e6280000)
 Metaspace       used 79478K, capacity 85190K, committed 85376K, reserved 1124352K
  class space    used 9638K, capacity 11374K, committed 11392K, reserved 1048576K
Event: 276.275 GC heap after
Heap after GC invocations=32 (full 7):
 PSYoungGen      total 84480K, used 0K [0x00000000f5580000, 0x00000000fb900000, 0x0000000100000000)
  eden space 67072K, 0% used [0x00000000f5580000,0x00000000f5580000,0x00000000f9700000)
  from space 17408K, 0% used [0x00000000f9700000,0x00000000f9700000,0x00000000fa800000)
  to   space 17408K, 0% used [0x00000000fa800000,0x00000000fa800000,0x00000000fb900000)
 ParOldGen       total 100864K, used 47673K [0x00000000e0000000, 0x00000000e6280000, 0x00000000f5580000)
  object space 100864K, 47% used [0x00000000e0000000,0x00000000e2e8e790,0x00000000e6280000)
 Metaspace       used 79478K, capacity 85190K, committed 85376K, reserved 1124352K
  class space    used 9638K, capacity 11374K, committed 11392K, reserved 1048576K
}
Event: 282.916 GC heap before
{Heap before GC invocations=33 (full 7):
 PSYoungGen      total 84480K, used 67072K [0x00000000f5580000, 0x00000000fb900000, 0x0000000100000000)
  eden space 67072K, 100% used [0x00000000f5580000,0x00000000f9700000,0x00000000f9700000)
  from space 17408K, 0% used [0x00000000f9700000,0x00000000f9700000,0x00000000fa800000)
  to   space 17408K, 0% used [0x00000000fa800000,0x00000000fa800000,0x00000000fb900000)
 ParOldGen       total 100864K, used 47673K [0x00000000e0000000, 0x00000000e6280000, 0x00000000f5580000)
  object space 100864K, 47% used [0x00000000e0000000,0x00000000e2e8e790,0x00000000e6280000)
 Metaspace       used 79601K, capacity 85254K, committed 85376K, reserved 1124352K
  class space    used 9640K, capacity 11374K, committed 11392K, reserved 1048576K
Event: 282.921 GC heap after
Heap after GC invocations=33 (full 7):
 PSYoungGen      total 84992K, used 5050K [0x00000000f5580000, 0x00000000fb880000, 0x0000000100000000)
  eden space 68096K, 0% used [0x00000000f5580000,0x00000000f5580000,0x00000000f9800000)
  from space 16896K, 29% used [0x00000000fa800000,0x00000000facee8c8,0x00000000fb880000)
  to   space 16384K, 0% used [0x00000000f9800000,0x00000000f9800000,0x00000000fa800000)
 ParOldGen       total 100864K, used 47681K [0x00000000e0000000, 0x00000000e6280000, 0x00000000f5580000)
  object space 100864K, 47% used [0x00000000e0000000,0x00000000e2e90790,0x00000000e6280000)
 Metaspace       used 79601K, capacity 85254K, committed 85376K, reserved 1124352K
  class space    used 9640K, capacity 11374K, committed 11392K, reserved 1048576K
}
Event: 289.909 GC heap before
{Heap before GC invocations=34 (full 7):
 PSYoungGen      total 84992K, used 73146K [0x00000000f5580000, 0x00000000fb880000, 0x0000000100000000)
  eden space 68096K, 100% used [0x00000000f5580000,0x00000000f9800000,0x00000000f9800000)
  from space 16896K, 29% used [0x00000000fa800000,0x00000000facee8c8,0x00000000fb880000)
  to   space 16384K, 0% used [0x00000000f9800000,0x00000000f9800000,0x00000000fa800000)
 ParOldGen       total 100864K, used 47681K [0x00000000e0000000, 0x00000000e6280000, 0x00000000f5580000)
  object space 100864K, 47% used [0x00000000e0000000,0x00000000e2e90790,0x00000000e6280000)
 Metaspace       used 79701K, capacity 85318K, committed 85376K, reserved 1124352K
  class space    used 9640K, capacity 11374K, committed 11392K, reserved 1048576K
Event: 289.913 GC heap after
Heap after GC invocations=34 (full 7):
 PSYoungGen      total 84480K, used 1984K [0x00000000f5580000, 0x00000000fb880000, 0x0000000100000000)
  eden space 68096K, 0% used [0x00000000f5580000,0x00000000f5580000,0x00000000f9800000)
  from space 16384K, 12% used [0x00000000f9800000,0x00000000f99f0010,0x00000000fa800000)
  to   space 15872K, 0% used [0x00000000fa900000,0x00000000fa900000,0x00000000fb880000)
 ParOldGen       total 100864K, used 47681K [0x00000000e0000000, 0x00000000e6280000, 0x00000000f5580000)
  object space 100864K, 47% used [0x00000000e0000000,0x00000000e2e90790,0x00000000e6280000)
 Metaspace       used 79701K, capacity 85318K, committed 85376K, reserved 1124352K
  class space    used 9640K, capacity 11374K, committed 11392K, reserved 1048576K
}
Event: 301.704 GC heap before
{Heap before GC invocations=35 (full 7):
 PSYoungGen      total 84480K, used 70080K [0x00000000f5580000, 0x00000000fb880000, 0x0000000100000000)
  eden space 68096K, 100% used [0x00000000f5580000,0x00000000f9800000,0x00000000f9800000)
  from space 16384K, 12% used [0x00000000f9800000,0x00000000f99f0010,0x00000000fa800000)
  to   space 15872K, 0% used [0x00000000fa900000,0x00000000fa900000,0x00000000fb880000)
 ParOldGen       total 100864K, used 47681K [0x00000000e0000000, 0x00000000e6280000, 0x00000000f5580000)
  object space 100864K, 47% used [0x00000000e0000000,0x00000000e2e90790,0x00000000e6280000)
 Metaspace       used 79885K, capacity 85510K, committed 85632K, reserved 1124352K
  class space    used 9640K, capacity 11374K, committed 11392K, reserved 1048576K
Event: 301.710 GC heap after
Heap after GC invocations=35 (full 7):
 PSYoungGen      total 84480K, used 8086K [0x00000000f5580000, 0x00000000fb800000, 0x0000000100000000)
  eden space 69120K, 0% used [0x00000000f5580000,0x00000000f5580000,0x00000000f9900000)
  from space 15360K, 52% used [0x00000000fa900000,0x00000000fb0e59e0,0x00000000fb800000)
  to   space 15872K, 0% used [0x00000000f9900000,0x00000000f9900000,0x00000000fa880000)
 ParOldGen       total 100864K, used 47689K [0x00000000e0000000, 0x00000000e6280000, 0x00000000f5580000)
  object space 100864K, 47% used [0x00000000e0000000,0x00000000e2e92790,0x00000000e6280000)
 Metaspace       used 79885K, capacity 85510K, committed 85632K, reserved 1124352K
  class space    used 9640K, capacity 11374K, committed 11392K, reserved 1048576K
}

Deoptimization events (10 events):
Event: 329.085 Thread 0x0000000002228000 Uncommon trap: reason=class_check action=maybe_recompile pc=0x0000000003d05a48 method=org.eclipse.e4.core.internal.contexts.TrackableComputationExt.update(Lorg/eclipse/e4/core/internal/contexts/ContextChangeEvent;)Z @ 62
Event: 329.085 Thread 0x0000000002228000 Uncommon trap: reason=class_check action=maybe_recompile pc=0x00000000031ce654 method=org.eclipse.e4.core.internal.contexts.ContextObjectSupplier$ContextInjectionListener.update(Lorg/eclipse/e4/core/contexts/IEclipseContext;I[Ljava/lang/Object;)Z @ 173
Event: 329.085 Thread 0x0000000002228000 Uncommon trap: reason=class_check action=maybe_recompile pc=0x0000000003d05a48 method=org.eclipse.e4.core.internal.contexts.TrackableComputationExt.update(Lorg/eclipse/e4/core/internal/contexts/ContextChangeEvent;)Z @ 62
Event: 329.085 Thread 0x0000000002228000 Uncommon trap: reason=class_check action=maybe_recompile pc=0x00000000031ce654 method=org.eclipse.e4.core.internal.contexts.ContextObjectSupplier$ContextInjectionListener.update(Lorg/eclipse/e4/core/contexts/IEclipseContext;I[Ljava/lang/Object;)Z @ 173
Event: 329.085 Thread 0x0000000002228000 Uncommon trap: reason=class_check action=maybe_recompile pc=0x0000000003d05a48 method=org.eclipse.e4.core.internal.contexts.TrackableComputationExt.update(Lorg/eclipse/e4/core/internal/contexts/ContextChangeEvent;)Z @ 62
Event: 330.137 Thread 0x0000000002228000 Uncommon trap: reason=unreached action=reinterpret pc=0x0000000002d82d90 method=org.eclipse.swt.widgets.Display.getDefault()Lorg/eclipse/swt/widgets/Display; @ 39
Event: 330.138 Thread 0x0000000002228000 Uncommon trap: reason=null_check action=make_not_entrant pc=0x0000000002c9d114 method=org.eclipse.core.runtime.internal.adaptor.EclipseLazyStarter.shouldActivateFor(Ljava/lang/String;Lorg/eclipse/osgi/baseadaptor/BaseData;Lorg/eclipse/core/runtime/internal!ç”±k¢t@
Event: 330.151 Thread 0x0000000015e70800 Uncommon trap: reason=predicate action=maybe_recompile pc=0x00000000035b1490 method=java.util.Arrays.fill([Ljava/lang/Object;Ljava/lang/Object;)V @ 10
Event: 330.163 Thread 0x0000000015eaf800 Uncommon trap: reason=unreached action=reinterpret pc=0x00000000042a4dbc method=org.eclipse.core.internal.jobs.JobManager.nextJob()Lorg/eclipse/core/runtime/jobs/Job; @ 80
Event: 330.188 Thread 0x0000000002228000 Uncommon trap: reason=unreached action=reinterpret pc=0x0000000004405f68 method=sun.reflect.UnsafeStaticObjectFieldAccessorImpl.set(Ljava/lang/Object;Ljava/lang/Object;)V @ 13

Internal exceptions (10 events):
Event: 328.983 Thread 0x000000001b7cd800 Exception <a 'java/net/SocketException': Connection reset by peer: socket write error> (0x00000000f86ac9d8) thrown at [D:\re\workspace\8-2-build-windows-amd64-cygwin\jdk8u25\1677\hotspot\src\share\vm\prims\jni.cpp, line 742]
Event: 328.984 Thread 0x000000001b7cd800 Exception <a 'java/net/SocketException': Socket closed> (0x00000000f86c6e68) thrown at [D:\re\workspace\8-2-build-windows-amd64-cygwin\jdk8u25\1677\hotspot\src\share\vm\prims\jni.cpp, line 742]
Event: 328.985 Thread 0x0000000015f75800 Exception <a 'java/lang/InterruptedException'> (0x00000000f8745690) thrown at [D:\re\workspace\8-2-build-windows-amd64-cygwin\jdk8u25\1677\hotspot\src\share\vm\runtime\objectMonitor.cpp, line 1682]
Event: 329.119 Thread 0x0000000015f7b000 Exception <a 'java/lang/InterruptedException'> (0x00000000f8d9c220) thrown at [D:\re\workspace\8-2-build-windows-amd64-cygwin\jdk8u25\1677\hotspot\src\share\vm\runtime\objectMonitor.cpp, line 1682]
Event: 330.138 Thread 0x0000000002228000 Implicit null exception at 0x0000000002c9b95f to 0x0000000002c9d109
Event: 330.172 Thread 0x0000000015a49800 Exception <a 'java/lang/InterruptedException': sleep interrupted> (0x00000000f9062b38) thrown at [D:\re\workspace\8-2-build-windows-amd64-cygwin\jdk8u25\1677\hotspot\src\share\vm\prims\jvm.cpp, line 3141]
Event: 330.176 Thread 0x000000001b883000 Exception <a 'java/lang/InterruptedException'> (0x00000000f910f7b8) thrown at [D:\re\workspace\8-2-build-windows-amd64-cygwin\jdk8u25\1677\hotspot\src\share\vm\runtime\objectMonitor.cpp, line 1682]
Event: 330.176 Thread 0x0000000015b02000 Exception <a 'java/lang/InterruptedException'> (0x00000000f9125f38) thrown at [D:\re\workspace\8-2-build-windows-amd64-cygwin\jdk8u25\1677\hotspot\src\share\vm\runtime\objectMonitor.cpp, line 1682]
Event: 330.188 Thread 0x0000000015e70800 Exception <a 'java/lang/InterruptedException'> (0x00000000f8ff8ec0) thrown at [D:\re\workspace\8-2-build-windows-amd64-cygwin\jdk8u25\1677\hotspot\src\share\vm\runtime\objectMonitor.cpp, line 1682]
Event: 330.188 Thread 0x0000000002228000 Implicit null exception at 0x0000000004405b06 to 0x0000000004405f59

Events (10 events):
Event: 330.188 Thread 0x0000000002228000 DEOPT PACKING pc=0x0000000004405f68 sp=0x000000000012eae0
Event: 330.188 Thread 0x0000000002228000 DEOPT UNPACKING pc=0x000000000233556a sp=0x000000000012ea38 mode 2
Event: 330.188 Thread 0x000000001594f800 Thread exited: 0x000000001594f800
Event: 330.189 loading class java/util/IdentityHashMap$KeyIterator
Event: 330.189 loading class java/util/IdentityHashMap$IdentityHashMapIterator
Event: 330.189 loading class java/util/IdentityHashMap$IdentityHashMapIterator done
Event: 330.189 loading class java/util/IdentityHashMap$KeyIterator done
Event: 330.189 Thread 0x000000001b883000 Thread added: 0x000000001b883000
Event: 330.189 Thread 0x000000001b883000 Thread exited: 0x000000001b883000
Event: 330.189 Executing VM operation: Exit


Dynamic libraries:
0x0000000000400000 - 0x000000000044f000 	C:\Xilinx\SDK\2015.2\eclipse\win64.o\eclipse.exe
0x0000000077880000 - 0x0000000077a29000 	C:\Windows\SYSTEM32\ntdll.dll
0x0000000077760000 - 0x000000007787f000 	C:\Windows\system32\kernel32.dll
0x000007fefd880000 - 0x000007fefd8eb000 	C:\Windows\system32\KERNELBASE.dll
0x0000000077660000 - 0x000000007775a000 	C:\Windows\system32\USER32.dll
0x000007fefecd0000 - 0x000007fefed37000 	C:\Windows\system32\GDI32.dll
0x000007fefeb10000 - 0x000007fefeb1e000 	C:\Windows\system32\LPK.dll
0x000007fefee60000 - 0x000007fefef29000 	C:\Windows\system32\USP10.dll
0x000007feffaf0000 - 0x000007feffb8f000 	C:\Windows\system32\msvcrt.dll
0x000007fefbfa0000 - 0x000007fefc194000 	C:\Windows\WinSxS\amd64_microsoft.windows.common-controls_6595b64144ccf1df_6.0.7601.17514_none_fa396087175ac9ac\COMCTL32.dll
0x000007fefeff0000 - 0x000007feff061000 	C:\Windows\system32\SHLWAPI.dll
0x000007feff8f0000 - 0x000007feff91e000 	C:\Windows\system32\IMM32.DLL
0x000007fefed40000 - 0x000007fefee49000 	C:\Windows\system32\MSCTF.dll
0x0000000072000000 - 0x0000000072012000 	C:\Xilinx\SDK\2015.2\eclipse\win64.o\plugins\org.eclipse.equinox.launcher.win32.win32.x86_64_1.1.200.v20140116-2212\eclipse_1503.dll
0x000007fefebf0000 - 0x000007fefeccb000 	C:\Windows\system32\ADVAPI32.dll
0x000007feff460000 - 0x000007feff47f000 	C:\Windows\SYSTEM32\sechost.dll
0x000007feff150000 - 0x000007feff27d000 	C:\Windows\system32\RPCRT4.dll
0x000007fefc930000 - 0x000007fefc93c000 	C:\Windows\system32\VERSION.dll
0x000007fefbf20000 - 0x000007fefbf76000 	C:\Windows\system32\uxtheme.dll
0x00000000690a0000 - 0x00000000698fa000 	C:\Xilinx\SDK\2015.2\tps\win64\jre\bin\server\jvm.dll
0x000007fef1d00000 - 0x000007fef1d09000 	C:\Windows\system32\WSOCK32.dll
0x000007fefeba0000 - 0x000007fefebed000 	C:\Windows\system32\WS2_32.dll
0x000007fefee50000 - 0x000007fefee58000 	C:\Windows\system32\NSI.dll
0x000007fefb180000 - 0x000007fefb1bb000 	C:\Windows\system32\WINMM.dll
0x0000000077a50000 - 0x0000000077a57000 	C:\Windows\system32\PSAPI.DLL
0x000000006c120000 - 0x000000006c1f2000 	C:\Windows\system32\MSVCR100.dll
0x0000000072750000 - 0x000000007275f000 	C:\Xilinx\SDK\2015.2\tps\win64\jre\bin\verify.dll
0x0000000069da0000 - 0x0000000069dc8000 	C:\Xilinx\SDK\2015.2\tps\win64\jre\bin\java.dll
0x0000000072730000 - 0x0000000072746000 	C:\Xilinx\SDK\2015.2\tps\win64\jre\bin\zip.dll
0x000007fefdd80000 - 0x000007fefeb08000 	C:\Windows\system32\SHELL32.dll
0x000007feff480000 - 0x000007feff683000 	C:\Windows\system32\ole32.dll
0x000007fefd7d0000 - 0x000007fefd7df000 	C:\Windows\system32\profapi.dll
0x000007fefd060000 - 0x000007fefd077000 	C:\Windows\system32\CRYPTSP.dll
0x000007fefcd60000 - 0x000007fefcda7000 	C:\Windows\system32\rsaenh.dll
0x000007fefcb20000 - 0x000007fefcb3e000 	C:\Windows\system32\USERENV.dll
0x000007fefd700000 - 0x000007fefd70f000 	C:\Windows\system32\CRYPTBASE.dll
0x0000000069c10000 - 0x0000000069c2a000 	C:\Xilinx\SDK\2015.2\tps\win64\jre\bin\net.dll
0x000007fefd000000 - 0x000007fefd055000 	C:\Windows\system32\mswsock.dll
0x000007fefcff0000 - 0x000007fefcff7000 	C:\Windows\System32\wship6.dll
0x000007fefb050000 - 0x000007fefb077000 	C:\Windows\system32\IPHLPAPI.DLL
0x000007fefb040000 - 0x000007fefb04b000 	C:\Windows\system32\WINNSI.DLL
0x000007fefad00000 - 0x000007fefad11000 	C:\Windows\system32\dhcpcsvc6.DLL
0x000007fefad20000 - 0x000007fefad38000 	C:\Windows\system32\dhcpcsvc.DLL
0x0000000069bf0000 - 0x0000000069c01000 	C:\Xilinx\SDK\2015.2\tps\win64\jre\bin\nio.dll
0x000007feffa50000 - 0x000007feffae9000 	C:\Windows\system32\CLBCatQ.DLL
0x000007feff070000 - 0x000007feff147000 	C:\Windows\system32\OLEAUT32.dll
0x000007fefba00000 - 0x000007fefba15000 	C:\Windows\system32\NLAapi.dll
0x000007feed6e0000 - 0x000007feed6f5000 	C:\Windows\system32\napinsp.dll
0x000007feed6c0000 - 0x000007feed6d9000 	C:\Windows\system32\pnrpnsp.dll
0x000007fefce80000 - 0x000007fefcedb000 	C:\Windows\system32\DNSAPI.dll
0x000007feed6b0000 - 0x000007feed6bb000 	C:\Windows\System32\winrnr.dll
0x000007fefca00000 - 0x000007fefca07000 	C:\Windows\System32\wshtcpip.dll
0x000007fefa8a0000 - 0x000007fefa8a8000 	C:\Windows\system32\rasadhlp.dll
0x000007fefaed0000 - 0x000007fefaf23000 	C:\Windows\System32\fwpuclnt.dll
0x0000000016150000 - 0x00000000161f8000 	C:\Users\Tung\.Xilinx\SDK\2015.2\org.eclipse.osgi\bundles\287\1\.cp\swt-win32-4335.dll
0x000007fefef50000 - 0x000007fefefe7000 	C:\Windows\system32\comdlg32.dll
0x000007fefb080000 - 0x000007fefb0f1000 	C:\Windows\system32\WINSPOOL.DRV
0x000007feff920000 - 0x000007feffa4a000 	C:\Windows\system32\WININET.dll
0x000007fefdba0000 - 0x000007fefdd18000 	C:\Windows\system32\urlmon.dll
0x000007fefda30000 - 0x000007fefdb97000 	C:\Windows\system32\CRYPT32.dll
0x000007fefd870000 - 0x000007fefd87f000 	C:\Windows\system32\MSASN1.dll
0x000007feff690000 - 0x000007feff8e9000 	C:\Windows\system32\iertutil.dll
0x000007fefb6c0000 - 0x000007fefb6d8000 	C:\Windows\system32\dwmapi.dll
0x000007fefc2b0000 - 0x000007fefc3dc000 	C:\Windows\system32\propsys.dll
0x0000000000600000 - 0x000000000061e000 	C:\Users\Tung\.Xilinx\SDK\2015.2\org.eclipse.osgi\bundles\287\1\.cp\swt-gdip-win32-4335.dll
0x000007fefbd00000 - 0x000007fefbf15000 	C:\Windows\WinSxS\amd64_microsoft.windows.gdiplus_6595b64144ccf1df_1.1.7601.17514_none_2b24536c71ed437a\gdiplus.dll
0x000007fefb4b0000 - 0x000007fefb5da000 	C:\Windows\system32\WindowsCodecs.dll
0x0000000180000000 - 0x0000000180012000 	C:\Users\Tung\.Xilinx\SDK\2015.2\org.eclipse.osgi\bundles\113\1\.cp\os\win32\x86_64\localfile_1_0_0.dll
0x000007fefb470000 - 0x000007fefb481000 	C:\Users\Tung\.Xilinx\SDK\2015.2\org.eclipse.osgi\bundles\116\1\.cp\jWinHttp-1.0.0.dll
0x000007fef8b60000 - 0x000007fef8bd1000 	C:\Windows\system32\WINHTTP.dll
0x000007fef8af0000 - 0x000007fef8b54000 	C:\Windows\system32\webio.dll
0x000007fefd630000 - 0x000007fefd655000 	C:\Windows\system32\SspiCli.dll
0x000007fefcc30000 - 0x000007fefcc3a000 	C:\Windows\system32\credssp.dll
0x000007fefd8f0000 - 0x000007fefd926000 	C:\Windows\system32\CFGMGR32.dll
0x000007fefac90000 - 0x000007feface4000 	C:\Windows\system32\oleacc.dll
0x000007fefd7b0000 - 0x000007fefd7c4000 	C:\Windows\system32\RpcRtRemote.dll
0x000007fefd6a0000 - 0x000007fefd6f7000 	C:\Windows\system32\apphelp.dll
0x000007fef33a0000 - 0x000007fef33aa000 	C:\Xilinx\SDK\2015.2\lib\win64.o\librdi_jtag_settings.dll
0x000007fef1020000 - 0x000007fef1049000 	C:\Xilinx\SDK\2015.2\lib\win64.o\librdi_debug_dialog.dll
0x000007fef4070000 - 0x000007fef4092000 	C:\Xilinx\SDK\2015.2\lib\win64.o\libboost_filesystem.dll
0x000007fef4e80000 - 0x000007fef4e89000 	C:\Xilinx\SDK\2015.2\lib\win64.o\libboost_system.dll
0x000007feed290000 - 0x000007feed337000 	C:\Windows\system32\MSVCP110.dll
0x000007feedb30000 - 0x000007feedc04000 	C:\Windows\system32\MSVCR110.dll
0x000007fec1260000 - 0x000007fec1ba3000 	C:\Xilinx\SDK\2015.2\lib\win64.o\librdi_common.dll
0x000007fec2250000 - 0x000007fec24f8000 	C:\Xilinx\SDK\2015.2\lib\win64.o\libCOIN-all.dll
0x000007fec2030000 - 0x000007fec2250000 	C:\Xilinx\SDK\2015.2\lib\win64.o\libXil_lmgr11.dll
0x000007fefb370000 - 0x000007fefb386000 	C:\Windows\system32\NETAPI32.dll
0x000007fefb360000 - 0x000007fefb36c000 	C:\Windows\system32\netutils.dll
0x000007fefd3d0000 - 0x000007fefd3f3000 	C:\Windows\system32\srvcli.dll
0x000007fefb340000 - 0x000007fefb355000 	C:\Windows\system32\wkscli.dll
0x000007fefd950000 - 0x000007fefd98a000 	C:\Windows\system32\WINTRUST.dll
0x000007fef5500000 - 0x000007fef5510000 	C:\Xilinx\SDK\2015.2\lib\win64.o\libboost_date_time.dll
0x000007fef0f40000 - 0x000007fef0fb4000 	C:\Xilinx\SDK\2015.2\lib\win64.o\libboost_program_options.dll
0x000007feea110000 - 0x000007feea20a000 	C:\Xilinx\SDK\2015.2\lib\win64.o\libboost_regex.dll
0x000007fef4050000 - 0x000007fef4063000 	C:\Xilinx\SDK\2015.2\lib\win64.o\libboost_signals.dll
0x000007fef4030000 - 0x000007fef404d000 	C:\Xilinx\SDK\2015.2\lib\win64.o\libboost_thread.dll
0x000007fef4e50000 - 0x000007fef4e5b000 	C:\Xilinx\SDK\2015.2\lib\win64.o\libboost_chrono.dll
0x000007feedc10000 - 0x000007feedc90000 	C:\Xilinx\SDK\2015.2\lib\win64.o\libhdlpsolve.dll
0x000007feec030000 - 0x000007feec0ca000 	C:\Xilinx\SDK\2015.2\lib\win64.o\libhdxml.dll
0x000007fec0c50000 - 0x000007fec125a200 	C:\Xilinx\SDK\2015.2\lib\win64.o\libisl_iostreams.dll
0x000007fef4010000 - 0x000007fef4026000 	C:\Xilinx\SDK\2015.2\lib\win64.o\libboost_iostreams.dll
0x000007fef33b0000 - 0x000007fef33d3000 	C:\Xilinx\SDK\2015.2\lib\win64.o\librdizlib.dll
0x000007fef1c80000 - 0x000007fef1ca3000 	C:\Xilinx\SDK\2015.2\lib\win64.o\libisl_iosutils.dll
0x000007fef16e0000 - 0x000007fef170a000 	C:\Xilinx\SDK\2015.2\lib\win64.o\libisl_sysinfo.dll
0x000007fef4eb0000 - 0x000007fef4ec5000 	C:\Xilinx\SDK\2015.2\lib\win64.o\pthreadVC2.dll
0x000007feebfd0000 - 0x000007feec024000 	C:\Xilinx\SDK\2015.2\lib\win64.o\librdi_commonxillic.dll
0x000007fec6ae0000 - 0x000007fec6c10000 	C:\Xilinx\SDK\2015.2\lib\win64.o\librdi_curl.dll
0x000007fef16c0000 - 0x000007fef16d8000 	C:\Xilinx\SDK\2015.2\lib\win64.o\librdiconfig.dll
0x0000000069ac0000 - 0x0000000069be7000 	C:\Xilinx\SDK\2015.2\lib\win64.o\tcl85t.dll
0x00000000202f0000 - 0x0000000020553000 	C:\Xilinx\SDK\2015.2\lib\win64.o\xerces-c_3_1.dll
0x000007feecae0000 - 0x000007feecb03000 	C:\Windows\system32\VCOMP110.DLL
0x000007fec2710000 - 0x000007fec28f8000 	C:\Xilinx\SDK\2015.2\lib\win64.o\librdi_hsm.dll
0x000007feea0c0000 - 0x000007feea103000 	C:\Xilinx\SDK\2015.2\lib\win64.o\librdi_hdf.dll
0x000007fec0280000 - 0x000007fec043a000 	C:\Xilinx\SDK\2015.2\lib\win64.o\librdi_ippcw.dll
0x000007fef4930000 - 0x000007fef4938000 	C:\Xilinx\SDK\2015.2\lib\win64.o\librdi_target_manager.dll
0x000007fef1d10000 - 0x000007fef1d20000 	C:\Xilinx\SDK\2015.2\lib\win64.o\librdi_repo_manager.dll
0x000007fef1570000 - 0x000007fef158c000 	C:\Xilinx\SDK\2015.2\lib\win64.o\librdi_hw_platform.dll
0x000007fefb120000 - 0x000007fefb127000 	C:\Windows\system32\msimg32.dll
0x000007fec1c20000 - 0x000007fec202a000 	C:\Xilinx\SDK\2015.2\lib\win64.o\librdi_commontasks.dll
0x000007fec0440000 - 0x000007fec0c50000 	C:\Xilinx\SDK\2015.2\lib\win64.o\libXil_lmgr11FNP.dll
0x000007fef7c60000 - 0x000007fef7c6b000 	C:\Windows\system32\snmpapi.dll
0x000007feff280000 - 0x000007feff457000 	C:\Windows\system32\SETUPAPI.dll
0x000007fefd930000 - 0x000007fefd94a000 	C:\Windows\system32\DEVOBJ.dll
0x000007febf7a0000 - 0x000007febfb35000 	C:\Xilinx\SDK\2015.2\lib\win64.o\librdi_hsmtasks.dll
0x000007fef1180000 - 0x000007fef119b000 	C:\Xilinx\SDK\2015.2\lib\win64.o\librdi_sw_platform.dll
0x000007fefb490000 - 0x000007fefb4a6000 	C:\Xilinx\SDK\2015.2\eclipse\win64.o\plugins\org.eclipse.cdt.core.win32.x86_64_5.2.0.201402142303\os\win32\x86_64\spawner.dll
0x000000006bfe0000 - 0x000000006bfe3000 	C:\Windows\system32\icmp.Dll
0x000007fef3460000 - 0x000007fef3585000 	C:\Windows\system32\dbghelp.dll

VM Arguments:
jvm_args: -Dcom.xilinx.sdk.args.hwspec=C:/Users/Tung/Desktop/axi_dma_sg/axi_dma_sg.sdk/design_1_wrapper.hdf -Xms64m -Xmx512m & 
java_command: <unknown>
java_class_path (initial): C:\Xilinx\SDK\2015.2\eclipse\win64.o\\plugins/org.eclipse.equinox.launcher_1.3.0.v20130327-1440.jar
Launcher Type: generic

Environment Variables:
PATH=C:/Xilinx/SDK/2015.2/tps/win64/jre/bin/server;C:/Xilinx/SDK/2015.2/tps/win64/jre/bin;C:/Xilinx/SDK/2015.2/tps/win64/jre/lib/amd64;C:\Xilinx\SDK\2015.2\gnuwin\bin;C:\Xilinx\SDK\2015.2\gnu\microblaze\nt\bin;C:\Xilinx\SDK\2015.2\gnu\microblaze\linux_toolchain\nt64_le\bin;C:\Xilinx\SDK\2015.2\gnu\microblaze\linux_toolchain\nt64_be\bin;C:\Xilinx\SDK\2015.2\gnu\arm\nt\bin;C:\Xilinx\SDK\2015.2\gnu\aarch64\nt\aarch64-none\bin;C:\Xilinx\SDK\2015.2\gnu\aarch64\nt\aarch64-linux\bin;C:\Xilinx\SDK\2015.2\gnu\armr5\nt\gcc-arm-none-eabi\bin;C:\Xilinx\SDK\2015.2\gnu\aarch32\nt\gcc-arm-none-eabi\bin;C:\Xilinx\SDK\2015.2\gnu\aarch32\nt\gcc-arm-linux-gnueabi\bin;C:\Xilinx\SDK\2015.2\bin;C:\Xilinx\SDK\2015.2\lib\win64.o;C:\Xilinx\SDK\2015.2\tps\win64\jre\bin\server;C:\Xilinx\SDK\2015.2\tps\win64\jre\bin;C:\Xilinx\SDK\2015.2\bin;C:\Xilinx\SDK\2015.2\bin;C:\Xilinx\Vivado\2015.2\ids_lite\ISE\bin\nt64;C:\Xilinx\Vivado\2015.2\ids_lite\ISE\lib\nt64;C:\Xilinx\Vivado\2015.2\bin;C:\Xilinx\Vivado\2015.2\lib\win64.o;C:\Xilinx\Vivado\2015.2\tps\win64\jre\bin\server;C:\Xilinx\Vivado\2015.2\tps\win64\jre\bin;C:\Xilinx\SDK\2015.2\bin;C:\Xilinx\Vivado\2015.2\ids_lite\ISE\bin\nt64;C:\Xilinx\Vivado\2015.2\ids_lite\ISE\lib\nt64;C:\Xilinx\Vivado_HLS\2015.2\bin;C:\Program Files (x86)\Intel\iCLS Client\;C:\Program Files\Intel\iCLS Client\;C:\Windows\system32;C:\Windows;C:\Windows\System32\Wbem;C:\Windows\System32\WindowsPowerShell\v1.0\;C:\Program Files\Intel\Intel(R) Management Engine Components\DAL;C:\Program Files\Intel\Intel(R) Management Engine Components\IPT;C:\Program Files (x86)\Intel\Intel(R) Management Engine Components\DAL;C:\Program Files (x86)\Intel\Intel(R) Management Engine Components\IPT;C:\Program Files\MATLAB\R2016a\runtime\win64;C:\Program Files\MATLAB\R2016a\bin;C:\Program Files\MATLAB\R2016a\polyspace\bin;c:\Users\Tung\Desktop\axi_dma_sg;
USERNAME=Tung
OS=Windows_NT
PROCESSOR_IDENTIFIER=Intel64 Family 6 Model 60 Stepping 3, GenuineIntel



---------------  S Y S T E M  ---------------

OS: Windows 7 , 64 bit Build 7601 Service Pack 1

CPU:total 4 (4 cores per cpu, 1 threads per core) family 6 model 60 stepping 3, cmov, cx8, fxsr, mmx, sse, sse2, sse3, ssse3, sse4.1, sse4.2, popcnt, avx, avx2, aes, clmul, erms, lzcnt, tsc, tscinvbit, bmi1, bmi2

Memory: 4k page, physical 4110972k(1376672k free), swap 8220100k(4717836k free)

vm_info: Java HotSpot(TM) 64-Bit Server VM (25.25-b02) for windows-amd64 JRE (1.8.0_25-b18), built on Oct  7 2014 14:25:37 by "java_re" with MS VC++ 10.0 (VS2010)

time: Mon Jul 23 09:38:42 2018
elapsed time: 330 seconds (0d 0h 5m 30s)

