#
# A fatal error has been detected by the Java Runtime Environment:
#
#  Internal Error (0xc000000d), pid=4416, tid=3388
#
# JRE version: Java(TM) SE Runtime Environment (8.0_25-b18) (build 1.8.0_25-b18)
# Java VM: Java HotSpot(TM) 64-Bit Server VM (25.25-b02 mixed mode windows-amd64 compressed oops)
# Problematic frame:
# C  [ntdll.dll+0x7a291]
#
# Failed to write core dump. Minidumps are not enabled by default on client versions of Windows
#
# If you would like to submit a bug report, please visit:
#   http://bugreport.sun.com/bugreport/crash.jsp
#

---------------  T H R E A D  ---------------

Current thread (0x0000000013bd6000):  VMThread [stack: 0x0000000014c40000,0x0000000014d40000] [id=3388]

siginfo: ExceptionCode=0xc000000d

Registers:
RAX=0x0000000062d5de11, RBX=0x0000000000000000, RCX=0x0000000014d3ed10, RDX=0x0000000000000000
RSP=0x0000000014d3f320, RBP=0x0000000000254b40, RSI=0x000007feedb37408, RDI=0x0000000014d3f468
R8 =0x0000000000000000, R9 =0x0000000000000000, R10=0x0000000000000000, R11=0x0000000000000246
R12=0x0000000025f49170, R13=0x0000000025f49130, R14=0x0000000000254c48, R15=0x0000000000000000
RIP=0x00000000778fa291, EFLAGS=0x0000000000000206

Top of Stack: (sp=0x0000000014d3f320)
0x0000000014d3f320:   0000000000000000 000007feedb37408
0x0000000014d3f330:   0000000014d3f468 0000000000000000
0x0000000014d3f340:   0000000000000000 0000000000000000
0x0000000014d3f350:   0000000000000000 0000000000000000
0x0000000014d3f360:   0000000000000002 0000000000000000
0x0000000014d3f370:   00000000c000000d 0000000000000000
0x0000000014d3f380:   00000000778fa291 0000000000000000
0x0000000014d3f390:   0000000000000000 0000000000000000
0x0000000014d3f3a0:   0000000000000000 0000000000000000
0x0000000014d3f3b0:   0000000000000000 0000000000000000
0x0000000014d3f3c0:   0000000000000000 0000000000000000
0x0000000014d3f3d0:   0000000000000000 0000000000000000
0x0000000014d3f3e0:   0000000000000000 0000000000000000
0x0000000014d3f3f0:   0000000000000000 0000000000000000
0x0000000014d3f400:   0000000000000000 000000002a868be0
0x0000000014d3f410:   0000000000000090 00000000777a2fe8 

Instructions: (pc=0x00000000778fa291)
0x00000000778fa271:   5b 8c fd ff b9 57 00 00 00 c7 44 24 50 0d 00 00
0x00000000778fa281:   c0 e8 49 8f fd ff 48 8d 4c 24 50 e8 cf f2 f9 ff
0x00000000778fa291:   4c 8b 1d 40 81 0b 00 4d 85 db 74 5b 65 48 8b 04
0x00000000778fa2a1:   25 30 00 00 00 f6 80 ee 17 00 00 08 74 12 65 48 


Register to memory mapping:

RAX=0x0000000062d5de11 is an unknown value
RBX=0x0000000000000000 is an unknown value
RCX=0x0000000014d3ed10 is an unknown value
RDX=0x0000000000000000 is an unknown value
RSP=0x0000000014d3f320 is an unknown value
RBP=0x0000000000254b40 is an unknown value
RSI=0x000007feedb37408 is an unknown value
RDI=0x0000000014d3f468 is an unknown value
R8 =0x0000000000000000 is an unknown value
R9 =0x0000000000000000 is an unknown value
R10=0x0000000000000000 is an unknown value
R11=0x0000000000000246 is an unknown value
R12=0x0000000025f49170 is an unknown value
R13=0x0000000025f49130 is an unknown value
R14=0x0000000000254c48 is an unknown value
R15=0x0000000000000000 is an unknown value


Stack: [0x0000000014c40000,0x0000000014d40000],  sp=0x0000000014d3f320,  free space=1020k
Native frames: (J=compiled Java code, j=interpreted, Vv=VM code, C=native code)
C  [ntdll.dll+0x7a291]
C  [kernel32.dll+0x42fe8]
C  [MSVCR110.dll+0x752d]
C  [MSVCR110.dll+0x14cde]
C  [MSVCR110.dll+0x13edc]
C  [MSVCR110.dll+0x239e]
C  [MSVCR110.dll+0xaf9e]
C  [MSVCP110.dll+0x397b9]
C  [librdi_common.dll+0x135d02]
C  [librdi_common.dll+0x13447b]
C  [librdi_sw_platform.dll+0x10904]
C  [librdi_sw_platform.dll+0x10b86]
C  [ntdll.dll+0x24371]
C  [ntdll.dll+0x24180]
C  [MSVCR100.dll+0x20ccd]
V  [jvm.dll+0x1f9c55]
V  [jvm.dll+0x2325e7]
V  [jvm.dll+0x231826]
V  [jvm.dll+0x231cc1]
V  [jvm.dll+0x231ede]
V  [jvm.dll+0x2852fa]
C  [MSVCR100.dll+0x21d9f]
C  [MSVCR100.dll+0x21e3b]
C  [kernel32.dll+0x1652d]
C  [ntdll.dll+0x2c521]

VM_Operation (0x000000000012f500): Exit, mode: safepoint, requested by thread 0x00000000026f8000


---------------  P R O C E S S  ---------------

Java Threads: ( => current thread )
  0x0000000016edf800 JavaThread "Thread-14" daemon [_thread_blocked, id=2600, stack(0x00000000204c0000,0x00000000205c0000)]
  0x000000001760d800 JavaThread "TCF Locator DNS Lookup" daemon [_thread_blocked, id=668, stack(0x000000001f8c0000,0x000000001f9c0000)]
  0x000000001760d000 JavaThread "TCF Locator Timer" daemon [_thread_blocked, id=3180, stack(0x000000001f7c0000,0x000000001f8c0000)]
  0x000000001760c000 JavaThread "TCF Locator Receiver" daemon [_thread_in_native, id=1900, stack(0x000000001f6c0000,0x000000001f7c0000)]
  0x0000000016edd000 JavaThread "TCF Timer Dispatcher" daemon [_thread_blocked, id=2760, stack(0x000000001caf0000,0x000000001cbf0000)]
  0x0000000016a80800 JavaThread "EMF Reference Cleaner" daemon [_thread_blocked, id=3232, stack(0x0000000017cf0000,0x0000000017df0000)]
  0x000000001527e000 JavaThread "Service Thread" daemon [_thread_blocked, id=3148, stack(0x0000000015840000,0x0000000015940000)]
  0x0000000015248800 JavaThread "C1 CompilerThread2" daemon [_thread_blocked, id=5096, stack(0x0000000015740000,0x0000000015840000)]
  0x0000000013c4e800 JavaThread "C2 CompilerThread1" daemon [_thread_blocked, id=848, stack(0x0000000015640000,0x0000000015740000)]
  0x0000000013c4c800 JavaThread "C2 CompilerThread0" daemon [_thread_blocked, id=2948, stack(0x0000000015140000,0x0000000015240000)]
  0x0000000013c47000 JavaThread "Attach Listener" daemon [_thread_blocked, id=2788, stack(0x0000000015040000,0x0000000015140000)]
  0x0000000013c45000 JavaThread "Signal Dispatcher" daemon [_thread_blocked, id=1992, stack(0x0000000014f40000,0x0000000015040000)]
  0x0000000013be3000 JavaThread "Finalizer" daemon [_thread_blocked, id=3868, stack(0x0000000014e40000,0x0000000014f40000)]
  0x0000000013bda000 JavaThread "Reference Handler" daemon [_thread_blocked, id=4128, stack(0x0000000014d40000,0x0000000014e40000)]
  0x00000000026f8000 JavaThread "main" [_thread_blocked, id=4912, stack(0x0000000000030000,0x0000000000130000)]

Other Threads:
=>0x0000000013bd6000 VMThread [stack: 0x0000000014c40000,0x0000000014d40000] [id=3388]

VM state:at safepoint (shutting down)

VM Mutex/Monitor currently owned by a thread:  ([mutex/lock_event])
[0x000000000287dd10] Threads_lock - owner thread: 0x0000000013bd6000

Heap:
 PSYoungGen      total 59904K, used 29756K [0x00000000f5580000, 0x00000000f9380000, 0x0000000100000000)
  eden space 56320K, 52% used [0x00000000f5580000,0x00000000f728f290,0x00000000f8c80000)
  from space 3584K, 0% used [0x00000000f9000000,0x00000000f9000000,0x00000000f9380000)
  to   space 3584K, 0% used [0x00000000f8c80000,0x00000000f8c80000,0x00000000f9000000)
 ParOldGen       total 112128K, used 36095K [0x00000000e0000000, 0x00000000e6d80000, 0x00000000f5580000)
  object space 112128K, 32% used [0x00000000e0000000,0x00000000e233fed0,0x00000000e6d80000)
 Metaspace       used 80052K, capacity 85396K, committed 85592K, reserved 1124352K
  class space    used 9274K, capacity 11064K, committed 11096K, reserved 1048576K

Card table byte_map: [0x0000000011c40000,0x0000000011d50000] byte_map_base: 0x0000000011540000

Marking Bits: (ParMarkBitMap*) 0x00000000663ed490
 Begin Bits: [0x0000000012150000, 0x0000000012950000)
 End Bits:   [0x0000000012950000, 0x0000000013150000)

Polling page: 0x0000000000320000

CodeCache: size=245760Kb used=52544Kb max_used=52615Kb free=193215Kb
 bounds [0x0000000002880000, 0x0000000005c50000, 0x0000000011880000]
 total_blobs=14504 nmethods=13658 adapters=753
 compilation: enabled

Compilation events (10 events):
Event: 3479.044 Thread 0x0000000015248800 nmethod 17271 0x0000000003928150 code [0x00000000039282a0, 0x00000000039283b0]
Event: 3479.045 Thread 0x0000000015248800 17270       1       org.eclipse.osgi.internal.loader.BundleLoaderProxy::getBasicBundleLoader (5 bytes)
Event: 3479.046 Thread 0x0000000015248800 nmethod 17270 0x00000000044ff9d0 code [0x00000000044ffb20, 0x00000000044ffc30]
Event: 3479.047 Thread 0x0000000015248800 17268       3       java.util.WeakHashMap::isEmpty (13 bytes)
Event: 3479.048 Thread 0x0000000015248800 nmethod 17268 0x00000000029a24d0 code [0x00000000029a2640, 0x00000000029a2968]
Event: 3479.050 Thread 0x0000000015248800 17272       3       java.io.File::list (33 bytes)
Event: 3479.050 Thread 0x0000000015248800 nmethod 17272 0x00000000046f7b90 code [0x00000000046f7d60, 0x00000000046f8488]
Event: 3479.059 Thread 0x0000000013c4c800 nmethod 17263 0x00000000039713d0 code [0x0000000003971620, 0x00000000039727f0]
Event: 3479.120 Thread 0x0000000015248800 17273   !   3       org.eclipse.osgi.internal.baseadaptor.BaseStorage::compact (215 bytes)
Event: 3479.122 Thread 0x0000000015248800 nmethod 17273 0x00000000035ab650 code [0x00000000035aba80, 0x00000000035adee8]

GC Heap History (10 events):
Event: 3309.358 GC heap before
{Heap before GC invocations=158 (full 56):
 PSYoungGen      total 58880K, used 698K [0x00000000f5580000, 0x00000000f9280000, 0x0000000100000000)
  eden space 56320K, 0% used [0x00000000f5580000,0x00000000f5580000,0x00000000f8c80000)
  from space 2560K, 27% used [0x00000000f9000000,0x00000000f90ae908,0x00000000f9280000)
  to   space 3072K, 0% used [0x00000000f8c80000,0x00000000f8c80000,0x00000000f8f80000)
 ParOldGen       total 112128K, used 37039K [0x00000000e0000000, 0x00000000e6d80000, 0x00000000f5580000)
  object space 112128K, 33% used [0x00000000e0000000,0x00000000e242bdc8,0x00000000e6d80000)
 Metaspace       used 79181K, capacity 84596K, committed 84696K, reserved 1122304K
  class space    used 9173K, capacity 10967K, committed 10968K, reserved 1048576K
Event: 3309.476 GC heap after
Heap after GC invocations=158 (full 56):
 PSYoungGen      total 58880K, used 0K [0x00000000f5580000, 0x00000000f9280000, 0x0000000100000000)
  eden space 56320K, 0% used [0x00000000f5580000,0x00000000f5580000,0x00000000f8c80000)
  from space 2560K, 0% used [0x00000000f9000000,0x00000000f9000000,0x00000000f9280000)
  to   space 3072K, 0% used [0x00000000f8c80000,0x00000000f8c80000,0x00000000f8f80000)
 ParOldGen       total 112128K, used 36912K [0x00000000e0000000, 0x00000000e6d80000, 0x00000000f5580000)
  object space 112128K, 32% used [0x00000000e0000000,0x00000000e240c1e8,0x00000000e6d80000)
 Metaspace       used 79181K, capacity 84596K, committed 84696K, reserved 1122304K
  class space    used 9173K, capacity 10967K, committed 10968K, reserved 1048576K
}
Event: 3380.352 GC heap before
{Heap before GC invocations=159 (full 56):
 PSYoungGen      total 58880K, used 44409K [0x00000000f5580000, 0x00000000f9280000, 0x0000000100000000)
  eden space 56320K, 78% used [0x00000000f5580000,0x00000000f80de788,0x00000000f8c80000)
  from space 2560K, 0% used [0x00000000f9000000,0x00000000f9000000,0x00000000f9280000)
  to   space 3072K, 0% used [0x00000000f8c80000,0x00000000f8c80000,0x00000000f8f80000)
 ParOldGen       total 112128K, used 36912K [0x00000000e0000000, 0x00000000e6d80000, 0x00000000f5580000)
  object space 112128K, 32% used [0x00000000e0000000,0x00000000e240c1e8,0x00000000e6d80000)
 Metaspace       used 79229K, capacity 84660K, committed 84696K, reserved 1122304K
  class space    used 9173K, capacity 10967K, committed 10968K, reserved 1048576K
Event: 3380.354 GC heap after
Heap after GC invocations=159 (full 56):
 PSYoungGen      total 59392K, used 1923K [0x00000000f5580000, 0x00000000f9380000, 0x0000000100000000)
  eden space 56320K, 0% used [0x00000000f5580000,0x00000000f5580000,0x00000000f8c80000)
  from space 3072K, 62% used [0x00000000f8c80000,0x00000000f8e60ed8,0x00000000f8f80000)
  to   space 3584K, 0% used [0x00000000f9000000,0x00000000f9000000,0x00000000f9380000)
 ParOldGen       total 112128K, used 36912K [0x00000000e0000000, 0x00000000e6d80000, 0x00000000f5580000)
  object space 112128K, 32% used [0x00000000e0000000,0x00000000e240c1e8,0x00000000e6d80000)
 Metaspace       used 79229K, capacity 84660K, committed 84696K, reserved 1122304K
  class space    used 9173K, capacity 10967K, committed 10968K, reserved 1048576K
}
Event: 3380.354 GC heap before
{Heap before GC invocations=160 (full 57):
 PSYoungGen      total 59392K, used 1923K [0x00000000f5580000, 0x00000000f9380000, 0x0000000100000000)
  eden space 56320K, 0% used [0x00000000f5580000,0x00000000f5580000,0x00000000f8c80000)
  from space 3072K, 62% used [0x00000000f8c80000,0x00000000f8e60ed8,0x00000000f8f80000)
  to   space 3584K, 0% used [0x00000000f9000000,0x00000000f9000000,0x00000000f9380000)
 ParOldGen       total 112128K, used 36912K [0x00000000e0000000, 0x00000000e6d80000, 0x00000000f5580000)
  object space 112128K, 32% used [0x00000000e0000000,0x00000000e240c1e8,0x00000000e6d80000)
 Metaspace       used 79229K, capacity 84660K, committed 84696K, reserved 1122304K
  class space    used 9173K, capacity 10967K, committed 10968K, reserved 1048576K
Event: 3380.468 GC heap after
Heap after GC invocations=160 (full 57):
 PSYoungGen      total 59392K, used 0K [0x00000000f5580000, 0x00000000f9380000, 0x0000000100000000)
  eden space 56320K, 0% used [0x00000000f5580000,0x00000000f5580000,0x00000000f8c80000)
  from space 3072K, 0% used [0x00000000f8c80000,0x00000000f8c80000,0x00000000f8f80000)
  to   space 3584K, 0% used [0x00000000f9000000,0x00000000f9000000,0x00000000f9380000)
 ParOldGen       total 112128K, used 36837K [0x00000000e0000000, 0x00000000e6d80000, 0x00000000f5580000)
  object space 112128K, 32% used [0x00000000e0000000,0x00000000e23f9558,0x00000000e6d80000)
 Metaspace       used 79229K, capacity 84660K, committed 84696K, reserved 1122304K
  class space    used 9173K, capacity 10967K, committed 10968K, reserved 1048576K
}
Event: 3441.693 GC heap before
{Heap before GC invocations=161 (full 57):
 PSYoungGen      total 59392K, used 11198K [0x00000000f5580000, 0x00000000f9380000, 0x0000000100000000)
  eden space 56320K, 19% used [0x00000000f5580000,0x00000000f606f9e0,0x00000000f8c80000)
  from space 3072K, 0% used [0x00000000f8c80000,0x00000000f8c80000,0x00000000f8f80000)
  to   space 3584K, 0% used [0x00000000f9000000,0x00000000f9000000,0x00000000f9380000)
 ParOldGen       total 112128K, used 36837K [0x00000000e0000000, 0x00000000e6d80000, 0x00000000f5580000)
  object space 112128K, 32% used [0x00000000e0000000,0x00000000e23f9558,0x00000000e6d80000)
 Metaspace       used 79253K, capacity 84724K, committed 84952K, reserved 1124352K
  class space    used 9173K, capacity 10967K, committed 10968K, reserved 1048576K
Event: 3441.695 GC heap after
Heap after GC invocations=161 (full 57):
 PSYoungGen      total 59904K, used 428K [0x00000000f5580000, 0x00000000f9380000, 0x0000000100000000)
  eden space 56320K, 0% used [0x00000000f5580000,0x00000000f5580000,0x00000000f8c80000)
  from space 3584K, 11% used [0x00000000f9000000,0x00000000f906b228,0x00000000f9380000)
  to   space 3584K, 0% used [0x00000000f8c80000,0x00000000f8c80000,0x00000000f9000000)
 ParOldGen       total 112128K, used 36837K [0x00000000e0000000, 0x00000000e6d80000, 0x00000000f5580000)
  object space 112128K, 32% used [0x00000000e0000000,0x00000000e23f9558,0x00000000e6d80000)
 Metaspace       used 79253K, capacity 84724K, committed 84952K, reserved 1124352K
  class space    used 9173K, capacity 10967K, committed 10968K, reserved 1048576K
}
Event: 3441.695 GC heap before
{Heap before GC invocations=162 (full 58):
 PSYoungGen      total 59904K, used 428K [0x00000000f5580000, 0x00000000f9380000, 0x0000000100000000)
  eden space 56320K, 0% used [0x00000000f5580000,0x00000000f5580000,0x00000000f8c80000)
  from space 3584K, 11% used [0x00000000f9000000,0x00000000f906b228,0x00000000f9380000)
  to   space 3584K, 0% used [0x00000000f8c80000,0x00000000f8c80000,0x00000000f9000000)
 ParOldGen       total 112128K, used 36837K [0x00000000e0000000, 0x00000000e6d80000, 0x00000000f5580000)
  object space 112128K, 32% used [0x00000000e0000000,0x00000000e23f9558,0x00000000e6d80000)
 Metaspace       used 79253K, capacity 84724K, committed 84952K, reserved 1124352K
  class space    used 9173K, capacity 10967K, committed 10968K, reserved 1048576K
Event: 3441.821 GC heap after
Heap after GC invocations=162 (full 58):
 PSYoungGen      total 59904K, used 0K [0x00000000f5580000, 0x00000000f9380000, 0x0000000100000000)
  eden space 56320K, 0% used [0x00000000f5580000,0x00000000f5580000,0x00000000f8c80000)
  from space 3584K, 0% used [0x00000000f9000000,0x00000000f9000000,0x00000000f9380000)
  to   space 3584K, 0% used [0x00000000f8c80000,0x00000000f8c80000,0x00000000f9000000)
 ParOldGen       total 112128K, used 36095K [0x00000000e0000000, 0x00000000e6d80000, 0x00000000f5580000)
  object space 112128K, 32% used [0x00000000e0000000,0x00000000e233fed0,0x00000000e6d80000)
 Metaspace       used 79245K, capacity 84712K, committed 84952K, reserved 1124352K
  class space    used 9171K, capacity 10965K, committed 10968K, reserved 1048576K
}

Deoptimization events (10 events):
Event: 3479.035 Thread 0x0000000016eda000 Uncommon trap: reason=unreached action=reinterpret pc=0x000000000516814c method=org.eclipse.core.internal.jobs.WorkerPool.startJob(Lorg/eclipse/core/internal/jobs/Worker;)Lorg/eclipse/core/internal/jobs/InternalJob; @ 185
Event: 3479.035 Thread 0x000000001bbff000 Uncommon trap: reason=unreached action=reinterpret pc=0x000000000516814c method=org.eclipse.core.internal.jobs.WorkerPool.startJob(Lorg/eclipse/core/internal/jobs/Worker;)Lorg/eclipse/core/internal/jobs/InternalJob; @ 185
Event: 3479.035 Thread 0x0000000016edc800 Uncommon trap: reason=unreached action=reinterpret pc=0x000000000516814c method=org.eclipse.core.internal.jobs.WorkerPool.startJob(Lorg/eclipse/core/internal/jobs/Worker;)Lorg/eclipse/core/internal/jobs/InternalJob; @ 185
Event: 3479.035 Thread 0x0000000015d7c000 Uncommon trap: reason=unreached action=reinterpret pc=0x000000000516814c method=org.eclipse.core.internal.jobs.WorkerPool.startJob(Lorg/eclipse/core/internal/jobs/Worker;)Lorg/eclipse/core/internal/jobs/InternalJob; @ 185
Event: 3479.035 Thread 0x0000000018e08000 Uncommon trap: reason=unreached action=reinterpret pc=0x000000000516814c method=org.eclipse.core.internal.jobs.WorkerPool.startJob(Lorg/eclipse/core/internal/jobs/Worker;)Lorg/eclipse/core/internal/jobs/InternalJob; @ 185
Event: 3479.035 Thread 0x000000001bbff800 Uncommon trap: reason=unreached action=reinterpret pc=0x000000000516814c method=org.eclipse.core.internal.jobs.WorkerPool.startJob(Lorg/eclipse/core/internal/jobs/Worker;)Lorg/eclipse/core/internal/jobs/InternalJob; @ 185
Event: 3479.035 Thread 0x0000000018e09000 Uncommon trap: reason=unreached action=reinterpret pc=0x000000000516814c method=org.eclipse.core.internal.jobs.WorkerPool.startJob(Lorg/eclipse/core/internal/jobs/Worker;)Lorg/eclipse/core/internal/jobs/InternalJob; @ 185
Event: 3479.035 Thread 0x0000000015d79800 Uncommon trap: reason=unreached action=reinterpret pc=0x000000000516814c method=org.eclipse.core.internal.jobs.WorkerPool.startJob(Lorg/eclipse/core/internal/jobs/Worker;)Lorg/eclipse/core/internal/jobs/InternalJob; @ 185
Event: 3479.035 Thread 0x0000000015d76800 Uncommon trap: reason=unreached action=reinterpret pc=0x000000000516814c method=org.eclipse.core.internal.jobs.WorkerPool.startJob(Lorg/eclipse/core/internal/jobs/Worker;)Lorg/eclipse/core/internal/jobs/InternalJob; @ 185
Event: 3479.044 Thread 0x00000000026f8000 Uncommon trap: reason=class_check action=maybe_recompile pc=0x000000000408f184 method=java.util.ComparableTimSort.countRunAndMakeAscending([Ljava/lang/Object;II)I @ 36

Internal exceptions (10 events):
Event: 3477.757 Thread 0x00000000026f8000 Implicit null exception at 0x00000000046cc767 to 0x00000000046cc809
Event: 3477.926 Thread 0x000000001bbfc800 Exception <a 'java/lang/InterruptedException'> (0x00000000f6ee1ed8) thrown at [D:\re\workspace\8-2-build-windows-amd64-cygwin\jdk8u25\1677\hotspot\src\share\vm\runtime\objectMonitor.cpp, line 1682]
Event: 3478.428 Thread 0x00000000026f8000 Implicit null exception at 0x000000000587d0da to 0x000000000587dcc1
Event: 3478.428 Thread 0x00000000026f8000 Implicit null exception at 0x00000000036c86eb to 0x00000000036c904d
Event: 3478.428 Thread 0x00000000026f8000 Implicit null exception at 0x0000000004060078 to 0x00000000040636dd
Event: 3478.982 Thread 0x00000000026f8000 Implicit null exception at 0x0000000002b4d42f to 0x0000000002b4e7e1
Event: 3479.044 Thread 0x0000000015c69000 Exception <a 'java/lang/InterruptedException': sleep interrupted> (0x00000000f719c550) thrown at [D:\re\workspace\8-2-build-windows-amd64-cygwin\jdk8u25\1677\hotspot\src\share\vm\prims\jvm.cpp, line 3141]
Event: 3479.051 Thread 0x0000000016edb000 Exception <a 'java/lang/InterruptedException'> (0x00000000f71ba0f8) thrown at [D:\re\workspace\8-2-build-windows-amd64-cygwin\jdk8u25\1677\hotspot\src\share\vm\runtime\objectMonitor.cpp, line 1682]
Event: 3479.053 Thread 0x000000001622e800 Exception <a 'java/lang/InterruptedException'> (0x00000000f71cc5e8) thrown at [D:\re\workspace\8-2-build-windows-amd64-cygwin\jdk8u25\1677\hotspot\src\share\vm\runtime\objectMonitor.cpp, line 1682]
Event: 3479.123 Thread 0x0000000015f24800 Exception <a 'java/lang/InterruptedException'> (0x00000000f7138800) thrown at [D:\re\workspace\8-2-build-windows-amd64-cygwin\jdk8u25\1677\hotspot\src\share\vm\runtime\objectMonitor.cpp, line 1682]

Events (10 events):
Event: 3479.061 Thread 0x0000000013c4c800 flushing nmethod 0x00000000049bfd90
Event: 3479.124 Thread 0x0000000015f24800 Thread exited: 0x0000000015f24800
Event: 3479.124 Thread 0x000000001553f000 Thread exited: 0x000000001553f000
Event: 3479.124 loading class java/util/IdentityHashMap$KeyIterator
Event: 3479.124 loading class java/util/IdentityHashMap$IdentityHashMapIterator
Event: 3479.124 loading class java/util/IdentityHashMap$IdentityHashMapIterator done
Event: 3479.124 loading class java/util/IdentityHashMap$KeyIterator done
Event: 3479.124 Thread 0x0000000016edb000 Thread added: 0x0000000016edb000
Event: 3479.125 Thread 0x0000000016edb000 Thread exited: 0x0000000016edb000
Event: 3479.125 Executing VM operation: Exit


Dynamic libraries:
0x0000000000400000 - 0x000000000044f000 	C:\Xilinx\SDK\2015.2\eclipse\win64.o\eclipse.exe
0x0000000077880000 - 0x0000000077a29000 	C:\Windows\SYSTEM32\ntdll.dll
0x0000000077760000 - 0x000000007787f000 	C:\Windows\system32\kernel32.dll
0x000007fefd880000 - 0x000007fefd8eb000 	C:\Windows\system32\KERNELBASE.dll
0x0000000077660000 - 0x000000007775a000 	C:\Windows\system32\USER32.dll
0x000007fefecd0000 - 0x000007fefed37000 	C:\Windows\system32\GDI32.dll
0x000007fefeb10000 - 0x000007fefeb1e000 	C:\Windows\system32\LPK.dll
0x000007fefee60000 - 0x000007fefef29000 	C:\Windows\system32\USP10.dll
0x000007feffaf0000 - 0x000007feffb8f000 	C:\Windows\system32\msvcrt.dll
0x000007fefbfa0000 - 0x000007fefc194000 	C:\Windows\WinSxS\amd64_microsoft.windows.common-controls_6595b64144ccf1df_6.0.7601.17514_none_fa396087175ac9ac\COMCTL32.dll
0x000007fefeff0000 - 0x000007feff061000 	C:\Windows\system32\SHLWAPI.dll
0x000007feff8f0000 - 0x000007feff91e000 	C:\Windows\system32\IMM32.DLL
0x000007fefed40000 - 0x000007fefee49000 	C:\Windows\system32\MSCTF.dll
0x0000000072000000 - 0x0000000072012000 	C:\Xilinx\SDK\2015.2\eclipse\win64.o\plugins\org.eclipse.equinox.launcher.win32.win32.x86_64_1.1.200.v20140116-2212\eclipse_1503.dll
0x000007fefebf0000 - 0x000007fefeccb000 	C:\Windows\system32\ADVAPI32.dll
0x000007feff460000 - 0x000007feff47f000 	C:\Windows\SYSTEM32\sechost.dll
0x000007feff150000 - 0x000007feff27d000 	C:\Windows\system32\RPCRT4.dll
0x000007fefc930000 - 0x000007fefc93c000 	C:\Windows\system32\VERSION.dll
0x000007fefbf20000 - 0x000007fefbf76000 	C:\Windows\system32\uxtheme.dll
0x0000000065c10000 - 0x000000006646a000 	C:\Xilinx\SDK\2015.2\tps\win64\jre\bin\server\jvm.dll
0x000007fef1d00000 - 0x000007fef1d09000 	C:\Windows\system32\WSOCK32.dll
0x000007fefeba0000 - 0x000007fefebed000 	C:\Windows\system32\WS2_32.dll
0x000007fefee50000 - 0x000007fefee58000 	C:\Windows\system32\NSI.dll
0x000007fefb180000 - 0x000007fefb1bb000 	C:\Windows\system32\WINMM.dll
0x0000000077a50000 - 0x0000000077a57000 	C:\Windows\system32\PSAPI.DLL
0x000000006c120000 - 0x000000006c1f2000 	C:\Windows\system32\MSVCR100.dll
0x0000000073230000 - 0x000000007323f000 	C:\Xilinx\SDK\2015.2\tps\win64\jre\bin\verify.dll
0x0000000073200000 - 0x0000000073228000 	C:\Xilinx\SDK\2015.2\tps\win64\jre\bin\java.dll
0x00000000731e0000 - 0x00000000731f6000 	C:\Xilinx\SDK\2015.2\tps\win64\jre\bin\zip.dll
0x000007fefdd80000 - 0x000007fefeb08000 	C:\Windows\system32\SHELL32.dll
0x000007feff480000 - 0x000007feff683000 	C:\Windows\system32\ole32.dll
0x000007fefd7d0000 - 0x000007fefd7df000 	C:\Windows\system32\profapi.dll
0x000007fefd060000 - 0x000007fefd077000 	C:\Windows\system32\CRYPTSP.dll
0x000007fefcd60000 - 0x000007fefcda7000 	C:\Windows\system32\rsaenh.dll
0x000007fefcb20000 - 0x000007fefcb3e000 	C:\Windows\system32\USERENV.dll
0x000007fefd700000 - 0x000007fefd70f000 	C:\Windows\system32\CRYPTBASE.dll
0x00000000731c0000 - 0x00000000731da000 	C:\Xilinx\SDK\2015.2\tps\win64\jre\bin\net.dll
0x000007fefd000000 - 0x000007fefd055000 	C:\Windows\system32\mswsock.dll
0x000007fefcff0000 - 0x000007fefcff7000 	C:\Windows\System32\wship6.dll
0x000007fefb050000 - 0x000007fefb077000 	C:\Windows\system32\IPHLPAPI.DLL
0x000007fefb040000 - 0x000007fefb04b000 	C:\Windows\system32\WINNSI.DLL
0x000007fefad00000 - 0x000007fefad11000 	C:\Windows\system32\dhcpcsvc6.DLL
0x000007fefad20000 - 0x000007fefad38000 	C:\Windows\system32\dhcpcsvc.DLL
0x00000000731a0000 - 0x00000000731b1000 	C:\Xilinx\SDK\2015.2\tps\win64\jre\bin\nio.dll
0x000007feffa50000 - 0x000007feffae9000 	C:\Windows\system32\CLBCatQ.DLL
0x000007feff070000 - 0x000007feff147000 	C:\Windows\system32\OLEAUT32.dll
0x000007fefba00000 - 0x000007fefba15000 	C:\Windows\system32\NLAapi.dll
0x000007feed6e0000 - 0x000007feed6f5000 	C:\Windows\system32\napinsp.dll
0x000007feed6c0000 - 0x000007feed6d9000 	C:\Windows\system32\pnrpnsp.dll
0x000007fefce80000 - 0x000007fefcedb000 	C:\Windows\system32\DNSAPI.dll
0x000007feed6b0000 - 0x000007feed6bb000 	C:\Windows\System32\winrnr.dll
0x000007fefca00000 - 0x000007fefca07000 	C:\Windows\System32\wshtcpip.dll
0x000007fefa8a0000 - 0x000007fefa8a8000 	C:\Windows\system32\rasadhlp.dll
0x000007fefaed0000 - 0x000007fefaf23000 	C:\Windows\System32\fwpuclnt.dll
0x00000000181f0000 - 0x0000000018298000 	C:\Users\Tung\.Xilinx\SDK\2015.2\org.eclipse.osgi\bundles\287\1\.cp\swt-win32-4335.dll
0x000007fefef50000 - 0x000007fefefe7000 	C:\Windows\system32\comdlg32.dll
0x000007fefb080000 - 0x000007fefb0f1000 	C:\Windows\system32\WINSPOOL.DRV
0x000007feff920000 - 0x000007feffa4a000 	C:\Windows\system32\WININET.dll
0x000007fefdba0000 - 0x000007fefdd18000 	C:\Windows\system32\urlmon.dll
0x000007fefda30000 - 0x000007fefdb97000 	C:\Windows\system32\CRYPT32.dll
0x000007fefd870000 - 0x000007fefd87f000 	C:\Windows\system32\MSASN1.dll
0x000007feff690000 - 0x000007feff8e9000 	C:\Windows\system32\iertutil.dll
0x000007fefb6c0000 - 0x000007fefb6d8000 	C:\Windows\system32\dwmapi.dll
0x000007fefc2b0000 - 0x000007fefc3dc000 	C:\Windows\system32\propsys.dll
0x00000000003b0000 - 0x00000000003ce000 	C:\Users\Tung\.Xilinx\SDK\2015.2\org.eclipse.osgi\bundles\287\1\.cp\swt-gdip-win32-4335.dll
0x000007fefbd00000 - 0x000007fefbf15000 	C:\Windows\WinSxS\amd64_microsoft.windows.gdiplus_6595b64144ccf1df_1.1.7601.17514_none_2b24536c71ed437a\gdiplus.dll
0x000007fefb4b0000 - 0x000007fefb5da000 	C:\Windows\system32\WindowsCodecs.dll
0x0000000180000000 - 0x0000000180012000 	C:\Users\Tung\.Xilinx\SDK\2015.2\org.eclipse.osgi\bundles\113\1\.cp\os\win32\x86_64\localfile_1_0_0.dll
0x000007fef4a50000 - 0x000007fef4a61000 	C:\Users\Tung\.Xilinx\SDK\2015.2\org.eclipse.osgi\bundles\116\1\.cp\jWinHttp-1.0.0.dll
0x000007fef8b60000 - 0x000007fef8bd1000 	C:\Windows\system32\WINHTTP.dll
0x000007fef8af0000 - 0x000007fef8b54000 	C:\Windows\system32\webio.dll
0x000007fefd630000 - 0x000007fefd655000 	C:\Windows\system32\SspiCli.dll
0x000007fefcc30000 - 0x000007fefcc3a000 	C:\Windows\system32\credssp.dll
0x000007fefd8f0000 - 0x000007fefd926000 	C:\Windows\system32\CFGMGR32.dll
0x000007fefac90000 - 0x000007feface4000 	C:\Windows\system32\oleacc.dll
0x000007fefd7b0000 - 0x000007fefd7c4000 	C:\Windows\system32\RpcRtRemote.dll
0x000007fefd6a0000 - 0x000007fefd6f7000 	C:\Windows\system32\apphelp.dll
0x000007fef4e50000 - 0x000007fef4e5a000 	C:\Xilinx\SDK\2015.2\lib\win64.o\librdi_jtag_settings.dll
0x000007fef0c30000 - 0x000007fef0c59000 	C:\Xilinx\SDK\2015.2\lib\win64.o\librdi_debug_dialog.dll
0x000007fef4030000 - 0x000007fef4052000 	C:\Xilinx\SDK\2015.2\lib\win64.o\libboost_filesystem.dll
0x000007fefb470000 - 0x000007fefb479000 	C:\Xilinx\SDK\2015.2\lib\win64.o\libboost_system.dll
0x000007feed290000 - 0x000007feed337000 	C:\Windows\system32\MSVCP110.dll
0x000007feedb30000 - 0x000007feedc04000 	C:\Windows\system32\MSVCR110.dll
0x000007fec3ea0000 - 0x000007fec47e3000 	C:\Xilinx\SDK\2015.2\lib\win64.o\librdi_common.dll
0x000007fec4e90000 - 0x000007fec5138000 	C:\Xilinx\SDK\2015.2\lib\win64.o\libCOIN-all.dll
0x000007fec5e30000 - 0x000007fec6050000 	C:\Xilinx\SDK\2015.2\lib\win64.o\libXil_lmgr11.dll
0x000007fefb370000 - 0x000007fefb386000 	C:\Windows\system32\NETAPI32.dll
0x000007fefb360000 - 0x000007fefb36c000 	C:\Windows\system32\netutils.dll
0x000007fefd3d0000 - 0x000007fefd3f3000 	C:\Windows\system32\srvcli.dll
0x000007fefb340000 - 0x000007fefb355000 	C:\Windows\system32\wkscli.dll
0x000007fefd950000 - 0x000007fefd98a000 	C:\Windows\system32\WINTRUST.dll
0x000007fefb7d0000 - 0x000007fefb7e0000 	C:\Xilinx\SDK\2015.2\lib\win64.o\libboost_date_time.dll
0x000007fef1180000 - 0x000007fef11f4000 	C:\Xilinx\SDK\2015.2\lib\win64.o\libboost_program_options.dll
0x000007feea110000 - 0x000007feea20a000 	C:\Xilinx\SDK\2015.2\lib\win64.o\libboost_regex.dll
0x000007fef1c40000 - 0x000007fef1c53000 	C:\Xilinx\SDK\2015.2\lib\win64.o\libboost_signals.dll
0x000007fef1700000 - 0x000007fef171d000 	C:\Xilinx\SDK\2015.2\lib\win64.o\libboost_thread.dll
0x000007fef4e70000 - 0x000007fef4e7b000 	C:\Xilinx\SDK\2015.2\lib\win64.o\libboost_chrono.dll
0x000007feedc10000 - 0x000007feedc90000 	C:\Xilinx\SDK\2015.2\lib\win64.o\libhdlpsolve.dll
0x000007feec030000 - 0x000007feec0ca000 	C:\Xilinx\SDK\2015.2\lib\win64.o\libhdxml.dll
0x000007fec4880000 - 0x000007fec4e8a200 	C:\Xilinx\SDK\2015.2\lib\win64.o\libisl_iostreams.dll
0x000007fef16e0000 - 0x000007fef16f6000 	C:\Xilinx\SDK\2015.2\lib\win64.o\libboost_iostreams.dll
0x000007fef16b0000 - 0x000007fef16d3000 	C:\Xilinx\SDK\2015.2\lib\win64.o\librdizlib.dll
0x000007fef1020000 - 0x000007fef1043000 	C:\Xilinx\SDK\2015.2\lib\win64.o\libisl_iosutils.dll
0x000007fef1560000 - 0x000007fef158a000 	C:\Xilinx\SDK\2015.2\lib\win64.o\libisl_sysinfo.dll
0x000007fef4940000 - 0x000007fef4955000 	C:\Xilinx\SDK\2015.2\lib\win64.o\pthreadVC2.dll
0x000007fef0db0000 - 0x000007fef0e04000 	C:\Xilinx\SDK\2015.2\lib\win64.o\librdi_commonxillic.dll
0x000007fec6ae0000 - 0x000007fec6c10000 	C:\Xilinx\SDK\2015.2\lib\win64.o\librdi_curl.dll
0x000007fef1000000 - 0x000007fef1018000 	C:\Xilinx\SDK\2015.2\lib\win64.o\librdiconfig.dll
0x0000000064210000 - 0x0000000064337000 	C:\Xilinx\SDK\2015.2\lib\win64.o\tcl85t.dll
0x0000000020840000 - 0x0000000020aa3000 	C:\Xilinx\SDK\2015.2\lib\win64.o\xerces-c_3_1.dll
0x000007feecae0000 - 0x000007feecb03000 	C:\Windows\system32\VCOMP110.DLL
0x000007fec3090000 - 0x000007fec3278000 	C:\Xilinx\SDK\2015.2\lib\win64.o\librdi_hsm.dll
0x000007fef0f00000 - 0x000007fef0f43000 	C:\Xilinx\SDK\2015.2\lib\win64.o\librdi_hdf.dll
0x000007fec2920000 - 0x000007fec2ada000 	C:\Xilinx\SDK\2015.2\lib\win64.o\librdi_ippcw.dll
0x000007fef4090000 - 0x000007fef4098000 	C:\Xilinx\SDK\2015.2\lib\win64.o\librdi_target_manager.dll
0x000007fef4080000 - 0x000007fef4090000 	C:\Xilinx\SDK\2015.2\lib\win64.o\librdi_repo_manager.dll
0x000007fef4010000 - 0x000007fef402c000 	C:\Xilinx\SDK\2015.2\lib\win64.o\librdi_hw_platform.dll
0x000007fefb120000 - 0x000007fefb127000 	C:\Windows\system32\msimg32.dll
0x000007fef3290000 - 0x000007fef32a6000 	C:\Xilinx\SDK\2015.2\eclipse\win64.o\plugins\org.eclipse.cdt.core.win32.x86_64_5.2.0.201402142303\os\win32\x86_64\spawner.dll
0x000007fec3590000 - 0x000007fec399a000 	C:\Xilinx\SDK\2015.2\lib\win64.o\librdi_commontasks.dll
0x000007feb4f50000 - 0x000007feb5760000 	C:\Xilinx\SDK\2015.2\lib\win64.o\libXil_lmgr11FNP.dll
0x000007fef7c60000 - 0x000007fef7c6b000 	C:\Windows\system32\snmpapi.dll
0x000007feff280000 - 0x000007feff457000 	C:\Windows\system32\SETUPAPI.dll
0x000007fefd930000 - 0x000007fefd94a000 	C:\Windows\system32\DEVOBJ.dll
0x000007fec2cf0000 - 0x000007fec3085000 	C:\Xilinx\SDK\2015.2\lib\win64.o\librdi_hsmtasks.dll
0x000007fef4b90000 - 0x000007fef4bab000 	C:\Xilinx\SDK\2015.2\lib\win64.o\librdi_sw_platform.dll
0x000000006bfe0000 - 0x000000006bfe3000 	C:\Windows\system32\icmp.Dll
0x000007fef3460000 - 0x000007fef3585000 	C:\Windows\system32\dbghelp.dll

VM Arguments:
jvm_args: -Dcom.xilinx.sdk.args.hwspec=C:/Users/Tung/Desktop/axi_dma_sg/axi_dma_sg.sdk/design_1_wrapper.hdf -Xms64m -Xmx512m & 
java_command: <unknown>
java_class_path (initial): C:\Xilinx\SDK\2015.2\eclipse\win64.o\\plugins/org.eclipse.equinox.launcher_1.3.0.v20130327-1440.jar
Launcher Type: generic

Environment Variables:
PATH=C:/Xilinx/SDK/2015.2/tps/win64/jre/bin/server;C:/Xilinx/SDK/2015.2/tps/win64/jre/bin;C:/Xilinx/SDK/2015.2/tps/win64/jre/lib/amd64;C:\Xilinx\SDK\2015.2\gnuwin\bin;C:\Xilinx\SDK\2015.2\gnu\microblaze\nt\bin;C:\Xilinx\SDK\2015.2\gnu\microblaze\linux_toolchain\nt64_le\bin;C:\Xilinx\SDK\2015.2\gnu\microblaze\linux_toolchain\nt64_be\bin;C:\Xilinx\SDK\2015.2\gnu\arm\nt\bin;C:\Xilinx\SDK\2015.2\gnu\aarch64\nt\aarch64-none\bin;C:\Xilinx\SDK\2015.2\gnu\aarch64\nt\aarch64-linux\bin;C:\Xilinx\SDK\2015.2\gnu\armr5\nt\gcc-arm-none-eabi\bin;C:\Xilinx\SDK\2015.2\gnu\aarch32\nt\gcc-arm-none-eabi\bin;C:\Xilinx\SDK\2015.2\gnu\aarch32\nt\gcc-arm-linux-gnueabi\bin;C:\Xilinx\SDK\2015.2\bin;C:\Xilinx\SDK\2015.2\lib\win64.o;C:\Xilinx\SDK\2015.2\tps\win64\jre\bin\server;C:\Xilinx\SDK\2015.2\tps\win64\jre\bin;C:\Xilinx\SDK\2015.2\bin;C:\Xilinx\SDK\2015.2\bin;C:\Xilinx\Vivado\2015.2\ids_lite\ISE\bin\nt64;C:\Xilinx\Vivado\2015.2\ids_lite\ISE\lib\nt64;C:\Xilinx\Vivado\2015.2\bin;C:\Xilinx\Vivado\2015.2\lib\win64.o;C:\Xilinx\Vivado\2015.2\tps\win64\jre\bin\server;C:\Xilinx\Vivado\2015.2\tps\win64\jre\bin;C:\Xilinx\SDK\2015.2\bin;C:\Xilinx\Vivado\2015.2\ids_lite\ISE\bin\nt64;C:\Xilinx\Vivado\2015.2\ids_lite\ISE\lib\nt64;C:\Xilinx\Vivado_HLS\2015.2\bin;C:\Program Files (x86)\Intel\iCLS Client\;C:\Program Files\Intel\iCLS Client\;C:\Windows\system32;C:\Windows;C:\Windows\System32\Wbem;C:\Windows\System32\WindowsPowerShell\v1.0\;C:\Program Files\Intel\Intel(R) Management Engine Components\DAL;C:\Program Files\Intel\Intel(R) Management Engine Components\IPT;C:\Program Files (x86)\Intel\Intel(R) Management Engine Components\DAL;C:\Program Files (x86)\Intel\Intel(R) Management Engine Components\IPT;C:\Program Files\MATLAB\R2016a\runtime\win64;C:\Program Files\MATLAB\R2016a\bin;C:\Program Files\MATLAB\R2016a\polyspace\bin;c:\Users\Tung\Desktop\axi_dma_sg;
USERNAME=Tung
OS=Windows_NT
PROCESSOR_IDENTIFIER=Intel64 Family 6 Model 60 Stepping 3, GenuineIntel



---------------  S Y S T E M  ---------------

OS: Windows 7 , 64 bit Build 7601 Service Pack 1

CPU:total 4 (4 cores per cpu, 1 threads per core) family 6 model 60 stepping 3, cmov, cx8, fxsr, mmx, sse, sse2, sse3, ssse3, sse4.1, sse4.2, popcnt, avx, avx2, aes, clmul, erms, lzcnt, tsc, tscinvbit, bmi1, bmi2

Memory: 4k page, physical 4110972k(1060352k free), swap 8220100k(1931000k free)

vm_info: Java HotSpot(TM) 64-Bit Server VM (25.25-b02) for windows-amd64 JRE (1.8.0_25-b18), built on Oct  7 2014 14:25:37 by "java_re" with MS VC++ 10.0 (VS2010)

time: Mon Jul 23 16:48:21 2018
elapsed time: 3479 seconds (0d 0h 57m 59s)

