#
# A fatal error has been detected by the Java Runtime Environment:
#
#  Internal Error (0xc000000d), pid=5044, tid=4428
#
# JRE version: Java(TM) SE Runtime Environment (8.0_25-b18) (build 1.8.0_25-b18)
# Java VM: Java HotSpot(TM) 64-Bit Server VM (25.25-b02 mixed mode windows-amd64 compressed oops)
# Problematic frame:
# C  [ntdll.dll+0x7a291]
#
# Failed to write core dump. Minidumps are not enabled by default on client versions of Windows
#
# If you would like to submit a bug report, please visit:
#   http://bugreport.sun.com/bugreport/crash.jsp
#

---------------  T H R E A D  ---------------

Current thread (0x0000000013b68000):  VMThread [stack: 0x0000000014bd0000,0x0000000014cd0000] [id=4428]

siginfo: ExceptionCode=0xc000000d

Registers:
RAX=0x000000006288ae85, RBX=0x0000000000000000, RCX=0x0000000014ccef10, RDX=0x0000000000000000
RSP=0x0000000014ccf520, RBP=0x0000000025157450, RSI=0x000007feedb37408, RDI=0x0000000014ccf668
R8 =0x0000000000000000, R9 =0x0000000000000000, R10=0x0000000000000000, R11=0x0000000000000246
R12=0x0000000024827960, R13=0x0000000024827920, R14=0x0000000025157558, R15=0x0000000000000000
RIP=0x00000000778fa291, EFLAGS=0x0000000000000202

Top of Stack: (sp=0x0000000014ccf520)
0x0000000014ccf520:   0000000000000000 000007feedb37408
0x0000000014ccf530:   0000000014ccf668 0000000000000000
0x0000000014ccf540:   0000000000000000 0000000000000000
0x0000000014ccf550:   0000000000000000 0000000000000000
0x0000000014ccf560:   0000000000000002 0000000000000000
0x0000000014ccf570:   00000000c000000d 0000000000000000
0x0000000014ccf580:   00000000778fa291 0000000000000000
0x0000000014ccf590:   0000000000000000 0000000000000000
0x0000000014ccf5a0:   0000000000000000 0000000000000000
0x0000000014ccf5b0:   0000000000000000 0000000000000000
0x0000000014ccf5c0:   0000000000000000 0000000000000000
0x0000000014ccf5d0:   0000000000000000 0000000000000000
0x0000000014ccf5e0:   0000000000000000 0000000000000000
0x0000000014ccf5f0:   0000000000000000 0000000000000000
0x0000000014ccf600:   0000000000000000 000000001bc5ac60
0x0000000014ccf610:   0000000000000090 00000000777a2fe8 

Instructions: (pc=0x00000000778fa291)
0x00000000778fa271:   5b 8c fd ff b9 57 00 00 00 c7 44 24 50 0d 00 00
0x00000000778fa281:   c0 e8 49 8f fd ff 48 8d 4c 24 50 e8 cf f2 f9 ff
0x00000000778fa291:   4c 8b 1d 40 81 0b 00 4d 85 db 74 5b 65 48 8b 04
0x00000000778fa2a1:   25 30 00 00 00 f6 80 ee 17 00 00 08 74 12 65 48 


Register to memory mapping:

RAX=0x000000006288ae85 is an unknown value
RBX=0x0000000000000000 is an unknown value
RCX=0x0000000014ccef10 is an unknown value
RDX=0x0000000000000000 is an unknown value
RSP=0x0000000014ccf520 is an unknown value
RBP=0x0000000025157450 is an unknown value
RSI=0x000007feedb37408 is an unknown value
RDI=0x0000000014ccf668 is an unknown value
R8 =0x0000000000000000 is an unknown value
R9 =0x0000000000000000 is an unknown value
R10=0x0000000000000000 is an unknown value
R11=0x0000000000000246 is an unknown value
R12=0x0000000024827960 is an unknown value
R13=0x0000000024827920 is an unknown value
R14=0x0000000025157558 is an unknown value
R15=0x0000000000000000 is an unknown value


Stack: [0x0000000014bd0000,0x0000000014cd0000],  sp=0x0000000014ccf520,  free space=1021k
Native frames: (J=compiled Java code, j=interpreted, Vv=VM code, C=native code)
C  [ntdll.dll+0x7a291]
C  [kernel32.dll+0x42fe8]
C  [MSVCR110.dll+0x752d]
C  [MSVCR110.dll+0x14cde]
C  [MSVCR110.dll+0x13edc]
C  [MSVCR110.dll+0x239e]
C  [MSVCR110.dll+0xaf9e]
C  [MSVCP110.dll+0x397b9]
C  [librdi_common.dll+0x135d02]
C  [librdi_common.dll+0x13447b]
C  [librdi_sw_platform.dll+0x10904]
C  [librdi_sw_platform.dll+0x10b86]
C  [ntdll.dll+0x24371]
C  [ntdll.dll+0x24180]
C  [MSVCR100.dll+0x20ccd]
V  [jvm.dll+0x1f9c55]
V  [jvm.dll+0x2325e7]
V  [jvm.dll+0x231826]
V  [jvm.dll+0x231cc1]
V  [jvm.dll+0x231ede]
V  [jvm.dll+0x2852fa]
C  [MSVCR100.dll+0x21d9f]
C  [MSVCR100.dll+0x21e3b]
C  [kernel32.dll+0x1652d]
C  [ntdll.dll+0x2c521]

VM_Operation (0x000000000012f500): Exit, mode: safepoint, requested by thread 0x0000000002568000


---------------  P R O C E S S  ---------------

Java Threads: ( => current thread )
  0x00000000174b8000 JavaThread "Thread-14" daemon [_thread_blocked, id=4800, stack(0x0000000020620000,0x0000000020720000)]
  0x000000001738d800 JavaThread "TCF Locator DNS Lookup" daemon [_thread_blocked, id=4220, stack(0x000000001f920000,0x000000001fa20000)]
  0x000000001738d000 JavaThread "TCF Locator Timer" daemon [_thread_blocked, id=4880, stack(0x000000001f820000,0x000000001f920000)]
  0x000000001738c000 JavaThread "TCF Locator Receiver" daemon [_thread_in_native, id=2224, stack(0x000000001f720000,0x000000001f820000)]
  0x00000000172e1000 JavaThread "TCF Timer Dispatcher" daemon [_thread_blocked, id=3448, stack(0x000000001c970000,0x000000001ca70000)]
  0x0000000016cc4800 JavaThread "EMF Reference Cleaner" daemon [_thread_blocked, id=4668, stack(0x0000000018240000,0x0000000018340000)]
  0x000000001513c800 JavaThread "Service Thread" daemon [_thread_blocked, id=4392, stack(0x00000000157d0000,0x00000000158d0000)]
  0x00000000150d6000 JavaThread "C1 CompilerThread2" daemon [_thread_blocked, id=3264, stack(0x00000000156d0000,0x00000000157d0000)]
  0x00000000150d4800 JavaThread "C2 CompilerThread1" daemon [_thread_blocked, id=4264, stack(0x00000000155d0000,0x00000000156d0000)]
  0x0000000013bdf800 JavaThread "C2 CompilerThread0" daemon [_thread_blocked, id=3320, stack(0x00000000154d0000,0x00000000155d0000)]
  0x0000000013bd9800 JavaThread "Attach Listener" daemon [_thread_blocked, id=2760, stack(0x0000000014fd0000,0x00000000150d0000)]
  0x0000000013bd7000 JavaThread "Signal Dispatcher" daemon [_thread_blocked, id=5100, stack(0x0000000014ed0000,0x0000000014fd0000)]
  0x0000000013b75000 JavaThread "Finalizer" daemon [_thread_blocked, id=3220, stack(0x0000000014dd0000,0x0000000014ed0000)]
  0x0000000013b6c000 JavaThread "Reference Handler" daemon [_thread_blocked, id=3180, stack(0x0000000014cd0000,0x0000000014dd0000)]
  0x0000000002568000 JavaThread "main" [_thread_blocked, id=2776, stack(0x0000000000030000,0x0000000000130000)]

Other Threads:
=>0x0000000013b68000 VMThread [stack: 0x0000000014bd0000,0x0000000014cd0000] [id=4428]

VM state:at safepoint (shutting down)

VM Mutex/Monitor currently owned by a thread:  ([mutex/lock_event])
[0x000000000291dd10] Threads_lock - owner thread: 0x0000000013b68000

Heap:
 PSYoungGen      total 102400K, used 27240K [0x00000000f5580000, 0x00000000fc480000, 0x0000000100000000)
  eden space 92160K, 29% used [0x00000000f5580000,0x00000000f701a308,0x00000000faf80000)
  from space 10240K, 0% used [0x00000000fba80000,0x00000000fba80000,0x00000000fc480000)
  to   space 10752K, 0% used [0x00000000faf80000,0x00000000faf80000,0x00000000fba00000)
 ParOldGen       total 100352K, used 32982K [0x00000000e0000000, 0x00000000e6200000, 0x00000000f5580000)
  object space 100352K, 32% used [0x00000000e0000000,0x00000000e20358a8,0x00000000e6200000)
 Metaspace       used 75980K, capacity 81370K, committed 81496K, reserved 1120256K
  class space    used 9078K, capacity 10780K, committed 10840K, reserved 1048576K

Card table byte_map: [0x0000000002750000,0x0000000002860000] byte_map_base: 0x0000000002050000

Marking Bits: (ParMarkBitMap*) 0x00000000663ed490
 Begin Bits: [0x00000000120e0000, 0x00000000128e0000)
 End Bits:   [0x00000000128e0000, 0x00000000130e0000)

Polling page: 0x0000000000220000

CodeCache: size=245760Kb used=37167Kb max_used=37394Kb free=208592Kb
 bounds [0x0000000002920000, 0x0000000004df0000, 0x0000000011920000]
 total_blobs=11090 nmethods=10246 adapters=752
 compilation: enabled

Compilation events (10 events):
Event: 2092.364 Thread 0x00000000150d6000 12615       3       org.eclipse.osgi.baseadaptor.bundlefile.BundleFile::setMruIndex (6 bytes)
Event: 2092.364 Thread 0x00000000150d6000 nmethod 12615 0x0000000002b1af10 code [0x0000000002b1b060, 0x0000000002b1b1b0]
Event: 2092.365 Thread 0x00000000150d6000 12614       1       org.eclipse.osgi.internal.loader.BundleLoaderProxy::getBundleData (5 bytes)
Event: 2092.365 Thread 0x00000000150d6000 nmethod 12614 0x00000000033d3fd0 code [0x00000000033d4120, 0x00000000033d4230]
Event: 2092.371 Thread 0x00000000150d6000 12616       3       java.io.File::list (33 bytes)
Event: 2092.372 Thread 0x00000000150d6000 nmethod 12616 0x0000000003343650 code [0x0000000003343820, 0x0000000003343f48]
Event: 2092.385 Thread 0x00000000150d6000 12617   !   3       org.eclipse.osgi.internal.baseadaptor.BaseStorage::compact (215 bytes)
Event: 2092.387 Thread 0x00000000150d6000 nmethod 12617 0x0000000004b94450 code [0x0000000004b94880, 0x0000000004b96ce8]
Event: 2092.388 Thread 0x00000000150d6000 12618       3       org.eclipse.osgi.framework.internal.core.AbstractBundle::close (52 bytes)
Event: 2092.389 Thread 0x00000000150d6000 nmethod 12618 0x0000000004baf710 code [0x0000000004baf940, 0x0000000004bb0628]

GC Heap History (10 events):
Event: 1926.457 GC heap before
{Heap before GC invocations=96 (full 34):
 PSYoungGen      total 103424K, used 192K [0x00000000f5580000, 0x00000000fc780000, 0x0000000100000000)
  eden space 92160K, 0% used [0x00000000f5580000,0x00000000f5580000,0x00000000faf80000)
  from space 11264K, 1% used [0x00000000fbc80000,0x00000000fbcb0000,0x00000000fc780000)
  to   space 12288K, 0% used [0x00000000faf80000,0x00000000faf80000,0x00000000fbb80000)
 ParOldGen       total 100352K, used 33097K [0x00000000e0000000, 0x00000000e6200000, 0x00000000f5580000)
  object space 100352K, 32% used [0x00000000e0000000,0x00000000e20526b0,0x00000000e6200000)
 Metaspace       used 75266K, capacity 80594K, committed 80856K, reserved 1120256K
  class space    used 8996K, capacity 10649K, committed 10712K, reserved 1048576K
Event: 1926.555 GC heap after
Heap after GC invocations=96 (full 34):
 PSYoungGen      total 103424K, used 0K [0x00000000f5580000, 0x00000000fc780000, 0x0000000100000000)
  eden space 92160K, 0% used [0x00000000f5580000,0x00000000f5580000,0x00000000faf80000)
  from space 11264K, 0% used [0x00000000fbc80000,0x00000000fbc80000,0x00000000fc780000)
  to   space 12288K, 0% used [0x00000000faf80000,0x00000000faf80000,0x00000000fbb80000)
 ParOldGen       total 100352K, used 32980K [0x00000000e0000000, 0x00000000e6200000, 0x00000000f5580000)
  object space 100352K, 32% used [0x00000000e0000000,0x00000000e2035140,0x00000000e6200000)
 Metaspace       used 75266K, capacity 80594K, committed 80856K, reserved 1120256K
  class space    used 8996K, capacity 10649K, committed 10712K, reserved 1048576K
}
Event: 1986.467 GC heap before
{Heap before GC invocations=97 (full 34):
 PSYoungGen      total 103424K, used 3001K [0x00000000f5580000, 0x00000000fc780000, 0x0000000100000000)
  eden space 92160K, 3% used [0x00000000f5580000,0x00000000f586e7c8,0x00000000faf80000)
  from space 11264K, 0% used [0x00000000fbc80000,0x00000000fbc80000,0x00000000fc780000)
  to   space 12288K, 0% used [0x00000000faf80000,0x00000000faf80000,0x00000000fbb80000)
 ParOldGen       total 100352K, used 32980K [0x00000000e0000000, 0x00000000e6200000, 0x00000000f5580000)
  object space 100352K, 32% used [0x00000000e0000000,0x00000000e2035140,0x00000000e6200000)
 Metaspace       used 75285K, capacity 80594K, committed 80856K, reserved 1120256K
  class space    used 8996K, capacity 10649K, committed 10712K, reserved 1048576K
Event: 1986.469 GC heap after
Heap after GC invocations=97 (full 34):
 PSYoungGen      total 92672K, used 128K [0x00000000f5580000, 0x00000000fc580000, 0x0000000100000000)
  eden space 92160K, 0% used [0x00000000f5580000,0x00000000f5580000,0x00000000faf80000)
  from space 512K, 25% used [0x00000000faf80000,0x00000000fafa0000,0x00000000fb000000)
  to   space 11264K, 0% used [0x00000000fba80000,0x00000000fba80000,0x00000000fc580000)
 ParOldGen       total 100352K, used 32988K [0x00000000e0000000, 0x00000000e6200000, 0x00000000f5580000)
  object space 100352K, 32% used [0x00000000e0000000,0x00000000e2037140,0x00000000e6200000)
 Metaspace       used 75285K, capacity 80594K, committed 80856K, reserved 1120256K
  class space    used 8996K, capacity 10649K, committed 10712K, reserved 1048576K
}
Event: 1986.469 GC heap before
{Heap before GC invocations=98 (full 35):
 PSYoungGen      total 92672K, used 128K [0x00000000f5580000, 0x00000000fc580000, 0x0000000100000000)
  eden space 92160K, 0% used [0x00000000f5580000,0x00000000f5580000,0x00000000faf80000)
  from space 512K, 25% used [0x00000000faf80000,0x00000000fafa0000,0x00000000fb000000)
  to   space 11264K, 0% used [0x00000000fba80000,0x00000000fba80000,0x00000000fc580000)
 ParOldGen       total 100352K, used 32988K [0x00000000e0000000, 0x00000000e6200000, 0x00000000f5580000)
  object space 100352K, 32% used [0x00000000e0000000,0x00000000e2037140,0x00000000e6200000)
 Metaspace       used 75285K, capacity 80594K, committed 80856K, reserved 1120256K
  class space    used 8996K, capacity 10649K, committed 10712K, reserved 1048576K
Event: 1986.564 GC heap after
Heap after GC invocations=98 (full 35):
 PSYoungGen      total 92672K, used 0K [0x00000000f5580000, 0x00000000fc580000, 0x0000000100000000)
  eden space 92160K, 0% used [0x00000000f5580000,0x00000000f5580000,0x00000000faf80000)
  from space 512K, 0% used [0x00000000faf80000,0x00000000faf80000,0x00000000fb000000)
  to   space 11264K, 0% used [0x00000000fba80000,0x00000000fba80000,0x00000000fc580000)
 ParOldGen       total 100352K, used 32982K [0x00000000e0000000, 0x00000000e6200000, 0x00000000f5580000)
  object space 100352K, 32% used [0x00000000e0000000,0x00000000e20358a8,0x00000000e6200000)
 Metaspace       used 75285K, capacity 80594K, committed 80856K, reserved 1120256K
  class space    used 8996K, capacity 10649K, committed 10712K, reserved 1048576K
}
Event: 2046.478 GC heap before
{Heap before GC invocations=99 (full 35):
 PSYoungGen      total 92672K, used 2988K [0x00000000f5580000, 0x00000000fc580000, 0x0000000100000000)
  eden space 92160K, 3% used [0x00000000f5580000,0x00000000f586b268,0x00000000faf80000)
  from space 512K, 0% used [0x00000000faf80000,0x00000000faf80000,0x00000000fb000000)
  to   space 11264K, 0% used [0x00000000fba80000,0x00000000fba80000,0x00000000fc580000)
 ParOldGen       total 100352K, used 32982K [0x00000000e0000000, 0x00000000e6200000, 0x00000000f5580000)
  object space 100352K, 32% used [0x00000000e0000000,0x00000000e20358a8,0x00000000e6200000)
 Metaspace       used 75285K, capacity 80594K, committed 80856K, reserved 1120256K
  class space    used 8996K, capacity 10649K, committed 10712K, reserved 1048576K
Event: 2046.480 GC heap after
Heap after GC invocations=99 (full 35):
 PSYoungGen      total 102400K, used 192K [0x00000000f5580000, 0x00000000fc480000, 0x0000000100000000)
  eden space 92160K, 0% used [0x00000000f5580000,0x00000000f5580000,0x00000000faf80000)
  from space 10240K, 1% used [0x00000000fba80000,0x00000000fbab0000,0x00000000fc480000)
  to   space 10752K, 0% used [0x00000000faf80000,0x00000000faf80000,0x00000000fba00000)
 ParOldGen       total 100352K, used 32982K [0x00000000e0000000, 0x00000000e6200000, 0x00000000f5580000)
  object space 100352K, 32% used [0x00000000e0000000,0x00000000e20358a8,0x00000000e6200000)
 Metaspace       used 75285K, capacity 80594K, committed 80856K, reserved 1120256K
  class space    used 8996K, capacity 10649K, committed 10712K, reserved 1048576K
}
Event: 2046.481 GC heap before
{Heap before GC invocations=100 (full 36):
 PSYoungGen      total 102400K, used 192K [0x00000000f5580000, 0x00000000fc480000, 0x0000000100000000)
  eden space 92160K, 0% used [0x00000000f5580000,0x00000000f5580000,0x00000000faf80000)
  from space 10240K, 1% used [0x00000000fba80000,0x00000000fbab0000,0x00000000fc480000)
  to   space 10752K, 0% used [0x00000000faf80000,0x00000000faf80000,0x00000000fba00000)
 ParOldGen       total 100352K, used 32982K [0x00000000e0000000, 0x00000000e6200000, 0x00000000f5580000)
  object space 100352K, 32% used [0x00000000e0000000,0x00000000e20358a8,0x00000000e6200000)
 Metaspace       used 75285K, capacity 80594K, committed 80856K, reserved 1120256K
  class space    used 8996K, capacity 10649K, committed 10712K, reserved 1048576K
Event: 2046.573 GC heap after
Heap after GC invocations=100 (full 36):
 PSYoungGen      total 102400K, used 0K [0x00000000f5580000, 0x00000000fc480000, 0x0000000100000000)
  eden space 92160K, 0% used [0x00000000f5580000,0x00000000f5580000,0x00000000faf80000)
  from space 10240K, 0% used [0x00000000fba80000,0x00000000fba80000,0x00000000fc480000)
  to   space 10752K, 0% used [0x00000000faf80000,0x00000000faf80000,0x00000000fba00000)
 ParOldGen       total 100352K, used 32982K [0x00000000e0000000, 0x00000000e6200000, 0x00000000f5580000)
  object space 100352K, 32% used [0x00000000e0000000,0x00000000e20358a8,0x00000000e6200000)
 Metaspace       used 75285K, capacity 80594K, committed 80856K, reserved 1120256K
  class space    used 8996K, capacity 10649K, committed 10712K, reserved 1048576K
}

Deoptimization events (10 events):
Event: 2091.140 Thread 0x0000000002568000 Uncommon trap: reason=unreached action=reinterpret pc=0x0000000003d36220 method=org.eclipse.swt.widgets.Control.isActive()Z @ 49
Event: 2091.245 Thread 0x0000000002568000 Uncommon trap: reason=unreached action=reinterpret pc=0x000000000343c61c method=org.eclipse.e4.ui.internal.workbench.swt.PartRenderingEngine.someAreVisible(Ljava/util/List;)Z @ 41
Event: 2091.249 Thread 0x0000000002568000 Uncommon trap: reason=unreached action=reinterpret pc=0x0000000004d915fc method=org.eclipse.emf.ecore.impl.MinimalEObjectImpl.setField(ILjava/lang/Object;)V @ 9
Event: 2091.249 Thread 0x0000000002568000 Uncommon trap: reason=unreached action=reinterpret pc=0x0000000004c8c1b8 method=org.eclipse.emf.ecore.impl.MinimalEObjectImpl.setField(ILjava/lang/Object;)V @ 9
Event: 2091.264 Thread 0x0000000002568000 Uncommon trap: reason=class_check action=maybe_recompile pc=0x0000000004d9c4e4 method=org.eclipse.e4.core.internal.contexts.TrackableComputationExt.update(Lorg/eclipse/e4/core/internal/contexts/ContextChangeEvent;)Z @ 62
Event: 2091.264 Thread 0x0000000002568000 Uncommon trap: reason=class_check action=maybe_recompile pc=0x0000000004d9c4e4 method=org.eclipse.e4.core.internal.contexts.TrackableComputationExt.update(Lorg/eclipse/e4/core/internal/contexts/ContextChangeEvent;)Z @ 62
Event: 2091.264 Thread 0x0000000002568000 Uncommon trap: reason=class_check action=maybe_recompile pc=0x0000000004d9c4e4 method=org.eclipse.e4.core.internal.contexts.TrackableComputationExt.update(Lorg/eclipse/e4/core/internal/contexts/ContextChangeEvent;)Z @ 62
Event: 2092.333 Thread 0x0000000002568000 Uncommon trap: reason=null_check action=make_not_entrant pc=0x000000000328cdc8 method=org.eclipse.core.runtime.internal.adaptor.EclipseLazyStarter.shouldActivateFor(Ljava/lang/String;Lorg/eclipse/osgi/baseadaptor/BaseData;Lorg/eclipse/core/runtime/internal
Event: 2092.355 Thread 0x0000000016193000 Uncommon trap: reason=unreached action=reinterpret pc=0x00000000045ac0f8 method=org.eclipse.core.internal.jobs.JobManager.nextJob()Lorg/eclipse/core/runtime/jobs/Job; @ 80
Event: 2092.356 Thread 0x00000000172de000 Uncommon trap: reason=unreached action=reinterpret pc=0x00000000045a3d24 method=org.eclipse.core.internal.jobs.JobManager.nextJob()Lorg/eclipse/core/runtime/jobs/Job; @ 80

Internal exceptions (10 events):
Event: 2091.042 Thread 0x00000000172dc800 Exception <a 'java/net/SocketException': Connection reset by peer: socket write error> (0x00000000f5c6c6b8) thrown at [D:\re\workspace\8-2-build-windows-amd64-cygwin\jdk8u25\1677\hotspot\src\share\vm\prims\jni.cpp, line 742]
Event: 2091.044 Thread 0x000000001738a800 Exception <a 'java/lang/InterruptedException'> (0x00000000f5c9b8b0) thrown at [D:\re\workspace\8-2-build-windows-amd64-cygwin\jdk8u25\1677\hotspot\src\share\vm\runtime\objectMonitor.cpp, line 1682]
Event: 2091.046 Thread 0x00000000172dd000 Exception <a 'java/net/SocketException': Socket closed> (0x00000000f5d352b0) thrown at [D:\re\workspace\8-2-build-windows-amd64-cygwin\jdk8u25\1677\hotspot\src\share\vm\prims\jni.cpp, line 742]
Event: 2091.127 Thread 0x0000000002568000 Implicit null exception at 0x0000000002fac749 to 0x0000000002faca9d
Event: 2091.298 Thread 0x00000000174b6800 Exception <a 'java/lang/InterruptedException'> (0x00000000f6ab2638) thrown at [D:\re\workspace\8-2-build-windows-amd64-cygwin\jdk8u25\1677\hotspot\src\share\vm\runtime\objectMonitor.cpp, line 1682]
Event: 2092.333 Thread 0x0000000002568000 Implicit null exception at 0x000000000328b9ef to 0x000000000328cdbd
Event: 2092.366 Thread 0x0000000015fa1000 Exception <a 'java/lang/InterruptedException'> (0x00000000f6e507a0) thrown at [D:\re\workspace\8-2-build-windows-amd64-cygwin\jdk8u25\1677\hotspot\src\share\vm\runtime\objectMonitor.cpp, line 1682]
Event: 2092.366 Thread 0x0000000015fa8800 Exception <a 'java/lang/InterruptedException': sleep interrupted> (0x00000000f6edbd28) thrown at [D:\re\workspace\8-2-build-windows-amd64-cygwin\jdk8u25\1677\hotspot\src\share\vm\prims\jvm.cpp, line 3141]
Event: 2092.366 Thread 0x00000000172db000 Exception <a 'java/lang/InterruptedException'> (0x00000000f6fc2338) thrown at [D:\re\workspace\8-2-build-windows-amd64-cygwin\jdk8u25\1677\hotspot\src\share\vm\runtime\objectMonitor.cpp, line 1682]
Event: 2092.389 Thread 0x0000000016262800 Exception <a 'java/lang/InterruptedException'> (0x00000000f6e4fb50) thrown at [D:\re\workspace\8-2-build-windows-amd64-cygwin\jdk8u25\1677\hotspot\src\share\vm\runtime\objectMonitor.cpp, line 1682]

Events (10 events):
Event: 2092.366 Thread 0x00000000172db000 Thread exited: 0x00000000172db000
Event: 2092.389 Thread 0x0000000016262800 Thread exited: 0x0000000016262800
Event: 2092.389 Thread 0x0000000016061800 Thread exited: 0x0000000016061800
Event: 2092.389 loading class java/util/IdentityHashMap$KeyIterator
Event: 2092.389 loading class java/util/IdentityHashMap$IdentityHashMapIterator
Event: 2092.389 loading class java/util/IdentityHashMap$IdentityHashMapIterator done
Event: 2092.389 loading class java/util/IdentityHashMap$KeyIterator done
Event: 2092.389 Thread 0x00000000172db000 Thread added: 0x00000000172db000
Event: 2092.389 Thread 0x00000000172db000 Thread exited: 0x00000000172db000
Event: 2092.390 Executing VM operation: Exit


Dynamic libraries:
0x0000000000400000 - 0x000000000044f000 	C:\Xilinx\SDK\2015.2\eclipse\win64.o\eclipse.exe
0x0000000077880000 - 0x0000000077a29000 	C:\Windows\SYSTEM32\ntdll.dll
0x0000000077760000 - 0x000000007787f000 	C:\Windows\system32\kernel32.dll
0x000007fefd880000 - 0x000007fefd8eb000 	C:\Windows\system32\KERNELBASE.dll
0x0000000077660000 - 0x000000007775a000 	C:\Windows\system32\USER32.dll
0x000007fefecd0000 - 0x000007fefed37000 	C:\Windows\system32\GDI32.dll
0x000007fefeb10000 - 0x000007fefeb1e000 	C:\Windows\system32\LPK.dll
0x000007fefee60000 - 0x000007fefef29000 	C:\Windows\system32\USP10.dll
0x000007feffaf0000 - 0x000007feffb8f000 	C:\Windows\system32\msvcrt.dll
0x000007fefbfa0000 - 0x000007fefc194000 	C:\Windows\WinSxS\amd64_microsoft.windows.common-controls_6595b64144ccf1df_6.0.7601.17514_none_fa396087175ac9ac\COMCTL32.dll
0x000007fefeff0000 - 0x000007feff061000 	C:\Windows\system32\SHLWAPI.dll
0x000007feff8f0000 - 0x000007feff91e000 	C:\Windows\system32\IMM32.DLL
0x000007fefed40000 - 0x000007fefee49000 	C:\Windows\system32\MSCTF.dll
0x0000000072000000 - 0x0000000072012000 	C:\Xilinx\SDK\2015.2\eclipse\win64.o\plugins\org.eclipse.equinox.launcher.win32.win32.x86_64_1.1.200.v20140116-2212\eclipse_1503.dll
0x000007fefebf0000 - 0x000007fefeccb000 	C:\Windows\system32\ADVAPI32.dll
0x000007feff460000 - 0x000007feff47f000 	C:\Windows\SYSTEM32\sechost.dll
0x000007feff150000 - 0x000007feff27d000 	C:\Windows\system32\RPCRT4.dll
0x000007fefc930000 - 0x000007fefc93c000 	C:\Windows\system32\VERSION.dll
0x000007fefbf20000 - 0x000007fefbf76000 	C:\Windows\system32\uxtheme.dll
0x0000000065c10000 - 0x000000006646a000 	C:\Xilinx\SDK\2015.2\tps\win64\jre\bin\server\jvm.dll
0x000007fef1d00000 - 0x000007fef1d09000 	C:\Windows\system32\WSOCK32.dll
0x000007fefeba0000 - 0x000007fefebed000 	C:\Windows\system32\WS2_32.dll
0x000007fefee50000 - 0x000007fefee58000 	C:\Windows\system32\NSI.dll
0x000007fefb180000 - 0x000007fefb1bb000 	C:\Windows\system32\WINMM.dll
0x0000000077a50000 - 0x0000000077a57000 	C:\Windows\system32\PSAPI.DLL
0x000000006c120000 - 0x000000006c1f2000 	C:\Windows\system32\MSVCR100.dll
0x0000000073230000 - 0x000000007323f000 	C:\Xilinx\SDK\2015.2\tps\win64\jre\bin\verify.dll
0x0000000073200000 - 0x0000000073228000 	C:\Xilinx\SDK\2015.2\tps\win64\jre\bin\java.dll
0x00000000731e0000 - 0x00000000731f6000 	C:\Xilinx\SDK\2015.2\tps\win64\jre\bin\zip.dll
0x000007fefdd80000 - 0x000007fefeb08000 	C:\Windows\system32\SHELL32.dll
0x000007feff480000 - 0x000007feff683000 	C:\Windows\system32\ole32.dll
0x000007fefd7d0000 - 0x000007fefd7df000 	C:\Windows\system32\profapi.dll
0x000007fefd060000 - 0x000007fefd077000 	C:\Windows\system32\CRYPTSP.dll
0x000007fefcd60000 - 0x000007fefcda7000 	C:\Windows\system32\rsaenh.dll
0x000007fefcb20000 - 0x000007fefcb3e000 	C:\Windows\system32\USERENV.dll
0x000007fefd700000 - 0x000007fefd70f000 	C:\Windows\system32\CRYPTBASE.dll
0x00000000731c0000 - 0x00000000731da000 	C:\Xilinx\SDK\2015.2\tps\win64\jre\bin\net.dll
0x000007fefd000000 - 0x000007fefd055000 	C:\Windows\system32\mswsock.dll
0x000007fefcff0000 - 0x000007fefcff7000 	C:\Windows\System32\wship6.dll
0x000007fefb050000 - 0x000007fefb077000 	C:\Windows\system32\IPHLPAPI.DLL
0x000007fefb040000 - 0x000007fefb04b000 	C:\Windows\system32\WINNSI.DLL
0x000007fefad00000 - 0x000007fefad11000 	C:\Windows\system32\dhcpcsvc6.DLL
0x000007fefad20000 - 0x000007fefad38000 	C:\Windows\system32\dhcpcsvc.DLL
0x00000000731a0000 - 0x00000000731b1000 	C:\Xilinx\SDK\2015.2\tps\win64\jre\bin\nio.dll
0x000007feffa50000 - 0x000007feffae9000 	C:\Windows\system32\CLBCatQ.DLL
0x000007feff070000 - 0x000007feff147000 	C:\Windows\system32\OLEAUT32.dll
0x000007fefba00000 - 0x000007fefba15000 	C:\Windows\system32\NLAapi.dll
0x000007feed6e0000 - 0x000007feed6f5000 	C:\Windows\system32\napinsp.dll
0x000007feed6c0000 - 0x000007feed6d9000 	C:\Windows\system32\pnrpnsp.dll
0x000007fefce80000 - 0x000007fefcedb000 	C:\Windows\system32\DNSAPI.dll
0x000007feed6b0000 - 0x000007feed6bb000 	C:\Windows\System32\winrnr.dll
0x000007fefca00000 - 0x000007fefca07000 	C:\Windows\System32\wshtcpip.dll
0x000007fefa8a0000 - 0x000007fefa8a8000 	C:\Windows\system32\rasadhlp.dll
0x000007fefaed0000 - 0x000007fefaf23000 	C:\Windows\System32\fwpuclnt.dll
0x0000000018540000 - 0x00000000185e8000 	C:\Users\Tung\.Xilinx\SDK\2015.2\org.eclipse.osgi\bundles\287\1\.cp\swt-win32-4335.dll
0x000007fefef50000 - 0x000007fefefe7000 	C:\Windows\system32\comdlg32.dll
0x000007fefb080000 - 0x000007fefb0f1000 	C:\Windows\system32\WINSPOOL.DRV
0x000007feff920000 - 0x000007feffa4a000 	C:\Windows\system32\WININET.dll
0x000007fefdba0000 - 0x000007fefdd18000 	C:\Windows\system32\urlmon.dll
0x000007fefda30000 - 0x000007fefdb97000 	C:\Windows\system32\CRYPT32.dll
0x000007fefd870000 - 0x000007fefd87f000 	C:\Windows\system32\MSASN1.dll
0x000007feff690000 - 0x000007feff8e9000 	C:\Windows\system32\iertutil.dll
0x000007fefb6c0000 - 0x000007fefb6d8000 	C:\Windows\system32\dwmapi.dll
0x000007fefc2b0000 - 0x000007fefc3dc000 	C:\Windows\system32\propsys.dll
0x00000000002c0000 - 0x00000000002de000 	C:\Users\Tung\.Xilinx\SDK\2015.2\org.eclipse.osgi\bundles\287\1\.cp\swt-gdip-win32-4335.dll
0x000007fefbd00000 - 0x000007fefbf15000 	C:\Windows\WinSxS\amd64_microsoft.windows.gdiplus_6595b64144ccf1df_1.1.7601.17514_none_2b24536c71ed437a\gdiplus.dll
0x000007fefb4b0000 - 0x000007fefb5da000 	C:\Windows\system32\WindowsCodecs.dll
0x0000000180000000 - 0x0000000180012000 	C:\Users\Tung\.Xilinx\SDK\2015.2\org.eclipse.osgi\bundles\113\1\.cp\os\win32\x86_64\localfile_1_0_0.dll
0x000007fef4b10000 - 0x000007fef4b21000 	C:\Users\Tung\.Xilinx\SDK\2015.2\org.eclipse.osgi\bundles\116\1\.cp\jWinHttp-1.0.0.dll
0x000007fef8b60000 - 0x000007fef8bd1000 	C:\Windows\system32\WINHTTP.dll
0x000007fef8af0000 - 0x000007fef8b54000 	C:\Windows\system32\webio.dll
0x000007fefd630000 - 0x000007fefd655000 	C:\Windows\system32\SspiCli.dll
0x000007fefcc30000 - 0x000007fefcc3a000 	C:\Windows\system32\credssp.dll
0x000007fefd8f0000 - 0x000007fefd926000 	C:\Windows\system32\CFGMGR32.dll
0x000007fefac90000 - 0x000007feface4000 	C:\Windows\system32\oleacc.dll
0x000007fefd7b0000 - 0x000007fefd7c4000 	C:\Windows\system32\RpcRtRemote.dll
0x000007fefd6a0000 - 0x000007fefd6f7000 	C:\Windows\system32\apphelp.dll
0x000007fef4b40000 - 0x000007fef4b4a000 	C:\Xilinx\SDK\2015.2\lib\win64.o\librdi_jtag_settings.dll
0x000007fef0c30000 - 0x000007fef0c59000 	C:\Xilinx\SDK\2015.2\lib\win64.o\librdi_debug_dialog.dll
0x000007fef4030000 - 0x000007fef4052000 	C:\Xilinx\SDK\2015.2\lib\win64.o\libboost_filesystem.dll
0x000007fefb470000 - 0x000007fefb479000 	C:\Xilinx\SDK\2015.2\lib\win64.o\libboost_system.dll
0x000007feed290000 - 0x000007feed337000 	C:\Windows\system32\MSVCP110.dll
0x000007feedb30000 - 0x000007feedc04000 	C:\Windows\system32\MSVCR110.dll
0x000007fec3ea0000 - 0x000007fec47e3000 	C:\Xilinx\SDK\2015.2\lib\win64.o\librdi_common.dll
0x000007fec4e90000 - 0x000007fec5138000 	C:\Xilinx\SDK\2015.2\lib\win64.o\libCOIN-all.dll
0x000007fec5e30000 - 0x000007fec6050000 	C:\Xilinx\SDK\2015.2\lib\win64.o\libXil_lmgr11.dll
0x000007fefb370000 - 0x000007fefb386000 	C:\Windows\system32\NETAPI32.dll
0x000007fefb360000 - 0x000007fefb36c000 	C:\Windows\system32\netutils.dll
0x000007fefd3d0000 - 0x000007fefd3f3000 	C:\Windows\system32\srvcli.dll
0x000007fefb340000 - 0x000007fefb355000 	C:\Windows\system32\wkscli.dll
0x000007fefd950000 - 0x000007fefd98a000 	C:\Windows\system32\WINTRUST.dll
0x000007fefb7d0000 - 0x000007fefb7e0000 	C:\Xilinx\SDK\2015.2\lib\win64.o\libboost_date_time.dll
0x000007fef1180000 - 0x000007fef11f4000 	C:\Xilinx\SDK\2015.2\lib\win64.o\libboost_program_options.dll
0x000007feea110000 - 0x000007feea20a000 	C:\Xilinx\SDK\2015.2\lib\win64.o\libboost_regex.dll
0x000007fef1c40000 - 0x000007fef1c53000 	C:\Xilinx\SDK\2015.2\lib\win64.o\libboost_signals.dll
0x000007fef1700000 - 0x000007fef171d000 	C:\Xilinx\SDK\2015.2\lib\win64.o\libboost_thread.dll
0x000007fef4e70000 - 0x000007fef4e7b000 	C:\Xilinx\SDK\2015.2\lib\win64.o\libboost_chrono.dll
0x000007feedc10000 - 0x000007feedc90000 	C:\Xilinx\SDK\2015.2\lib\win64.o\libhdlpsolve.dll
0x000007feec030000 - 0x000007feec0ca000 	C:\Xilinx\SDK\2015.2\lib\win64.o\libhdxml.dll
0x000007fec4880000 - 0x000007fec4e8a200 	C:\Xilinx\SDK\2015.2\lib\win64.o\libisl_iostreams.dll
0x000007fef16e0000 - 0x000007fef16f6000 	C:\Xilinx\SDK\2015.2\lib\win64.o\libboost_iostreams.dll
0x000007fef16b0000 - 0x000007fef16d3000 	C:\Xilinx\SDK\2015.2\lib\win64.o\librdizlib.dll
0x000007fef1020000 - 0x000007fef1043000 	C:\Xilinx\SDK\2015.2\lib\win64.o\libisl_iosutils.dll
0x000007fef1560000 - 0x000007fef158a000 	C:\Xilinx\SDK\2015.2\lib\win64.o\libisl_sysinfo.dll
0x000007fef4940000 - 0x000007fef4955000 	C:\Xilinx\SDK\2015.2\lib\win64.o\pthreadVC2.dll
0x000007fef0db0000 - 0x000007fef0e04000 	C:\Xilinx\SDK\2015.2\lib\win64.o\librdi_commonxillic.dll
0x000007fec6ae0000 - 0x000007fec6c10000 	C:\Xilinx\SDK\2015.2\lib\win64.o\librdi_curl.dll
0x000007fef1000000 - 0x000007fef1018000 	C:\Xilinx\SDK\2015.2\lib\win64.o\librdiconfig.dll
0x0000000064210000 - 0x0000000064337000 	C:\Xilinx\SDK\2015.2\lib\win64.o\tcl85t.dll
0x0000000020aa0000 - 0x0000000020d03000 	C:\Xilinx\SDK\2015.2\lib\win64.o\xerces-c_3_1.dll
0x000007feecae0000 - 0x000007feecb03000 	C:\Windows\system32\VCOMP110.DLL
0x000007fec3090000 - 0x000007fec3278000 	C:\Xilinx\SDK\2015.2\lib\win64.o\librdi_hsm.dll
0x000007fef0f00000 - 0x000007fef0f43000 	C:\Xilinx\SDK\2015.2\lib\win64.o\librdi_hdf.dll
0x000007fec2920000 - 0x000007fec2ada000 	C:\Xilinx\SDK\2015.2\lib\win64.o\librdi_ippcw.dll
0x000007fef4b30000 - 0x000007fef4b38000 	C:\Xilinx\SDK\2015.2\lib\win64.o\librdi_target_manager.dll
0x000007fef4a00000 - 0x000007fef4a10000 	C:\Xilinx\SDK\2015.2\lib\win64.o\librdi_repo_manager.dll
0x000007fef49e0000 - 0x000007fef49fc000 	C:\Xilinx\SDK\2015.2\lib\win64.o\librdi_hw_platform.dll
0x000007fefb120000 - 0x000007fefb127000 	C:\Windows\system32\msimg32.dll
0x000007fef49c0000 - 0x000007fef49d6000 	C:\Xilinx\SDK\2015.2\eclipse\win64.o\plugins\org.eclipse.cdt.core.win32.x86_64_5.2.0.201402142303\os\win32\x86_64\spawner.dll
0x000007fee7400000 - 0x000007fee780a000 	C:\Xilinx\SDK\2015.2\lib\win64.o\librdi_commontasks.dll
0x000007fec35c0000 - 0x000007fec3dd0000 	C:\Xilinx\SDK\2015.2\lib\win64.o\libXil_lmgr11FNP.dll
0x000007fef7c60000 - 0x000007fef7c6b000 	C:\Windows\system32\snmpapi.dll
0x000007feff280000 - 0x000007feff457000 	C:\Windows\system32\SETUPAPI.dll
0x000007fefd930000 - 0x000007fefd94a000 	C:\Windows\system32\DEVOBJ.dll
0x000007fec2cf0000 - 0x000007fec3085000 	C:\Xilinx\SDK\2015.2\lib\win64.o\librdi_hsmtasks.dll
0x000007fef4010000 - 0x000007fef402b000 	C:\Xilinx\SDK\2015.2\lib\win64.o\librdi_sw_platform.dll
0x000000006bfe0000 - 0x000000006bfe3000 	C:\Windows\system32\icmp.Dll
0x000007fef3460000 - 0x000007fef3585000 	C:\Windows\system32\dbghelp.dll

VM Arguments:
jvm_args: -Dcom.xilinx.sdk.args.hwspec=C:/Users/Tung/Desktop/AXIS_Convolution_v1/axi_conv_fp_3x3/axi_conv_fp_3x3.sdk/design_1_wrapper.hdf -Xms64m -Xmx512m & 
java_command: <unknown>
java_class_path (initial): C:\Xilinx\SDK\2015.2\eclipse\win64.o\\plugins/org.eclipse.equinox.launcher_1.3.0.v20130327-1440.jar
Launcher Type: generic

Environment Variables:
PATH=C:/Xilinx/SDK/2015.2/tps/win64/jre/bin/server;C:/Xilinx/SDK/2015.2/tps/win64/jre/bin;C:/Xilinx/SDK/2015.2/tps/win64/jre/lib/amd64;C:\Xilinx\SDK\2015.2\gnuwin\bin;C:\Xilinx\SDK\2015.2\gnu\microblaze\nt\bin;C:\Xilinx\SDK\2015.2\gnu\microblaze\linux_toolchain\nt64_le\bin;C:\Xilinx\SDK\2015.2\gnu\microblaze\linux_toolchain\nt64_be\bin;C:\Xilinx\SDK\2015.2\gnu\arm\nt\bin;C:\Xilinx\SDK\2015.2\gnu\aarch64\nt\aarch64-none\bin;C:\Xilinx\SDK\2015.2\gnu\aarch64\nt\aarch64-linux\bin;C:\Xilinx\SDK\2015.2\gnu\armr5\nt\gcc-arm-none-eabi\bin;C:\Xilinx\SDK\2015.2\gnu\aarch32\nt\gcc-arm-none-eabi\bin;C:\Xilinx\SDK\2015.2\gnu\aarch32\nt\gcc-arm-linux-gnueabi\bin;C:\Xilinx\SDK\2015.2\bin;C:\Xilinx\SDK\2015.2\lib\win64.o;C:\Xilinx\SDK\2015.2\tps\win64\jre\bin\server;C:\Xilinx\SDK\2015.2\tps\win64\jre\bin;C:\Xilinx\SDK\2015.2\bin;C:\Xilinx\SDK\2015.2\bin;C:\Xilinx\Vivado\2015.2\ids_lite\ISE\bin\nt64;C:\Xilinx\Vivado\2015.2\ids_lite\ISE\lib\nt64;C:\Xilinx\Vivado\2015.2\bin;C:\Xilinx\Vivado\2015.2\lib\win64.o;C:\Xilinx\Vivado\2015.2\tps\win64\jre\bin\server;C:\Xilinx\Vivado\2015.2\tps\win64\jre\bin;C:\Xilinx\SDK\2015.2\bin;C:\Xilinx\Vivado\2015.2\ids_lite\ISE\bin\nt64;C:\Xilinx\Vivado\2015.2\ids_lite\ISE\lib\nt64;C:\Xilinx\Vivado_HLS\2015.2\bin;C:\Program Files (x86)\Intel\iCLS Client\;C:\Program Files\Intel\iCLS Client\;C:\Windows\system32;C:\Windows;C:\Windows\System32\Wbem;C:\Windows\System32\WindowsPowerShell\v1.0\;C:\Program Files\Intel\Intel(R) Management Engine Components\DAL;C:\Program Files\Intel\Intel(R) Management Engine Components\IPT;C:\Program Files (x86)\Intel\Intel(R) Management Engine Components\DAL;C:\Program Files (x86)\Intel\Intel(R) Management Engine Components\IPT;C:\Program Files\MATLAB\R2016a\runtime\win64;C:\Program Files\MATLAB\R2016a\bin;C:\Program Files\MATLAB\R2016a\polyspace\bin;c:\Users\Tung\Desktop\axi_dma_sg;
USERNAME=Tung
OS=Windows_NT
PROCESSOR_IDENTIFIER=Intel64 Family 6 Model 60 Stepping 3, GenuineIntel



---------------  S Y S T E M  ---------------

OS: Windows 7 , 64 bit Build 7601 Service Pack 1

CPU:total 4 (4 cores per cpu, 1 threads per core) family 6 model 60 stepping 3, cmov, cx8, fxsr, mmx, sse, sse2, sse3, ssse3, sse4.1, sse4.2, popcnt, avx, avx2, aes, clmul, erms, lzcnt, tsc, tscinvbit, bmi1, bmi2

Memory: 4k page, physical 4110972k(1410164k free), swap 8220100k(3185580k free)

vm_info: Java HotSpot(TM) 64-Bit Server VM (25.25-b02) for windows-amd64 JRE (1.8.0_25-b18), built on Oct  7 2014 14:25:37 by "java_re" with MS VC++ 10.0 (VS2010)

time: Mon Jul 23 17:37:39 2018
elapsed time: 2092 seconds (0d 0h 34m 52s)

