#
# A fatal error has been detected by the Java Runtime Environment:
#
#  Internal Error (0xc000000d), pid=2896, tid=4956
#
# JRE version: Java(TM) SE Runtime Environment (8.0_25-b18) (build 1.8.0_25-b18)
# Java VM: Java HotSpot(TM) 64-Bit Server VM (25.25-b02 mixed mode windows-amd64 compressed oops)
# Problematic frame:
# C  [ntdll.dll+0x7a291]
#
# Failed to write core dump. Minidumps are not enabled by default on client versions of Windows
#
# If you would like to submit a bug report, please visit:
#   http://bugreport.sun.com/bugreport/crash.jsp
#

---------------  T H R E A D  ---------------

Current thread (0x0000000013646000):  VMThread [stack: 0x00000000146b0000,0x00000000147b0000] [id=4956]

siginfo: ExceptionCode=0xc000000d

Registers:
RAX=0x00000000637cde5d, RBX=0x0000000000000000, RCX=0x00000000147aed10, RDX=0x0000000000000000
RSP=0x00000000147af320, RBP=0x0000000021452f90, RSI=0x000007feedb37408, RDI=0x00000000147af468
R8 =0x0000000000000000, R9 =0x0000000000000000, R10=0x0000000000000000, R11=0x0000000000000246
R12=0x0000000025449d80, R13=0x0000000025449d50, R14=0x0000000021453098, R15=0x0000000000000000
RIP=0x00000000778fa291, EFLAGS=0x0000000000000202

Top of Stack: (sp=0x00000000147af320)
0x00000000147af320:   0000000000000000 000007feedb37408
0x00000000147af330:   00000000147af468 0000000000000000
0x00000000147af340:   0000000000000000 0000000000000000
0x00000000147af350:   0000000000000000 0000000000000000
0x00000000147af360:   0000000000000002 0000000000000000
0x00000000147af370:   00000000c000000d 0000000000000000
0x00000000147af380:   00000000778fa291 0000000000000000
0x00000000147af390:   0000000000000000 0000000000000000
0x00000000147af3a0:   0000000000000000 0000000000000000
0x00000000147af3b0:   0000000000000000 0000000000000000
0x00000000147af3c0:   0000000000000000 0000000000000000
0x00000000147af3d0:   0000000000000000 0000000000000000
0x00000000147af3e0:   0000000000000000 0000000000000000
0x00000000147af3f0:   0000000000000000 0000000000000000
0x00000000147af400:   0000000000000000 0000000029ec3c70
0x00000000147af410:   0000000000000090 00000000777a2fe8 

Instructions: (pc=0x00000000778fa291)
0x00000000778fa271:   5b 8c fd ff b9 57 00 00 00 c7 44 24 50 0d 00 00
0x00000000778fa281:   c0 e8 49 8f fd ff 48 8d 4c 24 50 e8 cf f2 f9 ff
0x00000000778fa291:   4c 8b 1d 40 81 0b 00 4d 85 db 74 5b 65 48 8b 04
0x00000000778fa2a1:   25 30 00 00 00 f6 80 ee 17 00 00 08 74 12 65 48 


Register to memory mapping:

RAX=0x00000000637cde5d is an unknown value
RBX=0x0000000000000000 is an unknown value
RCX=0x00000000147aed10 is an unknown value
RDX=0x0000000000000000 is an unknown value
RSP=0x00000000147af320 is an unknown value
RBP=0x0000000021452f90 is an unknown value
RSI=0x000007feedb37408 is an unknown value
RDI=0x00000000147af468 is an unknown value
R8 =0x0000000000000000 is an unknown value
R9 =0x0000000000000000 is an unknown value
R10=0x0000000000000000 is an unknown value
R11=0x0000000000000246 is an unknown value
R12=0x0000000025449d80 is an unknown value
R13=0x0000000025449d50 is an unknown value
R14=0x0000000021453098 is an unknown value
R15=0x0000000000000000 is an unknown value


Stack: [0x00000000146b0000,0x00000000147b0000],  sp=0x00000000147af320,  free space=1020k
Native frames: (J=compiled Java code, j=interpreted, Vv=VM code, C=native code)
C  [ntdll.dll+0x7a291]
C  [kernel32.dll+0x42fe8]
C  [MSVCR110.dll+0x752d]
C  [MSVCR110.dll+0x14cde]
C  [MSVCR110.dll+0x13edc]
C  [MSVCR110.dll+0x239e]
C  [MSVCR110.dll+0xaf9e]
C  [MSVCP110.dll+0x397b9]
C  [librdi_common.dll+0x135d02]
C  [librdi_common.dll+0x13447b]
C  0x000007fefb482400
C  0x000007fefb482682
C  [ntdll.dll+0x24371]
C  [ntdll.dll+0x24180]
C  [MSVCR100.dll+0x20ccd]
V  [jvm.dll+0x1f9c55]
V  [jvm.dll+0x2325e7]
V  [jvm.dll+0x231826]
V  [jvm.dll+0x231cc1]
V  [jvm.dll+0x231ede]
V  [jvm.dll+0x2852fa]
C  [MSVCR100.dll+0x21d9f]
C  [MSVCR100.dll+0x21e3b]
C  [kernel32.dll+0x1652d]
C  [ntdll.dll+0x2c521]

VM_Operation (0x000000000012f500): Exit, mode: safepoint, requested by thread 0x0000000002228000


---------------  P R O C E S S  ---------------

Java Threads: ( => current thread )
  0x0000000015cbf000 JavaThread "Spawner Reaper" daemon [_thread_in_native, id=5060, stack(0x00000000298e0000,0x00000000299e0000)]
  0x000000001c209000 JavaThread "Thread-29" daemon [_thread_blocked, id=1660, stack(0x000000002c240000,0x000000002c340000)]
  0x0000000015cc3800 JavaThread "TCF Locator DNS Lookup" daemon [_thread_blocked, id=4180, stack(0x000000001ed30000,0x000000001ee30000)]
  0x0000000015cc3000 JavaThread "TCF Locator Timer" daemon [_thread_blocked, id=3068, stack(0x000000001ec30000,0x000000001ed30000)]
  0x0000000015cc2000 JavaThread "TCF Locator Receiver" daemon [_thread_in_native, id=1936, stack(0x000000001cee0000,0x000000001cfe0000)]
  0x0000000015cc0800 JavaThread "TCF Timer Dispatcher" daemon [_thread_blocked, id=3684, stack(0x000000001ca60000,0x000000001cb60000)]
  0x0000000015cba000 JavaThread "EMF Reference Cleaner" daemon [_thread_blocked, id=4228, stack(0x0000000017db0000,0x0000000017eb0000)]
  0x0000000014de8000 JavaThread "Service Thread" daemon [_thread_blocked, id=1132, stack(0x00000000152b0000,0x00000000153b0000)]
  0x0000000014db1000 JavaThread "C1 CompilerThread2" daemon [_thread_blocked, id=2312, stack(0x00000000151b0000,0x00000000152b0000)]
  0x00000000136bf000 JavaThread "C2 CompilerThread1" daemon [_thread_blocked, id=3660, stack(0x0000000014cb0000,0x0000000014db0000)]
  0x00000000136bd000 JavaThread "C2 CompilerThread0" daemon [_thread_blocked, id=1004, stack(0x0000000014bb0000,0x0000000014cb0000)]
  0x00000000136b7800 JavaThread "Attach Listener" daemon [_thread_blocked, id=2160, stack(0x0000000014ab0000,0x0000000014bb0000)]
  0x00000000136b5800 JavaThread "Signal Dispatcher" daemon [_thread_blocked, id=4512, stack(0x00000000149b0000,0x0000000014ab0000)]
  0x0000000013653000 JavaThread "Finalizer" daemon [_thread_blocked, id=3556, stack(0x00000000148b0000,0x00000000149b0000)]
  0x000000001364a000 JavaThread "Reference Handler" daemon [_thread_blocked, id=3044, stack(0x00000000147b0000,0x00000000148b0000)]
  0x0000000002228000 JavaThread "main" [_thread_blocked, id=4412, stack(0x0000000000030000,0x0000000000130000)]

Other Threads:
=>0x0000000013646000 VMThread [stack: 0x00000000146b0000,0x00000000147b0000] [id=4956]

VM state:at safepoint (shutting down)

VM Mutex/Monitor currently owned by a thread:  ([mutex/lock_event])
[0x00000000021edd10] Threads_lock - owner thread: 0x0000000013646000

Heap:
 PSYoungGen      total 59904K, used 10865K [0x00000000f5580000, 0x00000000ffc80000, 0x0000000100000000)
  eden space 58880K, 17% used [0x00000000f5580000,0x00000000f5f74458,0x00000000f8f00000)
  from space 1024K, 65% used [0x00000000f8f00000,0x00000000f8fa8000,0x00000000f9000000)
  to   space 55296K, 0% used [0x00000000fc680000,0x00000000fc680000,0x00000000ffc80000)
 ParOldGen       total 177152K, used 65183K [0x00000000e0000000, 0x00000000ead00000, 0x00000000f5580000)
  object space 177152K, 36% used [0x00000000e0000000,0x00000000e3fa7e90,0x00000000ead00000)
 Metaspace       used 85839K, capacity 91296K, committed 91648K, reserved 1128448K
  class space    used 10131K, capacity 11972K, committed 12032K, reserved 1048576K

Card table byte_map: [0x00000000116b0000,0x00000000117c0000] byte_map_base: 0x0000000010fb0000

Marking Bits: (ParMarkBitMap*) 0x000000006635d490
 Begin Bits: [0x0000000011bc0000, 0x00000000123c0000)
 End Bits:   [0x00000000123c0000, 0x0000000012bc0000)

Polling page: 0x0000000000200000

CodeCache: size=245760Kb used=55419Kb max_used=55419Kb free=190340Kb
 bounds [0x00000000022f0000, 0x0000000005980000, 0x00000000112f0000]
 total_blobs=15282 nmethods=14416 adapters=773
 compilation: enabled

Compilation events (10 events):
Event: 2511.128 Thread 0x0000000014db1000 nmethod 18685 0x000000000595ec10 code [0x000000000595ee20, 0x000000000595f888]
Event: 2511.129 Thread 0x0000000014db1000 18684   !   3       org.eclipse.osgi.internal.serviceregistry.ServiceRegistrationImpl::unregister (253 bytes)
Event: 2511.131 Thread 0x0000000014db1000 nmethod 18684 0x000000000596ef90 code [0x000000000596f380, 0x00000000059718f8]
Event: 2511.134 Thread 0x0000000014db1000 18686       3       java.io.File::list (33 bytes)
Event: 2511.134 Thread 0x0000000014db1000 nmethod 18686 0x0000000004a7a6d0 code [0x0000000004a7a8a0, 0x0000000004a7afc8]
Event: 2511.138 Thread 0x00000000136bf000 nmethod 18666 0x0000000005975910 code [0x0000000005975b60, 0x0000000005976cb0]
Event: 2511.279 Thread 0x0000000014db1000 18687   !   3       org.eclipse.osgi.internal.baseadaptor.BaseStorage::compact (215 bytes)
Event: 2511.281 Thread 0x0000000014db1000 nmethod 18687 0x0000000005977f90 code [0x00000000059783c0, 0x000000000597a828]
Event: 2511.285 Thread 0x0000000014db1000 18688       3       org.eclipse.osgi.framework.internal.core.AbstractBundle::close (52 bytes)
Event: 2511.286 Thread 0x0000000014db1000 nmethod 18688 0x0000000004a79250 code [0x0000000004a79480, 0x0000000004a7a168]

GC Heap History (10 events):
Event: 2488.484 GC heap before
{Heap before GC invocations=135 (full 41):
 PSYoungGen      total 116736K, used 58880K [0x00000000f5580000, 0x0000000100000000, 0x0000000100000000)
  eden space 58880K, 100% used [0x00000000f5580000,0x00000000f8f00000,0x00000000f8f00000)
  from space 57856K, 0% used [0x00000000f8f00000,0x00000000f8f00000,0x00000000fc780000)
  to   space 57856K, 0% used [0x00000000fc780000,0x00000000fc780000,0x0000000100000000)
 ParOldGen       total 177152K, used 46022K [0x00000000e0000000, 0x00000000ead00000, 0x00000000f5580000)
  object space 177152K, 25% used [0x00000000e0000000,0x00000000e2cf1990,0x00000000ead00000)
 Metaspace       used 85155K, capacity 90772K, committed 91136K, reserved 1128448K
  class space    used 10056K, capacity 11905K, committed 12032K, reserved 1048576K
Event: 2488.489 GC heap after
Heap after GC invocations=135 (full 41):
 PSYoungGen      total 116736K, used 13554K [0x00000000f5580000, 0x0000000100000000, 0x0000000100000000)
  eden space 58880K, 0% used [0x00000000f5580000,0x00000000f5580000,0x00000000f8f00000)
  from space 57856K, 23% used [0x00000000fc780000,0x00000000fd4bcb88,0x0000000100000000)
  to   space 57856K, 0% used [0x00000000f8f00000,0x00000000f8f00000,0x00000000fc780000)
 ParOldGen       total 177152K, used 46030K [0x00000000e0000000, 0x00000000ead00000, 0x00000000f5580000)
  object space 177152K, 25% used [0x00000000e0000000,0x00000000e2cf3990,0x00000000ead00000)
 Metaspace       used 85155K, capacity 90772K, committed 91136K, reserved 1128448K
  class space    used 10056K, capacity 11905K, committed 12032K, reserved 1048576K
}
Event: 2493.404 GC heap before
{Heap before GC invocations=136 (full 41):
 PSYoungGen      total 116736K, used 72434K [0x00000000f5580000, 0x0000000100000000, 0x0000000100000000)
  eden space 58880K, 100% used [0x00000000f5580000,0x00000000f8f00000,0x00000000f8f00000)
  from space 57856K, 23% used [0x00000000fc780000,0x00000000fd4bcb88,0x0000000100000000)
  to   space 57856K, 0% used [0x00000000f8f00000,0x00000000f8f00000,0x00000000fc780000)
 ParOldGen       total 177152K, used 46030K [0x00000000e0000000, 0x00000000ead00000, 0x00000000f5580000)
  object space 177152K, 25% used [0x00000000e0000000,0x00000000e2cf3990,0x00000000ead00000)
 Metaspace       used 85155K, capacity 90772K, committed 91136K, reserved 1128448K
  class space    used 10056K, capacity 11905K, committed 12032K, reserved 1048576K
Event: 2493.409 GC heap after
Heap after GC invocations=136 (full 41):
 PSYoungGen      total 116736K, used 16323K [0x00000000f5580000, 0x0000000100000000, 0x0000000100000000)
  eden space 58880K, 0% used [0x00000000f5580000,0x00000000f5580000,0x00000000f8f00000)
  from space 57856K, 28% used [0x00000000f8f00000,0x00000000f9ef0d68,0x00000000fc780000)
  to   space 57856K, 0% used [0x00000000fc780000,0x00000000fc780000,0x0000000100000000)
 ParOldGen       total 177152K, used 49993K [0x00000000e0000000, 0x00000000ead00000, 0x00000000f5580000)
  object space 177152K, 28% used [0x00000000e0000000,0x00000000e30d2530,0x00000000ead00000)
 Metaspace       used 85155K, capacity 90772K, committed 91136K, reserved 1128448K
  class space    used 10056K, capacity 11905K, committed 12032K, reserved 1048576K
}
Event: 2498.165 GC heap before
{Heap before GC invocations=137 (full 41):
 PSYoungGen      total 116736K, used 17861K [0x00000000f5580000, 0x0000000100000000, 0x0000000100000000)
  eden space 58880K, 2% used [0x00000000f5580000,0x00000000f57006f0,0x00000000f8f00000)
  from space 57856K, 28% used [0x00000000f8f00000,0x00000000f9ef0d68,0x00000000fc780000)
  to   space 57856K, 0% used [0x00000000fc780000,0x00000000fc780000,0x0000000100000000)
 ParOldGen       total 177152K, used 49993K [0x00000000e0000000, 0x00000000ead00000, 0x00000000f5580000)
  object space 177152K, 28% used [0x00000000e0000000,0x00000000e30d2530,0x00000000ead00000)
 Metaspace       used 85155K, capacity 90772K, committed 91136K, reserved 1128448K
  class space    used 10056K, capacity 11905K, committed 12032K, reserved 1048576K
Event: 2498.169 GC heap after
Heap after GC invocations=137 (full 41):
 PSYoungGen      total 115712K, used 256K [0x00000000f5580000, 0x00000000fff00000, 0x0000000100000000)
  eden space 58880K, 0% used [0x00000000f5580000,0x00000000f5580000,0x00000000f8f00000)
  from space 56832K, 0% used [0x00000000fc780000,0x00000000fc7c0000,0x00000000fff00000)
  to   space 57344K, 0% used [0x00000000f8f00000,0x00000000f8f00000,0x00000000fc700000)
 ParOldGen       total 177152K, used 66220K [0x00000000e0000000, 0x00000000ead00000, 0x00000000f5580000)
  object space 177152K, 37% used [0x00000000e0000000,0x00000000e40ab298,0x00000000ead00000)
 Metaspace       used 85155K, capacity 90772K, committed 91136K, reserved 1128448K
  class space    used 10056K, capacity 11905K, committed 12032K, reserved 1048576K
}
Event: 2498.169 GC heap before
{Heap before GC invocations=138 (full 42):
 PSYoungGen      total 115712K, used 256K [0x00000000f5580000, 0x00000000fff00000, 0x0000000100000000)
  eden space 58880K, 0% used [0x00000000f5580000,0x00000000f5580000,0x00000000f8f00000)
  from space 56832K, 0% used [0x00000000fc780000,0x00000000fc7c0000,0x00000000fff00000)
  to   space 57344K, 0% used [0x00000000f8f00000,0x00000000f8f00000,0x00000000fc700000)
 ParOldGen       total 177152K, used 66220K [0x00000000e0000000, 0x00000000ead00000, 0x00000000f5580000)
  object space 177152K, 37% used [0x00000000e0000000,0x00000000e40ab298,0x00000000ead00000)
 Metaspace       used 85155K, capacity 90772K, committed 91136K, reserved 1128448K
  class space    used 10056K, capacity 11905K, committed 12032K, reserved 1048576K
Event: 2498.302 GC heap after
Heap after GC invocations=138 (full 42):
 PSYoungGen      total 115712K, used 0K [0x00000000f5580000, 0x00000000fff00000, 0x0000000100000000)
  eden space 58880K, 0% used [0x00000000f5580000,0x00000000f5580000,0x00000000f8f00000)
  from space 56832K, 0% used [0x00000000fc780000,0x00000000fc780000,0x00000000fff00000)
  to   space 57344K, 0% used [0x00000000f8f00000,0x00000000f8f00000,0x00000000fc700000)
 ParOldGen       total 177152K, used 65175K [0x00000000e0000000, 0x00000000ead00000, 0x00000000f5580000)
  object space 177152K, 36% used [0x00000000e0000000,0x00000000e3fa5e90,0x00000000ead00000)
 Metaspace       used 85155K, capacity 90772K, committed 91136K, reserved 1128448K
  class space    used 10056K, capacity 11905K, committed 12032K, reserved 1048576K
}
Event: 2510.350 GC heap before
{Heap before GC invocations=139 (full 42):
 PSYoungGen      total 115712K, used 58878K [0x00000000f5580000, 0x00000000fff00000, 0x0000000100000000)
  eden space 58880K, 99% used [0x00000000f5580000,0x00000000f8eff950,0x00000000f8f00000)
  from space 56832K, 0% used [0x00000000fc780000,0x00000000fc780000,0x00000000fff00000)
  to   space 57344K, 0% used [0x00000000f8f00000,0x00000000f8f00000,0x00000000fc700000)
 ParOldGen       total 177152K, used 65175K [0x00000000e0000000, 0x00000000ead00000, 0x00000000f5580000)
  object space 177152K, 36% used [0x00000000e0000000,0x00000000e3fa5e90,0x00000000ead00000)
 Metaspace       used 85516K, capacity 91068K, committed 91392K, reserved 1128448K
  class space    used 10103K, capacity 11940K, committed 12032K, reserved 1048576K
Event: 2510.353 GC heap after
Heap after GC invocations=139 (full 42):
 PSYoungGen      total 59904K, used 672K [0x00000000f5580000, 0x00000000ffc80000, 0x0000000100000000)
  eden space 58880K, 0% used [0x00000000f5580000,0x00000000f5580000,0x00000000f8f00000)
  from space 1024K, 65% used [0x00000000f8f00000,0x00000000f8fa8000,0x00000000f9000000)
  to   space 55296K, 0% used [0x00000000fc680000,0x00000000fc680000,0x00000000ffc80000)
 ParOldGen       total 177152K, used 65183K [0x00000000e0000000, 0x00000000ead00000, 0x00000000f5580000)
  object space 177152K, 36% used [0x00000000e0000000,0x00000000e3fa7e90,0x00000000ead00000)
 Metaspace       used 85516K, capacity 91068K, committed 91392K, reserved 1128448K
  class space    used 10103K, capacity 11940K, committed 12032K, reserved 1048576K
}

Deoptimization events (10 events):
Event: 2511.115 Thread 0x0000000015cc9000 Uncommon trap: reason=unreached action=reinterpret pc=0x0000000005172eb8 method=org.eclipse.core.internal.jobs.WorkerPool.startJob(Lorg/eclipse/core/internal/jobs/Worker;)Lorg/eclipse/core/internal/jobs/InternalJob; @ 185
Event: 2511.116 Thread 0x000000001c21a800 Uncommon trap: reason=unreached action=reinterpret pc=0x0000000005172eb8 method=org.eclipse.core.internal.jobs.WorkerPool.startJob(Lorg/eclipse/core/internal/jobs/Worker;)Lorg/eclipse/core/internal/jobs/InternalJob; @ 185
Event: 2511.116 Thread 0x0000000015cba800 Uncommon trap: reason=unreached action=reinterpret pc=0x0000000005172eb8 method=org.eclipse.core.internal.jobs.WorkerPool.startJob(Lorg/eclipse/core/internal/jobs/Worker;)Lorg/eclipse/core/internal/jobs/InternalJob; @ 185
Event: 2511.116 Thread 0x0000000015cbe800 Uncommon trap: reason=unreached action=reinterpret pc=0x0000000005172eb8 method=org.eclipse.core.internal.jobs.WorkerPool.startJob(Lorg/eclipse/core/internal/jobs/Worker;)Lorg/eclipse/core/internal/jobs/InternalJob; @ 185
Event: 2511.116 Thread 0x000000001c217000 Uncommon trap: reason=unreached action=reinterpret pc=0x0000000005172eb8 method=org.eclipse.core.internal.jobs.WorkerPool.startJob(Lorg/eclipse/core/internal/jobs/Worker;)Lorg/eclipse/core/internal/jobs/InternalJob; @ 185
Event: 2511.116 Thread 0x000000001c21d800 Uncommon trap: reason=unreached action=reinterpret pc=0x0000000005172eb8 method=org.eclipse.core.internal.jobs.WorkerPool.startJob(Lorg/eclipse/core/internal/jobs/Worker;)Lorg/eclipse/core/internal/jobs/InternalJob; @ 185
Event: 2511.116 Thread 0x0000000015cc7800 Uncommon trap: reason=unreached action=reinterpret pc=0x0000000005172eb8 method=org.eclipse.core.internal.jobs.WorkerPool.startJob(Lorg/eclipse/core/internal/jobs/Worker;)Lorg/eclipse/core/internal/jobs/InternalJob; @ 185
Event: 2511.116 Thread 0x000000001597e800 Uncommon trap: reason=unreached action=reinterpret pc=0x0000000005172eb8 method=org.eclipse.core.internal.jobs.WorkerPool.startJob(Lorg/eclipse/core/internal/jobs/Worker;)Lorg/eclipse/core/internal/jobs/InternalJob; @ 185
Event: 2511.119 Thread 0x0000000002228000 Uncommon trap: reason=unreached action=reinterpret pc=0x0000000002697d1c method=java.lang.ref.ReferenceQueue.poll()Ljava/lang/ref/Reference; @ 4
Event: 2511.286 Thread 0x0000000015cbc000 Uncommon trap: reason=bimorphic action=maybe_recompile pc=0x00000000035ea404 method=java.util.concurrent.CopyOnWriteArrayList.indexOf(Ljava/lang/Object;[Ljava/lang/Object;II)I @ 46

Internal exceptions (10 events):
Event: 2510.278 Thread 0x0000000002228000 Implicit null exception at 0x000000000408e964 to 0x000000000408ec99
Event: 2510.278 Thread 0x0000000002228000 Implicit null exception at 0x0000000002becc27 to 0x0000000002becca5
Event: 2510.354 Thread 0x000000001597b000 Implicit null exception at 0x00000000028eb411 to 0x00000000028eb4d3
Event: 2510.459 Thread 0x000000001c21a800 Implicit null exception at 0x00000000045c62c1 to 0x00000000045cb2c9
Event: 2510.482 Thread 0x0000000015980000 Exception <a 'java/lang/InterruptedException'> (0x00000000f5b91940) thrown at [D:\re\workspace\8-2-build-windows-amd64-cygwin\jdk8u25\1677\hotspot\src\share\vm\runtime\objectMonitor.cpp, line 1682]
Event: 2510.485 Thread 0x0000000002228000 Implicit null exception at 0x0000000002c1f0af to 0x0000000002c2057d
Event: 2511.127 Thread 0x0000000015dff800 Exception <a 'java/lang/InterruptedException': sleep interrupted> (0x00000000f5dfa8d8) thrown at [D:\re\workspace\8-2-build-windows-amd64-cygwin\jdk8u25\1677\hotspot\src\share\vm\prims\jvm.cpp, line 3141]
Event: 2511.127 Thread 0x0000000015cbc000 Exception <a 'java/lang/InterruptedException'> (0x00000000f5de18a8) thrown at [D:\re\workspace\8-2-build-windows-amd64-cygwin\jdk8u25\1677\hotspot\src\share\vm\runtime\objectMonitor.cpp, line 1682]
Event: 2511.128 Thread 0x0000000015e31800 Exception <a 'java/lang/InterruptedException'> (0x00000000f5e2a608) thrown at [D:\re\workspace\8-2-build-windows-amd64-cygwin\jdk8u25\1677\hotspot\src\share\vm\runtime\objectMonitor.cpp, line 1682]
Event: 2511.285 Thread 0x0000000015c9b800 Exception <a 'java/lang/InterruptedException'> (0x00000000f5dfa248) thrown at [D:\re\workspace\8-2-build-windows-amd64-cygwin\jdk8u25\1677\hotspot\src\share\vm\runtime\objectMonitor.cpp, line 1682]

Events (10 events):
Event: 2511.286 Thread 0x0000000015cbc000 Thread added: 0x0000000015cbc000
Event: 2511.286 Thread 0x0000000015cbc000 Uncommon trap: trap_request=0xffffffc6 fr.pc=0x00000000035ea404
Event: 2511.286 Thread 0x0000000015cbc000 DEOPT PACKING pc=0x00000000035ea404 sp=0x000000001625f290
Event: 2511.286 Thread 0x0000000015cbc000 DEOPT UNPACKING pc=0x000000000233556a sp=0x000000001625f248 mode 2
Event: 2511.286 Executing VM operation: RevokeBias
Event: 2511.286 Executing VM operation: RevokeBias done
Event: 2511.286 Executing VM operation: RevokeBias
Event: 2511.286 Executing VM operation: RevokeBias done
Event: 2511.286 Thread 0x0000000015cbc000 Thread exited: 0x0000000015cbc000
Event: 2511.292 Executing VM operation: Exit


Dynamic libraries:
0x0000000000400000 - 0x000000000044f000 	C:\Xilinx\SDK\2015.2\eclipse\win64.o\eclipse.exe
0x0000000077880000 - 0x0000000077a29000 	C:\Windows\SYSTEM32\ntdll.dll
0x0000000077760000 - 0x000000007787f000 	C:\Windows\system32\kernel32.dll
0x000007fefd880000 - 0x000007fefd8eb000 	C:\Windows\system32\KERNELBASE.dll
0x0000000077660000 - 0x000000007775a000 	C:\Windows\system32\USER32.dll
0x000007fefecd0000 - 0x000007fefed37000 	C:\Windows\system32\GDI32.dll
0x000007fefeb10000 - 0x000007fefeb1e000 	C:\Windows\system32\LPK.dll
0x000007fefee60000 - 0x000007fefef29000 	C:\Windows\system32\USP10.dll
0x000007feffaf0000 - 0x000007feffb8f000 	C:\Windows\system32\msvcrt.dll
0x000007fefbfa0000 - 0x000007fefc194000 	C:\Windows\WinSxS\amd64_microsoft.windows.common-controls_6595b64144ccf1df_6.0.7601.17514_none_fa396087175ac9ac\COMCTL32.dll
0x000007fefeff0000 - 0x000007feff061000 	C:\Windows\system32\SHLWAPI.dll
0x000007feff8f0000 - 0x000007feff91e000 	C:\Windows\system32\IMM32.DLL
0x000007fefed40000 - 0x000007fefee49000 	C:\Windows\system32\MSCTF.dll
0x0000000072000000 - 0x0000000072012000 	C:\Xilinx\SDK\2015.2\eclipse\win64.o\plugins\org.eclipse.equinox.launcher.win32.win32.x86_64_1.1.200.v20140116-2212\eclipse_1503.dll
0x000007fefebf0000 - 0x000007fefeccb000 	C:\Windows\system32\ADVAPI32.dll
0x000007feff460000 - 0x000007feff47f000 	C:\Windows\SYSTEM32\sechost.dll
0x000007feff150000 - 0x000007feff27d000 	C:\Windows\system32\RPCRT4.dll
0x000007fefc930000 - 0x000007fefc93c000 	C:\Windows\system32\VERSION.dll
0x000007fefbf20000 - 0x000007fefbf76000 	C:\Windows\system32\uxtheme.dll
0x0000000065b80000 - 0x00000000663da000 	C:\Xilinx\SDK\2015.2\tps\win64\jre\bin\server\jvm.dll
0x000007fef1d00000 - 0x000007fef1d09000 	C:\Windows\system32\WSOCK32.dll
0x000007fefeba0000 - 0x000007fefebed000 	C:\Windows\system32\WS2_32.dll
0x000007fefee50000 - 0x000007fefee58000 	C:\Windows\system32\NSI.dll
0x000007fefb180000 - 0x000007fefb1bb000 	C:\Windows\system32\WINMM.dll
0x0000000077a50000 - 0x0000000077a57000 	C:\Windows\system32\PSAPI.DLL
0x000000006c120000 - 0x000000006c1f2000 	C:\Windows\system32\MSVCR100.dll
0x0000000068870000 - 0x000000006887f000 	C:\Xilinx\SDK\2015.2\tps\win64\jre\bin\verify.dll
0x0000000068840000 - 0x0000000068868000 	C:\Xilinx\SDK\2015.2\tps\win64\jre\bin\java.dll
0x0000000066c20000 - 0x0000000066c36000 	C:\Xilinx\SDK\2015.2\tps\win64\jre\bin\zip.dll
0x000007fefdd80000 - 0x000007fefeb08000 	C:\Windows\system32\SHELL32.dll
0x000007feff480000 - 0x000007feff683000 	C:\Windows\system32\ole32.dll
0x000007fefd7d0000 - 0x000007fefd7df000 	C:\Windows\system32\profapi.dll
0x000007fefd060000 - 0x000007fefd077000 	C:\Windows\system32\CRYPTSP.dll
0x000007fefcd60000 - 0x000007fefcda7000 	C:\Windows\system32\rsaenh.dll
0x000007fefcb20000 - 0x000007fefcb3e000 	C:\Windows\system32\USERENV.dll
0x000007fefd700000 - 0x000007fefd70f000 	C:\Windows\system32\CRYPTBASE.dll
0x0000000066c00000 - 0x0000000066c1a000 	C:\Xilinx\SDK\2015.2\tps\win64\jre\bin\net.dll
0x000007fefd000000 - 0x000007fefd055000 	C:\Windows\system32\mswsock.dll
0x000007fefcff0000 - 0x000007fefcff7000 	C:\Windows\System32\wship6.dll
0x000007fefb050000 - 0x000007fefb077000 	C:\Windows\system32\IPHLPAPI.DLL
0x000007fefb040000 - 0x000007fefb04b000 	C:\Windows\system32\WINNSI.DLL
0x000007fefad00000 - 0x000007fefad11000 	C:\Windows\system32\dhcpcsvc6.DLL
0x000007fefad20000 - 0x000007fefad38000 	C:\Windows\system32\dhcpcsvc.DLL
0x0000000066be0000 - 0x0000000066bf1000 	C:\Xilinx\SDK\2015.2\tps\win64\jre\bin\nio.dll
0x000007feffa50000 - 0x000007feffae9000 	C:\Windows\system32\CLBCatQ.DLL
0x000007feff070000 - 0x000007feff147000 	C:\Windows\system32\OLEAUT32.dll
0x000007fefba00000 - 0x000007fefba15000 	C:\Windows\system32\NLAapi.dll
0x000007feed6e0000 - 0x000007feed6f5000 	C:\Windows\system32\napinsp.dll
0x000007feed6c0000 - 0x000007feed6d9000 	C:\Windows\system32\pnrpnsp.dll
0x000007fefce80000 - 0x000007fefcedb000 	C:\Windows\system32\DNSAPI.dll
0x000007feed6b0000 - 0x000007feed6bb000 	C:\Windows\System32\winrnr.dll
0x000007fefca00000 - 0x000007fefca07000 	C:\Windows\System32\wshtcpip.dll
0x000007fefa8a0000 - 0x000007fefa8a8000 	C:\Windows\system32\rasadhlp.dll
0x000007fefaed0000 - 0x000007fefaf23000 	C:\Windows\System32\fwpuclnt.dll
0x00000000180b0000 - 0x0000000018158000 	C:\Users\Tung\.Xilinx\SDK\2015.2\org.eclipse.osgi\bundles\287\1\.cp\swt-win32-4335.dll
0x000007fefef50000 - 0x000007fefefe7000 	C:\Windows\system32\comdlg32.dll
0x000007fefb080000 - 0x000007fefb0f1000 	C:\Windows\system32\WINSPOOL.DRV
0x000007feff920000 - 0x000007feffa4a000 	C:\Windows\system32\WININET.dll
0x000007fefdba0000 - 0x000007fefdd18000 	C:\Windows\system32\urlmon.dll
0x000007fefda30000 - 0x000007fefdb97000 	C:\Windows\system32\CRYPT32.dll
0x000007fefd870000 - 0x000007fefd87f000 	C:\Windows\system32\MSASN1.dll
0x000007feff690000 - 0x000007feff8e9000 	C:\Windows\system32\iertutil.dll
0x000007fefb6c0000 - 0x000007fefb6d8000 	C:\Windows\system32\dwmapi.dll
0x000007fefc2b0000 - 0x000007fefc3dc000 	C:\Windows\system32\propsys.dll
0x0000000002040000 - 0x000000000205e000 	C:\Users\Tung\.Xilinx\SDK\2015.2\org.eclipse.osgi\bundles\287\1\.cp\swt-gdip-win32-4335.dll
0x000007fefbd00000 - 0x000007fefbf15000 	C:\Windows\WinSxS\amd64_microsoft.windows.gdiplus_6595b64144ccf1df_1.1.7601.17514_none_2b24536c71ed437a\gdiplus.dll
0x000007fefb4b0000 - 0x000007fefb5da000 	C:\Windows\system32\WindowsCodecs.dll
0x000007fef4eb0000 - 0x000007fef4ec1000 	C:\Users\Tung\.Xilinx\SDK\2015.2\org.eclipse.osgi\bundles\116\1\.cp\jWinHttp-1.0.0.dll
0x000007fef8b60000 - 0x000007fef8bd1000 	C:\Windows\system32\WINHTTP.dll
0x000007fef8af0000 - 0x000007fef8b54000 	C:\Windows\system32\webio.dll
0x000007fefd630000 - 0x000007fefd655000 	C:\Windows\system32\SspiCli.dll
0x000007fefcc30000 - 0x000007fefcc3a000 	C:\Windows\system32\credssp.dll
0x000007fefd8f0000 - 0x000007fefd926000 	C:\Windows\system32\CFGMGR32.dll
0x000007fefac90000 - 0x000007feface4000 	C:\Windows\system32\oleacc.dll
0x000007fef88d0000 - 0x000007fef890b000 	C:\Windows\system32\mlang.dll
0x000007fefd7b0000 - 0x000007fefd7c4000 	C:\Windows\system32\RpcRtRemote.dll
0x000007fefd6a0000 - 0x000007fefd6f7000 	C:\Windows\system32\apphelp.dll
0x0000000180000000 - 0x0000000180012000 	C:\Users\Tung\.Xilinx\SDK\2015.2\org.eclipse.osgi\bundles\113\1\.cp\os\win32\x86_64\localfile_1_0_0.dll
0x000007feee720000 - 0x000007feef2d7000 	C:\Windows\System32\ieframe.dll
0x000007fefd710000 - 0x000007fefd7a1000 	C:\Windows\system32\SXS.DLL
0x000007fec25d0000 - 0x000007fec2e68000 	C:\Windows\System32\mshtml.dll
0x000007fef5db0000 - 0x000007fef5deb000 	C:\Windows\System32\msls31.dll
0x000007fefc4a0000 - 0x000007fefc4cd000 	C:\Windows\system32\ntmarta.dll
0x000007fefdd20000 - 0x000007fefdd72000 	C:\Windows\system32\WLDAP32.dll
0x000007fef4e50000 - 0x000007fef4e5e000 	C:\Windows\system32\msimtf.dll
0x000007fefc420000 - 0x000007fefc46b000 	C:\Windows\system32\MMDevAPI.DLL
0x000007fef4f10000 - 0x000007fef4f4b000 	C:\Windows\system32\wdmaud.drv
0x00000000733d0000 - 0x00000000733d6000 	C:\Windows\system32\ksuser.dll
0x000007fefc4d0000 - 0x000007fefc4d9000 	C:\Windows\system32\AVRT.dll
0x000007feff280000 - 0x000007feff457000 	C:\Windows\system32\SETUPAPI.dll
0x000007fefd930000 - 0x000007fefd94a000 	C:\Windows\system32\DEVOBJ.dll
0x000007fefac40000 - 0x000007fefac8f000 	C:\Windows\system32\AUDIOSES.DLL
0x000007fef4f00000 - 0x000007fef4f0a000 	C:\Windows\system32\msacm32.drv
0x000007fef4ee0000 - 0x000007fef4ef8000 	C:\Windows\system32\MSACM32.dll
0x000007fef4ed0000 - 0x000007fef4ed9000 	C:\Windows\system32\midimap.dll
0x000007fef0db0000 - 0x000007fef0dc1000 	C:\Windows\system32\ImgUtil.dll
0x000007fef4850000 - 0x000007fef4860000 	C:\Xilinx\SDK\2015.2\lib\win64.o\librdi_repo_manager.dll
0x000007fef0f00000 - 0x000007fef0f2a000 	C:\Xilinx\SDK\2015.2\lib\win64.o\libisl_sysinfo.dll
0x000007feedb30000 - 0x000007feedc04000 	C:\Windows\system32\MSVCR110.dll
0x000007feed290000 - 0x000007feed337000 	C:\Windows\system32\MSVCP110.dll
0x000007fec4750000 - 0x000007fec5093000 	C:\Xilinx\SDK\2015.2\lib\win64.o\librdi_common.dll
0x000007fec44a0000 - 0x000007fec4748000 	C:\Xilinx\SDK\2015.2\lib\win64.o\libCOIN-all.dll
0x000007fec5e30000 - 0x000007fec6050000 	C:\Xilinx\SDK\2015.2\lib\win64.o\libXil_lmgr11.dll
0x000007fefb370000 - 0x000007fefb386000 	C:\Windows\system32\NETAPI32.dll
0x000007fefb360000 - 0x000007fefb36c000 	C:\Windows\system32\netutils.dll
0x000007fefd3d0000 - 0x000007fefd3f3000 	C:\Windows\system32\srvcli.dll
0x000007fefb340000 - 0x000007fefb355000 	C:\Windows\system32\wkscli.dll
0x000007fefd950000 - 0x000007fefd98a000 	C:\Windows\system32\WINTRUST.dll
0x000007fefb7c0000 - 0x000007fefb7d0000 	C:\Xilinx\SDK\2015.2\lib\win64.o\libboost_date_time.dll
0x000007fef4930000 - 0x000007fef4952000 	C:\Xilinx\SDK\2015.2\lib\win64.o\libboost_filesystem.dll
0x000007fefb470000 - 0x000007fefb479000 	C:\Xilinx\SDK\2015.2\lib\win64.o\libboost_system.dll
0x000007fef16e0000 - 0x000007fef1754000 	C:\Xilinx\SDK\2015.2\lib\win64.o\libboost_program_options.dll
0x000007feea110000 - 0x000007feea20a000 	C:\Xilinx\SDK\2015.2\lib\win64.o\libboost_regex.dll
0x000007fef1c40000 - 0x000007fef1c53000 	C:\Xilinx\SDK\2015.2\lib\win64.o\libboost_signals.dll
0x000007fef16c0000 - 0x000007fef16dd000 	C:\Xilinx\SDK\2015.2\lib\win64.o\libboost_thread.dll
0x000007fef4e70000 - 0x000007fef4e7b000 	C:\Xilinx\SDK\2015.2\lib\win64.o\libboost_chrono.dll
0x000007fef1180000 - 0x000007fef1200000 	C:\Xilinx\SDK\2015.2\lib\win64.o\libhdlpsolve.dll
0x000007feec030000 - 0x000007feec0ca000 	C:\Xilinx\SDK\2015.2\lib\win64.o\libhdxml.dll
0x000007fec3e90000 - 0x000007fec449a200 	C:\Xilinx\SDK\2015.2\lib\win64.o\libisl_iostreams.dll
0x000007fef16a0000 - 0x000007fef16b6000 	C:\Xilinx\SDK\2015.2\lib\win64.o\libboost_iostreams.dll
0x000007fef1020000 - 0x000007fef1043000 	C:\Xilinx\SDK\2015.2\lib\win64.o\librdizlib.dll
0x000007fef0ff0000 - 0x000007fef1013000 	C:\Xilinx\SDK\2015.2\lib\win64.o\libisl_iosutils.dll
0x000007fef4e80000 - 0x000007fef4e95000 	C:\Xilinx\SDK\2015.2\lib\win64.o\pthreadVC2.dll
0x000007fef0c00000 - 0x000007fef0c54000 	C:\Xilinx\SDK\2015.2\lib\win64.o\librdi_commonxillic.dll
0x000007fec6ae0000 - 0x000007fec6c10000 	C:\Xilinx\SDK\2015.2\lib\win64.o\librdi_curl.dll
0x000007fef0df0000 - 0x000007fef0e08000 	C:\Xilinx\SDK\2015.2\lib\win64.o\librdiconfig.dll
0x0000000066ab0000 - 0x0000000066bd7000 	C:\Xilinx\SDK\2015.2\lib\win64.o\tcl85t.dll
0x0000000022340000 - 0x00000000225a3000 	C:\Xilinx\SDK\2015.2\lib\win64.o\xerces-c_3_1.dll

VM Arguments:
jvm_args: -Dcom.xilinx.sdk.args.hwspec=C:/Users/Tung/Desktop/AXIS_Convolution_v1/axi_conv_fp_3x3/axi_conv_fp_3x3.sdk/design_1_wrapper.hdf -Xms64m -Xmx512m & 
java_command: <unknown>
java_class_path (initial): C:\Xilinx\SDK\2015.2\eclipse\win64.o\\plugins/org.eclipse.equinox.launcher_1.3.0.v20130327-1440.jar
Launcher Type: generic

Environment Variables:
PATH=C:/Xilinx/SDK/2015.2/tps/win64/jre/bin/server;C:/Xilinx/SDK/2015.2/tps/win64/jre/bin;C:/Xilinx/SDK/2015.2/tps/win64/jre/lib/amd64;C:\Xilinx\SDK\2015.2\gnuwin\bin;C:\Xilinx\SDK\2015.2\gnu\microblaze\nt\bin;C:\Xilinx\SDK\2015.2\gnu\microblaze\linux_toolchain\nt64_le\bin;C:\Xilinx\SDK\2015.2\gnu\microblaze\linux_toolchain\nt64_be\bin;C:\Xilinx\SDK\2015.2\gnu\arm\nt\bin;C:\Xilinx\SDK\2015.2\gnu\aarch64\nt\aarch64-none\bin;C:\Xilinx\SDK\2015.2\gnu\aarch64\nt\aarch64-linux\bin;C:\Xilinx\SDK\2015.2\gnu\armr5\nt\gcc-arm-none-eabi\bin;C:\Xilinx\SDK\2015.2\gnu\aarch32\nt\gcc-arm-none-eabi\bin;C:\Xilinx\SDK\2015.2\gnu\aarch32\nt\gcc-arm-linux-gnueabi\bin;C:\Xilinx\SDK\2015.2\bin;C:\Xilinx\SDK\2015.2\lib\win64.o;C:\Xilinx\SDK\2015.2\tps\win64\jre\bin\server;C:\Xilinx\SDK\2015.2\tps\win64\jre\bin;C:\Xilinx\SDK\2015.2\bin;C:\Xilinx\SDK\2015.2\bin;C:\Xilinx\Vivado\2015.2\ids_lite\ISE\bin\nt64;C:\Xilinx\Vivado\2015.2\ids_lite\ISE\lib\nt64;C:\Xilinx\Vivado\2015.2\bin;C:\Xilinx\Vivado\2015.2\lib\win64.o;C:\Xilinx\Vivado\2015.2\tps\win64\jre\bin\server;C:\Xilinx\Vivado\2015.2\tps\win64\jre\bin;C:\Xilinx\SDK\2015.2\bin;C:\Xilinx\Vivado\2015.2\ids_lite\ISE\bin\nt64;C:\Xilinx\Vivado\2015.2\ids_lite\ISE\lib\nt64;C:\Xilinx\Vivado_HLS\2015.2\bin;C:\Program Files (x86)\Intel\iCLS Client\;C:\Program Files\Intel\iCLS Client\;C:\Windows\system32;C:\Windows;C:\Windows\System32\Wbem;C:\Windows\System32\WindowsPowerShell\v1.0\;C:\Program Files\Intel\Intel(R) Management Engine Components\DAL;C:\Program Files\Intel\Intel(R) Management Engine Components\IPT;C:\Program Files (x86)\Intel\Intel(R) Management Engine Components\DAL;C:\Program Files (x86)\Intel\Intel(R) Management Engine Components\IPT;C:\Program Files\MATLAB\R2016a\runtime\win64;C:\Program Files\MATLAB\R2016a\bin;C:\Program Files\MATLAB\R2016a\polyspace\bin;c:\Users\Tung\Desktop\axi_dma_sg;
USERNAME=Tung
OS=Windows_NT
PROCESSOR_IDENTIFIER=Intel64 Family 6 Model 60 Stepping 3, GenuineIntel



---------------  S Y S T E M  ---------------

OS: Windows 7 , 64 bit Build 7601 Service Pack 1

CPU:total 4 (4 cores per cpu, 1 threads per core) family 6 model 60 stepping 3, cmov, cx8, fxsr, mmx, sse, sse2, sse3, ssse3, sse4.1, sse4.2, popcnt, avx, avx2, aes, clmul, erms, lzcnt, tsc, tscinvbit, bmi1, bmi2

Memory: 4k page, physical 4110972k(804664k free), swap 8220100k(3540368k free)

vm_info: Java HotSpot(TM) 64-Bit Server VM (25.25-b02) for windows-amd64 JRE (1.8.0_25-b18), built on Oct  7 2014 14:25:37 by "java_re" with MS VC++ 10.0 (VS2010)

time: Mon Jul 23 11:52:36 2018
elapsed time: 2511 seconds (0d 0h 41m 51s)

