#
# A fatal error has been detected by the Java Runtime Environment:
#
#  Internal Error (0xc000000d), pid=4972, tid=3540
#
# JRE version: Java(TM) SE Runtime Environment (8.0_25-b18) (build 1.8.0_25-b18)
# Java VM: Java HotSpot(TM) 64-Bit Server VM (25.25-b02 mixed mode windows-amd64 compressed oops)
# Problematic frame:
# C  [ntdll.dll+0x7a291]
#
# Failed to write core dump. Minidumps are not enabled by default on client versions of Windows
#
# If you would like to submit a bug report, please visit:
#   http://bugreport.sun.com/bugreport/crash.jsp
#

---------------  T H R E A D  ---------------

Current thread (0x0000000013b89800):  VMThread [stack: 0x0000000014bf0000,0x0000000014cf0000] [id=3540]

siginfo: ExceptionCode=0xc000000d

Registers:
RAX=0x000000006222100e, RBX=0x0000000000000000, RCX=0x0000000014ceef10, RDX=0x0000000000000000
RSP=0x0000000014cef520, RBP=0x0000000024c6c370, RSI=0x000007feedb37408, RDI=0x0000000014cef668
R8 =0x0000000000000000, R9 =0x0000000000000000, R10=0x0000000000000000, R11=0x0000000000000246
R12=0x0000000025272ed0, R13=0x0000000025272e90, R14=0x0000000024c6c478, R15=0x0000000000000000
RIP=0x00000000778fa291, EFLAGS=0x0000000000000202

Top of Stack: (sp=0x0000000014cef520)
0x0000000014cef520:   0000000000000000 000007feedb37408
0x0000000014cef530:   0000000014cef668 0000037f00000003
0x0000000014cef540:   0000000000000000 0000000000000123
0x0000000014cef550:   0000000000000000 0000000000000000
0x0000000014cef560:   0000000000000002 00000000264da2a0
0x0000000014cef570:   00000000c000000d 0000000000000000
0x0000000014cef580:   00000000778fa291 0000000000000000
0x0000000014cef590:   0000000000000000 0000000000000000
0x0000000014cef5a0:   0000000000000000 0000000000000000
0x0000000014cef5b0:   0000000000000000 0000000000000000
0x0000000014cef5c0:   0000000000000000 0000000000000000
0x0000000014cef5d0:   0000000000000000 0000000000000000
0x0000000014cef5e0:   0000000000000000 0000000000000000
0x0000000014cef5f0:   0000000000000000 0000000000000000
0x0000000014cef600:   0000000000000000 00000000264d4bd4
0x0000000014cef610:   0000000000000090 00000000777a2fe8 

Instructions: (pc=0x00000000778fa291)
0x00000000778fa271:   5b 8c fd ff b9 57 00 00 00 c7 44 24 50 0d 00 00
0x00000000778fa281:   c0 e8 49 8f fd ff 48 8d 4c 24 50 e8 cf f2 f9 ff
0x00000000778fa291:   4c 8b 1d 40 81 0b 00 4d 85 db 74 5b 65 48 8b 04
0x00000000778fa2a1:   25 30 00 00 00 f6 80 ee 17 00 00 08 74 12 65 48 


Register to memory mapping:

RAX=0x000000006222100e is an unknown value
RBX=0x0000000000000000 is an unknown value
RCX=0x0000000014ceef10 is an unknown value
RDX=0x0000000000000000 is an unknown value
RSP=0x0000000014cef520 is an unknown value
RBP=0x0000000024c6c370 is an unknown value
RSI=0x000007feedb37408 is an unknown value
RDI=0x0000000014cef668 is an unknown value
R8 =0x0000000000000000 is an unknown value
R9 =0x0000000000000000 is an unknown value
R10=0x0000000000000000 is an unknown value
R11=0x0000000000000246 is an unknown value
R12=0x0000000025272ed0 is an unknown value
R13=0x0000000025272e90 is an unknown value
R14=0x0000000024c6c478 is an unknown value
R15=0x0000000000000000 is an unknown value


Stack: [0x0000000014bf0000,0x0000000014cf0000],  sp=0x0000000014cef520,  free space=1021k
Native frames: (J=compiled Java code, j=interpreted, Vv=VM code, C=native code)
C  [ntdll.dll+0x7a291]
C  [kernel32.dll+0x42fe8]
C  [MSVCR110.dll+0x752d]
C  [MSVCR110.dll+0x14cde]
C  [MSVCR110.dll+0x13edc]
C  [MSVCR110.dll+0x239e]
C  [MSVCR110.dll+0xaf9e]
C  [MSVCP110.dll+0x397b9]
C  [librdi_common.dll+0x135d02]
C  [librdi_common.dll+0x13447b]
C  [librdi_sw_platform.dll+0x10904]
C  [librdi_sw_platform.dll+0x10b86]
C  [ntdll.dll+0x24371]
C  [ntdll.dll+0x24180]
C  [MSVCR100.dll+0x20ccd]
V  [jvm.dll+0x1f9c55]
V  [jvm.dll+0x2325e7]
V  [jvm.dll+0x231826]
V  [jvm.dll+0x231cc1]
V  [jvm.dll+0x231ede]
V  [jvm.dll+0x2852fa]
C  [MSVCR100.dll+0x21d9f]
C  [MSVCR100.dll+0x21e3b]
C  [kernel32.dll+0x1652d]
C  [ntdll.dll+0x2c521]

VM_Operation (0x000000000012f500): Exit, mode: safepoint, requested by thread 0x00000000026b8000


---------------  P R O C E S S  ---------------

Java Threads: ( => current thread )
  0x000000001ab54800 JavaThread "Thread-14" daemon [_thread_blocked, id=5108, stack(0x0000000020460000,0x0000000020560000)]
  0x00000000160b8000 JavaThread "TCF Locator DNS Lookup" daemon [_thread_blocked, id=1496, stack(0x000000001f860000,0x000000001f960000)]
  0x00000000160b7000 JavaThread "TCF Locator Timer" daemon [_thread_blocked, id=1900, stack(0x000000001f760000,0x000000001f860000)]
  0x00000000160b6800 JavaThread "TCF Locator Receiver" daemon [_thread_in_native, id=2492, stack(0x000000001f660000,0x000000001f760000)]
  0x00000000160b2000 JavaThread "TCF Timer Dispatcher" daemon [_thread_blocked, id=4292, stack(0x000000001c950000,0x000000001ca50000)]
  0x0000000016b4f800 JavaThread "EMF Reference Cleaner" daemon [_thread_blocked, id=4368, stack(0x0000000017d30000,0x0000000017e30000)]
  0x000000001512e000 JavaThread "Service Thread" daemon [_thread_blocked, id=2240, stack(0x00000000157f0000,0x00000000158f0000)]
  0x00000000150f3000 JavaThread "C1 CompilerThread2" daemon [_thread_blocked, id=2936, stack(0x00000000156f0000,0x00000000157f0000)]
  0x00000000150f1800 JavaThread "C2 CompilerThread1" daemon [_thread_blocked, id=2276, stack(0x00000000155f0000,0x00000000156f0000)]
  0x0000000013bff800 JavaThread "C2 CompilerThread0" daemon [_thread_blocked, id=3264, stack(0x00000000154f0000,0x00000000155f0000)]
  0x0000000013bfa800 JavaThread "Attach Listener" daemon [_thread_blocked, id=4592, stack(0x0000000014ff0000,0x00000000150f0000)]
  0x0000000013bf8800 JavaThread "Signal Dispatcher" daemon [_thread_blocked, id=4400, stack(0x0000000014ef0000,0x0000000014ff0000)]
  0x0000000013b96000 JavaThread "Finalizer" daemon [_thread_blocked, id=4800, stack(0x0000000014df0000,0x0000000014ef0000)]
  0x0000000013b8d800 JavaThread "Reference Handler" daemon [_thread_blocked, id=1308, stack(0x0000000014cf0000,0x0000000014df0000)]
  0x00000000026b8000 JavaThread "main" [_thread_blocked, id=3500, stack(0x0000000000030000,0x0000000000130000)]

Other Threads:
=>0x0000000013b89800 VMThread [stack: 0x0000000014bf0000,0x0000000014cf0000] [id=3540]

VM state:at safepoint (shutting down)

VM Mutex/Monitor currently owned by a thread:  ([mutex/lock_event])
[0x000000000037dd10] Threads_lock - owner thread: 0x0000000013b89800

Heap:
 PSYoungGen      total 97280K, used 20905K [0x00000000f5580000, 0x00000000fcd00000, 0x0000000100000000)
  eden space 73216K, 28% used [0x00000000f5580000,0x00000000f69ea5c0,0x00000000f9d00000)
  from space 24064K, 0% used [0x00000000fb580000,0x00000000fb580000,0x00000000fcd00000)
  to   space 24576K, 0% used [0x00000000f9d00000,0x00000000f9d00000,0x00000000fb500000)
 ParOldGen       total 98816K, used 45663K [0x00000000e0000000, 0x00000000e6080000, 0x00000000f5580000)
  object space 98816K, 46% used [0x00000000e0000000,0x00000000e2c97d48,0x00000000e6080000)
 Metaspace       used 75447K, capacity 80740K, committed 80984K, reserved 1120256K
  class space    used 9129K, capacity 10833K, committed 10840K, reserved 1048576K

Card table byte_map: [0x0000000011b40000,0x0000000011c50000] byte_map_base: 0x0000000011440000

Marking Bits: (ParMarkBitMap*) 0x00000000663ed490
 Begin Bits: [0x0000000012100000, 0x0000000012900000)
 End Bits:   [0x0000000012900000, 0x0000000013100000)

Polling page: 0x0000000000330000

CodeCache: size=245760Kb used=32297Kb max_used=32301Kb free=213462Kb
 bounds [0x0000000002780000, 0x0000000004740000, 0x0000000011780000]
 total_blobs=9979 nmethods=9137 adapters=751
 compilation: enabled

Compilation events (10 events):
Event: 273.408 Thread 0x00000000150f3000 nmethod 11078 0x00000000046f86d0 code [0x00000000046f8820, 0x00000000046f8930]
Event: 273.409 Thread 0x00000000150f3000 11079       1       org.eclipse.osgi.internal.loader.BundleLoaderProxy::getBundleData (5 bytes)
Event: 273.409 Thread 0x00000000150f3000 nmethod 11079 0x000000000358c190 code [0x000000000358c2e0, 0x000000000358c3f0]
Event: 273.410 Thread 0x0000000013bff800 nmethod 11072 0x000000000473b4d0 code [0x000000000473b6a0, 0x000000000473c588]
Event: 273.410 Thread 0x00000000150f3000 11075       3       org.osgi.util.tracker.ServiceTracker$Tracked::customizerRemoved (15 bytes)
Event: 273.411 Thread 0x00000000150f3000 nmethod 11075 0x0000000004722690 code [0x0000000004722800, 0x0000000004722a28]
Event: 273.588 Thread 0x00000000150f3000 11081   !   3       org.eclipse.osgi.internal.baseadaptor.BaseStorage::compact (215 bytes)
Event: 273.589 Thread 0x00000000150f3000 nmethod 11081 0x0000000004736a50 code [0x0000000004736e80, 0x00000000047392e8]
Event: 273.615 Thread 0x00000000150f3000 11082       3       org.eclipse.osgi.framework.internal.core.AbstractBundle::close (52 bytes)
Event: 273.616 Thread 0x00000000150f3000 nmethod 11082 0x00000000031477d0 code [0x0000000003147a00, 0x00000000031486e8]

GC Heap History (10 events):
Event: 197.884 GC heap before
{Heap before GC invocations=25 (full 5):
 PSYoungGen      total 95744K, used 71831K [0x00000000f5580000, 0x00000000fcf80000, 0x0000000100000000)
  eden space 70144K, 100% used [0x00000000f5580000,0x00000000f9a00000,0x00000000f9a00000)
  from space 25600K, 6% used [0x00000000f9a00000,0x00000000f9ba5de8,0x00000000fb300000)
  to   space 25600K, 0% used [0x00000000fb680000,0x00000000fb680000,0x00000000fcf80000)
 ParOldGen       total 98816K, used 44774K [0x00000000e0000000, 0x00000000e6080000, 0x00000000f5580000)
  object space 98816K, 45% used [0x00000000e0000000,0x00000000e2bb9aa8,0x00000000e6080000)
 Metaspace       used 74048K, capacity 79416K, committed 79704K, reserved 1118208K
  class space    used 8989K, capacity 10734K, committed 10840K, reserved 1048576K
Event: 197.887 GC heap after
Heap after GC invocations=25 (full 5):
 PSYoungGen      total 98304K, used 1716K [0x00000000f5580000, 0x00000000fcf00000, 0x0000000100000000)
  eden space 73216K, 0% used [0x00000000f5580000,0x00000000f5580000,0x00000000f9d00000)
  from space 25088K, 6% used [0x00000000fb680000,0x00000000fb82d200,0x00000000fcf00000)
  to   space 25600K, 0% used [0x00000000f9d00000,0x00000000f9d00000,0x00000000fb600000)
 ParOldGen       total 98816K, used 44782K [0x00000000e0000000, 0x00000000e6080000, 0x00000000f5580000)
  object space 98816K, 45% used [0x00000000e0000000,0x00000000e2bbbaa8,0x00000000e6080000)
 Metaspace       used 74048K, capacity 79416K, committed 79704K, reserved 1118208K
  class space    used 8989K, capacity 10734K, committed 10840K, reserved 1048576K
}
Event: 209.485 GC heap before
{Heap before GC invocations=26 (full 5):
 PSYoungGen      total 98304K, used 38826K [0x00000000f5580000, 0x00000000fcf00000, 0x0000000100000000)
  eden space 73216K, 50% used [0x00000000f5580000,0x00000000f79bd728,0x00000000f9d00000)
  from space 25088K, 6% used [0x00000000fb680000,0x00000000fb82d200,0x00000000fcf00000)
  to   space 25600K, 0% used [0x00000000f9d00000,0x00000000f9d00000,0x00000000fb600000)
 ParOldGen       total 98816K, used 44782K [0x00000000e0000000, 0x00000000e6080000, 0x00000000f5580000)
  object space 98816K, 45% used [0x00000000e0000000,0x00000000e2bbbaa8,0x00000000e6080000)
 Metaspace       used 74230K, capacity 79544K, committed 79704K, reserved 1118208K
  class space    used 8994K, capacity 10734K, committed 10840K, reserved 1048576K
Event: 209.488 GC heap after
Heap after GC invocations=26 (full 5):
 PSYoungGen      total 76288K, used 2902K [0x00000000f5580000, 0x00000000fce00000, 0x0000000100000000)
  eden space 73216K, 0% used [0x00000000f5580000,0x00000000f5580000,0x00000000f9d00000)
  from space 3072K, 94% used [0x00000000f9d00000,0x00000000f9fd5940,0x00000000fa000000)
  to   space 25088K, 0% used [0x00000000fb580000,0x00000000fb580000,0x00000000fce00000)
 ParOldGen       total 98816K, used 44790K [0x00000000e0000000, 0x00000000e6080000, 0x00000000f5580000)
  object space 98816K, 45% used [0x00000000e0000000,0x00000000e2bbdaa8,0x00000000e6080000)
 Metaspace       used 74230K, capacity 79544K, committed 79704K, reserved 1118208K
  class space    used 8994K, capacity 10734K, committed 10840K, reserved 1048576K
}
Event: 209.488 GC heap before
{Heap before GC invocations=27 (full 6):
 PSYoungGen      total 76288K, used 2902K [0x00000000f5580000, 0x00000000fce00000, 0x0000000100000000)
  eden space 73216K, 0% used [0x00000000f5580000,0x00000000f5580000,0x00000000f9d00000)
  from space 3072K, 94% used [0x00000000f9d00000,0x00000000f9fd5940,0x00000000fa000000)
  to   space 25088K, 0% used [0x00000000fb580000,0x00000000fb580000,0x00000000fce00000)
 ParOldGen       total 98816K, used 44790K [0x00000000e0000000, 0x00000000e6080000, 0x00000000f5580000)
  object space 98816K, 45% used [0x00000000e0000000,0x00000000e2bbdaa8,0x00000000e6080000)
 Metaspace       used 74230K, capacity 79544K, committed 79704K, reserved 1118208K
  class space    used 8994K, capacity 10734K, committed 10840K, reserved 1048576K
Event: 209.714 GC heap after
Heap after GC invocations=27 (full 6):
 PSYoungGen      total 76288K, used 0K [0x00000000f5580000, 0x00000000fce00000, 0x0000000100000000)
  eden space 73216K, 0% used [0x00000000f5580000,0x00000000f5580000,0x00000000f9d00000)
  from space 3072K, 0% used [0x00000000f9d00000,0x00000000f9d00000,0x00000000fa000000)
  to   space 25088K, 0% used [0x00000000fb580000,0x00000000fb580000,0x00000000fce00000)
 ParOldGen       total 98816K, used 45657K [0x00000000e0000000, 0x00000000e6080000, 0x00000000f5580000)
  object space 98816K, 46% used [0x00000000e0000000,0x00000000e2c96650,0x00000000e6080000)
 Metaspace       used 74230K, capacity 79544K, committed 79704K, reserved 1118208K
  class space    used 8994K, capacity 10734K, committed 10840K, reserved 1048576K
}
Event: 269.489 GC heap before
{Heap before GC invocations=28 (full 6):
 PSYoungGen      total 76288K, used 9880K [0x00000000f5580000, 0x00000000fce00000, 0x0000000100000000)
  eden space 73216K, 13% used [0x00000000f5580000,0x00000000f5f26340,0x00000000f9d00000)
  from space 3072K, 0% used [0x00000000f9d00000,0x00000000f9d00000,0x00000000fa000000)
  to   space 25088K, 0% used [0x00000000fb580000,0x00000000fb580000,0x00000000fce00000)
 ParOldGen       total 98816K, used 45657K [0x00000000e0000000, 0x00000000e6080000, 0x00000000f5580000)
  object space 98816K, 46% used [0x00000000e0000000,0x00000000e2c96650,0x00000000e6080000)
 Metaspace       used 74263K, capacity 79550K, committed 79704K, reserved 1118208K
  class space    used 8996K, capacity 10735K, committed 10840K, reserved 1048576K
Event: 269.491 GC heap after
Heap after GC invocations=28 (full 6):
 PSYoungGen      total 97280K, used 288K [0x00000000f5580000, 0x00000000fcd00000, 0x0000000100000000)
  eden space 73216K, 0% used [0x00000000f5580000,0x00000000f5580000,0x00000000f9d00000)
  from space 24064K, 1% used [0x00000000fb580000,0x00000000fb5c8000,0x00000000fcd00000)
  to   space 24576K, 0% used [0x00000000f9d00000,0x00000000f9d00000,0x00000000fb500000)
 ParOldGen       total 98816K, used 45665K [0x00000000e0000000, 0x00000000e6080000, 0x00000000f5580000)
  object space 98816K, 46% used [0x00000000e0000000,0x00000000e2c98650,0x00000000e6080000)
 Metaspace       used 74263K, capacity 79550K, committed 79704K, reserved 1118208K
  class space    used 8996K, capacity 10735K, committed 10840K, reserved 1048576K
}
Event: 269.491 GC heap before
{Heap before GC invocations=29 (full 7):
 PSYoungGen      total 97280K, used 288K [0x00000000f5580000, 0x00000000fcd00000, 0x0000000100000000)
  eden space 73216K, 0% used [0x00000000f5580000,0x00000000f5580000,0x00000000f9d00000)
  from space 24064K, 1% used [0x00000000fb580000,0x00000000fb5c8000,0x00000000fcd00000)
  to   space 24576K, 0% used [0x00000000f9d00000,0x00000000f9d00000,0x00000000fb500000)
 ParOldGen       total 98816K, used 45665K [0x00000000e0000000, 0x00000000e6080000, 0x00000000f5580000)
  object space 98816K, 46% used [0x00000000e0000000,0x00000000e2c98650,0x00000000e6080000)
 Metaspace       used 74263K, capacity 79550K, committed 79704K, reserved 1118208K
  class space    used 8996K, capacity 10735K, committed 10840K, reserved 1048576K
Event: 269.620 GC heap after
Heap after GC invocations=29 (full 7):
 PSYoungGen      total 97280K, used 0K [0x00000000f5580000, 0x00000000fcd00000, 0x0000000100000000)
  eden space 73216K, 0% used [0x00000000f5580000,0x00000000f5580000,0x00000000f9d00000)
  from space 24064K, 0% used [0x00000000fb580000,0x00000000fb580000,0x00000000fcd00000)
  to   space 24576K, 0% used [0x00000000f9d00000,0x00000000f9d00000,0x00000000fb500000)
 ParOldGen       total 98816K, used 45663K [0x00000000e0000000, 0x00000000e6080000, 0x00000000f5580000)
  object space 98816K, 46% used [0x00000000e0000000,0x00000000e2c97d48,0x00000000e6080000)
 Metaspace       used 74263K, capacity 79550K, committed 79704K, reserved 1118208K
  class space    used 8996K, capacity 10735K, committed 10840K, reserved 1048576K
}

Deoptimization events (10 events):
Event: 272.032 Thread 0x00000000026b8000 Uncommon trap: reason=unreached action=reinterpret pc=0x0000000003dc5708 method=org.eclipse.swt.widgets.Display.drawMenuBars()V @ 4
Event: 272.047 Thread 0x0000000017553000 Uncommon trap: reason=null_check action=make_not_entrant pc=0x0000000004197c5c method=org.eclipse.core.runtime.Path.equals(Ljava/lang/Object;)Z @ 8
Event: 272.072 Thread 0x0000000017553000 Uncommon trap: reason=bimorphic action=maybe_recompile pc=0x0000000003289ccc method=java.util.Properties.load0(Ljava/util/Properties$LineReader;)V @ 242
Event: 272.094 Thread 0x00000000026b8000 Uncommon trap: reason=unreached action=reinterpret pc=0x0000000002f24f5c method=org.eclipse.e4.ui.internal.workbench.swt.PartRenderingEngine.someAreVisible(Ljava/util/List;)Z @ 41
Event: 272.114 Thread 0x00000000026b8000 Uncommon trap: reason=unreached action=reinterpret pc=0x000000000399cf0c method=org.eclipse.e4.ui.model.application.ui.impl.UIElementImpl.eIsSet(I)Z @ 184
Event: 272.135 Thread 0x00000000026b8000 Uncommon trap: reason=bimorphic action=maybe_recompile pc=0x000000000468cca4 method=org.eclipse.emf.ecore.impl.ETypedElementImpl.getEType()Lorg/eclipse/emf/ecore/EClassifier; @ 18
Event: 272.135 Thread 0x00000000026b8000 Uncommon trap: reason=bimorphic action=maybe_recompile pc=0x000000000468cca4 method=org.eclipse.emf.ecore.impl.ETypedElementImpl.getEType()Lorg/eclipse/emf/ecore/EClassifier; @ 18
Event: 272.174 Thread 0x000000001ab56800 Uncommon trap: reason=unreached action=reinterpret pc=0x0000000003ef6dbc method=org.eclipse.core.internal.jobs.JobManager.createMonitor(Lorg/eclipse/core/runtime/jobs/Job;)Lorg/eclipse/core/runtime/IProgressMonitor; @ 6
Event: 273.362 Thread 0x00000000026b8000 Uncommon trap: reason=null_check action=make_not_entrant pc=0x0000000002c6b3a0 method=org.eclipse.core.runtime.internal.adaptor.EclipseLazyStarter.shouldActivateFor(Ljava/lang/String;Lorg/eclipse/osgi/baseadaptor/BaseData;Lorg/eclipse/core/runtime/internaləOkq@
Event: 273.401 Thread 0x00000000160b1000 Uncommon trap: reason=unreached action=reinterpret pc=0x00000000035e0678 method=org.eclipse.core.internal.jobs.JobManager.nextJob()Lorg/eclipse/core/runtime/jobs/Job; @ 80

Internal exceptions (10 events):
Event: 271.966 Thread 0x00000000026b8000 Implicit null exception at 0x00000000030b1d3d to 0x00000000030b26a1
Event: 271.966 Thread 0x00000000026b8000 Implicit null exception at 0x00000000032db4fa to 0x00000000032dbe65
Event: 272.018 Thread 0x00000000026b8000 Implicit null exception at 0x00000000045f7489 to 0x00000000045f77dd
Event: 272.047 Thread 0x0000000017553000 Implicit null exception at 0x0000000004197994 to 0x0000000004197c51
Event: 272.293 Thread 0x000000001ab53000 Exception <a 'java/lang/InterruptedException'> (0x00000000f6553200) thrown at [D:\re\workspace\8-2-build-windows-amd64-cygwin\jdk8u25\1677\hotspot\src\share\vm\runtime\objectMonitor.cpp, line 1682]
Event: 273.362 Thread 0x00000000026b8000 Implicit null exception at 0x0000000002c69bef to 0x0000000002c6b395
Event: 273.409 Thread 0x000000001605d000 Exception <a 'java/lang/InterruptedException': sleep interrupted> (0x00000000f689a3f0) thrown at [D:\re\workspace\8-2-build-windows-amd64-cygwin\jdk8u25\1677\hotspot\src\share\vm\prims\jvm.cpp, line 3141]
Event: 273.410 Thread 0x000000001607d800 Exception <a 'java/lang/InterruptedException'> (0x00000000f6951448) thrown at [D:\re\workspace\8-2-build-windows-amd64-cygwin\jdk8u25\1677\hotspot\src\share\vm\runtime\objectMonitor.cpp, line 1682]
Event: 273.410 Thread 0x0000000016b51800 Exception <a 'java/lang/InterruptedException'> (0x00000000f69bf480) thrown at [D:\re\workspace\8-2-build-windows-amd64-cygwin\jdk8u25\1677\hotspot\src\share\vm\runtime\objectMonitor.cpp, line 1682]
Event: 273.615 Thread 0x000000001607b800 Exception <a 'java/lang/InterruptedException'> (0x00000000f67fbbe0) thrown at [D:\re\workspace\8-2-build-windows-amd64-cygwin\jdk8u25\1677\hotspot\src\share\vm\runtime\objectMonitor.cpp, line 1682]

Events (10 events):
Event: 273.590 Thread 0x00000000150f3000 flushing nmethod 0x000000000340bb90
Event: 273.615 Thread 0x000000001607b800 Thread exited: 0x000000001607b800
Event: 273.615 Thread 0x000000001640b800 Thread exited: 0x000000001640b800
Event: 273.615 loading class java/util/IdentityHashMap$KeyIterator
Event: 273.615 loading class java/util/IdentityHashMap$IdentityHashMapIterator
Event: 273.616 loading class java/util/IdentityHashMap$IdentityHashMapIterator done
Event: 273.616 loading class java/util/IdentityHashMap$KeyIterator done
Event: 273.616 Thread 0x0000000016b51800 Thread added: 0x0000000016b51800
Event: 273.616 Thread 0x0000000016b51800 Thread exited: 0x0000000016b51800
Event: 273.616 Executing VM operation: Exit


Dynamic libraries:
0x0000000000400000 - 0x000000000044f000 	C:\Xilinx\SDK\2015.2\eclipse\win64.o\eclipse.exe
0x0000000077880000 - 0x0000000077a29000 	C:\Windows\SYSTEM32\ntdll.dll
0x0000000077760000 - 0x000000007787f000 	C:\Windows\system32\kernel32.dll
0x000007fefd880000 - 0x000007fefd8eb000 	C:\Windows\system32\KERNELBASE.dll
0x0000000077660000 - 0x000000007775a000 	C:\Windows\system32\USER32.dll
0x000007fefecd0000 - 0x000007fefed37000 	C:\Windows\system32\GDI32.dll
0x000007fefeb10000 - 0x000007fefeb1e000 	C:\Windows\system32\LPK.dll
0x000007fefee60000 - 0x000007fefef29000 	C:\Windows\system32\USP10.dll
0x000007feffaf0000 - 0x000007feffb8f000 	C:\Windows\system32\msvcrt.dll
0x000007fefbfa0000 - 0x000007fefc194000 	C:\Windows\WinSxS\amd64_microsoft.windows.common-controls_6595b64144ccf1df_6.0.7601.17514_none_fa396087175ac9ac\COMCTL32.dll
0x000007fefeff0000 - 0x000007feff061000 	C:\Windows\system32\SHLWAPI.dll
0x000007feff8f0000 - 0x000007feff91e000 	C:\Windows\system32\IMM32.DLL
0x000007fefed40000 - 0x000007fefee49000 	C:\Windows\system32\MSCTF.dll
0x0000000072000000 - 0x0000000072012000 	C:\Xilinx\SDK\2015.2\eclipse\win64.o\plugins\org.eclipse.equinox.launcher.win32.win32.x86_64_1.1.200.v20140116-2212\eclipse_1503.dll
0x000007fefebf0000 - 0x000007fefeccb000 	C:\Windows\system32\ADVAPI32.dll
0x000007feff460000 - 0x000007feff47f000 	C:\Windows\SYSTEM32\sechost.dll
0x000007feff150000 - 0x000007feff27d000 	C:\Windows\system32\RPCRT4.dll
0x000007fefc930000 - 0x000007fefc93c000 	C:\Windows\system32\VERSION.dll
0x000007fefbf20000 - 0x000007fefbf76000 	C:\Windows\system32\uxtheme.dll
0x0000000065c10000 - 0x000000006646a000 	C:\Xilinx\SDK\2015.2\tps\win64\jre\bin\server\jvm.dll
0x000007fef1d00000 - 0x000007fef1d09000 	C:\Windows\system32\WSOCK32.dll
0x000007fefeba0000 - 0x000007fefebed000 	C:\Windows\system32\WS2_32.dll
0x000007fefee50000 - 0x000007fefee58000 	C:\Windows\system32\NSI.dll
0x000007fefb180000 - 0x000007fefb1bb000 	C:\Windows\system32\WINMM.dll
0x0000000077a50000 - 0x0000000077a57000 	C:\Windows\system32\PSAPI.DLL
0x000000006c120000 - 0x000000006c1f2000 	C:\Windows\system32\MSVCR100.dll
0x0000000074610000 - 0x000000007461f000 	C:\Xilinx\SDK\2015.2\tps\win64\jre\bin\verify.dll
0x00000000731e0000 - 0x0000000073208000 	C:\Xilinx\SDK\2015.2\tps\win64\jre\bin\java.dll
0x00000000731c0000 - 0x00000000731d6000 	C:\Xilinx\SDK\2015.2\tps\win64\jre\bin\zip.dll
0x000007fefdd80000 - 0x000007fefeb08000 	C:\Windows\system32\SHELL32.dll
0x000007feff480000 - 0x000007feff683000 	C:\Windows\system32\ole32.dll
0x000007fefd7d0000 - 0x000007fefd7df000 	C:\Windows\system32\profapi.dll
0x000007fefd060000 - 0x000007fefd077000 	C:\Windows\system32\CRYPTSP.dll
0x000007fefcd60000 - 0x000007fefcda7000 	C:\Windows\system32\rsaenh.dll
0x000007fefcb20000 - 0x000007fefcb3e000 	C:\Windows\system32\USERENV.dll
0x000007fefd700000 - 0x000007fefd70f000 	C:\Windows\system32\CRYPTBASE.dll
0x0000000073220000 - 0x000000007323a000 	C:\Xilinx\SDK\2015.2\tps\win64\jre\bin\net.dll
0x000007fefd000000 - 0x000007fefd055000 	C:\Windows\system32\mswsock.dll
0x000007fefcff0000 - 0x000007fefcff7000 	C:\Windows\System32\wship6.dll
0x000007fefb050000 - 0x000007fefb077000 	C:\Windows\system32\IPHLPAPI.DLL
0x000007fefb040000 - 0x000007fefb04b000 	C:\Windows\system32\WINNSI.DLL
0x000007fefad00000 - 0x000007fefad11000 	C:\Windows\system32\dhcpcsvc6.DLL
0x000007fefad20000 - 0x000007fefad38000 	C:\Windows\system32\dhcpcsvc.DLL
0x00000000731a0000 - 0x00000000731b1000 	C:\Xilinx\SDK\2015.2\tps\win64\jre\bin\nio.dll
0x000007feffa50000 - 0x000007feffae9000 	C:\Windows\system32\CLBCatQ.DLL
0x000007feff070000 - 0x000007feff147000 	C:\Windows\system32\OLEAUT32.dll
0x000007fefba00000 - 0x000007fefba15000 	C:\Windows\system32\NLAapi.dll
0x000007feed6e0000 - 0x000007feed6f5000 	C:\Windows\system32\napinsp.dll
0x000007feed6c0000 - 0x000007feed6d9000 	C:\Windows\system32\pnrpnsp.dll
0x000007fefce80000 - 0x000007fefcedb000 	C:\Windows\system32\DNSAPI.dll
0x000007feed6b0000 - 0x000007feed6bb000 	C:\Windows\System32\winrnr.dll
0x000007fefca00000 - 0x000007fefca07000 	C:\Windows\System32\wshtcpip.dll
0x000007fefa8a0000 - 0x000007fefa8a8000 	C:\Windows\system32\rasadhlp.dll
0x000007fefaed0000 - 0x000007fefaf23000 	C:\Windows\System32\fwpuclnt.dll
0x0000000018230000 - 0x00000000182d8000 	C:\Users\Tung\.Xilinx\SDK\2015.2\org.eclipse.osgi\bundles\287\1\.cp\swt-win32-4335.dll
0x000007fefef50000 - 0x000007fefefe7000 	C:\Windows\system32\comdlg32.dll
0x000007fefb080000 - 0x000007fefb0f1000 	C:\Windows\system32\WINSPOOL.DRV
0x000007feff920000 - 0x000007feffa4a000 	C:\Windows\system32\WININET.dll
0x000007fefdba0000 - 0x000007fefdd18000 	C:\Windows\system32\urlmon.dll
0x000007fefda30000 - 0x000007fefdb97000 	C:\Windows\system32\CRYPT32.dll
0x000007fefd870000 - 0x000007fefd87f000 	C:\Windows\system32\MSASN1.dll
0x000007feff690000 - 0x000007feff8e9000 	C:\Windows\system32\iertutil.dll
0x000007fefb6c0000 - 0x000007fefb6d8000 	C:\Windows\system32\dwmapi.dll
0x000007fefc2b0000 - 0x000007fefc3dc000 	C:\Windows\system32\propsys.dll
0x00000000003d0000 - 0x00000000003ee000 	C:\Users\Tung\.Xilinx\SDK\2015.2\org.eclipse.osgi\bundles\287\1\.cp\swt-gdip-win32-4335.dll
0x000007fefbd00000 - 0x000007fefbf15000 	C:\Windows\WinSxS\amd64_microsoft.windows.gdiplus_6595b64144ccf1df_1.1.7601.17514_none_2b24536c71ed437a\gdiplus.dll
0x000007fefb4b0000 - 0x000007fefb5da000 	C:\Windows\system32\WindowsCodecs.dll
0x0000000180000000 - 0x0000000180012000 	C:\Users\Tung\.Xilinx\SDK\2015.2\org.eclipse.osgi\bundles\113\1\.cp\os\win32\x86_64\localfile_1_0_0.dll
0x000007fef4a30000 - 0x000007fef4a41000 	C:\Users\Tung\.Xilinx\SDK\2015.2\org.eclipse.osgi\bundles\116\1\.cp\jWinHttp-1.0.0.dll
0x000007fef8b60000 - 0x000007fef8bd1000 	C:\Windows\system32\WINHTTP.dll
0x000007fef8af0000 - 0x000007fef8b54000 	C:\Windows\system32\webio.dll
0x000007fefd630000 - 0x000007fefd655000 	C:\Windows\system32\SspiCli.dll
0x000007fefcc30000 - 0x000007fefcc3a000 	C:\Windows\system32\credssp.dll
0x000007fefd8f0000 - 0x000007fefd926000 	C:\Windows\system32\CFGMGR32.dll
0x000007fefac90000 - 0x000007feface4000 	C:\Windows\system32\oleacc.dll
0x000007fefd7b0000 - 0x000007fefd7c4000 	C:\Windows\system32\RpcRtRemote.dll
0x000007fefd6a0000 - 0x000007fefd6f7000 	C:\Windows\system32\apphelp.dll
0x000007fef4eb0000 - 0x000007fef4eba000 	C:\Xilinx\SDK\2015.2\lib\win64.o\librdi_jtag_settings.dll
0x000007fef0c30000 - 0x000007fef0c59000 	C:\Xilinx\SDK\2015.2\lib\win64.o\librdi_debug_dialog.dll
0x000007fef4030000 - 0x000007fef4052000 	C:\Xilinx\SDK\2015.2\lib\win64.o\libboost_filesystem.dll
0x000007fefb470000 - 0x000007fefb479000 	C:\Xilinx\SDK\2015.2\lib\win64.o\libboost_system.dll
0x000007feed290000 - 0x000007feed337000 	C:\Windows\system32\MSVCP110.dll
0x000007feedb30000 - 0x000007feedc04000 	C:\Windows\system32\MSVCR110.dll
0x000007fec3ea0000 - 0x000007fec47e3000 	C:\Xilinx\SDK\2015.2\lib\win64.o\librdi_common.dll
0x000007fec4e90000 - 0x000007fec5138000 	C:\Xilinx\SDK\2015.2\lib\win64.o\libCOIN-all.dll
0x000007fec5e30000 - 0x000007fec6050000 	C:\Xilinx\SDK\2015.2\lib\win64.o\libXil_lmgr11.dll
0x000007fefb370000 - 0x000007fefb386000 	C:\Windows\system32\NETAPI32.dll
0x000007fefb360000 - 0x000007fefb36c000 	C:\Windows\system32\netutils.dll
0x000007fefd3d0000 - 0x000007fefd3f3000 	C:\Windows\system32\srvcli.dll
0x000007fefb340000 - 0x000007fefb355000 	C:\Windows\system32\wkscli.dll
0x000007fefd950000 - 0x000007fefd98a000 	C:\Windows\system32\WINTRUST.dll
0x000007fefb7d0000 - 0x000007fefb7e0000 	C:\Xilinx\SDK\2015.2\lib\win64.o\libboost_date_time.dll
0x000007fef1180000 - 0x000007fef11f4000 	C:\Xilinx\SDK\2015.2\lib\win64.o\libboost_program_options.dll
0x000007feea110000 - 0x000007feea20a000 	C:\Xilinx\SDK\2015.2\lib\win64.o\libboost_regex.dll
0x000007fef1c40000 - 0x000007fef1c53000 	C:\Xilinx\SDK\2015.2\lib\win64.o\libboost_signals.dll
0x000007fef1700000 - 0x000007fef171d000 	C:\Xilinx\SDK\2015.2\lib\win64.o\libboost_thread.dll
0x000007fef4e70000 - 0x000007fef4e7b000 	C:\Xilinx\SDK\2015.2\lib\win64.o\libboost_chrono.dll
0x000007feedc10000 - 0x000007feedc90000 	C:\Xilinx\SDK\2015.2\lib\win64.o\libhdlpsolve.dll
0x000007feec030000 - 0x000007feec0ca000 	C:\Xilinx\SDK\2015.2\lib\win64.o\libhdxml.dll
0x000007fec4880000 - 0x000007fec4e8a200 	C:\Xilinx\SDK\2015.2\lib\win64.o\libisl_iostreams.dll
0x000007fef16e0000 - 0x000007fef16f6000 	C:\Xilinx\SDK\2015.2\lib\win64.o\libboost_iostreams.dll
0x000007fef16b0000 - 0x000007fef16d3000 	C:\Xilinx\SDK\2015.2\lib\win64.o\librdizlib.dll
0x000007fef1020000 - 0x000007fef1043000 	C:\Xilinx\SDK\2015.2\lib\win64.o\libisl_iosutils.dll
0x000007fef1560000 - 0x000007fef158a000 	C:\Xilinx\SDK\2015.2\lib\win64.o\libisl_sysinfo.dll
0x000007fef4940000 - 0x000007fef4955000 	C:\Xilinx\SDK\2015.2\lib\win64.o\pthreadVC2.dll
0x000007fef0db0000 - 0x000007fef0e04000 	C:\Xilinx\SDK\2015.2\lib\win64.o\librdi_commonxillic.dll
0x000007fec6ae0000 - 0x000007fec6c10000 	C:\Xilinx\SDK\2015.2\lib\win64.o\librdi_curl.dll
0x000007fef1000000 - 0x000007fef1018000 	C:\Xilinx\SDK\2015.2\lib\win64.o\librdiconfig.dll
0x0000000064210000 - 0x0000000064337000 	C:\Xilinx\SDK\2015.2\lib\win64.o\tcl85t.dll
0x00000000209e0000 - 0x0000000020c43000 	C:\Xilinx\SDK\2015.2\lib\win64.o\xerces-c_3_1.dll
0x000007feecae0000 - 0x000007feecb03000 	C:\Windows\system32\VCOMP110.DLL
0x000007fec3090000 - 0x000007fec3278000 	C:\Xilinx\SDK\2015.2\lib\win64.o\librdi_hsm.dll
0x000007fef0f00000 - 0x000007fef0f43000 	C:\Xilinx\SDK\2015.2\lib\win64.o\librdi_hdf.dll
0x000007fec2920000 - 0x000007fec2ada000 	C:\Xilinx\SDK\2015.2\lib\win64.o\librdi_ippcw.dll
0x000007fef4a60000 - 0x000007fef4a68000 	C:\Xilinx\SDK\2015.2\lib\win64.o\librdi_target_manager.dll
0x000007fef4a50000 - 0x000007fef4a60000 	C:\Xilinx\SDK\2015.2\lib\win64.o\librdi_repo_manager.dll
0x000007fef49b0000 - 0x000007fef49cc000 	C:\Xilinx\SDK\2015.2\lib\win64.o\librdi_hw_platform.dll
0x000007fefb120000 - 0x000007fefb127000 	C:\Windows\system32\msimg32.dll
0x000007fee7810000 - 0x000007fee7c1a000 	C:\Xilinx\SDK\2015.2\lib\win64.o\librdi_commontasks.dll
0x000007fec35c0000 - 0x000007fec3dd0000 	C:\Xilinx\SDK\2015.2\lib\win64.o\libXil_lmgr11FNP.dll
0x000007fef7c60000 - 0x000007fef7c6b000 	C:\Windows\system32\snmpapi.dll
0x000007feff280000 - 0x000007feff457000 	C:\Windows\system32\SETUPAPI.dll
0x000007fefd930000 - 0x000007fefd94a000 	C:\Windows\system32\DEVOBJ.dll
0x000007fee7470000 - 0x000007fee7805000 	C:\Xilinx\SDK\2015.2\lib\win64.o\librdi_hsmtasks.dll
0x000007fef4010000 - 0x000007fef402b000 	C:\Xilinx\SDK\2015.2\lib\win64.o\librdi_sw_platform.dll
0x000007fef4a70000 - 0x000007fef4a86000 	C:\Xilinx\SDK\2015.2\eclipse\win64.o\plugins\org.eclipse.cdt.core.win32.x86_64_5.2.0.201402142303\os\win32\x86_64\spawner.dll
0x000000006bfe0000 - 0x000000006bfe3000 	C:\Windows\system32\icmp.Dll
0x000007fef3460000 - 0x000007fef3585000 	C:\Windows\system32\dbghelp.dll

VM Arguments:
jvm_args: -Dcom.xilinx.sdk.args.hwspec=C:/Users/Tung/Desktop/axi_dma_sg/axi_dma_sg.sdk/design_1_wrapper.hdf -Xms64m -Xmx512m & 
java_command: <unknown>
java_class_path (initial): C:\Xilinx\SDK\2015.2\eclipse\win64.o\\plugins/org.eclipse.equinox.launcher_1.3.0.v20130327-1440.jar
Launcher Type: generic

Environment Variables:
PATH=C:/Xilinx/SDK/2015.2/tps/win64/jre/bin/server;C:/Xilinx/SDK/2015.2/tps/win64/jre/bin;C:/Xilinx/SDK/2015.2/tps/win64/jre/lib/amd64;C:\Xilinx\SDK\2015.2\gnuwin\bin;C:\Xilinx\SDK\2015.2\gnu\microblaze\nt\bin;C:\Xilinx\SDK\2015.2\gnu\microblaze\linux_toolchain\nt64_le\bin;C:\Xilinx\SDK\2015.2\gnu\microblaze\linux_toolchain\nt64_be\bin;C:\Xilinx\SDK\2015.2\gnu\arm\nt\bin;C:\Xilinx\SDK\2015.2\gnu\aarch64\nt\aarch64-none\bin;C:\Xilinx\SDK\2015.2\gnu\aarch64\nt\aarch64-linux\bin;C:\Xilinx\SDK\2015.2\gnu\armr5\nt\gcc-arm-none-eabi\bin;C:\Xilinx\SDK\2015.2\gnu\aarch32\nt\gcc-arm-none-eabi\bin;C:\Xilinx\SDK\2015.2\gnu\aarch32\nt\gcc-arm-linux-gnueabi\bin;C:\Xilinx\SDK\2015.2\bin;C:\Xilinx\SDK\2015.2\lib\win64.o;C:\Xilinx\SDK\2015.2\tps\win64\jre\bin\server;C:\Xilinx\SDK\2015.2\tps\win64\jre\bin;C:\Xilinx\SDK\2015.2\bin;C:\Xilinx\SDK\2015.2\bin;C:\Xilinx\Vivado\2015.2\ids_lite\ISE\bin\nt64;C:\Xilinx\Vivado\2015.2\ids_lite\ISE\lib\nt64;C:\Xilinx\Vivado\2015.2\bin;C:\Xilinx\Vivado\2015.2\lib\win64.o;C:\Xilinx\Vivado\2015.2\tps\win64\jre\bin\server;C:\Xilinx\Vivado\2015.2\tps\win64\jre\bin;C:\Xilinx\SDK\2015.2\bin;C:\Xilinx\Vivado\2015.2\ids_lite\ISE\bin\nt64;C:\Xilinx\Vivado\2015.2\ids_lite\ISE\lib\nt64;C:\Xilinx\Vivado_HLS\2015.2\bin;C:\Program Files (x86)\Intel\iCLS Client\;C:\Program Files\Intel\iCLS Client\;C:\Windows\system32;C:\Windows;C:\Windows\System32\Wbem;C:\Windows\System32\WindowsPowerShell\v1.0\;C:\Program Files\Intel\Intel(R) Management Engine Components\DAL;C:\Program Files\Intel\Intel(R) Management Engine Components\IPT;C:\Program Files (x86)\Intel\Intel(R) Management Engine Components\DAL;C:\Program Files (x86)\Intel\Intel(R) Management Engine Components\IPT;C:\Program Files\MATLAB\R2016a\runtime\win64;C:\Program Files\MATLAB\R2016a\bin;C:\Program Files\MATLAB\R2016a\polyspace\bin;c:\Users\Tung\Desktop\axi_dma_sg;
USERNAME=Tung
OS=Windows_NT
PROCESSOR_IDENTIFIER=Intel64 Family 6 Model 60 Stepping 3, GenuineIntel



---------------  S Y S T E M  ---------------

OS: Windows 7 , 64 bit Build 7601 Service Pack 1

CPU:total 4 (4 cores per cpu, 1 threads per core) family 6 model 60 stepping 3, cmov, cx8, fxsr, mmx, sse, sse2, sse3, ssse3, sse4.1, sse4.2, popcnt, avx, avx2, aes, clmul, erms, lzcnt, tsc, tscinvbit, bmi1, bmi2

Memory: 4k page, physical 4110972k(1322200k free), swap 8220100k(2497692k free)

vm_info: Java HotSpot(TM) 64-Bit Server VM (25.25-b02) for windows-amd64 JRE (1.8.0_25-b18), built on Oct  7 2014 14:25:37 by "java_re" with MS VC++ 10.0 (VS2010)

time: Mon Jul 23 15:13:08 2018
elapsed time: 274 seconds (0d 0h 4m 34s)

