#
# A fatal error has been detected by the Java Runtime Environment:
#
#  Internal Error (0xc000000d), pid=4756, tid=2264
#
# JRE version: Java(TM) SE Runtime Environment (8.0_25-b18) (build 1.8.0_25-b18)
# Java VM: Java HotSpot(TM) 64-Bit Server VM (25.25-b02 mixed mode windows-amd64 compressed oops)
# Problematic frame:
# C  [ntdll.dll+0x7a291]
#
# Failed to write core dump. Minidumps are not enabled by default on client versions of Windows
#
# If you would like to submit a bug report, please visit:
#   http://bugreport.sun.com/bugreport/crash.jsp
#

---------------  T H R E A D  ---------------

Current thread (0x0000000013ba9800):  VMThread [stack: 0x0000000014c10000,0x0000000014d10000] [id=2264]

siginfo: ExceptionCode=0xc000000d

Registers:
RAX=0x0000000062c687d3, RBX=0x0000000000000000, RCX=0x0000000014d0ef10, RDX=0x0000000000000000
RSP=0x0000000014d0f520, RBP=0x00000000235a99d0, RSI=0x000007feedb37408, RDI=0x0000000014d0f668
R8 =0x0000000000000000, R9 =0x0000000000000000, R10=0x0000000000000000, R11=0x0000000000000246
R12=0x00000000234348e0, R13=0x00000000234348a0, R14=0x00000000235a9ad8, R15=0x0000000000000000
RIP=0x00000000778fa291, EFLAGS=0x0000000000000202

Top of Stack: (sp=0x0000000014d0f520)
0x0000000014d0f520:   0000000000000000 000007feedb37408
0x0000000014d0f530:   0000000014d0f668 0000000000000000
0x0000000014d0f540:   00000000228e74f0 00000000001a0230
0x0000000014d0f550:   0000000000000000 0000000000000000
0x0000000014d0f560:   0000000000000002 0000000000000000
0x0000000014d0f570:   00000000c000000d 0000000000000000
0x0000000014d0f580:   00000000778fa291 0000000000000000
0x0000000014d0f590:   0000000000000000 0000000000000000
0x0000000014d0f5a0:   0000000000000000 0000000000000000
0x0000000014d0f5b0:   0000000000000000 0000000000000000
0x0000000014d0f5c0:   0000000000000000 0000000000000000
0x0000000014d0f5d0:   0000000000000000 0000000000000000
0x0000000014d0f5e0:   0000000000000000 0000000000000000
0x0000000014d0f5f0:   0000000000000000 0000000000000000
0x0000000014d0f600:   0000000000000000 0000002e08000008
0x0000000014d0f610:   0000000000000090 00000000777a2fe8 

Instructions: (pc=0x00000000778fa291)
0x00000000778fa271:   5b 8c fd ff b9 57 00 00 00 c7 44 24 50 0d 00 00
0x00000000778fa281:   c0 e8 49 8f fd ff 48 8d 4c 24 50 e8 cf f2 f9 ff
0x00000000778fa291:   4c 8b 1d 40 81 0b 00 4d 85 db 74 5b 65 48 8b 04
0x00000000778fa2a1:   25 30 00 00 00 f6 80 ee 17 00 00 08 74 12 65 48 


Register to memory mapping:

RAX=0x0000000062c687d3 is an unknown value
RBX=0x0000000000000000 is an unknown value
RCX=0x0000000014d0ef10 is an unknown value
RDX=0x0000000000000000 is an unknown value
RSP=0x0000000014d0f520 is an unknown value
RBP=0x00000000235a99d0 is an unknown value
RSI=0x000007feedb37408 is an unknown value
RDI=0x0000000014d0f668 is an unknown value
R8 =0x0000000000000000 is an unknown value
R9 =0x0000000000000000 is an unknown value
R10=0x0000000000000000 is an unknown value
R11=0x0000000000000246 is an unknown value
R12=0x00000000234348e0 is an unknown value
R13=0x00000000234348a0 is an unknown value
R14=0x00000000235a9ad8 is an unknown value
R15=0x0000000000000000 is an unknown value


Stack: [0x0000000014c10000,0x0000000014d10000],  sp=0x0000000014d0f520,  free space=1021k
Native frames: (J=compiled Java code, j=interpreted, Vv=VM code, C=native code)
C  [ntdll.dll+0x7a291]
C  [kernel32.dll+0x42fe8]
C  [MSVCR110.dll+0x752d]
C  [MSVCR110.dll+0x14cde]
C  [MSVCR110.dll+0x13edc]
C  [MSVCR110.dll+0x239e]
C  [MSVCR110.dll+0xaf9e]
C  [MSVCP110.dll+0x397b9]
C  [librdi_common.dll+0x135d02]
C  [librdi_common.dll+0x13447b]
C  [librdi_sw_platform.dll+0x10904]
C  [librdi_sw_platform.dll+0x10b86]
C  [ntdll.dll+0x24371]
C  [ntdll.dll+0x24180]
C  [MSVCR100.dll+0x20ccd]
V  [jvm.dll+0x1f9c55]
V  [jvm.dll+0x2325e7]
V  [jvm.dll+0x231826]
V  [jvm.dll+0x231cc1]
V  [jvm.dll+0x231ede]
V  [jvm.dll+0x2852fa]
C  [MSVCR100.dll+0x21d9f]
C  [MSVCR100.dll+0x21e3b]
C  [kernel32.dll+0x1652d]
C  [ntdll.dll+0x2c521]

VM_Operation (0x000000000012f500): Exit, mode: safepoint, requested by thread 0x00000000026b8000


---------------  P R O C E S S  ---------------

Java Threads: ( => current thread )
  0x000000001701e000 JavaThread "Thread-14" daemon [_thread_blocked, id=5080, stack(0x0000000020480000,0x0000000020580000)]
  0x0000000019b27000 JavaThread "TCF Locator DNS Lookup" daemon [_thread_blocked, id=5112, stack(0x000000001f880000,0x000000001f980000)]
  0x0000000019b26000 JavaThread "TCF Locator Timer" daemon [_thread_blocked, id=2016, stack(0x000000001f780000,0x000000001f880000)]
  0x0000000019b25800 JavaThread "TCF Locator Receiver" daemon [_thread_in_native, id=1796, stack(0x000000001f680000,0x000000001f780000)]
  0x000000001701e800 JavaThread "TCF Timer Dispatcher" daemon [_thread_blocked, id=3220, stack(0x000000001cbe0000,0x000000001cce0000)]
  0x0000000016a3f000 JavaThread "EMF Reference Cleaner" daemon [_thread_blocked, id=4816, stack(0x0000000018180000,0x0000000018280000)]
  0x0000000015156000 JavaThread "Service Thread" daemon [_thread_blocked, id=2608, stack(0x0000000015810000,0x0000000015910000)]
  0x0000000015113000 JavaThread "C1 CompilerThread2" daemon [_thread_blocked, id=800, stack(0x0000000015710000,0x0000000015810000)]
  0x0000000015111800 JavaThread "C2 CompilerThread1" daemon [_thread_blocked, id=2640, stack(0x0000000015610000,0x0000000015710000)]
  0x0000000013c1f800 JavaThread "C2 CompilerThread0" daemon [_thread_blocked, id=4300, stack(0x0000000015510000,0x0000000015610000)]
  0x0000000013c1a800 JavaThread "Attach Listener" daemon [_thread_blocked, id=4292, stack(0x0000000015010000,0x0000000015110000)]
  0x0000000013c18800 JavaThread "Signal Dispatcher" daemon [_thread_blocked, id=5016, stack(0x0000000014f10000,0x0000000015010000)]
  0x0000000013bb6000 JavaThread "Finalizer" daemon [_thread_blocked, id=4328, stack(0x0000000014e10000,0x0000000014f10000)]
  0x0000000013bad800 JavaThread "Reference Handler" daemon [_thread_blocked, id=4592, stack(0x0000000014d10000,0x0000000014e10000)]
  0x00000000026b8000 JavaThread "main" [_thread_blocked, id=3836, stack(0x0000000000030000,0x0000000000130000)]

Other Threads:
=>0x0000000013ba9800 VMThread [stack: 0x0000000014c10000,0x0000000014d10000] [id=2264]

VM state:at safepoint (shutting down)

VM Mutex/Monitor currently owned by a thread:  ([mutex/lock_event])
[0x000000000284dd10] Threads_lock - owner thread: 0x0000000013ba9800

Heap:
 PSYoungGen      total 117760K, used 27813K [0x00000000f5580000, 0x00000000fdd00000, 0x0000000100000000)
  eden space 97792K, 28% used [0x00000000f5580000,0x00000000f70a96f8,0x00000000fb500000)
  from space 19968K, 0% used [0x00000000fc980000,0x00000000fc980000,0x00000000fdd00000)
  to   space 20480K, 0% used [0x00000000fb500000,0x00000000fb500000,0x00000000fc900000)
 ParOldGen       total 79360K, used 33787K [0x00000000e0000000, 0x00000000e4d80000, 0x00000000f5580000)
  object space 79360K, 42% used [0x00000000e0000000,0x00000000e20fecc0,0x00000000e4d80000)
 Metaspace       used 75237K, capacity 80418K, committed 80728K, reserved 1120256K
  class space    used 9105K, capacity 10822K, committed 10840K, reserved 1048576K

Card table byte_map: [0x0000000011c10000,0x0000000011d20000] byte_map_base: 0x0000000011510000

Marking Bits: (ParMarkBitMap*) 0x00000000663ed490
 Begin Bits: [0x0000000012120000, 0x0000000012920000)
 End Bits:   [0x0000000012920000, 0x0000000013120000)

Polling page: 0x0000000000330000

CodeCache: size=245760Kb used=32203Kb max_used=32203Kb free=213556Kb
 bounds [0x0000000002850000, 0x0000000004800000, 0x0000000011850000]
 total_blobs=9910 nmethods=9068 adapters=751
 compilation: enabled

Compilation events (10 events):
Event: 684.321 Thread 0x0000000015113000 nmethod 11051 0x00000000047f6450 code [0x00000000047f6680, 0x00000000047f7528]
Event: 684.321 Thread 0x0000000015111800 nmethod 11039 0x00000000047fa210 code [0x00000000047fa3e0, 0x00000000047fb2c8]
Event: 684.321 Thread 0x0000000015113000 11053       3       org.eclipse.osgi.baseadaptor.bundlefile.BundleFile::setMruIndex (6 bytes)
Event: 684.321 Thread 0x0000000015113000 nmethod 11053 0x00000000047ed510 code [0x00000000047ed660, 0x00000000047ed7b0]
Event: 684.322 Thread 0x0000000015113000 11052       3       org.eclipse.osgi.framework.internal.core.BundleHost::refresh (83 bytes)
Event: 684.323 Thread 0x0000000015113000 nmethod 11052 0x00000000047f2b10 code [0x00000000047f2d60, 0x00000000047f3af8]
Event: 684.407 Thread 0x0000000015113000 11054   !   3       org.eclipse.osgi.internal.baseadaptor.BaseStorage::compact (215 bytes)
Event: 684.408 Thread 0x0000000015113000 nmethod 11054 0x00000000047fbb90 code [0x00000000047fbfc0, 0x00000000047fe428]
Event: 684.410 Thread 0x0000000015113000 11055       3       org.eclipse.osgi.framework.internal.core.AbstractBundle::close (52 bytes)
Event: 684.410 Thread 0x0000000015113000 nmethod 11055 0x00000000047f8d90 code [0x00000000047f8fc0, 0x00000000047f9ca8]

GC Heap History (10 events):
Event: 529.523 GC heap before
{Heap before GC invocations=35 (full 11):
 PSYoungGen      total 119296K, used 1685K [0x00000000f5580000, 0x00000000fe000000, 0x0000000100000000)
  eden space 97792K, 0% used [0x00000000f5580000,0x00000000f5580000,0x00000000fb500000)
  from space 21504K, 7% used [0x00000000fcb00000,0x00000000fcca57d0,0x00000000fe000000)
  to   space 22016K, 0% used [0x00000000fb500000,0x00000000fb500000,0x00000000fca80000)
 ParOldGen       total 79360K, used 44647K [0x00000000e0000000, 0x00000000e4d80000, 0x00000000f5580000)
  object space 79360K, 56% used [0x00000000e0000000,0x00000000e2b99da8,0x00000000e4d80000)
 Metaspace       used 74164K, capacity 79512K, committed 79704K, reserved 1118208K
  class space    used 9004K, capacity 10766K, committed 10840K, reserved 1048576K
Event: 529.708 GC heap after
Heap after GC invocations=35 (full 11):
 PSYoungGen      total 119296K, used 0K [0x00000000f5580000, 0x00000000fe000000, 0x0000000100000000)
  eden space 97792K, 0% used [0x00000000f5580000,0x00000000f5580000,0x00000000fb500000)
  from space 21504K, 0% used [0x00000000fcb00000,0x00000000fcb00000,0x00000000fe000000)
  to   space 22016K, 0% used [0x00000000fb500000,0x00000000fb500000,0x00000000fca80000)
 ParOldGen       total 79360K, used 36007K [0x00000000e0000000, 0x00000000e4d80000, 0x00000000f5580000)
  object space 79360K, 45% used [0x00000000e0000000,0x00000000e2329f50,0x00000000e4d80000)
 Metaspace       used 74136K, capacity 79464K, committed 79704K, reserved 1118208K
  class space    used 8999K, capacity 10758K, committed 10840K, reserved 1048576K
}
Event: 592.591 GC heap before
{Heap before GC invocations=36 (full 11):
 PSYoungGen      total 119296K, used 39410K [0x00000000f5580000, 0x00000000fe000000, 0x0000000100000000)
  eden space 97792K, 40% used [0x00000000f5580000,0x00000000f7bfcaf8,0x00000000fb500000)
  from space 21504K, 0% used [0x00000000fcb00000,0x00000000fcb00000,0x00000000fe000000)
  to   space 22016K, 0% used [0x00000000fb500000,0x00000000fb500000,0x00000000fca80000)
 ParOldGen       total 79360K, used 36007K [0x00000000e0000000, 0x00000000e4d80000, 0x00000000f5580000)
  object space 79360K, 45% used [0x00000000e0000000,0x00000000e2329f50,0x00000000e4d80000)
 Metaspace       used 74333K, capacity 79784K, committed 79960K, reserved 1118208K
  class space    used 9002K, capacity 10758K, committed 10840K, reserved 1048576K
Event: 592.594 GC heap after
Heap after GC invocations=36 (full 11):
 PSYoungGen      total 99840K, used 1792K [0x00000000f5580000, 0x00000000fde00000, 0x0000000100000000)
  eden space 97792K, 0% used [0x00000000f5580000,0x00000000f5580000,0x00000000fb500000)
  from space 2048K, 87% used [0x00000000fb500000,0x00000000fb6c0010,0x00000000fb700000)
  to   space 20992K, 0% used [0x00000000fc980000,0x00000000fc980000,0x00000000fde00000)
 ParOldGen       total 79360K, used 36015K [0x00000000e0000000, 0x00000000e4d80000, 0x00000000f5580000)
  object space 79360K, 45% used [0x00000000e0000000,0x00000000e232bf50,0x00000000e4d80000)
 Metaspace       used 74333K, capacity 79784K, committed 79960K, reserved 1118208K
  class space    used 9002K, capacity 10758K, committed 10840K, reserved 1048576K
}
Event: 592.594 GC heap before
{Heap before GC invocations=37 (full 12):
 PSYoungGen      total 99840K, used 1792K [0x00000000f5580000, 0x00000000fde00000, 0x0000000100000000)
  eden space 97792K, 0% used [0x00000000f5580000,0x00000000f5580000,0x00000000fb500000)
  from space 2048K, 87% used [0x00000000fb500000,0x00000000fb6c0010,0x00000000fb700000)
  to   space 20992K, 0% used [0x00000000fc980000,0x00000000fc980000,0x00000000fde00000)
 ParOldGen       total 79360K, used 36015K [0x00000000e0000000, 0x00000000e4d80000, 0x00000000f5580000)
  object space 79360K, 45% used [0x00000000e0000000,0x00000000e232bf50,0x00000000e4d80000)
 Metaspace       used 74333K, capacity 79784K, committed 79960K, reserved 1118208K
  class space    used 9002K, capacity 10758K, committed 10840K, reserved 1048576K
Event: 592.820 GC heap after
Heap after GC invocations=37 (full 12):
 PSYoungGen      total 99840K, used 0K [0x00000000f5580000, 0x00000000fde00000, 0x0000000100000000)
  eden space 97792K, 0% used [0x00000000f5580000,0x00000000f5580000,0x00000000fb500000)
  from space 2048K, 0% used [0x00000000fb500000,0x00000000fb500000,0x00000000fb700000)
  to   space 20992K, 0% used [0x00000000fc980000,0x00000000fc980000,0x00000000fde00000)
 ParOldGen       total 79360K, used 35084K [0x00000000e0000000, 0x00000000e4d80000, 0x00000000f5580000)
  object space 79360K, 44% used [0x00000000e0000000,0x00000000e2243258,0x00000000e4d80000)
 Metaspace       used 74320K, capacity 79766K, committed 79960K, reserved 1118208K
  class space    used 9000K, capacity 10755K, committed 10840K, reserved 1048576K
}
Event: 652.601 GC heap before
{Heap before GC invocations=38 (full 12):
 PSYoungGen      total 99840K, used 10472K [0x00000000f5580000, 0x00000000fde00000, 0x0000000100000000)
  eden space 97792K, 10% used [0x00000000f5580000,0x00000000f5fba358,0x00000000fb500000)
  from space 2048K, 0% used [0x00000000fb500000,0x00000000fb500000,0x00000000fb700000)
  to   space 20992K, 0% used [0x00000000fc980000,0x00000000fc980000,0x00000000fde00000)
 ParOldGen       total 79360K, used 35084K [0x00000000e0000000, 0x00000000e4d80000, 0x00000000f5580000)
  object space 79360K, 44% used [0x00000000e0000000,0x00000000e2243258,0x00000000e4d80000)
 Metaspace       used 74377K, capacity 79830K, committed 80216K, reserved 1118208K
  class space    used 9002K, capacity 10755K, committed 10840K, reserved 1048576K
Event: 652.603 GC heap after
Heap after GC invocations=38 (full 12):
 PSYoungGen      total 117760K, used 576K [0x00000000f5580000, 0x00000000fdd00000, 0x0000000100000000)
  eden space 97792K, 0% used [0x00000000f5580000,0x00000000f5580000,0x00000000fb500000)
  from space 19968K, 2% used [0x00000000fc980000,0x00000000fca10000,0x00000000fdd00000)
  to   space 20480K, 0% used [0x00000000fb500000,0x00000000fb500000,0x00000000fc900000)
 ParOldGen       total 79360K, used 35092K [0x00000000e0000000, 0x00000000e4d80000, 0x00000000f5580000)
  object space 79360K, 44% used [0x00000000e0000000,0x00000000e2245258,0x00000000e4d80000)
 Metaspace       used 74377K, capacity 79830K, committed 80216K, reserved 1118208K
  class space    used 9002K, capacity 10755K, committed 10840K, reserved 1048576K
}
Event: 652.603 GC heap before
{Heap before GC invocations=39 (full 13):
 PSYoungGen      total 117760K, used 576K [0x00000000f5580000, 0x00000000fdd00000, 0x0000000100000000)
  eden space 97792K, 0% used [0x00000000f5580000,0x00000000f5580000,0x00000000fb500000)
  from space 19968K, 2% used [0x00000000fc980000,0x00000000fca10000,0x00000000fdd00000)
  to   space 20480K, 0% used [0x00000000fb500000,0x00000000fb500000,0x00000000fc900000)
 ParOldGen       total 79360K, used 35092K [0x00000000e0000000, 0x00000000e4d80000, 0x00000000f5580000)
  object space 79360K, 44% used [0x00000000e0000000,0x00000000e2245258,0x00000000e4d80000)
 Metaspace       used 74377K, capacity 79830K, committed 80216K, reserved 1118208K
  class space    used 9002K, capacity 10755K, committed 10840K, reserved 1048576K
Event: 652.779 GC heap after
Heap after GC invocations=39 (full 13):
 PSYoungGen      total 117760K, used 0K [0x00000000f5580000, 0x00000000fdd00000, 0x0000000100000000)
  eden space 97792K, 0% used [0x00000000f5580000,0x00000000f5580000,0x00000000fb500000)
  from space 19968K, 0% used [0x00000000fc980000,0x00000000fc980000,0x00000000fdd00000)
  to   space 20480K, 0% used [0x00000000fb500000,0x00000000fb500000,0x00000000fc900000)
 ParOldGen       total 79360K, used 33787K [0x00000000e0000000, 0x00000000e4d80000, 0x00000000f5580000)
  object space 79360K, 42% used [0x00000000e0000000,0x00000000e20fecc0,0x00000000e4d80000)
 Metaspace       used 74377K, capacity 79830K, committed 80216K, reserved 1118208K
  class space    used 9002K, capacity 10755K, committed 10840K, reserved 1048576K
}

Deoptimization events (10 events):
Event: 682.924 Thread 0x00000000026b8000 Uncommon trap: reason=unreached action=reinterpret pc=0x0000000002a4e3e0 method=org.eclipse.swt.widgets.Display.drawMenuBars()V @ 4
Event: 682.977 Thread 0x0000000019b23800 Uncommon trap: reason=bimorphic action=maybe_recompile pc=0x0000000003336dc8 method=java.util.Properties.load0(Ljava/util/Properties$LineReader;)V @ 242
Event: 683.009 Thread 0x00000000026b8000 Uncommon trap: reason=unreached action=reinterpret pc=0x0000000002a61e5c method=org.eclipse.e4.ui.internal.workbench.swt.PartRenderingEngine.someAreVisible(Ljava/util/List;)Z @ 41
Event: 683.018 Thread 0x00000000026b8000 Uncommon trap: reason=unreached action=reinterpret pc=0x0000000004772904 method=org.eclipse.emf.ecore.impl.MinimalEObjectImpl.setField(ILjava/lang/Object;)V @ 9
Event: 683.084 Thread 0x000000001b0f3000 Uncommon trap: reason=unreached action=reinterpret pc=0x000000000433f7d4 method=org.eclipse.core.internal.jobs.JobManager.createMonitor(Lorg/eclipse/core/runtime/jobs/Job;)Lorg/eclipse/core/runtime/IProgressMonitor; @ 6
Event: 683.619 Thread 0x00000000026b8000 Uncommon trap: reason=unreached action=reinterpret pc=0x0000000003f275f0 method=org.eclipse.core.internal.localstore.FileSystemResourceManager.getStoreRoot(Lorg/eclipse/core/resources/IResource;)Lorg/eclipse/core/internal/localstore/FileStoreRoot; @ 17
Event: 683.619 Thread 0x00000000026b8000 Uncommon trap: reason=unreached action=reinterpret pc=0x0000000003f43e7c method=org.eclipse.core.internal.localstore.FileStoreRoot.getManager(Lorg/eclipse/core/runtime/IPath;)Lorg/eclipse/core/resources/IPathVariableManager; @ 18
Event: 683.619 Thread 0x00000000026b8000 Uncommon trap: reason=unreached action=reinterpret pc=0x00000000029dd694 method=org.eclipse.core.internal.localstore.FileStoreRoot.getManager(Lorg/eclipse/core/runtime/IPath;)Lorg/eclipse/core/resources/IPathVariableManager; @ 18
Event: 684.271 Thread 0x00000000026b8000 Uncommon trap: reason=null_check action=make_not_entrant pc=0x0000000002b0ae08 method=org.eclipse.core.runtime.internal.adaptor.EclipseLazyStarter.shouldActivateFor(Ljava/lang/String;Lorg/eclipse/osgi/baseadaptor/BaseData;Lorg/eclipse/core/runtime/internal½¹Ùb…@
Event: 684.312 Thread 0x000000001b0f6000 Uncommon trap: reason=unreached action=reinterpret pc=0x0000000004336074 method=org.eclipse.core.internal.jobs.JobManager.nextJob()Lorg/eclipse/core/runtime/jobs/Job; @ 80

Internal exceptions (10 events):
Event: 682.802 Thread 0x000000001701a000 Exception <a 'java/net/SocketException': Connection reset by peer: socket write error> (0x00000000f5fc11c8) thrown at [D:\re\workspace\8-2-build-windows-amd64-cygwin\jdk8u25\1677\hotspot\src\share\vm\prims\jni.cpp, line 742]
Event: 682.802 Thread 0x000000001701a000 Exception <a 'java/net/SocketException': Socket closed> (0x00000000f5fdc448) thrown at [D:\re\workspace\8-2-build-windows-amd64-cygwin\jdk8u25\1677\hotspot\src\share\vm\prims\jni.cpp, line 742]
Event: 682.803 Thread 0x0000000019b23800 Exception <a 'java/lang/InterruptedException'> (0x00000000f607a858) thrown at [D:\re\workspace\8-2-build-windows-amd64-cygwin\jdk8u25\1677\hotspot\src\share\vm\runtime\objectMonitor.cpp, line 1682]
Event: 682.909 Thread 0x00000000026b8000 Implicit null exception at 0x0000000002eaef49 to 0x0000000002eaf29d
Event: 683.120 Thread 0x000000001b0f1800 Exception <a 'java/lang/InterruptedException'> (0x00000000f6aa0240) thrown at [D:\re\workspace\8-2-build-windows-amd64-cygwin\jdk8u25\1677\hotspot\src\share\vm\runtime\objectMonitor.cpp, line 1682]
Event: 684.271 Thread 0x00000000026b8000 Implicit null exception at 0x0000000002b09a2f to 0x0000000002b0adfd
Event: 684.322 Thread 0x0000000015fb6000 Exception <a 'java/lang/InterruptedException': sleep interrupted> (0x00000000f6e463d0) thrown at [D:\re\workspace\8-2-build-windows-amd64-cygwin\jdk8u25\1677\hotspot\src\share\vm\prims\jvm.cpp, line 3141]
Event: 684.323 Thread 0x000000001609c000 Exception <a 'java/lang/InterruptedException'> (0x00000000f6f3ab28) thrown at [D:\re\workspace\8-2-build-windows-amd64-cygwin\jdk8u25\1677\hotspot\src\share\vm\runtime\objectMonitor.cpp, line 1682]
Event: 684.323 Thread 0x0000000017019800 Exception <a 'java/lang/InterruptedException'> (0x00000000f6d3f200) thrown at [D:\re\workspace\8-2-build-windows-amd64-cygwin\jdk8u25\1677\hotspot\src\share\vm\runtime\objectMonitor.cpp, line 1682]
Event: 684.410 Thread 0x000000001610b000 Exception <a 'java/lang/InterruptedException'> (0x00000000f6e44180) thrown at [D:\re\workspace\8-2-build-windows-amd64-cygwin\jdk8u25\1677\hotspot\src\share\vm\runtime\objectMonitor.cpp, line 1682]

Events (10 events):
Event: 684.409 Thread 0x0000000015113000 flushing nmethod 0x00000000032e2210
Event: 684.410 Thread 0x000000001610b000 Thread exited: 0x000000001610b000
Event: 684.410 Thread 0x0000000015fbb000 Thread exited: 0x0000000015fbb000
Event: 684.410 loading class java/util/IdentityHashMap$KeyIterator
Event: 684.410 loading class java/util/IdentityHashMap$IdentityHashMapIterator
Event: 684.410 loading class java/util/IdentityHashMap$IdentityHashMapIterator done
Event: 684.410 loading class java/util/IdentityHashMap$KeyIterator done
Event: 684.410 Thread 0x0000000017019800 Thread added: 0x0000000017019800
Event: 684.411 Thread 0x0000000017019800 Thread exited: 0x0000000017019800
Event: 684.411 Executing VM operation: Exit


Dynamic libraries:
0x0000000000400000 - 0x000000000044f000 	C:\Xilinx\SDK\2015.2\eclipse\win64.o\eclipse.exe
0x0000000077880000 - 0x0000000077a29000 	C:\Windows\SYSTEM32\ntdll.dll
0x0000000077760000 - 0x000000007787f000 	C:\Windows\system32\kernel32.dll
0x000007fefd880000 - 0x000007fefd8eb000 	C:\Windows\system32\KERNELBASE.dll
0x0000000077660000 - 0x000000007775a000 	C:\Windows\system32\USER32.dll
0x000007fefecd0000 - 0x000007fefed37000 	C:\Windows\system32\GDI32.dll
0x000007fefeb10000 - 0x000007fefeb1e000 	C:\Windows\system32\LPK.dll
0x000007fefee60000 - 0x000007fefef29000 	C:\Windows\system32\USP10.dll
0x000007feffaf0000 - 0x000007feffb8f000 	C:\Windows\system32\msvcrt.dll
0x000007fefbfa0000 - 0x000007fefc194000 	C:\Windows\WinSxS\amd64_microsoft.windows.common-controls_6595b64144ccf1df_6.0.7601.17514_none_fa396087175ac9ac\COMCTL32.dll
0x000007fefeff0000 - 0x000007feff061000 	C:\Windows\system32\SHLWAPI.dll
0x000007feff8f0000 - 0x000007feff91e000 	C:\Windows\system32\IMM32.DLL
0x000007fefed40000 - 0x000007fefee49000 	C:\Windows\system32\MSCTF.dll
0x0000000072000000 - 0x0000000072012000 	C:\Xilinx\SDK\2015.2\eclipse\win64.o\plugins\org.eclipse.equinox.launcher.win32.win32.x86_64_1.1.200.v20140116-2212\eclipse_1503.dll
0x000007fefebf0000 - 0x000007fefeccb000 	C:\Windows\system32\ADVAPI32.dll
0x000007feff460000 - 0x000007feff47f000 	C:\Windows\SYSTEM32\sechost.dll
0x000007feff150000 - 0x000007feff27d000 	C:\Windows\system32\RPCRT4.dll
0x000007fefc930000 - 0x000007fefc93c000 	C:\Windows\system32\VERSION.dll
0x000007fefbf20000 - 0x000007fefbf76000 	C:\Windows\system32\uxtheme.dll
0x0000000065c10000 - 0x000000006646a000 	C:\Xilinx\SDK\2015.2\tps\win64\jre\bin\server\jvm.dll
0x000007fef1d00000 - 0x000007fef1d09000 	C:\Windows\system32\WSOCK32.dll
0x000007fefeba0000 - 0x000007fefebed000 	C:\Windows\system32\WS2_32.dll
0x000007fefee50000 - 0x000007fefee58000 	C:\Windows\system32\NSI.dll
0x000007fefb180000 - 0x000007fefb1bb000 	C:\Windows\system32\WINMM.dll
0x0000000077a50000 - 0x0000000077a57000 	C:\Windows\system32\PSAPI.DLL
0x000000006c120000 - 0x000000006c1f2000 	C:\Windows\system32\MSVCR100.dll
0x0000000074610000 - 0x000000007461f000 	C:\Xilinx\SDK\2015.2\tps\win64\jre\bin\verify.dll
0x0000000073210000 - 0x0000000073238000 	C:\Xilinx\SDK\2015.2\tps\win64\jre\bin\java.dll
0x00000000731f0000 - 0x0000000073206000 	C:\Xilinx\SDK\2015.2\tps\win64\jre\bin\zip.dll
0x000007fefdd80000 - 0x000007fefeb08000 	C:\Windows\system32\SHELL32.dll
0x000007feff480000 - 0x000007feff683000 	C:\Windows\system32\ole32.dll
0x000007fefd7d0000 - 0x000007fefd7df000 	C:\Windows\system32\profapi.dll
0x000007fefd060000 - 0x000007fefd077000 	C:\Windows\system32\CRYPTSP.dll
0x000007fefcd60000 - 0x000007fefcda7000 	C:\Windows\system32\rsaenh.dll
0x000007fefcb20000 - 0x000007fefcb3e000 	C:\Windows\system32\USERENV.dll
0x000007fefd700000 - 0x000007fefd70f000 	C:\Windows\system32\CRYPTBASE.dll
0x00000000731d0000 - 0x00000000731ea000 	C:\Xilinx\SDK\2015.2\tps\win64\jre\bin\net.dll
0x000007fefd000000 - 0x000007fefd055000 	C:\Windows\system32\mswsock.dll
0x000007fefcff0000 - 0x000007fefcff7000 	C:\Windows\System32\wship6.dll
0x000007fefb050000 - 0x000007fefb077000 	C:\Windows\system32\IPHLPAPI.DLL
0x000007fefb040000 - 0x000007fefb04b000 	C:\Windows\system32\WINNSI.DLL
0x000007fefad00000 - 0x000007fefad11000 	C:\Windows\system32\dhcpcsvc6.DLL
0x000007fefad20000 - 0x000007fefad38000 	C:\Windows\system32\dhcpcsvc.DLL
0x00000000731b0000 - 0x00000000731c1000 	C:\Xilinx\SDK\2015.2\tps\win64\jre\bin\nio.dll
0x000007feffa50000 - 0x000007feffae9000 	C:\Windows\system32\CLBCatQ.DLL
0x000007feff070000 - 0x000007feff147000 	C:\Windows\system32\OLEAUT32.dll
0x000007fefba00000 - 0x000007fefba15000 	C:\Windows\system32\NLAapi.dll
0x000007feed6e0000 - 0x000007feed6f5000 	C:\Windows\system32\napinsp.dll
0x000007feed6c0000 - 0x000007feed6d9000 	C:\Windows\system32\pnrpnsp.dll
0x000007fefce80000 - 0x000007fefcedb000 	C:\Windows\system32\DNSAPI.dll
0x000007feed6b0000 - 0x000007feed6bb000 	C:\Windows\System32\winrnr.dll
0x000007fefca00000 - 0x000007fefca07000 	C:\Windows\System32\wshtcpip.dll
0x000007fefa8a0000 - 0x000007fefa8a8000 	C:\Windows\system32\rasadhlp.dll
0x000007fefaed0000 - 0x000007fefaf23000 	C:\Windows\System32\fwpuclnt.dll
0x0000000017c80000 - 0x0000000017d28000 	C:\Users\Tung\.Xilinx\SDK\2015.2\org.eclipse.osgi\bundles\287\1\.cp\swt-win32-4335.dll
0x000007fefef50000 - 0x000007fefefe7000 	C:\Windows\system32\comdlg32.dll
0x000007fefb080000 - 0x000007fefb0f1000 	C:\Windows\system32\WINSPOOL.DRV
0x000007feff920000 - 0x000007feffa4a000 	C:\Windows\system32\WININET.dll
0x000007fefdba0000 - 0x000007fefdd18000 	C:\Windows\system32\urlmon.dll
0x000007fefda30000 - 0x000007fefdb97000 	C:\Windows\system32\CRYPT32.dll
0x000007fefd870000 - 0x000007fefd87f000 	C:\Windows\system32\MSASN1.dll
0x000007feff690000 - 0x000007feff8e9000 	C:\Windows\system32\iertutil.dll
0x000007fefb6c0000 - 0x000007fefb6d8000 	C:\Windows\system32\dwmapi.dll
0x000007fefc2b0000 - 0x000007fefc3dc000 	C:\Windows\system32\propsys.dll
0x00000000003e0000 - 0x00000000003fe000 	C:\Users\Tung\.Xilinx\SDK\2015.2\org.eclipse.osgi\bundles\287\1\.cp\swt-gdip-win32-4335.dll
0x000007fefbd00000 - 0x000007fefbf15000 	C:\Windows\WinSxS\amd64_microsoft.windows.gdiplus_6595b64144ccf1df_1.1.7601.17514_none_2b24536c71ed437a\gdiplus.dll
0x000007fefb4b0000 - 0x000007fefb5da000 	C:\Windows\system32\WindowsCodecs.dll
0x0000000180000000 - 0x0000000180012000 	C:\Users\Tung\.Xilinx\SDK\2015.2\org.eclipse.osgi\bundles\113\1\.cp\os\win32\x86_64\localfile_1_0_0.dll
0x000007fef4a60000 - 0x000007fef4a71000 	C:\Users\Tung\.Xilinx\SDK\2015.2\org.eclipse.osgi\bundles\116\1\.cp\jWinHttp-1.0.0.dll
0x000007fef8b60000 - 0x000007fef8bd1000 	C:\Windows\system32\WINHTTP.dll
0x000007fef8af0000 - 0x000007fef8b54000 	C:\Windows\system32\webio.dll
0x000007fefd630000 - 0x000007fefd655000 	C:\Windows\system32\SspiCli.dll
0x000007fefcc30000 - 0x000007fefcc3a000 	C:\Windows\system32\credssp.dll
0x000007fefd8f0000 - 0x000007fefd926000 	C:\Windows\system32\CFGMGR32.dll
0x000007fefac90000 - 0x000007feface4000 	C:\Windows\system32\oleacc.dll
0x000007fefd7b0000 - 0x000007fefd7c4000 	C:\Windows\system32\RpcRtRemote.dll
0x000007fefd6a0000 - 0x000007fefd6f7000 	C:\Windows\system32\apphelp.dll
0x000007fefb7c0000 - 0x000007fefb7ca000 	C:\Xilinx\SDK\2015.2\lib\win64.o\librdi_jtag_settings.dll
0x000007fef0c30000 - 0x000007fef0c59000 	C:\Xilinx\SDK\2015.2\lib\win64.o\librdi_debug_dialog.dll
0x000007fef4030000 - 0x000007fef4052000 	C:\Xilinx\SDK\2015.2\lib\win64.o\libboost_filesystem.dll
0x000007fefb470000 - 0x000007fefb479000 	C:\Xilinx\SDK\2015.2\lib\win64.o\libboost_system.dll
0x000007feed290000 - 0x000007feed337000 	C:\Windows\system32\MSVCP110.dll
0x000007feedb30000 - 0x000007feedc04000 	C:\Windows\system32\MSVCR110.dll
0x000007fec3ea0000 - 0x000007fec47e3000 	C:\Xilinx\SDK\2015.2\lib\win64.o\librdi_common.dll
0x000007fec4e90000 - 0x000007fec5138000 	C:\Xilinx\SDK\2015.2\lib\win64.o\libCOIN-all.dll
0x000007fec5e30000 - 0x000007fec6050000 	C:\Xilinx\SDK\2015.2\lib\win64.o\libXil_lmgr11.dll
0x000007fefb370000 - 0x000007fefb386000 	C:\Windows\system32\NETAPI32.dll
0x000007fefb360000 - 0x000007fefb36c000 	C:\Windows\system32\netutils.dll
0x000007fefd3d0000 - 0x000007fefd3f3000 	C:\Windows\system32\srvcli.dll
0x000007fefb340000 - 0x000007fefb355000 	C:\Windows\system32\wkscli.dll
0x000007fefd950000 - 0x000007fefd98a000 	C:\Windows\system32\WINTRUST.dll
0x000007fefb7d0000 - 0x000007fefb7e0000 	C:\Xilinx\SDK\2015.2\lib\win64.o\libboost_date_time.dll
0x000007fef1180000 - 0x000007fef11f4000 	C:\Xilinx\SDK\2015.2\lib\win64.o\libboost_program_options.dll
0x000007feea110000 - 0x000007feea20a000 	C:\Xilinx\SDK\2015.2\lib\win64.o\libboost_regex.dll
0x000007fef1c40000 - 0x000007fef1c53000 	C:\Xilinx\SDK\2015.2\lib\win64.o\libboost_signals.dll
0x000007fef1700000 - 0x000007fef171d000 	C:\Xilinx\SDK\2015.2\lib\win64.o\libboost_thread.dll
0x000007fef4e70000 - 0x000007fef4e7b000 	C:\Xilinx\SDK\2015.2\lib\win64.o\libboost_chrono.dll
0x000007feedc10000 - 0x000007feedc90000 	C:\Xilinx\SDK\2015.2\lib\win64.o\libhdlpsolve.dll
0x000007feec030000 - 0x000007feec0ca000 	C:\Xilinx\SDK\2015.2\lib\win64.o\libhdxml.dll
0x000007fec4880000 - 0x000007fec4e8a200 	C:\Xilinx\SDK\2015.2\lib\win64.o\libisl_iostreams.dll
0x000007fef16e0000 - 0x000007fef16f6000 	C:\Xilinx\SDK\2015.2\lib\win64.o\libboost_iostreams.dll
0x000007fef16b0000 - 0x000007fef16d3000 	C:\Xilinx\SDK\2015.2\lib\win64.o\librdizlib.dll
0x000007fef1020000 - 0x000007fef1043000 	C:\Xilinx\SDK\2015.2\lib\win64.o\libisl_iosutils.dll
0x000007fef1560000 - 0x000007fef158a000 	C:\Xilinx\SDK\2015.2\lib\win64.o\libisl_sysinfo.dll
0x000007fef4940000 - 0x000007fef4955000 	C:\Xilinx\SDK\2015.2\lib\win64.o\pthreadVC2.dll
0x000007fef0db0000 - 0x000007fef0e04000 	C:\Xilinx\SDK\2015.2\lib\win64.o\librdi_commonxillic.dll
0x000007fec6ae0000 - 0x000007fec6c10000 	C:\Xilinx\SDK\2015.2\lib\win64.o\librdi_curl.dll
0x000007fef1000000 - 0x000007fef1018000 	C:\Xilinx\SDK\2015.2\lib\win64.o\librdiconfig.dll
0x0000000064210000 - 0x0000000064337000 	C:\Xilinx\SDK\2015.2\lib\win64.o\tcl85t.dll
0x0000000020a00000 - 0x0000000020c63000 	C:\Xilinx\SDK\2015.2\lib\win64.o\xerces-c_3_1.dll
0x000007feecae0000 - 0x000007feecb03000 	C:\Windows\system32\VCOMP110.DLL
0x000007fec3090000 - 0x000007fec3278000 	C:\Xilinx\SDK\2015.2\lib\win64.o\librdi_hsm.dll
0x000007fef0f00000 - 0x000007fef0f43000 	C:\Xilinx\SDK\2015.2\lib\win64.o\librdi_hdf.dll
0x000007fec2920000 - 0x000007fec2ada000 	C:\Xilinx\SDK\2015.2\lib\win64.o\librdi_ippcw.dll
0x000007fef4e50000 - 0x000007fef4e58000 	C:\Xilinx\SDK\2015.2\lib\win64.o\librdi_target_manager.dll
0x000007fef49f0000 - 0x000007fef4a00000 	C:\Xilinx\SDK\2015.2\lib\win64.o\librdi_repo_manager.dll
0x000007fef49b0000 - 0x000007fef49cc000 	C:\Xilinx\SDK\2015.2\lib\win64.o\librdi_hw_platform.dll
0x000007fefb120000 - 0x000007fefb127000 	C:\Windows\system32\msimg32.dll
0x000007fef4b80000 - 0x000007fef4b96000 	C:\Xilinx\SDK\2015.2\eclipse\win64.o\plugins\org.eclipse.cdt.core.win32.x86_64_5.2.0.201402142303\os\win32\x86_64\spawner.dll
0x000007fee7500000 - 0x000007fee790a000 	C:\Xilinx\SDK\2015.2\lib\win64.o\librdi_commontasks.dll
0x000007fec01c0000 - 0x000007fec09d0000 	C:\Xilinx\SDK\2015.2\lib\win64.o\libXil_lmgr11FNP.dll
0x000007fef7c60000 - 0x000007fef7c6b000 	C:\Windows\system32\snmpapi.dll
0x000007feff280000 - 0x000007feff457000 	C:\Windows\system32\SETUPAPI.dll
0x000007fefd930000 - 0x000007fefd94a000 	C:\Windows\system32\DEVOBJ.dll
0x000007fec3a30000 - 0x000007fec3dc5000 	C:\Xilinx\SDK\2015.2\lib\win64.o\librdi_hsmtasks.dll
0x000007fef4080000 - 0x000007fef409b000 	C:\Xilinx\SDK\2015.2\lib\win64.o\librdi_sw_platform.dll
0x000000006bfe0000 - 0x000000006bfe3000 	C:\Windows\system32\icmp.Dll
0x000007fef3460000 - 0x000007fef3585000 	C:\Windows\system32\dbghelp.dll

VM Arguments:
jvm_args: -Dcom.xilinx.sdk.args.hwspec=C:/Users/Tung/Desktop/axi_dma_sg/axi_dma_sg.sdk/design_1_wrapper.hdf -Xms64m -Xmx512m & 
java_command: <unknown>
java_class_path (initial): C:\Xilinx\SDK\2015.2\eclipse\win64.o\\plugins/org.eclipse.equinox.launcher_1.3.0.v20130327-1440.jar
Launcher Type: generic

Environment Variables:
PATH=C:/Xilinx/SDK/2015.2/tps/win64/jre/bin/server;C:/Xilinx/SDK/2015.2/tps/win64/jre/bin;C:/Xilinx/SDK/2015.2/tps/win64/jre/lib/amd64;C:\Xilinx\SDK\2015.2\gnuwin\bin;C:\Xilinx\SDK\2015.2\gnu\microblaze\nt\bin;C:\Xilinx\SDK\2015.2\gnu\microblaze\linux_toolchain\nt64_le\bin;C:\Xilinx\SDK\2015.2\gnu\microblaze\linux_toolchain\nt64_be\bin;C:\Xilinx\SDK\2015.2\gnu\arm\nt\bin;C:\Xilinx\SDK\2015.2\gnu\aarch64\nt\aarch64-none\bin;C:\Xilinx\SDK\2015.2\gnu\aarch64\nt\aarch64-linux\bin;C:\Xilinx\SDK\2015.2\gnu\armr5\nt\gcc-arm-none-eabi\bin;C:\Xilinx\SDK\2015.2\gnu\aarch32\nt\gcc-arm-none-eabi\bin;C:\Xilinx\SDK\2015.2\gnu\aarch32\nt\gcc-arm-linux-gnueabi\bin;C:\Xilinx\SDK\2015.2\bin;C:\Xilinx\SDK\2015.2\lib\win64.o;C:\Xilinx\SDK\2015.2\tps\win64\jre\bin\server;C:\Xilinx\SDK\2015.2\tps\win64\jre\bin;C:\Xilinx\SDK\2015.2\bin;C:\Xilinx\SDK\2015.2\bin;C:\Xilinx\Vivado\2015.2\ids_lite\ISE\bin\nt64;C:\Xilinx\Vivado\2015.2\ids_lite\ISE\lib\nt64;C:\Xilinx\Vivado\2015.2\bin;C:\Xilinx\Vivado\2015.2\lib\win64.o;C:\Xilinx\Vivado\2015.2\tps\win64\jre\bin\server;C:\Xilinx\Vivado\2015.2\tps\win64\jre\bin;C:\Xilinx\SDK\2015.2\bin;C:\Xilinx\Vivado\2015.2\ids_lite\ISE\bin\nt64;C:\Xilinx\Vivado\2015.2\ids_lite\ISE\lib\nt64;C:\Xilinx\Vivado_HLS\2015.2\bin;C:\Program Files (x86)\Intel\iCLS Client\;C:\Program Files\Intel\iCLS Client\;C:\Windows\system32;C:\Windows;C:\Windows\System32\Wbem;C:\Windows\System32\WindowsPowerShell\v1.0\;C:\Program Files\Intel\Intel(R) Management Engine Components\DAL;C:\Program Files\Intel\Intel(R) Management Engine Components\IPT;C:\Program Files (x86)\Intel\Intel(R) Management Engine Components\DAL;C:\Program Files (x86)\Intel\Intel(R) Management Engine Components\IPT;C:\Program Files\MATLAB\R2016a\runtime\win64;C:\Program Files\MATLAB\R2016a\bin;C:\Program Files\MATLAB\R2016a\polyspace\bin;c:\Users\Tung\Desktop\axi_dma_sg;
USERNAME=Tung
OS=Windows_NT
PROCESSOR_IDENTIFIER=Intel64 Family 6 Model 60 Stepping 3, GenuineIntel



---------------  S Y S T E M  ---------------

OS: Windows 7 , 64 bit Build 7601 Service Pack 1

CPU:total 4 (4 cores per cpu, 1 threads per core) family 6 model 60 stepping 3, cmov, cx8, fxsr, mmx, sse, sse2, sse3, ssse3, sse4.1, sse4.2, popcnt, avx, avx2, aes, clmul, erms, lzcnt, tsc, tscinvbit, bmi1, bmi2

Memory: 4k page, physical 4110972k(683268k free), swap 8220100k(1783408k free)

vm_info: Java HotSpot(TM) 64-Bit Server VM (25.25-b02) for windows-amd64 JRE (1.8.0_25-b18), built on Oct  7 2014 14:25:37 by "java_re" with MS VC++ 10.0 (VS2010)

time: Mon Jul 23 15:44:27 2018
elapsed time: 685 seconds (0d 0h 11m 25s)

