11:23:45 INFO  : Launching XSDB server: xsdb.bat -s C:/Xilinx/SDK/2015.2/scripts/xsdb/xsdb/xsdb-server.tcl
11:23:47 INFO  : Processing command line option -hwspec C:/Users/Tung/Desktop/AXIS_Convolution_v1/axi_conv_fp_3x3/axi_conv_fp_3x3.sdk/design_1_wrapper.hdf.
11:23:48 INFO  : XSDB server has started successfully.
11:29:19 INFO  : FPGA Cable Disconnected. All active launches will be terminated.
11:48:19 INFO  : FPGA Cable Disconnected. All active launches will be terminated.
11:55:37 ERROR : Unexpected error while parsing XMD response ?: com.google.gson.JsonSyntaxException: com.google.gson.stream.MalformedJsonException: invalid number or unquoted string near 
12:39:25 INFO  : Launching XSDB server: xsdb.bat -s C:/Xilinx/SDK/2015.2/scripts/xsdb/xsdb/xsdb-server.tcl
12:39:27 INFO  : XSDB server has started successfully.
12:39:29 INFO  : Processing command line option -hwspec C:/Users/Tung/Desktop/AXIS_Convolution_v1/axi_conv_fp_3x3/axi_conv_fp_3x3.sdk/design_1_wrapper.hdf.
12:39:30 INFO  : Checking for hwspec changes in the project design_1_wrapper_hw_platform_0.
12:39:32 INFO  : SDK has detected change in the last modified timestamps for source hardware specification file Source:1532410752488,  Project:1532406217509
12:39:32 INFO  : The hardware specification for project 'design_1_wrapper_hw_platform_0' is different from C:/Users/Tung/Desktop/AXIS_Convolution_v1/axi_conv_fp_3x3/axi_conv_fp_3x3.sdk/design_1_wrapper.hdf.
12:39:32 INFO  : Copied contents of C:/Users/Tung/Desktop/AXIS_Convolution_v1/axi_conv_fp_3x3/axi_conv_fp_3x3.sdk/design_1_wrapper.hdf into \design_1_wrapper_hw_platform_0\system.hdf.
12:39:37 INFO  : Synchronizing projects in the workspace with the hardware platform specification changes.
12:39:41 INFO  : 
12:39:44 INFO  : 
12:39:45 INFO  : Updating hardware inferred compiler options for fsbl.
12:39:46 INFO  : Updating hardware inferred compiler options for hello_world.
12:39:46 INFO  : Clearing existing target manager status.
12:47:08 ERROR : Unexpected error while parsing XMD response ?: com.google.gson.JsonSyntaxException: com.google.gson.stream.MalformedJsonException: invalid number or unquoted string near 
13:05:46 INFO  : Launching XSDB server: xsdb.bat -s C:/Xilinx/SDK/2015.2/scripts/xsdb/xsdb/xsdb-server.tcl
13:05:47 INFO  : XSDB server has started successfully.
13:05:48 INFO  : Processing command line option -hwspec C:/Users/Tung/Desktop/AXIS_Convolution_v1/axi_conv_fp_3x3/axi_conv_fp_3x3.sdk/design_1_wrapper.hdf.
13:05:49 INFO  : Checking for hwspec changes in the project design_1_wrapper_hw_platform_0.
13:05:50 INFO  : SDK has detected change in the last modified timestamps for source hardware specification file Source:1532412299981,  Project:1532410752488
13:05:50 INFO  : The hardware specification for project 'design_1_wrapper_hw_platform_0' is different from C:/Users/Tung/Desktop/AXIS_Convolution_v1/axi_conv_fp_3x3/axi_conv_fp_3x3.sdk/design_1_wrapper.hdf.
13:05:50 INFO  : Copied contents of C:/Users/Tung/Desktop/AXIS_Convolution_v1/axi_conv_fp_3x3/axi_conv_fp_3x3.sdk/design_1_wrapper.hdf into \design_1_wrapper_hw_platform_0\system.hdf.
13:06:09 INFO  : Synchronizing projects in the workspace with the hardware platform specification changes.
13:06:12 INFO  : 
13:06:15 INFO  : 
13:06:29 INFO  : Updating hardware inferred compiler options for fsbl.
13:06:29 INFO  : Updating hardware inferred compiler options for hello_world.
13:06:29 INFO  : Clearing existing target manager status.
13:08:10 ERROR : Unexpected error while parsing XMD response ?: com.google.gson.JsonSyntaxException: com.google.gson.stream.MalformedJsonException: invalid number or unquoted string near 
13:17:36 INFO  : Launching XSDB server: xsdb.bat -s C:/Xilinx/SDK/2015.2/scripts/xsdb/xsdb/xsdb-server.tcl
13:17:40 INFO  : XSDB server has started successfully.
13:17:41 INFO  : Processing command line option -hwspec C:/Users/Tung/Desktop/AXIS_Convolution_v1/axi_conv_fp_3x3/axi_conv_fp_3x3.sdk/design_1_wrapper.hdf.
13:17:42 INFO  : Checking for hwspec changes in the project design_1_wrapper_hw_platform_0.
13:17:44 INFO  : SDK has detected change in the last modified timestamps for source hardware specification file Source:1532413043957,  Project:1532412299981
13:17:44 INFO  : The hardware specification for project 'design_1_wrapper_hw_platform_0' is different from C:/Users/Tung/Desktop/AXIS_Convolution_v1/axi_conv_fp_3x3/axi_conv_fp_3x3.sdk/design_1_wrapper.hdf.
13:17:44 INFO  : Copied contents of C:/Users/Tung/Desktop/AXIS_Convolution_v1/axi_conv_fp_3x3/axi_conv_fp_3x3.sdk/design_1_wrapper.hdf into \design_1_wrapper_hw_platform_0\system.hdf.
13:18:08 INFO  : Synchronizing projects in the workspace with the hardware platform specification changes.
13:18:11 INFO  : 
13:18:14 INFO  : 
13:18:14 INFO  : Updating hardware inferred compiler options for fsbl.
13:18:15 INFO  : Updating hardware inferred compiler options for hello_world.
13:18:15 INFO  : Clearing existing target manager status.
13:23:15 INFO  : FPGA Cable Disconnected. All active launches will be terminated.
13:30:26 ERROR : Unexpected error while parsing XMD response ?: com.google.gson.JsonSyntaxException: com.google.gson.stream.MalformedJsonException: invalid number or unquoted string near 
13:30:43 INFO  : Launching XSDB server: xsdb.bat -s C:/Xilinx/SDK/2015.2/scripts/xsdb/xsdb/xsdb-server.tcl
13:30:46 INFO  : XSDB server has started successfully.
13:30:46 INFO  : Processing command line option -hwspec C:/Users/Tung/Desktop/AXIS_Convolution_v1/axi_conv_fp_3x3/axi_conv_fp_3x3.sdk/design_1_wrapper.hdf.
13:30:47 INFO  : Checking for hwspec changes in the project design_1_wrapper_hw_platform_0.
13:30:49 INFO  : SDK has detected change in the last modified timestamps for source hardware specification file Source:1532413831398,  Project:1532413043957
13:30:49 INFO  : The hardware specification for project 'design_1_wrapper_hw_platform_0' is different from C:/Users/Tung/Desktop/AXIS_Convolution_v1/axi_conv_fp_3x3/axi_conv_fp_3x3.sdk/design_1_wrapper.hdf.
13:30:49 INFO  : Copied contents of C:/Users/Tung/Desktop/AXIS_Convolution_v1/axi_conv_fp_3x3/axi_conv_fp_3x3.sdk/design_1_wrapper.hdf into \design_1_wrapper_hw_platform_0\system.hdf.
13:31:13 INFO  : Synchronizing projects in the workspace with the hardware platform specification changes.
13:31:16 INFO  : 
13:31:19 INFO  : 
13:31:33 INFO  : Updating hardware inferred compiler options for fsbl.
13:31:34 INFO  : Updating hardware inferred compiler options for hello_world.
13:31:34 INFO  : Clearing existing target manager status.
13:38:47 ERROR : Unexpected error while parsing XMD response ?: com.google.gson.JsonSyntaxException: com.google.gson.stream.MalformedJsonException: invalid number or unquoted string near 
13:47:52 INFO  : Launching XSDB server: xsdb.bat -s C:/Xilinx/SDK/2015.2/scripts/xsdb/xsdb/xsdb-server.tcl
13:47:53 INFO  : XSDB server has started successfully.
13:47:54 INFO  : Processing command line option -hwspec C:/Users/Tung/Desktop/AXIS_Convolution_v1/axi_conv_fp_3x3/axi_conv_fp_3x3.sdk/design_1_wrapper.hdf.
13:47:54 INFO  : Checking for hwspec changes in the project design_1_wrapper_hw_platform_0.
13:47:56 INFO  : SDK has detected change in the last modified timestamps for source hardware specification file Source:1532414865064,  Project:1532413831398
13:47:56 INFO  : The hardware specification for project 'design_1_wrapper_hw_platform_0' is different from C:/Users/Tung/Desktop/AXIS_Convolution_v1/axi_conv_fp_3x3/axi_conv_fp_3x3.sdk/design_1_wrapper.hdf.
13:47:56 INFO  : Copied contents of C:/Users/Tung/Desktop/AXIS_Convolution_v1/axi_conv_fp_3x3/axi_conv_fp_3x3.sdk/design_1_wrapper.hdf into \design_1_wrapper_hw_platform_0\system.hdf.
13:48:14 INFO  : Synchronizing projects in the workspace with the hardware platform specification changes.
13:48:17 INFO  : 
13:48:19 INFO  : 
13:48:20 INFO  : Updating hardware inferred compiler options for fsbl.
13:48:21 INFO  : Updating hardware inferred compiler options for hello_world.
13:48:21 INFO  : Clearing existing target manager status.
13:54:27 INFO  : FPGA Cable Disconnected. All active launches will be terminated.
13:57:44 ERROR : Unexpected error while parsing XMD response ?: com.google.gson.JsonSyntaxException: com.google.gson.stream.MalformedJsonException: invalid number or unquoted string near 
14:00:20 INFO  : Launching XSDB server: xsdb.bat -s C:/Xilinx/SDK/2015.2/scripts/xsdb/xsdb/xsdb-server.tcl
14:00:22 INFO  : XSDB server has started successfully.
14:00:23 INFO  : Processing command line option -hwspec C:/Users/Tung/Desktop/AXIS_Convolution_v1/axi_conv_fp_3x3/axi_conv_fp_3x3.sdk/design_1_wrapper.hdf.
14:00:23 INFO  : Checking for hwspec changes in the project design_1_wrapper_hw_platform_0.
14:00:26 INFO  : SDK has detected change in the last modified timestamps for source hardware specification file Source:1532415607951,  Project:1532414865064
14:00:26 INFO  : The hardware specification for project 'design_1_wrapper_hw_platform_0' is different from C:/Users/Tung/Desktop/AXIS_Convolution_v1/axi_conv_fp_3x3/axi_conv_fp_3x3.sdk/design_1_wrapper.hdf.
14:00:26 INFO  : Copied contents of C:/Users/Tung/Desktop/AXIS_Convolution_v1/axi_conv_fp_3x3/axi_conv_fp_3x3.sdk/design_1_wrapper.hdf into \design_1_wrapper_hw_platform_0\system.hdf.
14:00:48 INFO  : Synchronizing projects in the workspace with the hardware platform specification changes.
14:00:52 INFO  : 
14:00:54 INFO  : 
14:01:08 INFO  : Updating hardware inferred compiler options for fsbl.
14:01:09 INFO  : Updating hardware inferred compiler options for hello_world.
14:01:09 INFO  : Clearing existing target manager status.
14:18:28 ERROR : Unexpected error while parsing XMD response ?: com.google.gson.JsonSyntaxException: com.google.gson.stream.MalformedJsonException: invalid number or unquoted string near 
14:19:20 INFO  : Launching XSDB server: xsdb.bat -s C:/Xilinx/SDK/2015.2/scripts/xsdb/xsdb/xsdb-server.tcl
14:19:21 INFO  : XSDB server has started successfully.
14:19:22 INFO  : Processing command line option -hwspec C:/Users/Tung/Desktop/AXIS_Convolution_v1/axi_conv_fp_3x3/axi_conv_fp_3x3.sdk/design_1_wrapper.hdf.
14:19:22 INFO  : Checking for hwspec changes in the project design_1_wrapper_hw_platform_0.
14:19:24 INFO  : SDK has detected change in the last modified timestamps for source hardware specification file Source:1532416753870,  Project:1532415607951
14:19:24 INFO  : The hardware specification for project 'design_1_wrapper_hw_platform_0' is different from C:/Users/Tung/Desktop/AXIS_Convolution_v1/axi_conv_fp_3x3/axi_conv_fp_3x3.sdk/design_1_wrapper.hdf.
14:19:24 INFO  : Copied contents of C:/Users/Tung/Desktop/AXIS_Convolution_v1/axi_conv_fp_3x3/axi_conv_fp_3x3.sdk/design_1_wrapper.hdf into \design_1_wrapper_hw_platform_0\system.hdf.
14:19:41 INFO  : Synchronizing projects in the workspace with the hardware platform specification changes.
14:19:44 INFO  : 
14:19:46 INFO  : 
14:19:47 INFO  : Updating hardware inferred compiler options for fsbl.
14:19:48 INFO  : Updating hardware inferred compiler options for hello_world.
14:19:48 INFO  : Clearing existing target manager status.
14:22:43 ERROR : Unexpected error while parsing XMD response ?: com.google.gson.JsonSyntaxException: com.google.gson.stream.MalformedJsonException: invalid number or unquoted string near 
14:31:10 INFO  : Launching XSDB server: xsdb.bat -s C:/Xilinx/SDK/2015.2/scripts/xsdb/xsdb/xsdb-server.tcl
14:31:12 INFO  : XSDB server has started successfully.
14:31:12 INFO  : Processing command line option -hwspec C:/Users/Tung/Desktop/AXIS_Convolution_v1/axi_conv_fp_3x3/axi_conv_fp_3x3.sdk/design_1_wrapper.hdf.
14:31:13 INFO  : Checking for hwspec changes in the project design_1_wrapper_hw_platform_0.
14:31:14 INFO  : SDK has detected change in the last modified timestamps for source hardware specification file Source:1532417458203,  Project:1532416753870
14:31:14 INFO  : The hardware specification for project 'design_1_wrapper_hw_platform_0' is different from C:/Users/Tung/Desktop/AXIS_Convolution_v1/axi_conv_fp_3x3/axi_conv_fp_3x3.sdk/design_1_wrapper.hdf.
14:31:15 INFO  : Copied contents of C:/Users/Tung/Desktop/AXIS_Convolution_v1/axi_conv_fp_3x3/axi_conv_fp_3x3.sdk/design_1_wrapper.hdf into \design_1_wrapper_hw_platform_0\system.hdf.
14:31:29 INFO  : Synchronizing projects in the workspace with the hardware platform specification changes.
14:31:32 INFO  : 
14:31:34 INFO  : 
14:31:49 INFO  : Updating hardware inferred compiler options for fsbl.
14:31:49 INFO  : Updating hardware inferred compiler options for hello_world.
14:31:49 INFO  : Clearing existing target manager status.
14:40:27 INFO  : FPGA Cable Disconnected. All active launches will be terminated.
14:45:25 INFO  : SDK has detected change in the last modified timestamps for source hardware specification file Source:1532418320944,  Project:1532417458203
14:45:25 INFO  : Project design_1_wrapper_hw_platform_0's source hardware specification located at C:/Users/Tung/Desktop/AXIS_Convolution_v1/axi_conv_fp_3x3/axi_conv_fp_3x3.sdk/design_1_wrapper.hdf is now different from the local copy.
		 The local copy will be replaced with the source specification and your workspace will be updated.
14:45:33 INFO  : Copied contents of C:/Users/Tung/Desktop/AXIS_Convolution_v1/axi_conv_fp_3x3/axi_conv_fp_3x3.sdk/design_1_wrapper.hdf into \design_1_wrapper_hw_platform_0\system.hdf.
14:45:38 INFO  : Synchronizing projects in the workspace with the hardware platform specification changes.
14:45:42 INFO  : 
14:45:44 INFO  : 
14:45:45 INFO  : Updating hardware inferred compiler options for fsbl.
14:45:46 INFO  : Updating hardware inferred compiler options for hello_world.
14:45:46 INFO  : Clearing existing target manager status.
14:45:58 ERROR : Unexpected error while parsing XMD response ?: com.google.gson.JsonSyntaxException: com.google.gson.stream.MalformedJsonException: invalid number or unquoted string near 
14:46:12 INFO  : Launching XSDB server: xsdb.bat -s C:/Xilinx/SDK/2015.2/scripts/xsdb/xsdb/xsdb-server.tcl
14:46:14 INFO  : XSDB server has started successfully.
14:46:14 INFO  : Processing command line option -hwspec C:/Users/Tung/Desktop/AXIS_Convolution_v1/axi_conv_fp_3x3/axi_conv_fp_3x3.sdk/design_1_wrapper.hdf.
14:46:15 INFO  : Checking for hwspec changes in the project design_1_wrapper_hw_platform_0.
14:46:16 INFO  : SDK has detected change in the last modified timestamps for source hardware specification file Source:1532418365298,  Project:1532418320944
14:46:16 INFO  : The hardware specification for project 'design_1_wrapper_hw_platform_0' is different from C:/Users/Tung/Desktop/AXIS_Convolution_v1/axi_conv_fp_3x3/axi_conv_fp_3x3.sdk/design_1_wrapper.hdf.
14:46:16 INFO  : Copied contents of C:/Users/Tung/Desktop/AXIS_Convolution_v1/axi_conv_fp_3x3/axi_conv_fp_3x3.sdk/design_1_wrapper.hdf into \design_1_wrapper_hw_platform_0\system.hdf.
14:46:20 INFO  : Synchronizing projects in the workspace with the hardware platform specification changes.
14:46:37 INFO  : 
14:46:39 INFO  : 
14:46:40 INFO  : Updating hardware inferred compiler options for fsbl.
14:46:41 INFO  : Updating hardware inferred compiler options for hello_world.
14:46:41 INFO  : Clearing existing target manager status.
15:04:29 ERROR : Unexpected error while parsing XMD response ?: com.google.gson.JsonSyntaxException: com.google.gson.stream.MalformedJsonException: invalid number or unquoted string near 
15:07:28 INFO  : Launching XSDB server: xsdb.bat -s C:/Xilinx/SDK/2015.2/scripts/xsdb/xsdb/xsdb-server.tcl
15:07:30 INFO  : Processing command line option -hwspec C:/Users/Tung/Desktop/AXIS_Convolution_v1/axi_conv_fp_3x3/axi_conv_fp_3x3.sdk/design_1_wrapper.hdf.
15:07:30 INFO  : XSDB server has started successfully.
15:07:30 INFO  : Checking for hwspec changes in the project design_1_wrapper_hw_platform_0.
15:07:32 INFO  : SDK has detected change in the last modified timestamps for source hardware specification file Source:1532419638679,  Project:1532418365298
15:07:32 INFO  : The hardware specification for project 'design_1_wrapper_hw_platform_0' is different from C:/Users/Tung/Desktop/AXIS_Convolution_v1/axi_conv_fp_3x3/axi_conv_fp_3x3.sdk/design_1_wrapper.hdf.
15:07:32 INFO  : Copied contents of C:/Users/Tung/Desktop/AXIS_Convolution_v1/axi_conv_fp_3x3/axi_conv_fp_3x3.sdk/design_1_wrapper.hdf into \design_1_wrapper_hw_platform_0\system.hdf.
15:07:47 INFO  : Synchronizing projects in the workspace with the hardware platform specification changes.
15:07:51 INFO  : 
15:07:53 INFO  : 
15:07:54 INFO  : Updating hardware inferred compiler options for fsbl.
15:07:55 INFO  : Updating hardware inferred compiler options for hello_world.
15:07:55 INFO  : Clearing existing target manager status.
15:20:36 INFO  : FPGA Cable Disconnected. All active launches will be terminated.
15:22:24 ERROR : Unexpected error while parsing XMD response ?: com.google.gson.JsonSyntaxException: com.google.gson.stream.MalformedJsonException: invalid number or unquoted string near 
15:27:11 INFO  : Launching XSDB server: xsdb.bat -s C:/Xilinx/SDK/2015.2/scripts/xsdb/xsdb/xsdb-server.tcl
15:27:12 INFO  : XSDB server has started successfully.
15:27:13 INFO  : Processing command line option -hwspec C:/Users/Tung/Desktop/AXIS_Convolution_v1/axi_conv_fp_3x3/axi_conv_fp_3x3.sdk/design_1_wrapper.hdf.
15:27:14 INFO  : Checking for hwspec changes in the project design_1_wrapper_hw_platform_0.
15:27:16 INFO  : SDK has detected change in the last modified timestamps for source hardware specification file Source:1532420826116,  Project:1532419638679
15:27:16 INFO  : The hardware specification for project 'design_1_wrapper_hw_platform_0' is different from C:/Users/Tung/Desktop/AXIS_Convolution_v1/axi_conv_fp_3x3/axi_conv_fp_3x3.sdk/design_1_wrapper.hdf.
15:27:16 INFO  : Copied contents of C:/Users/Tung/Desktop/AXIS_Convolution_v1/axi_conv_fp_3x3/axi_conv_fp_3x3.sdk/design_1_wrapper.hdf into \design_1_wrapper_hw_platform_0\system.hdf.
15:27:31 INFO  : Synchronizing projects in the workspace with the hardware platform specification changes.
15:27:34 INFO  : 
15:27:36 INFO  : 
15:27:51 INFO  : Updating hardware inferred compiler options for fsbl.
15:27:52 INFO  : Updating hardware inferred compiler options for hello_world.
15:27:52 INFO  : Clearing existing target manager status.
15:32:14 INFO  : FPGA Cable Disconnected. All active launches will be terminated.
15:36:09 ERROR : Unexpected error while parsing XMD response ?: com.google.gson.JsonSyntaxException: com.google.gson.stream.MalformedJsonException: invalid number or unquoted string near 
15:43:19 INFO  : Launching XSDB server: xsdb.bat -s C:/Xilinx/SDK/2015.2/scripts/xsdb/xsdb/xsdb-server.tcl
15:43:24 INFO  : XSDB server has started successfully.
15:43:25 INFO  : Processing command line option -hwspec C:/Users/Tung/Desktop/AXIS_Convolution_v1/axi_conv_fp_3x3/axi_conv_fp_3x3.sdk/design_1_wrapper.hdf.
15:43:28 INFO  : Checking for hwspec changes in the project design_1_wrapper_hw_platform_0.
15:43:30 INFO  : SDK has detected change in the last modified timestamps for source hardware specification file Source:1532421782034,  Project:1532420826116
15:43:30 INFO  : The hardware specification for project 'design_1_wrapper_hw_platform_0' is different from C:/Users/Tung/Desktop/AXIS_Convolution_v1/axi_conv_fp_3x3/axi_conv_fp_3x3.sdk/design_1_wrapper.hdf.
15:43:30 INFO  : Copied contents of C:/Users/Tung/Desktop/AXIS_Convolution_v1/axi_conv_fp_3x3/axi_conv_fp_3x3.sdk/design_1_wrapper.hdf into \design_1_wrapper_hw_platform_0\system.hdf.
15:43:55 INFO  : Synchronizing projects in the workspace with the hardware platform specification changes.
15:43:58 INFO  : 
15:44:01 INFO  : 
15:44:01 INFO  : Updating hardware inferred compiler options for fsbl.
15:44:02 INFO  : Updating hardware inferred compiler options for hello_world.
15:44:02 INFO  : Clearing existing target manager status.
16:03:07 ERROR : Unexpected error while parsing XMD response ?: com.google.gson.JsonSyntaxException: com.google.gson.stream.MalformedJsonException: invalid number or unquoted string near 
16:34:21 INFO  : Launching XSDB server: xsdb.bat -s C:/Xilinx/SDK/2015.2/scripts/xsdb/xsdb/xsdb-server.tcl
16:34:25 INFO  : XSDB server has started successfully.
16:34:27 INFO  : Processing command line option -hwspec C:/Users/Tung/Desktop/AXIS_Convolution_v1/axi_conv_fp_3x3/axi_conv_fp_3x3.sdk/design_1_wrapper.hdf.
16:34:28 INFO  : Checking for hwspec changes in the project design_1_wrapper_hw_platform_0.
16:34:30 INFO  : SDK has detected change in the last modified timestamps for source hardware specification file Source:1532424847092,  Project:1532421782034
16:34:30 INFO  : The hardware specification for project 'design_1_wrapper_hw_platform_0' is different from C:/Users/Tung/Desktop/AXIS_Convolution_v1/axi_conv_fp_3x3/axi_conv_fp_3x3.sdk/design_1_wrapper.hdf.
16:34:31 INFO  : Copied contents of C:/Users/Tung/Desktop/AXIS_Convolution_v1/axi_conv_fp_3x3/axi_conv_fp_3x3.sdk/design_1_wrapper.hdf into \design_1_wrapper_hw_platform_0\system.hdf.
16:34:54 INFO  : Synchronizing projects in the workspace with the hardware platform specification changes.
16:34:58 INFO  : 
16:35:01 INFO  : 
16:35:16 INFO  : Updating hardware inferred compiler options for fsbl.
16:35:17 INFO  : Updating hardware inferred compiler options for hello_world.
16:35:17 INFO  : Clearing existing target manager status.
16:43:29 INFO  : FPGA Cable Disconnected. All active launches will be terminated.
16:48:54 ERROR : Unexpected error while parsing XMD response ?: com.google.gson.JsonSyntaxException: com.google.gson.stream.MalformedJsonException: invalid number or unquoted string near 
16:51:16 INFO  : Launching XSDB server: xsdb.bat -s C:/Xilinx/SDK/2015.2/scripts/xsdb/xsdb/xsdb-server.tcl
16:51:25 INFO  : XSDB server has started successfully.
16:51:27 INFO  : Processing command line option -hwspec C:/Users/Tung/Desktop/AXIS_Convolution_v1/axi_conv_fp_3x3/axi_conv_fp_3x3.sdk/design_1_wrapper.hdf.
16:51:28 INFO  : Checking for hwspec changes in the project design_1_wrapper_hw_platform_0.
16:51:31 INFO  : SDK has detected change in the last modified timestamps for source hardware specification file Source:1532425860770,  Project:1532424847092
16:51:31 INFO  : The hardware specification for project 'design_1_wrapper_hw_platform_0' is different from C:/Users/Tung/Desktop/AXIS_Convolution_v1/axi_conv_fp_3x3/axi_conv_fp_3x3.sdk/design_1_wrapper.hdf.
16:51:32 INFO  : Copied contents of C:/Users/Tung/Desktop/AXIS_Convolution_v1/axi_conv_fp_3x3/axi_conv_fp_3x3.sdk/design_1_wrapper.hdf into \design_1_wrapper_hw_platform_0\system.hdf.
16:52:06 INFO  : Synchronizing projects in the workspace with the hardware platform specification changes.
16:52:11 INFO  : 
16:52:14 INFO  : 
16:52:15 INFO  : Updating hardware inferred compiler options for fsbl.
16:52:16 INFO  : Updating hardware inferred compiler options for hello_world.
16:52:16 INFO  : Clearing existing target manager status.
16:54:27 INFO  : FPGA Cable Disconnected. All active launches will be terminated.
17:00:14 ERROR : Unexpected error while parsing XMD response ?: com.google.gson.JsonSyntaxException: com.google.gson.stream.MalformedJsonException: invalid number or unquoted string near 
17:12:41 INFO  : Launching XSDB server: xsdb.bat -s C:/Xilinx/SDK/2015.2/scripts/xsdb/xsdb/xsdb-server.tcl
17:12:48 INFO  : XSDB server has started successfully.
17:12:50 INFO  : Processing command line option -hwspec C:/Users/Tung/Desktop/AXIS_Convolution_v1/axi_conv_fp_3x3/axi_conv_fp_3x3.sdk/design_1_wrapper.hdf.
17:12:51 INFO  : Checking for hwspec changes in the project design_1_wrapper_hw_platform_0.
17:12:54 INFO  : SDK has detected change in the last modified timestamps for source hardware specification file Source:1532427144122,  Project:1532425860770
17:12:54 INFO  : The hardware specification for project 'design_1_wrapper_hw_platform_0' is different from C:/Users/Tung/Desktop/AXIS_Convolution_v1/axi_conv_fp_3x3/axi_conv_fp_3x3.sdk/design_1_wrapper.hdf.
17:12:54 INFO  : Copied contents of C:/Users/Tung/Desktop/AXIS_Convolution_v1/axi_conv_fp_3x3/axi_conv_fp_3x3.sdk/design_1_wrapper.hdf into \design_1_wrapper_hw_platform_0\system.hdf.
17:13:18 INFO  : Synchronizing projects in the workspace with the hardware platform specification changes.
17:13:22 INFO  : 
17:13:25 INFO  : 
17:13:40 INFO  : Updating hardware inferred compiler options for fsbl.
17:13:40 INFO  : Updating hardware inferred compiler options for hello_world.
17:13:40 INFO  : Clearing existing target manager status.
17:16:01 INFO  : FPGA Cable Disconnected. All active launches will be terminated.
17:21:55 ERROR : Unexpected error while parsing XMD response ?: com.google.gson.JsonSyntaxException: com.google.gson.stream.MalformedJsonException: invalid number or unquoted string near 
17:31:42 INFO  : Launching XSDB server: xsdb.bat -s C:/Xilinx/SDK/2015.2/scripts/xsdb/xsdb/xsdb-server.tcl
17:31:47 INFO  : XSDB server has started successfully.
17:31:48 INFO  : Processing command line option -hwspec C:/Users/Tung/Desktop/AXIS_Convolution_v1/axi_conv_fp_3x3/axi_conv_fp_3x3.sdk/design_1_wrapper.hdf.
17:31:50 INFO  : Checking for hwspec changes in the project design_1_wrapper_hw_platform_0.
17:31:52 INFO  : SDK has detected change in the last modified timestamps for source hardware specification file Source:1532428271864,  Project:1532427144122
17:31:52 INFO  : The hardware specification for project 'design_1_wrapper_hw_platform_0' is different from C:/Users/Tung/Desktop/AXIS_Convolution_v1/axi_conv_fp_3x3/axi_conv_fp_3x3.sdk/design_1_wrapper.hdf.
17:31:53 INFO  : Copied contents of C:/Users/Tung/Desktop/AXIS_Convolution_v1/axi_conv_fp_3x3/axi_conv_fp_3x3.sdk/design_1_wrapper.hdf into \design_1_wrapper_hw_platform_0\system.hdf.
17:32:14 INFO  : Synchronizing projects in the workspace with the hardware platform specification changes.
17:32:18 INFO  : 
17:32:21 INFO  : 
17:32:21 INFO  : Updating hardware inferred compiler options for fsbl.
17:32:22 INFO  : Updating hardware inferred compiler options for hello_world.
17:32:22 INFO  : Clearing existing target manager status.
17:34:28 ERROR : Unexpected error while parsing XMD response ?: com.google.gson.JsonSyntaxException: com.google.gson.stream.MalformedJsonException: invalid number or unquoted string near 
08:54:24 INFO  : Launching XSDB server: xsdb.bat -s C:/Xilinx/SDK/2015.2/scripts/xsdb/xsdb/xsdb-server.tcl
08:54:32 INFO  : XSDB server has started successfully.
08:54:35 INFO  : Processing command line option -hwspec C:/Users/Tung/Desktop/AXIS_Convolution_v1/axi_conv_fp_3x3/axi_conv_fp_3x3.sdk/design_1_wrapper.hdf.
08:54:37 INFO  : Checking for hwspec changes in the project design_1_wrapper_hw_platform_0.
08:54:39 INFO  : SDK has detected change in the last modified timestamps for source hardware specification file Source:1532483634611,  Project:1532428271864
08:54:39 INFO  : The hardware specification for project 'design_1_wrapper_hw_platform_0' is different from C:/Users/Tung/Desktop/AXIS_Convolution_v1/axi_conv_fp_3x3/axi_conv_fp_3x3.sdk/design_1_wrapper.hdf.
08:54:39 INFO  : Copied contents of C:/Users/Tung/Desktop/AXIS_Convolution_v1/axi_conv_fp_3x3/axi_conv_fp_3x3.sdk/design_1_wrapper.hdf into \design_1_wrapper_hw_platform_0\system.hdf.
08:55:11 INFO  : Synchronizing projects in the workspace with the hardware platform specification changes.
08:55:15 INFO  : 
08:55:18 INFO  : 
08:55:32 INFO  : Updating hardware inferred compiler options for fsbl.
08:55:33 INFO  : Updating hardware inferred compiler options for hello_world.
08:55:33 INFO  : Clearing existing target manager status.
08:59:21 INFO  : FPGA Cable Disconnected. All active launches will be terminated.
09:04:59 ERROR : Unexpected error while parsing XMD response ?: com.google.gson.JsonSyntaxException: com.google.gson.stream.MalformedJsonException: invalid number or unquoted string near 
09:19:51 INFO  : Launching XSDB server: xsdb.bat -s C:/Xilinx/SDK/2015.2/scripts/xsdb/xsdb/xsdb-server.tcl
09:19:54 INFO  : XSDB server has started successfully.
09:19:55 INFO  : Processing command line option -hwspec C:/Users/Tung/Desktop/AXIS_Convolution_v1/axi_conv_fp_3x3/axi_conv_fp_3x3.sdk/design_1_wrapper.hdf.
09:19:56 INFO  : Checking for hwspec changes in the project design_1_wrapper_hw_platform_0.
09:19:58 INFO  : SDK has detected change in the last modified timestamps for source hardware specification file Source:1532485178093,  Project:1532483634611
09:19:58 INFO  : The hardware specification for project 'design_1_wrapper_hw_platform_0' is different from C:/Users/Tung/Desktop/AXIS_Convolution_v1/axi_conv_fp_3x3/axi_conv_fp_3x3.sdk/design_1_wrapper.hdf.
09:19:59 INFO  : Copied contents of C:/Users/Tung/Desktop/AXIS_Convolution_v1/axi_conv_fp_3x3/axi_conv_fp_3x3.sdk/design_1_wrapper.hdf into \design_1_wrapper_hw_platform_0\system.hdf.
09:20:24 INFO  : Synchronizing projects in the workspace with the hardware platform specification changes.
09:20:27 INFO  : 
09:20:30 INFO  : 
09:20:30 INFO  : Updating hardware inferred compiler options for fsbl.
09:20:31 INFO  : Updating hardware inferred compiler options for hello_world.
09:20:31 INFO  : Clearing existing target manager status.
09:21:28 ERROR : Unexpected error while parsing XMD response ?: com.google.gson.JsonSyntaxException: com.google.gson.stream.MalformedJsonException: invalid number or unquoted string near 
09:32:04 INFO  : Launching XSDB server: xsdb.bat -s C:/Xilinx/SDK/2015.2/scripts/xsdb/xsdb/xsdb-server.tcl
09:32:07 INFO  : XSDB server has started successfully.
09:32:09 INFO  : Processing command line option -hwspec C:/Users/Tung/Desktop/AXIS_Convolution_v1/axi_conv_fp_3x3/axi_conv_fp_3x3.sdk/design_1_wrapper.hdf.
09:32:11 INFO  : Checking for hwspec changes in the project design_1_wrapper_hw_platform_0.
09:32:12 INFO  : SDK has detected change in the last modified timestamps for source hardware specification file Source:1532485909907,  Project:1532485178093
09:32:12 INFO  : The hardware specification for project 'design_1_wrapper_hw_platform_0' is different from C:/Users/Tung/Desktop/AXIS_Convolution_v1/axi_conv_fp_3x3/axi_conv_fp_3x3.sdk/design_1_wrapper.hdf.
09:32:13 INFO  : Copied contents of C:/Users/Tung/Desktop/AXIS_Convolution_v1/axi_conv_fp_3x3/axi_conv_fp_3x3.sdk/design_1_wrapper.hdf into \design_1_wrapper_hw_platform_0\system.hdf.
09:32:30 INFO  : Synchronizing projects in the workspace with the hardware platform specification changes.
09:32:34 INFO  : 
09:32:36 INFO  : 
09:32:50 INFO  : Updating hardware inferred compiler options for fsbl.
09:32:51 INFO  : Updating hardware inferred compiler options for hello_world.
09:32:51 INFO  : Clearing existing target manager status.
09:36:37 ERROR : Unexpected error while parsing XMD response ?: com.google.gson.JsonSyntaxException: com.google.gson.stream.MalformedJsonException: invalid number or unquoted string near 
09:50:18 INFO  : Launching XSDB server: xsdb.bat -s C:/Xilinx/SDK/2015.2/scripts/xsdb/xsdb/xsdb-server.tcl
09:50:22 INFO  : XSDB server has started successfully.
09:50:23 INFO  : Processing command line option -hwspec C:/Users/Tung/Desktop/AXIS_Convolution_v1/axi_conv_fp_3x3/axi_conv_fp_3x3.sdk/design_1_wrapper.hdf.
09:50:24 INFO  : Checking for hwspec changes in the project design_1_wrapper_hw_platform_0.
09:50:26 INFO  : SDK has detected change in the last modified timestamps for source hardware specification file Source:1532486997434,  Project:1532485909907
09:50:26 INFO  : The hardware specification for project 'design_1_wrapper_hw_platform_0' is different from C:/Users/Tung/Desktop/AXIS_Convolution_v1/axi_conv_fp_3x3/axi_conv_fp_3x3.sdk/design_1_wrapper.hdf.
09:50:26 INFO  : Copied contents of C:/Users/Tung/Desktop/AXIS_Convolution_v1/axi_conv_fp_3x3/axi_conv_fp_3x3.sdk/design_1_wrapper.hdf into \design_1_wrapper_hw_platform_0\system.hdf.
09:50:44 INFO  : Synchronizing projects in the workspace with the hardware platform specification changes.
09:50:47 INFO  : 
09:50:50 INFO  : 
09:50:51 INFO  : Updating hardware inferred compiler options for fsbl.
09:50:51 INFO  : Updating hardware inferred compiler options for hello_world.
09:50:51 INFO  : Clearing existing target manager status.
09:53:22 INFO  : FPGA Cable Disconnected. All active launches will be terminated.
09:54:52 ERROR : Unexpected error while parsing XMD response ?: com.google.gson.JsonSyntaxException: com.google.gson.stream.MalformedJsonException: invalid number or unquoted string near 
10:33:56 INFO  : Launching XSDB server: xsdb.bat -s C:/Xilinx/SDK/2015.2/scripts/xsdb/xsdb/xsdb-server.tcl
10:33:57 INFO  : XSDB server has started successfully.
10:33:58 INFO  : Processing command line option -hwspec C:/Users/Tung/Desktop/AXIS_Convolution_v1/axi_conv_fp_3x3/axi_conv_fp_3x3.sdk/design_1_wrapper.hdf.
10:33:59 INFO  : Checking for hwspec changes in the project design_1_wrapper_hw_platform_0.
10:34:00 INFO  : SDK has detected change in the last modified timestamps for source hardware specification file Source:1532489631678,  Project:1532486997434
10:34:00 INFO  : The hardware specification for project 'design_1_wrapper_hw_platform_0' is different from C:/Users/Tung/Desktop/AXIS_Convolution_v1/axi_conv_fp_3x3/axi_conv_fp_3x3.sdk/design_1_wrapper.hdf.
10:34:00 INFO  : Copied contents of C:/Users/Tung/Desktop/AXIS_Convolution_v1/axi_conv_fp_3x3/axi_conv_fp_3x3.sdk/design_1_wrapper.hdf into \design_1_wrapper_hw_platform_0\system.hdf.
10:34:14 INFO  : Synchronizing projects in the workspace with the hardware platform specification changes.
10:34:18 INFO  : 
10:34:20 INFO  : 
10:34:34 INFO  : Updating hardware inferred compiler options for fsbl.
10:34:35 INFO  : Updating hardware inferred compiler options for hello_world.
10:34:35 INFO  : Clearing existing target manager status.
10:48:26 INFO  : FPGA Cable Disconnected. All active launches will be terminated.
10:48:50 ERROR : Unexpected error while parsing XMD response ?: com.google.gson.JsonSyntaxException: com.google.gson.stream.MalformedJsonException: invalid number or unquoted string near 
11:14:01 INFO  : Launching XSDB server: xsdb.bat -s C:/Xilinx/SDK/2015.2/scripts/xsdb/xsdb/xsdb-server.tcl
11:14:05 INFO  : XSDB server has started successfully.
11:14:07 INFO  : Processing command line option -hwspec C:/Users/Tung/Desktop/AXIS_Convolution_v1/axi_conv_fp_3x3/axi_conv_fp_3x3.sdk/design_1_wrapper.hdf.
11:14:08 INFO  : Checking for hwspec changes in the project design_1_wrapper_hw_platform_0.
11:14:09 INFO  : SDK has detected change in the last modified timestamps for source hardware specification file Source:1532492028892,  Project:1532489631678
11:14:09 INFO  : The hardware specification for project 'design_1_wrapper_hw_platform_0' is different from C:/Users/Tung/Desktop/AXIS_Convolution_v1/axi_conv_fp_3x3/axi_conv_fp_3x3.sdk/design_1_wrapper.hdf.
11:14:10 INFO  : Copied contents of C:/Users/Tung/Desktop/AXIS_Convolution_v1/axi_conv_fp_3x3/axi_conv_fp_3x3.sdk/design_1_wrapper.hdf into \design_1_wrapper_hw_platform_0\system.hdf.
11:14:31 INFO  : Synchronizing projects in the workspace with the hardware platform specification changes.
11:14:35 INFO  : 
11:14:38 INFO  : 
11:14:40 INFO  : Updating hardware inferred compiler options for fsbl.
11:14:40 INFO  : Updating hardware inferred compiler options for hello_world.
11:14:40 INFO  : Clearing existing target manager status.
11:17:27 INFO  : FPGA Cable Disconnected. All active launches will be terminated.
11:28:31 INFO  : FPGA Cable Disconnected. All active launches will be terminated.
11:54:46 ERROR : Unexpected error while parsing XMD response ?: com.google.gson.JsonSyntaxException: com.google.gson.stream.MalformedJsonException: invalid number or unquoted string near 
11:56:01 INFO  : Launching XSDB server: xsdb.bat -s C:/Xilinx/SDK/2015.2/scripts/xsdb/xsdb/xsdb-server.tcl
11:56:03 INFO  : XSDB server has started successfully.
11:56:03 INFO  : Processing command line option -hwspec C:/Users/Tung/Desktop/AXIS_Convolution_v1/axi_conv_fp_3x3/axi_conv_fp_3x3.sdk/design_1_wrapper.hdf.
11:56:04 INFO  : Checking for hwspec changes in the project design_1_wrapper_hw_platform_0.
11:56:05 INFO  : SDK has detected change in the last modified timestamps for source hardware specification file Source:1532494551469,  Project:1532492028892
11:56:05 INFO  : The hardware specification for project 'design_1_wrapper_hw_platform_0' is different from C:/Users/Tung/Desktop/AXIS_Convolution_v1/axi_conv_fp_3x3/axi_conv_fp_3x3.sdk/design_1_wrapper.hdf.
11:56:05 INFO  : Copied contents of C:/Users/Tung/Desktop/AXIS_Convolution_v1/axi_conv_fp_3x3/axi_conv_fp_3x3.sdk/design_1_wrapper.hdf into \design_1_wrapper_hw_platform_0\system.hdf.
11:56:20 INFO  : Synchronizing projects in the workspace with the hardware platform specification changes.
11:56:23 INFO  : 
11:56:26 INFO  : 
11:56:40 INFO  : Updating hardware inferred compiler options for fsbl.
11:56:41 INFO  : Updating hardware inferred compiler options for hello_world.
11:56:41 INFO  : Clearing existing target manager status.
12:00:17 INFO  : FPGA Cable Disconnected. All active launches will be terminated.
12:20:49 ERROR : Unexpected error while parsing XMD response ?: com.google.gson.JsonSyntaxException: com.google.gson.stream.MalformedJsonException: invalid number or unquoted string near 
12:21:10 INFO  : Launching XSDB server: xsdb.bat -s C:/Xilinx/SDK/2015.2/scripts/xsdb/xsdb/xsdb-server.tcl
12:21:11 INFO  : XSDB server has started successfully.
12:21:11 INFO  : Processing command line option -hwspec C:/Users/Tung/Desktop/AXIS_Convolution_v1/axi_conv_fp_3x3/axi_conv_fp_3x3.sdk/design_1_wrapper.hdf.
12:21:12 INFO  : Checking for hwspec changes in the project design_1_wrapper_hw_platform_0.
12:21:14 INFO  : SDK has detected change in the last modified timestamps for source hardware specification file Source:1532496053589,  Project:1532494551469
12:21:14 INFO  : The hardware specification for project 'design_1_wrapper_hw_platform_0' is different from C:/Users/Tung/Desktop/AXIS_Convolution_v1/axi_conv_fp_3x3/axi_conv_fp_3x3.sdk/design_1_wrapper.hdf.
12:21:14 INFO  : Copied contents of C:/Users/Tung/Desktop/AXIS_Convolution_v1/axi_conv_fp_3x3/axi_conv_fp_3x3.sdk/design_1_wrapper.hdf into \design_1_wrapper_hw_platform_0\system.hdf.
12:21:28 INFO  : Synchronizing projects in the workspace with the hardware platform specification changes.
12:21:31 INFO  : 
12:21:33 INFO  : 
12:21:34 INFO  : Updating hardware inferred compiler options for fsbl.
12:21:35 INFO  : Updating hardware inferred compiler options for hello_world.
12:21:35 INFO  : Clearing existing target manager status.
12:44:48 INFO  : FPGA Cable Disconnected. All active launches will be terminated.
12:54:12 INFO  : SDK has detected change in the last modified timestamps for source hardware specification file Source:1532498051543,  Project:1532496053589
12:54:12 INFO  : Project design_1_wrapper_hw_platform_0's source hardware specification located at C:/Users/Tung/Desktop/AXIS_Convolution_v1/axi_conv_fp_3x3/axi_conv_fp_3x3.sdk/design_1_wrapper.hdf is now different from the local copy.
		 The local copy will be replaced with the source specification and your workspace will be updated.
12:54:34 INFO  : Copied contents of C:/Users/Tung/Desktop/AXIS_Convolution_v1/axi_conv_fp_3x3/axi_conv_fp_3x3.sdk/design_1_wrapper.hdf into \design_1_wrapper_hw_platform_0\system.hdf.
12:54:40 INFO  : Synchronizing projects in the workspace with the hardware platform specification changes.
12:54:46 INFO  : 
12:54:48 INFO  : 
12:54:49 INFO  : Updating hardware inferred compiler options for fsbl.
12:54:50 INFO  : Updating hardware inferred compiler options for hello_world.
12:54:50 INFO  : Clearing existing target manager status.
12:54:56 ERROR : Unexpected error while parsing XMD response ?: com.google.gson.JsonSyntaxException: com.google.gson.stream.MalformedJsonException: invalid number or unquoted string near 
12:55:16 INFO  : Launching XSDB server: xsdb.bat -s C:/Xilinx/SDK/2015.2/scripts/xsdb/xsdb/xsdb-server.tcl
12:55:18 INFO  : XSDB server has started successfully.
12:55:18 INFO  : Processing command line option -hwspec C:/Users/Tung/Desktop/AXIS_Convolution_v1/axi_conv_fp_3x3/axi_conv_fp_3x3.sdk/design_1_wrapper.hdf.
12:55:19 INFO  : Checking for hwspec changes in the project design_1_wrapper_hw_platform_0.
12:55:20 INFO  : SDK has detected change in the last modified timestamps for source hardware specification file Source:1532498101713,  Project:1532498051543
12:55:20 INFO  : The hardware specification for project 'design_1_wrapper_hw_platform_0' is different from C:/Users/Tung/Desktop/AXIS_Convolution_v1/axi_conv_fp_3x3/axi_conv_fp_3x3.sdk/design_1_wrapper.hdf.
12:55:20 INFO  : Copied contents of C:/Users/Tung/Desktop/AXIS_Convolution_v1/axi_conv_fp_3x3/axi_conv_fp_3x3.sdk/design_1_wrapper.hdf into \design_1_wrapper_hw_platform_0\system.hdf.
12:55:38 INFO  : Synchronizing projects in the workspace with the hardware platform specification changes.
12:55:41 INFO  : 
12:55:44 INFO  : 
12:55:58 INFO  : Updating hardware inferred compiler options for fsbl.
12:55:59 INFO  : Updating hardware inferred compiler options for hello_world.
12:55:59 INFO  : Clearing existing target manager status.
13:18:05 INFO  : FPGA Cable Disconnected. All active launches will be terminated.
13:24:21 ERROR : Unexpected error while parsing XMD response ?: com.google.gson.JsonSyntaxException: com.google.gson.stream.MalformedJsonException: invalid number or unquoted string near 
13:35:41 INFO  : Launching XSDB server: xsdb.bat -s C:/Xilinx/SDK/2015.2/scripts/xsdb/xsdb/xsdb-server.tcl
13:35:46 INFO  : XSDB server has started successfully.
13:35:47 INFO  : Processing command line option -hwspec C:/Users/Tung/Desktop/AXIS_Convolution_v1/axi_conv_fp_3x3/axi_conv_fp_3x3.sdk/design_1_wrapper.hdf.
13:35:49 INFO  : Checking for hwspec changes in the project design_1_wrapper_hw_platform_0.
13:35:51 INFO  : SDK has detected change in the last modified timestamps for source hardware specification file Source:1532500526806,  Project:1532498101713
13:35:51 INFO  : The hardware specification for project 'design_1_wrapper_hw_platform_0' is different from C:/Users/Tung/Desktop/AXIS_Convolution_v1/axi_conv_fp_3x3/axi_conv_fp_3x3.sdk/design_1_wrapper.hdf.
13:35:51 INFO  : Copied contents of C:/Users/Tung/Desktop/AXIS_Convolution_v1/axi_conv_fp_3x3/axi_conv_fp_3x3.sdk/design_1_wrapper.hdf into \design_1_wrapper_hw_platform_0\system.hdf.
13:36:14 INFO  : Synchronizing projects in the workspace with the hardware platform specification changes.
13:36:17 INFO  : 
13:36:20 INFO  : 
13:36:21 INFO  : Updating hardware inferred compiler options for fsbl.
13:36:22 INFO  : Updating hardware inferred compiler options for hello_world.
13:36:22 INFO  : Clearing existing target manager status.
13:49:07 INFO  : FPGA Cable Disconnected. All active launches will be terminated.
13:49:36 ERROR : Unexpected error while parsing XMD response ?: com.google.gson.JsonSyntaxException: com.google.gson.stream.MalformedJsonException: invalid number or unquoted string near 
14:36:11 INFO  : Launching XSDB server: xsdb.bat -s C:/Xilinx/SDK/2015.2/scripts/xsdb/xsdb/xsdb-server.tcl
14:36:13 INFO  : XSDB server has started successfully.
14:36:13 INFO  : Processing command line option -hwspec C:/Users/Tung/Desktop/AXIS_Convolution_v1/axi_conv_fp_3x3/axi_conv_fp_3x3.sdk/design_1_wrapper.hdf.
14:36:14 INFO  : Checking for hwspec changes in the project design_1_wrapper_hw_platform_0.
14:36:16 INFO  : SDK has detected change in the last modified timestamps for source hardware specification file Source:1532504156128,  Project:1532500526806
14:36:16 INFO  : The hardware specification for project 'design_1_wrapper_hw_platform_0' is different from C:/Users/Tung/Desktop/AXIS_Convolution_v1/axi_conv_fp_3x3/axi_conv_fp_3x3.sdk/design_1_wrapper.hdf.
14:36:16 INFO  : Copied contents of C:/Users/Tung/Desktop/AXIS_Convolution_v1/axi_conv_fp_3x3/axi_conv_fp_3x3.sdk/design_1_wrapper.hdf into \design_1_wrapper_hw_platform_0\system.hdf.
14:36:31 INFO  : Synchronizing projects in the workspace with the hardware platform specification changes.
14:36:35 INFO  : 
14:36:37 INFO  : 
14:36:51 INFO  : Updating hardware inferred compiler options for fsbl.
14:36:52 INFO  : Updating hardware inferred compiler options for hello_world.
14:36:52 INFO  : Clearing existing target manager status.
14:39:29 INFO  : FPGA Cable Disconnected. All active launches will be terminated.
14:47:48 INFO  : FPGA Cable Disconnected. All active launches will be terminated.
14:53:33 ERROR : Unexpected error while parsing XMD response ?: com.google.gson.JsonSyntaxException: com.google.gson.stream.MalformedJsonException: invalid number or unquoted string near 
15:09:03 INFO  : Launching XSDB server: xsdb.bat -s C:/Xilinx/SDK/2015.2/scripts/xsdb/xsdb/xsdb-server.tcl
15:09:04 INFO  : XSDB server has started successfully.
15:09:05 INFO  : Processing command line option -hwspec C:/Users/Tung/Desktop/AXIS_Convolution_v1/axi_conv_fp_3x3/axi_conv_fp_3x3.sdk/design_1_wrapper.hdf.
15:09:05 INFO  : Checking for hwspec changes in the project design_1_wrapper_hw_platform_0.
15:09:07 INFO  : SDK has detected change in the last modified timestamps for source hardware specification file Source:1532506128108,  Project:1532504156128
15:09:07 INFO  : The hardware specification for project 'design_1_wrapper_hw_platform_0' is different from C:/Users/Tung/Desktop/AXIS_Convolution_v1/axi_conv_fp_3x3/axi_conv_fp_3x3.sdk/design_1_wrapper.hdf.
15:09:07 INFO  : Copied contents of C:/Users/Tung/Desktop/AXIS_Convolution_v1/axi_conv_fp_3x3/axi_conv_fp_3x3.sdk/design_1_wrapper.hdf into \design_1_wrapper_hw_platform_0\system.hdf.
15:09:21 INFO  : Synchronizing projects in the workspace with the hardware platform specification changes.
15:09:24 INFO  : 
15:09:27 INFO  : 
15:09:28 INFO  : Updating hardware inferred compiler options for fsbl.
15:09:28 INFO  : Updating hardware inferred compiler options for hello_world.
15:09:28 INFO  : Clearing existing target manager status.
15:10:29 INFO  : FPGA Cable Disconnected. All active launches will be terminated.
15:19:50 INFO  : FPGA Cable Disconnected. All active launches will be terminated.
15:24:35 INFO  : FPGA Cable Disconnected. All active launches will be terminated.
15:26:48 INFO  : FPGA Cable Disconnected. All active launches will be terminated.
15:29:44 INFO  : FPGA Cable Disconnected. All active launches will be terminated.
15:41:04 INFO  : FPGA Cable Disconnected. All active launches will be terminated.
15:53:17 ERROR : Unexpected error while parsing XMD response ?: com.google.gson.JsonSyntaxException: com.google.gson.stream.MalformedJsonException: invalid number or unquoted string near 
15:53:39 INFO  : Launching XSDB server: xsdb.bat -s C:/Xilinx/SDK/2015.2/scripts/xsdb/xsdb/xsdb-server.tcl
15:53:43 INFO  : XSDB server has started successfully.
15:53:45 INFO  : Processing command line option -hwspec C:/Users/Tung/Desktop/AXIS_Convolution_v1/axi_conv_fp_3x3/axi_conv_fp_3x3.sdk/design_1_wrapper.hdf.
15:53:46 INFO  : Checking for hwspec changes in the project design_1_wrapper_hw_platform_0.
15:53:48 INFO  : SDK has detected change in the last modified timestamps for source hardware specification file Source:1532508803352,  Project:1532506128108
15:53:48 INFO  : The hardware specification for project 'design_1_wrapper_hw_platform_0' is different from C:/Users/Tung/Desktop/AXIS_Convolution_v1/axi_conv_fp_3x3/axi_conv_fp_3x3.sdk/design_1_wrapper.hdf.
15:53:48 INFO  : Copied contents of C:/Users/Tung/Desktop/AXIS_Convolution_v1/axi_conv_fp_3x3/axi_conv_fp_3x3.sdk/design_1_wrapper.hdf into \design_1_wrapper_hw_platform_0\system.hdf.
15:54:11 INFO  : Synchronizing projects in the workspace with the hardware platform specification changes.
15:54:15 INFO  : 
15:54:18 INFO  : 
15:54:33 INFO  : Updating hardware inferred compiler options for fsbl.
15:54:33 INFO  : Updating hardware inferred compiler options for hello_world.
15:54:33 INFO  : Clearing existing target manager status.
16:06:12 INFO  : FPGA Cable Disconnected. All active launches will be terminated.
16:07:13 ERROR : Unexpected error while parsing XMD response ?: com.google.gson.JsonSyntaxException: com.google.gson.stream.MalformedJsonException: invalid number or unquoted string near 
16:16:31 INFO  : Launching XSDB server: xsdb.bat -s C:/Xilinx/SDK/2015.2/scripts/xsdb/xsdb/xsdb-server.tcl
16:16:32 INFO  : XSDB server has started successfully.
16:16:34 INFO  : Processing command line option -hwspec C:/Users/Tung/Desktop/AXIS_Convolution_v1/axi_conv_fp_3x3/axi_conv_fp_3x3.sdk/design_1_wrapper.hdf.
16:16:34 INFO  : Checking for hwspec changes in the project design_1_wrapper_hw_platform_0.
16:16:36 INFO  : SDK has detected change in the last modified timestamps for source hardware specification file Source:1532510177324,  Project:1532508803352
16:16:36 INFO  : The hardware specification for project 'design_1_wrapper_hw_platform_0' is different from C:/Users/Tung/Desktop/AXIS_Convolution_v1/axi_conv_fp_3x3/axi_conv_fp_3x3.sdk/design_1_wrapper.hdf.
16:16:36 INFO  : Copied contents of C:/Users/Tung/Desktop/AXIS_Convolution_v1/axi_conv_fp_3x3/axi_conv_fp_3x3.sdk/design_1_wrapper.hdf into \design_1_wrapper_hw_platform_0\system.hdf.
16:16:39 INFO  : Synchronizing projects in the workspace with the hardware platform specification changes.
16:16:56 INFO  : 
16:16:59 INFO  : 
16:17:00 INFO  : Updating hardware inferred compiler options for fsbl.
16:17:01 INFO  : Updating hardware inferred compiler options for hello_world.
16:17:01 INFO  : Clearing existing target manager status.
16:37:04 ERROR : Unexpected error while parsing XMD response ?: com.google.gson.JsonSyntaxException: com.google.gson.stream.MalformedJsonException: invalid number or unquoted string near 
16:52:14 INFO  : Launching XSDB server: xsdb.bat -s C:/Xilinx/SDK/2015.2/scripts/xsdb/xsdb/xsdb-server.tcl
16:52:18 INFO  : XSDB server has started successfully.
16:52:19 INFO  : Processing command line option -hwspec C:/Users/Tung/Desktop/AXIS_Convolution_v1/axi_conv_fp_3x3/axi_conv_fp_3x3.sdk/design_1_wrapper.hdf.
16:52:20 INFO  : Checking for hwspec changes in the project design_1_wrapper_hw_platform_0.
16:52:22 INFO  : SDK has detected change in the last modified timestamps for source hardware specification file Source:1532512321949,  Project:1532510177324
16:52:22 INFO  : The hardware specification for project 'design_1_wrapper_hw_platform_0' is different from C:/Users/Tung/Desktop/AXIS_Convolution_v1/axi_conv_fp_3x3/axi_conv_fp_3x3.sdk/design_1_wrapper.hdf.
16:52:22 INFO  : Copied contents of C:/Users/Tung/Desktop/AXIS_Convolution_v1/axi_conv_fp_3x3/axi_conv_fp_3x3.sdk/design_1_wrapper.hdf into \design_1_wrapper_hw_platform_0\system.hdf.
16:52:43 INFO  : Synchronizing projects in the workspace with the hardware platform specification changes.
16:52:46 INFO  : 
16:52:49 INFO  : 
16:53:03 INFO  : Updating hardware inferred compiler options for fsbl.
16:53:04 INFO  : Updating hardware inferred compiler options for hello_world.
16:53:04 INFO  : Clearing existing target manager status.
16:58:47 ERROR : Unexpected error while parsing XMD response ?: com.google.gson.JsonSyntaxException: com.google.gson.stream.MalformedJsonException: invalid number or unquoted string near 
17:10:09 INFO  : Launching XSDB server: xsdb.bat -s C:/Xilinx/SDK/2015.2/scripts/xsdb/xsdb/xsdb-server.tcl
17:10:11 INFO  : Processing command line option -hwspec C:/Users/Tung/Desktop/AXIS_Convolution_v1/axi_conv_fp_3x3/axi_conv_fp_3x3.sdk/design_1_wrapper.hdf.
17:10:12 INFO  : XSDB server has started successfully.
17:10:12 INFO  : Checking for hwspec changes in the project design_1_wrapper_hw_platform_0.
17:10:13 INFO  : SDK has detected change in the last modified timestamps for source hardware specification file Source:1532513399814,  Project:1532512321949
17:10:13 INFO  : The hardware specification for project 'design_1_wrapper_hw_platform_0' is different from C:/Users/Tung/Desktop/AXIS_Convolution_v1/axi_conv_fp_3x3/axi_conv_fp_3x3.sdk/design_1_wrapper.hdf.
17:10:13 INFO  : Copied contents of C:/Users/Tung/Desktop/AXIS_Convolution_v1/axi_conv_fp_3x3/axi_conv_fp_3x3.sdk/design_1_wrapper.hdf into \design_1_wrapper_hw_platform_0\system.hdf.
17:10:29 INFO  : Synchronizing projects in the workspace with the hardware platform specification changes.
17:10:32 INFO  : 
17:10:34 INFO  : 
17:10:35 INFO  : Updating hardware inferred compiler options for fsbl.
17:10:36 INFO  : Updating hardware inferred compiler options for hello_world.
17:10:36 INFO  : Clearing existing target manager status.
17:13:56 ERROR : Unexpected error while parsing XMD response ?: com.google.gson.JsonSyntaxException: com.google.gson.stream.MalformedJsonException: invalid number or unquoted string near 
17:24:59 INFO  : Launching XSDB server: xsdb.bat -s C:/Xilinx/SDK/2015.2/scripts/xsdb/xsdb/xsdb-server.tcl
17:25:00 INFO  : XSDB server has started successfully.
17:25:01 INFO  : Processing command line option -hwspec C:/Users/Tung/Desktop/AXIS_Convolution_v1/axi_conv_fp_3x3/axi_conv_fp_3x3.sdk/design_1_wrapper.hdf.
17:25:02 INFO  : Checking for hwspec changes in the project design_1_wrapper_hw_platform_0.
17:25:03 INFO  : SDK has detected change in the last modified timestamps for source hardware specification file Source:1532514293120,  Project:1532513399814
17:25:03 INFO  : The hardware specification for project 'design_1_wrapper_hw_platform_0' is different from C:/Users/Tung/Desktop/AXIS_Convolution_v1/axi_conv_fp_3x3/axi_conv_fp_3x3.sdk/design_1_wrapper.hdf.
17:25:03 INFO  : Copied contents of C:/Users/Tung/Desktop/AXIS_Convolution_v1/axi_conv_fp_3x3/axi_conv_fp_3x3.sdk/design_1_wrapper.hdf into \design_1_wrapper_hw_platform_0\system.hdf.
17:25:17 INFO  : Synchronizing projects in the workspace with the hardware platform specification changes.
17:25:20 INFO  : 
17:25:22 INFO  : 
17:25:36 INFO  : Updating hardware inferred compiler options for fsbl.
17:25:37 INFO  : Updating hardware inferred compiler options for hello_world.
17:25:37 INFO  : Clearing existing target manager status.
17:34:09 INFO  : FPGA Cable Disconnected. All active launches will be terminated.
17:36:30 ERROR : Unexpected error while parsing XMD response ?: com.google.gson.JsonSyntaxException: com.google.gson.stream.MalformedJsonException: invalid number or unquoted string near 
08:48:17 INFO  : Launching XSDB server: xsdb.bat -s C:/Xilinx/SDK/2015.2/scripts/xsdb/xsdb/xsdb-server.tcl
08:48:18 INFO  : XSDB server has started successfully.
08:48:19 INFO  : Processing command line option -hwspec C:/Users/Tung/Desktop/AXIS_Convolution_v1/axi_conv_fp_3x3/axi_conv_fp_3x3.sdk/design_1_wrapper.hdf.
08:48:20 INFO  : Checking for hwspec changes in the project design_1_wrapper_hw_platform_0.
08:48:21 INFO  : SDK has detected change in the last modified timestamps for source hardware specification file Source:1532569671470,  Project:1532514293120
08:48:21 INFO  : The hardware specification for project 'design_1_wrapper_hw_platform_0' is different from C:/Users/Tung/Desktop/AXIS_Convolution_v1/axi_conv_fp_3x3/axi_conv_fp_3x3.sdk/design_1_wrapper.hdf.
08:48:21 INFO  : Copied contents of C:/Users/Tung/Desktop/AXIS_Convolution_v1/axi_conv_fp_3x3/axi_conv_fp_3x3.sdk/design_1_wrapper.hdf into \design_1_wrapper_hw_platform_0\system.hdf.
08:48:35 INFO  : Synchronizing projects in the workspace with the hardware platform specification changes.
08:48:38 INFO  : 
08:48:41 INFO  : 
08:48:42 INFO  : Updating hardware inferred compiler options for fsbl.
08:48:42 INFO  : Updating hardware inferred compiler options for hello_world.
08:48:42 INFO  : Clearing existing target manager status.
08:54:41 INFO  : FPGA Cable Disconnected. All active launches will be terminated.
09:04:30 INFO  : FPGA Cable Disconnected. All active launches will be terminated.
09:05:49 ERROR : Unexpected error while parsing XMD response ?: com.google.gson.JsonSyntaxException: com.google.gson.stream.MalformedJsonException: invalid number or unquoted string near 
09:06:20 INFO  : Launching XSDB server: xsdb.bat -s C:/Xilinx/SDK/2015.2/scripts/xsdb/xsdb/xsdb-server.tcl
09:06:24 INFO  : XSDB server has started successfully.
09:06:26 INFO  : Processing command line option -hwspec C:/Users/Tung/Desktop/AXIS_Convolution_v1/axi_conv_fp_3x3/axi_conv_fp_3x3.sdk/design_1_wrapper.hdf.
09:06:27 INFO  : Checking for hwspec changes in the project design_1_wrapper_hw_platform_0.
09:06:30 INFO  : SDK has detected change in the last modified timestamps for source hardware specification file Source:1532570765349,  Project:1532569671470
09:06:30 INFO  : The hardware specification for project 'design_1_wrapper_hw_platform_0' is different from C:/Users/Tung/Desktop/AXIS_Convolution_v1/axi_conv_fp_3x3/axi_conv_fp_3x3.sdk/design_1_wrapper.hdf.
09:06:30 INFO  : Copied contents of C:/Users/Tung/Desktop/AXIS_Convolution_v1/axi_conv_fp_3x3/axi_conv_fp_3x3.sdk/design_1_wrapper.hdf into \design_1_wrapper_hw_platform_0\system.hdf.
09:06:56 INFO  : Synchronizing projects in the workspace with the hardware platform specification changes.
09:07:00 INFO  : 
09:07:03 INFO  : 
09:07:17 INFO  : Updating hardware inferred compiler options for fsbl.
09:07:18 INFO  : Updating hardware inferred compiler options for hello_world.
09:07:18 INFO  : Clearing existing target manager status.
09:11:47 ERROR : Unexpected error while parsing XMD response ?: com.google.gson.JsonSyntaxException: com.google.gson.stream.MalformedJsonException: invalid number or unquoted string near 
09:20:11 INFO  : Launching XSDB server: xsdb.bat -s C:/Xilinx/SDK/2015.2/scripts/xsdb/xsdb/xsdb-server.tcl
09:20:13 INFO  : XSDB server has started successfully.
09:20:14 INFO  : Processing command line option -hwspec C:/Users/Tung/Desktop/AXIS_Convolution_v1/axi_conv_fp_3x3/axi_conv_fp_3x3.sdk/design_1_wrapper.hdf.
09:20:15 INFO  : Checking for hwspec changes in the project design_1_wrapper_hw_platform_0.
09:20:17 INFO  : SDK has detected change in the last modified timestamps for source hardware specification file Source:1532571602843,  Project:1532570765349
09:20:17 INFO  : The hardware specification for project 'design_1_wrapper_hw_platform_0' is different from C:/Users/Tung/Desktop/AXIS_Convolution_v1/axi_conv_fp_3x3/axi_conv_fp_3x3.sdk/design_1_wrapper.hdf.
09:20:17 INFO  : Copied contents of C:/Users/Tung/Desktop/AXIS_Convolution_v1/axi_conv_fp_3x3/axi_conv_fp_3x3.sdk/design_1_wrapper.hdf into \design_1_wrapper_hw_platform_0\system.hdf.
09:20:36 INFO  : Synchronizing projects in the workspace with the hardware platform specification changes.
09:20:39 INFO  : 
09:20:41 INFO  : 
09:20:42 INFO  : Updating hardware inferred compiler options for fsbl.
09:20:43 INFO  : Updating hardware inferred compiler options for hello_world.
09:20:43 INFO  : Clearing existing target manager status.
09:37:58 INFO  : FPGA Cable Disconnected. All active launches will be terminated.
09:54:33 ERROR : Unexpected error while parsing XMD response ?: com.google.gson.JsonSyntaxException: com.google.gson.stream.MalformedJsonException: invalid number or unquoted string near 
10:20:17 INFO  : Launching XSDB server: xsdb.bat -s C:/Xilinx/SDK/2015.2/scripts/xsdb/xsdb/xsdb-server.tcl
10:20:21 INFO  : XSDB server has started successfully.
10:20:23 INFO  : Processing command line option -hwspec C:/Users/Tung/Desktop/AXIS_Convolution_v1/axi_conv_fp_3x3/axi_conv_fp_3x3.sdk/design_1_wrapper.hdf.
10:20:25 INFO  : Checking for hwspec changes in the project design_1_wrapper_hw_platform_0.
10:20:27 INFO  : SDK has detected change in the last modified timestamps for source hardware specification file Source:1532575203671,  Project:1532571602843
10:20:27 INFO  : The hardware specification for project 'design_1_wrapper_hw_platform_0' is different from C:/Users/Tung/Desktop/AXIS_Convolution_v1/axi_conv_fp_3x3/axi_conv_fp_3x3.sdk/design_1_wrapper.hdf.
10:20:27 INFO  : Copied contents of C:/Users/Tung/Desktop/AXIS_Convolution_v1/axi_conv_fp_3x3/axi_conv_fp_3x3.sdk/design_1_wrapper.hdf into \design_1_wrapper_hw_platform_0\system.hdf.
10:20:53 INFO  : Synchronizing projects in the workspace with the hardware platform specification changes.
10:20:57 INFO  : 
10:20:59 INFO  : 
10:21:14 INFO  : Updating hardware inferred compiler options for fsbl.
10:21:15 INFO  : Updating hardware inferred compiler options for hello_world.
10:21:15 INFO  : Clearing existing target manager status.
10:34:39 ERROR : Unexpected error while parsing XMD response ?: com.google.gson.JsonSyntaxException: com.google.gson.stream.MalformedJsonException: invalid number or unquoted string near 
10:43:30 INFO  : Launching XSDB server: xsdb.bat -s C:/Xilinx/SDK/2015.2/scripts/xsdb/xsdb/xsdb-server.tcl
10:43:32 INFO  : XSDB server has started successfully.
10:43:34 INFO  : Processing command line option -hwspec C:/Users/Tung/Desktop/AXIS_Convolution_v1/axi_conv_fp_3x3/axi_conv_fp_3x3.sdk/design_1_wrapper.hdf.
10:43:35 INFO  : Checking for hwspec changes in the project design_1_wrapper_hw_platform_0.
10:43:35 INFO  : SDK has detected change in the last modified timestamps for source hardware specification file Source:1532576602386,  Project:1532575203671
10:43:35 INFO  : The hardware specification for project 'design_1_wrapper_hw_platform_0' is different from C:/Users/Tung/Desktop/AXIS_Convolution_v1/axi_conv_fp_3x3/axi_conv_fp_3x3.sdk/design_1_wrapper.hdf.
10:43:50 INFO  : Copied contents of C:/Users/Tung/Desktop/AXIS_Convolution_v1/axi_conv_fp_3x3/axi_conv_fp_3x3.sdk/design_1_wrapper.hdf into \design_1_wrapper_hw_platform_0\system.hdf.
10:43:55 INFO  : Synchronizing projects in the workspace with the hardware platform specification changes.
10:43:57 INFO  : 
10:44:00 INFO  : 
10:44:00 INFO  : Updating hardware inferred compiler options for fsbl.
10:44:01 INFO  : Updating hardware inferred compiler options for hello_world.
10:44:01 INFO  : Clearing existing target manager status.
10:44:01 INFO  : Closing and re-opening the MSS file of ther project fsbl_bsp
10:44:02 INFO  : Closing and re-opening the MSS file of ther project hello_world_bsp
10:44:02 INFO  : Workspace synchronized with the new hardware specification file. Cleaning dependent projects...
10:44:02 WARN  : Linker script will not be updated automatically. Users need to update it manually.
10:47:19 ERROR : Unexpected error while parsing XMD response ?: com.google.gson.JsonSyntaxException: com.google.gson.stream.MalformedJsonException: invalid number or unquoted string near 
10:59:34 INFO  : Launching XSDB server: xsdb.bat -s C:/Xilinx/SDK/2015.2/scripts/xsdb/xsdb/xsdb-server.tcl
10:59:35 INFO  : XSDB server has started successfully.
10:59:39 INFO  : Processing command line option -hwspec C:/Users/Tung/Desktop/AXIS_Convolution_v1/axi_conv_fp_3x3/axi_conv_fp_3x3.sdk/design_1_wrapper.hdf.
10:59:40 INFO  : Checking for hwspec changes in the project design_1_wrapper_hw_platform_0.
10:59:40 INFO  : SDK has detected change in the last modified timestamps for source hardware specification file Source:1532577564046,  Project:1532576602386
10:59:40 INFO  : The hardware specification for project 'design_1_wrapper_hw_platform_0' is different from C:/Users/Tung/Desktop/AXIS_Convolution_v1/axi_conv_fp_3x3/axi_conv_fp_3x3.sdk/design_1_wrapper.hdf.
10:59:40 INFO  : Copied contents of C:/Users/Tung/Desktop/AXIS_Convolution_v1/axi_conv_fp_3x3/axi_conv_fp_3x3.sdk/design_1_wrapper.hdf into \design_1_wrapper_hw_platform_0\system.hdf.
10:59:45 INFO  : Synchronizing projects in the workspace with the hardware platform specification changes.
10:59:49 INFO  : 
10:59:52 INFO  : 
10:59:52 INFO  : Updating hardware inferred compiler options for fsbl.
10:59:53 INFO  : Updating hardware inferred compiler options for hello_world.
10:59:53 INFO  : Clearing existing target manager status.
11:02:22 ERROR : Failed to Connect to HW Server, Reason: TCF error report:
Command: Memory getContext "JTAG-jsn-Zed-210248782431-23727093-0"
Time: 2018-07-26 11:02:22.024
Error text: Invalid context
Error code: 16
11:03:12 ERROR : Failed to Connect to HW Server, Reason: TCF error report:
Command: Memory getContext "JTAG-jsn-Zed-210248782431-23727093-0"
Time: 2018-07-26 11:03:12.738
Error text: Invalid context
Error code: 16
11:03:45 INFO  : Dumping Memory Contents ...
11:03:45 INFO  : Dumped Memory Contents Successfully to C:\Users\Tung\Desktop\image_out.bin
11:04:14 INFO  : Dumping Memory Contents ...
11:04:16 INFO  : Dumped Memory Contents Successfully to C:\Users\Tung\Desktop\image_out.bin
11:11:47 ERROR : Unexpected error while parsing XMD response ?: com.google.gson.JsonSyntaxException: com.google.gson.stream.MalformedJsonException: invalid number or unquoted string near 
11:22:00 INFO  : Launching XSDB server: xsdb.bat -s C:/Xilinx/SDK/2015.2/scripts/xsdb/xsdb/xsdb-server.tcl
11:22:02 INFO  : XSDB server has started successfully.
11:22:02 INFO  : Processing command line option -hwspec C:/Users/Tung/Desktop/AXIS_Convolution_v1/axi_conv_fp_3x3/axi_conv_fp_3x3.sdk/design_1_wrapper.hdf.
11:22:03 INFO  : Checking for hwspec changes in the project design_1_wrapper_hw_platform_0.
11:22:05 INFO  : SDK has detected change in the last modified timestamps for source hardware specification file Source:1532578909357,  Project:1532577564046
11:22:05 INFO  : The hardware specification for project 'design_1_wrapper_hw_platform_0' is different from C:/Users/Tung/Desktop/AXIS_Convolution_v1/axi_conv_fp_3x3/axi_conv_fp_3x3.sdk/design_1_wrapper.hdf.
11:22:05 INFO  : Copied contents of C:/Users/Tung/Desktop/AXIS_Convolution_v1/axi_conv_fp_3x3/axi_conv_fp_3x3.sdk/design_1_wrapper.hdf into \design_1_wrapper_hw_platform_0\system.hdf.
11:22:25 INFO  : Synchronizing projects in the workspace with the hardware platform specification changes.
11:22:28 INFO  : 
11:22:30 INFO  : 
11:22:44 INFO  : Updating hardware inferred compiler options for fsbl.
11:22:45 INFO  : Updating hardware inferred compiler options for hello_world.
11:22:45 INFO  : Clearing existing target manager status.
11:22:45 INFO  : Workspace synchronized with the new hardware specification file. Cleaning dependent projects...
11:22:48 WARN  : Linker script will not be updated automatically. Users need to update it manually.
11:24:03 INFO  : Dumping Memory Contents ...
11:24:06 INFO  : Dumped Memory Contents Successfully to D:\test2\image_out.bin
11:26:05 INFO  : FPGA Cable Disconnected. All active launches will be terminated.
11:31:18 ERROR : Unexpected error while parsing XMD response ?: com.google.gson.JsonSyntaxException: com.google.gson.stream.MalformedJsonException: invalid number or unquoted string near 
11:32:48 INFO  : Launching XSDB server: xsdb.bat -s C:/Xilinx/SDK/2015.2/scripts/xsdb/xsdb/xsdb-server.tcl
11:32:49 INFO  : XSDB server has started successfully.
11:32:50 INFO  : Processing command line option -hwspec C:/Users/Tung/Desktop/AXIS_Convolution_v1/axi_conv_fp_3x3/axi_conv_fp_3x3.sdk/design_1_wrapper.hdf.
11:32:51 INFO  : Checking for hwspec changes in the project design_1_wrapper_hw_platform_0.
11:32:52 INFO  : SDK has detected change in the last modified timestamps for source hardware specification file Source:1532579559408,  Project:1532578909357
11:32:52 INFO  : The hardware specification for project 'design_1_wrapper_hw_platform_0' is different from C:/Users/Tung/Desktop/AXIS_Convolution_v1/axi_conv_fp_3x3/axi_conv_fp_3x3.sdk/design_1_wrapper.hdf.
11:32:52 INFO  : Copied contents of C:/Users/Tung/Desktop/AXIS_Convolution_v1/axi_conv_fp_3x3/axi_conv_fp_3x3.sdk/design_1_wrapper.hdf into \design_1_wrapper_hw_platform_0\system.hdf.
11:32:56 INFO  : Synchronizing projects in the workspace with the hardware platform specification changes.
11:32:59 INFO  : 
11:33:02 INFO  : 
11:33:02 INFO  : Updating hardware inferred compiler options for fsbl.
11:33:03 INFO  : Updating hardware inferred compiler options for hello_world.
11:33:03 INFO  : Clearing existing target manager status.
11:33:03 INFO  : Workspace synchronized with the new hardware specification file. Cleaning dependent projects...
11:33:04 WARN  : Linker script will not be updated automatically. Users need to update it manually.
11:34:35 INFO  : Dumping Memory Contents ...
11:34:38 INFO  : Dumped Memory Contents Successfully to D:\test2\image_out.bin
11:39:18 INFO  : FPGA Cable Disconnected. All active launches will be terminated.
11:44:37 ERROR : Unexpected error while parsing XMD response ?: com.google.gson.JsonSyntaxException: com.google.gson.stream.MalformedJsonException: invalid number or unquoted string near 
11:49:21 INFO  : Launching XSDB server: xsdb.bat -s C:/Xilinx/SDK/2015.2/scripts/xsdb/xsdb/xsdb-server.tcl
11:49:22 INFO  : XSDB server has started successfully.
11:49:23 INFO  : Processing command line option -hwspec C:/Users/Tung/Desktop/AXIS_Convolution_v1/axi_conv_fp_3x3/axi_conv_fp_3x3.sdk/design_1_wrapper.hdf.
11:49:24 INFO  : Checking for hwspec changes in the project design_1_wrapper_hw_platform_0.
11:49:25 INFO  : SDK has detected change in the last modified timestamps for source hardware specification file Source:1532580552675,  Project:1532579559408
11:49:25 INFO  : The hardware specification for project 'design_1_wrapper_hw_platform_0' is different from C:/Users/Tung/Desktop/AXIS_Convolution_v1/axi_conv_fp_3x3/axi_conv_fp_3x3.sdk/design_1_wrapper.hdf.
11:49:25 INFO  : Copied contents of C:/Users/Tung/Desktop/AXIS_Convolution_v1/axi_conv_fp_3x3/axi_conv_fp_3x3.sdk/design_1_wrapper.hdf into \design_1_wrapper_hw_platform_0\system.hdf.
11:49:29 INFO  : Synchronizing projects in the workspace with the hardware platform specification changes.
11:49:32 INFO  : 
11:49:36 INFO  : 
11:49:36 INFO  : Updating hardware inferred compiler options for fsbl.
11:49:37 INFO  : Updating hardware inferred compiler options for hello_world.
11:49:37 INFO  : Clearing existing target manager status.
11:49:37 INFO  : Workspace synchronized with the new hardware specification file. Cleaning dependent projects...
11:49:38 WARN  : Linker script will not be updated automatically. Users need to update it manually.
11:52:25 INFO  : FPGA Cable Disconnected. All active launches will be terminated.
11:54:29 ERROR : Unexpected error while parsing XMD response ?: com.google.gson.JsonSyntaxException: com.google.gson.stream.MalformedJsonException: invalid number or unquoted string near 
12:21:08 INFO  : Launching XSDB server: xsdb.bat -s C:/Xilinx/SDK/2015.2/scripts/xsdb/xsdb/xsdb-server.tcl
12:21:09 INFO  : XSDB server has started successfully.
12:21:10 INFO  : Processing command line option -hwspec C:/Users/Tung/Desktop/AXIS_Convolution_v1/axi_conv_fp_3x3/axi_conv_fp_3x3.sdk/design_1_wrapper.hdf.
12:21:11 INFO  : Checking for hwspec changes in the project design_1_wrapper_hw_platform_0.
12:21:12 INFO  : SDK has detected change in the last modified timestamps for source hardware specification file Source:1532582460278,  Project:1532580552675
12:21:12 INFO  : The hardware specification for project 'design_1_wrapper_hw_platform_0' is different from C:/Users/Tung/Desktop/AXIS_Convolution_v1/axi_conv_fp_3x3/axi_conv_fp_3x3.sdk/design_1_wrapper.hdf.
12:21:12 INFO  : Copied contents of C:/Users/Tung/Desktop/AXIS_Convolution_v1/axi_conv_fp_3x3/axi_conv_fp_3x3.sdk/design_1_wrapper.hdf into \design_1_wrapper_hw_platform_0\system.hdf.
12:21:16 INFO  : Synchronizing projects in the workspace with the hardware platform specification changes.
12:21:19 INFO  : 
12:21:21 INFO  : 
12:21:22 INFO  : Updating hardware inferred compiler options for fsbl.
12:21:23 INFO  : Updating hardware inferred compiler options for hello_world.
12:21:23 INFO  : Clearing existing target manager status.
12:21:23 INFO  : Workspace synchronized with the new hardware specification file. Cleaning dependent projects...
12:21:23 WARN  : Linker script will not be updated automatically. Users need to update it manually.
12:22:53 INFO  : Dumping Memory Contents ...
12:22:55 INFO  : Dumped Memory Contents Successfully to D:\test2\image_out.bin
12:25:40 INFO  : FPGA Cable Disconnected. All active launches will be terminated.
12:36:12 INFO  : SDK has detected change in the last modified timestamps for source hardware specification file Source:1532583370338,  Project:1532582460278
12:36:12 INFO  : Project design_1_wrapper_hw_platform_0's source hardware specification located at C:/Users/Tung/Desktop/AXIS_Convolution_v1/axi_conv_fp_3x3/axi_conv_fp_3x3.sdk/design_1_wrapper.hdf is now different from the local copy.
		 The local copy will be replaced with the source specification and your workspace will be updated.
12:36:58 INFO  : Copied contents of C:/Users/Tung/Desktop/AXIS_Convolution_v1/axi_conv_fp_3x3/axi_conv_fp_3x3.sdk/design_1_wrapper.hdf into \design_1_wrapper_hw_platform_0\system.hdf.
12:37:02 INFO  : Synchronizing projects in the workspace with the hardware platform specification changes.
12:37:05 INFO  : 
12:37:08 INFO  : 
12:37:08 INFO  : Updating hardware inferred compiler options for fsbl.
12:37:09 INFO  : Updating hardware inferred compiler options for hello_world.
12:37:09 INFO  : Clearing existing target manager status.
12:37:09 INFO  : Workspace synchronized with the new hardware specification file. Cleaning dependent projects...
12:37:10 WARN  : Linker script will not be updated automatically. Users need to update it manually.
12:38:26 INFO  : Dumping Memory Contents ...
12:38:30 INFO  : Dumped Memory Contents Successfully to D:\test2\image_out.bin
12:40:04 INFO  : FPGA Cable Disconnected. All active launches will be terminated.
12:49:20 ERROR : Unexpected error while parsing XMD response ?: com.google.gson.JsonSyntaxException: com.google.gson.stream.MalformedJsonException: invalid number or unquoted string near 
12:50:46 INFO  : Launching XSDB server: xsdb.bat -s C:/Xilinx/SDK/2015.2/scripts/xsdb/xsdb/xsdb-server.tcl
12:50:49 INFO  : XSDB server has started successfully.
12:50:51 INFO  : Processing command line option -hwspec C:/Users/Tung/Desktop/AXIS_Convolution_v1/axi_conv_fp_3x3/axi_conv_fp_3x3.sdk/design_1_wrapper.hdf.
12:50:52 INFO  : Checking for hwspec changes in the project design_1_wrapper_hw_platform_0.
12:50:54 INFO  : SDK has detected change in the last modified timestamps for source hardware specification file Source:1532584233856,  Project:1532583390821
12:50:54 INFO  : The hardware specification for project 'design_1_wrapper_hw_platform_0' is different from C:/Users/Tung/Desktop/AXIS_Convolution_v1/axi_conv_fp_3x3/axi_conv_fp_3x3.sdk/design_1_wrapper.hdf.
12:50:54 INFO  : Copied contents of C:/Users/Tung/Desktop/AXIS_Convolution_v1/axi_conv_fp_3x3/axi_conv_fp_3x3.sdk/design_1_wrapper.hdf into \design_1_wrapper_hw_platform_0\system.hdf.
12:51:06 INFO  : Synchronizing projects in the workspace with the hardware platform specification changes.
12:51:10 INFO  : 
12:51:12 INFO  : 
12:51:13 INFO  : Updating hardware inferred compiler options for fsbl.
12:51:14 INFO  : Updating hardware inferred compiler options for hello_world.
12:51:14 INFO  : Clearing existing target manager status.
12:51:14 INFO  : Workspace synchronized with the new hardware specification file. Cleaning dependent projects...
12:51:14 WARN  : Linker script will not be updated automatically. Users need to update it manually.
12:52:36 INFO  : Dumping Memory Contents ...
12:52:39 INFO  : Dumped Memory Contents Successfully to D:\test2\image_out.bin
12:54:15 INFO  : FPGA Cable Disconnected. All active launches will be terminated.
13:09:33 INFO  : SDK has detected change in the last modified timestamps for source hardware specification file Source:1532585372591,  Project:1532584233856
13:09:33 INFO  : Project design_1_wrapper_hw_platform_0's source hardware specification located at C:/Users/Tung/Desktop/AXIS_Convolution_v1/axi_conv_fp_3x3/axi_conv_fp_3x3.sdk/design_1_wrapper.hdf is now different from the local copy.
		 The local copy will be replaced with the source specification and your workspace will be updated.
13:09:43 INFO  : Copied contents of C:/Users/Tung/Desktop/AXIS_Convolution_v1/axi_conv_fp_3x3/axi_conv_fp_3x3.sdk/design_1_wrapper.hdf into \design_1_wrapper_hw_platform_0\system.hdf.
13:09:47 INFO  : Synchronizing projects in the workspace with the hardware platform specification changes.
13:09:50 INFO  : 
13:09:52 INFO  : 
13:09:53 INFO  : Updating hardware inferred compiler options for fsbl.
13:09:54 INFO  : Updating hardware inferred compiler options for hello_world.
13:09:54 INFO  : Clearing existing target manager status.
13:09:54 INFO  : Workspace synchronized with the new hardware specification file. Cleaning dependent projects...
13:10:06 WARN  : Linker script will not be updated automatically. Users need to update it manually.
13:11:17 INFO  : Dumping Memory Contents ...
13:11:20 INFO  : Dumped Memory Contents Successfully to D:\test2\image_out.bin
13:11:26 ERROR : Unexpected error while parsing XMD response ?: com.google.gson.JsonSyntaxException: com.google.gson.stream.MalformedJsonException: invalid number or unquoted string near 
13:11:37 INFO  : Launching XSDB server: xsdb.bat -s C:/Xilinx/SDK/2015.2/scripts/xsdb/xsdb/xsdb-server.tcl
13:11:38 INFO  : XSDB server has started successfully.
13:11:39 INFO  : Processing command line option -hwspec C:/Users/Tung/Desktop/AXIS_Convolution_v1/axi_conv_fp_3x3/axi_conv_fp_3x3.sdk/design_1_wrapper.hdf.
13:11:39 INFO  : Checking for hwspec changes in the project design_1_wrapper_hw_platform_0.
13:11:40 INFO  : SDK has detected change in the last modified timestamps for source hardware specification file Source:1532585491736,  Project:1532585372591
13:11:40 INFO  : The hardware specification for project 'design_1_wrapper_hw_platform_0' is different from C:/Users/Tung/Desktop/AXIS_Convolution_v1/axi_conv_fp_3x3/axi_conv_fp_3x3.sdk/design_1_wrapper.hdf.
13:11:40 INFO  : Copied contents of C:/Users/Tung/Desktop/AXIS_Convolution_v1/axi_conv_fp_3x3/axi_conv_fp_3x3.sdk/design_1_wrapper.hdf into \design_1_wrapper_hw_platform_0\system.hdf.
13:11:44 INFO  : Synchronizing projects in the workspace with the hardware platform specification changes.
13:11:47 INFO  : 
13:11:49 INFO  : 
13:11:50 INFO  : Updating hardware inferred compiler options for fsbl.
13:11:50 INFO  : Updating hardware inferred compiler options for hello_world.
13:11:50 INFO  : Clearing existing target manager status.
13:11:50 INFO  : Workspace synchronized with the new hardware specification file. Cleaning dependent projects...
13:11:51 WARN  : Linker script will not be updated automatically. Users need to update it manually.
13:12:54 INFO  : Dumping Memory Contents ...
13:12:54 ERROR : Failed to Restore Memory, Reason: TCF command exception:
Command: Memory get "JTAG-jsn-Zed-210248782431-4ba00477-0", 16777216, 4, 1219856, 0
Exception: Debug context is claimed by another client
Error code: 1
13:13:43 ERROR : Unexpected error while parsing XMD response ?: com.google.gson.JsonSyntaxException: com.google.gson.stream.MalformedJsonException: invalid number or unquoted string near 
13:25:12 INFO  : Launching XSDB server: xsdb.bat -s C:/Xilinx/SDK/2015.2/scripts/xsdb/xsdb/xsdb-server.tcl
13:25:14 INFO  : Processing command line option -hwspec C:/Users/Tung/Desktop/AXIS_Convolution_v1/axi_conv_fp_3x3/axi_conv_fp_3x3.sdk/design_1_wrapper.hdf.
13:25:15 INFO  : XSDB server has started successfully.
13:25:15 INFO  : Checking for hwspec changes in the project design_1_wrapper_hw_platform_0.
13:25:16 INFO  : SDK has detected change in the last modified timestamps for source hardware specification file Source:1532586306548,  Project:1532585491736
13:25:16 INFO  : The hardware specification for project 'design_1_wrapper_hw_platform_0' is different from C:/Users/Tung/Desktop/AXIS_Convolution_v1/axi_conv_fp_3x3/axi_conv_fp_3x3.sdk/design_1_wrapper.hdf.
13:25:16 INFO  : Copied contents of C:/Users/Tung/Desktop/AXIS_Convolution_v1/axi_conv_fp_3x3/axi_conv_fp_3x3.sdk/design_1_wrapper.hdf into \design_1_wrapper_hw_platform_0\system.hdf.
13:25:20 INFO  : Synchronizing projects in the workspace with the hardware platform specification changes.
13:25:23 INFO  : 
13:25:26 INFO  : 
13:25:26 INFO  : Updating hardware inferred compiler options for fsbl.
13:25:27 INFO  : Updating hardware inferred compiler options for hello_world.
13:25:27 INFO  : Clearing existing target manager status.
13:25:27 INFO  : Workspace synchronized with the new hardware specification file. Cleaning dependent projects...
13:25:28 WARN  : Linker script will not be updated automatically. Users need to update it manually.
13:26:27 INFO  : Dumping Memory Contents ...
13:26:30 INFO  : Dumped Memory Contents Successfully to D:\test2\image_out.bin
13:27:05 INFO  : FPGA Cable Disconnected. All active launches will be terminated.
13:28:16 INFO  : Dumping Memory Contents ...
13:28:19 INFO  : Dumped Memory Contents Successfully to D:\test2\image_out.bin
13:29:00 ERROR : Unexpected error while parsing XMD response ?: com.google.gson.JsonSyntaxException: com.google.gson.stream.MalformedJsonException: invalid number or unquoted string near 
13:38:58 INFO  : Launching XSDB server: xsdb.bat -s C:/Xilinx/SDK/2015.2/scripts/xsdb/xsdb/xsdb-server.tcl
13:39:00 INFO  : XSDB server has started successfully.
13:39:01 INFO  : Processing command line option -hwspec C:/Users/Tung/Desktop/AXIS_Convolution_v1/axi_conv_fp_3x3/axi_conv_fp_3x3.sdk/design_1_wrapper.hdf.
13:39:02 INFO  : Checking for hwspec changes in the project design_1_wrapper_hw_platform_0.
13:39:03 INFO  : SDK has detected change in the last modified timestamps for source hardware specification file Source:1532587128229,  Project:1532586306548
13:39:03 INFO  : The hardware specification for project 'design_1_wrapper_hw_platform_0' is different from C:/Users/Tung/Desktop/AXIS_Convolution_v1/axi_conv_fp_3x3/axi_conv_fp_3x3.sdk/design_1_wrapper.hdf.
13:39:03 INFO  : Copied contents of C:/Users/Tung/Desktop/AXIS_Convolution_v1/axi_conv_fp_3x3/axi_conv_fp_3x3.sdk/design_1_wrapper.hdf into \design_1_wrapper_hw_platform_0\system.hdf.
13:39:13 INFO  : Synchronizing projects in the workspace with the hardware platform specification changes.
13:39:16 INFO  : 
13:39:19 INFO  : 
13:39:19 INFO  : Updating hardware inferred compiler options for fsbl.
13:39:20 INFO  : Updating hardware inferred compiler options for hello_world.
13:39:20 INFO  : Clearing existing target manager status.
13:39:20 INFO  : Workspace synchronized with the new hardware specification file. Cleaning dependent projects...
13:39:21 WARN  : Linker script will not be updated automatically. Users need to update it manually.
13:40:22 INFO  : Dumping Memory Contents ...
13:40:25 INFO  : Dumped Memory Contents Successfully to D:\test2\image_out.bin
13:41:13 INFO  : FPGA Cable Disconnected. All active launches will be terminated.
13:44:08 INFO  : Dumping Memory Contents ...
13:44:11 INFO  : Dumped Memory Contents Successfully to D:\test2\image_out.bin
13:47:30 INFO  : FPGA Cable Disconnected. All active launches will be terminated.
13:59:28 ERROR : Unexpected error while parsing XMD response ?: com.google.gson.JsonSyntaxException: com.google.gson.stream.MalformedJsonException: invalid number or unquoted string near 
14:42:34 INFO  : Launching XSDB server: xsdb.bat -s C:/Xilinx/SDK/2015.2/scripts/xsdb/xsdb/xsdb-server.tcl
14:42:35 INFO  : XSDB server has started successfully.
14:42:35 INFO  : Processing command line option -hwspec C:/Users/Tung/Desktop/AXIS_Convolution_v1/axi_conv_fp_3x3/axi_conv_fp_3x3.sdk/design_1_wrapper.hdf.
14:42:36 INFO  : Checking for hwspec changes in the project design_1_wrapper_hw_platform_0.
14:42:38 INFO  : SDK has detected change in the last modified timestamps for source hardware specification file Source:1532590947438,  Project:1532587128229
14:42:38 INFO  : The hardware specification for project 'design_1_wrapper_hw_platform_0' is different from C:/Users/Tung/Desktop/AXIS_Convolution_v1/axi_conv_fp_3x3/axi_conv_fp_3x3.sdk/design_1_wrapper.hdf.
14:42:38 INFO  : Copied contents of C:/Users/Tung/Desktop/AXIS_Convolution_v1/axi_conv_fp_3x3/axi_conv_fp_3x3.sdk/design_1_wrapper.hdf into \design_1_wrapper_hw_platform_0\system.hdf.
14:42:41 INFO  : Synchronizing projects in the workspace with the hardware platform specification changes.
14:42:45 INFO  : 
14:42:47 INFO  : 
14:42:48 INFO  : Updating hardware inferred compiler options for fsbl.
14:42:48 INFO  : Updating hardware inferred compiler options for hello_world.
14:42:48 INFO  : Clearing existing target manager status.
14:42:48 INFO  : Workspace synchronized with the new hardware specification file. Cleaning dependent projects...
14:42:49 WARN  : Linker script will not be updated automatically. Users need to update it manually.
14:44:22 INFO  : Dumping Memory Contents ...
14:44:24 INFO  : Dumped Memory Contents Successfully to D:\test2\image_out.bin
14:44:44 ERROR : Unexpected error while parsing XMD response ?: com.google.gson.JsonSyntaxException: com.google.gson.stream.MalformedJsonException: invalid number or unquoted string near 
16:00:58 INFO  : Launching XSDB server: xsdb.bat -s C:/Xilinx/SDK/2015.2/scripts/xsdb/xsdb/xsdb-server.tcl
16:01:05 INFO  : XSDB server has started successfully.
16:01:07 INFO  : Processing command line option -hwspec C:/Users/Tung/Desktop/AXIS_Convolution_v1/axi_conv_fp_3x3/axi_conv_fp_3x3.sdk/design_1_wrapper.hdf.
16:01:09 INFO  : Checking for hwspec changes in the project design_1_wrapper_hw_platform_0.
16:01:11 INFO  : SDK has detected change in the last modified timestamps for source hardware specification file Source:1532595635643,  Project:1532590947438
16:01:11 INFO  : The hardware specification for project 'design_1_wrapper_hw_platform_0' is different from C:/Users/Tung/Desktop/AXIS_Convolution_v1/axi_conv_fp_3x3/axi_conv_fp_3x3.sdk/design_1_wrapper.hdf.
16:01:11 INFO  : Copied contents of C:/Users/Tung/Desktop/AXIS_Convolution_v1/axi_conv_fp_3x3/axi_conv_fp_3x3.sdk/design_1_wrapper.hdf into \design_1_wrapper_hw_platform_0\system.hdf.
16:01:15 INFO  : Synchronizing projects in the workspace with the hardware platform specification changes.
16:01:29 INFO  : 
16:01:32 INFO  : 
16:01:33 INFO  : Updating hardware inferred compiler options for fsbl.
16:01:34 INFO  : Updating hardware inferred compiler options for hello_world.
16:01:34 INFO  : Clearing existing target manager status.
16:01:34 INFO  : Workspace synchronized with the new hardware specification file. Cleaning dependent projects...
16:01:35 WARN  : Linker script will not be updated automatically. Users need to update it manually.
16:02:52 INFO  : Dumping Memory Contents ...
16:02:55 INFO  : Dumped Memory Contents Successfully to D:\test2\image_out.bin
16:05:33 INFO  : FPGA Cable Disconnected. All active launches will be terminated.
16:15:34 ERROR : Unexpected error while parsing XMD response ?: com.google.gson.JsonSyntaxException: com.google.gson.stream.MalformedJsonException: invalid number or unquoted string near 
16:16:01 INFO  : Launching XSDB server: xsdb.bat -s C:/Xilinx/SDK/2015.2/scripts/xsdb/xsdb/xsdb-server.tcl
16:16:05 INFO  : XSDB server has started successfully.
16:16:06 INFO  : Processing command line option -hwspec C:/Users/Tung/Desktop/AXIS_Convolution_v1/axi_conv_fp_3x3/axi_conv_fp_3x3.sdk/design_1_wrapper.hdf.
16:16:07 INFO  : Checking for hwspec changes in the project design_1_wrapper_hw_platform_0.
16:16:10 INFO  : SDK has detected change in the last modified timestamps for source hardware specification file Source:1532596543407,  Project:1532595635643
16:16:10 INFO  : The hardware specification for project 'design_1_wrapper_hw_platform_0' is different from C:/Users/Tung/Desktop/AXIS_Convolution_v1/axi_conv_fp_3x3/axi_conv_fp_3x3.sdk/design_1_wrapper.hdf.
16:16:10 INFO  : Copied contents of C:/Users/Tung/Desktop/AXIS_Convolution_v1/axi_conv_fp_3x3/axi_conv_fp_3x3.sdk/design_1_wrapper.hdf into \design_1_wrapper_hw_platform_0\system.hdf.
16:16:13 INFO  : Synchronizing projects in the workspace with the hardware platform specification changes.
16:16:25 INFO  : 
16:16:27 INFO  : 
16:16:28 INFO  : Updating hardware inferred compiler options for fsbl.
16:16:29 INFO  : Updating hardware inferred compiler options for hello_world.
16:16:29 INFO  : Clearing existing target manager status.
16:16:29 INFO  : Workspace synchronized with the new hardware specification file. Cleaning dependent projects...
16:16:30 WARN  : Linker script will not be updated automatically. Users need to update it manually.
16:17:55 INFO  : Dumping Memory Contents ...
16:17:58 INFO  : Dumped Memory Contents Successfully to D:\test2\image_out.bin
16:18:50 ERROR : Unexpected error while parsing XMD response ?: com.google.gson.JsonSyntaxException: com.google.gson.stream.MalformedJsonException: invalid number or unquoted string near 
09:05:46 INFO  : Launching XSDB server: xsdb.bat -s C:/Xilinx/SDK/2015.2/scripts/xsdb/xsdb/xsdb-server.tcl
09:05:48 INFO  : XSDB server has started successfully.
09:05:48 INFO  : Processing command line option -hwspec C:/Users/Tung/Desktop/AXIS_Convolution_v1/axi_conv_fp_3x3/axi_conv_fp_3x3.sdk/design_1_wrapper.hdf.
09:05:49 INFO  : Checking for hwspec changes in the project design_1_wrapper_hw_platform_0.
09:05:50 INFO  : SDK has detected change in the last modified timestamps for source hardware specification file Source:1532657135546,  Project:1532596543407
09:05:50 INFO  : The hardware specification for project 'design_1_wrapper_hw_platform_0' is different from C:/Users/Tung/Desktop/AXIS_Convolution_v1/axi_conv_fp_3x3/axi_conv_fp_3x3.sdk/design_1_wrapper.hdf.
09:05:50 INFO  : Copied contents of C:/Users/Tung/Desktop/AXIS_Convolution_v1/axi_conv_fp_3x3/axi_conv_fp_3x3.sdk/design_1_wrapper.hdf into \design_1_wrapper_hw_platform_0\system.hdf.
09:05:54 INFO  : Synchronizing projects in the workspace with the hardware platform specification changes.
09:05:58 INFO  : 
09:06:01 INFO  : 
09:06:01 INFO  : Updating hardware inferred compiler options for fsbl.
09:06:02 INFO  : Updating hardware inferred compiler options for hello_world.
09:06:02 INFO  : Clearing existing target manager status.
09:06:02 INFO  : Workspace synchronized with the new hardware specification file. Cleaning dependent projects...
09:06:03 WARN  : Linker script will not be updated automatically. Users need to update it manually.
09:10:15 INFO  : FPGA Cable Disconnected. All active launches will be terminated.
09:11:44 ERROR : Unexpected error while parsing XMD response ?: com.google.gson.JsonSyntaxException: com.google.gson.stream.MalformedJsonException: invalid number or unquoted string near 
09:20:29 INFO  : Launching XSDB server: xsdb.bat -s C:/Xilinx/SDK/2015.2/scripts/xsdb/xsdb/xsdb-server.tcl
09:20:30 INFO  : XSDB server has started successfully.
09:20:31 INFO  : Processing command line option -hwspec C:/Users/Tung/Desktop/AXIS_Convolution_v1/axi_conv_fp_3x3/axi_conv_fp_3x3.sdk/design_1_wrapper.hdf.
09:20:32 INFO  : Checking for hwspec changes in the project design_1_wrapper_hw_platform_0.
09:20:33 INFO  : SDK has detected change in the last modified timestamps for source hardware specification file Source:1532658022024,  Project:1532657135546
09:20:33 INFO  : The hardware specification for project 'design_1_wrapper_hw_platform_0' is different from C:/Users/Tung/Desktop/AXIS_Convolution_v1/axi_conv_fp_3x3/axi_conv_fp_3x3.sdk/design_1_wrapper.hdf.
09:20:33 INFO  : Copied contents of C:/Users/Tung/Desktop/AXIS_Convolution_v1/axi_conv_fp_3x3/axi_conv_fp_3x3.sdk/design_1_wrapper.hdf into \design_1_wrapper_hw_platform_0\system.hdf.
09:20:37 INFO  : Synchronizing projects in the workspace with the hardware platform specification changes.
09:20:40 INFO  : 
09:20:43 INFO  : 
09:20:44 INFO  : Updating hardware inferred compiler options for fsbl.
09:20:44 INFO  : Updating hardware inferred compiler options for hello_world.
09:20:44 INFO  : Clearing existing target manager status.
09:20:44 INFO  : Workspace synchronized with the new hardware specification file. Cleaning dependent projects...
09:20:45 WARN  : Linker script will not be updated automatically. Users need to update it manually.
09:22:42 INFO  : Dumping Memory Contents ...
09:22:45 INFO  : Dumped Memory Contents Successfully to D:\test2\image_out.bin
09:23:55 INFO  : FPGA Cable Disconnected. All active launches will be terminated.
10:07:58 INFO  : FPGA Cable Disconnected. All active launches will be terminated.
10:19:33 INFO  : FPGA Cable Disconnected. All active launches will be terminated.
10:29:32 INFO  : FPGA Cable Disconnected. All active launches will be terminated.
10:32:08 INFO  : FPGA Cable Disconnected. All active launches will be terminated.
10:37:10 INFO  : FPGA Cable Disconnected. All active launches will be terminated.
10:46:34 INFO  : Dumping Memory Contents ...
10:46:37 INFO  : Dumped Memory Contents Successfully to D:\test2\image_out.bin
10:49:15 INFO  : FPGA Cable Disconnected. All active launches will be terminated.
11:23:50 ERROR : Unexpected error while parsing XMD response ?: com.google.gson.JsonSyntaxException: com.google.gson.stream.MalformedJsonException: invalid number or unquoted string near 
