12:53:36 INFO  : Launching XSDB server: xsdb.bat -s C:/Xilinx/SDK/2015.2/scripts/xsdb/xsdb/xsdb-server.tcl
12:53:38 INFO  : Processing command line option -hwspec C:/Users/Tung/Desktop/AXIS_Convolution_v1/axi_conv_fp_3x3/axi_conv_fp_3x3.sdk/design_1_wrapper.hdf.
12:53:39 INFO  : XSDB server has started successfully.
13:00:18 INFO  : FPGA Cable Disconnected. All active launches will be terminated.
13:03:51 INFO  : FPGA Cable Disconnected. All active launches will be terminated.
13:06:53 INFO  : FPGA Cable Disconnected. All active launches will be terminated.
13:10:14 INFO  : FPGA Cable Disconnected. All active launches will be terminated.
13:20:25 INFO  : Restoring File Contents to Memory...
13:20:39 INFO  : Restored Contents to Memory Successfully from File D:\test2\image_in.bin
13:23:27 INFO  : FPGA Cable Disconnected. All active launches will be terminated.
13:26:16 INFO  : FPGA Cable Disconnected. All active launches will be terminated.
13:27:58 INFO  : FPGA Cable Disconnected. All active launches will be terminated.
13:30:56 INFO  : FPGA Cable Disconnected. All active launches will be terminated.
13:31:36 INFO  : Restoring File Contents to Memory...
13:31:50 INFO  : Restored Contents to Memory Successfully from File D:\test2\image_in.bin
13:33:06 INFO  : FPGA Cable Disconnected. All active launches will be terminated.
13:36:16 INFO  : FPGA Cable Disconnected. All active launches will be terminated.
13:38:36 INFO  : FPGA Cable Disconnected. All active launches will be terminated.
13:39:26 INFO  : FPGA Cable Disconnected. All active launches will be terminated.
13:41:37 INFO  : FPGA Cable Disconnected. All active launches will be terminated.
13:43:04 INFO  : Dumping Memory Contents ...
13:43:23 INFO  : Dumped Memory Contents Successfully to D:\test2\image_out.bin
13:45:16 INFO  : FPGA Cable Disconnected. All active launches will be terminated.
13:45:44 ERROR : Cannot find peer with selected id TCP:127.0.0.1:3121
13:46:32 INFO  : Restoring File Contents to Memory...
13:46:45 INFO  : Restored Contents to Memory Successfully from File D:\test2\image_in.bin
13:47:14 INFO  : Dumping Memory Contents ...
13:47:35 INFO  : Dumped Memory Contents Successfully to D:\test2\image_out.bin
13:50:11 INFO  : FPGA Cable Disconnected. All active launches will be terminated.
13:51:21 INFO  : Dumping Memory Contents ...
13:51:43 INFO  : Dumped Memory Contents Successfully to D:\test2\image_out.bin
13:52:18 INFO  : FPGA Cable Disconnected. All active launches will be terminated.
13:52:35 INFO  : Restoring File Contents to Memory...
13:52:35 ERROR : Failed to Restore File Contents to Memory, Reason: TCF command exception:
Command: Memory set "JTAG-jsn-Zed-210248782431-4ba00477-0", 16777216, 4, 9380400, 0, "AEL9AAU//AAAJOMAABHNAAAi1QAiXv4AKYD/ACyL/wAyhv8AJ3v8ABZ8/QAXgP8AGXv/AB18/wAlgv8AIIL+ABZ+/wAGaPQAFmb...
Exception: Cannot access DDR: the controller is held in reset
Error code: 1
13:52:35 ERROR : Failed to Connect to HW Server, Reason: Command [C 103 Memory getContext "JTAG-jsn-Zed-210248782431-4ba00477-0"] aborted
13:52:35 ERROR : Failed to Connect to HW Server, Reason: Command [C 105 RunControl getChildren "JTAG-jsn-Zed-210248782431-4ba00477-0.0"] aborted
13:52:35 ERROR : Failed to Connect to HW Server, Reason: Command [C 107 RunControl getChildren "JTAG-jsn-Zed-210248782431-4ba00477-0.1"] aborted
13:53:37 INFO  : Restoring File Contents to Memory...
13:53:51 INFO  : Restored Contents to Memory Successfully from File D:\test2\image_in.bin
13:54:17 INFO  : FPGA Cable Disconnected. All active launches will be terminated.
13:55:22 INFO  : Restoring File Contents to Memory...
13:55:36 INFO  : Restored Contents to Memory Successfully from File D:\test2\image_in.bin
13:56:17 INFO  : Dumping Memory Contents ...
13:56:41 INFO  : Dumped Memory Contents Successfully to D:\test2\image_out.bin
13:59:10 INFO  : FPGA Cable Disconnected. All active launches will be terminated.
13:59:59 INFO  : Restoring File Contents to Memory...
14:00:13 INFO  : Restored Contents to Memory Successfully from File D:\test2\image_in.bin
14:01:18 INFO  : Dumping Memory Contents ...
14:01:38 INFO  : Dumped Memory Contents Successfully to D:\test2\image_out.bin
14:02:58 INFO  : FPGA Cable Disconnected. All active launches will be terminated.
14:03:44 INFO  : Restoring File Contents to Memory...
14:03:58 INFO  : Restored Contents to Memory Successfully from File D:\test2\image_in.bin
14:04:40 INFO  : Dumping Memory Contents ...
14:04:42 INFO  : Dumped Memory Contents Successfully to D:\test2\image_out.bin
14:19:23 INFO  : FPGA Cable Disconnected. All active launches will be terminated.
14:30:11 INFO  : FPGA Cable Disconnected. All active launches will be terminated.
14:31:01 INFO  : FPGA Cable Disconnected. All active launches will be terminated.
14:31:48 INFO  : Restoring File Contents to Memory...
14:32:02 INFO  : Restored Contents to Memory Successfully from File D:\test2\image_in.bin
14:32:29 INFO  : Dumping Memory Contents ...
14:32:53 INFO  : Dumped Memory Contents Successfully to D:\test2\image_out.bin
14:35:51 INFO  : FPGA Cable Disconnected. All active launches will be terminated.
14:45:58 INFO  : Restoring File Contents to Memory...
14:46:11 INFO  : Restored Contents to Memory Successfully from File D:\test2\image_in.bin
14:46:47 INFO  : Dumping Memory Contents ...
14:47:10 INFO  : Dumped Memory Contents Successfully to D:\test2\image_out.bin
14:50:21 INFO  : FPGA Cable Disconnected. All active launches will be terminated.
14:51:30 INFO  : Restoring File Contents to Memory...
14:51:44 INFO  : Restored Contents to Memory Successfully from File D:\test2\image_in.bin
14:52:15 INFO  : Dumping Memory Contents ...
14:52:34 INFO  : Dumped Memory Contents Successfully to D:\test2\image_out.bin
14:54:34 INFO  : FPGA Cable Disconnected. All active launches will be terminated.
14:55:21 INFO  : Restoring File Contents to Memory...
14:55:34 INFO  : Restored Contents to Memory Successfully from File D:\test2\image_in.bin
14:55:59 INFO  : Dumping Memory Contents ...
14:56:18 INFO  : Dumped Memory Contents Successfully to D:\test2\image_out.bin
14:58:22 INFO  : FPGA Cable Disconnected. All active launches will be terminated.
14:59:01 INFO  : FPGA Cable Disconnected. All active launches will be terminated.
14:59:44 INFO  : Restoring File Contents to Memory...
14:59:58 INFO  : Restored Contents to Memory Successfully from File D:\test2\image_in.bin
15:00:26 INFO  : Dumping Memory Contents ...
15:00:49 INFO  : Dumped Memory Contents Successfully to D:\test2\image_out.bin
15:04:25 INFO  : FPGA Cable Disconnected. All active launches will be terminated.
15:42:36 INFO  : FPGA Cable Disconnected. All active launches will be terminated.
15:43:15 INFO  : Restoring File Contents to Memory...
15:43:28 INFO  : Restored Contents to Memory Successfully from File D:\test2\image_in.bin
15:44:15 INFO  : FPGA Cable Disconnected. All active launches will be terminated.
15:44:54 INFO  : Restoring File Contents to Memory...
15:45:07 INFO  : Restored Contents to Memory Successfully from File D:\test2\image_in.bin
15:45:32 INFO  : Dumping Memory Contents ...
15:45:51 INFO  : Dumped Memory Contents Successfully to D:\test2\image_out.bin
15:47:01 INFO  : FPGA Cable Disconnected. All active launches will be terminated.
15:55:13 INFO  : FPGA Cable Disconnected. All active launches will be terminated.
15:55:55 INFO  : Restoring File Contents to Memory...
15:56:09 INFO  : Restored Contents to Memory Successfully from File D:\test2\image_in.bin
15:56:41 INFO  : Dumping Memory Contents ...
15:57:01 INFO  : Dumped Memory Contents Successfully to D:\test2\image_out.bin
15:58:16 INFO  : FPGA Cable Disconnected. All active launches will be terminated.
15:58:50 INFO  : Restoring File Contents to Memory...
15:59:04 INFO  : Restored Contents to Memory Successfully from File D:\test2\image_in.bin
15:59:37 INFO  : Dumping Memory Contents ...
15:59:56 INFO  : Dumped Memory Contents Successfully to D:\test2\image_out.bin
16:00:46 INFO  : FPGA Cable Disconnected. All active launches will be terminated.
16:01:19 INFO  : Restoring File Contents to Memory...
16:01:32 INFO  : Restored Contents to Memory Successfully from File D:\test2\image_in.bin
16:01:59 INFO  : Dumping Memory Contents ...
16:02:18 INFO  : Dumped Memory Contents Successfully to D:\test2\image_out.bin
16:03:28 INFO  : FPGA Cable Disconnected. All active launches will be terminated.
16:03:59 INFO  : Restoring File Contents to Memory...
16:04:13 INFO  : Restored Contents to Memory Successfully from File D:\test2\image_in.bin
16:04:37 INFO  : Dumping Memory Contents ...
16:05:00 INFO  : Dumped Memory Contents Successfully to D:\test2\image_out.bin
16:06:09 INFO  : Dumping Memory Contents ...
16:06:18 INFO  : Dumped Memory Contents Successfully to D:\test2\image_out.bin
16:07:34 INFO  : FPGA Cable Disconnected. All active launches will be terminated.
16:08:54 INFO  : Restoring File Contents to Memory...
16:09:08 INFO  : Restored Contents to Memory Successfully from File D:\test2\image_in.bin
16:09:34 INFO  : Dumping Memory Contents ...
16:09:38 INFO  : Dumped Memory Contents Successfully to D:\test2\image_out.bin
16:10:59 INFO  : FPGA Cable Disconnected. All active launches will be terminated.
16:11:35 INFO  : Dumping Memory Contents ...
16:11:55 INFO  : Dumped Memory Contents Successfully to D:\test2\image_in.bin
16:13:17 INFO  : FPGA Cable Disconnected. All active launches will be terminated.
16:14:46 INFO  : Restoring File Contents to Memory...
16:15:00 INFO  : Restored Contents to Memory Successfully from File D:\test2\image_in.bin
16:16:11 INFO  : Restoring File Contents to Memory...
16:16:25 INFO  : Restored Contents to Memory Successfully from File D:\test2\image_in.bin
16:16:57 INFO  : FPGA Cable Disconnected. All active launches will be terminated.
16:20:29 INFO  : Restoring File Contents to Memory...
16:20:34 INFO  : Restored Contents to Memory Successfully from File D:\test2\image_in.bin
16:21:10 INFO  : Dumping Memory Contents ...
16:21:14 INFO  : Dumped Memory Contents Successfully to D:\test2\image_out.bin
16:21:42 INFO  : FPGA Cable Disconnected. All active launches will be terminated.
16:22:25 INFO  : Restoring File Contents to Memory...
16:22:30 INFO  : Restored Contents to Memory Successfully from File D:\test2\image_in.bin
16:22:59 INFO  : Dumping Memory Contents ...
16:23:03 INFO  : Dumped Memory Contents Successfully to D:\test2\image_out.bin
16:27:31 INFO  : FPGA Cable Disconnected. All active launches will be terminated.
16:30:54 INFO  : Restoring File Contents to Memory...
16:31:07 INFO  : Restored Contents to Memory Successfully from File D:\test2\image_in.bin
16:31:33 INFO  : Dumping Memory Contents ...
16:31:53 INFO  : Dumped Memory Contents Successfully to D:\test2\image_out.bin
16:32:35 INFO  : FPGA Cable Disconnected. All active launches will be terminated.
16:33:37 INFO  : Dumping Memory Contents ...
16:33:56 INFO  : Dumped Memory Contents Successfully to D:\test2\image_in.bin
16:34:47 INFO  : FPGA Cable Disconnected. All active launches will be terminated.
16:36:31 INFO  : Restoring File Contents to Memory...
16:36:45 INFO  : Restored Contents to Memory Successfully from File D:\test2\image_in.bin
16:37:38 INFO  : FPGA Cable Disconnected. All active launches will be terminated.
16:38:29 INFO  : Restoring File Contents to Memory...
16:38:42 INFO  : Restored Contents to Memory Successfully from File D:\test2\image_in.bin
16:40:02 INFO  : FPGA Cable Disconnected. All active launches will be terminated.
16:40:48 INFO  : Restoring File Contents to Memory...
16:41:01 INFO  : Restored Contents to Memory Successfully from File D:\test2\image_in.bin
16:41:52 INFO  : FPGA Cable Disconnected. All active launches will be terminated.
16:42:27 INFO  : Dumping Memory Contents ...
16:42:46 INFO  : Dumped Memory Contents Successfully to D:\test2\image_in.bin
16:44:17 INFO  : FPGA Cable Disconnected. All active launches will be terminated.
16:45:49 INFO  : Restoring File Contents to Memory...
16:46:02 INFO  : Restored Contents to Memory Successfully from File D:\test2\image_in.bin
16:46:37 INFO  : FPGA Cable Disconnected. All active launches will be terminated.
16:47:17 INFO  : Restoring File Contents to Memory...
16:47:31 INFO  : Restored Contents to Memory Successfully from File D:\test2\image_in.bin
16:48:38 INFO  : Dumping Memory Contents ...
16:49:00 INFO  : Dumped Memory Contents Successfully to D:\test2\image_out.bin
16:54:04 INFO  : FPGA Cable Disconnected. All active launches will be terminated.
16:54:44 INFO  : Dumping Memory Contents ...
16:55:06 INFO  : Dumped Memory Contents Successfully to D:\test2\image_in.bin
16:58:51 INFO  : FPGA Cable Disconnected. All active launches will be terminated.
16:59:47 INFO  : Restoring File Contents to Memory...
17:00:01 INFO  : Restored Contents to Memory Successfully from File D:\test2\image_in.bin
17:00:42 INFO  : Dumping Memory Contents ...
17:01:06 INFO  : Dumped Memory Contents Successfully to D:\test2\image_out.bin
17:03:19 INFO  : FPGA Cable Disconnected. All active launches will be terminated.
17:04:12 INFO  : Restoring File Contents to Memory...
17:04:25 INFO  : Restored Contents to Memory Successfully from File D:\test2\image_in.bin
17:05:49 INFO  : Dumping Memory Contents ...
17:06:11 INFO  : Dumped Memory Contents Successfully to D:\test2\image_out.bin
17:09:55 INFO  : FPGA Cable Disconnected. All active launches will be terminated.
17:10:57 INFO  : Restoring File Contents to Memory...
17:11:11 INFO  : Restored Contents to Memory Successfully from File D:\test2\image_in.bin
17:12:06 INFO  : Dumping Memory Contents ...
17:12:13 INFO  : Dumped Memory Contents Successfully to D:\test2\image_out.bin
17:14:37 INFO  : FPGA Cable Disconnected. All active launches will be terminated.
17:15:32 INFO  : Restoring File Contents to Memory...
17:15:46 INFO  : Restored Contents to Memory Successfully from File D:\test2\image_in.bin
17:17:07 INFO  : Dumping Memory Contents ...
17:17:25 INFO  : Dumped Memory Contents Successfully to D:\test2\image_out.bin
17:23:13 INFO  : FPGA Cable Disconnected. All active launches will be terminated.
17:24:05 ERROR : Unexpected error while parsing XMD response ?: com.google.gson.JsonSyntaxException: com.google.gson.stream.MalformedJsonException: invalid number or unquoted string near 
08:56:53 INFO  : Launching XSDB server: xsdb.bat -s C:/Xilinx/SDK/2015.2/scripts/xsdb/xsdb/xsdb-server.tcl
08:56:58 INFO  : XSDB server has started successfully.
08:57:13 INFO  : Processing command line option -hwspec C:/Users/Tung/Desktop/AXIS_Convolution_v1/axi_conv_fp_3x3/axi_conv_fp_3x3.sdk/design_1_wrapper.hdf.
08:57:15 INFO  : Checking for hwspec changes in the project design_1_wrapper_hw_platform_0.
08:57:15 INFO  : SDK has detected change in the last modified timestamps for source hardware specification file Source:1532915792789,  Project:1532757210175
08:57:15 INFO  : The hardware specification for project 'design_1_wrapper_hw_platform_0' is different from C:/Users/Tung/Desktop/AXIS_Convolution_v1/axi_conv_fp_3x3/axi_conv_fp_3x3.sdk/design_1_wrapper.hdf.
08:57:15 INFO  : Copied contents of C:/Users/Tung/Desktop/AXIS_Convolution_v1/axi_conv_fp_3x3/axi_conv_fp_3x3.sdk/design_1_wrapper.hdf into \design_1_wrapper_hw_platform_0\system.hdf.
08:57:19 INFO  : Synchronizing projects in the workspace with the hardware platform specification changes.
08:57:26 INFO  : 
08:57:28 INFO  : 
08:57:29 INFO  : Updating hardware inferred compiler options for fsbl.
08:57:30 INFO  : Updating hardware inferred compiler options for hello_world.
08:57:30 INFO  : Clearing existing target manager status.
08:57:30 INFO  : Closing and re-opening the MSS file of ther project fsbl_bsp
08:57:30 INFO  : Workspace synchronized with the new hardware specification file. Cleaning dependent projects...
08:57:32 WARN  : Linker script will not be updated automatically. Users need to update it manually.
09:00:07 INFO  : Restoring File Contents to Memory...
09:00:20 INFO  : Restored Contents to Memory Successfully from File D:\test2\image_in.bin
09:02:13 INFO  : Dumping Memory Contents ...
09:02:35 INFO  : Dumped Memory Contents Successfully to D:\test2\image_out.bin
09:11:31 INFO  : FPGA Cable Disconnected. All active launches will be terminated.
09:12:06 INFO  : Restoring File Contents to Memory...
09:12:19 INFO  : Restored Contents to Memory Successfully from File D:\test2\image_in.bin
09:12:50 INFO  : FPGA Cable Disconnected. All active launches will be terminated.
09:13:47 INFO  : FPGA Cable Disconnected. All active launches will be terminated.
09:15:53 INFO  : Restoring File Contents to Memory...
09:16:06 INFO  : Restored Contents to Memory Successfully from File D:\test2\image_in.bin
09:16:37 INFO  : Dumping Memory Contents ...
09:16:57 INFO  : Dumped Memory Contents Successfully to D:\test2\image_out.bin
09:18:56 INFO  : FPGA Cable Disconnected. All active launches will be terminated.
09:19:46 INFO  : Restoring File Contents to Memory...
09:19:59 INFO  : Restored Contents to Memory Successfully from File D:\test2\image_in.bin
09:20:41 INFO  : Dumping Memory Contents ...
09:21:03 INFO  : Dumped Memory Contents Successfully to D:\test2\image_out.bin
09:26:04 ERROR : Unexpected error while parsing XMD response ?: com.google.gson.JsonSyntaxException: com.google.gson.stream.MalformedJsonException: invalid number or unquoted string near 
09:36:59 INFO  : Launching XSDB server: xsdb.bat -s C:/Xilinx/SDK/2015.2/scripts/xsdb/xsdb/xsdb-server.tcl
09:37:03 INFO  : XSDB server has started successfully.
09:37:06 INFO  : Processing command line option -hwspec C:/Users/Tung/Desktop/AXIS_Convolution_v1/axi_conv_fp_3x3/axi_conv_fp_3x3.sdk/design_1_wrapper.hdf.
09:37:07 INFO  : Checking for hwspec changes in the project design_1_wrapper_hw_platform_0.
09:37:10 INFO  : SDK has detected change in the last modified timestamps for source hardware specification file Source:1532918203789,  Project:1532915792789
09:37:10 INFO  : The hardware specification for project 'design_1_wrapper_hw_platform_0' is different from C:/Users/Tung/Desktop/AXIS_Convolution_v1/axi_conv_fp_3x3/axi_conv_fp_3x3.sdk/design_1_wrapper.hdf.
09:37:10 INFO  : Copied contents of C:/Users/Tung/Desktop/AXIS_Convolution_v1/axi_conv_fp_3x3/axi_conv_fp_3x3.sdk/design_1_wrapper.hdf into \design_1_wrapper_hw_platform_0\system.hdf.
09:37:25 INFO  : Synchronizing projects in the workspace with the hardware platform specification changes.
09:37:33 INFO  : 
09:37:35 INFO  : 
09:37:36 INFO  : Updating hardware inferred compiler options for fsbl.
09:37:37 INFO  : Updating hardware inferred compiler options for hello_world.
09:37:37 INFO  : Clearing existing target manager status.
09:39:24 INFO  : FPGA Cable Disconnected. All active launches will be terminated.
09:40:42 INFO  : Restoring File Contents to Memory...
09:40:55 INFO  : Restored Contents to Memory Successfully from File D:\test2\image_in.bin
09:41:28 INFO  : Dumping Memory Contents ...
09:41:48 INFO  : Dumped Memory Contents Successfully to D:\test2\image_out.bin
09:45:40 ERROR : Unexpected error while parsing XMD response ?: com.google.gson.JsonSyntaxException: com.google.gson.stream.MalformedJsonException: invalid number or unquoted string near 
10:10:49 INFO  : Launching XSDB server: xsdb.bat -s C:/Xilinx/SDK/2015.2/scripts/xsdb/xsdb/xsdb-server.tcl
10:10:53 INFO  : XSDB server has started successfully.
10:10:55 INFO  : Processing command line option -hwspec C:/Users/Tung/Desktop/AXIS_Convolution_v1/axi_conv_fp_3x3/axi_conv_fp_3x3.sdk/design_1_wrapper.hdf.
10:10:56 INFO  : Checking for hwspec changes in the project design_1_wrapper_hw_platform_0.
10:10:59 INFO  : SDK has detected change in the last modified timestamps for source hardware specification file Source:1532920232161,  Project:1532918203789
10:10:59 INFO  : The hardware specification for project 'design_1_wrapper_hw_platform_0' is different from C:/Users/Tung/Desktop/AXIS_Convolution_v1/axi_conv_fp_3x3/axi_conv_fp_3x3.sdk/design_1_wrapper.hdf.
10:10:59 INFO  : Copied contents of C:/Users/Tung/Desktop/AXIS_Convolution_v1/axi_conv_fp_3x3/axi_conv_fp_3x3.sdk/design_1_wrapper.hdf into \design_1_wrapper_hw_platform_0\system.hdf.
10:11:23 INFO  : Synchronizing projects in the workspace with the hardware platform specification changes.
10:11:27 INFO  : 
10:11:29 INFO  : 
10:11:44 INFO  : Updating hardware inferred compiler options for fsbl.
10:11:45 INFO  : Updating hardware inferred compiler options for hello_world.
10:11:45 INFO  : Clearing existing target manager status.
10:13:36 INFO  : FPGA Cable Disconnected. All active launches will be terminated.
10:14:27 INFO  : Restoring File Contents to Memory...
10:14:40 INFO  : Restored Contents to Memory Successfully from File D:\test2\image_in.bin
10:15:12 INFO  : Dumping Memory Contents ...
10:15:32 INFO  : Dumped Memory Contents Successfully to D:\test2\image_out.bin
10:17:06 INFO  : FPGA Cable Disconnected. All active launches will be terminated.
10:18:07 INFO  : Launching XSDB server: xsdb.bat -s C:/Xilinx/SDK/2015.2/scripts/xsdb/xsdb/xsdb-server.tcl
10:18:08 WARN  : Unable to obtain port 2350 for use by XMD, java.net.SocketException: Unrecognized Windows Sockets error: 0: JVM_Bind
10:18:08 INFO  : XSDB server has started successfully.
10:18:09 INFO  : Processing command line option -hwspec C:/Users/Tung/Desktop/AXIS_Convolution_v1/axi_conv_fp_3x3/axi_conv_fp_3x3.sdk/design_1_wrapper.hdf.
10:18:10 INFO  : Checking for hwspec changes in the project design_1_wrapper_hw_platform_0.
10:24:36 INFO  : Launching XSDB server: xsdb.bat -s C:/Xilinx/SDK/2015.2/scripts/xsdb/xsdb/xsdb-server.tcl
10:24:40 INFO  : XSDB server has started successfully.
10:24:40 INFO  : Processing command line option -hwspec C:/Users/Tung/Desktop/AXIS_Convolution_v1/axi_conv_fp_3x3/axi_conv_fp_3x3.sdk/design_1_wrapper.hdf.
10:24:42 INFO  : Checking for hwspec changes in the project design_1_wrapper_hw_platform_0.
10:24:44 INFO  : SDK has detected change in the last modified timestamps for source hardware specification file Source:1532921060358,  Project:1532920232161
10:24:44 INFO  : The hardware specification for project 'design_1_wrapper_hw_platform_0' is different from C:/Users/Tung/Desktop/AXIS_Convolution_v1/axi_conv_fp_3x3/axi_conv_fp_3x3.sdk/design_1_wrapper.hdf.
10:24:45 INFO  : Copied contents of C:/Users/Tung/Desktop/AXIS_Convolution_v1/axi_conv_fp_3x3/axi_conv_fp_3x3.sdk/design_1_wrapper.hdf into \design_1_wrapper_hw_platform_0\system.hdf.
10:24:48 INFO  : Synchronizing projects in the workspace with the hardware platform specification changes.
10:25:00 INFO  : 
10:25:02 INFO  : 
10:25:03 INFO  : Updating hardware inferred compiler options for fsbl.
10:25:04 INFO  : Updating hardware inferred compiler options for hello_world.
10:25:04 INFO  : Clearing existing target manager status.
10:28:13 INFO  : FPGA Cable Disconnected. All active launches will be terminated.
10:29:23 INFO  : FPGA Cable Disconnected. All active launches will be terminated.
10:29:57 INFO  : Restoring File Contents to Memory...
10:30:11 INFO  : Restored Contents to Memory Successfully from File D:\test2\image_in.bin
10:30:49 INFO  : Dumping Memory Contents ...
10:31:09 INFO  : Dumped Memory Contents Successfully to D:\test2\image_out.bin
10:37:51 INFO  : FPGA Cable Disconnected. All active launches will be terminated.
10:38:36 INFO  : Restoring File Contents to Memory...
10:38:49 INFO  : Restored Contents to Memory Successfully from File D:\test2\image_in.bin
10:41:02 INFO  : FPGA Cable Disconnected. All active launches will be terminated.
11:01:10 ERROR : Unexpected error while parsing XMD response ?: com.google.gson.JsonSyntaxException: com.google.gson.stream.MalformedJsonException: invalid number or unquoted string near 
11:02:24 INFO  : Launching XSDB server: xsdb.bat -s C:/Xilinx/SDK/2015.2/scripts/xsdb/xsdb/xsdb-server.tcl
11:02:30 INFO  : Processing command line option -hwspec C:/Users/Tung/Desktop/AXIS_Convolution_v1/axi_conv_fp_3x3/axi_conv_fp_3x3.sdk/design_1_wrapper.hdf.
11:02:30 INFO  : XSDB server has started successfully.
11:02:32 INFO  : Checking for hwspec changes in the project design_1_wrapper_hw_platform_0.
11:02:34 INFO  : SDK has detected change in the last modified timestamps for source hardware specification file Source:1532923331611,  Project:1532921060358
11:02:34 INFO  : The hardware specification for project 'design_1_wrapper_hw_platform_0' is different from C:/Users/Tung/Desktop/AXIS_Convolution_v1/axi_conv_fp_3x3/axi_conv_fp_3x3.sdk/design_1_wrapper.hdf.
11:02:34 INFO  : Copied contents of C:/Users/Tung/Desktop/AXIS_Convolution_v1/axi_conv_fp_3x3/axi_conv_fp_3x3.sdk/design_1_wrapper.hdf into \design_1_wrapper_hw_platform_0\system.hdf.
11:02:57 INFO  : Synchronizing projects in the workspace with the hardware platform specification changes.
11:03:01 INFO  : 
11:03:03 INFO  : 
11:03:18 INFO  : Updating hardware inferred compiler options for fsbl.
11:03:19 INFO  : Updating hardware inferred compiler options for hello_world.
11:03:19 INFO  : Clearing existing target manager status.
11:05:58 INFO  : FPGA Cable Disconnected. All active launches will be terminated.
11:06:31 INFO  : Restoring File Contents to Memory...
11:06:44 INFO  : Restored Contents to Memory Successfully from File D:\test2\image_in.bin
11:07:16 INFO  : Dumping Memory Contents ...
11:07:34 INFO  : Dumped Memory Contents Successfully to D:\test2\image_in2.bin
11:08:35 INFO  : FPGA Cable Disconnected. All active launches will be terminated.
11:09:26 INFO  : Restoring File Contents to Memory...
11:09:39 INFO  : Restored Contents to Memory Successfully from File D:\test2\image_in.bin
11:10:15 INFO  : Dumping Memory Contents ...
11:10:34 INFO  : Dumped Memory Contents Successfully to D:\test2\image_in2.bin
11:11:25 INFO  : FPGA Cable Disconnected. All active launches will be terminated.
11:12:01 INFO  : Restoring File Contents to Memory...
11:12:14 INFO  : Restored Contents to Memory Successfully from File D:\test2\image_in.bin
11:12:56 INFO  : Dumping Memory Contents ...
11:13:17 INFO  : Dumped Memory Contents Successfully to D:\test2\image_in2.bin
11:14:06 INFO  : FPGA Cable Disconnected. All active launches will be terminated.
11:23:10 INFO  : Restoring File Contents to Memory...
11:23:23 INFO  : Restored Contents to Memory Successfully from File D:\test2\image_in.bin
11:23:58 INFO  : Dumping Memory Contents ...
11:24:17 INFO  : Dumped Memory Contents Successfully to D:\test2\image_in2.bin
11:31:41 INFO  : FPGA Cable Disconnected. All active launches will be terminated.
11:32:26 INFO  : Restoring File Contents to Memory...
11:32:39 INFO  : Restored Contents to Memory Successfully from File D:\test2\image_in.bin
11:33:35 INFO  : Dumping Memory Contents ...
11:33:54 INFO  : Dumped Memory Contents Successfully to D:\test2\image_in2.bin
11:44:13 INFO  : FPGA Cable Disconnected. All active launches will be terminated.
11:46:38 ERROR : Unexpected error while parsing XMD response ?: com.google.gson.JsonSyntaxException: com.google.gson.stream.MalformedJsonException: invalid number or unquoted string near 
11:49:46 INFO  : Launching XSDB server: xsdb.bat -s C:/Xilinx/SDK/2015.2/scripts/xsdb/xsdb/xsdb-server.tcl
11:49:51 INFO  : XSDB server has started successfully.
11:49:51 INFO  : Processing command line option -hwspec C:/Users/Tung/Desktop/AXIS_Convolution_v1/axi_conv_fp_3x3/axi_conv_fp_3x3.sdk/design_1_wrapper.hdf.
11:49:52 INFO  : Checking for hwspec changes in the project design_1_wrapper_hw_platform_0.
11:49:55 INFO  : SDK has detected change in the last modified timestamps for source hardware specification file Source:1532926175351,  Project:1532923331611
11:49:55 INFO  : The hardware specification for project 'design_1_wrapper_hw_platform_0' is different from C:/Users/Tung/Desktop/AXIS_Convolution_v1/axi_conv_fp_3x3/axi_conv_fp_3x3.sdk/design_1_wrapper.hdf.
11:49:55 INFO  : Copied contents of C:/Users/Tung/Desktop/AXIS_Convolution_v1/axi_conv_fp_3x3/axi_conv_fp_3x3.sdk/design_1_wrapper.hdf into \design_1_wrapper_hw_platform_0\system.hdf.
11:50:18 INFO  : Synchronizing projects in the workspace with the hardware platform specification changes.
11:50:22 INFO  : 
11:50:25 INFO  : 
11:50:26 INFO  : Updating hardware inferred compiler options for fsbl.
11:50:26 INFO  : Updating hardware inferred compiler options for hello_world.
11:50:26 INFO  : Clearing existing target manager status.
11:51:18 INFO  : FPGA Cable Disconnected. All active launches will be terminated.
11:52:06 INFO  : Restoring File Contents to Memory...
11:52:18 INFO  : Restored Contents to Memory Successfully from File D:\test2\image_in.bin
11:53:06 INFO  : Dumping Memory Contents ...
11:53:24 INFO  : Dumped Memory Contents Successfully to D:\test2\image_out.bin
12:19:51 INFO  : FPGA Cable Disconnected. All active launches will be terminated.
12:24:14 ERROR : Unexpected error while parsing XMD response ?: com.google.gson.JsonSyntaxException: com.google.gson.stream.MalformedJsonException: invalid number or unquoted string near 
12:33:18 INFO  : Launching XSDB server: xsdb.bat -s C:/Xilinx/SDK/2015.2/scripts/xsdb/xsdb/xsdb-server.tcl
12:33:21 INFO  : XSDB server has started successfully.
12:33:21 INFO  : Processing command line option -hwspec C:/Users/Tung/Desktop/AXIS_Convolution_v1/axi_conv_fp_3x3/axi_conv_fp_3x3.sdk/design_1_wrapper.hdf.
12:33:22 INFO  : Checking for hwspec changes in the project design_1_wrapper_hw_platform_0.
12:33:24 INFO  : SDK has detected change in the last modified timestamps for source hardware specification file Source:1532928789314,  Project:1532926175351
12:33:24 INFO  : The hardware specification for project 'design_1_wrapper_hw_platform_0' is different from C:/Users/Tung/Desktop/AXIS_Convolution_v1/axi_conv_fp_3x3/axi_conv_fp_3x3.sdk/design_1_wrapper.hdf.
12:33:24 INFO  : Copied contents of C:/Users/Tung/Desktop/AXIS_Convolution_v1/axi_conv_fp_3x3/axi_conv_fp_3x3.sdk/design_1_wrapper.hdf into \design_1_wrapper_hw_platform_0\system.hdf.
12:33:45 INFO  : Synchronizing projects in the workspace with the hardware platform specification changes.
12:33:48 INFO  : 
12:33:51 INFO  : 
12:34:06 INFO  : Updating hardware inferred compiler options for fsbl.
12:34:06 INFO  : Updating hardware inferred compiler options for hello_world.
12:34:06 INFO  : Clearing existing target manager status.
12:35:21 INFO  : Restoring File Contents to Memory...
12:35:33 INFO  : Restored Contents to Memory Successfully from File D:\test2\image_in.bin
12:37:04 INFO  : Dumping Memory Contents ...
12:37:20 INFO  : Dumped Memory Contents Successfully to D:\test2\image_in2.bin
12:38:01 INFO  : FPGA Cable Disconnected. All active launches will be terminated.
12:39:35 INFO  : Restoring File Contents to Memory...
12:39:47 INFO  : Restored Contents to Memory Successfully from File D:\test2\image_in.bin
12:40:33 INFO  : Dumping Memory Contents ...
12:40:52 INFO  : Dumped Memory Contents Successfully to D:\test2\image_in2.bin
12:49:21 INFO  : FPGA Cable Disconnected. All active launches will be terminated.
12:56:08 INFO  : SDK has detected change in the last modified timestamps for source hardware specification file Source:1532930166649,  Project:1532928789314
12:56:08 INFO  : Project design_1_wrapper_hw_platform_0's source hardware specification located at C:/Users/Tung/Desktop/AXIS_Convolution_v1/axi_conv_fp_3x3/axi_conv_fp_3x3.sdk/design_1_wrapper.hdf is now different from the local copy.
		 The local copy will be replaced with the source specification and your workspace will be updated.
12:56:33 INFO  : Copied contents of C:/Users/Tung/Desktop/AXIS_Convolution_v1/axi_conv_fp_3x3/axi_conv_fp_3x3.sdk/design_1_wrapper.hdf into \design_1_wrapper_hw_platform_0\system.hdf.
12:56:37 INFO  : Synchronizing projects in the workspace with the hardware platform specification changes.
12:56:43 INFO  : 
12:56:46 INFO  : 
12:56:47 INFO  : Updating hardware inferred compiler options for fsbl.
12:56:48 INFO  : Updating hardware inferred compiler options for hello_world.
12:56:48 INFO  : Clearing existing target manager status.
12:56:51 ERROR : Unexpected error while parsing XMD response ?: com.google.gson.JsonSyntaxException: com.google.gson.stream.MalformedJsonException: invalid number or unquoted string near 
12:57:02 INFO  : Launching XSDB server: xsdb.bat -s C:/Xilinx/SDK/2015.2/scripts/xsdb/xsdb/xsdb-server.tcl
12:57:06 INFO  : XSDB server has started successfully.
12:57:06 INFO  : Processing command line option -hwspec C:/Users/Tung/Desktop/AXIS_Convolution_v1/axi_conv_fp_3x3/axi_conv_fp_3x3.sdk/design_1_wrapper.hdf.
12:57:07 INFO  : Checking for hwspec changes in the project design_1_wrapper_hw_platform_0.
12:57:08 INFO  : SDK has detected change in the last modified timestamps for source hardware specification file Source:1532930217065,  Project:1532930166649
12:57:08 INFO  : The hardware specification for project 'design_1_wrapper_hw_platform_0' is different from C:/Users/Tung/Desktop/AXIS_Convolution_v1/axi_conv_fp_3x3/axi_conv_fp_3x3.sdk/design_1_wrapper.hdf.
12:57:08 INFO  : Copied contents of C:/Users/Tung/Desktop/AXIS_Convolution_v1/axi_conv_fp_3x3/axi_conv_fp_3x3.sdk/design_1_wrapper.hdf into \design_1_wrapper_hw_platform_0\system.hdf.
12:57:29 INFO  : Synchronizing projects in the workspace with the hardware platform specification changes.
12:57:32 INFO  : 
12:57:35 INFO  : 
12:57:49 INFO  : Updating hardware inferred compiler options for fsbl.
12:57:50 INFO  : Updating hardware inferred compiler options for hello_world.
12:57:50 INFO  : Clearing existing target manager status.
12:59:05 INFO  : Restoring File Contents to Memory...
12:59:16 INFO  : Restored Contents to Memory Successfully from File D:\test2\image_in.bin
12:59:48 INFO  : Dumping Memory Contents ...
13:00:05 INFO  : Dumped Memory Contents Successfully to D:\test2\image_out.bin
13:08:39 INFO  : FPGA Cable Disconnected. All active launches will be terminated.
13:17:45 ERROR : Unexpected error while parsing XMD response ?: com.google.gson.JsonSyntaxException: com.google.gson.stream.MalformedJsonException: invalid number or unquoted string near 
13:24:53 INFO  : Launching XSDB server: xsdb.bat -s C:/Xilinx/SDK/2015.2/scripts/xsdb/xsdb/xsdb-server.tcl
13:24:55 INFO  : Processing command line option -hwspec C:/Users/Tung/Desktop/AXIS_Convolution_v1/axi_conv_fp_3x3/axi_conv_fp_3x3.sdk/design_1_wrapper.hdf.
13:24:55 INFO  : XSDB server has started successfully.
13:24:56 INFO  : Checking for hwspec changes in the project design_1_wrapper_hw_platform_0.
13:24:57 INFO  : SDK has detected change in the last modified timestamps for source hardware specification file Source:1532931887919,  Project:1532930217065
13:24:57 INFO  : The hardware specification for project 'design_1_wrapper_hw_platform_0' is different from C:/Users/Tung/Desktop/AXIS_Convolution_v1/axi_conv_fp_3x3/axi_conv_fp_3x3.sdk/design_1_wrapper.hdf.
13:24:57 INFO  : Copied contents of C:/Users/Tung/Desktop/AXIS_Convolution_v1/axi_conv_fp_3x3/axi_conv_fp_3x3.sdk/design_1_wrapper.hdf into \design_1_wrapper_hw_platform_0\system.hdf.
13:25:11 INFO  : Synchronizing projects in the workspace with the hardware platform specification changes.
13:25:14 INFO  : 
13:25:17 INFO  : 
13:25:17 INFO  : Updating hardware inferred compiler options for fsbl.
13:25:18 INFO  : Updating hardware inferred compiler options for hello_world.
13:25:18 INFO  : Clearing existing target manager status.
13:27:29 INFO  : Restoring File Contents to Memory...
13:27:41 INFO  : Restored Contents to Memory Successfully from File D:\test2\image_in.bin
13:28:16 INFO  : Dumping Memory Contents ...
13:28:34 INFO  : Dumped Memory Contents Successfully to D:\test2\image_out.bin
13:30:31 INFO  : FPGA Cable Disconnected. All active launches will be terminated.
13:36:39 INFO  : Restoring File Contents to Memory...
13:36:50 INFO  : Restored Contents to Memory Successfully from File D:\test2\image_in.bin
13:37:35 INFO  : Dumping Memory Contents ...
13:37:53 INFO  : Dumped Memory Contents Successfully to D:\test2\image_out.bin
13:49:53 INFO  : FPGA Cable Disconnected. All active launches will be terminated.
14:14:54 INFO  : SDK has detected change in the last modified timestamps for source hardware specification file Source:1532934893915,  Project:1532931887919
14:14:54 INFO  : Project design_1_wrapper_hw_platform_0's source hardware specification located at C:/Users/Tung/Desktop/AXIS_Convolution_v1/axi_conv_fp_3x3/axi_conv_fp_3x3.sdk/design_1_wrapper.hdf is now different from the local copy.
		 The local copy will be replaced with the source specification and your workspace will be updated.
14:14:59 INFO  : Copied contents of C:/Users/Tung/Desktop/AXIS_Convolution_v1/axi_conv_fp_3x3/axi_conv_fp_3x3.sdk/design_1_wrapper.hdf into \design_1_wrapper_hw_platform_0\system.hdf.
14:15:05 INFO  : Synchronizing projects in the workspace with the hardware platform specification changes.
14:15:09 INFO  : 
14:15:11 INFO  : 
14:15:12 INFO  : Updating hardware inferred compiler options for fsbl.
14:15:13 INFO  : Updating hardware inferred compiler options for hello_world.
14:15:13 INFO  : Clearing existing target manager status.
14:15:18 ERROR : Unexpected error while parsing XMD response ?: com.google.gson.JsonSyntaxException: com.google.gson.stream.MalformedJsonException: invalid number or unquoted string near 
14:15:29 INFO  : Launching XSDB server: xsdb.bat -s C:/Xilinx/SDK/2015.2/scripts/xsdb/xsdb/xsdb-server.tcl
14:15:31 INFO  : XSDB server has started successfully.
14:15:31 INFO  : Processing command line option -hwspec C:/Users/Tung/Desktop/AXIS_Convolution_v1/axi_conv_fp_3x3/axi_conv_fp_3x3.sdk/design_1_wrapper.hdf.
14:15:33 INFO  : Checking for hwspec changes in the project design_1_wrapper_hw_platform_0.
14:15:33 INFO  : SDK has detected change in the last modified timestamps for source hardware specification file Source:1532934923245,  Project:1532934893915
14:15:33 INFO  : The hardware specification for project 'design_1_wrapper_hw_platform_0' is different from C:/Users/Tung/Desktop/AXIS_Convolution_v1/axi_conv_fp_3x3/axi_conv_fp_3x3.sdk/design_1_wrapper.hdf.
14:15:33 INFO  : Copied contents of C:/Users/Tung/Desktop/AXIS_Convolution_v1/axi_conv_fp_3x3/axi_conv_fp_3x3.sdk/design_1_wrapper.hdf into \design_1_wrapper_hw_platform_0\system.hdf.
14:15:55 INFO  : Synchronizing projects in the workspace with the hardware platform specification changes.
14:15:58 INFO  : 
14:16:00 INFO  : 
14:16:14 INFO  : Updating hardware inferred compiler options for fsbl.
14:16:15 INFO  : Updating hardware inferred compiler options for hello_world.
14:16:15 INFO  : Clearing existing target manager status.
14:17:02 INFO  : Restoring File Contents to Memory...
14:17:14 INFO  : Restored Contents to Memory Successfully from File D:\test2\image_in.bin
14:18:05 INFO  : Dumping Memory Contents ...
14:18:21 INFO  : Dumped Memory Contents Successfully to D:\test2\image_out.bin
14:30:12 ERROR : Unexpected error while parsing XMD response ?: com.google.gson.JsonSyntaxException: com.google.gson.stream.MalformedJsonException: invalid number or unquoted string near 
14:30:26 INFO  : Launching XSDB server: xsdb.bat -s C:/Xilinx/SDK/2015.2/scripts/xsdb/xsdb/xsdb-server.tcl
14:30:29 INFO  : Processing command line option -hwspec C:/Users/Tung/Desktop/AXIS_Convolution_v1/axi_conv_fp_3x3/axi_conv_fp_3x3.sdk/design_1_wrapper.hdf.
14:30:29 INFO  : XSDB server has started successfully.
14:30:30 INFO  : Checking for hwspec changes in the project design_1_wrapper_hw_platform_0.
14:30:32 INFO  : SDK has detected change in the last modified timestamps for source hardware specification file Source:1532935816179,  Project:1532934923245
14:30:32 INFO  : The hardware specification for project 'design_1_wrapper_hw_platform_0' is different from C:/Users/Tung/Desktop/AXIS_Convolution_v1/axi_conv_fp_3x3/axi_conv_fp_3x3.sdk/design_1_wrapper.hdf.
14:30:32 INFO  : Copied contents of C:/Users/Tung/Desktop/AXIS_Convolution_v1/axi_conv_fp_3x3/axi_conv_fp_3x3.sdk/design_1_wrapper.hdf into \design_1_wrapper_hw_platform_0\system.hdf.
14:30:54 INFO  : Synchronizing projects in the workspace with the hardware platform specification changes.
14:30:57 INFO  : 
14:30:59 INFO  : 
14:31:00 INFO  : Updating hardware inferred compiler options for fsbl.
14:31:01 INFO  : Updating hardware inferred compiler options for hello_world.
14:31:01 INFO  : Clearing existing target manager status.
14:32:32 INFO  : Restoring File Contents to Memory...
14:32:32 ERROR : Failed to Restore File Contents to Memory, Reason: TCF command exception:
Command: Memory set "JTAG-jsn-Zed-210248782431-4ba00477-0", 16777216, 4, 8601600, 0, "AEL9AAU//AAAJOMAABHNAAAi1QAiXv4AKYD/ACyL/wAyhv8AJ3v8ABZ8/QAXgP8AGXv/AB18/wAlgv8AIIL+ABZ+/wAGaPQAFmb...
Exception: Debug context is claimed by another client
Error code: 1
14:33:18 INFO  : Dumping Memory Contents ...
14:33:18 ERROR : Failed to Restore Memory, Reason: TCF command exception:
Command: Memory get "JTAG-jsn-Zed-210248782431-4ba00477-0", 134217728, 4, 8538992, 0
Exception: Debug context is claimed by another client
Error code: 1
14:49:37 ERROR : Unexpected error while parsing XMD response ?: com.google.gson.JsonSyntaxException: com.google.gson.stream.MalformedJsonException: invalid number or unquoted string near 
14:51:08 INFO  : Launching XSDB server: xsdb.bat -s C:/Xilinx/SDK/2015.2/scripts/xsdb/xsdb/xsdb-server.tcl
14:51:11 INFO  : XSDB server has started successfully.
14:51:11 INFO  : Processing command line option -hwspec C:/Users/Tung/Desktop/AXIS_Convolution_v1/axi_conv_fp_3x3/axi_conv_fp_3x3.sdk/design_1_wrapper.hdf.
14:51:12 INFO  : Checking for hwspec changes in the project design_1_wrapper_hw_platform_0.
14:51:14 INFO  : SDK has detected change in the last modified timestamps for source hardware specification file Source:1532937059809,  Project:1532935816179
14:51:14 INFO  : The hardware specification for project 'design_1_wrapper_hw_platform_0' is different from C:/Users/Tung/Desktop/AXIS_Convolution_v1/axi_conv_fp_3x3/axi_conv_fp_3x3.sdk/design_1_wrapper.hdf.
14:51:14 INFO  : Copied contents of C:/Users/Tung/Desktop/AXIS_Convolution_v1/axi_conv_fp_3x3/axi_conv_fp_3x3.sdk/design_1_wrapper.hdf into \design_1_wrapper_hw_platform_0\system.hdf.
14:51:35 INFO  : Synchronizing projects in the workspace with the hardware platform specification changes.
14:51:38 INFO  : 
14:51:41 INFO  : 
14:51:56 INFO  : Updating hardware inferred compiler options for fsbl.
14:51:57 INFO  : Updating hardware inferred compiler options for hello_world.
14:51:57 INFO  : Clearing existing target manager status.
14:53:26 INFO  : Restoring File Contents to Memory...
14:53:26 ERROR : Failed to Restore File Contents to Memory, Reason: TCF command exception:
Command: Memory set "JTAG-jsn-Zed-210248782431-4ba00477-0", 16777216, 4, 8601600, 0, "AEL9AAU//AAAJOMAABHNAAAi1QAiXv4AKYD/ACyL/wAyhv8AJ3v8ABZ8/QAXgP8AGXv/AB18/wAlgv8AIIL+ABZ+/wAGaPQAFmb...
Exception: Debug context is claimed by another client
Error code: 1
14:54:17 INFO  : Dumping Memory Contents ...
14:54:18 ERROR : Failed to Restore Memory, Reason: TCF command exception:
Command: Memory get "JTAG-jsn-Zed-210248782431-4ba00477-0", 134217728, 4, 8538992, 0
Exception: Debug context is claimed by another client
Error code: 1
14:55:36 INFO  : Dumping Memory Contents ...
14:55:36 ERROR : Failed to Restore Memory, Reason: TCF command exception:
Command: Memory get "JTAG-jsn-Zed-210248782431-4ba00477-0", 134217728, 4, 8538992, 0
Exception: Debug context is claimed by another client
Error code: 1
14:56:42 INFO  : Dumping Memory Contents ...
14:56:42 ERROR : Failed to Restore Memory, Reason: TCF command exception:
Command: Memory get "JTAG-jsn-Zed-210248782431-4ba00477-0", 134217728, 4, 8538992, 0
Exception: Debug context is claimed by another client
Error code: 1
14:57:21 INFO  : FPGA Cable Disconnected. All active launches will be terminated.
14:57:21 INFO  : Dumping Memory Contents ...
14:57:21 INFO  : Dumping Memory Contents ...
14:57:21 INFO  : Dumping Memory Contents ...
14:57:22 ERROR : Failed to Restore Memory, Reason: TCF command exception:
Command: Memory get "JTAG-jsn-Zed-210248782431-4ba00477-0", 134217728, 4, 8538992, 0
Exception: Cannot access DDR: the controller is held in reset
Error code: 1
14:57:22 ERROR : Failed to Restore Memory, Reason: TCF command exception:
Command: Memory get "JTAG-jsn-Zed-210248782431-4ba00477-0", 134217728, 4, 8538992, 0
Exception: Cannot access DDR: the controller is held in reset
Error code: 1
14:57:22 ERROR : Failed to Restore Memory, Reason: TCF command exception:
Command: Memory get "JTAG-jsn-Zed-210248782431-4ba00477-0", 134217728, 4, 8538992, 0
Exception: Cannot access DDR: the controller is held in reset
Error code: 1
14:58:03 INFO  : Restoring File Contents to Memory...
14:58:15 INFO  : Restored Contents to Memory Successfully from File D:\test2\image_in.bin
14:58:46 INFO  : Dumping Memory Contents ...
14:59:05 INFO  : Dumped Memory Contents Successfully to D:\test2\image_out.bin
15:01:46 INFO  : Restoring File Contents to Memory...
15:01:58 INFO  : Restored Contents to Memory Successfully from File D:\test2\image_in.bin
15:03:57 INFO  : Restoring File Contents to Memory...
15:04:09 INFO  : Restored Contents to Memory Successfully from File D:\test2\image_in.bin
15:09:03 INFO  : Restoring File Contents to Memory...
15:09:15 INFO  : Restored Contents to Memory Successfully from File D:\test2\image_in.bin
15:11:45 INFO  : Restoring File Contents to Memory...
15:11:57 INFO  : Restored Contents to Memory Successfully from File D:\test2\image_in.bin
15:14:17 INFO  : FPGA Cable Disconnected. All active launches will be terminated.
15:15:04 INFO  : Restoring File Contents to Memory...
15:15:16 INFO  : Restored Contents to Memory Successfully from File D:\test2\image_in.bin
15:16:02 INFO  : Dumping Memory Contents ...
15:16:04 INFO  : Dumped Memory Contents Successfully to D:\test2\image_out.bin
15:17:30 INFO  : Dumping Memory Contents ...
15:17:33 INFO  : Dumped Memory Contents Successfully to D:\test2\image_out.bin
15:19:39 INFO  : FPGA Cable Disconnected. All active launches will be terminated.
15:20:36 INFO  : Restoring File Contents to Memory...
15:20:48 INFO  : Restored Contents to Memory Successfully from File D:\test2\image_in.bin
15:21:30 INFO  : Dumping Memory Contents ...
15:21:49 INFO  : Dumped Memory Contents Successfully to D:\test2\image_out.bin
15:29:12 INFO  : FPGA Cable Disconnected. All active launches will be terminated.
15:38:49 ERROR : Unexpected error while parsing XMD response ?: com.google.gson.JsonSyntaxException: com.google.gson.stream.MalformedJsonException: invalid number or unquoted string near 
15:39:02 INFO  : Launching XSDB server: xsdb.bat -s C:/Xilinx/SDK/2015.2/scripts/xsdb/xsdb/xsdb-server.tcl
15:39:07 INFO  : Processing command line option -hwspec C:/Users/Tung/Desktop/AXIS_Convolution_v1/axi_conv_fp_3x3/axi_conv_fp_3x3.sdk/design_1_wrapper.hdf.
15:39:09 INFO  : Checking for hwspec changes in the project design_1_wrapper_hw_platform_0.
15:39:09 INFO  : XSDB server has started successfully.
15:39:11 INFO  : SDK has detected change in the last modified timestamps for source hardware specification file Source:1532939933023,  Project:1532937059809
15:39:11 INFO  : The hardware specification for project 'design_1_wrapper_hw_platform_0' is different from C:/Users/Tung/Desktop/AXIS_Convolution_v1/axi_conv_fp_3x3/axi_conv_fp_3x3.sdk/design_1_wrapper.hdf.
15:39:11 INFO  : Copied contents of C:/Users/Tung/Desktop/AXIS_Convolution_v1/axi_conv_fp_3x3/axi_conv_fp_3x3.sdk/design_1_wrapper.hdf into \design_1_wrapper_hw_platform_0\system.hdf.
15:39:34 INFO  : Synchronizing projects in the workspace with the hardware platform specification changes.
15:39:37 INFO  : 
15:39:40 INFO  : 
15:39:41 INFO  : Updating hardware inferred compiler options for fsbl.
15:39:41 INFO  : Updating hardware inferred compiler options for hello_world.
15:39:41 INFO  : Clearing existing target manager status.
15:40:38 INFO  : Restoring File Contents to Memory...
15:40:50 INFO  : Restored Contents to Memory Successfully from File D:\test2\image_in.bin
15:41:34 INFO  : Dumping Memory Contents ...
15:41:52 INFO  : Dumped Memory Contents Successfully to D:\test2\image_out.bin
15:44:34 INFO  : FPGA Cable Disconnected. All active launches will be terminated.
15:55:43 ERROR : Unexpected error while parsing XMD response ?: com.google.gson.JsonSyntaxException: com.google.gson.stream.MalformedJsonException: invalid number or unquoted string near 
15:56:37 INFO  : Launching XSDB server: xsdb.bat -s C:/Xilinx/SDK/2015.2/scripts/xsdb/xsdb/xsdb-server.tcl
15:56:40 INFO  : XSDB server has started successfully.
15:56:40 INFO  : Processing command line option -hwspec C:/Users/Tung/Desktop/AXIS_Convolution_v1/axi_conv_fp_3x3/axi_conv_fp_3x3.sdk/design_1_wrapper.hdf.
15:56:41 INFO  : Checking for hwspec changes in the project design_1_wrapper_hw_platform_0.
15:56:43 INFO  : SDK has detected change in the last modified timestamps for source hardware specification file Source:1532940987344,  Project:1532939933023
15:56:43 INFO  : The hardware specification for project 'design_1_wrapper_hw_platform_0' is different from C:/Users/Tung/Desktop/AXIS_Convolution_v1/axi_conv_fp_3x3/axi_conv_fp_3x3.sdk/design_1_wrapper.hdf.
15:56:43 INFO  : Copied contents of C:/Users/Tung/Desktop/AXIS_Convolution_v1/axi_conv_fp_3x3/axi_conv_fp_3x3.sdk/design_1_wrapper.hdf into \design_1_wrapper_hw_platform_0\system.hdf.
15:57:06 INFO  : Synchronizing projects in the workspace with the hardware platform specification changes.
15:57:10 INFO  : 
15:57:12 INFO  : 
15:57:28 INFO  : Updating hardware inferred compiler options for fsbl.
15:57:29 INFO  : Updating hardware inferred compiler options for hello_world.
15:57:29 INFO  : Clearing existing target manager status.
15:58:22 INFO  : Restoring File Contents to Memory...
15:58:33 INFO  : Restored Contents to Memory Successfully from File D:\test2\image_in.bin
15:59:14 INFO  : Dumping Memory Contents ...
15:59:34 INFO  : Dumped Memory Contents Successfully to D:\test2\image_out.bin
16:00:49 INFO  : FPGA Cable Disconnected. All active launches will be terminated.
16:01:30 INFO  : Restoring File Contents to Memory...
16:01:41 INFO  : Restored Contents to Memory Successfully from File D:\test2\image_in.bin
16:02:20 INFO  : Dumping Memory Contents ...
16:02:39 INFO  : Dumped Memory Contents Successfully to D:\test2\image_out.bin
16:07:58 ERROR : Unexpected error while parsing XMD response ?: com.google.gson.JsonSyntaxException: com.google.gson.stream.MalformedJsonException: invalid number or unquoted string near 
16:19:03 INFO  : Launching XSDB server: xsdb.bat -s C:/Xilinx/SDK/2015.2/scripts/xsdb/xsdb/xsdb-server.tcl
16:19:05 INFO  : XSDB server has started successfully.
16:19:05 INFO  : Processing command line option -hwspec C:/Users/Tung/Desktop/AXIS_Convolution_v1/axi_conv_fp_3x3/axi_conv_fp_3x3.sdk/design_1_wrapper.hdf.
16:19:06 INFO  : Checking for hwspec changes in the project design_1_wrapper_hw_platform_0.
16:19:07 INFO  : SDK has detected change in the last modified timestamps for source hardware specification file Source:1532942334154,  Project:1532940987344
16:19:07 INFO  : The hardware specification for project 'design_1_wrapper_hw_platform_0' is different from C:/Users/Tung/Desktop/AXIS_Convolution_v1/axi_conv_fp_3x3/axi_conv_fp_3x3.sdk/design_1_wrapper.hdf.
16:19:07 INFO  : Copied contents of C:/Users/Tung/Desktop/AXIS_Convolution_v1/axi_conv_fp_3x3/axi_conv_fp_3x3.sdk/design_1_wrapper.hdf into \design_1_wrapper_hw_platform_0\system.hdf.
16:19:22 INFO  : Synchronizing projects in the workspace with the hardware platform specification changes.
16:19:25 INFO  : 
16:19:28 INFO  : 
16:19:29 INFO  : Updating hardware inferred compiler options for fsbl.
16:19:29 INFO  : Updating hardware inferred compiler options for hello_world.
16:19:29 INFO  : Clearing existing target manager status.
16:20:22 INFO  : Restoring File Contents to Memory...
16:20:34 INFO  : Restored Contents to Memory Successfully from File D:\test2\image_in.bin
16:21:11 INFO  : Dumping Memory Contents ...
16:21:28 INFO  : Dumped Memory Contents Successfully to D:\test2\image_out.bin
16:22:16 INFO  : FPGA Cable Disconnected. All active launches will be terminated.
16:24:00 INFO  : Restoring File Contents to Memory...
16:24:12 INFO  : Restored Contents to Memory Successfully from File D:\test2\image_in.bin
16:24:45 INFO  : Dumping Memory Contents ...
16:25:04 INFO  : Dumped Memory Contents Successfully to D:\test2\image_out.bin
16:26:19 INFO  : FPGA Cable Disconnected. All active launches will be terminated.
16:27:11 INFO  : Restoring File Contents to Memory...
16:27:23 INFO  : Restored Contents to Memory Successfully from File D:\test2\image_in.bin
16:28:04 INFO  : Dumping Memory Contents ...
16:28:23 INFO  : Dumped Memory Contents Successfully to D:\test2\image_out.bin
16:29:29 INFO  : FPGA Cable Disconnected. All active launches will be terminated.
16:30:03 INFO  : Restoring File Contents to Memory...
16:30:14 INFO  : Restored Contents to Memory Successfully from File D:\test2\image_in.bin
16:31:22 INFO  : Dumping Memory Contents ...
16:31:38 INFO  : Dumped Memory Contents Successfully to D:\test2\image_out.bin
16:33:28 INFO  : FPGA Cable Disconnected. All active launches will be terminated.
17:05:26 INFO  : Launching XSDB server: xsdb.bat -s C:/Xilinx/SDK/2015.2/scripts/xsdb/xsdb/xsdb-server.tcl
17:05:29 INFO  : Processing command line option -hwspec C:/Users/Tung/Desktop/AXIS_Convolution_v1/axi_conv_fp_3x3/axi_conv_fp_3x3.sdk/design_1_wrapper.hdf.
17:05:30 INFO  : Checking for hwspec changes in the project design_1_wrapper_hw_platform_0.
17:05:31 INFO  : SDK has detected change in the last modified timestamps for source hardware specification file Source:1532945113056,  Project:1532942334154
17:05:31 INFO  : The hardware specification for project 'design_1_wrapper_hw_platform_0' is different from C:/Users/Tung/Desktop/AXIS_Convolution_v1/axi_conv_fp_3x3/axi_conv_fp_3x3.sdk/design_1_wrapper.hdf.
17:05:31 INFO  : XSDB server has started successfully.
17:05:44 INFO  : Copied contents of C:/Users/Tung/Desktop/AXIS_Convolution_v1/axi_conv_fp_3x3/axi_conv_fp_3x3.sdk/design_1_wrapper.hdf into \design_1_wrapper_hw_platform_0\system.hdf.
17:05:48 INFO  : Synchronizing projects in the workspace with the hardware platform specification changes.
17:06:03 INFO  : 
17:06:05 INFO  : 
17:06:07 INFO  : Updating hardware inferred compiler options for fsbl.
17:06:08 INFO  : Updating hardware inferred compiler options for hello_world.
17:06:08 INFO  : Clearing existing target manager status.
17:07:19 INFO  : Restoring File Contents to Memory...
17:07:31 INFO  : Restored Contents to Memory Successfully from File D:\test2\image_in.bin
17:08:10 INFO  : Dumping Memory Contents ...
17:08:30 INFO  : Dumped Memory Contents Successfully to D:\test2\image_out.bin
