#
# A fatal error has been detected by the Java Runtime Environment:
#
#  Internal Error (0xc000000d), pid=3352, tid=3324
#
# JRE version: Java(TM) SE Runtime Environment (8.0_25-b18) (build 1.8.0_25-b18)
# Java VM: Java HotSpot(TM) 64-Bit Server VM (25.25-b02 mixed mode windows-amd64 compressed oops)
# Problematic frame:
# C  [ntdll.dll+0x7a291]
#
# Failed to write core dump. Minidumps are not enabled by default on client versions of Windows
#
# If you would like to submit a bug report, please visit:
#   http://bugreport.sun.com/bugreport/crash.jsp
#

---------------  T H R E A D  ---------------

Current thread (0x0000000013a19800):  VMThread [stack: 0x0000000014a80000,0x0000000014b80000] [id=3324]

siginfo: ExceptionCode=0xc000000d

Registers:
RAX=0x000000006329a2fd, RBX=0x0000000000000000, RCX=0x0000000014b7ed10, RDX=0x0000000000000000
RSP=0x0000000014b7f320, RBP=0x00000000002c5da0, RSI=0x000007feece07408, RDI=0x0000000014b7f468
R8 =0x0000000000000000, R9 =0x0000000000000000, R10=0x0000000000000000, R11=0x0000000000000246
R12=0x00000000237fd360, R13=0x00000000237fc630, R14=0x00000000002c5ea8, R15=0x0000000000000000
RIP=0x0000000077cfa291, EFLAGS=0x0000000000000202

Top of Stack: (sp=0x0000000014b7f320)
0x0000000014b7f320:   0000000000000000 000007feece07408
0x0000000014b7f330:   0000000014b7f468 0000000077c801ee
0x0000000014b7f340:   000000002176bdd0 0000000014b7f548
0x0000000014b7f350:   0000000000000000 0000009000000000
0x0000000014b7f360:   0000000000000002 0000000000000101
0x0000000014b7f370:   00000000c000000d 0000000000000000
0x0000000014b7f380:   0000000077cfa291 0000000000000000
0x0000000014b7f390:   0000000000000000 0000000000000000
0x0000000014b7f3a0:   0000000000000000 0000000000000000
0x0000000014b7f3b0:   0000000000000000 0000000000000000
0x0000000014b7f3c0:   0000000000000000 0000000000000000
0x0000000014b7f3d0:   0000000000000000 0000000000000000
0x0000000014b7f3e0:   0000000000000000 0000000000000000
0x0000000014b7f3f0:   0000000000000000 0000000000000000
0x0000000014b7f400:   0000000000000000 0000000077cac8d8
0x0000000014b7f410:   0000000000000ae8 0000000077ba2fe8 

Instructions: (pc=0x0000000077cfa291)
0x0000000077cfa271:   5b 8c fd ff b9 57 00 00 00 c7 44 24 50 0d 00 00
0x0000000077cfa281:   c0 e8 49 8f fd ff 48 8d 4c 24 50 e8 cf f2 f9 ff
0x0000000077cfa291:   4c 8b 1d 40 81 0b 00 4d 85 db 74 5b 65 48 8b 04
0x0000000077cfa2a1:   25 30 00 00 00 f6 80 ee 17 00 00 08 74 12 65 48 


Register to memory mapping:

RAX=0x000000006329a2fd is an unknown value
RBX=0x0000000000000000 is an unknown value
RCX=0x0000000014b7ed10 is an unknown value
RDX=0x0000000000000000 is an unknown value
RSP=0x0000000014b7f320 is an unknown value
RBP=0x00000000002c5da0 is an unknown value
RSI=0x000007feece07408 is an unknown value
RDI=0x0000000014b7f468 is an unknown value
R8 =0x0000000000000000 is an unknown value
R9 =0x0000000000000000 is an unknown value
R10=0x0000000000000000 is an unknown value
R11=0x0000000000000246 is an unknown value
R12=0x00000000237fd360 is an unknown value
R13=0x00000000237fc630 is an unknown value
R14=0x00000000002c5ea8 is an unknown value
R15=0x0000000000000000 is an unknown value


Stack: [0x0000000014a80000,0x0000000014b80000],  sp=0x0000000014b7f320,  free space=1020k
Native frames: (J=compiled Java code, j=interpreted, Vv=VM code, C=native code)
C  [ntdll.dll+0x7a291]
C  [kernel32.dll+0x42fe8]
C  [MSVCR110.dll+0x752d]
C  [MSVCR110.dll+0x14cde]
C  [MSVCR110.dll+0x13edc]
C  [MSVCR110.dll+0x239e]
C  [MSVCR110.dll+0xaf9e]
C  [MSVCP110.dll+0x397b9]
C  [librdi_common.dll+0x135d02]
C  [librdi_common.dll+0x13447b]
C  [librdi_commontasks.dll+0x1cc33c]
C  [librdi_commontasks.dll+0x1cc5be]
C  [ntdll.dll+0x24371]
C  [ntdll.dll+0x24180]
C  [MSVCR100.dll+0x20ccd]
V  [jvm.dll+0x1f9c55]
V  [jvm.dll+0x2325e7]
V  [jvm.dll+0x231826]
V  [jvm.dll+0x231cc1]
V  [jvm.dll+0x231ede]
V  [jvm.dll+0x2852fa]
C  [MSVCR100.dll+0x21d9f]
C  [MSVCR100.dll+0x21e3b]
C  [kernel32.dll+0x1652d]
C  [ntdll.dll+0x2c521]

VM_Operation (0x000000000012f500): Exit, mode: safepoint, requested by thread 0x0000000002538000


---------------  P R O C E S S  ---------------

Java Threads: ( => current thread )
  0x000000001a9a4000 JavaThread "Thread-14" daemon [_thread_blocked, id=1488, stack(0x0000000021190000,0x0000000021290000)]
  0x000000001ad17800 JavaThread "TCF Locator DNS Lookup" daemon [_thread_blocked, id=2440, stack(0x000000001f510000,0x000000001f610000)]
  0x000000001ad17000 JavaThread "TCF Locator Timer" daemon [_thread_blocked, id=1728, stack(0x000000001f410000,0x000000001f510000)]
  0x000000001ad16000 JavaThread "TCF Locator Receiver" daemon [_thread_in_native, id=4032, stack(0x000000001f310000,0x000000001f410000)]
  0x000000001ad14800 JavaThread "TCF Timer Dispatcher" daemon [_thread_blocked, id=848, stack(0x000000001f110000,0x000000001f210000)]
  0x0000000016ef8800 JavaThread "EMF Reference Cleaner" daemon [_thread_blocked, id=2692, stack(0x00000000183f0000,0x00000000184f0000)]
  0x00000000150f8800 JavaThread "Service Thread" daemon [_thread_blocked, id=3960, stack(0x0000000015680000,0x0000000015780000)]
  0x0000000015083000 JavaThread "C1 CompilerThread2" daemon [_thread_blocked, id=2704, stack(0x0000000015580000,0x0000000015680000)]
  0x0000000015082000 JavaThread "C2 CompilerThread1" daemon [_thread_blocked, id=3876, stack(0x0000000015480000,0x0000000015580000)]
  0x0000000013a8c800 JavaThread "C2 CompilerThread0" daemon [_thread_blocked, id=3104, stack(0x0000000014f80000,0x0000000015080000)]
  0x0000000013a89800 JavaThread "Attach Listener" daemon [_thread_blocked, id=160, stack(0x0000000014e80000,0x0000000014f80000)]
  0x0000000013a88800 JavaThread "Signal Dispatcher" daemon [_thread_blocked, id=3952, stack(0x0000000014d80000,0x0000000014e80000)]
  0x0000000013a26800 JavaThread "Finalizer" daemon [_thread_blocked, id=1604, stack(0x0000000014c80000,0x0000000014d80000)]
  0x0000000013a1d800 JavaThread "Reference Handler" daemon [_thread_blocked, id=3280, stack(0x0000000014b80000,0x0000000014c80000)]
  0x0000000002538000 JavaThread "main" [_thread_blocked, id=3216, stack(0x0000000000030000,0x0000000000130000)]

Other Threads:
=>0x0000000013a19800 VMThread [stack: 0x0000000014a80000,0x0000000014b80000] [id=3324]

VM state:at safepoint (shutting down)

VM Mutex/Monitor currently owned by a thread:  ([mutex/lock_event])
[0x000000000260df20] Threads_lock - owner thread: 0x0000000013a19800

Heap:
 PSYoungGen      total 148480K, used 50514K [0x00000000f5580000, 0x00000000ffe80000, 0x0000000100000000)
  eden space 124928K, 39% used [0x00000000f5580000,0x00000000f85ac9b8,0x00000000fcf80000)
  from space 23552K, 5% used [0x00000000fcf80000,0x00000000fd0a8000,0x00000000fe680000)
  to   space 22528K, 0% used [0x00000000fe880000,0x00000000fe880000,0x00000000ffe80000)
 ParOldGen       total 349696K, used 257167K [0x00000000e0000000, 0x00000000f5580000, 0x00000000f5580000)
  object space 349696K, 73% used [0x00000000e0000000,0x00000000efb23f10,0x00000000f5580000)
 Metaspace       used 77703K, capacity 83128K, committed 83416K, reserved 1122304K
  class space    used 9203K, capacity 10935K, committed 10968K, reserved 1048576K

Card table byte_map: [0x00000000119d0000,0x0000000011ae0000] byte_map_base: 0x00000000112d0000

Marking Bits: (ParMarkBitMap*) 0x000000006b62d490
 Begin Bits: [0x0000000011f90000, 0x0000000012790000)
 End Bits:   [0x0000000012790000, 0x0000000012f90000)

Polling page: 0x0000000000230000

CodeCache: size=245760Kb used=40886Kb max_used=40886Kb free=204874Kb
 bounds [0x0000000002610000, 0x0000000004e50000, 0x0000000011610000]
 total_blobs=12089 nmethods=11242 adapters=754
 compilation: enabled

Compilation events (10 events):
Event: 574.447 Thread 0x0000000015083000 nmethod 13809 0x0000000004e43290 code [0x0000000004e43740, 0x0000000004e466b8]
Event: 574.450 Thread 0x0000000013a8c800 13802  s    4       java.util.Vector::isEmpty (13 bytes)
Event: 574.451 Thread 0x0000000013a8c800 nmethod 13802 0x0000000002b87c10 code [0x0000000002b87d40, 0x0000000002b87f38]
Event: 574.458 Thread 0x0000000015083000 13810   !   3       org.eclipse.osgi.internal.baseadaptor.BaseStorage::compact (215 bytes)
Event: 574.460 Thread 0x0000000015082000 nmethod 13800 0x0000000003010610 code [0x0000000003010840, 0x00000000030118a0]
Event: 574.460 Thread 0x0000000015083000 nmethod 13810 0x0000000004e47c50 code [0x0000000004e48080, 0x0000000004e4a4e8]
Event: 574.462 Thread 0x0000000015083000 13811       3       org.eclipse.osgi.framework.internal.core.AbstractBundle::close (52 bytes)
Event: 574.463 Thread 0x0000000015083000 nmethod 13811 0x0000000003fe1750 code [0x0000000003fe1980, 0x0000000003fe2668]
Event: 574.463 Thread 0x0000000015083000 13812       1       java.util.concurrent.CopyOnWriteArrayList::getArray (5 bytes)
Event: 574.463 Thread 0x0000000015083000 nmethod 13812 0x00000000041ad010 code [0x00000000041ad160, 0x00000000041ad270]

GC Heap History (10 events):
Event: 474.429 GC heap before
{Heap before GC invocations=49 (full 21):
 PSYoungGen      total 125440K, used 123392K [0x00000000f5580000, 0x00000000fff00000, 0x0000000100000000)
  eden space 123392K, 100% used [0x00000000f5580000,0x00000000fce00000,0x00000000fce00000)
  from space 2048K, 0% used [0x00000000fce00000,0x00000000fce00000,0x00000000fd000000)
  to   space 25088K, 0% used [0x00000000fe680000,0x00000000fe680000,0x00000000fff00000)
 ParOldGen       total 349696K, used 257480K [0x00000000e0000000, 0x00000000f5580000, 0x00000000f5580000)
  object space 349696K, 73% used [0x00000000e0000000,0x00000000efb721d0,0x00000000f5580000)
 Metaspace       used 76125K, capacity 81600K, committed 81752K, reserved 1120256K
  class space    used 9105K, capacity 10835K, committed 10840K, reserved 1048576K
Event: 474.432 GC heap after
Heap after GC invocations=49 (full 21):
 PSYoungGen      total 148992K, used 992K [0x00000000f5580000, 0x0000000100000000, 0x0000000100000000)
  eden space 123904K, 0% used [0x00000000f5580000,0x00000000f5580000,0x00000000fce80000)
  from space 25088K, 3% used [0x00000000fe680000,0x00000000fe778000,0x00000000fff00000)
  to   space 24576K, 0% used [0x00000000fce80000,0x00000000fce80000,0x00000000fe680000)
 ParOldGen       total 349696K, used 257488K [0x00000000e0000000, 0x00000000f5580000, 0x00000000f5580000)
  object space 349696K, 73% used [0x00000000e0000000,0x00000000efb741d0,0x00000000f5580000)
 Metaspace       used 76125K, capacity 81600K, committed 81752K, reserved 1120256K
  class space    used 9105K, capacity 10835K, committed 10840K, reserved 1048576K
}
Event: 504.050 GC heap before
{Heap before GC invocations=50 (full 21):
 PSYoungGen      total 148992K, used 124896K [0x00000000f5580000, 0x0000000100000000, 0x0000000100000000)
  eden space 123904K, 100% used [0x00000000f5580000,0x00000000fce80000,0x00000000fce80000)
  from space 25088K, 3% used [0x00000000fe680000,0x00000000fe778000,0x00000000fff00000)
  to   space 24576K, 0% used [0x00000000fce80000,0x00000000fce80000,0x00000000fe680000)
 ParOldGen       total 349696K, used 257488K [0x00000000e0000000, 0x00000000f5580000, 0x00000000f5580000)
  object space 349696K, 73% used [0x00000000e0000000,0x00000000efb741d0,0x00000000f5580000)
 Metaspace       used 76405K, capacity 81804K, committed 82008K, reserved 1120256K
  class space    used 9108K, capacity 10837K, committed 10840K, reserved 1048576K
Event: 504.057 GC heap after
Heap after GC invocations=50 (full 21):
 PSYoungGen      total 148480K, used 1152K [0x00000000f5580000, 0x00000000ffe80000, 0x0000000100000000)
  eden space 123904K, 0% used [0x00000000f5580000,0x00000000f5580000,0x00000000fce80000)
  from space 24576K, 4% used [0x00000000fce80000,0x00000000fcfa0000,0x00000000fe680000)
  to   space 24064K, 0% used [0x00000000fe700000,0x00000000fe700000,0x00000000ffe80000)
 ParOldGen       total 349696K, used 257488K [0x00000000e0000000, 0x00000000f5580000, 0x00000000f5580000)
  object space 349696K, 73% used [0x00000000e0000000,0x00000000efb741d0,0x00000000f5580000)
 Metaspace       used 76405K, capacity 81804K, committed 82008K, reserved 1120256K
  class space    used 9108K, capacity 10837K, committed 10840K, reserved 1048576K
}
Event: 515.809 GC heap before
{Heap before GC invocations=51 (full 21):
 PSYoungGen      total 148480K, used 100109K [0x00000000f5580000, 0x00000000ffe80000, 0x0000000100000000)
  eden space 123904K, 79% used [0x00000000f5580000,0x00000000fb6234e8,0x00000000fce80000)
  from space 24576K, 4% used [0x00000000fce80000,0x00000000fcfa0000,0x00000000fe680000)
  to   space 24064K, 0% used [0x00000000fe700000,0x00000000fe700000,0x00000000ffe80000)
 ParOldGen       total 349696K, used 257488K [0x00000000e0000000, 0x00000000f5580000, 0x00000000f5580000)
  object space 349696K, 73% used [0x00000000e0000000,0x00000000efb741d0,0x00000000f5580000)
 Metaspace       used 76622K, capacity 81996K, committed 82008K, reserved 1120256K
  class space    used 9113K, capacity 10837K, committed 10840K, reserved 1048576K
Event: 515.811 GC heap after
Heap after GC invocations=51 (full 21):
 PSYoungGen      total 147968K, used 1120K [0x00000000f5580000, 0x00000000ffd80000, 0x0000000100000000)
  eden space 124928K, 0% used [0x00000000f5580000,0x00000000f5580000,0x00000000fcf80000)
  from space 23040K, 4% used [0x00000000fe700000,0x00000000fe818000,0x00000000ffd80000)
  to   space 23552K, 0% used [0x00000000fcf80000,0x00000000fcf80000,0x00000000fe680000)
 ParOldGen       total 349696K, used 257496K [0x00000000e0000000, 0x00000000f5580000, 0x00000000f5580000)
  object space 349696K, 73% used [0x00000000e0000000,0x00000000efb761d0,0x00000000f5580000)
 Metaspace       used 76622K, capacity 81996K, committed 82008K, reserved 1120256K
  class space    used 9113K, capacity 10837K, committed 10840K, reserved 1048576K
}
Event: 515.811 GC heap before
{Heap before GC invocations=52 (full 22):
 PSYoungGen      total 147968K, used 1120K [0x00000000f5580000, 0x00000000ffd80000, 0x0000000100000000)
  eden space 124928K, 0% used [0x00000000f5580000,0x00000000f5580000,0x00000000fcf80000)
  from space 23040K, 4% used [0x00000000fe700000,0x00000000fe818000,0x00000000ffd80000)
  to   space 23552K, 0% used [0x00000000fcf80000,0x00000000fcf80000,0x00000000fe680000)
 ParOldGen       total 349696K, used 257496K [0x00000000e0000000, 0x00000000f5580000, 0x00000000f5580000)
  object space 349696K, 73% used [0x00000000e0000000,0x00000000efb761d0,0x00000000f5580000)
 Metaspace       used 76622K, capacity 81996K, committed 82008K, reserved 1120256K
  class space    used 9113K, capacity 10837K, committed 10840K, reserved 1048576K
Event: 516.020 GC heap after
Heap after GC invocations=52 (full 22):
 PSYoungGen      total 147968K, used 0K [0x00000000f5580000, 0x00000000ffd80000, 0x0000000100000000)
  eden space 124928K, 0% used [0x00000000f5580000,0x00000000f5580000,0x00000000fcf80000)
  from space 23040K, 0% used [0x00000000fe700000,0x00000000fe700000,0x00000000ffd80000)
  to   space 23552K, 0% used [0x00000000fcf80000,0x00000000fcf80000,0x00000000fe680000)
 ParOldGen       total 349696K, used 257159K [0x00000000e0000000, 0x00000000f5580000, 0x00000000f5580000)
  object space 349696K, 73% used [0x00000000e0000000,0x00000000efb21f10,0x00000000f5580000)
 Metaspace       used 76622K, capacity 81996K, committed 82008K, reserved 1120256K
  class space    used 9113K, capacity 10837K, committed 10840K, reserved 1048576K
}
Event: 533.266 GC heap before
{Heap before GC invocations=53 (full 22):
 PSYoungGen      total 147968K, used 124928K [0x00000000f5580000, 0x00000000ffd80000, 0x0000000100000000)
  eden space 124928K, 100% used [0x00000000f5580000,0x00000000fcf80000,0x00000000fcf80000)
  from space 23040K, 0% used [0x00000000fe700000,0x00000000fe700000,0x00000000ffd80000)
  to   space 23552K, 0% used [0x00000000fcf80000,0x00000000fcf80000,0x00000000fe680000)
 ParOldGen       total 349696K, used 257159K [0x00000000e0000000, 0x00000000f5580000, 0x00000000f5580000)
  object space 349696K, 73% used [0x00000000e0000000,0x00000000efb21f10,0x00000000f5580000)
 Metaspace       used 76962K, capacity 82316K, committed 82520K, reserved 1120256K
  class space    used 9125K, capacity 10837K, committed 10840K, reserved 1048576K
Event: 533.269 GC heap after
Heap after GC invocations=53 (full 22):
 PSYoungGen      total 148480K, used 1184K [0x00000000f5580000, 0x00000000ffe80000, 0x0000000100000000)
  eden space 124928K, 0% used [0x00000000f5580000,0x00000000f5580000,0x00000000fcf80000)
  from space 23552K, 5% used [0x00000000fcf80000,0x00000000fd0a8000,0x00000000fe680000)
  to   space 22528K, 0% used [0x00000000fe880000,0x00000000fe880000,0x00000000ffe80000)
 ParOldGen       total 349696K, used 257167K [0x00000000e0000000, 0x00000000f5580000, 0x00000000f5580000)
  object space 349696K, 73% used [0x00000000e0000000,0x00000000efb23f10,0x00000000f5580000)
 Metaspace       used 76962K, capacity 82316K, committed 82520K, reserved 1120256K
  class space    used 9125K, capacity 10837K, committed 10840K, reserved 1048576K
}

Deoptimization events (10 events):
Event: 573.381 Thread 0x0000000019b43000 Uncommon trap: reason=unreached action=reinterpret pc=0x00000000042a0fa0 method=org.eclipse.core.internal.jobs.JobManager.createMonitor(Lorg/eclipse/core/runtime/jobs/Job;)Lorg/eclipse/core/runtime/IProgressMonitor; @ 6
Event: 574.398 Thread 0x0000000002538000 Uncommon trap: reason=null_check action=make_not_entrant pc=0x0000000002f50d30 method=org.eclipse.core.runtime.internal.adaptor.EclipseLazyStarter.shouldActivateFor(Ljava/lang/String;Lorg/eclipse/osgi/baseadaptor/BaseData;Lorg/eclipse/core/runtime/internalƒ	ã?1ÛÅ@
Event: 574.399 Thread 0x0000000002538000 Uncommon trap: reason=class_check action=maybe_recompile pc=0x0000000003023198 method=org.eclipse.swt.widgets.Display.asyncExec(Ljava/lang/Runnable;)V @ 54
Event: 574.399 Thread 0x0000000002538000 Uncommon trap: reason=class_check action=maybe_recompile pc=0x0000000003023198 method=org.eclipse.swt.widgets.Display.asyncExec(Ljava/lang/Runnable;)V @ 54
Event: 574.412 Thread 0x0000000002538000 Uncommon trap: reason=bimorphic action=maybe_recompile pc=0x000000000491d94c method=org.eclipse.core.internal.dtree.AbstractDataTreeNode.assembleWith([Lorg/eclipse/core/internal/dtree/AbstractDataTreeNode;[Lorg/eclipse/core/internal/dtree/AbstractDataTreeN”&LÛÅ@
Event: 574.412 Thread 0x0000000002538000 Uncommon trap: reason=bimorphic action=maybe_recompile pc=0x000000000491d94c method=org.eclipse.core.internal.dtree.AbstractDataTreeNode.assembleWith([Lorg/eclipse/core/internal/dtree/AbstractDataTreeNode;[Lorg/eclipse/core/internal/dtree/AbstractDataTreeNÂà,LÛÅ@
Event: 574.412 Thread 0x0000000002538000 Uncommon trap: reason=bimorphic action=maybe_recompile pc=0x000000000491d94c method=org.eclipse.core.internal.dtree.AbstractDataTreeNode.assembleWith([Lorg/eclipse/core/internal/dtree/AbstractDataTreeNode;[Lorg/eclipse/core/internal/dtree/AbstractDataTreeNEÔø1LÛÅ@
Event: 574.412 Thread 0x0000000002538000 Uncommon trap: reason=bimorphic action=maybe_recompile pc=0x000000000491d94c method=org.eclipse.core.internal.dtree.AbstractDataTreeNode.assembleWith([Lorg/eclipse/core/internal/dtree/AbstractDataTreeNode;[Lorg/eclipse/core/internal/dtree/AbstractDataTreeNﬂ5asÛÅ@
Event: 574.431 Thread 0x0000000019b42000 Uncommon trap: reason=unreached action=reinterpret pc=0x00000000042976f4 method=org.eclipse.core.internal.jobs.JobManager.nextJob()Lorg/eclipse/core/runtime/jobs/Job; @ 80
Event: 574.432 Thread 0x0000000002538000 Uncommon trap: reason=unreached action=reinterpret pc=0x000000000299a89c method=java.lang.ref.ReferenceQueue.poll()Ljava/lang/ref/Reference; @ 4

Internal exceptions (10 events):
Event: 573.229 Thread 0x0000000002538000 Implicit null exception at 0x00000000045de7fc to 0x00000000045df759
Event: 573.255 Thread 0x0000000002538000 Implicit null exception at 0x0000000003582309 to 0x000000000358265d
Event: 573.279 Thread 0x000000001a2ac000 Implicit null exception at 0x00000000044eda94 to 0x00000000044edd35
Event: 573.305 Thread 0x000000001a2ac000 Implicit null exception at 0x0000000004a97219 to 0x0000000004a97ae5
Event: 573.380 Thread 0x000000001a9a2000 Exception <a 'java/lang/InterruptedException'> (0x00000000f7fa9550) thrown at [D:\re\workspace\8-2-build-windows-amd64-cygwin\jdk8u25\1677\hotspot\src\share\vm\runtime\objectMonitor.cpp, line 1682]
Event: 574.398 Thread 0x0000000002538000 Implicit null exception at 0x0000000002f4f06f to 0x0000000002f50d21
Event: 574.439 Thread 0x0000000015eff800 Exception <a 'java/lang/InterruptedException': sleep interrupted> (0x00000000f826cf88) thrown at [D:\re\workspace\8-2-build-windows-amd64-cygwin\jdk8u25\1677\hotspot\src\share\vm\prims\jvm.cpp, line 3141]
Event: 574.440 Thread 0x0000000019b2c800 Exception <a 'java/lang/InterruptedException'> (0x00000000f83a5448) thrown at [D:\re\workspace\8-2-build-windows-amd64-cygwin\jdk8u25\1677\hotspot\src\share\vm\runtime\objectMonitor.cpp, line 1682]
Event: 574.448 Thread 0x0000000015f7f800 Exception <a 'java/lang/InterruptedException'> (0x00000000f83e3bd0) thrown at [D:\re\workspace\8-2-build-windows-amd64-cygwin\jdk8u25\1677\hotspot\src\share\vm\runtime\objectMonitor.cpp, line 1682]
Event: 574.462 Thread 0x00000000163e1000 Exception <a 'java/lang/InterruptedException'> (0x00000000f8269868) thrown at [D:\re\workspace\8-2-build-windows-amd64-cygwin\jdk8u25\1677\hotspot\src\share\vm\runtime\objectMonitor.cpp, line 1682]

Events (10 events):
Event: 574.448 Thread 0x0000000015f7f800 Thread exited: 0x0000000015f7f800
Event: 574.462 Thread 0x00000000163e1000 Thread exited: 0x00000000163e1000
Event: 574.463 Thread 0x0000000015f3a000 Thread exited: 0x0000000015f3a000
Event: 574.463 loading class java/util/IdentityHashMap$KeyIterator
Event: 574.463 loading class java/util/IdentityHashMap$IdentityHashMapIterator
Event: 574.463 loading class java/util/IdentityHashMap$IdentityHashMapIterator done
Event: 574.463 loading class java/util/IdentityHashMap$KeyIterator done
Event: 574.463 Thread 0x0000000019b2c800 Thread added: 0x0000000019b2c800
Event: 574.463 Thread 0x0000000019b2c800 Thread exited: 0x0000000019b2c800
Event: 574.463 Executing VM operation: Exit


Dynamic libraries:
0x0000000000400000 - 0x000000000044f000 	C:\Xilinx\SDK\2015.2\eclipse\win64.o\eclipse.exe
0x0000000077c80000 - 0x0000000077e29000 	C:\Windows\SYSTEM32\ntdll.dll
0x0000000077b60000 - 0x0000000077c7f000 	C:\Windows\system32\kernel32.dll
0x000007fefdc80000 - 0x000007fefdceb000 	C:\Windows\system32\KERNELBASE.dll
0x0000000077a60000 - 0x0000000077b5a000 	C:\Windows\system32\USER32.dll
0x000007fefe420000 - 0x000007fefe487000 	C:\Windows\system32\GDI32.dll
0x000007fefff80000 - 0x000007fefff8e000 	C:\Windows\system32\LPK.dll
0x000007feffeb0000 - 0x000007fefff79000 	C:\Windows\system32\USP10.dll
0x000007fefe490000 - 0x000007fefe52f000 	C:\Windows\system32\msvcrt.dll
0x000007fefc670000 - 0x000007fefc864000 	C:\Windows\WinSxS\amd64_microsoft.windows.common-controls_6595b64144ccf1df_6.0.7601.17514_none_fa396087175ac9ac\COMCTL32.dll
0x000007feff820000 - 0x000007feff891000 	C:\Windows\system32\SHLWAPI.dll
0x000007feffca0000 - 0x000007feffcce000 	C:\Windows\system32\IMM32.DLL
0x000007feff710000 - 0x000007feff819000 	C:\Windows\system32\MSCTF.dll
0x0000000072000000 - 0x0000000072012000 	C:\Xilinx\SDK\2015.2\eclipse\win64.o\plugins\org.eclipse.equinox.launcher.win32.win32.x86_64_1.1.200.v20140116-2212\eclipse_1503.dll
0x000007feffdd0000 - 0x000007feffeab000 	C:\Windows\system32\ADVAPI32.dll
0x000007feffcd0000 - 0x000007feffcef000 	C:\Windows\SYSTEM32\sechost.dll
0x000007fefe290000 - 0x000007fefe3bd000 	C:\Windows\system32\RPCRT4.dll
0x000007fefcd30000 - 0x000007fefcd3c000 	C:\Windows\system32\VERSION.dll
0x000007fefc330000 - 0x000007fefc386000 	C:\Windows\system32\uxtheme.dll
0x000000006ae50000 - 0x000000006b6aa000 	C:\Xilinx\SDK\2015.2\tps\win64\jre\bin\server\jvm.dll
0x000007fefbdd0000 - 0x000007fefbdd9000 	C:\Windows\system32\WSOCK32.dll
0x000007fefe3d0000 - 0x000007fefe41d000 	C:\Windows\system32\WS2_32.dll
0x000007fefe3c0000 - 0x000007fefe3c8000 	C:\Windows\system32\NSI.dll
0x000007fefb9f0000 - 0x000007fefba2b000 	C:\Windows\system32\WINMM.dll
0x0000000077e50000 - 0x0000000077e57000 	C:\Windows\system32\PSAPI.DLL
0x0000000073010000 - 0x00000000730e2000 	C:\Windows\system32\MSVCR100.dll
0x0000000075850000 - 0x000000007585f000 	C:\Xilinx\SDK\2015.2\tps\win64\jre\bin\verify.dll
0x0000000075800000 - 0x0000000075828000 	C:\Xilinx\SDK\2015.2\tps\win64\jre\bin\java.dll
0x0000000074560000 - 0x0000000074576000 	C:\Xilinx\SDK\2015.2\tps\win64\jre\bin\zip.dll
0x000007fefe850000 - 0x000007feff5d8000 	C:\Windows\system32\SHELL32.dll
0x000007fefe080000 - 0x000007fefe283000 	C:\Windows\system32\ole32.dll
0x000007fefdbd0000 - 0x000007fefdbdf000 	C:\Windows\system32\profapi.dll
0x000007fefd460000 - 0x000007fefd477000 	C:\Windows\system32\CRYPTSP.dll
0x000007fefd160000 - 0x000007fefd1a7000 	C:\Windows\system32\rsaenh.dll
0x000007fefcf20000 - 0x000007fefcf3e000 	C:\Windows\system32\USERENV.dll
0x000007fefda60000 - 0x000007fefda6f000 	C:\Windows\system32\CRYPTBASE.dll
0x0000000074540000 - 0x000000007455a000 	C:\Xilinx\SDK\2015.2\tps\win64\jre\bin\net.dll
0x000007fefd400000 - 0x000007fefd455000 	C:\Windows\system32\mswsock.dll
0x000007fefd3f0000 - 0x000007fefd3f7000 	C:\Windows\System32\wship6.dll
0x000007fefb2d0000 - 0x000007fefb2f7000 	C:\Windows\system32\IPHLPAPI.DLL
0x000007fefb2c0000 - 0x000007fefb2cb000 	C:\Windows\system32\WINNSI.DLL
0x000007fefacf0000 - 0x000007fefad01000 	C:\Windows\system32\dhcpcsvc6.DLL
0x000007fefac70000 - 0x000007fefac88000 	C:\Windows\system32\dhcpcsvc.DLL
0x0000000074520000 - 0x0000000074531000 	C:\Xilinx\SDK\2015.2\tps\win64\jre\bin\nio.dll
0x000007fefe550000 - 0x000007fefe5e9000 	C:\Windows\system32\CLBCatQ.DLL
0x000007fefdfa0000 - 0x000007fefe077000 	C:\Windows\system32\OLEAUT32.dll
0x000007fefb890000 - 0x000007fefb8a5000 	C:\Windows\system32\NLAapi.dll
0x000007fef1f50000 - 0x000007fef1f65000 	C:\Windows\system32\napinsp.dll
0x000007fef1de0000 - 0x000007fef1df9000 	C:\Windows\system32\pnrpnsp.dll
0x000007fefd280000 - 0x000007fefd2db000 	C:\Windows\system32\DNSAPI.dll
0x000007fef1cd0000 - 0x000007fef1cdb000 	C:\Windows\System32\winrnr.dll
0x000007fefce00000 - 0x000007fefce07000 	C:\Windows\System32\wshtcpip.dll
0x000007fefa5c0000 - 0x000007fefa5c8000 	C:\Windows\system32\rasadhlp.dll
0x000007fefad20000 - 0x000007fefad73000 	C:\Windows\System32\fwpuclnt.dll
0x00000000184f0000 - 0x0000000018598000 	C:\Users\Tung\.Xilinx\SDK\2015.2\org.eclipse.osgi\bundles\287\1\.cp\swt-win32-4335.dll
0x000007feff8a0000 - 0x000007feff937000 	C:\Windows\system32\comdlg32.dll
0x000007fefb220000 - 0x000007fefb291000 	C:\Windows\system32\WINSPOOL.DRV
0x000007feff5e0000 - 0x000007feff70a000 	C:\Windows\system32\WININET.dll
0x000007feffb20000 - 0x000007feffc98000 	C:\Windows\system32\urlmon.dll
0x000007fefdd70000 - 0x000007fefded7000 	C:\Windows\system32\CRYPT32.dll
0x000007fefdc70000 - 0x000007fefdc7f000 	C:\Windows\system32\MSASN1.dll
0x000007fefe5f0000 - 0x000007fefe849000 	C:\Windows\system32\iertutil.dll
0x000007fefbf50000 - 0x000007fefbf68000 	C:\Windows\system32\dwmapi.dll
0x000007fefc3c0000 - 0x000007fefc4ec000 	C:\Windows\system32\propsys.dll
0x0000000002460000 - 0x000000000247e000 	C:\Users\Tung\.Xilinx\SDK\2015.2\org.eclipse.osgi\bundles\287\1\.cp\swt-gdip-win32-4335.dll
0x000007fefc110000 - 0x000007fefc325000 	C:\Windows\WinSxS\amd64_microsoft.windows.gdiplus_6595b64144ccf1df_1.1.7601.17514_none_2b24536c71ed437a\gdiplus.dll
0x000007fefbde0000 - 0x000007fefbf0a000 	C:\Windows\system32\WindowsCodecs.dll
0x0000000180000000 - 0x0000000180012000 	C:\Users\Tung\.Xilinx\SDK\2015.2\org.eclipse.osgi\bundles\113\1\.cp\os\win32\x86_64\localfile_1_0_0.dll
0x000007fefb470000 - 0x000007fefb481000 	C:\Users\Tung\.Xilinx\SDK\2015.2\org.eclipse.osgi\bundles\116\1\.cp\jWinHttp-1.0.0.dll
0x000007fef9940000 - 0x000007fef99b1000 	C:\Windows\system32\WINHTTP.dll
0x000007fef98d0000 - 0x000007fef9934000 	C:\Windows\system32\webio.dll
0x000007fefda30000 - 0x000007fefda55000 	C:\Windows\system32\SspiCli.dll
0x000007fefd030000 - 0x000007fefd03a000 	C:\Windows\system32\credssp.dll
0x000007fefdd30000 - 0x000007fefdd66000 	C:\Windows\system32\CFGMGR32.dll
0x000007fefaf70000 - 0x000007fefafc4000 	C:\Windows\system32\oleacc.dll
0x000007fefdbb0000 - 0x000007fefdbc4000 	C:\Windows\system32\RpcRtRemote.dll
0x000007fefdb10000 - 0x000007fefdb67000 	C:\Windows\system32\apphelp.dll
0x000007feeb5d0000 - 0x000007feeb60b000 	C:\Windows\system32\mlang.dll
0x000007fef70e0000 - 0x000007fef70ea000 	C:\Xilinx\SDK\2015.2\lib\win64.o\librdi_jtag_settings.dll
0x000007feef040000 - 0x000007feef069000 	C:\Xilinx\SDK\2015.2\lib\win64.o\librdi_debug_dialog.dll
0x000007fefb150000 - 0x000007fefb172000 	C:\Xilinx\SDK\2015.2\lib\win64.o\libboost_filesystem.dll
0x000007fefb400000 - 0x000007fefb409000 	C:\Xilinx\SDK\2015.2\lib\win64.o\libboost_system.dll
0x000007feecd40000 - 0x000007feecde7000 	C:\Windows\system32\MSVCP110.dll
0x000007feece00000 - 0x000007feeced4000 	C:\Windows\system32\MSVCR110.dll
0x000007fec94d0000 - 0x000007fec9e13000 	C:\Xilinx\SDK\2015.2\lib\win64.o\librdi_common.dll
0x000007fec8fc0000 - 0x000007fec9268000 	C:\Xilinx\SDK\2015.2\lib\win64.o\libCOIN-all.dll
0x000007fec82f0000 - 0x000007fec8510000 	C:\Xilinx\SDK\2015.2\lib\win64.o\libXil_lmgr11.dll
0x000007fefbc80000 - 0x000007fefbc96000 	C:\Windows\system32\NETAPI32.dll
0x000007fefbc70000 - 0x000007fefbc7c000 	C:\Windows\system32\netutils.dll
0x000007fefd670000 - 0x000007fefd693000 	C:\Windows\system32\srvcli.dll
0x000007fefbc50000 - 0x000007fefbc65000 	C:\Windows\system32\wkscli.dll
0x000007fefdcf0000 - 0x000007fefdd2a000 	C:\Windows\system32\WINTRUST.dll
0x000007fefb410000 - 0x000007fefb420000 	C:\Xilinx\SDK\2015.2\lib\win64.o\libboost_date_time.dll
0x000007fefaa30000 - 0x000007fefaaa4000 	C:\Xilinx\SDK\2015.2\lib\win64.o\libboost_program_options.dll
0x000007feeb400000 - 0x000007feeb4fa000 	C:\Xilinx\SDK\2015.2\lib\win64.o\libboost_regex.dll
0x000007fefb0a0000 - 0x000007fefb0b3000 	C:\Xilinx\SDK\2015.2\lib\win64.o\libboost_signals.dll
0x000007fefb080000 - 0x000007fefb09d000 	C:\Xilinx\SDK\2015.2\lib\win64.o\libboost_thread.dll
0x000007fefb3f0000 - 0x000007fefb3fb000 	C:\Xilinx\SDK\2015.2\lib\win64.o\libboost_chrono.dll
0x000007fefa9b0000 - 0x000007fefaa30000 	C:\Xilinx\SDK\2015.2\lib\win64.o\libhdlpsolve.dll
0x000007feeec40000 - 0x000007feeecda000 	C:\Xilinx\SDK\2015.2\lib\win64.o\libhdxml.dll
0x000007fec7ce0000 - 0x000007fec82ea200 	C:\Xilinx\SDK\2015.2\lib\win64.o\libisl_iostreams.dll
0x000007fefb060000 - 0x000007fefb076000 	C:\Xilinx\SDK\2015.2\lib\win64.o\libboost_iostreams.dll
0x000007fefa950000 - 0x000007fefa973000 	C:\Xilinx\SDK\2015.2\lib\win64.o\librdizlib.dll
0x000007fef70f0000 - 0x000007fef7113000 	C:\Xilinx\SDK\2015.2\lib\win64.o\libisl_iosutils.dll
0x000007feef070000 - 0x000007feef09a000 	C:\Xilinx\SDK\2015.2\lib\win64.o\libisl_sysinfo.dll
0x000007fefb440000 - 0x000007fefb455000 	C:\Xilinx\SDK\2015.2\lib\win64.o\pthreadVC2.dll
0x000007feecf20000 - 0x000007feecf74000 	C:\Xilinx\SDK\2015.2\lib\win64.o\librdi_commonxillic.dll
0x000007feebb80000 - 0x000007feebcb0000 	C:\Xilinx\SDK\2015.2\lib\win64.o\librdi_curl.dll
0x000007fefa930000 - 0x000007fefa948000 	C:\Xilinx\SDK\2015.2\lib\win64.o\librdiconfig.dll
0x0000000071290000 - 0x00000000713b7000 	C:\Xilinx\SDK\2015.2\lib\win64.o\tcl85t.dll
0x0000000020c20000 - 0x0000000020e83000 	C:\Xilinx\SDK\2015.2\lib\win64.o\xerces-c_3_1.dll
0x000007feea530000 - 0x000007feea553000 	C:\Windows\system32\VCOMP110.DLL
0x000007fec6ed0000 - 0x000007fec70b8000 	C:\Xilinx\SDK\2015.2\lib\win64.o\librdi_hsm.dll
0x000007feec6b0000 - 0x000007feec6f3000 	C:\Xilinx\SDK\2015.2\lib\win64.o\librdi_hdf.dll
0x000007fecb370000 - 0x000007fecb52a000 	C:\Xilinx\SDK\2015.2\lib\win64.o\librdi_ippcw.dll
0x000007fef2440000 - 0x000007fef2448000 	C:\Xilinx\SDK\2015.2\lib\win64.o\librdi_target_manager.dll
0x000007fef21c0000 - 0x000007fef21d0000 	C:\Xilinx\SDK\2015.2\lib\win64.o\librdi_repo_manager.dll
0x000007fefb2b0000 - 0x000007fefb2b7000 	C:\Windows\system32\msimg32.dll
0x000007feeef40000 - 0x000007feeef5c000 	C:\Xilinx\SDK\2015.2\lib\win64.o\librdi_hw_platform.dll
0x000007fec78d0000 - 0x000007fec7cda000 	C:\Xilinx\SDK\2015.2\lib\win64.o\librdi_commontasks.dll
0x000007fec70c0000 - 0x000007fec78d0000 	C:\Xilinx\SDK\2015.2\lib\win64.o\libXil_lmgr11FNP.dll
0x000007fef69b0000 - 0x000007fef69bb000 	C:\Windows\system32\snmpapi.dll
0x000007feff940000 - 0x000007feffb17000 	C:\Windows\system32\SETUPAPI.dll
0x000007fefdee0000 - 0x000007fefdefa000 	C:\Windows\system32\DEVOBJ.dll
0x000007fefb3e0000 - 0x000007fefb3ef000 	C:\Windows\system32\wbem\wbemprox.dll
0x000007fefb350000 - 0x000007fefb3d6000 	C:\Windows\system32\wbemcomn.dll
0x000007fef7480000 - 0x000007fef7494000 	C:\Windows\system32\wbem\wbemsvc.dll
0x000007fef7820000 - 0x000007fef7902000 	C:\Windows\system32\wbem\fastprox.dll

VM Arguments:
jvm_args: -Dcom.xilinx.sdk.args.hwspec=C:/Users/Tung/Desktop/vdma_hdmi_conv_v1/axi_conv_fp_3x3/axi_conv_fp_3x3.sdk/design_1_wrapper.hdf -Xms64m -Xmx512m & 
java_command: <unknown>
java_class_path (initial): C:\Xilinx\SDK\2015.2\eclipse\win64.o\\plugins/org.eclipse.equinox.launcher_1.3.0.v20130327-1440.jar
Launcher Type: generic

Environment Variables:
USERNAME=Tung
OS=Windows_NT
PROCESSOR_IDENTIFIER=Intel64 Family 6 Model 60 Stepping 3, GenuineIntel



---------------  S Y S T E M  ---------------

OS: Windows 7 , 64 bit Build 7601 Service Pack 1

CPU:total 4 (4 cores per cpu, 1 threads per core) family 6 model 60 stepping 3, cmov, cx8, fxsr, mmx, sse, sse2, sse3, ssse3, sse4.1, sse4.2, popcnt, avx, avx2, aes, clmul, erms, lzcnt, tsc, tscinvbit, bmi1, bmi2

Memory: 4k page, physical 4110972k(1359180k free), swap 8220100k(4608808k free)

vm_info: Java HotSpot(TM) 64-Bit Server VM (25.25-b02) for windows-amd64 JRE (1.8.0_25-b18), built on Oct  7 2014 14:25:37 by "java_re" with MS VC++ 10.0 (VS2010)

time: Tue Aug 21 11:54:05 2018
elapsed time: 574 seconds (0d 0h 9m 34s)

