#
# A fatal error has been detected by the Java Runtime Environment:
#
#  Internal Error (0xc000000d), pid=3680, tid=1828
#
# JRE version: Java(TM) SE Runtime Environment (8.0_25-b18) (build 1.8.0_25-b18)
# Java VM: Java HotSpot(TM) 64-Bit Server VM (25.25-b02 mixed mode windows-amd64 compressed oops)
# Problematic frame:
# C  [ntdll.dll+0x7a291]
#
# Failed to write core dump. Minidumps are not enabled by default on client versions of Windows
#
# If you would like to submit a bug report, please visit:
#   http://bugreport.sun.com/bugreport/crash.jsp
#

---------------  T H R E A D  ---------------

Current thread (0x00000000139e6000):  VMThread [stack: 0x0000000014a50000,0x0000000014b50000] [id=1828]

siginfo: ExceptionCode=0xc000000d

Registers:
RAX=0x000000006398ff6f, RBX=0x0000000000000000, RCX=0x0000000014b4ed10, RDX=0x0000000000000000
RSP=0x0000000014b4f320, RBP=0x0000000021707a10, RSI=0x000007feea4f7408, RDI=0x0000000014b4f468
R8 =0x0000000000000000, R9 =0x0000000000000000, R10=0x0000000000000000, R11=0x0000000000000246
R12=0x00000000257ff550, R13=0x00000000257ff520, R14=0x0000000021707b18, R15=0x0000000000000000
RIP=0x00000000772da291, EFLAGS=0x0000000000000206

Top of Stack: (sp=0x0000000014b4f320)
0x0000000014b4f320:   0000000000000000 000007feea4f7408
0x0000000014b4f330:   0000000014b4f468 000000000061026c
0x0000000014b4f340:   0000000000610230 000000000000005d
0x0000000014b4f350:   0000000000000000 006e000000000000
0x0000000014b4f360:   0011000000000002 000000002e230101
0x0000000014b4f370:   00000000c000000d 0000000000000000
0x0000000014b4f380:   00000000772da291 0000000000000000
0x0000000014b4f390:   0000000000000000 0000000000000000
0x0000000014b4f3a0:   0000000000000000 0000000000000000
0x0000000014b4f3b0:   0000000000000000 0000000000000000
0x0000000014b4f3c0:   0000000000000000 0000000000000000
0x0000000014b4f3d0:   0000000000000000 0000000000000000
0x0000000014b4f3e0:   0000000000000000 0000000000000000
0x0000000014b4f3f0:   0000000000000000 0000000000000000
0x0000000014b4f400:   0000000000000000 0000000077162fd1
0x0000000014b4f410:   0000000000000ed8 0000000077182fe8 

Instructions: (pc=0x00000000772da291)
0x00000000772da271:   5b 8c fd ff b9 57 00 00 00 c7 44 24 50 0d 00 00
0x00000000772da281:   c0 e8 49 8f fd ff 48 8d 4c 24 50 e8 cf f2 f9 ff
0x00000000772da291:   4c 8b 1d 40 81 0b 00 4d 85 db 74 5b 65 48 8b 04
0x00000000772da2a1:   25 30 00 00 00 f6 80 ee 17 00 00 08 74 12 65 48 


Register to memory mapping:

RAX=0x000000006398ff6f is an unknown value
RBX=0x0000000000000000 is an unknown value
RCX=0x0000000014b4ed10 is an unknown value
RDX=0x0000000000000000 is an unknown value
RSP=0x0000000014b4f320 is an unknown value
RBP=0x0000000021707a10 is an unknown value
RSI=0x000007feea4f7408 is an unknown value
RDI=0x0000000014b4f468 is an unknown value
R8 =0x0000000000000000 is an unknown value
R9 =0x0000000000000000 is an unknown value
R10=0x0000000000000000 is an unknown value
R11=0x0000000000000246 is an unknown value
R12=0x00000000257ff550 is an unknown value
R13=0x00000000257ff520 is an unknown value
R14=0x0000000021707b18 is an unknown value
R15=0x0000000000000000 is an unknown value


Stack: [0x0000000014a50000,0x0000000014b50000],  sp=0x0000000014b4f320,  free space=1020k
Native frames: (J=compiled Java code, j=interpreted, Vv=VM code, C=native code)
C  [ntdll.dll+0x7a291]
C  [kernel32.dll+0x42fe8]
C  [MSVCR110.dll+0x752d]
C  [MSVCR110.dll+0x14cde]
C  [MSVCR110.dll+0x13edc]
C  [MSVCR110.dll+0x239e]
C  [MSVCR110.dll+0xaf9e]
C  [MSVCP110.dll+0x397b9]
C  [librdi_common.dll+0x135d02]
C  [librdi_common.dll+0x13447b]
C  0x000007fef1672400
C  0x000007fef1672682
C  [ntdll.dll+0x24371]
C  [ntdll.dll+0x24180]
C  [MSVCR100.dll+0x20ccd]
V  [jvm.dll+0x1f9c55]
V  [jvm.dll+0x2325e7]
V  [jvm.dll+0x231826]
V  [jvm.dll+0x231cc1]
V  [jvm.dll+0x231ede]
V  [jvm.dll+0x2852fa]
C  [MSVCR100.dll+0x21d9f]
C  [MSVCR100.dll+0x21e3b]
C  [kernel32.dll+0x1652d]
C  [ntdll.dll+0x2c521]

VM_Operation (0x000000000012f500): Exit, mode: safepoint, requested by thread 0x0000000002448000


---------------  P R O C E S S  ---------------

Java Threads: ( => current thread )
  0x0000000016857800 JavaThread "Spawner Reaper" daemon [_thread_in_native, id=2540, stack(0x000000001dbb0000,0x000000001dcb0000)]
  0x000000002c113800 JavaThread "Thread-23" daemon [_thread_blocked, id=3856, stack(0x000000002d830000,0x000000002d930000)]
  0x0000000015d69800 JavaThread "TCF Locator DNS Lookup" daemon [_thread_blocked, id=4028, stack(0x000000001bc90000,0x000000001bd90000)]
  0x0000000015d69000 JavaThread "TCF Locator Timer" daemon [_thread_blocked, id=668, stack(0x000000001bb90000,0x000000001bc90000)]
  0x0000000015d68000 JavaThread "TCF Locator Receiver" daemon [_thread_in_native, id=3356, stack(0x000000001ba90000,0x000000001bb90000)]
  0x0000000015d66800 JavaThread "TCF Timer Dispatcher" daemon [_thread_blocked, id=4084, stack(0x000000001b840000,0x000000001b940000)]
  0x000000001692c000 JavaThread "EMF Reference Cleaner" daemon [_thread_blocked, id=2180, stack(0x0000000018350000,0x0000000018450000)]
  0x0000000014fc4000 JavaThread "Service Thread" daemon [_thread_blocked, id=1592, stack(0x0000000015650000,0x0000000015750000)]
  0x0000000014f54800 JavaThread "C1 CompilerThread2" daemon [_thread_blocked, id=3420, stack(0x0000000015550000,0x0000000015650000)]
  0x0000000014f53800 JavaThread "C2 CompilerThread1" daemon [_thread_blocked, id=2692, stack(0x0000000015450000,0x0000000015550000)]
  0x0000000013a5e000 JavaThread "C2 CompilerThread0" daemon [_thread_blocked, id=3164, stack(0x0000000015350000,0x0000000015450000)]
  0x0000000013a57000 JavaThread "Attach Listener" daemon [_thread_blocked, id=2528, stack(0x0000000014e50000,0x0000000014f50000)]
  0x00000000139f3000 JavaThread "Finalizer" daemon [_thread_blocked, id=1436, stack(0x0000000014c50000,0x0000000014d50000)]
  0x00000000139ea000 JavaThread "Reference Handler" daemon [_thread_blocked, id=1588, stack(0x0000000014b50000,0x0000000014c50000)]
  0x0000000002448000 JavaThread "main" [_thread_blocked, id=2808, stack(0x0000000000030000,0x0000000000130000)]

Other Threads:
=>0x00000000139e6000 VMThread [stack: 0x0000000014a50000,0x0000000014b50000] [id=1828]

VM state:at safepoint (shutting down)

VM Mutex/Monitor currently owned by a thread:  ([mutex/lock_event])
[0x000000000279df20] Threads_lock - owner thread: 0x00000000139e6000

Heap:
 PSYoungGen      total 123392K, used 20206K [0x00000000f5580000, 0x00000000ff180000, 0x0000000100000000)
  eden space 109568K, 6% used [0x00000000f5580000,0x00000000f5c34768,0x00000000fc080000)
  from space 13824K, 96% used [0x00000000fc400000,0x00000000fd107288,0x00000000fd180000)
  to   space 25088K, 0% used [0x00000000fd900000,0x00000000fd900000,0x00000000ff180000)
 ParOldGen       total 96768K, used 44599K [0x00000000e0000000, 0x00000000e5e80000, 0x00000000f5580000)
  object space 96768K, 46% used [0x00000000e0000000,0x00000000e2b8de20,0x00000000e5e80000)
 Metaspace       used 83311K, capacity 88976K, committed 89216K, reserved 1126400K
  class space    used 10210K, capacity 12074K, committed 12160K, reserved 1048576K

Card table byte_map: [0x00000000025c0000,0x00000000026d0000] byte_map_base: 0x0000000001ec0000

Marking Bits: (ParMarkBitMap*) 0x000000006ed2d490
 Begin Bits: [0x0000000011f60000, 0x0000000012760000)
 End Bits:   [0x0000000012760000, 0x0000000012f60000)

Polling page: 0x0000000000600000

CodeCache: size=245760Kb used=39694Kb max_used=39747Kb free=206065Kb
 bounds [0x00000000027a0000, 0x0000000004ec0000, 0x00000000117a0000]
 total_blobs=12148 nmethods=11282 adapters=773
 compilation: enabled

Compilation events (10 events):
Event: 585.995 Thread 0x0000000014f54800 14148       1       org.eclipse.osgi.internal.loader.BundleLoaderProxy::getBundleData (5 bytes)
Event: 585.995 Thread 0x0000000014f54800 nmethod 14148 0x0000000002cdcbd0 code [0x0000000002cdcd20, 0x0000000002cdce30]
Event: 585.997 Thread 0x0000000014f54800 14149       3       java.io.File::list (33 bytes)
Event: 585.998 Thread 0x0000000014f54800 nmethod 14149 0x0000000003641350 code [0x0000000003641520, 0x0000000003641c48]
Event: 586.009 Thread 0x0000000013a5e000 nmethod 14135 0x00000000036397d0 code [0x0000000003639a20, 0x000000000363b420]
Event: 586.015 Thread 0x0000000014f54800 14150   !   3       org.eclipse.osgi.internal.baseadaptor.BaseStorage::compact (215 bytes)
Event: 586.016 Thread 0x0000000014f54800 nmethod 14150 0x000000000363d6d0 code [0x000000000363db00, 0x000000000363ff68]
Event: 586.019 Thread 0x0000000014f54800 14151       3       org.eclipse.osgi.framework.internal.core.AbstractBundle::close (52 bytes)
Event: 586.020 Thread 0x0000000013a5e000 14152       4       java.lang.Integer::toString (48 bytes)
Event: 586.020 Thread 0x0000000014f54800 nmethod 14151 0x0000000003638350 code [0x0000000003638580, 0x0000000003639268]

GC Heap History (10 events):
Event: 94.308 GC heap before
{Heap before GC invocations=25 (full 4):
 PSYoungGen      total 144896K, used 116224K [0x00000000f5580000, 0x0000000100000000, 0x0000000100000000)
  eden space 116224K, 100% used [0x00000000f5580000,0x00000000fc700000,0x00000000fc700000)
  from space 28672K, 0% used [0x00000000fe400000,0x00000000fe400000,0x0000000100000000)
  to   space 29184K, 0% used [0x00000000fc700000,0x00000000fc700000,0x00000000fe380000)
 ParOldGen       total 96768K, used 44559K [0x00000000e0000000, 0x00000000e5e80000, 0x00000000f5580000)
  object space 96768K, 46% used [0x00000000e0000000,0x00000000e2b83e20,0x00000000e5e80000)
 Metaspace       used 78176K, capacity 83628K, committed 83840K, reserved 1122304K
  class space    used 9640K, capacity 11316K, committed 11392K, reserved 1048576K
Event: 94.317 GC heap after
Heap after GC invocations=25 (full 4):
 PSYoungGen      total 145408K, used 9796K [0x00000000f5580000, 0x00000000fff80000, 0x0000000100000000)
  eden space 116224K, 0% used [0x00000000f5580000,0x00000000f5580000,0x00000000fc700000)
  from space 29184K, 33% used [0x00000000fc700000,0x00000000fd091140,0x00000000fe380000)
  to   space 28672K, 0% used [0x00000000fe380000,0x00000000fe380000,0x00000000fff80000)
 ParOldGen       total 96768K, used 44567K [0x00000000e0000000, 0x00000000e5e80000, 0x00000000f5580000)
  object space 96768K, 46% used [0x00000000e0000000,0x00000000e2b85e20,0x00000000e5e80000)
 Metaspace       used 78176K, capacity 83628K, committed 83840K, reserved 1122304K
  class space    used 9640K, capacity 11316K, committed 11392K, reserved 1048576K
}
Event: 131.931 GC heap before
{Heap before GC invocations=26 (full 4):
 PSYoungGen      total 145408K, used 126020K [0x00000000f5580000, 0x00000000fff80000, 0x0000000100000000)
  eden space 116224K, 100% used [0x00000000f5580000,0x00000000fc700000,0x00000000fc700000)
  from space 29184K, 33% used [0x00000000fc700000,0x00000000fd091140,0x00000000fe380000)
  to   space 28672K, 0% used [0x00000000fe380000,0x00000000fe380000,0x00000000fff80000)
 ParOldGen       total 96768K, used 44567K [0x00000000e0000000, 0x00000000e5e80000, 0x00000000f5580000)
  object space 96768K, 46% used [0x00000000e0000000,0x00000000e2b85e20,0x00000000e5e80000)
 Metaspace       used 79810K, capacity 85496K, committed 85632K, reserved 1124352K
  class space    used 9838K, capacity 11615K, committed 11648K, reserved 1048576K
Event: 131.940 GC heap after
Heap after GC invocations=26 (full 4):
 PSYoungGen      total 144384K, used 12096K [0x00000000f5580000, 0x00000000ffe80000, 0x0000000100000000)
  eden space 116736K, 0% used [0x00000000f5580000,0x00000000f5580000,0x00000000fc780000)
  from space 27648K, 43% used [0x00000000fe380000,0x00000000fef50150,0x00000000ffe80000)
  to   space 28160K, 0% used [0x00000000fc780000,0x00000000fc780000,0x00000000fe300000)
 ParOldGen       total 96768K, used 44575K [0x00000000e0000000, 0x00000000e5e80000, 0x00000000f5580000)
  object space 96768K, 46% used [0x00000000e0000000,0x00000000e2b87e20,0x00000000e5e80000)
 Metaspace       used 79810K, capacity 85496K, committed 85632K, reserved 1124352K
  class space    used 9838K, capacity 11615K, committed 11648K, reserved 1048576K
}
Event: 249.081 GC heap before
{Heap before GC invocations=27 (full 4):
 PSYoungGen      total 144384K, used 128832K [0x00000000f5580000, 0x00000000ffe80000, 0x0000000100000000)
  eden space 116736K, 100% used [0x00000000f5580000,0x00000000fc780000,0x00000000fc780000)
  from space 27648K, 43% used [0x00000000fe380000,0x00000000fef50150,0x00000000ffe80000)
  to   space 28160K, 0% used [0x00000000fc780000,0x00000000fc780000,0x00000000fe300000)
 ParOldGen       total 96768K, used 44575K [0x00000000e0000000, 0x00000000e5e80000, 0x00000000f5580000)
  object space 96768K, 46% used [0x00000000e0000000,0x00000000e2b87e20,0x00000000e5e80000)
 Metaspace       used 81348K, capacity 87142K, committed 87424K, reserved 1124352K
  class space    used 10028K, capacity 11849K, committed 11904K, reserved 1048576K
Event: 249.090 GC heap after
Heap after GC invocations=27 (full 4):
 PSYoungGen      total 144896K, used 15061K [0x00000000f5580000, 0x00000000ffd80000, 0x0000000100000000)
  eden space 116736K, 0% used [0x00000000f5580000,0x00000000f5580000,0x00000000fc780000)
  from space 28160K, 53% used [0x00000000fc780000,0x00000000fd635580,0x00000000fe300000)
  to   space 26624K, 0% used [0x00000000fe380000,0x00000000fe380000,0x00000000ffd80000)
 ParOldGen       total 96768K, used 44583K [0x00000000e0000000, 0x00000000e5e80000, 0x00000000f5580000)
  object space 96768K, 46% used [0x00000000e0000000,0x00000000e2b89e20,0x00000000e5e80000)
 Metaspace       used 81348K, capacity 87142K, committed 87424K, reserved 1124352K
  class space    used 10028K, capacity 11849K, committed 11904K, reserved 1048576K
}
Event: 432.287 GC heap before
{Heap before GC invocations=28 (full 4):
 PSYoungGen      total 144896K, used 131797K [0x00000000f5580000, 0x00000000ffd80000, 0x0000000100000000)
  eden space 116736K, 100% used [0x00000000f5580000,0x00000000fc780000,0x00000000fc780000)
  from space 28160K, 53% used [0x00000000fc780000,0x00000000fd635580,0x00000000fe300000)
  to   space 26624K, 0% used [0x00000000fe380000,0x00000000fe380000,0x00000000ffd80000)
 ParOldGen       total 96768K, used 44583K [0x00000000e0000000, 0x00000000e5e80000, 0x00000000f5580000)
  object space 96768K, 46% used [0x00000000e0000000,0x00000000e2b89e20,0x00000000e5e80000)
 Metaspace       used 82430K, capacity 88198K, committed 88320K, reserved 1126400K
  class space    used 10116K, capacity 11945K, committed 12032K, reserved 1048576K
Event: 432.298 GC heap after
Heap after GC invocations=28 (full 4):
 PSYoungGen      total 133120K, used 16234K [0x00000000f5580000, 0x00000000ff700000, 0x0000000100000000)
  eden space 113152K, 0% used [0x00000000f5580000,0x00000000f5580000,0x00000000fc400000)
  from space 19968K, 81% used [0x00000000fe380000,0x00000000ff35abf8,0x00000000ff700000)
  to   space 26112K, 0% used [0x00000000fc400000,0x00000000fc400000,0x00000000fdd80000)
 ParOldGen       total 96768K, used 44591K [0x00000000e0000000, 0x00000000e5e80000, 0x00000000f5580000)
  object space 96768K, 46% used [0x00000000e0000000,0x00000000e2b8be20,0x00000000e5e80000)
 Metaspace       used 82430K, capacity 88198K, committed 88320K, reserved 1126400K
  class space    used 10116K, capacity 11945K, committed 12032K, reserved 1048576K
}
Event: 584.930 GC heap before
{Heap before GC invocations=29 (full 4):
 PSYoungGen      total 133120K, used 129386K [0x00000000f5580000, 0x00000000ff700000, 0x0000000100000000)
  eden space 113152K, 100% used [0x00000000f5580000,0x00000000fc400000,0x00000000fc400000)
  from space 19968K, 81% used [0x00000000fe380000,0x00000000ff35abf8,0x00000000ff700000)
  to   space 26112K, 0% used [0x00000000fc400000,0x00000000fc400000,0x00000000fdd80000)
 ParOldGen       total 96768K, used 44591K [0x00000000e0000000, 0x00000000e5e80000, 0x00000000f5580000)
  object space 96768K, 46% used [0x00000000e0000000,0x00000000e2b8be20,0x00000000e5e80000)
 Metaspace       used 83071K, capacity 88844K, committed 88960K, reserved 1126400K
  class space    used 10188K, capacity 12074K, committed 12160K, reserved 1048576K
Event: 584.940 GC heap after
Heap after GC invocations=29 (full 4):
 PSYoungGen      total 123392K, used 13340K [0x00000000f5580000, 0x00000000ff180000, 0x0000000100000000)
  eden space 109568K, 0% used [0x00000000f5580000,0x00000000f5580000,0x00000000fc080000)
  from space 13824K, 96% used [0x00000000fc400000,0x00000000fd107288,0x00000000fd180000)
  to   space 25088K, 0% used [0x00000000fd900000,0x00000000fd900000,0x00000000ff180000)
 ParOldGen       total 96768K, used 44599K [0x00000000e0000000, 0x00000000e5e80000, 0x00000000f5580000)
  object space 96768K, 46% used [0x00000000e0000000,0x00000000e2b8de20,0x00000000e5e80000)
 Metaspace       used 83071K, capacity 88844K, committed 88960K, reserved 1126400K
  class space    used 10188K, capacity 12074K, committed 12160K, reserved 1048576K
}

Deoptimization events (10 events):
Event: 584.951 Thread 0x0000000002448000 Uncommon trap: reason=bimorphic action=maybe_recompile pc=0x000000000471dcf4 method=java.io.Writer.write(Ljava/lang/String;)V @ 7
Event: 584.951 Thread 0x0000000002448000 Uncommon trap: reason=bimorphic action=maybe_recompile pc=0x000000000471dcf4 method=java.io.Writer.write(Ljava/lang/String;)V @ 7
Event: 584.951 Thread 0x0000000002448000 Uncommon trap: reason=bimorphic action=maybe_recompile pc=0x000000000471dcf4 method=java.io.Writer.write(Ljava/lang/String;)V @ 7
Event: 584.951 Thread 0x0000000002448000 Uncommon trap: reason=bimorphic action=maybe_recompile pc=0x000000000471dcf4 method=java.io.Writer.write(Ljava/lang/String;)V @ 7
Event: 584.953 Thread 0x0000000016856000 Uncommon trap: reason=unreached action=reinterpret pc=0x0000000002ff1614 method=org.eclipse.core.internal.jobs.JobManager.createMonitor(Lorg/eclipse/core/runtime/jobs/Job;)Lorg/eclipse/core/runtime/IProgressMonitor; @ 6
Event: 585.441 Thread 0x0000000002448000 Uncommon trap: reason=predicate action=maybe_recompile pc=0x00000000039ee88c method=java.util.concurrent.CopyOnWriteArrayList.indexOf(Ljava/lang/Object;[Ljava/lang/Object;II)I @ 41
Event: 585.441 Thread 0x0000000002448000 Uncommon trap: reason=null_check action=make_not_entrant pc=0x000000000305d098 method=org.eclipse.core.runtime.internal.adaptor.EclipseLazyStarter.shouldActivateFor(Ljava/lang/String;Lorg/eclipse/osgi/baseadaptor/BaseData;Lorg/eclipse/core/runtime/internalîÝë?ŒK‚@
Event: 585.443 Thread 0x0000000002448000 Uncommon trap: reason=predicate action=maybe_recompile pc=0x00000000048a42f0 method=java.io.OutputStream.write([BII)V @ 62
Event: 585.956 Thread 0x0000000002448000 Uncommon trap: reason=unreached action=reinterpret pc=0x0000000003a2bcd0 method=org.eclipse.swt.widgets.Display.getDefault()Lorg/eclipse/swt/widgets/Display; @ 39
Event: 585.984 Thread 0x0000000016c75000 Uncommon trap: reason=unreached action=reinterpret pc=0x000000000484539c method=org.eclipse.core.internal.jobs.JobManager.nextJob()Lorg/eclipse/core/runtime/jobs/Job; @ 80

Internal exceptions (10 events):
Event: 583.786 Thread 0x0000000015d6d800 Exception <a 'java/lang/InterruptedException'> (0x00000000fad13728) thrown at [D:\re\workspace\8-2-build-windows-amd64-cygwin\jdk8u25\1677\hotspot\src\share\vm\runtime\objectMonitor.cpp, line 1682]
Event: 583.787 Thread 0x0000000016852000 Exception <a 'java/net/SocketException': Socket closed> (0x00000000fad849f0) thrown at [D:\re\workspace\8-2-build-windows-amd64-cygwin\jdk8u25\1677\hotspot\src\share\vm\prims\jni.cpp, line 742]
Event: 584.781 Thread 0x0000000016c74000 Exception <a 'java/lang/InterruptedException'> (0x00000000f9c3cc08) thrown at [D:\re\workspace\8-2-build-windows-amd64-cygwin\jdk8u25\1677\hotspot\src\share\vm\runtime\objectMonitor.cpp, line 1682]
Event: 584.809 Thread 0x0000000002448000 Implicit null exception at 0x000000000442b909 to 0x000000000442bc5d
Event: 584.952 Thread 0x0000000019098000 Exception <a 'java/lang/InterruptedException'> (0x00000000f56dac70) thrown at [D:\re\workspace\8-2-build-windows-amd64-cygwin\jdk8u25\1677\hotspot\src\share\vm\runtime\objectMonitor.cpp, line 1682]
Event: 585.441 Thread 0x0000000002448000 Implicit null exception at 0x000000000305b803 to 0x000000000305d089
Event: 585.996 Thread 0x0000000015ca9000 Exception <a 'java/lang/InterruptedException': sleep interrupted> (0x00000000f5a611d8) thrown at [D:\re\workspace\8-2-build-windows-amd64-cygwin\jdk8u25\1677\hotspot\src\share\vm\prims\jvm.cpp, line 3141]
Event: 585.996 Thread 0x0000000016853800 Exception <a 'java/lang/InterruptedException'> (0x00000000f58d4d40) thrown at [D:\re\workspace\8-2-build-windows-amd64-cygwin\jdk8u25\1677\hotspot\src\share\vm\runtime\objectMonitor.cpp, line 1682]
Event: 585.996 Thread 0x0000000015a8b000 Exception <a 'java/lang/InterruptedException'> (0x00000000f5b73038) thrown at [D:\re\workspace\8-2-build-windows-amd64-cygwin\jdk8u25\1677\hotspot\src\share\vm\runtime\objectMonitor.cpp, line 1682]
Event: 586.019 Thread 0x0000000015ef4000 Exception <a 'java/lang/InterruptedException'> (0x00000000f590d090) thrown at [D:\re\workspace\8-2-build-windows-amd64-cygwin\jdk8u25\1677\hotspot\src\share\vm\runtime\objectMonitor.cpp, line 1682]

Events (10 events):
Event: 586.021 loading class java/util/IdentityHashMap$IdentityHashMapIterator done
Event: 586.021 loading class java/util/IdentityHashMap$KeyIterator done
Event: 586.021 Thread 0x0000000016855000 Thread added: 0x0000000016855000
Event: 586.021 Executing VM operation: RevokeBias
Event: 586.021 Executing VM operation: RevokeBias done
Event: 586.021 Executing VM operation: RevokeBias
Event: 586.021 Executing VM operation: RevokeBias done
Event: 586.021 Thread 0x0000000016855000 Thread exited: 0x0000000016855000
Event: 586.021 Thread 0x0000000013a55800 Thread exited: 0x0000000013a55800
Event: 586.022 Executing VM operation: Exit


Dynamic libraries:
0x0000000000400000 - 0x000000000044f000 	C:\Xilinx\SDK\2015.2\eclipse\win64.o\eclipse.exe
0x0000000077260000 - 0x0000000077409000 	C:\Windows\SYSTEM32\ntdll.dll
0x0000000077140000 - 0x000000007725f000 	C:\Windows\system32\kernel32.dll
0x000007fefd2c0000 - 0x000007fefd32b000 	C:\Windows\system32\KERNELBASE.dll
0x0000000077040000 - 0x000000007713a000 	C:\Windows\system32\USER32.dll
0x000007fefda70000 - 0x000007fefdad7000 	C:\Windows\system32\GDI32.dll
0x000007fefd800000 - 0x000007fefd80e000 	C:\Windows\system32\LPK.dll
0x000007feff3c0000 - 0x000007feff489000 	C:\Windows\system32\USP10.dll
0x000007fefd5e0000 - 0x000007fefd67f000 	C:\Windows\system32\msvcrt.dll
0x000007fefba70000 - 0x000007fefbc64000 	C:\Windows\WinSxS\amd64_microsoft.windows.common-controls_6595b64144ccf1df_6.0.7601.17514_none_fa396087175ac9ac\COMCTL32.dll
0x000007feff4e0000 - 0x000007feff551000 	C:\Windows\system32\SHLWAPI.dll
0x000007feff390000 - 0x000007feff3be000 	C:\Windows\system32\IMM32.DLL
0x000007fefdae0000 - 0x000007fefdbe9000 	C:\Windows\system32\MSCTF.dll
0x0000000072000000 - 0x0000000072012000 	C:\Xilinx\SDK\2015.2\eclipse\win64.o\plugins\org.eclipse.equinox.launcher.win32.win32.x86_64_1.1.200.v20140116-2212\eclipse_1503.dll
0x000007fefd8b0000 - 0x000007fefd98b000 	C:\Windows\system32\ADVAPI32.dll
0x000007fefdc70000 - 0x000007fefdc8f000 	C:\Windows\SYSTEM32\sechost.dll
0x000007feff260000 - 0x000007feff38d000 	C:\Windows\system32\RPCRT4.dll
0x000007fefc310000 - 0x000007fefc31c000 	C:\Windows\system32\VERSION.dll
0x000007fefbf60000 - 0x000007fefbfb6000 	C:\Windows\system32\uxtheme.dll
0x000000006e550000 - 0x000000006edaa000 	C:\Xilinx\SDK\2015.2\tps\win64\jre\bin\server\jvm.dll
0x000007fef0f30000 - 0x000007fef0f39000 	C:\Windows\system32\WSOCK32.dll
0x000007feff490000 - 0x000007feff4dd000 	C:\Windows\system32\WS2_32.dll
0x000007feff560000 - 0x000007feff568000 	C:\Windows\system32\NSI.dll
0x000007fefaa40000 - 0x000007fefaa7b000 	C:\Windows\system32\WINMM.dll
0x0000000077430000 - 0x0000000077437000 	C:\Windows\system32\PSAPI.DLL
0x0000000072990000 - 0x0000000072a62000 	C:\Windows\system32\MSVCR100.dll
0x00000000749a0000 - 0x00000000749af000 	C:\Xilinx\SDK\2015.2\tps\win64\jre\bin\verify.dll
0x0000000074460000 - 0x0000000074488000 	C:\Xilinx\SDK\2015.2\tps\win64\jre\bin\java.dll
0x0000000074440000 - 0x0000000074456000 	C:\Xilinx\SDK\2015.2\tps\win64\jre\bin\zip.dll
0x000007fefdfd0000 - 0x000007fefed58000 	C:\Windows\system32\SHELL32.dll
0x000007fefdc90000 - 0x000007fefde93000 	C:\Windows\system32\ole32.dll
0x000007fefd1b0000 - 0x000007fefd1bf000 	C:\Windows\system32\profapi.dll
0x000007fefca40000 - 0x000007fefca57000 	C:\Windows\system32\CRYPTSP.dll
0x000007fefc740000 - 0x000007fefc787000 	C:\Windows\system32\rsaenh.dll
0x000007fefc500000 - 0x000007fefc51e000 	C:\Windows\system32\USERENV.dll
0x000007fefd080000 - 0x000007fefd08f000 	C:\Windows\system32\CRYPTBASE.dll
0x0000000074420000 - 0x000000007443a000 	C:\Xilinx\SDK\2015.2\tps\win64\jre\bin\net.dll
0x000007fefc9e0000 - 0x000007fefca35000 	C:\Windows\system32\mswsock.dll
0x000007fefc9d0000 - 0x000007fefc9d7000 	C:\Windows\System32\wship6.dll
0x000007fefa8e0000 - 0x000007fefa907000 	C:\Windows\system32\IPHLPAPI.DLL
0x000007fefa8d0000 - 0x000007fefa8db000 	C:\Windows\system32\WINNSI.DLL
0x000007fefa210000 - 0x000007fefa221000 	C:\Windows\system32\dhcpcsvc6.DLL
0x000007fefa720000 - 0x000007fefa738000 	C:\Windows\system32\dhcpcsvc.DLL
0x0000000074400000 - 0x0000000074411000 	C:\Xilinx\SDK\2015.2\tps\win64\jre\bin\nio.dll
0x000007feff1c0000 - 0x000007feff259000 	C:\Windows\system32\CLBCatQ.DLL
0x000007fefd990000 - 0x000007fefda67000 	C:\Windows\system32\OLEAUT32.dll
0x000007fefb010000 - 0x000007fefb025000 	C:\Windows\system32\NLAapi.dll
0x000007fef3170000 - 0x000007fef3185000 	C:\Windows\system32\napinsp.dll
0x000007fef0f50000 - 0x000007fef0f69000 	C:\Windows\system32\pnrpnsp.dll
0x000007fefc860000 - 0x000007fefc8bb000 	C:\Windows\system32\DNSAPI.dll
0x000007fef0f40000 - 0x000007fef0f4b000 	C:\Windows\System32\winrnr.dll
0x000007fefc3e0000 - 0x000007fefc3e7000 	C:\Windows\System32\wshtcpip.dll
0x000007fef7ec0000 - 0x000007fef7ec8000 	C:\Windows\system32\rasadhlp.dll
0x000007fefa7c0000 - 0x000007fefa813000 	C:\Windows\System32\fwpuclnt.dll
0x0000000018450000 - 0x00000000184f8000 	C:\Users\Tung\.Xilinx\SDK\2015.2\org.eclipse.osgi\bundles\287\1\.cp\swt-win32-4335.dll
0x000007fefd810000 - 0x000007fefd8a7000 	C:\Windows\system32\comdlg32.dll
0x000007fefa920000 - 0x000007fefa991000 	C:\Windows\system32\WINSPOOL.DRV
0x000007fefdea0000 - 0x000007fefdfca000 	C:\Windows\system32\WININET.dll
0x000007fefd680000 - 0x000007fefd7f8000 	C:\Windows\system32\urlmon.dll
0x000007fefd330000 - 0x000007fefd497000 	C:\Windows\system32\CRYPT32.dll
0x000007fefd250000 - 0x000007fefd25f000 	C:\Windows\system32\MSASN1.dll
0x000007fefed60000 - 0x000007fefefb9000 	C:\Windows\system32\iertutil.dll
0x000007fefb3b0000 - 0x000007fefb3c8000 	C:\Windows\system32\dwmapi.dll
0x000007fefb940000 - 0x000007fefba6c000 	C:\Windows\system32\propsys.dll
0x0000000016220000 - 0x000000001623e000 	C:\Users\Tung\.Xilinx\SDK\2015.2\org.eclipse.osgi\bundles\287\1\.cp\swt-gdip-win32-4335.dll
0x000007fefb6f0000 - 0x000007fefb905000 	C:\Windows\WinSxS\amd64_microsoft.windows.gdiplus_6595b64144ccf1df_1.1.7601.17514_none_2b24536c71ed437a\gdiplus.dll
0x000007fefb240000 - 0x000007fefb36a000 	C:\Windows\system32\WindowsCodecs.dll
0x000007fefa410000 - 0x000007fefa421000 	C:\Users\Tung\.Xilinx\SDK\2015.2\org.eclipse.osgi\bundles\116\1\.cp\jWinHttp-1.0.0.dll
0x000007fef5d90000 - 0x000007fef5e01000 	C:\Windows\system32\WINHTTP.dll
0x000007fef5d20000 - 0x000007fef5d84000 	C:\Windows\system32\webio.dll
0x000007fefd050000 - 0x000007fefd075000 	C:\Windows\system32\SspiCli.dll
0x000007fefc610000 - 0x000007fefc61a000 	C:\Windows\system32\credssp.dll
0x000007fefd280000 - 0x000007fefd2b6000 	C:\Windows\system32\CFGMGR32.dll
0x000007fefabf0000 - 0x000007fefac44000 	C:\Windows\system32\oleacc.dll
0x000007fef8120000 - 0x000007fef815b000 	C:\Windows\system32\mlang.dll
0x000007fefd190000 - 0x000007fefd1a4000 	C:\Windows\system32\RpcRtRemote.dll
0x000007fefd130000 - 0x000007fefd187000 	C:\Windows\system32\apphelp.dll
0x000007feecca0000 - 0x000007feed857000 	C:\Windows\System32\ieframe.dll
0x000007fefd090000 - 0x000007fefd121000 	C:\Windows\system32\SXS.DLL
0x0000000180000000 - 0x0000000180012000 	C:\Users\Tung\.Xilinx\SDK\2015.2\org.eclipse.osgi\bundles\113\1\.cp\os\win32\x86_64\localfile_1_0_0.dll
0x000007fec6b00000 - 0x000007fec7398000 	C:\Windows\System32\mshtml.dll
0x000007fef3130000 - 0x000007fef316b000 	C:\Windows\System32\msls31.dll
0x000007fefc060000 - 0x000007fefc08d000 	C:\Windows\system32\ntmarta.dll
0x000007fefd580000 - 0x000007fefd5d2000 	C:\Windows\system32\WLDAP32.dll
0x000007fef5880000 - 0x000007fef588e000 	C:\Windows\system32\msimtf.dll
0x000007fefbfe0000 - 0x000007fefc02b000 	C:\Windows\system32\MMDevAPI.DLL
0x000007fefaa00000 - 0x000007fefaa3b000 	C:\Windows\system32\wdmaud.drv
0x0000000074f70000 - 0x0000000074f76000 	C:\Windows\system32\ksuser.dll
0x000007fefc090000 - 0x000007fefc099000 	C:\Windows\system32\AVRT.dll
0x000007fefefc0000 - 0x000007feff197000 	C:\Windows\system32\SETUPAPI.dll
0x000007fefd260000 - 0x000007fefd27a000 	C:\Windows\system32\DEVOBJ.dll
0x000007fefa670000 - 0x000007fefa6bf000 	C:\Windows\system32\AUDIOSES.DLL
0x000007fefa180000 - 0x000007fefa18a000 	C:\Windows\system32\msacm32.drv
0x000007fefa160000 - 0x000007fefa178000 	C:\Windows\system32\MSACM32.dll
0x000007fefa150000 - 0x000007fefa159000 	C:\Windows\system32\midimap.dll
0x000007feeda20000 - 0x000007feeda31000 	C:\Windows\system32\ImgUtil.dll
0x000007feecbd0000 - 0x000007feecbe3000 	C:\Windows\System32\pngfilt.dll
0x000007fef1600000 - 0x000007fef1610000 	C:\Xilinx\SDK\2015.2\lib\win64.o\librdi_repo_manager.dll
0x000007feedaa0000 - 0x000007feedaca000 	C:\Xilinx\SDK\2015.2\lib\win64.o\libisl_sysinfo.dll
0x000007feea4f0000 - 0x000007feea5c4000 	C:\Windows\system32\MSVCR110.dll
0x000007feebae0000 - 0x000007feebb87000 	C:\Windows\system32\MSVCP110.dll
0x000007fec8f30000 - 0x000007fec9873000 	C:\Xilinx\SDK\2015.2\lib\win64.o\librdi_common.dll
0x000007fecb6e0000 - 0x000007fecb988000 	C:\Xilinx\SDK\2015.2\lib\win64.o\libCOIN-all.dll
0x000007fec8d10000 - 0x000007fec8f30000 	C:\Xilinx\SDK\2015.2\lib\win64.o\libXil_lmgr11.dll
0x000007fefb0b0000 - 0x000007fefb0c6000 	C:\Windows\system32\NETAPI32.dll
0x000007fefb0a0000 - 0x000007fefb0ac000 	C:\Windows\system32\netutils.dll
0x000007fefcda0000 - 0x000007fefcdc3000 	C:\Windows\system32\srvcli.dll
0x000007fefb080000 - 0x000007fefb095000 	C:\Windows\system32\wkscli.dll
0x000007fefd540000 - 0x000007fefd57a000 	C:\Windows\system32\WINTRUST.dll
0x000007fefb200000 - 0x000007fefb210000 	C:\Xilinx\SDK\2015.2\lib\win64.o\libboost_date_time.dll
0x000007fefa3e0000 - 0x000007fefa402000 	C:\Xilinx\SDK\2015.2\lib\win64.o\libboost_filesystem.dll
0x000007fefb910000 - 0x000007fefb919000 	C:\Xilinx\SDK\2015.2\lib\win64.o\libboost_system.dll
0x000007feede70000 - 0x000007feedee4000 	C:\Xilinx\SDK\2015.2\lib\win64.o\libboost_program_options.dll
0x000007feeacc0000 - 0x000007feeadba000 	C:\Xilinx\SDK\2015.2\lib\win64.o\libboost_regex.dll
0x000007fef9ff0000 - 0x000007fefa003000 	C:\Xilinx\SDK\2015.2\lib\win64.o\libboost_signals.dll
0x000007fef1610000 - 0x000007fef162d000 	C:\Xilinx\SDK\2015.2\lib\win64.o\libboost_thread.dll
0x000007fef90f0000 - 0x000007fef90fb000 	C:\Xilinx\SDK\2015.2\lib\win64.o\libboost_chrono.dll
0x000007feedef0000 - 0x000007feedf70000 	C:\Xilinx\SDK\2015.2\lib\win64.o\libhdlpsolve.dll
0x000007feeddd0000 - 0x000007feede6a000 	C:\Xilinx\SDK\2015.2\lib\win64.o\libhdxml.dll
0x000007fec7fc0000 - 0x000007fec85ca200 	C:\Xilinx\SDK\2015.2\lib\win64.o\libisl_iostreams.dll
0x000007feefeb0000 - 0x000007feefec6000 	C:\Xilinx\SDK\2015.2\lib\win64.o\libboost_iostreams.dll
0x000007feee6d0000 - 0x000007feee6f3000 	C:\Xilinx\SDK\2015.2\lib\win64.o\librdizlib.dll
0x000007feedad0000 - 0x000007feedaf3000 	C:\Xilinx\SDK\2015.2\lib\win64.o\libisl_iosutils.dll
0x000007fefa010000 - 0x000007fefa025000 	C:\Xilinx\SDK\2015.2\lib\win64.o\pthreadVC2.dll
0x000007feeda40000 - 0x000007feeda94000 	C:\Xilinx\SDK\2015.2\lib\win64.o\librdi_commonxillic.dll
0x000007fec8be0000 - 0x000007fec8d10000 	C:\Xilinx\SDK\2015.2\lib\win64.o\librdi_curl.dll
0x000007feee150000 - 0x000007feee168000 	C:\Xilinx\SDK\2015.2\lib\win64.o\librdiconfig.dll
0x0000000071340000 - 0x0000000071467000 	C:\Xilinx\SDK\2015.2\lib\win64.o\tcl85t.dll

VM Arguments:
jvm_args: -Dcom.xilinx.sdk.args.hwspec=C:/Users/Tung/Desktop/vdma_hdmi_conv_v1/axi_conv_fp_3x3/axi_conv_fp_3x3.sdk/design_1_wrapper.hdf -Xms64m -Xmx512m & 
java_command: <unknown>
java_class_path (initial): C:\Xilinx\SDK\2015.2\eclipse\win64.o\\plugins/org.eclipse.equinox.launcher_1.3.0.v20130327-1440.jar
Launcher Type: generic

Environment Variables:
USERNAME=Tung
OS=Windows_NT
PROCESSOR_IDENTIFIER=Intel64 Family 6 Model 60 Stepping 3, GenuineIntel



---------------  S Y S T E M  ---------------

OS: Windows 7 , 64 bit Build 7601 Service Pack 1

CPU:total 4 (4 cores per cpu, 1 threads per core) family 6 model 60 stepping 3, cmov, cx8, fxsr, mmx, sse, sse2, sse3, ssse3, sse4.1, sse4.2, popcnt, avx, avx2, aes, clmul, erms, lzcnt, tsc, tscinvbit, bmi1, bmi2

Memory: 4k page, physical 4110972k(1367976k free), swap 8220100k(4958720k free)

vm_info: Java HotSpot(TM) 64-Bit Server VM (25.25-b02) for windows-amd64 JRE (1.8.0_25-b18), built on Oct  7 2014 14:25:37 by "java_re" with MS VC++ 10.0 (VS2010)

time: Thu Aug 16 08:53:44 2018
elapsed time: 586 seconds (0d 0h 9m 46s)

