#
# A fatal error has been detected by the Java Runtime Environment:
#
#  Internal Error (0xc000000d), pid=2692, tid=4256
#
# JRE version: Java(TM) SE Runtime Environment (8.0_25-b18) (build 1.8.0_25-b18)
# Java VM: Java HotSpot(TM) 64-Bit Server VM (25.25-b02 mixed mode windows-amd64 compressed oops)
# Problematic frame:
# C  [ntdll.dll+0x7a291]
#
# Failed to write core dump. Minidumps are not enabled by default on client versions of Windows
#
# If you would like to submit a bug report, please visit:
#   http://bugreport.sun.com/bugreport/crash.jsp
#

---------------  T H R E A D  ---------------

Current thread (0x0000000013a2b800):  VMThread [stack: 0x0000000014a90000,0x0000000014b90000] [id=4256]

siginfo: ExceptionCode=0xc000000d

Registers:
RAX=0x000000006237635e, RBX=0x0000000000000000, RCX=0x0000000014b8ef10, RDX=0x0000000000000000
RSP=0x0000000014b8f520, RBP=0x0000000025846810, RSI=0x000007feece07408, RDI=0x0000000014b8f668
R8 =0x0000000000000000, R9 =0x0000000000000000, R10=0x0000000000000000, R11=0x0000000000000246
R12=0x00000000251c9000, R13=0x00000000251c8fc0, R14=0x0000000025846918, R15=0x0000000000000000
RIP=0x0000000077cfa291, EFLAGS=0x0000000000000202

Top of Stack: (sp=0x0000000014b8f520)
0x0000000014b8f520:   0000000000000000 000007feece07408
0x0000000014b8f530:   0000000014b8f668 0000000000540268
0x0000000014b8f540:   000007fe00000000 000000000000005d
0x0000000014b8f550:   0000000000000000 009b000000000000
0x0000000014b8f560:   0011000000000002 0000000000000002
0x0000000014b8f570:   00000000c000000d 0000000000000000
0x0000000014b8f580:   0000000077cfa291 0000000000000000
0x0000000014b8f590:   0000000000000000 0000000000000000
0x0000000014b8f5a0:   0000000000000000 0000000000000000
0x0000000014b8f5b0:   0000000000000000 0000000000000000
0x0000000014b8f5c0:   0000000000000000 0000000000000000
0x0000000014b8f5d0:   0000000000000000 0000000000000000
0x0000000014b8f5e0:   0000000000000000 0000000000000000
0x0000000014b8f5f0:   0000000000000000 0000000000000000
0x0000000014b8f600:   0000000000000000 0000000077b82fd1
0x0000000014b8f610:   0000000000000628 0000000077ba2fe8 

Instructions: (pc=0x0000000077cfa291)
0x0000000077cfa271:   5b 8c fd ff b9 57 00 00 00 c7 44 24 50 0d 00 00
0x0000000077cfa281:   c0 e8 49 8f fd ff 48 8d 4c 24 50 e8 cf f2 f9 ff
0x0000000077cfa291:   4c 8b 1d 40 81 0b 00 4d 85 db 74 5b 65 48 8b 04
0x0000000077cfa2a1:   25 30 00 00 00 f6 80 ee 17 00 00 08 74 12 65 48 


Register to memory mapping:

RAX=0x000000006237635e is an unknown value
RBX=0x0000000000000000 is an unknown value
RCX=0x0000000014b8ef10 is an unknown value
RDX=0x0000000000000000 is an unknown value
RSP=0x0000000014b8f520 is an unknown value
RBP=0x0000000025846810 is an unknown value
RSI=0x000007feece07408 is an unknown value
RDI=0x0000000014b8f668 is an unknown value
R8 =0x0000000000000000 is an unknown value
R9 =0x0000000000000000 is an unknown value
R10=0x0000000000000000 is an unknown value
R11=0x0000000000000246 is an unknown value
R12=0x00000000251c9000 is an unknown value
R13=0x00000000251c8fc0 is an unknown value
R14=0x0000000025846918 is an unknown value
R15=0x0000000000000000 is an unknown value


Stack: [0x0000000014a90000,0x0000000014b90000],  sp=0x0000000014b8f520,  free space=1021k
Native frames: (J=compiled Java code, j=interpreted, Vv=VM code, C=native code)
C  [ntdll.dll+0x7a291]
C  [kernel32.dll+0x42fe8]
C  [MSVCR110.dll+0x752d]
C  [MSVCR110.dll+0x14cde]
C  [MSVCR110.dll+0x13edc]
C  [MSVCR110.dll+0x239e]
C  [MSVCR110.dll+0xaf9e]
C  [MSVCP110.dll+0x397b9]
C  [librdi_common.dll+0x135d02]
C  [librdi_common.dll+0x13447b]
C  0x000007fefc530904
C  0x000007fefc530b86
C  [ntdll.dll+0x24371]
C  [ntdll.dll+0x24180]
C  [MSVCR100.dll+0x20ccd]
V  [jvm.dll+0x1f9c55]
V  [jvm.dll+0x2325e7]
V  [jvm.dll+0x231826]
V  [jvm.dll+0x231cc1]
V  [jvm.dll+0x231ede]
V  [jvm.dll+0x2852fa]
C  [MSVCR100.dll+0x21d9f]
C  [MSVCR100.dll+0x21e3b]
C  [kernel32.dll+0x1652d]
C  [ntdll.dll+0x2c521]

VM_Operation (0x000000000012f500): Exit, mode: safepoint, requested by thread 0x0000000002558000


---------------  P R O C E S S  ---------------

Java Threads: ( => current thread )
  0x0000000019a4d800 JavaThread "Thread-14" daemon [_thread_blocked, id=5064, stack(0x00000000205f0000,0x00000000206f0000)]
  0x000000001c1a0000 JavaThread "TCF Locator DNS Lookup" daemon [_thread_blocked, id=2732, stack(0x0000000018490000,0x0000000018590000)]
  0x000000001c19f000 JavaThread "TCF Locator Timer" daemon [_thread_blocked, id=1076, stack(0x0000000018380000,0x0000000018480000)]
  0x000000001c19e800 JavaThread "TCF Locator Receiver" daemon [_thread_in_native, id=2748, stack(0x0000000018280000,0x0000000018380000)]
  0x000000001705e800 JavaThread "TCF Timer Dispatcher" daemon [_thread_blocked, id=540, stack(0x0000000018060000,0x0000000018160000)]
  0x000000001691f000 JavaThread "EMF Reference Cleaner" daemon [_thread_blocked, id=4392, stack(0x0000000018a80000,0x0000000018b80000)]
  0x0000000014dd6000 JavaThread "Service Thread" daemon [_thread_blocked, id=4136, stack(0x0000000015690000,0x0000000015790000)]
  0x0000000013a96800 JavaThread "C1 CompilerThread2" daemon [_thread_blocked, id=4216, stack(0x0000000015590000,0x0000000015690000)]
  0x0000000014d9b000 JavaThread "C2 CompilerThread1" daemon [_thread_blocked, id=2872, stack(0x0000000015490000,0x0000000015590000)]
  0x0000000014d99000 JavaThread "C2 CompilerThread0" daemon [_thread_blocked, id=3768, stack(0x0000000015390000,0x0000000015490000)]
  0x0000000014d93800 JavaThread "Attach Listener" daemon [_thread_blocked, id=4388, stack(0x0000000015290000,0x0000000015390000)]
  0x0000000014d92800 JavaThread "Signal Dispatcher" daemon [_thread_blocked, id=4464, stack(0x0000000015190000,0x0000000015290000)]
  0x0000000013a38000 JavaThread "Finalizer" daemon [_thread_blocked, id=3144, stack(0x0000000014c90000,0x0000000014d90000)]
  0x0000000013a2f000 JavaThread "Reference Handler" daemon [_thread_blocked, id=5076, stack(0x0000000014b90000,0x0000000014c90000)]
  0x0000000002558000 JavaThread "main" [_thread_blocked, id=1184, stack(0x0000000000030000,0x0000000000130000)]

Other Threads:
=>0x0000000013a2b800 VMThread [stack: 0x0000000014a90000,0x0000000014b90000] [id=4256]

VM state:at safepoint (shutting down)

VM Mutex/Monitor currently owned by a thread:  ([mutex/lock_event])
[0x000000000249df20] Threads_lock - owner thread: 0x0000000013a2b800

Heap:
 PSYoungGen      total 89088K, used 27448K [0x00000000f5580000, 0x00000000fdd00000, 0x0000000100000000)
  eden space 88576K, 30% used [0x00000000f5580000,0x00000000f704e138,0x00000000fac00000)
  from space 512K, 0% used [0x00000000fac00000,0x00000000fac00000,0x00000000fac80000)
  to   space 25088K, 0% used [0x00000000fc480000,0x00000000fc480000,0x00000000fdd00000)
 ParOldGen       total 349696K, used 255508K [0x00000000e0000000, 0x00000000f5580000, 0x00000000f5580000)
  object space 349696K, 73% used [0x00000000e0000000,0x00000000ef985180,0x00000000f5580000)
 Metaspace       used 73035K, capacity 78374K, committed 78680K, reserved 1118208K
  class space    used 8987K, capacity 10751K, committed 10840K, reserved 1048576K

Card table byte_map: [0x00000000119e0000,0x0000000011af0000] byte_map_base: 0x00000000112e0000

Marking Bits: (ParMarkBitMap*) 0x000000006b3dd490
 Begin Bits: [0x0000000011fa0000, 0x00000000127a0000)
 End Bits:   [0x00000000127a0000, 0x0000000012fa0000)

Polling page: 0x0000000000220000

CodeCache: size=245760Kb used=25872Kb max_used=25907Kb free=219887Kb
 bounds [0x0000000002620000, 0x0000000003fc0000, 0x0000000011620000]
 total_blobs=8267 nmethods=7426 adapters=749
 compilation: enabled

Compilation events (10 events):
Event: 490.625 Thread 0x0000000013a96800 nmethod 8878 0x00000000029113d0 code [0x0000000002911620, 0x00000000029123b8]
Event: 490.626 Thread 0x0000000013a96800 8879       3       org.eclipse.osgi.internal.loader.BundleLoader::closeBundleLoader (38 bytes)
Event: 490.626 Thread 0x0000000013a96800 nmethod 8879 0x0000000002d105d0 code [0x0000000002d10760, 0x0000000002d10c08]
Event: 490.630 Thread 0x0000000013a96800 8882       3       java.io.File::list (33 bytes)
Event: 490.630 Thread 0x0000000013a96800 nmethod 8882 0x0000000003182710 code [0x00000000031828e0, 0x0000000003183008]
Event: 490.641 Thread 0x0000000014d99000 nmethod 8866 0x000000000316a250 code [0x000000000316a4a0, 0x000000000316bca0]
Event: 490.697 Thread 0x0000000013a96800 8883   !   3       org.eclipse.osgi.internal.baseadaptor.BaseStorage::compact (215 bytes)
Event: 490.699 Thread 0x0000000013a96800 nmethod 8883 0x00000000035556d0 code [0x0000000003555b00, 0x0000000003557f68]
Event: 490.704 Thread 0x0000000013a96800 8884       3       org.eclipse.osgi.framework.internal.core.AbstractBundle::close (52 bytes)
Event: 490.704 Thread 0x0000000013a96800 nmethod 8884 0x0000000002e6ad10 code [0x0000000002e6af40, 0x0000000002e6bc28]

GC Heap History (10 events):
Event: 309.891 GC heap before
{Heap before GC invocations=38 (full 20):
 PSYoungGen      total 89600K, used 864K [0x00000000f5580000, 0x00000000fe000000, 0x0000000100000000)
  eden space 88576K, 0% used [0x00000000f5580000,0x00000000f5580000,0x00000000fac00000)
  from space 1024K, 84% used [0x00000000fac00000,0x00000000facd8000,0x00000000fad00000)
  to   space 26624K, 0% used [0x00000000fc600000,0x00000000fc600000,0x00000000fe000000)
 ParOldGen       total 349696K, used 254999K [0x00000000e0000000, 0x00000000f5580000, 0x00000000f5580000)
  object space 349696K, 72% used [0x00000000e0000000,0x00000000ef905cf0,0x00000000f5580000)
 Metaspace       used 71950K, capacity 77468K, committed 77784K, reserved 1116160K
  class space    used 8871K, capacity 10622K, committed 10712K, reserved 1048576K
Event: 310.064 GC heap after
Heap after GC invocations=38 (full 20):
 PSYoungGen      total 89600K, used 0K [0x00000000f5580000, 0x00000000fe000000, 0x0000000100000000)
  eden space 88576K, 0% used [0x00000000f5580000,0x00000000f5580000,0x00000000fac00000)
  from space 1024K, 0% used [0x00000000fac00000,0x00000000fac00000,0x00000000fad00000)
  to   space 26624K, 0% used [0x00000000fc600000,0x00000000fc600000,0x00000000fe000000)
 ParOldGen       total 349696K, used 255647K [0x00000000e0000000, 0x00000000f5580000, 0x00000000f5580000)
  object space 349696K, 73% used [0x00000000e0000000,0x00000000ef9a7e48,0x00000000f5580000)
 Metaspace       used 71950K, capacity 77468K, committed 77784K, reserved 1116160K
  class space    used 8871K, capacity 10622K, committed 10712K, reserved 1048576K
}
Event: 369.902 GC heap before
{Heap before GC invocations=39 (full 20):
 PSYoungGen      total 89600K, used 7313K [0x00000000f5580000, 0x00000000fe000000, 0x0000000100000000)
  eden space 88576K, 8% used [0x00000000f5580000,0x00000000f5ca4500,0x00000000fac00000)
  from space 1024K, 0% used [0x00000000fac00000,0x00000000fac00000,0x00000000fad00000)
  to   space 26624K, 0% used [0x00000000fc600000,0x00000000fc600000,0x00000000fe000000)
 ParOldGen       total 349696K, used 255647K [0x00000000e0000000, 0x00000000f5580000, 0x00000000f5580000)
  object space 349696K, 73% used [0x00000000e0000000,0x00000000ef9a7e48,0x00000000f5580000)
 Metaspace       used 72051K, capacity 77468K, committed 77784K, reserved 1116160K
  class space    used 8876K, capacity 10622K, committed 10712K, reserved 1048576K
Event: 369.904 GC heap after
Heap after GC invocations=39 (full 20):
 PSYoungGen      total 114176K, used 416K [0x00000000f5580000, 0x00000000fdf00000, 0x0000000100000000)
  eden space 88576K, 0% used [0x00000000f5580000,0x00000000f5580000,0x00000000fac00000)
  from space 25600K, 1% used [0x00000000fc600000,0x00000000fc668000,0x00000000fdf00000)
  to   space 26112K, 0% used [0x00000000fac00000,0x00000000fac00000,0x00000000fc580000)
 ParOldGen       total 349696K, used 255647K [0x00000000e0000000, 0x00000000f5580000, 0x00000000f5580000)
  object space 349696K, 73% used [0x00000000e0000000,0x00000000ef9a7e48,0x00000000f5580000)
 Metaspace       used 72051K, capacity 77468K, committed 77784K, reserved 1116160K
  class space    used 8876K, capacity 10622K, committed 10712K, reserved 1048576K
}
Event: 369.904 GC heap before
{Heap before GC invocations=40 (full 21):
 PSYoungGen      total 114176K, used 416K [0x00000000f5580000, 0x00000000fdf00000, 0x0000000100000000)
  eden space 88576K, 0% used [0x00000000f5580000,0x00000000f5580000,0x00000000fac00000)
  from space 25600K, 1% used [0x00000000fc600000,0x00000000fc668000,0x00000000fdf00000)
  to   space 26112K, 0% used [0x00000000fac00000,0x00000000fac00000,0x00000000fc580000)
 ParOldGen       total 349696K, used 255647K [0x00000000e0000000, 0x00000000f5580000, 0x00000000f5580000)
  object space 349696K, 73% used [0x00000000e0000000,0x00000000ef9a7e48,0x00000000f5580000)
 Metaspace       used 72051K, capacity 77468K, committed 77784K, reserved 1116160K
  class space    used 8876K, capacity 10622K, committed 10712K, reserved 1048576K
Event: 370.113 GC heap after
Heap after GC invocations=40 (full 21):
 PSYoungGen      total 114176K, used 0K [0x00000000f5580000, 0x00000000fdf00000, 0x0000000100000000)
  eden space 88576K, 0% used [0x00000000f5580000,0x00000000f5580000,0x00000000fac00000)
  from space 25600K, 0% used [0x00000000fc600000,0x00000000fc600000,0x00000000fdf00000)
  to   space 26112K, 0% used [0x00000000fac00000,0x00000000fac00000,0x00000000fc580000)
 ParOldGen       total 349696K, used 255555K [0x00000000e0000000, 0x00000000f5580000, 0x00000000f5580000)
  object space 349696K, 73% used [0x00000000e0000000,0x00000000ef990f88,0x00000000f5580000)
 Metaspace       used 72051K, capacity 77468K, committed 77784K, reserved 1116160K
  class space    used 8876K, capacity 10622K, committed 10712K, reserved 1048576K
}
Event: 429.914 GC heap before
{Heap before GC invocations=41 (full 21):
 PSYoungGen      total 114176K, used 4052K [0x00000000f5580000, 0x00000000fdf00000, 0x0000000100000000)
  eden space 88576K, 4% used [0x00000000f5580000,0x00000000f5975260,0x00000000fac00000)
  from space 25600K, 0% used [0x00000000fc600000,0x00000000fc600000,0x00000000fdf00000)
  to   space 26112K, 0% used [0x00000000fac00000,0x00000000fac00000,0x00000000fc580000)
 ParOldGen       total 349696K, used 255555K [0x00000000e0000000, 0x00000000f5580000, 0x00000000f5580000)
  object space 349696K, 73% used [0x00000000e0000000,0x00000000ef990f88,0x00000000f5580000)
 Metaspace       used 72058K, capacity 77468K, committed 77784K, reserved 1116160K
  class space    used 8876K, capacity 10622K, committed 10712K, reserved 1048576K
Event: 429.916 GC heap after
Heap after GC invocations=41 (full 21):
 PSYoungGen      total 89088K, used 160K [0x00000000f5580000, 0x00000000fdd00000, 0x0000000100000000)
  eden space 88576K, 0% used [0x00000000f5580000,0x00000000f5580000,0x00000000fac00000)
  from space 512K, 31% used [0x00000000fac00000,0x00000000fac28000,0x00000000fac80000)
  to   space 25088K, 0% used [0x00000000fc480000,0x00000000fc480000,0x00000000fdd00000)
 ParOldGen       total 349696K, used 255555K [0x00000000e0000000, 0x00000000f5580000, 0x00000000f5580000)
  object space 349696K, 73% used [0x00000000e0000000,0x00000000ef990f88,0x00000000f5580000)
 Metaspace       used 72058K, capacity 77468K, committed 77784K, reserved 1116160K
  class space    used 8876K, capacity 10622K, committed 10712K, reserved 1048576K
}
Event: 429.916 GC heap before
{Heap before GC invocations=42 (full 22):
 PSYoungGen      total 89088K, used 160K [0x00000000f5580000, 0x00000000fdd00000, 0x0000000100000000)
  eden space 88576K, 0% used [0x00000000f5580000,0x00000000f5580000,0x00000000fac00000)
  from space 512K, 31% used [0x00000000fac00000,0x00000000fac28000,0x00000000fac80000)
  to   space 25088K, 0% used [0x00000000fc480000,0x00000000fc480000,0x00000000fdd00000)
 ParOldGen       total 349696K, used 255555K [0x00000000e0000000, 0x00000000f5580000, 0x00000000f5580000)
  object space 349696K, 73% used [0x00000000e0000000,0x00000000ef990f88,0x00000000f5580000)
 Metaspace       used 72058K, capacity 77468K, committed 77784K, reserved 1116160K
  class space    used 8876K, capacity 10622K, committed 10712K, reserved 1048576K
Event: 430.043 GC heap after
Heap after GC invocations=42 (full 22):
 PSYoungGen      total 89088K, used 0K [0x00000000f5580000, 0x00000000fdd00000, 0x0000000100000000)
  eden space 88576K, 0% used [0x00000000f5580000,0x00000000f5580000,0x00000000fac00000)
  from space 512K, 0% used [0x00000000fac00000,0x00000000fac00000,0x00000000fac80000)
  to   space 25088K, 0% used [0x00000000fc480000,0x00000000fc480000,0x00000000fdd00000)
 ParOldGen       total 349696K, used 255508K [0x00000000e0000000, 0x00000000f5580000, 0x00000000f5580000)
  object space 349696K, 73% used [0x00000000e0000000,0x00000000ef985180,0x00000000f5580000)
 Metaspace       used 72058K, capacity 77468K, committed 77784K, reserved 1116160K
  class space    used 8876K, capacity 10622K, committed 10712K, reserved 1048576K
}

Deoptimization events (10 events):
Event: 489.156 Thread 0x0000000002558000 Uncommon trap: reason=unreached action=reinterpret pc=0x0000000002ff2fa4 method=java.util.HashMap.hash(Ljava/lang/Object;)I @ 1
Event: 489.161 Thread 0x0000000002558000 Uncommon trap: reason=class_check action=maybe_recompile pc=0x0000000003201784 method=org.eclipse.emf.ecore.util.EcoreEList.contains(Ljava/lang/Object;)Z @ 53
Event: 489.187 Thread 0x0000000002558000 Uncommon trap: reason=class_check action=maybe_recompile pc=0x0000000003201784 method=org.eclipse.emf.ecore.util.EcoreEList.contains(Ljava/lang/Object;)Z @ 53
Event: 489.248 Thread 0x0000000002558000 Uncommon trap: reason=unreached action=reinterpret pc=0x0000000003399cec method=org.eclipse.swt.widgets.Composite._getChildren()[Lorg/eclipse/swt/widgets/Control; @ 76
Event: 489.268 Thread 0x0000000002558000 Uncommon trap: reason=unreached action=reinterpret pc=0x0000000003ce1830 method=org.eclipse.swt.widgets.Display.drawMenuBars()V @ 4
Event: 489.328 Thread 0x0000000017060000 Uncommon trap: reason=bimorphic action=maybe_recompile pc=0x000000000277b64c method=java.util.Properties.load0(Ljava/util/Properties$LineReader;)V @ 242
Event: 489.361 Thread 0x0000000002558000 Uncommon trap: reason=unreached action=reinterpret pc=0x000000000304f15c method=org.eclipse.e4.ui.internal.workbench.swt.PartRenderingEngine.someAreVisible(Ljava/util/List;)Z @ 41
Event: 489.954 Thread 0x0000000002558000 Uncommon trap: reason=unreached action=reinterpret pc=0x0000000003a975c0 method=org.eclipse.core.internal.localstore.FileSystemResourceManager.getStoreRoot(Lorg/eclipse/core/resources/IResource;)Lorg/eclipse/core/internal/localstore/FileStoreRoot; @ 17
Event: 489.954 Thread 0x0000000002558000 Uncommon trap: reason=unreached action=reinterpret pc=0x0000000003bdf328 method=org.eclipse.core.internal.localstore.FileStoreRoot.getManager(Lorg/eclipse/core/runtime/IPath;)Lorg/eclipse/core/resources/IPathVariableManager; @ 18
Event: 490.515 Thread 0x0000000002558000 Uncommon trap: reason=null_check action=make_not_entrant pc=0x0000000003004f10 method=org.eclipse.core.runtime.internal.adaptor.EclipseLazyStarter.shouldActivateFor(Ljava/lang/String;Lorg/eclipse/osgi/baseadaptor/BaseData;Lorg/eclipse/core/runtime/internal

Internal exceptions (10 events):
Event: 489.247 Thread 0x0000000017061800 Exception <a 'sun/net/ConnectionResetException': > (0x00000000f5c56818) thrown at [D:\re\workspace\8-2-build-windows-amd64-cygwin\jdk8u25\1677\hotspot\src\share\vm\prims\jni.cpp, line 742]
Event: 489.249 Thread 0x0000000017060000 Exception <a 'java/net/SocketException': Connection reset by peer: socket write error> (0x00000000f6449af0) thrown at [D:\re\workspace\8-2-build-windows-amd64-cygwin\jdk8u25\1677\hotspot\src\share\vm\prims\jni.cpp, line 742]
Event: 489.259 Thread 0x0000000017060000 Exception <a 'java/net/SocketException': Socket closed> (0x00000000f6471f00) thrown at [D:\re\workspace\8-2-build-windows-amd64-cygwin\jdk8u25\1677\hotspot\src\share\vm\prims\jni.cpp, line 742]
Event: 489.260 Thread 0x000000001c1a2000 Exception <a 'java/lang/InterruptedException'> (0x00000000f649a300) thrown at [D:\re\workspace\8-2-build-windows-amd64-cygwin\jdk8u25\1677\hotspot\src\share\vm\runtime\objectMonitor.cpp, line 1682]
Event: 489.447 Thread 0x0000000019a4c000 Exception <a 'java/lang/InterruptedException'> (0x00000000f6be56d0) thrown at [D:\re\workspace\8-2-build-windows-amd64-cygwin\jdk8u25\1677\hotspot\src\share\vm\runtime\objectMonitor.cpp, line 1682]
Event: 490.515 Thread 0x0000000002558000 Implicit null exception at 0x000000000300375f to 0x0000000003004f05
Event: 490.625 Thread 0x0000000015ec0000 Exception <a 'java/lang/InterruptedException': sleep interrupted> (0x00000000f6e9ccc8) thrown at [D:\re\workspace\8-2-build-windows-amd64-cygwin\jdk8u25\1677\hotspot\src\share\vm\prims\jvm.cpp, line 3141]
Event: 490.627 Thread 0x000000001705c800 Exception <a 'java/lang/InterruptedException'> (0x00000000f6f7a380) thrown at [D:\re\workspace\8-2-build-windows-amd64-cygwin\jdk8u25\1677\hotspot\src\share\vm\runtime\objectMonitor.cpp, line 1682]
Event: 490.628 Thread 0x00000000163e6800 Exception <a 'java/lang/InterruptedException'> (0x00000000f6fa6830) thrown at [D:\re\workspace\8-2-build-windows-amd64-cygwin\jdk8u25\1677\hotspot\src\share\vm\runtime\objectMonitor.cpp, line 1682]
Event: 490.704 Thread 0x0000000016412800 Exception <a 'java/lang/InterruptedException'> (0x00000000f6e9b1b0) thrown at [D:\re\workspace\8-2-build-windows-amd64-cygwin\jdk8u25\1677\hotspot\src\share\vm\runtime\objectMonitor.cpp, line 1682]

Events (10 events):
Event: 490.700 Thread 0x0000000013a96800 flushing nmethod 0x00000000034a9910
Event: 490.704 Thread 0x0000000016412800 Thread exited: 0x0000000016412800
Event: 490.704 Thread 0x0000000015d21000 Thread exited: 0x0000000015d21000
Event: 490.704 loading class java/util/IdentityHashMap$KeyIterator
Event: 490.704 loading class java/util/IdentityHashMap$IdentityHashMapIterator
Event: 490.704 loading class java/util/IdentityHashMap$IdentityHashMapIterator done
Event: 490.704 loading class java/util/IdentityHashMap$KeyIterator done
Event: 490.704 Thread 0x000000001705c800 Thread added: 0x000000001705c800
Event: 490.705 Thread 0x000000001705c800 Thread exited: 0x000000001705c800
Event: 490.705 Executing VM operation: Exit


Dynamic libraries:
0x0000000000400000 - 0x000000000044f000 	C:\Xilinx\SDK\2015.2\eclipse\win64.o\eclipse.exe
0x0000000077c80000 - 0x0000000077e29000 	C:\Windows\SYSTEM32\ntdll.dll
0x0000000077b60000 - 0x0000000077c7f000 	C:\Windows\system32\kernel32.dll
0x000007fefdc80000 - 0x000007fefdceb000 	C:\Windows\system32\KERNELBASE.dll
0x0000000077a60000 - 0x0000000077b5a000 	C:\Windows\system32\USER32.dll
0x000007fefe420000 - 0x000007fefe487000 	C:\Windows\system32\GDI32.dll
0x000007fefff80000 - 0x000007fefff8e000 	C:\Windows\system32\LPK.dll
0x000007feffeb0000 - 0x000007fefff79000 	C:\Windows\system32\USP10.dll
0x000007fefe490000 - 0x000007fefe52f000 	C:\Windows\system32\msvcrt.dll
0x000007fefc670000 - 0x000007fefc864000 	C:\Windows\WinSxS\amd64_microsoft.windows.common-controls_6595b64144ccf1df_6.0.7601.17514_none_fa396087175ac9ac\COMCTL32.dll
0x000007feff820000 - 0x000007feff891000 	C:\Windows\system32\SHLWAPI.dll
0x000007feffca0000 - 0x000007feffcce000 	C:\Windows\system32\IMM32.DLL
0x000007feff710000 - 0x000007feff819000 	C:\Windows\system32\MSCTF.dll
0x0000000072000000 - 0x0000000072012000 	C:\Xilinx\SDK\2015.2\eclipse\win64.o\plugins\org.eclipse.equinox.launcher.win32.win32.x86_64_1.1.200.v20140116-2212\eclipse_1503.dll
0x000007feffdd0000 - 0x000007feffeab000 	C:\Windows\system32\ADVAPI32.dll
0x000007feffcd0000 - 0x000007feffcef000 	C:\Windows\SYSTEM32\sechost.dll
0x000007fefe290000 - 0x000007fefe3bd000 	C:\Windows\system32\RPCRT4.dll
0x000007fefcd30000 - 0x000007fefcd3c000 	C:\Windows\system32\VERSION.dll
0x000007fefc330000 - 0x000007fefc386000 	C:\Windows\system32\uxtheme.dll
0x000000006ac00000 - 0x000000006b45a000 	C:\Xilinx\SDK\2015.2\tps\win64\jre\bin\server\jvm.dll
0x000007fefbdd0000 - 0x000007fefbdd9000 	C:\Windows\system32\WSOCK32.dll
0x000007fefe3d0000 - 0x000007fefe41d000 	C:\Windows\system32\WS2_32.dll
0x000007fefe3c0000 - 0x000007fefe3c8000 	C:\Windows\system32\NSI.dll
0x000007fefb9f0000 - 0x000007fefba2b000 	C:\Windows\system32\WINMM.dll
0x0000000077e50000 - 0x0000000077e57000 	C:\Windows\system32\PSAPI.DLL
0x0000000073010000 - 0x00000000730e2000 	C:\Windows\system32\MSVCR100.dll
0x0000000075910000 - 0x000000007591f000 	C:\Xilinx\SDK\2015.2\tps\win64\jre\bin\verify.dll
0x0000000075860000 - 0x0000000075888000 	C:\Xilinx\SDK\2015.2\tps\win64\jre\bin\java.dll
0x0000000075840000 - 0x0000000075856000 	C:\Xilinx\SDK\2015.2\tps\win64\jre\bin\zip.dll
0x000007fefe850000 - 0x000007feff5d8000 	C:\Windows\system32\SHELL32.dll
0x000007fefe080000 - 0x000007fefe283000 	C:\Windows\system32\ole32.dll
0x000007fefdbd0000 - 0x000007fefdbdf000 	C:\Windows\system32\profapi.dll
0x000007fefd460000 - 0x000007fefd477000 	C:\Windows\system32\CRYPTSP.dll
0x000007fefd160000 - 0x000007fefd1a7000 	C:\Windows\system32\rsaenh.dll
0x000007fefcf20000 - 0x000007fefcf3e000 	C:\Windows\system32\USERENV.dll
0x000007fefda60000 - 0x000007fefda6f000 	C:\Windows\system32\CRYPTBASE.dll
0x0000000075820000 - 0x000000007583a000 	C:\Xilinx\SDK\2015.2\tps\win64\jre\bin\net.dll
0x000007fefd400000 - 0x000007fefd455000 	C:\Windows\system32\mswsock.dll
0x000007fefd3f0000 - 0x000007fefd3f7000 	C:\Windows\System32\wship6.dll
0x000007fefb2d0000 - 0x000007fefb2f7000 	C:\Windows\system32\IPHLPAPI.DLL
0x000007fefb2c0000 - 0x000007fefb2cb000 	C:\Windows\system32\WINNSI.DLL
0x000007fefacf0000 - 0x000007fefad01000 	C:\Windows\system32\dhcpcsvc6.DLL
0x000007fefac70000 - 0x000007fefac88000 	C:\Windows\system32\dhcpcsvc.DLL
0x00000000758a0000 - 0x00000000758b1000 	C:\Xilinx\SDK\2015.2\tps\win64\jre\bin\nio.dll
0x000007fefe550000 - 0x000007fefe5e9000 	C:\Windows\system32\CLBCatQ.DLL
0x000007fefdfa0000 - 0x000007fefe077000 	C:\Windows\system32\OLEAUT32.dll
0x000007fefb890000 - 0x000007fefb8a5000 	C:\Windows\system32\NLAapi.dll
0x000007fef1f50000 - 0x000007fef1f65000 	C:\Windows\system32\napinsp.dll
0x000007fef1de0000 - 0x000007fef1df9000 	C:\Windows\system32\pnrpnsp.dll
0x000007fefd280000 - 0x000007fefd2db000 	C:\Windows\system32\DNSAPI.dll
0x000007fef1cd0000 - 0x000007fef1cdb000 	C:\Windows\System32\winrnr.dll
0x000007fefce00000 - 0x000007fefce07000 	C:\Windows\System32\wshtcpip.dll
0x000007fefa5c0000 - 0x000007fefa5c8000 	C:\Windows\system32\rasadhlp.dll
0x000007fefad20000 - 0x000007fefad73000 	C:\Windows\System32\fwpuclnt.dll
0x0000000016450000 - 0x00000000164f8000 	C:\Users\Tung\.Xilinx\SDK\2015.2\org.eclipse.osgi\bundles\287\1\.cp\swt-win32-4335.dll
0x000007feff8a0000 - 0x000007feff937000 	C:\Windows\system32\comdlg32.dll
0x000007fefb220000 - 0x000007fefb291000 	C:\Windows\system32\WINSPOOL.DRV
0x000007feff5e0000 - 0x000007feff70a000 	C:\Windows\system32\WININET.dll
0x000007feffb20000 - 0x000007feffc98000 	C:\Windows\system32\urlmon.dll
0x000007fefdd70000 - 0x000007fefded7000 	C:\Windows\system32\CRYPT32.dll
0x000007fefdc70000 - 0x000007fefdc7f000 	C:\Windows\system32\MSASN1.dll
0x000007fefe5f0000 - 0x000007fefe849000 	C:\Windows\system32\iertutil.dll
0x000007fefbf50000 - 0x000007fefbf68000 	C:\Windows\system32\dwmapi.dll
0x000007fefc3c0000 - 0x000007fefc4ec000 	C:\Windows\system32\propsys.dll
0x0000000015a50000 - 0x0000000015a6e000 	C:\Users\Tung\.Xilinx\SDK\2015.2\org.eclipse.osgi\bundles\287\1\.cp\swt-gdip-win32-4335.dll
0x000007fefc110000 - 0x000007fefc325000 	C:\Windows\WinSxS\amd64_microsoft.windows.gdiplus_6595b64144ccf1df_1.1.7601.17514_none_2b24536c71ed437a\gdiplus.dll
0x000007fefbde0000 - 0x000007fefbf0a000 	C:\Windows\system32\WindowsCodecs.dll
0x0000000180000000 - 0x0000000180012000 	C:\Users\Tung\.Xilinx\SDK\2015.2\org.eclipse.osgi\bundles\113\1\.cp\os\win32\x86_64\localfile_1_0_0.dll
0x000007fefb470000 - 0x000007fefb481000 	C:\Users\Tung\.Xilinx\SDK\2015.2\org.eclipse.osgi\bundles\116\1\.cp\jWinHttp-1.0.0.dll
0x000007fef9940000 - 0x000007fef99b1000 	C:\Windows\system32\WINHTTP.dll
0x000007fef98d0000 - 0x000007fef9934000 	C:\Windows\system32\webio.dll
0x000007fefda30000 - 0x000007fefda55000 	C:\Windows\system32\SspiCli.dll
0x000007fefd030000 - 0x000007fefd03a000 	C:\Windows\system32\credssp.dll
0x000007fefdd30000 - 0x000007fefdd66000 	C:\Windows\system32\CFGMGR32.dll
0x000007fefaf70000 - 0x000007fefafc4000 	C:\Windows\system32\oleacc.dll
0x000007fefdbb0000 - 0x000007fefdbc4000 	C:\Windows\system32\RpcRtRemote.dll
0x000007fefdb10000 - 0x000007fefdb67000 	C:\Windows\system32\apphelp.dll
0x000007feeb5d0000 - 0x000007feeb60b000 	C:\Windows\system32\mlang.dll
0x000007fef7af0000 - 0x000007fef7afa000 	C:\Xilinx\SDK\2015.2\lib\win64.o\librdi_jtag_settings.dll
0x000007fecc650000 - 0x000007fecc679000 	C:\Xilinx\SDK\2015.2\lib\win64.o\librdi_debug_dialog.dll
0x000007feef060000 - 0x000007feef082000 	C:\Xilinx\SDK\2015.2\lib\win64.o\libboost_filesystem.dll
0x000007fefb180000 - 0x000007fefb189000 	C:\Xilinx\SDK\2015.2\lib\win64.o\libboost_system.dll
0x000007feecd40000 - 0x000007feecde7000 	C:\Windows\system32\MSVCP110.dll
0x000007feece00000 - 0x000007feeced4000 	C:\Windows\system32\MSVCR110.dll
0x000007fec5b20000 - 0x000007fec6463000 	C:\Xilinx\SDK\2015.2\lib\win64.o\librdi_common.dll
0x000007fecc220000 - 0x000007fecc4c8000 	C:\Xilinx\SDK\2015.2\lib\win64.o\libCOIN-all.dll
0x000007fecabe0000 - 0x000007fecae00000 	C:\Xilinx\SDK\2015.2\lib\win64.o\libXil_lmgr11.dll
0x000007fefbc80000 - 0x000007fefbc96000 	C:\Windows\system32\NETAPI32.dll
0x000007fefbc70000 - 0x000007fefbc7c000 	C:\Windows\system32\netutils.dll
0x000007fefd670000 - 0x000007fefd693000 	C:\Windows\system32\srvcli.dll
0x000007fefbc50000 - 0x000007fefbc65000 	C:\Windows\system32\wkscli.dll
0x000007fefdcf0000 - 0x000007fefdd2a000 	C:\Windows\system32\WINTRUST.dll
0x000007fefc510000 - 0x000007fefc520000 	C:\Xilinx\SDK\2015.2\lib\win64.o\libboost_date_time.dll
0x000007feecf20000 - 0x000007feecf94000 	C:\Xilinx\SDK\2015.2\lib\win64.o\libboost_program_options.dll
0x000007fecc120000 - 0x000007fecc21a000 	C:\Xilinx\SDK\2015.2\lib\win64.o\libboost_regex.dll
0x000007fefb100000 - 0x000007fefb113000 	C:\Xilinx\SDK\2015.2\lib\win64.o\libboost_signals.dll
0x000007fefb0e0000 - 0x000007fefb0fd000 	C:\Xilinx\SDK\2015.2\lib\win64.o\libboost_thread.dll
0x000007fefb160000 - 0x000007fefb16b000 	C:\Xilinx\SDK\2015.2\lib\win64.o\libboost_chrono.dll
0x000007feeee10000 - 0x000007feeee90000 	C:\Xilinx\SDK\2015.2\lib\win64.o\libhdlpsolve.dll
0x000007fee8b10000 - 0x000007fee8baa000 	C:\Xilinx\SDK\2015.2\lib\win64.o\libhdxml.dll
0x000007fec67b0000 - 0x000007fec6dba200 	C:\Xilinx\SDK\2015.2\lib\win64.o\libisl_iostreams.dll
0x000007fefb080000 - 0x000007fefb096000 	C:\Xilinx\SDK\2015.2\lib\win64.o\libboost_iostreams.dll
0x000007feeed90000 - 0x000007feeedb3000 	C:\Xilinx\SDK\2015.2\lib\win64.o\librdizlib.dll
0x000007feeed60000 - 0x000007feeed83000 	C:\Xilinx\SDK\2015.2\lib\win64.o\libisl_iosutils.dll
0x000007feebf80000 - 0x000007feebfaa000 	C:\Xilinx\SDK\2015.2\lib\win64.o\libisl_sysinfo.dll
0x000007fefb3f0000 - 0x000007fefb405000 	C:\Xilinx\SDK\2015.2\lib\win64.o\pthreadVC2.dll
0x000007feebf20000 - 0x000007feebf74000 	C:\Xilinx\SDK\2015.2\lib\win64.o\librdi_commonxillic.dll
0x000007fecbde0000 - 0x000007fecbf10000 	C:\Xilinx\SDK\2015.2\lib\win64.o\librdi_curl.dll
0x000007feeef30000 - 0x000007feeef48000 	C:\Xilinx\SDK\2015.2\lib\win64.o\librdiconfig.dll
0x0000000074650000 - 0x0000000074777000 	C:\Xilinx\SDK\2015.2\lib\win64.o\tcl85t.dll
0x0000000020930000 - 0x0000000020b93000 	C:\Xilinx\SDK\2015.2\lib\win64.o\xerces-c_3_1.dll
0x000007fef1e10000 - 0x000007fef1e33000 	C:\Windows\system32\VCOMP110.DLL
0x000007feca910000 - 0x000007fecaaf8000 	C:\Xilinx\SDK\2015.2\lib\win64.o\librdi_hsm.dll
0x000007fecc680000 - 0x000007fecc6c3000 	C:\Xilinx\SDK\2015.2\lib\win64.o\librdi_hdf.dll
0x000007fec8350000 - 0x000007fec850a000 	C:\Xilinx\SDK\2015.2\lib\win64.o\librdi_ippcw.dll
0x000007fef2550000 - 0x000007fef2558000 	C:\Xilinx\SDK\2015.2\lib\win64.o\librdi_target_manager.dll
0x000007fef1e40000 - 0x000007fef1e50000 	C:\Xilinx\SDK\2015.2\lib\win64.o\librdi_repo_manager.dll
0x000007fecbdc0000 - 0x000007fecbddc000 	C:\Xilinx\SDK\2015.2\lib\win64.o\librdi_hw_platform.dll
0x000007fefb2b0000 - 0x000007fefb2b7000 	C:\Windows\system32\msimg32.dll
0x000007fecbda0000 - 0x000007fecbdb6000 	C:\Xilinx\SDK\2015.2\eclipse\win64.o\plugins\org.eclipse.cdt.core.win32.x86_64_5.2.0.201402142303\os\win32\x86_64\spawner.dll
0x000007fec8cf0000 - 0x000007fec90fa000 	C:\Xilinx\SDK\2015.2\lib\win64.o\librdi_commontasks.dll
0x000007fec5310000 - 0x000007fec5b20000 	C:\Xilinx\SDK\2015.2\lib\win64.o\libXil_lmgr11FNP.dll
0x000007fef69b0000 - 0x000007fef69bb000 	C:\Windows\system32\snmpapi.dll
0x000007feff940000 - 0x000007feffb17000 	C:\Windows\system32\SETUPAPI.dll
0x000007fefdee0000 - 0x000007fefdefa000 	C:\Windows\system32\DEVOBJ.dll
0x000007fefb3e0000 - 0x000007fefb3ef000 	C:\Windows\system32\wbem\wbemprox.dll
0x000007fefb350000 - 0x000007fefb3d6000 	C:\Windows\system32\wbemcomn.dll
0x000007fef7480000 - 0x000007fef7494000 	C:\Windows\system32\wbem\wbemsvc.dll

VM Arguments:
jvm_args: -Dcom.xilinx.sdk.args.hwspec=C:/Users/Tung/Desktop/vdma_hdmi_conv_v1/axi_conv_fp_3x3/axi_conv_fp_3x3.sdk/design_1_wrapper.hdf -Xms64m -Xmx512m & 
java_command: <unknown>
java_class_path (initial): C:\Xilinx\SDK\2015.2\eclipse\win64.o\\plugins/org.eclipse.equinox.launcher_1.3.0.v20130327-1440.jar
Launcher Type: generic

Environment Variables:
USERNAME=Tung
OS=Windows_NT
PROCESSOR_IDENTIFIER=Intel64 Family 6 Model 60 Stepping 3, GenuineIntel



---------------  S Y S T E M  ---------------

OS: Windows 7 , 64 bit Build 7601 Service Pack 1

CPU:total 4 (4 cores per cpu, 1 threads per core) family 6 model 60 stepping 3, cmov, cx8, fxsr, mmx, sse, sse2, sse3, ssse3, sse4.1, sse4.2, popcnt, avx, avx2, aes, clmul, erms, lzcnt, tsc, tscinvbit, bmi1, bmi2

Memory: 4k page, physical 4110972k(2436668k free), swap 8220100k(5913396k free)

vm_info: Java HotSpot(TM) 64-Bit Server VM (25.25-b02) for windows-amd64 JRE (1.8.0_25-b18), built on Oct  7 2014 14:25:37 by "java_re" with MS VC++ 10.0 (VS2010)

time: Tue Aug 21 16:47:52 2018
elapsed time: 491 seconds (0d 0h 8m 11s)

