#
# A fatal error has been detected by the Java Runtime Environment:
#
#  Internal Error (0xc000000d), pid=3412, tid=2648
#
# JRE version: Java(TM) SE Runtime Environment (8.0_25-b18) (build 1.8.0_25-b18)
# Java VM: Java HotSpot(TM) 64-Bit Server VM (25.25-b02 mixed mode windows-amd64 compressed oops)
# Problematic frame:
# C  [ntdll.dll+0x7a291]
#
# Failed to write core dump. Minidumps are not enabled by default on client versions of Windows
#
# If you would like to submit a bug report, please visit:
#   http://bugreport.sun.com/bugreport/crash.jsp
#

---------------  T H R E A D  ---------------

Current thread (0x0000000013b56000):  VMThread [stack: 0x0000000014bc0000,0x0000000014cc0000] [id=2648]

siginfo: ExceptionCode=0xc000000d

Registers:
RAX=0x000000006386507f, RBX=0x0000000000000000, RCX=0x0000000014cbef10, RDX=0x0000000000000000
RSP=0x0000000014cbf520, RBP=0x00000000006c5da0, RSI=0x000007feef247408, RDI=0x0000000014cbf668
R8 =0x0000000000000000, R9 =0x0000000000000000, R10=0x0000000000000000, R11=0x0000000000000246
R12=0x00000000220cff70, R13=0x00000000220cff30, R14=0x00000000006c5ea8, R15=0x0000000000000000
RIP=0x00000000770aa291, EFLAGS=0x0000000000000202

Top of Stack: (sp=0x0000000014cbf520)
0x0000000014cbf520:   0000000000000000 000007feef247408
0x0000000014cbf530:   0000000014cbf668 0000000000260268
0x0000000014cbf540:   000007fe00000000 000000000000005d
0x0000000014cbf550:   0000000000000000 00c8000000000000
0x0000000014cbf560:   0011000000000002 0000000000000002
0x0000000014cbf570:   00000000c000000d 0000000000000000
0x0000000014cbf580:   00000000770aa291 0000000000000000
0x0000000014cbf590:   0000000000000000 0000000000000000
0x0000000014cbf5a0:   0000000000000000 0000000000000000
0x0000000014cbf5b0:   0000000000000000 0000000000000000
0x0000000014cbf5c0:   0000000000000000 0000000000000000
0x0000000014cbf5d0:   0000000000000000 0000000000000000
0x0000000014cbf5e0:   0000000000000000 0000000000000000
0x0000000014cbf5f0:   0000000000000000 0000000000000000
0x0000000014cbf600:   0000000000000000 0000000076f32fd1
0x0000000014cbf610:   000000000000060c 0000000076f52fe8 

Instructions: (pc=0x00000000770aa291)
0x00000000770aa271:   5b 8c fd ff b9 57 00 00 00 c7 44 24 50 0d 00 00
0x00000000770aa281:   c0 e8 49 8f fd ff 48 8d 4c 24 50 e8 cf f2 f9 ff
0x00000000770aa291:   4c 8b 1d 40 81 0b 00 4d 85 db 74 5b 65 48 8b 04
0x00000000770aa2a1:   25 30 00 00 00 f6 80 ee 17 00 00 08 74 12 65 48 


Register to memory mapping:

RAX=0x000000006386507f is an unknown value
RBX=0x0000000000000000 is an unknown value
RCX=0x0000000014cbef10 is an unknown value
RDX=0x0000000000000000 is an unknown value
RSP=0x0000000014cbf520 is an unknown value
RBP=0x00000000006c5da0 is an unknown value
RSI=0x000007feef247408 is an unknown value
RDI=0x0000000014cbf668 is an unknown value
R8 =0x0000000000000000 is an unknown value
R9 =0x0000000000000000 is an unknown value
R10=0x0000000000000000 is an unknown value
R11=0x0000000000000246 is an unknown value
R12=0x00000000220cff70 is an unknown value
R13=0x00000000220cff30 is an unknown value
R14=0x00000000006c5ea8 is an unknown value
R15=0x0000000000000000 is an unknown value


Stack: [0x0000000014bc0000,0x0000000014cc0000],  sp=0x0000000014cbf520,  free space=1021k
Native frames: (J=compiled Java code, j=interpreted, Vv=VM code, C=native code)
C  [ntdll.dll+0x7a291]
C  [kernel32.dll+0x42fe8]
C  [MSVCR110.dll+0x752d]
C  [MSVCR110.dll+0x14cde]
C  [MSVCR110.dll+0x13edc]
C  [MSVCR110.dll+0x239e]
C  [MSVCR110.dll+0xaf9e]
C  [MSVCP110.dll+0x397b9]
C  [librdi_common.dll+0x135d02]
C  [librdi_common.dll+0x13447b]
C  0x000007fee9440904
C  0x000007fee9440b86
C  [ntdll.dll+0x24371]
C  [ntdll.dll+0x24180]
C  [MSVCR100.dll+0x20ccd]
V  [jvm.dll+0x1f9c55]
V  [jvm.dll+0x2325e7]
V  [jvm.dll+0x231826]
V  [jvm.dll+0x231cc1]
V  [jvm.dll+0x231ede]
V  [jvm.dll+0x2852fa]
C  [MSVCR100.dll+0x21d9f]
C  [MSVCR100.dll+0x21e3b]
C  [kernel32.dll+0x1652d]
C  [ntdll.dll+0x2c521]

VM_Operation (0x000000000012f500): Exit, mode: safepoint, requested by thread 0x00000000025f8000


---------------  P R O C E S S  ---------------

Java Threads: ( => current thread )
  0x000000001a5a2800 JavaThread "Thread-14" daemon [_thread_blocked, id=2188, stack(0x000000001f700000,0x000000001f800000)]
  0x0000000018532000 JavaThread "TCF Locator DNS Lookup" daemon [_thread_blocked, id=1496, stack(0x000000001bd90000,0x000000001be90000)]
  0x0000000018530800 JavaThread "TCF Locator Receiver" daemon [_thread_in_native, id=3192, stack(0x000000001bb90000,0x000000001bc90000)]
  0x0000000018c9c800 JavaThread "TCF Timer Dispatcher" daemon [_thread_blocked, id=2180, stack(0x000000001b990000,0x000000001ba90000)]
  0x0000000016e4b800 JavaThread "EMF Reference Cleaner" daemon [_thread_blocked, id=2728, stack(0x0000000017da0000,0x0000000017ea0000)]
  0x0000000015107800 JavaThread "Service Thread" daemon [_thread_blocked, id=3560, stack(0x00000000157c0000,0x00000000158c0000)]
  0x00000000150c4800 JavaThread "C1 CompilerThread2" daemon [_thread_blocked, id=3264, stack(0x00000000156c0000,0x00000000157c0000)]
  0x00000000150c3000 JavaThread "C2 CompilerThread1" daemon [_thread_blocked, id=1796, stack(0x00000000155c0000,0x00000000156c0000)]
  0x00000000150c1000 JavaThread "C2 CompilerThread0" daemon [_thread_blocked, id=3256, stack(0x00000000154c0000,0x00000000155c0000)]
  0x0000000013bc7000 JavaThread "Attach Listener" daemon [_thread_blocked, id=2876, stack(0x0000000014fc0000,0x00000000150c0000)]
  0x0000000013b6a000 JavaThread "Signal Dispatcher" daemon [_thread_blocked, id=1652, stack(0x0000000014ec0000,0x0000000014fc0000)]
  0x0000000013b63000 JavaThread "Finalizer" daemon [_thread_blocked, id=3476, stack(0x0000000014dc0000,0x0000000014ec0000)]
  0x0000000013b5a000 JavaThread "Reference Handler" daemon [_thread_blocked, id=1760, stack(0x0000000014cc0000,0x0000000014dc0000)]
  0x00000000025f8000 JavaThread "main" [_thread_blocked, id=2108, stack(0x0000000000030000,0x0000000000130000)]

Other Threads:
=>0x0000000013b56000 VMThread [stack: 0x0000000014bc0000,0x0000000014cc0000] [id=2648]

VM state:at safepoint (shutting down)

VM Mutex/Monitor currently owned by a thread:  ([mutex/lock_event])
[0x000000000274df20] Threads_lock - owner thread: 0x0000000013b56000

Heap:
 PSYoungGen      total 74752K, used 14796K [0x00000000f5580000, 0x00000000fad00000, 0x0000000100000000)
  eden space 59392K, 22% used [0x00000000f5580000,0x00000000f628faa0,0x00000000f8f80000)
  from space 15360K, 9% used [0x00000000f8f80000,0x00000000f90e3958,0x00000000f9e80000)
  to   space 14336K, 0% used [0x00000000f9f00000,0x00000000f9f00000,0x00000000fad00000)
 ParOldGen       total 100864K, used 34491K [0x00000000e0000000, 0x00000000e6280000, 0x00000000f5580000)
  object space 100864K, 34% used [0x00000000e0000000,0x00000000e21aeeb8,0x00000000e6280000)
 Metaspace       used 74674K, capacity 80048K, committed 80344K, reserved 1118208K
  class space    used 9094K, capacity 10854K, committed 10968K, reserved 1048576K

Card table byte_map: [0x0000000011b10000,0x0000000011c20000] byte_map_base: 0x0000000011410000

Marking Bits: (ParMarkBitMap*) 0x0000000069efd490
 Begin Bits: [0x00000000120d0000, 0x00000000128d0000)
 End Bits:   [0x00000000128d0000, 0x00000000130d0000)

Polling page: 0x0000000000220000

CodeCache: size=245760Kb used=30553Kb max_used=30553Kb free=215207Kb
 bounds [0x0000000002750000, 0x0000000004570000, 0x0000000011750000]
 total_blobs=9401 nmethods=8556 adapters=751
 compilation: enabled

Compilation events (10 events):
Event: 987.115 Thread 0x00000000150c4800 nmethod 10361 0x0000000003542450 code [0x00000000035425a0, 0x00000000035426b0]
Event: 987.117 Thread 0x00000000150c4800 10362       1       org.eclipse.osgi.internal.loader.BundleLoaderProxy::getBundleData (5 bytes)
Event: 987.117 Thread 0x00000000150c4800 nmethod 10362 0x0000000002ca9750 code [0x0000000002ca98a0, 0x0000000002ca99b0]
Event: 987.124 Thread 0x00000000150c1000 nmethod 10358 0x00000000034a27d0 code [0x00000000034a2a00, 0x00000000034a39e0]
Event: 987.193 Thread 0x00000000150c4800 10364       3       java.io.File::list (33 bytes)
Event: 987.193 Thread 0x00000000150c4800 nmethod 10364 0x00000000035629d0 code [0x0000000003562ba0, 0x00000000035632c8]
Event: 994.706 Thread 0x00000000150c4800 10365   !   3       org.eclipse.osgi.internal.baseadaptor.BaseStorage::compact (215 bytes)
Event: 994.707 Thread 0x00000000150c4800 nmethod 10365 0x000000000455ffd0 code [0x0000000004560400, 0x0000000004562868]
Event: 995.563 Thread 0x00000000150c4800 10366       3       org.eclipse.osgi.framework.internal.core.AbstractBundle::close (52 bytes)
Event: 995.564 Thread 0x00000000150c4800 nmethod 10366 0x00000000037b7c50 code [0x00000000037b7e80, 0x00000000037b8b68]

GC Heap History (10 events):
Event: 866.262 GC heap before
{Heap before GC invocations=49 (full 16):
 PSYoungGen      total 75264K, used 2379K [0x00000000f5580000, 0x00000000fb080000, 0x0000000100000000)
  eden space 59392K, 4% used [0x00000000f5580000,0x00000000f57d2e00,0x00000000f8f80000)
  from space 15872K, 0% used [0x00000000fa100000,0x00000000fa100000,0x00000000fb080000)
  to   space 16896K, 0% used [0x00000000f8f80000,0x00000000f8f80000,0x00000000fa000000)
 ParOldGen       total 100864K, used 34515K [0x00000000e0000000, 0x00000000e6280000, 0x00000000f5580000)
  object space 100864K, 34% used [0x00000000e0000000,0x00000000e21b4f38,0x00000000e6280000)
 Metaspace       used 73829K, capacity 79198K, committed 79704K, reserved 1118208K
  class space    used 9019K, capacity 10723K, committed 10840K, reserved 1048576K
Event: 866.265 GC heap after
Heap after GC invocations=49 (full 16):
 PSYoungGen      total 59904K, used 160K [0x00000000f5580000, 0x00000000fae80000, 0x0000000100000000)
  eden space 59392K, 0% used [0x00000000f5580000,0x00000000f5580000,0x00000000f8f80000)
  from space 512K, 31% used [0x00000000f8f80000,0x00000000f8fa8000,0x00000000f9000000)
  to   space 15872K, 0% used [0x00000000f9f00000,0x00000000f9f00000,0x00000000fae80000)
 ParOldGen       total 100864K, used 34515K [0x00000000e0000000, 0x00000000e6280000, 0x00000000f5580000)
  object space 100864K, 34% used [0x00000000e0000000,0x00000000e21b4f38,0x00000000e6280000)
 Metaspace       used 73829K, capacity 79198K, committed 79704K, reserved 1118208K
  class space    used 9019K, capacity 10723K, committed 10840K, reserved 1048576K
}
Event: 866.265 GC heap before
{Heap before GC invocations=50 (full 17):
 PSYoungGen      total 59904K, used 160K [0x00000000f5580000, 0x00000000fae80000, 0x0000000100000000)
  eden space 59392K, 0% used [0x00000000f5580000,0x00000000f5580000,0x00000000f8f80000)
  from space 512K, 31% used [0x00000000f8f80000,0x00000000f8fa8000,0x00000000f9000000)
  to   space 15872K, 0% used [0x00000000f9f00000,0x00000000f9f00000,0x00000000fae80000)
 ParOldGen       total 100864K, used 34515K [0x00000000e0000000, 0x00000000e6280000, 0x00000000f5580000)
  object space 100864K, 34% used [0x00000000e0000000,0x00000000e21b4f38,0x00000000e6280000)
 Metaspace       used 73829K, capacity 79198K, committed 79704K, reserved 1118208K
  class space    used 9019K, capacity 10723K, committed 10840K, reserved 1048576K
Event: 866.391 GC heap after
Heap after GC invocations=50 (full 17):
 PSYoungGen      total 59904K, used 0K [0x00000000f5580000, 0x00000000fae80000, 0x0000000100000000)
  eden space 59392K, 0% used [0x00000000f5580000,0x00000000f5580000,0x00000000f8f80000)
  from space 512K, 0% used [0x00000000f8f80000,0x00000000f8f80000,0x00000000f9000000)
  to   space 15872K, 0% used [0x00000000f9f00000,0x00000000f9f00000,0x00000000fae80000)
 ParOldGen       total 100864K, used 34367K [0x00000000e0000000, 0x00000000e6280000, 0x00000000f5580000)
  object space 100864K, 34% used [0x00000000e0000000,0x00000000e218fc10,0x00000000e6280000)
 Metaspace       used 73829K, capacity 79198K, committed 79704K, reserved 1118208K
  class space    used 9019K, capacity 10723K, committed 10840K, reserved 1048576K
}
Event: 926.275 GC heap before
{Heap before GC invocations=51 (full 17):
 PSYoungGen      total 59904K, used 6853K [0x00000000f5580000, 0x00000000fae80000, 0x0000000100000000)
  eden space 59392K, 11% used [0x00000000f5580000,0x00000000f5c31728,0x00000000f8f80000)
  from space 512K, 0% used [0x00000000f8f80000,0x00000000f8f80000,0x00000000f9000000)
  to   space 15872K, 0% used [0x00000000f9f00000,0x00000000f9f00000,0x00000000fae80000)
 ParOldGen       total 100864K, used 34367K [0x00000000e0000000, 0x00000000e6280000, 0x00000000f5580000)
  object space 100864K, 34% used [0x00000000e0000000,0x00000000e218fc10,0x00000000e6280000)
 Metaspace       used 73853K, capacity 79198K, committed 79704K, reserved 1118208K
  class space    used 9019K, capacity 10723K, committed 10840K, reserved 1048576K
Event: 926.277 GC heap after
Heap after GC invocations=51 (full 17):
 PSYoungGen      total 74240K, used 384K [0x00000000f5580000, 0x00000000fad80000, 0x0000000100000000)
  eden space 59392K, 0% used [0x00000000f5580000,0x00000000f5580000,0x00000000f8f80000)
  from space 14848K, 2% used [0x00000000f9f00000,0x00000000f9f60000,0x00000000fad80000)
  to   space 15360K, 0% used [0x00000000f8f80000,0x00000000f8f80000,0x00000000f9e80000)
 ParOldGen       total 100864K, used 34367K [0x00000000e0000000, 0x00000000e6280000, 0x00000000f5580000)
  object space 100864K, 34% used [0x00000000e0000000,0x00000000e218fc10,0x00000000e6280000)
 Metaspace       used 73853K, capacity 79198K, committed 79704K, reserved 1118208K
  class space    used 9019K, capacity 10723K, committed 10840K, reserved 1048576K
}
Event: 926.277 GC heap before
{Heap before GC invocations=52 (full 18):
 PSYoungGen      total 74240K, used 384K [0x00000000f5580000, 0x00000000fad80000, 0x0000000100000000)
  eden space 59392K, 0% used [0x00000000f5580000,0x00000000f5580000,0x00000000f8f80000)
  from space 14848K, 2% used [0x00000000f9f00000,0x00000000f9f60000,0x00000000fad80000)
  to   space 15360K, 0% used [0x00000000f8f80000,0x00000000f8f80000,0x00000000f9e80000)
 ParOldGen       total 100864K, used 34367K [0x00000000e0000000, 0x00000000e6280000, 0x00000000f5580000)
  object space 100864K, 34% used [0x00000000e0000000,0x00000000e218fc10,0x00000000e6280000)
 Metaspace       used 73853K, capacity 79198K, committed 79704K, reserved 1118208K
  class space    used 9019K, capacity 10723K, committed 10840K, reserved 1048576K
Event: 926.376 GC heap after
Heap after GC invocations=52 (full 18):
 PSYoungGen      total 74240K, used 0K [0x00000000f5580000, 0x00000000fad80000, 0x0000000100000000)
  eden space 59392K, 0% used [0x00000000f5580000,0x00000000f5580000,0x00000000f8f80000)
  from space 14848K, 0% used [0x00000000f9f00000,0x00000000f9f00000,0x00000000fad80000)
  to   space 15360K, 0% used [0x00000000f8f80000,0x00000000f8f80000,0x00000000f9e80000)
 ParOldGen       total 100864K, used 34483K [0x00000000e0000000, 0x00000000e6280000, 0x00000000f5580000)
  object space 100864K, 34% used [0x00000000e0000000,0x00000000e21aceb8,0x00000000e6280000)
 Metaspace       used 73853K, capacity 79198K, committed 79704K, reserved 1118208K
  class space    used 9019K, capacity 10723K, committed 10840K, reserved 1048576K
}
Event: 977.261 GC heap before
{Heap before GC invocations=53 (full 18):
 PSYoungGen      total 74240K, used 59392K [0x00000000f5580000, 0x00000000fad80000, 0x0000000100000000)
  eden space 59392K, 100% used [0x00000000f5580000,0x00000000f8f80000,0x00000000f8f80000)
  from space 14848K, 0% used [0x00000000f9f00000,0x00000000f9f00000,0x00000000fad80000)
  to   space 15360K, 0% used [0x00000000f8f80000,0x00000000f8f80000,0x00000000f9e80000)
 ParOldGen       total 100864K, used 34483K [0x00000000e0000000, 0x00000000e6280000, 0x00000000f5580000)
  object space 100864K, 34% used [0x00000000e0000000,0x00000000e21aceb8,0x00000000e6280000)
 Metaspace       used 74112K, capacity 79434K, committed 79704K, reserved 1118208K
  class space    used 9033K, capacity 10757K, committed 10840K, reserved 1048576K
Event: 977.267 GC heap after
Heap after GC invocations=53 (full 18):
 PSYoungGen      total 74752K, used 1422K [0x00000000f5580000, 0x00000000fad00000, 0x0000000100000000)
  eden space 59392K, 0% used [0x00000000f5580000,0x00000000f5580000,0x00000000f8f80000)
  from space 15360K, 9% used [0x00000000f8f80000,0x00000000f90e3958,0x00000000f9e80000)
  to   space 14336K, 0% used [0x00000000f9f00000,0x00000000f9f00000,0x00000000fad00000)
 ParOldGen       total 100864K, used 34491K [0x00000000e0000000, 0x00000000e6280000, 0x00000000f5580000)
  object space 100864K, 34% used [0x00000000e0000000,0x00000000e21aeeb8,0x00000000e6280000)
 Metaspace       used 74112K, capacity 79434K, committed 79704K, reserved 1118208K
  class space    used 9033K, capacity 10757K, committed 10840K, reserved 1048576K
}

Deoptimization events (10 events):
Event: 977.705 Thread 0x0000000018536000 Uncommon trap: reason=bimorphic action=maybe_recompile pc=0x00000000032743bc method=java.util.Properties.load0(Ljava/util/Properties$LineReader;)V @ 242
Event: 982.206 Thread 0x00000000025f8000 Uncommon trap: reason=class_check action=maybe_recompile pc=0x00000000044cb368 method=org.eclipse.swt.widgets.TypedListener.handleEvent(Lorg/eclipse/swt/widgets/Event;)V @ 275
Event: 982.206 Thread 0x00000000025f8000 Uncommon trap: reason=unreached action=reinterpret pc=0x0000000003ed869c method=org.eclipse.e4.ui.internal.workbench.swt.PartRenderingEngine.someAreVisible(Ljava/util/List;)Z @ 41
Event: 982.212 Thread 0x00000000025f8000 Uncommon trap: reason=unreached action=reinterpret pc=0x00000000044b1c48 method=org.eclipse.emf.ecore.impl.MinimalEObjectImpl.setField(ILjava/lang/Object;)V @ 9
Event: 982.225 Thread 0x00000000025f8000 Uncommon trap: reason=class_check action=maybe_recompile pc=0x00000000045029f8 method=org.eclipse.e4.core.internal.contexts.TrackableComputationExt.update(Lorg/eclipse/e4/core/internal/contexts/ContextChangeEvent;)Z @ 62
Event: 982.225 Thread 0x00000000025f8000 Uncommon trap: reason=class_check action=maybe_recompile pc=0x00000000045029f8 method=org.eclipse.e4.core.internal.contexts.TrackableComputationExt.update(Lorg/eclipse/e4/core/internal/contexts/ContextChangeEvent;)Z @ 62
Event: 982.225 Thread 0x00000000025f8000 Uncommon trap: reason=class_check action=maybe_recompile pc=0x00000000045029f8 method=org.eclipse.e4.core.internal.contexts.TrackableComputationExt.update(Lorg/eclipse/e4/core/internal/contexts/ContextChangeEvent;)Z @ 62
Event: 982.270 Thread 0x0000000018a81000 Uncommon trap: reason=class_check action=maybe_recompile pc=0x0000000003c3e8ec method=org.eclipse.swt.widgets.Display.syncExec(Ljava/lang/Runnable;)V @ 64
Event: 985.848 Thread 0x00000000025f8000 Uncommon trap: reason=null_check action=make_not_entrant pc=0x00000000030cfc18 method=org.eclipse.core.runtime.internal.adaptor.EclipseLazyStarter.shouldActivateFor(Ljava/lang/String;Lorg/eclipse/osgi/baseadaptor/BaseData;Lorg/eclipse/core/runtime/internal—ŒâÙØŽ@
Event: 987.106 Thread 0x000000001a5a4000 Uncommon trap: reason=unreached action=reinterpret pc=0x0000000003fb7af8 method=org.eclipse.core.internal.jobs.JobManager.nextJob()Lorg/eclipse/core/runtime/jobs/Job; @ 80

Internal exceptions (10 events):
Event: 977.584 Thread 0x0000000018c98000 Exception <a 'sun/net/ConnectionResetException': > (0x00000000f5645b30) thrown at [D:\re\workspace\8-2-build-windows-amd64-cygwin\jdk8u25\1677\hotspot\src\share\vm\prims\jni.cpp, line 742]
Event: 977.584 Thread 0x0000000018c98800 Exception <a 'java/net/SocketException': Connection reset by peer: socket write error> (0x00000000f5656458) thrown at [D:\re\workspace\8-2-build-windows-amd64-cygwin\jdk8u25\1677\hotspot\src\share\vm\prims\jni.cpp, line 742]
Event: 977.585 Thread 0x0000000018c98800 Exception <a 'java/net/SocketException': Socket closed> (0x00000000f5671428) thrown at [D:\re\workspace\8-2-build-windows-amd64-cygwin\jdk8u25\1677\hotspot\src\share\vm\prims\jni.cpp, line 742]
Event: 977.586 Thread 0x0000000018534800 Exception <a 'java/lang/InterruptedException'> (0x00000000f56ceda8) thrown at [D:\re\workspace\8-2-build-windows-amd64-cygwin\jdk8u25\1677\hotspot\src\share\vm\runtime\objectMonitor.cpp, line 1682]
Event: 982.631 Thread 0x000000001a5a1000 Exception <a 'java/lang/InterruptedException'> (0x00000000f5e39d68) thrown at [D:\re\workspace\8-2-build-windows-amd64-cygwin\jdk8u25\1677\hotspot\src\share\vm\runtime\objectMonitor.cpp, line 1682]
Event: 985.848 Thread 0x00000000025f8000 Implicit null exception at 0x00000000030cf303 to 0x00000000030cfc09
Event: 987.112 Thread 0x000000001607e800 Exception <a 'java/lang/InterruptedException': sleep interrupted> (0x00000000f60cecc0) thrown at [D:\re\workspace\8-2-build-windows-amd64-cygwin\jdk8u25\1677\hotspot\src\share\vm\prims\jvm.cpp, line 3141]
Event: 987.115 Thread 0x0000000016159800 Exception <a 'java/lang/InterruptedException'> (0x00000000f6208d00) thrown at [D:\re\workspace\8-2-build-windows-amd64-cygwin\jdk8u25\1677\hotspot\src\share\vm\runtime\objectMonitor.cpp, line 1682]
Event: 987.116 Thread 0x0000000018c97000 Exception <a 'java/lang/InterruptedException'> (0x00000000f5ff35e0) thrown at [D:\re\workspace\8-2-build-windows-amd64-cygwin\jdk8u25\1677\hotspot\src\share\vm\runtime\objectMonitor.cpp, line 1682]
Event: 995.563 Thread 0x0000000016073800 Exception <a 'java/lang/InterruptedException'> (0x00000000f60ce6c8) thrown at [D:\re\workspace\8-2-build-windows-amd64-cygwin\jdk8u25\1677\hotspot\src\share\vm\runtime\objectMonitor.cpp, line 1682]

Events (10 events):
Event: 987.215 Thread 0x000000001a5a0800 Thread exited: 0x000000001a5a0800
Event: 995.563 Thread 0x0000000016073800 Thread exited: 0x0000000016073800
Event: 995.563 Thread 0x0000000016049000 Thread exited: 0x0000000016049000
Event: 995.564 loading class java/util/IdentityHashMap$KeyIterator
Event: 995.564 loading class java/util/IdentityHashMap$IdentityHashMapIterator
Event: 995.564 loading class java/util/IdentityHashMap$IdentityHashMapIterator done
Event: 995.564 loading class java/util/IdentityHashMap$KeyIterator done
Event: 995.564 Thread 0x000000001a5a0800 Thread added: 0x000000001a5a0800
Event: 995.564 Thread 0x000000001a5a0800 Thread exited: 0x000000001a5a0800
Event: 995.564 Executing VM operation: Exit


Dynamic libraries:
0x0000000000400000 - 0x000000000044f000 	C:\Xilinx\SDK\2015.2\eclipse\win64.o\eclipse.exe
0x0000000077030000 - 0x00000000771d9000 	C:\Windows\SYSTEM32\ntdll.dll
0x0000000076f10000 - 0x000000007702f000 	C:\Windows\system32\kernel32.dll
0x000007fefd260000 - 0x000007fefd2cb000 	C:\Windows\system32\KERNELBASE.dll
0x0000000076e10000 - 0x0000000076f0a000 	C:\Windows\system32\USER32.dll
0x000007fefecb0000 - 0x000007fefed17000 	C:\Windows\system32\GDI32.dll
0x000007fefd890000 - 0x000007fefd89e000 	C:\Windows\system32\LPK.dll
0x000007fefd8f0000 - 0x000007fefd9b9000 	C:\Windows\system32\USP10.dll
0x000007fefd3b0000 - 0x000007fefd44f000 	C:\Windows\system32\msvcrt.dll
0x000007fefba20000 - 0x000007fefbc14000 	C:\Windows\WinSxS\amd64_microsoft.windows.common-controls_6595b64144ccf1df_6.0.7601.17514_none_fa396087175ac9ac\COMCTL32.dll
0x000007fefe810000 - 0x000007fefe881000 	C:\Windows\system32\SHLWAPI.dll
0x000007fefeaf0000 - 0x000007fefeb1e000 	C:\Windows\system32\IMM32.DLL
0x000007fefeb20000 - 0x000007fefec29000 	C:\Windows\system32\MSCTF.dll
0x0000000072000000 - 0x0000000072012000 	C:\Xilinx\SDK\2015.2\eclipse\win64.o\plugins\org.eclipse.equinox.launcher.win32.win32.x86_64_1.1.200.v20140116-2212\eclipse_1503.dll
0x000007feff1b0000 - 0x000007feff28b000 	C:\Windows\system32\ADVAPI32.dll
0x000007fefeea0000 - 0x000007fefeebf000 	C:\Windows\SYSTEM32\sechost.dll
0x000007fefd760000 - 0x000007fefd88d000 	C:\Windows\system32\RPCRT4.dll
0x000007fefc0e0000 - 0x000007fefc0ec000 	C:\Windows\system32\VERSION.dll
0x000007fefb6e0000 - 0x000007fefb736000 	C:\Windows\system32\uxtheme.dll
0x0000000069720000 - 0x0000000069f7a000 	C:\Xilinx\SDK\2015.2\tps\win64\jre\bin\server\jvm.dll
0x000007fef4460000 - 0x000007fef4469000 	C:\Windows\system32\WSOCK32.dll
0x000007fefd8a0000 - 0x000007fefd8ed000 	C:\Windows\system32\WS2_32.dll
0x000007feff290000 - 0x000007feff298000 	C:\Windows\system32\NSI.dll
0x000007fefacd0000 - 0x000007fefad0b000 	C:\Windows\system32\WINMM.dll
0x00000000771f0000 - 0x00000000771f7000 	C:\Windows\system32\PSAPI.DLL
0x00000000723c0000 - 0x0000000072492000 	C:\Windows\system32\MSVCR100.dll
0x0000000073650000 - 0x000000007365f000 	C:\Xilinx\SDK\2015.2\tps\win64\jre\bin\verify.dll
0x0000000073620000 - 0x0000000073648000 	C:\Xilinx\SDK\2015.2\tps\win64\jre\bin\java.dll
0x0000000073600000 - 0x0000000073616000 	C:\Xilinx\SDK\2015.2\tps\win64\jre\bin\zip.dll
0x000007fefda80000 - 0x000007fefe808000 	C:\Windows\system32\SHELL32.dll
0x000007fefefa0000 - 0x000007feff1a3000 	C:\Windows\system32\ole32.dll
0x000007fefcf80000 - 0x000007fefcf8f000 	C:\Windows\system32\profapi.dll
0x000007fefc810000 - 0x000007fefc827000 	C:\Windows\system32\CRYPTSP.dll
0x000007fefc510000 - 0x000007fefc557000 	C:\Windows\system32\rsaenh.dll
0x000007fefc2d0000 - 0x000007fefc2ee000 	C:\Windows\system32\USERENV.dll
0x000007fefce70000 - 0x000007fefce7f000 	C:\Windows\system32\CRYPTBASE.dll
0x00000000735e0000 - 0x00000000735fa000 	C:\Xilinx\SDK\2015.2\tps\win64\jre\bin\net.dll
0x000007fefc7b0000 - 0x000007fefc805000 	C:\Windows\system32\mswsock.dll
0x000007fefc7a0000 - 0x000007fefc7a7000 	C:\Windows\System32\wship6.dll
0x000007fefa710000 - 0x000007fefa737000 	C:\Windows\system32\IPHLPAPI.DLL
0x000007fefa700000 - 0x000007fefa70b000 	C:\Windows\system32\WINNSI.DLL
0x000007fefa0a0000 - 0x000007fefa0b1000 	C:\Windows\system32\dhcpcsvc6.DLL
0x000007fefa020000 - 0x000007fefa038000 	C:\Windows\system32\dhcpcsvc.DLL
0x00000000735c0000 - 0x00000000735d1000 	C:\Xilinx\SDK\2015.2\tps\win64\jre\bin\nio.dll
0x000007feff2a0000 - 0x000007feff339000 	C:\Windows\system32\CLBCatQ.DLL
0x000007fefeec0000 - 0x000007fefef97000 	C:\Windows\system32\OLEAUT32.dll
0x000007fefacb0000 - 0x000007fefacc5000 	C:\Windows\system32\NLAapi.dll
0x000007fef5d40000 - 0x000007fef5d55000 	C:\Windows\system32\napinsp.dll
0x000007fef5d20000 - 0x000007fef5d39000 	C:\Windows\system32\pnrpnsp.dll
0x000007fefc630000 - 0x000007fefc68b000 	C:\Windows\system32\DNSAPI.dll
0x000007fef5d10000 - 0x000007fef5d1b000 	C:\Windows\System32\winrnr.dll
0x000007fefc1b0000 - 0x000007fefc1b7000 	C:\Windows\System32\wshtcpip.dll
0x000007fef9920000 - 0x000007fef9928000 	C:\Windows\system32\rasadhlp.dll
0x000007fefa0d0000 - 0x000007fefa123000 	C:\Windows\System32\fwpuclnt.dll
0x0000000016860000 - 0x0000000016908000 	C:\Users\Tung\.Xilinx\SDK\2015.2\org.eclipse.osgi\bundles\287\1\.cp\swt-win32-4335.dll
0x000007fefd9e0000 - 0x000007fefda77000 	C:\Windows\system32\comdlg32.dll
0x000007fefa5b0000 - 0x000007fefa621000 	C:\Windows\system32\WINSPOOL.DRV
0x000007fefd450000 - 0x000007fefd57a000 	C:\Windows\system32\WININET.dll
0x000007fefed20000 - 0x000007fefee98000 	C:\Windows\system32\urlmon.dll
0x000007fefd050000 - 0x000007fefd1b7000 	C:\Windows\system32\CRYPT32.dll
0x000007fefd020000 - 0x000007fefd02f000 	C:\Windows\system32\MSASN1.dll
0x000007fefe890000 - 0x000007fefeae9000 	C:\Windows\system32\iertutil.dll
0x000007fefb300000 - 0x000007fefb318000 	C:\Windows\system32\dwmapi.dll
0x000007fefb7c0000 - 0x000007fefb8ec000 	C:\Windows\system32\propsys.dll
0x00000000003c0000 - 0x00000000003de000 	C:\Users\Tung\.Xilinx\SDK\2015.2\org.eclipse.osgi\bundles\287\1\.cp\swt-gdip-win32-4335.dll
0x000007fefb4c0000 - 0x000007fefb6d5000 	C:\Windows\WinSxS\amd64_microsoft.windows.gdiplus_6595b64144ccf1df_1.1.7601.17514_none_2b24536c71ed437a\gdiplus.dll
0x000007fefb190000 - 0x000007fefb2ba000 	C:\Windows\system32\WindowsCodecs.dll
0x0000000180000000 - 0x0000000180012000 	C:\Users\Tung\.Xilinx\SDK\2015.2\org.eclipse.osgi\bundles\113\1\.cp\os\win32\x86_64\localfile_1_0_0.dll
0x000007fefaf60000 - 0x000007fefaf71000 	C:\Users\Tung\.Xilinx\SDK\2015.2\org.eclipse.osgi\bundles\116\1\.cp\jWinHttp-1.0.0.dll
0x000007fef9860000 - 0x000007fef98d1000 	C:\Windows\system32\WINHTTP.dll
0x000007fef97f0000 - 0x000007fef9854000 	C:\Windows\system32\webio.dll
0x000007fefcde0000 - 0x000007fefce05000 	C:\Windows\system32\SspiCli.dll
0x000007fefc3e0000 - 0x000007fefc3ea000 	C:\Windows\system32\credssp.dll
0x000007fefd2d0000 - 0x000007fefd306000 	C:\Windows\system32\CFGMGR32.dll
0x000007fefa4a0000 - 0x000007fefa4f4000 	C:\Windows\system32\oleacc.dll
0x000007fefcf60000 - 0x000007fefcf74000 	C:\Windows\system32\RpcRtRemote.dll
0x000007fefce10000 - 0x000007fefce67000 	C:\Windows\system32\apphelp.dll
0x000007fefb0d0000 - 0x000007fefb10b000 	C:\Windows\system32\mlang.dll
0x000007fef6350000 - 0x000007fef635a000 	C:\Xilinx\SDK\2015.2\lib\win64.o\librdi_jtag_settings.dll
0x000007fee9dc0000 - 0x000007fee9de9000 	C:\Xilinx\SDK\2015.2\lib\win64.o\librdi_debug_dialog.dll
0x000007fef5d90000 - 0x000007fef5db2000 	C:\Xilinx\SDK\2015.2\lib\win64.o\libboost_filesystem.dll
0x000007fefa830000 - 0x000007fefa839000 	C:\Xilinx\SDK\2015.2\lib\win64.o\libboost_system.dll
0x000007feef150000 - 0x000007feef1f7000 	C:\Windows\system32\MSVCP110.dll
0x000007feef240000 - 0x000007feef314000 	C:\Windows\system32\MSVCR110.dll
0x000007fec6580000 - 0x000007fec6ec3000 	C:\Xilinx\SDK\2015.2\lib\win64.o\librdi_common.dll
0x000007fec8f90000 - 0x000007fec9238000 	C:\Xilinx\SDK\2015.2\lib\win64.o\libCOIN-all.dll
0x000007fec6360000 - 0x000007fec6580000 	C:\Xilinx\SDK\2015.2\lib\win64.o\libXil_lmgr11.dll
0x000007fefb030000 - 0x000007fefb046000 	C:\Windows\system32\NETAPI32.dll
0x000007fefb020000 - 0x000007fefb02c000 	C:\Windows\system32\netutils.dll
0x000007fefcab0000 - 0x000007fefcad3000 	C:\Windows\system32\srvcli.dll
0x000007fefb000000 - 0x000007fefb015000 	C:\Windows\system32\wkscli.dll
0x000007fefd310000 - 0x000007fefd34a000 	C:\Windows\system32\WINTRUST.dll
0x000007fefb7a0000 - 0x000007fefb7b0000 	C:\Xilinx\SDK\2015.2\lib\win64.o\libboost_date_time.dll
0x000007feeabd0000 - 0x000007feeac44000 	C:\Xilinx\SDK\2015.2\lib\win64.o\libboost_program_options.dll
0x000007fec8e90000 - 0x000007fec8f8a000 	C:\Xilinx\SDK\2015.2\lib\win64.o\libboost_regex.dll
0x000007fef9cf0000 - 0x000007fef9d03000 	C:\Xilinx\SDK\2015.2\lib\win64.o\libboost_signals.dll
0x000007fef5d70000 - 0x000007fef5d8d000 	C:\Xilinx\SDK\2015.2\lib\win64.o\libboost_thread.dll
0x000007fefa250000 - 0x000007fefa25b000 	C:\Xilinx\SDK\2015.2\lib\win64.o\libboost_chrono.dll
0x000007feeb0d0000 - 0x000007feeb150000 	C:\Xilinx\SDK\2015.2\lib\win64.o\libhdlpsolve.dll
0x000007fee9e50000 - 0x000007fee9eea000 	C:\Xilinx\SDK\2015.2\lib\win64.o\libhdxml.dll
0x000007fec5d50000 - 0x000007fec635a200 	C:\Xilinx\SDK\2015.2\lib\win64.o\libisl_iostreams.dll
0x000007fef5930000 - 0x000007fef5946000 	C:\Xilinx\SDK\2015.2\lib\win64.o\libboost_iostreams.dll
0x000007feef5f0000 - 0x000007feef613000 	C:\Xilinx\SDK\2015.2\lib\win64.o\librdizlib.dll
0x000007feef5c0000 - 0x000007feef5e3000 	C:\Xilinx\SDK\2015.2\lib\win64.o\libisl_iosutils.dll
0x000007feeaa10000 - 0x000007feeaa3a000 	C:\Xilinx\SDK\2015.2\lib\win64.o\libisl_sysinfo.dll
0x000007fef9d10000 - 0x000007fef9d25000 	C:\Xilinx\SDK\2015.2\lib\win64.o\pthreadVC2.dll
0x000007fee9df0000 - 0x000007fee9e44000 	C:\Xilinx\SDK\2015.2\lib\win64.o\librdi_commonxillic.dll
0x000007fec7f00000 - 0x000007fec8030000 	C:\Xilinx\SDK\2015.2\lib\win64.o\librdi_curl.dll
0x000007feeb8a0000 - 0x000007feeb8b8000 	C:\Xilinx\SDK\2015.2\lib\win64.o\librdiconfig.dll
0x000000006a6b0000 - 0x000000006a7d7000 	C:\Xilinx\SDK\2015.2\lib\win64.o\tcl85t.dll
0x000000001fb80000 - 0x000000001fde3000 	C:\Xilinx\SDK\2015.2\lib\win64.o\xerces-c_3_1.dll
0x000007fef6360000 - 0x000007fef6383000 	C:\Windows\system32\VCOMP110.DLL
0x000007fec4f40000 - 0x000007fec5128000 	C:\Xilinx\SDK\2015.2\lib\win64.o\librdi_hsm.dll
0x000007feea750000 - 0x000007feea793000 	C:\Xilinx\SDK\2015.2\lib\win64.o\librdi_hdf.dll
0x000007fec47d0000 - 0x000007fec498a000 	C:\Xilinx\SDK\2015.2\lib\win64.o\librdi_ippcw.dll
0x000007feefa70000 - 0x000007feefa78000 	C:\Xilinx\SDK\2015.2\lib\win64.o\librdi_target_manager.dll
0x000007feea620000 - 0x000007feea630000 	C:\Xilinx\SDK\2015.2\lib\win64.o\librdi_repo_manager.dll
0x000007fee9da0000 - 0x000007fee9dbc000 	C:\Xilinx\SDK\2015.2\lib\win64.o\librdi_hw_platform.dll
0x000007fefa6f0000 - 0x000007fefa6f7000 	C:\Windows\system32\msimg32.dll
0x000007fee9d80000 - 0x000007fee9d96000 	C:\Xilinx\SDK\2015.2\eclipse\win64.o\plugins\org.eclipse.cdt.core.win32.x86_64_5.2.0.201402142303\os\win32\x86_64\spawner.dll
0x000007fec5940000 - 0x000007fec5d4a000 	C:\Xilinx\SDK\2015.2\lib\win64.o\librdi_commontasks.dll
0x000007fec5130000 - 0x000007fec5940000 	C:\Xilinx\SDK\2015.2\lib\win64.o\libXil_lmgr11FNP.dll
0x000007fef90f0000 - 0x000007fef90fb000 	C:\Windows\system32\snmpapi.dll
0x000007fefd580000 - 0x000007fefd757000 	C:\Windows\system32\SETUPAPI.dll
0x000007fefd030000 - 0x000007fefd04a000 	C:\Windows\system32\DEVOBJ.dll
0x000007fefa630000 - 0x000007fefa6b6000 	C:\Windows\system32\wbemcomn.dll
0x000007fef6d80000 - 0x000007fef6e62000 	C:\Windows\system32\wbem\fastprox.dll
0x000007fef6d50000 - 0x000007fef6d77000 	C:\Windows\system32\NTDSAPI.dll

VM Arguments:
jvm_args: -Dcom.xilinx.sdk.args.hwspec=C:/Users/Tung/Desktop/vdma_hdmi_conv_v1/axi_conv_fp_3x3/axi_conv_fp_3x3.sdk/design_1_wrapper.hdf -Xms64m -Xmx512m & 
java_command: <unknown>
java_class_path (initial): C:\Xilinx\SDK\2015.2\eclipse\win64.o\\plugins/org.eclipse.equinox.launcher_1.3.0.v20130327-1440.jar
Launcher Type: generic

Environment Variables:
USERNAME=Tung
OS=Windows_NT
PROCESSOR_IDENTIFIER=Intel64 Family 6 Model 60 Stepping 3, GenuineIntel



---------------  S Y S T E M  ---------------

OS: Windows 7 , 64 bit Build 7601 Service Pack 1

CPU:total 4 (4 cores per cpu, 1 threads per core) family 6 model 60 stepping 3, cmov, cx8, fxsr, mmx, sse, sse2, sse3, ssse3, sse4.1, sse4.2, popcnt, avx, avx2, aes, clmul, erms, lzcnt, tsc, tscinvbit, bmi1, bmi2

Memory: 4k page, physical 4110972k(2481488k free), swap 8220100k(6208276k free)

vm_info: Java HotSpot(TM) 64-Bit Server VM (25.25-b02) for windows-amd64 JRE (1.8.0_25-b18), built on Oct  7 2014 14:25:37 by "java_re" with MS VC++ 10.0 (VS2010)

time: Mon Aug 20 10:35:13 2018
elapsed time: 1006 seconds (0d 0h 16m 46s)

