#
# A fatal error has been detected by the Java Runtime Environment:
#
#  Internal Error (0xc000000d), pid=700, tid=1152
#
# JRE version: Java(TM) SE Runtime Environment (8.0_25-b18) (build 1.8.0_25-b18)
# Java VM: Java HotSpot(TM) 64-Bit Server VM (25.25-b02 mixed mode windows-amd64 compressed oops)
# Problematic frame:
# C  [ntdll.dll+0x7a291]
#
# Failed to write core dump. Minidumps are not enabled by default on client versions of Windows
#
# If you would like to submit a bug report, please visit:
#   http://bugreport.sun.com/bugreport/crash.jsp
#

---------------  T H R E A D  ---------------

Current thread (0x0000000013b76000):  VMThread [stack: 0x0000000014be0000,0x0000000014ce0000] [id=1152]

siginfo: ExceptionCode=0xc000000d

Registers:
RAX=0x0000000063c9ca15, RBX=0x0000000000000000, RCX=0x0000000014cdef10, RDX=0x0000000000000000
RSP=0x0000000014cdf520, RBP=0x00000000258f8b10, RSI=0x000007feeae27408, RDI=0x0000000014cdf668
R8 =0x0000000000000000, R9 =0x0000000000000000, R10=0x0000000000000000, R11=0x0000000000000246
R12=0x000000001fbb9fc0, R13=0x000000001fbb9290, R14=0x00000000258f8c18, R15=0x0000000000000000
RIP=0x000000007719a291, EFLAGS=0x0000000000000202

Top of Stack: (sp=0x0000000014cdf520)
0x0000000014cdf520:   0000000000000000 000007feeae27408
0x0000000014cdf530:   0000000014cdf668 0000000077120223
0x0000000014cdf540:   0000000000000080 0000000080000080
0x0000000014cdf550:   0000000000000000 0000000000000000
0x0000000014cdf560:   0000000000000002 0000000080000080
0x0000000014cdf570:   00000000c000000d 0000000000000000
0x0000000014cdf580:   000000007719a291 0000000000000000
0x0000000014cdf590:   0000000000000000 0000000000000000
0x0000000014cdf5a0:   0000000000000000 0000000000000000
0x0000000014cdf5b0:   0000000000000000 0000000000000000
0x0000000014cdf5c0:   0000000000000000 0000000000000000
0x0000000014cdf5d0:   0000000000000000 0000000000000000
0x0000000014cdf5e0:   0000000000000000 0000000000000000
0x0000000014cdf5f0:   0000000000000000 0000000000000000
0x0000000014cdf600:   0000000000000000 0000000080000080
0x0000000014cdf610:   0000000000000afc 0000000077042fe8 

Instructions: (pc=0x000000007719a291)
0x000000007719a271:   5b 8c fd ff b9 57 00 00 00 c7 44 24 50 0d 00 00
0x000000007719a281:   c0 e8 49 8f fd ff 48 8d 4c 24 50 e8 cf f2 f9 ff
0x000000007719a291:   4c 8b 1d 40 81 0b 00 4d 85 db 74 5b 65 48 8b 04
0x000000007719a2a1:   25 30 00 00 00 f6 80 ee 17 00 00 08 74 12 65 48 


Register to memory mapping:

RAX=0x0000000063c9ca15 is an unknown value
RBX=0x0000000000000000 is an unknown value
RCX=0x0000000014cdef10 is an unknown value
RDX=0x0000000000000000 is an unknown value
RSP=0x0000000014cdf520 is an unknown value
RBP=0x00000000258f8b10 is an unknown value
RSI=0x000007feeae27408 is an unknown value
RDI=0x0000000014cdf668 is an unknown value
R8 =0x0000000000000000 is an unknown value
R9 =0x0000000000000000 is an unknown value
R10=0x0000000000000000 is an unknown value
R11=0x0000000000000246 is an unknown value
R12=0x000000001fbb9fc0 is an unknown value
R13=0x000000001fbb9290 is an unknown value
R14=0x00000000258f8c18 is an unknown value
R15=0x0000000000000000 is an unknown value


Stack: [0x0000000014be0000,0x0000000014ce0000],  sp=0x0000000014cdf520,  free space=1021k
Native frames: (J=compiled Java code, j=interpreted, Vv=VM code, C=native code)
C  [ntdll.dll+0x7a291]
C  [kernel32.dll+0x42fe8]
C  [MSVCR110.dll+0x752d]
C  [MSVCR110.dll+0x14cde]
C  [MSVCR110.dll+0x13edc]
C  [MSVCR110.dll+0x239e]
C  [MSVCR110.dll+0xaf9e]
C  [MSVCP110.dll+0x397b9]
C  [librdi_common.dll+0x135d02]
C  [librdi_common.dll+0x13447b]
C  [librdi_commontasks.dll+0x1cc33c]
C  [librdi_commontasks.dll+0x1cc5be]
C  [ntdll.dll+0x24371]
C  [ntdll.dll+0x24180]
C  [MSVCR100.dll+0x20ccd]
V  [jvm.dll+0x1f9c55]
V  [jvm.dll+0x2325e7]
V  [jvm.dll+0x231826]
V  [jvm.dll+0x231cc1]
V  [jvm.dll+0x231ede]
V  [jvm.dll+0x2852fa]
C  [MSVCR100.dll+0x21d9f]
C  [MSVCR100.dll+0x21e3b]
C  [kernel32.dll+0x1652d]
C  [ntdll.dll+0x2c521]

VM_Operation (0x000000000012f500): Exit, mode: safepoint, requested by thread 0x00000000026f8000


---------------  P R O C E S S  ---------------

Java Threads: ( => current thread )
  0x000000001af43000 JavaThread "TCF Channel Transmitter" [_thread_blocked, id=4728, stack(0x0000000027560000,0x0000000027660000)]
  0x000000001af42000 JavaThread "TCF Channel Receiver" [_thread_in_native, id=3624, stack(0x0000000027460000,0x0000000027560000)]
  0x0000000016136800 JavaThread "TCF Channel Transmitter" [_thread_blocked, id=3720, stack(0x00000000279e0000,0x0000000027ae0000)]
  0x0000000016136000 JavaThread "TCF Channel Receiver" [_thread_in_native, id=3192, stack(0x0000000021e40000,0x0000000021f40000)]
  0x0000000016135000 JavaThread "TCF Channel Transmitter" [_thread_blocked, id=2816, stack(0x00000000286f0000,0x00000000287f0000)]
  0x0000000016134800 JavaThread "TCF Channel Receiver" [_thread_in_native, id=4320, stack(0x00000000285f0000,0x00000000286f0000)]
  0x0000000015536800 JavaThread "Thread-12" daemon [_thread_blocked, id=5036, stack(0x00000000208f0000,0x00000000209f0000)]
  0x000000001d427000 JavaThread "TCF Locator DNS Lookup" daemon [_thread_blocked, id=1004, stack(0x000000001fa40000,0x000000001fb40000)]
  0x000000001d426800 JavaThread "TCF Locator Timer" daemon [_thread_blocked, id=5080, stack(0x000000001f940000,0x000000001fa40000)]
  0x0000000015544000 JavaThread "TCF Locator Receiver" daemon [_thread_in_native, id=2388, stack(0x000000001f840000,0x000000001f940000)]
  0x0000000015540000 JavaThread "TCF Timer Dispatcher" daemon [_thread_blocked, id=4540, stack(0x000000001bae0000,0x000000001bbe0000)]
  0x0000000017647000 JavaThread "EMF Reference Cleaner" daemon [_thread_blocked, id=2752, stack(0x00000000196e0000,0x00000000197e0000)]
  0x0000000015259800 JavaThread "Service Thread" daemon [_thread_blocked, id=4428, stack(0x00000000157e0000,0x00000000158e0000)]
  0x00000000151e7000 JavaThread "C1 CompilerThread2" daemon [_thread_blocked, id=4988, stack(0x00000000156e0000,0x00000000157e0000)]
  0x0000000013bef000 JavaThread "C2 CompilerThread1" daemon [_thread_blocked, id=4460, stack(0x00000000155e0000,0x00000000156e0000)]
  0x0000000013bea000 JavaThread "C2 CompilerThread0" daemon [_thread_blocked, id=4996, stack(0x00000000150e0000,0x00000000151e0000)]
  0x0000000013be7000 JavaThread "Attach Listener" daemon [_thread_blocked, id=4736, stack(0x0000000014fe0000,0x00000000150e0000)]
  0x0000000013be5800 JavaThread "Signal Dispatcher" daemon [_thread_blocked, id=3536, stack(0x0000000014ee0000,0x0000000014fe0000)]
  0x0000000013b83000 JavaThread "Finalizer" daemon [_thread_blocked, id=3264, stack(0x0000000014de0000,0x0000000014ee0000)]
  0x0000000013b7a000 JavaThread "Reference Handler" daemon [_thread_blocked, id=2228, stack(0x0000000014ce0000,0x0000000014de0000)]
  0x00000000026f8000 JavaThread "main" [_thread_blocked, id=4268, stack(0x0000000000030000,0x0000000000130000)]

Other Threads:
=>0x0000000013b76000 VMThread [stack: 0x0000000014be0000,0x0000000014ce0000] [id=1152]

VM state:at safepoint (shutting down)

VM Mutex/Monitor currently owned by a thread:  ([mutex/lock_event])
[0x000000000281df20] Threads_lock - owner thread: 0x0000000013b76000

Heap:
 PSYoungGen      total 101888K, used 48669K [0x00000000f5580000, 0x00000000fd400000, 0x0000000100000000)
  eden space 76288K, 63% used [0x00000000f5580000,0x00000000f8507750,0x00000000fa000000)
  from space 25600K, 0% used [0x00000000fbb00000,0x00000000fbb00000,0x00000000fd400000)
  to   space 26624K, 0% used [0x00000000fa000000,0x00000000fa000000,0x00000000fba00000)
 ParOldGen       total 124928K, used 44604K [0x00000000e0000000, 0x00000000e7a00000, 0x00000000f5580000)
  object space 124928K, 35% used [0x00000000e0000000,0x00000000e2b8f398,0x00000000e7a00000)
 Metaspace       used 75667K, capacity 81006K, committed 81368K, reserved 1120256K
  class space    used 9216K, capacity 10936K, committed 10968K, reserved 1048576K

Card table byte_map: [0x0000000011be0000,0x0000000011cf0000] byte_map_base: 0x00000000114e0000

Marking Bits: (ParMarkBitMap*) 0x0000000064b8d490
 Begin Bits: [0x00000000120f0000, 0x00000000128f0000)
 End Bits:   [0x00000000128f0000, 0x00000000130f0000)

Polling page: 0x0000000000220000

CodeCache: size=245760Kb used=30764Kb max_used=30766Kb free=214995Kb
 bounds [0x0000000002820000, 0x0000000004670000, 0x0000000011820000]
 total_blobs=9637 nmethods=8791 adapters=755
 compilation: enabled

Compilation events (10 events):
Event: 690.462 Thread 0x00000000151e7000 nmethod 10740 0x000000000320d450 code [0x000000000320d660, 0x000000000320e0c8]
Event: 690.462 Thread 0x00000000151e7000 10739   !   3       org.eclipse.osgi.internal.serviceregistry.ServiceRegistrationImpl::unregister (253 bytes)
Event: 690.464 Thread 0x00000000151e7000 nmethod 10739 0x0000000002ee77d0 code [0x0000000002ee7bc0, 0x0000000002eea138]
Event: 690.465 Thread 0x00000000151e7000 10742       3       java.io.File::list (33 bytes)
Event: 690.465 Thread 0x00000000151e7000 nmethod 10742 0x0000000002f8c910 code [0x0000000002f8cae0, 0x0000000002f8d208]
Event: 690.478 Thread 0x00000000151e7000 10743   !   3       org.eclipse.osgi.internal.baseadaptor.BaseStorage::compact (215 bytes)
Event: 690.478 Thread 0x0000000013bef000 nmethod 10721 0x0000000004660710 code [0x00000000046609e0, 0x0000000004663640]
Event: 690.479 Thread 0x00000000151e7000 nmethod 10743 0x000000000465ca90 code [0x000000000465cec0, 0x000000000465f328]
Event: 690.482 Thread 0x00000000151e7000 10744       3       org.eclipse.osgi.framework.internal.core.AbstractBundle::close (52 bytes)
Event: 690.483 Thread 0x00000000151e7000 nmethod 10744 0x0000000003a6bb10 code [0x0000000003a6bd40, 0x0000000003a6ca28]

GC Heap History (10 events):
Event: 501.277 GC heap before
{Heap before GC invocations=30 (full 10):
 PSYoungGen      total 103936K, used 1280K [0x00000000f5580000, 0x00000000fd700000, 0x0000000100000000)
  eden space 76288K, 0% used [0x00000000f5580000,0x00000000f5580000,0x00000000fa000000)
  from space 27648K, 4% used [0x00000000fbc00000,0x00000000fbd40000,0x00000000fd700000)
  to   space 28160K, 0% used [0x00000000fa000000,0x00000000fa000000,0x00000000fbb80000)
 ParOldGen       total 124928K, used 54822K [0x00000000e0000000, 0x00000000e7a00000, 0x00000000f5580000)
  object space 124928K, 43% used [0x00000000e0000000,0x00000000e3589b68,0x00000000e7a00000)
 Metaspace       used 74608K, capacity 80138K, committed 80344K, reserved 1118208K
  class space    used 9118K, capacity 10850K, committed 10968K, reserved 1048576K
Event: 501.479 GC heap after
Heap after GC invocations=30 (full 10):
 PSYoungGen      total 103936K, used 0K [0x00000000f5580000, 0x00000000fd700000, 0x0000000100000000)
  eden space 76288K, 0% used [0x00000000f5580000,0x00000000f5580000,0x00000000fa000000)
  from space 27648K, 0% used [0x00000000fbc00000,0x00000000fbc00000,0x00000000fd700000)
  to   space 28160K, 0% used [0x00000000fa000000,0x00000000fa000000,0x00000000fbb80000)
 ParOldGen       total 124928K, used 46269K [0x00000000e0000000, 0x00000000e7a00000, 0x00000000f5580000)
  object space 124928K, 37% used [0x00000000e0000000,0x00000000e2d2f598,0x00000000e7a00000)
 Metaspace       used 74575K, capacity 80084K, committed 80344K, reserved 1118208K
  class space    used 9113K, capacity 10841K, committed 10968K, reserved 1048576K
}
Event: 561.287 GC heap before
{Heap before GC invocations=31 (full 10):
 PSYoungGen      total 103936K, used 3297K [0x00000000f5580000, 0x00000000fd700000, 0x0000000100000000)
  eden space 76288K, 4% used [0x00000000f5580000,0x00000000f58b8628,0x00000000fa000000)
  from space 27648K, 0% used [0x00000000fbc00000,0x00000000fbc00000,0x00000000fd700000)
  to   space 28160K, 0% used [0x00000000fa000000,0x00000000fa000000,0x00000000fbb80000)
 ParOldGen       total 124928K, used 46269K [0x00000000e0000000, 0x00000000e7a00000, 0x00000000f5580000)
  object space 124928K, 37% used [0x00000000e0000000,0x00000000e2d2f598,0x00000000e7a00000)
 Metaspace       used 74599K, capacity 80084K, committed 80344K, reserved 1118208K
  class space    used 9113K, capacity 10841K, committed 10968K, reserved 1048576K
Event: 561.289 GC heap after
Heap after GC invocations=31 (full 10):
 PSYoungGen      total 76800K, used 192K [0x00000000f5580000, 0x00000000fd600000, 0x0000000100000000)
  eden space 76288K, 0% used [0x00000000f5580000,0x00000000f5580000,0x00000000fa000000)
  from space 512K, 37% used [0x00000000fa000000,0x00000000fa030000,0x00000000fa080000)
  to   space 27648K, 0% used [0x00000000fbb00000,0x00000000fbb00000,0x00000000fd600000)
 ParOldGen       total 124928K, used 46277K [0x00000000e0000000, 0x00000000e7a00000, 0x00000000f5580000)
  object space 124928K, 37% used [0x00000000e0000000,0x00000000e2d31598,0x00000000e7a00000)
 Metaspace       used 74599K, capacity 80084K, committed 80344K, reserved 1118208K
  class space    used 9113K, capacity 10841K, committed 10968K, reserved 1048576K
}
Event: 561.289 GC heap before
{Heap before GC invocations=32 (full 11):
 PSYoungGen      total 76800K, used 192K [0x00000000f5580000, 0x00000000fd600000, 0x0000000100000000)
  eden space 76288K, 0% used [0x00000000f5580000,0x00000000f5580000,0x00000000fa000000)
  from space 512K, 37% used [0x00000000fa000000,0x00000000fa030000,0x00000000fa080000)
  to   space 27648K, 0% used [0x00000000fbb00000,0x00000000fbb00000,0x00000000fd600000)
 ParOldGen       total 124928K, used 46277K [0x00000000e0000000, 0x00000000e7a00000, 0x00000000f5580000)
  object space 124928K, 37% used [0x00000000e0000000,0x00000000e2d31598,0x00000000e7a00000)
 Metaspace       used 74599K, capacity 80084K, committed 80344K, reserved 1118208K
  class space    used 9113K, capacity 10841K, committed 10968K, reserved 1048576K
Event: 561.556 GC heap after
Heap after GC invocations=32 (full 11):
 PSYoungGen      total 76800K, used 0K [0x00000000f5580000, 0x00000000fd600000, 0x0000000100000000)
  eden space 76288K, 0% used [0x00000000f5580000,0x00000000f5580000,0x00000000fa000000)
  from space 512K, 0% used [0x00000000fa000000,0x00000000fa000000,0x00000000fa080000)
  to   space 27648K, 0% used [0x00000000fbb00000,0x00000000fbb00000,0x00000000fd600000)
 ParOldGen       total 124928K, used 45598K [0x00000000e0000000, 0x00000000e7a00000, 0x00000000f5580000)
  object space 124928K, 36% used [0x00000000e0000000,0x00000000e2c87ab0,0x00000000e7a00000)
 Metaspace       used 74591K, capacity 80072K, committed 80344K, reserved 1118208K
  class space    used 9112K, capacity 10839K, committed 10968K, reserved 1048576K
}
Event: 621.299 GC heap before
{Heap before GC invocations=33 (full 11):
 PSYoungGen      total 76800K, used 8370K [0x00000000f5580000, 0x00000000fd600000, 0x0000000100000000)
  eden space 76288K, 10% used [0x00000000f5580000,0x00000000f5dac848,0x00000000fa000000)
  from space 512K, 0% used [0x00000000fa000000,0x00000000fa000000,0x00000000fa080000)
  to   space 27648K, 0% used [0x00000000fbb00000,0x00000000fbb00000,0x00000000fd600000)
 ParOldGen       total 124928K, used 45598K [0x00000000e0000000, 0x00000000e7a00000, 0x00000000f5580000)
  object space 124928K, 36% used [0x00000000e0000000,0x00000000e2c87ab0,0x00000000e7a00000)
 Metaspace       used 74648K, capacity 80072K, committed 80344K, reserved 1118208K
  class space    used 9112K, capacity 10839K, committed 10968K, reserved 1048576K
Event: 621.301 GC heap after
Heap after GC invocations=33 (full 11):
 PSYoungGen      total 101888K, used 480K [0x00000000f5580000, 0x00000000fd400000, 0x0000000100000000)
  eden space 76288K, 0% used [0x00000000f5580000,0x00000000f5580000,0x00000000fa000000)
  from space 25600K, 1% used [0x00000000fbb00000,0x00000000fbb78000,0x00000000fd400000)
  to   space 26624K, 0% used [0x00000000fa000000,0x00000000fa000000,0x00000000fba00000)
 ParOldGen       total 124928K, used 45606K [0x00000000e0000000, 0x00000000e7a00000, 0x00000000f5580000)
  object space 124928K, 36% used [0x00000000e0000000,0x00000000e2c89ab0,0x00000000e7a00000)
 Metaspace       used 74648K, capacity 80072K, committed 80344K, reserved 1118208K
  class space    used 9112K, capacity 10839K, committed 10968K, reserved 1048576K
}
Event: 621.301 GC heap before
{Heap before GC invocations=34 (full 12):
 PSYoungGen      total 101888K, used 480K [0x00000000f5580000, 0x00000000fd400000, 0x0000000100000000)
  eden space 76288K, 0% used [0x00000000f5580000,0x00000000f5580000,0x00000000fa000000)
  from space 25600K, 1% used [0x00000000fbb00000,0x00000000fbb78000,0x00000000fd400000)
  to   space 26624K, 0% used [0x00000000fa000000,0x00000000fa000000,0x00000000fba00000)
 ParOldGen       total 124928K, used 45606K [0x00000000e0000000, 0x00000000e7a00000, 0x00000000f5580000)
  object space 124928K, 36% used [0x00000000e0000000,0x00000000e2c89ab0,0x00000000e7a00000)
 Metaspace       used 74648K, capacity 80072K, committed 80344K, reserved 1118208K
  class space    used 9112K, capacity 10839K, committed 10968K, reserved 1048576K
Event: 621.490 GC heap after
Heap after GC invocations=34 (full 12):
 PSYoungGen      total 101888K, used 0K [0x00000000f5580000, 0x00000000fd400000, 0x0000000100000000)
  eden space 76288K, 0% used [0x00000000f5580000,0x00000000f5580000,0x00000000fa000000)
  from space 25600K, 0% used [0x00000000fbb00000,0x00000000fbb00000,0x00000000fd400000)
  to   space 26624K, 0% used [0x00000000fa000000,0x00000000fa000000,0x00000000fba00000)
 ParOldGen       total 124928K, used 44604K [0x00000000e0000000, 0x00000000e7a00000, 0x00000000f5580000)
  object space 124928K, 35% used [0x00000000e0000000,0x00000000e2b8f398,0x00000000e7a00000)
 Metaspace       used 74648K, capacity 80072K, committed 80344K, reserved 1118208K
  class space    used 9112K, capacity 10839K, committed 10968K, reserved 1048576K
}

Deoptimization events (10 events):
Event: 689.362 Thread 0x000000001553b000 Uncommon trap: reason=unreached action=reinterpret pc=0x00000000041aaba8 method=org.eclipse.core.internal.jobs.JobManager.createMonitor(Lorg/eclipse/core/runtime/jobs/Job;)Lorg/eclipse/core/runtime/IProgressMonitor; @ 6
Event: 689.380 Thread 0x00000000026f8000 Uncommon trap: reason=class_check action=maybe_recompile pc=0x000000000460c23c method=org.eclipse.e4.core.internal.contexts.TrackableComputationExt.update(Lorg/eclipse/e4/core/internal/contexts/ContextChangeEvent;)Z @ 62
Event: 689.380 Thread 0x00000000026f8000 Uncommon trap: reason=class_check action=maybe_recompile pc=0x000000000460c23c method=org.eclipse.e4.core.internal.contexts.TrackableComputationExt.update(Lorg/eclipse/e4/core/internal/contexts/ContextChangeEvent;)Z @ 62
Event: 689.380 Thread 0x00000000026f8000 Uncommon trap: reason=class_check action=maybe_recompile pc=0x000000000460c23c method=org.eclipse.e4.core.internal.contexts.TrackableComputationExt.update(Lorg/eclipse/e4/core/internal/contexts/ContextChangeEvent;)Z @ 62
Event: 689.914 Thread 0x00000000026f8000 Uncommon trap: reason=unreached action=reinterpret pc=0x0000000003dfad40 method=org.eclipse.core.internal.localstore.FileSystemResourceManager.getStoreRoot(Lorg/eclipse/core/resources/IResource;)Lorg/eclipse/core/internal/localstore/FileStoreRoot; @ 17
Event: 689.914 Thread 0x00000000026f8000 Uncommon trap: reason=unreached action=reinterpret pc=0x0000000003ed33a0 method=org.eclipse.core.internal.localstore.FileStoreRoot.getManager(Lorg/eclipse/core/runtime/IPath;)Lorg/eclipse/core/resources/IPathVariableManager; @ 18
Event: 690.427 Thread 0x00000000026f8000 Uncommon trap: reason=unreached action=reinterpret pc=0x00000000041d5110 method=org.eclipse.swt.widgets.Display.getDefault()Lorg/eclipse/swt/widgets/Display; @ 39
Event: 690.428 Thread 0x00000000026f8000 Uncommon trap: reason=null_check action=make_not_entrant pc=0x000000000325f154 method=org.eclipse.core.runtime.internal.adaptor.EclipseLazyStarter.shouldActivateFor(Ljava/lang/String;Lorg/eclipse/osgi/baseadaptor/BaseData;Lorg/eclipse/core/runtime/internalp€e­Ÿ“…@
Event: 690.453 Thread 0x0000000015539800 Uncommon trap: reason=unreached action=reinterpret pc=0x00000000041b048c method=org.eclipse.core.internal.jobs.JobManager.nextJob()Lorg/eclipse/core/runtime/jobs/Job; @ 80
Event: 690.453 Thread 0x000000001af43800 Uncommon trap: reason=unreached action=reinterpret pc=0x00000000041b048c method=org.eclipse.core.internal.jobs.JobManager.nextJob()Lorg/eclipse/core/runtime/jobs/Job; @ 80

Internal exceptions (10 events):
Event: 689.094 Thread 0x000000001ceb1000 Exception <a 'java/net/SocketException': Socket closed> (0x00000000f71568c8) thrown at [D:\re\workspace\8-2-build-windows-amd64-cygwin\jdk8u25\1677\hotspot\src\share\vm\prims\jni.cpp, line 742]
Event: 689.095 Thread 0x0000000015542800 Exception <a 'java/lang/InterruptedException'> (0x00000000f716cf98) thrown at [D:\re\workspace\8-2-build-windows-amd64-cygwin\jdk8u25\1677\hotspot\src\share\vm\runtime\objectMonitor.cpp, line 1682]
Event: 689.423 Thread 0x000000001d42b000 Exception <a 'java/lang/InterruptedException'> (0x00000000f80965b0) thrown at [D:\re\workspace\8-2-build-windows-amd64-cygwin\jdk8u25\1677\hotspot\src\share\vm\runtime\objectMonitor.cpp, line 1682]
Event: 689.914 Thread 0x00000000026f8000 Implicit null exception at 0x0000000003df6c8f to 0x0000000003dfad35
Event: 689.914 Thread 0x00000000026f8000 Implicit null exception at 0x0000000003ed05b8 to 0x0000000003ed337d
Event: 690.428 Thread 0x00000000026f8000 Implicit null exception at 0x000000000325e887 to 0x000000000325f145
Event: 690.459 Thread 0x00000000163ce800 Exception <a 'java/lang/InterruptedException': sleep interrupted> (0x00000000f82d1108) thrown at [D:\re\workspace\8-2-build-windows-amd64-cygwin\jdk8u25\1677\hotspot\src\share\vm\prims\jvm.cpp, line 3141]
Event: 690.460 Thread 0x0000000015538000 Exception <a 'java/lang/InterruptedException'> (0x00000000f845cf00) thrown at [D:\re\workspace\8-2-build-windows-amd64-cygwin\jdk8u25\1677\hotspot\src\share\vm\runtime\objectMonitor.cpp, line 1682]
Event: 690.460 Thread 0x0000000016393000 Exception <a 'java/lang/InterruptedException'> (0x00000000f8483168) thrown at [D:\re\workspace\8-2-build-windows-amd64-cygwin\jdk8u25\1677\hotspot\src\share\vm\runtime\objectMonitor.cpp, line 1682]
Event: 690.482 Thread 0x000000001637f000 Exception <a 'java/lang/InterruptedException'> (0x00000000f82d0548) thrown at [D:\re\workspace\8-2-build-windows-amd64-cygwin\jdk8u25\1677\hotspot\src\share\vm\runtime\objectMonitor.cpp, line 1682]

Events (10 events):
Event: 690.461 Thread 0x00000000151e7000 flushing nmethod 0x0000000002ee51d0
Event: 690.482 Thread 0x000000001637f000 Thread exited: 0x000000001637f000
Event: 690.482 Thread 0x000000001639e000 Thread exited: 0x000000001639e000
Event: 690.482 loading class java/util/IdentityHashMap$KeyIterator
Event: 690.482 loading class java/util/IdentityHashMap$IdentityHashMapIterator
Event: 690.482 loading class java/util/IdentityHashMap$IdentityHashMapIterator done
Event: 690.483 loading class java/util/IdentityHashMap$KeyIterator done
Event: 690.483 Thread 0x0000000015538000 Thread added: 0x0000000015538000
Event: 690.483 Thread 0x0000000015538000 Thread exited: 0x0000000015538000
Event: 690.483 Executing VM operation: Exit


Dynamic libraries:
0x0000000000400000 - 0x000000000044f000 	C:\Xilinx\SDK\2015.2\eclipse\win64.o\eclipse.exe
0x0000000077120000 - 0x00000000772c9000 	C:\Windows\SYSTEM32\ntdll.dll
0x0000000077000000 - 0x000000007711f000 	C:\Windows\system32\kernel32.dll
0x000007fefd2f0000 - 0x000007fefd35b000 	C:\Windows\system32\KERNELBASE.dll
0x0000000076f00000 - 0x0000000076ffa000 	C:\Windows\system32\USER32.dll
0x000007fefdfb0000 - 0x000007fefe017000 	C:\Windows\system32\GDI32.dll
0x000007fefd510000 - 0x000007fefd51e000 	C:\Windows\system32\LPK.dll
0x000007fefd440000 - 0x000007fefd509000 	C:\Windows\system32\USP10.dll
0x000007fefdd00000 - 0x000007fefdd9f000 	C:\Windows\system32\msvcrt.dll
0x000007fefb800000 - 0x000007fefb9f4000 	C:\Windows\WinSxS\amd64_microsoft.windows.common-controls_6595b64144ccf1df_6.0.7601.17514_none_fa396087175ac9ac\COMCTL32.dll
0x000007fefe070000 - 0x000007fefe0e1000 	C:\Windows\system32\SHLWAPI.dll
0x000007feff0b0000 - 0x000007feff0de000 	C:\Windows\system32\IMM32.DLL
0x000007fefda40000 - 0x000007fefdb49000 	C:\Windows\system32\MSCTF.dll
0x0000000072000000 - 0x0000000072012000 	C:\Xilinx\SDK\2015.2\eclipse\win64.o\plugins\org.eclipse.equinox.launcher.win32.win32.x86_64_1.1.200.v20140116-2212\eclipse_1503.dll
0x000007feff340000 - 0x000007feff41b000 	C:\Windows\system32\ADVAPI32.dll
0x000007fefdbb0000 - 0x000007fefdbcf000 	C:\Windows\SYSTEM32\sechost.dll
0x000007fefdda0000 - 0x000007fefdecd000 	C:\Windows\system32\RPCRT4.dll
0x000007fefc1d0000 - 0x000007fefc1dc000 	C:\Windows\system32\VERSION.dll
0x000007fefbcb0000 - 0x000007fefbd06000 	C:\Windows\system32\uxtheme.dll
0x00000000643b0000 - 0x0000000064c0a000 	C:\Xilinx\SDK\2015.2\tps\win64\jre\bin\server\jvm.dll
0x000007fefbc90000 - 0x000007fefbc99000 	C:\Windows\system32\WSOCK32.dll
0x000007fefe020000 - 0x000007fefe06d000 	C:\Windows\system32\WS2_32.dll
0x000007feff420000 - 0x000007feff428000 	C:\Windows\system32\NSI.dll
0x000007fefaad0000 - 0x000007fefab0b000 	C:\Windows\system32\WINMM.dll
0x00000000772f0000 - 0x00000000772f7000 	C:\Windows\system32\PSAPI.DLL
0x0000000072850000 - 0x0000000072922000 	C:\Windows\system32\MSVCR100.dll
0x000000006ae10000 - 0x000000006ae1f000 	C:\Xilinx\SDK\2015.2\tps\win64\jre\bin\verify.dll
0x000000006ade0000 - 0x000000006ae08000 	C:\Xilinx\SDK\2015.2\tps\win64\jre\bin\java.dll
0x000000006adc0000 - 0x000000006add6000 	C:\Xilinx\SDK\2015.2\tps\win64\jre\bin\zip.dll
0x000007fefe0f0000 - 0x000007fefee78000 	C:\Windows\system32\SHELL32.dll
0x000007fefeea0000 - 0x000007feff0a3000 	C:\Windows\system32\ole32.dll
0x000007fefd070000 - 0x000007fefd07f000 	C:\Windows\system32\profapi.dll
0x000007fefc900000 - 0x000007fefc917000 	C:\Windows\system32\CRYPTSP.dll
0x000007fefc600000 - 0x000007fefc647000 	C:\Windows\system32\rsaenh.dll
0x000007fefc3c0000 - 0x000007fefc3de000 	C:\Windows\system32\USERENV.dll
0x000007fefcf40000 - 0x000007fefcf4f000 	C:\Windows\system32\CRYPTBASE.dll
0x000000006ada0000 - 0x000000006adba000 	C:\Xilinx\SDK\2015.2\tps\win64\jre\bin\net.dll
0x000007fefc8a0000 - 0x000007fefc8f5000 	C:\Windows\system32\mswsock.dll
0x000007fefc890000 - 0x000007fefc897000 	C:\Windows\System32\wship6.dll
0x000007fefa7a0000 - 0x000007fefa7c7000 	C:\Windows\system32\IPHLPAPI.DLL
0x000007fefa780000 - 0x000007fefa78b000 	C:\Windows\system32\WINNSI.DLL
0x000007fefa530000 - 0x000007fefa541000 	C:\Windows\system32\dhcpcsvc6.DLL
0x000007fefa510000 - 0x000007fefa528000 	C:\Windows\system32\dhcpcsvc.DLL
0x000000006ad80000 - 0x000000006ad91000 	C:\Xilinx\SDK\2015.2\tps\win64\jre\bin\nio.dll
0x000007fefd820000 - 0x000007fefd8b9000 	C:\Windows\system32\CLBCatQ.DLL
0x000007fefded0000 - 0x000007fefdfa7000 	C:\Windows\system32\OLEAUT32.dll
0x000007fefb0a0000 - 0x000007fefb0b5000 	C:\Windows\system32\NLAapi.dll
0x000007fef05f0000 - 0x000007fef0605000 	C:\Windows\system32\napinsp.dll
0x000007fef05d0000 - 0x000007fef05e9000 	C:\Windows\system32\pnrpnsp.dll
0x000007fefc720000 - 0x000007fefc77b000 	C:\Windows\system32\DNSAPI.dll
0x000007fef11f0000 - 0x000007fef11fb000 	C:\Windows\System32\winrnr.dll
0x000007fefc2a0000 - 0x000007fefc2a7000 	C:\Windows\System32\wshtcpip.dll
0x000007fef7300000 - 0x000007fef7308000 	C:\Windows\system32\rasadhlp.dll
0x000007fefa680000 - 0x000007fefa6d3000 	C:\Windows\System32\fwpuclnt.dll
0x0000000002590000 - 0x0000000002638000 	C:\Users\Tung\.Xilinx\SDK\2015.2\org.eclipse.osgi\bundles\287\1\.cp\swt-win32-4335.dll
0x000007fefd780000 - 0x000007fefd817000 	C:\Windows\system32\comdlg32.dll
0x000007fefa7e0000 - 0x000007fefa851000 	C:\Windows\system32\WINSPOOL.DRV
0x000007fefdbd0000 - 0x000007fefdcfa000 	C:\Windows\system32\WININET.dll
0x000007fefd8c0000 - 0x000007fefda38000 	C:\Windows\system32\urlmon.dll
0x000007fefd120000 - 0x000007fefd287000 	C:\Windows\system32\CRYPT32.dll
0x000007fefd110000 - 0x000007fefd11f000 	C:\Windows\system32\MSASN1.dll
0x000007fefd520000 - 0x000007fefd779000 	C:\Windows\system32\iertutil.dll
0x000007fefb230000 - 0x000007fefb248000 	C:\Windows\system32\dwmapi.dll
0x000007fefbb10000 - 0x000007fefbc3c000 	C:\Windows\system32\propsys.dll
0x00000000003d0000 - 0x00000000003ee000 	C:\Users\Tung\.Xilinx\SDK\2015.2\org.eclipse.osgi\bundles\287\1\.cp\swt-gdip-win32-4335.dll
0x000007fefb590000 - 0x000007fefb7a5000 	C:\Windows\WinSxS\amd64_microsoft.windows.gdiplus_6595b64144ccf1df_1.1.7601.17514_none_2b24536c71ed437a\gdiplus.dll
0x000007fefb0c0000 - 0x000007fefb1ea000 	C:\Windows\system32\WindowsCodecs.dll
0x0000000180000000 - 0x0000000180012000 	C:\Users\Tung\.Xilinx\SDK\2015.2\org.eclipse.osgi\bundles\113\1\.cp\os\win32\x86_64\localfile_1_0_0.dll
0x000007fefbf60000 - 0x000007fefbf71000 	C:\Users\Tung\.Xilinx\SDK\2015.2\org.eclipse.osgi\bundles\116\1\.cp\jWinHttp-1.0.0.dll
0x000007fef5c50000 - 0x000007fef5cc1000 	C:\Windows\system32\WINHTTP.dll
0x000007fef5be0000 - 0x000007fef5c44000 	C:\Windows\system32\webio.dll
0x000007fefcf10000 - 0x000007fefcf35000 	C:\Windows\system32\SspiCli.dll
0x000007fefc4d0000 - 0x000007fefc4da000 	C:\Windows\system32\credssp.dll
0x000007fefd360000 - 0x000007fefd396000 	C:\Windows\system32\CFGMGR32.dll
0x000007fefa950000 - 0x000007fefa9a4000 	C:\Windows\system32\oleacc.dll
0x000007fefd050000 - 0x000007fefd064000 	C:\Windows\system32\RpcRtRemote.dll
0x000007fefcff0000 - 0x000007fefd047000 	C:\Windows\system32\apphelp.dll
0x000007fefafd0000 - 0x000007fefb00b000 	C:\Windows\system32\mlang.dll
0x000007fef8eb0000 - 0x000007fef8eba000 	C:\Xilinx\SDK\2015.2\lib\win64.o\librdi_jtag_settings.dll
0x000007feed9b0000 - 0x000007feed9d9000 	C:\Xilinx\SDK\2015.2\lib\win64.o\librdi_debug_dialog.dll
0x000007fef8ee0000 - 0x000007fef8f02000 	C:\Xilinx\SDK\2015.2\lib\win64.o\libboost_filesystem.dll
0x000007fefac70000 - 0x000007fefac79000 	C:\Xilinx\SDK\2015.2\lib\win64.o\libboost_system.dll
0x000007feef9f0000 - 0x000007feefa97000 	C:\Windows\system32\MSVCP110.dll
0x000007feeae20000 - 0x000007feeaef4000 	C:\Windows\system32\MSVCR110.dll
0x000007fec41f0000 - 0x000007fec4b33000 	C:\Xilinx\SDK\2015.2\lib\win64.o\librdi_common.dll
0x000007fec51e0000 - 0x000007fec5488000 	C:\Xilinx\SDK\2015.2\lib\win64.o\libCOIN-all.dll
0x000007fec4fc0000 - 0x000007fec51e0000 	C:\Xilinx\SDK\2015.2\lib\win64.o\libXil_lmgr11.dll
0x000007fefaf50000 - 0x000007fefaf66000 	C:\Windows\system32\NETAPI32.dll
0x000007fefaf40000 - 0x000007fefaf4c000 	C:\Windows\system32\netutils.dll
0x000007fefcc60000 - 0x000007fefcc83000 	C:\Windows\system32\srvcli.dll
0x000007fefaf20000 - 0x000007fefaf35000 	C:\Windows\system32\wkscli.dll
0x000007fefd290000 - 0x000007fefd2ca000 	C:\Windows\system32\WINTRUST.dll
0x000007fefac80000 - 0x000007fefac90000 	C:\Xilinx\SDK\2015.2\lib\win64.o\libboost_date_time.dll
0x000007feee8a0000 - 0x000007feee914000 	C:\Xilinx\SDK\2015.2\lib\win64.o\libboost_program_options.dll
0x000007feedf10000 - 0x000007feee00a000 	C:\Xilinx\SDK\2015.2\lib\win64.o\libboost_regex.dll
0x000007fef8f20000 - 0x000007fef8f33000 	C:\Xilinx\SDK\2015.2\lib\win64.o\libboost_signals.dll
0x000007fef8ec0000 - 0x000007fef8edd000 	C:\Xilinx\SDK\2015.2\lib\win64.o\libboost_thread.dll
0x000007fef8f10000 - 0x000007fef8f1b000 	C:\Xilinx\SDK\2015.2\lib\win64.o\libboost_chrono.dll
0x000007fef5990000 - 0x000007fef5a10000 	C:\Xilinx\SDK\2015.2\lib\win64.o\libhdlpsolve.dll
0x000007feee370000 - 0x000007feee40a000 	C:\Xilinx\SDK\2015.2\lib\win64.o\libhdxml.dll
0x000007fec3be0000 - 0x000007fec41ea200 	C:\Xilinx\SDK\2015.2\lib\win64.o\libisl_iostreams.dll
0x000007fef25c0000 - 0x000007fef25d6000 	C:\Xilinx\SDK\2015.2\lib\win64.o\libboost_iostreams.dll
0x000007fef0300000 - 0x000007fef0323000 	C:\Xilinx\SDK\2015.2\lib\win64.o\librdizlib.dll
0x000007feee340000 - 0x000007feee363000 	C:\Xilinx\SDK\2015.2\lib\win64.o\libisl_iosutils.dll
0x000007feee310000 - 0x000007feee33a000 	C:\Xilinx\SDK\2015.2\lib\win64.o\libisl_sysinfo.dll
0x000007fefac90000 - 0x000007fefaca5000 	C:\Xilinx\SDK\2015.2\lib\win64.o\pthreadVC2.dll
0x000007feedb10000 - 0x000007feedb64000 	C:\Xilinx\SDK\2015.2\lib\win64.o\librdi_commonxillic.dll
0x000007feed9e0000 - 0x000007feedb10000 	C:\Xilinx\SDK\2015.2\lib\win64.o\librdi_curl.dll
0x000007fef73c0000 - 0x000007fef73d8000 	C:\Xilinx\SDK\2015.2\lib\win64.o\librdiconfig.dll
0x0000000065a00000 - 0x0000000065b27000 	C:\Xilinx\SDK\2015.2\lib\win64.o\tcl85t.dll
0x0000000020a70000 - 0x0000000020cd3000 	C:\Xilinx\SDK\2015.2\lib\win64.o\xerces-c_3_1.dll
0x000007feea3f0000 - 0x000007feea413000 	C:\Windows\system32\VCOMP110.DLL
0x000007feeaf00000 - 0x000007feeb0e8000 	C:\Xilinx\SDK\2015.2\lib\win64.o\librdi_hsm.dll
0x000007feedec0000 - 0x000007feedf03000 	C:\Xilinx\SDK\2015.2\lib\win64.o\librdi_hdf.dll
0x000007fec3210000 - 0x000007fec33ca000 	C:\Xilinx\SDK\2015.2\lib\win64.o\librdi_ippcw.dll
0x000007fef5980000 - 0x000007fef5988000 	C:\Xilinx\SDK\2015.2\lib\win64.o\librdi_target_manager.dll
0x000007fefaa50000 - 0x000007fefaa57000 	C:\Windows\system32\msimg32.dll
0x000007fef25b0000 - 0x000007fef25c0000 	C:\Xilinx\SDK\2015.2\lib\win64.o\librdi_repo_manager.dll
0x000007feeee10000 - 0x000007feeee2c000 	C:\Xilinx\SDK\2015.2\lib\win64.o\librdi_hw_platform.dll
0x000007fec4bb0000 - 0x000007fec4fba000 	C:\Xilinx\SDK\2015.2\lib\win64.o\librdi_commontasks.dll
0x000007fec33d0000 - 0x000007fec3be0000 	C:\Xilinx\SDK\2015.2\lib\win64.o\libXil_lmgr11FNP.dll
0x000007fef7130000 - 0x000007fef713b000 	C:\Windows\system32\snmpapi.dll
0x000007feff0e0000 - 0x000007feff2b7000 	C:\Windows\system32\SETUPAPI.dll
0x000007fefd2d0000 - 0x000007fefd2ea000 	C:\Windows\system32\DEVOBJ.dll
0x000007fefa9b0000 - 0x000007fefaa36000 	C:\Windows\system32\wbemcomn.dll
0x000007fef9210000 - 0x000007fef92f2000 	C:\Windows\system32\wbem\fastprox.dll
0x000007fef91d0000 - 0x000007fef91f7000 	C:\Windows\system32\NTDSAPI.dll
0x000007febade0000 - 0x000007febb175000 	C:\Xilinx\SDK\2015.2\lib\win64.o\librdi_hsmtasks.dll

VM Arguments:
jvm_args: -Dcom.xilinx.sdk.args.hwspec=C:/Users/Tung/Desktop/vdma_hdmi_conv_v1/axi_conv_fp_3x3/axi_conv_fp_3x3.sdk/design_1_wrapper.hdf -Xms64m -Xmx512m & 
java_command: <unknown>
java_class_path (initial): C:\Xilinx\SDK\2015.2\eclipse\win64.o\\plugins/org.eclipse.equinox.launcher_1.3.0.v20130327-1440.jar
Launcher Type: generic

Environment Variables:
USERNAME=Tung
OS=Windows_NT
PROCESSOR_IDENTIFIER=Intel64 Family 6 Model 60 Stepping 3, GenuineIntel



---------------  S Y S T E M  ---------------

OS: Windows 7 , 64 bit Build 7601 Service Pack 1

CPU:total 4 (4 cores per cpu, 1 threads per core) family 6 model 60 stepping 3, cmov, cx8, fxsr, mmx, sse, sse2, sse3, ssse3, sse4.1, sse4.2, popcnt, avx, avx2, aes, clmul, erms, lzcnt, tsc, tscinvbit, bmi1, bmi2

Memory: 4k page, physical 4110972k(1842420k free), swap 8220100k(4179304k free)

vm_info: Java HotSpot(TM) 64-Bit Server VM (25.25-b02) for windows-amd64 JRE (1.8.0_25-b18), built on Oct  7 2014 14:25:37 by "java_re" with MS VC++ 10.0 (VS2010)

time: Fri Aug 17 09:14:10 2018
elapsed time: 690 seconds (0d 0h 11m 30s)

