#
# A fatal error has been detected by the Java Runtime Environment:
#
#  Internal Error (0xc000000d), pid=2948, tid=2156
#
# JRE version: Java(TM) SE Runtime Environment (8.0_25-b18) (build 1.8.0_25-b18)
# Java VM: Java HotSpot(TM) 64-Bit Server VM (25.25-b02 mixed mode windows-amd64 compressed oops)
# Problematic frame:
# C  [ntdll.dll+0x7a291]
#
# Failed to write core dump. Minidumps are not enabled by default on client versions of Windows
#
# If you would like to submit a bug report, please visit:
#   http://bugreport.sun.com/bugreport/crash.jsp
#

---------------  T H R E A D  ---------------

Current thread (0x0000000013a9b000):  VMThread [stack: 0x0000000014b00000,0x0000000014c00000] [id=2156]

siginfo: ExceptionCode=0xc000000d

Registers:
RAX=0x000000006341adc7, RBX=0x0000000000000000, RCX=0x0000000014bfef10, RDX=0x0000000000000000
RSP=0x0000000014bff520, RBP=0x0000000023163760, RSI=0x000007feece07408, RDI=0x0000000014bff668
R8 =0x0000000000000000, R9 =0x0000000000000000, R10=0x0000000000000000, R11=0x0000000000000246
R12=0x0000000021c48c50, R13=0x0000000021c48c10, R14=0x0000000023163868, R15=0x0000000000000000
RIP=0x0000000077cfa291, EFLAGS=0x0000000000000202

Top of Stack: (sp=0x0000000014bff520)
0x0000000014bff520:   0000000000000000 000007feece07408
0x0000000014bff530:   0000000014bff668 0000000000000000
0x0000000014bff540:   000000002208b280 00000000001f7070
0x0000000014bff550:   0000000000000000 0000000000000000
0x0000000014bff560:   0000000000000002 0000000000000000
0x0000000014bff570:   00000000c000000d 0000000000000000
0x0000000014bff580:   0000000077cfa291 0000000000000000
0x0000000014bff590:   0000000000000000 0000000000000000
0x0000000014bff5a0:   0000000000000000 0000000000000000
0x0000000014bff5b0:   0000000000000000 0000000000000000
0x0000000014bff5c0:   0000000000000000 0000000000000000
0x0000000014bff5d0:   0000000000000000 0000000000000000
0x0000000014bff5e0:   0000000000000000 0000000000000000
0x0000000014bff5f0:   0000000000000000 0000000000000000
0x0000000014bff600:   0000000000000000 0000002e00000003
0x0000000014bff610:   0000000000000090 0000000077ba2fe8 

Instructions: (pc=0x0000000077cfa291)
0x0000000077cfa271:   5b 8c fd ff b9 57 00 00 00 c7 44 24 50 0d 00 00
0x0000000077cfa281:   c0 e8 49 8f fd ff 48 8d 4c 24 50 e8 cf f2 f9 ff
0x0000000077cfa291:   4c 8b 1d 40 81 0b 00 4d 85 db 74 5b 65 48 8b 04
0x0000000077cfa2a1:   25 30 00 00 00 f6 80 ee 17 00 00 08 74 12 65 48 


Register to memory mapping:

RAX=0x000000006341adc7 is an unknown value
RBX=0x0000000000000000 is an unknown value
RCX=0x0000000014bfef10 is an unknown value
RDX=0x0000000000000000 is an unknown value
RSP=0x0000000014bff520 is an unknown value
RBP=0x0000000023163760 is an unknown value
RSI=0x000007feece07408 is an unknown value
RDI=0x0000000014bff668 is an unknown value
R8 =0x0000000000000000 is an unknown value
R9 =0x0000000000000000 is an unknown value
R10=0x0000000000000000 is an unknown value
R11=0x0000000000000246 is an unknown value
R12=0x0000000021c48c50 is an unknown value
R13=0x0000000021c48c10 is an unknown value
R14=0x0000000023163868 is an unknown value
R15=0x0000000000000000 is an unknown value


Stack: [0x0000000014b00000,0x0000000014c00000],  sp=0x0000000014bff520,  free space=1021k
Native frames: (J=compiled Java code, j=interpreted, Vv=VM code, C=native code)
C  [ntdll.dll+0x7a291]
C  [kernel32.dll+0x42fe8]
C  [MSVCR110.dll+0x752d]
C  [MSVCR110.dll+0x14cde]
C  [MSVCR110.dll+0x13edc]
C  [MSVCR110.dll+0x239e]
C  [MSVCR110.dll+0xaf9e]
C  [MSVCP110.dll+0x397b9]
C  [librdi_common.dll+0x135d02]
C  [librdi_common.dll+0x13447b]
C  0x000007fefb160904
C  0x000007fefb160b86
C  [ntdll.dll+0x24371]
C  [ntdll.dll+0x24180]
C  [MSVCR100.dll+0x20ccd]
V  [jvm.dll+0x1f9c55]
V  [jvm.dll+0x2325e7]
V  [jvm.dll+0x231826]
V  [jvm.dll+0x231cc1]
V  [jvm.dll+0x231ede]
V  [jvm.dll+0x2852fa]
C  [MSVCR100.dll+0x21d9f]
C  [MSVCR100.dll+0x21e3b]
C  [kernel32.dll+0x1652d]
C  [ntdll.dll+0x2c521]

VM_Operation (0x000000000012f500): Exit, mode: safepoint, requested by thread 0x0000000002448000


---------------  P R O C E S S  ---------------

Java Threads: ( => current thread )
  0x0000000015ffd000 JavaThread "Thread-12" daemon [_thread_blocked, id=3376, stack(0x0000000024240000,0x0000000024340000)]
  0x000000001aa6f800 JavaThread "TCF Locator DNS Lookup" daemon [_thread_blocked, id=3288, stack(0x000000001bc10000,0x000000001bd10000)]
  0x000000001aa6e800 JavaThread "TCF Locator Timer" daemon [_thread_blocked, id=2012, stack(0x000000001bb10000,0x000000001bc10000)]
  0x000000001aa6e000 JavaThread "TCF Locator Receiver" daemon [_thread_in_native, id=568, stack(0x000000001ba10000,0x000000001bb10000)]
  0x0000000016d93800 JavaThread "TCF Timer Dispatcher" daemon [_thread_blocked, id=1140, stack(0x000000001b810000,0x000000001b910000)]
  0x00000000160ae000 JavaThread "EMF Reference Cleaner" daemon [_thread_blocked, id=3092, stack(0x0000000018490000,0x0000000018590000)]
  0x0000000014e6b000 JavaThread "Service Thread" daemon [_thread_blocked, id=3300, stack(0x0000000015700000,0x0000000015800000)]
  0x0000000013b08800 JavaThread "C1 CompilerThread2" daemon [_thread_blocked, id=3892, stack(0x0000000015600000,0x0000000015700000)]
  0x0000000014e0b000 JavaThread "C2 CompilerThread1" daemon [_thread_blocked, id=2096, stack(0x0000000015500000,0x0000000015600000)]
  0x0000000014e06000 JavaThread "C2 CompilerThread0" daemon [_thread_blocked, id=2832, stack(0x0000000015400000,0x0000000015500000)]
  0x0000000014e03800 JavaThread "Attach Listener" daemon [_thread_blocked, id=3980, stack(0x0000000015300000,0x0000000015400000)]
  0x0000000014e02800 JavaThread "Signal Dispatcher" daemon [_thread_blocked, id=3752, stack(0x0000000015200000,0x0000000015300000)]
  0x0000000013aa8000 JavaThread "Finalizer" daemon [_thread_blocked, id=2188, stack(0x0000000014d00000,0x0000000014e00000)]
  0x0000000013a9f000 JavaThread "Reference Handler" daemon [_thread_blocked, id=3856, stack(0x0000000014c00000,0x0000000014d00000)]
  0x0000000002448000 JavaThread "main" [_thread_blocked, id=2084, stack(0x0000000000030000,0x0000000000130000)]

Other Threads:
=>0x0000000013a9b000 VMThread [stack: 0x0000000014b00000,0x0000000014c00000] [id=2156]

VM state:at safepoint (shutting down)

VM Mutex/Monitor currently owned by a thread:  ([mutex/lock_event])
[0x000000000279df20] Threads_lock - owner thread: 0x0000000013a9b000

Heap:
 PSYoungGen      total 117248K, used 38670K [0x00000000f5580000, 0x00000000ff780000, 0x0000000100000000)
  eden space 116736K, 33% used [0x00000000f5580000,0x00000000f7b43b30,0x00000000fc780000)
  from space 512K, 0% used [0x00000000fc780000,0x00000000fc780000,0x00000000fc800000)
  to   space 24576K, 0% used [0x00000000fdf80000,0x00000000fdf80000,0x00000000ff780000)
 ParOldGen       total 349696K, used 257284K [0x00000000e0000000, 0x00000000f5580000, 0x00000000f5580000)
  object space 349696K, 73% used [0x00000000e0000000,0x00000000efb41158,0x00000000f5580000)
 Metaspace       used 75076K, capacity 80488K, committed 80600K, reserved 1118208K
  class space    used 9209K, capacity 10917K, committed 10968K, reserved 1048576K

Card table byte_map: [0x00000000025e0000,0x00000000026f0000] byte_map_base: 0x0000000001ee0000

Marking Bits: (ParMarkBitMap*) 0x000000006c20d490
 Begin Bits: [0x0000000012010000, 0x0000000012810000)
 End Bits:   [0x0000000012810000, 0x0000000013010000)

Polling page: 0x0000000000600000

CodeCache: size=245760Kb used=30167Kb max_used=30197Kb free=215593Kb
 bounds [0x00000000027a0000, 0x0000000004570000, 0x00000000117a0000]
 total_blobs=9418 nmethods=8572 adapters=752
 compilation: enabled

Compilation events (10 events):
Event: 745.854 Thread 0x0000000013b08800 10632       1       org.eclipse.osgi.internal.loader.BundleLoaderProxy::getBundleData (5 bytes)
Event: 745.854 Thread 0x0000000013b08800 nmethod 10632 0x00000000037fc090 code [0x00000000037fc1e0, 0x00000000037fc2f0]
Event: 745.858 Thread 0x0000000013b08800 10634       3       java.io.File::list (33 bytes)
Event: 745.858 Thread 0x0000000014e06000 nmethod 10625 0x00000000043b7750 code [0x00000000043b7920, 0x00000000043b8808]
Event: 745.858 Thread 0x0000000013b08800 nmethod 10634 0x0000000003818790 code [0x0000000003818960, 0x0000000003819088]
Event: 745.868 Thread 0x0000000014e0b000 nmethod 10617 0x000000000455f650 code [0x000000000455f8a0, 0x00000000045610a0]
Event: 745.931 Thread 0x0000000013b08800 10635   !   3       org.eclipse.osgi.internal.baseadaptor.BaseStorage::compact (215 bytes)
Event: 745.932 Thread 0x0000000013b08800 nmethod 10635 0x0000000004562510 code [0x0000000004562940, 0x0000000004564da8]
Event: 745.935 Thread 0x0000000013b08800 10636       3       org.eclipse.osgi.framework.internal.core.AbstractBundle::close (52 bytes)
Event: 745.936 Thread 0x0000000013b08800 nmethod 10636 0x0000000002af1cd0 code [0x0000000002af1f00, 0x0000000002af2be8]

GC Heap History (10 events):
Event: 613.516 GC heap before
{Heap before GC invocations=47 (full 22):
 PSYoungGen      total 120832K, used 3678K [0x00000000f5580000, 0x00000000ffa80000, 0x0000000100000000)
  eden space 116736K, 0% used [0x00000000f5580000,0x00000000f5580000,0x00000000fc780000)
  from space 4096K, 89% used [0x00000000fc780000,0x00000000fcb17b18,0x00000000fcb80000)
  to   space 26112K, 0% used [0x00000000fe100000,0x00000000fe100000,0x00000000ffa80000)
 ParOldGen       total 349696K, used 256431K [0x00000000e0000000, 0x00000000f5580000, 0x00000000f5580000)
  object space 349696K, 73% used [0x00000000e0000000,0x00000000efa6be48,0x00000000f5580000)
 Metaspace       used 74104K, capacity 79582K, committed 79704K, reserved 1118208K
  class space    used 9103K, capacity 10788K, committed 10840K, reserved 1048576K
Event: 613.724 GC heap after
Heap after GC invocations=47 (full 22):
 PSYoungGen      total 120832K, used 0K [0x00000000f5580000, 0x00000000ffa80000, 0x0000000100000000)
  eden space 116736K, 0% used [0x00000000f5580000,0x00000000f5580000,0x00000000fc780000)
  from space 4096K, 0% used [0x00000000fc780000,0x00000000fc780000,0x00000000fcb80000)
  to   space 26112K, 0% used [0x00000000fe100000,0x00000000fe100000,0x00000000ffa80000)
 ParOldGen       total 349696K, used 257479K [0x00000000e0000000, 0x00000000f5580000, 0x00000000f5580000)
  object space 349696K, 73% used [0x00000000e0000000,0x00000000efb71cd0,0x00000000f5580000)
 Metaspace       used 74104K, capacity 79582K, committed 79704K, reserved 1118208K
  class space    used 9103K, capacity 10788K, committed 10840K, reserved 1048576K
}
Event: 673.525 GC heap before
{Heap before GC invocations=48 (full 22):
 PSYoungGen      total 120832K, used 16592K [0x00000000f5580000, 0x00000000ffa80000, 0x0000000100000000)
  eden space 116736K, 14% used [0x00000000f5580000,0x00000000f65b41c8,0x00000000fc780000)
  from space 4096K, 0% used [0x00000000fc780000,0x00000000fc780000,0x00000000fcb80000)
  to   space 26112K, 0% used [0x00000000fe100000,0x00000000fe100000,0x00000000ffa80000)
 ParOldGen       total 349696K, used 257479K [0x00000000e0000000, 0x00000000f5580000, 0x00000000f5580000)
  object space 349696K, 73% used [0x00000000e0000000,0x00000000efb71cd0,0x00000000f5580000)
 Metaspace       used 74123K, capacity 79582K, committed 79704K, reserved 1118208K
  class space    used 9103K, capacity 10788K, committed 10840K, reserved 1048576K
Event: 673.527 GC heap after
Heap after GC invocations=48 (full 22):
 PSYoungGen      total 141824K, used 224K [0x00000000f5580000, 0x00000000ff980000, 0x0000000100000000)
  eden space 116736K, 0% used [0x00000000f5580000,0x00000000f5580000,0x00000000fc780000)
  from space 25088K, 0% used [0x00000000fe100000,0x00000000fe138000,0x00000000ff980000)
  to   space 25600K, 0% used [0x00000000fc780000,0x00000000fc780000,0x00000000fe080000)
 ParOldGen       total 349696K, used 257487K [0x00000000e0000000, 0x00000000f5580000, 0x00000000f5580000)
  object space 349696K, 73% used [0x00000000e0000000,0x00000000efb73cd0,0x00000000f5580000)
 Metaspace       used 74123K, capacity 79582K, committed 79704K, reserved 1118208K
  class space    used 9103K, capacity 10788K, committed 10840K, reserved 1048576K
}
Event: 673.527 GC heap before
{Heap before GC invocations=49 (full 23):
 PSYoungGen      total 141824K, used 224K [0x00000000f5580000, 0x00000000ff980000, 0x0000000100000000)
  eden space 116736K, 0% used [0x00000000f5580000,0x00000000f5580000,0x00000000fc780000)
  from space 25088K, 0% used [0x00000000fe100000,0x00000000fe138000,0x00000000ff980000)
  to   space 25600K, 0% used [0x00000000fc780000,0x00000000fc780000,0x00000000fe080000)
 ParOldGen       total 349696K, used 257487K [0x00000000e0000000, 0x00000000f5580000, 0x00000000f5580000)
  object space 349696K, 73% used [0x00000000e0000000,0x00000000efb73cd0,0x00000000f5580000)
 Metaspace       used 74123K, capacity 79582K, committed 79704K, reserved 1118208K
  class space    used 9103K, capacity 10788K, committed 10840K, reserved 1048576K
Event: 673.716 GC heap after
Heap after GC invocations=49 (full 23):
 PSYoungGen      total 141824K, used 0K [0x00000000f5580000, 0x00000000ff980000, 0x0000000100000000)
  eden space 116736K, 0% used [0x00000000f5580000,0x00000000f5580000,0x00000000fc780000)
  from space 25088K, 0% used [0x00000000fe100000,0x00000000fe100000,0x00000000ff980000)
  to   space 25600K, 0% used [0x00000000fc780000,0x00000000fc780000,0x00000000fe080000)
 ParOldGen       total 349696K, used 257001K [0x00000000e0000000, 0x00000000f5580000, 0x00000000f5580000)
  object space 349696K, 73% used [0x00000000e0000000,0x00000000efafa5d0,0x00000000f5580000)
 Metaspace       used 74123K, capacity 79582K, committed 79704K, reserved 1118208K
  class space    used 9103K, capacity 10788K, committed 10840K, reserved 1048576K
}
Event: 733.537 GC heap before
{Heap before GC invocations=50 (full 23):
 PSYoungGen      total 141824K, used 13272K [0x00000000f5580000, 0x00000000ff980000, 0x0000000100000000)
  eden space 116736K, 11% used [0x00000000f5580000,0x00000000f62763a0,0x00000000fc780000)
  from space 25088K, 0% used [0x00000000fe100000,0x00000000fe100000,0x00000000ff980000)
  to   space 25600K, 0% used [0x00000000fc780000,0x00000000fc780000,0x00000000fe080000)
 ParOldGen       total 349696K, used 257001K [0x00000000e0000000, 0x00000000f5580000, 0x00000000f5580000)
  object space 349696K, 73% used [0x00000000e0000000,0x00000000efafa5d0,0x00000000f5580000)
 Metaspace       used 74141K, capacity 79582K, committed 79704K, reserved 1118208K
  class space    used 9103K, capacity 10788K, committed 10840K, reserved 1048576K
Event: 733.540 GC heap after
Heap after GC invocations=50 (full 23):
 PSYoungGen      total 117248K, used 480K [0x00000000f5580000, 0x00000000ff780000, 0x0000000100000000)
  eden space 116736K, 0% used [0x00000000f5580000,0x00000000f5580000,0x00000000fc780000)
  from space 512K, 93% used [0x00000000fc780000,0x00000000fc7f8000,0x00000000fc800000)
  to   space 24576K, 0% used [0x00000000fdf80000,0x00000000fdf80000,0x00000000ff780000)
 ParOldGen       total 349696K, used 257001K [0x00000000e0000000, 0x00000000f5580000, 0x00000000f5580000)
  object space 349696K, 73% used [0x00000000e0000000,0x00000000efafa5d0,0x00000000f5580000)
 Metaspace       used 74141K, capacity 79582K, committed 79704K, reserved 1118208K
  class space    used 9103K, capacity 10788K, committed 10840K, reserved 1048576K
}
Event: 733.540 GC heap before
{Heap before GC invocations=51 (full 24):
 PSYoungGen      total 117248K, used 480K [0x00000000f5580000, 0x00000000ff780000, 0x0000000100000000)
  eden space 116736K, 0% used [0x00000000f5580000,0x00000000f5580000,0x00000000fc780000)
  from space 512K, 93% used [0x00000000fc780000,0x00000000fc7f8000,0x00000000fc800000)
  to   space 24576K, 0% used [0x00000000fdf80000,0x00000000fdf80000,0x00000000ff780000)
 ParOldGen       total 349696K, used 257001K [0x00000000e0000000, 0x00000000f5580000, 0x00000000f5580000)
  object space 349696K, 73% used [0x00000000e0000000,0x00000000efafa5d0,0x00000000f5580000)
 Metaspace       used 74141K, capacity 79582K, committed 79704K, reserved 1118208K
  class space    used 9103K, capacity 10788K, committed 10840K, reserved 1048576K
Event: 733.697 GC heap after
Heap after GC invocations=51 (full 24):
 PSYoungGen      total 117248K, used 0K [0x00000000f5580000, 0x00000000ff780000, 0x0000000100000000)
  eden space 116736K, 0% used [0x00000000f5580000,0x00000000f5580000,0x00000000fc780000)
  from space 512K, 0% used [0x00000000fc780000,0x00000000fc780000,0x00000000fc800000)
  to   space 24576K, 0% used [0x00000000fdf80000,0x00000000fdf80000,0x00000000ff780000)
 ParOldGen       total 349696K, used 257284K [0x00000000e0000000, 0x00000000f5580000, 0x00000000f5580000)
  object space 349696K, 73% used [0x00000000e0000000,0x00000000efb41158,0x00000000f5580000)
 Metaspace       used 74141K, capacity 79582K, committed 79704K, reserved 1118208K
  class space    used 9103K, capacity 10788K, committed 10840K, reserved 1048576K
}

Deoptimization events (10 events):
Event: 744.531 Thread 0x0000000002448000 Uncommon trap: reason=class_check action=maybe_recompile pc=0x0000000002e2e9e8 method=org.eclipse.cdt.internal.core.model.CElement.equals(Lorg/eclipse/cdt/core/model/ICElement;Lorg/eclipse/cdt/core/model/ICElement;)Z @ 138
Event: 744.531 Thread 0x0000000002448000 Uncommon trap: reason=bimorphic action=maybe_recompile pc=0x0000000002d5979c method=org.eclipse.cdt.internal.core.model.CElement.equals(Lorg/eclipse/cdt/core/model/ICElement;Lorg/eclipse/cdt/core/model/ICElement;)Z @ 94
Event: 744.556 Thread 0x0000000002448000 Uncommon trap: reason=unreached action=reinterpret pc=0x0000000002f399d8 method=org.eclipse.swt.widgets.Composite._getChildren()[Lorg/eclipse/swt/widgets/Control; @ 76
Event: 744.584 Thread 0x0000000002448000 Uncommon trap: reason=unreached action=reinterpret pc=0x0000000003f76ebc method=org.eclipse.swt.widgets.Display.drawMenuBars()V @ 4
Event: 744.624 Thread 0x0000000019738000 Uncommon trap: reason=bimorphic action=maybe_recompile pc=0x000000000339c89c method=java.util.Properties.load0(Ljava/util/Properties$LineReader;)V @ 242
Event: 744.625 Thread 0x0000000019738000 Uncommon trap: reason=unreached action=reinterpret pc=0x00000000030658b4 method=org.eclipse.swt.widgets.Display.isValidThread()Z @ 7
Event: 744.646 Thread 0x0000000002448000 Uncommon trap: reason=unreached action=reinterpret pc=0x0000000002d3b5dc method=org.eclipse.e4.ui.internal.workbench.swt.PartRenderingEngine.someAreVisible(Ljava/util/List;)Z @ 41
Event: 744.650 Thread 0x0000000002448000 Uncommon trap: reason=unloaded action=reinterpret pc=0x00000000043f62d8 method=org.eclipse.emf.ecore.xmi.impl.XMLSaveImpl$Escape.convert(Ljava/lang/String;)Ljava/lang/String; @ 732
Event: 745.197 Thread 0x0000000002448000 Uncommon trap: reason=predicate action=maybe_recompile pc=0x000000000414954c method=java.util.concurrent.CopyOnWriteArrayList.indexOf(Ljava/lang/Object;[Ljava/lang/Object;II)I @ 41
Event: 745.806 Thread 0x0000000002448000 Uncommon trap: reason=null_check action=make_not_entrant pc=0x00000000031b31c4 method=org.eclipse.core.runtime.internal.adaptor.EclipseLazyStarter.shouldActivateFor(Ljava/lang/String;Lorg/eclipse/osgi/baseadaptor/BaseData;Lorg/eclipse/core/runtime/internalŠnò>D‡@

Internal exceptions (10 events):
Event: 744.068 Thread 0x0000000015ffd800 Exception <a 'sun/net/ConnectionResetException': > (0x00000000f606dfd8) thrown at [D:\re\workspace\8-2-build-windows-amd64-cygwin\jdk8u25\1677\hotspot\src\share\vm\prims\jni.cpp, line 742]
Event: 744.068 Thread 0x0000000015fff000 Exception <a 'java/net/SocketException': Connection reset by peer: socket write error> (0x00000000f61cdcf8) thrown at [D:\re\workspace\8-2-build-windows-amd64-cygwin\jdk8u25\1677\hotspot\src\share\vm\prims\jni.cpp, line 742]
Event: 744.069 Thread 0x0000000015fff000 Exception <a 'java/net/SocketException': Socket closed> (0x00000000f61fe710) thrown at [D:\re\workspace\8-2-build-windows-amd64-cygwin\jdk8u25\1677\hotspot\src\share\vm\prims\jni.cpp, line 742]
Event: 744.069 Thread 0x000000001aa71800 Exception <a 'java/lang/InterruptedException'> (0x00000000f622f118) thrown at [D:\re\workspace\8-2-build-windows-amd64-cygwin\jdk8u25\1677\hotspot\src\share\vm\runtime\objectMonitor.cpp, line 1682]
Event: 744.706 Thread 0x0000000015ffa800 Exception <a 'java/lang/InterruptedException'> (0x00000000f761e1a0) thrown at [D:\re\workspace\8-2-build-windows-amd64-cygwin\jdk8u25\1677\hotspot\src\share\vm\runtime\objectMonitor.cpp, line 1682]
Event: 745.806 Thread 0x0000000002448000 Implicit null exception at 0x00000000031b26a7 to 0x00000000031b31b5
Event: 745.855 Thread 0x0000000016d8e000 Exception <a 'java/lang/InterruptedException'> (0x00000000f79a0a18) thrown at [D:\re\workspace\8-2-build-windows-amd64-cygwin\jdk8u25\1677\hotspot\src\share\vm\runtime\objectMonitor.cpp, line 1682]
Event: 745.855 Thread 0x0000000015ecb800 Exception <a 'java/lang/InterruptedException'> (0x00000000f79db010) thrown at [D:\re\workspace\8-2-build-windows-amd64-cygwin\jdk8u25\1677\hotspot\src\share\vm\runtime\objectMonitor.cpp, line 1682]
Event: 745.856 Thread 0x0000000015cbf800 Exception <a 'java/lang/InterruptedException': sleep interrupted> (0x00000000f7a81258) thrown at [D:\re\workspace\8-2-build-windows-amd64-cygwin\jdk8u25\1677\hotspot\src\share\vm\prims\jvm.cpp, line 3141]
Event: 745.935 Thread 0x0000000015ee9000 Exception <a 'java/lang/InterruptedException'> (0x00000000f7908558) thrown at [D:\re\workspace\8-2-build-windows-amd64-cygwin\jdk8u25\1677\hotspot\src\share\vm\runtime\objectMonitor.cpp, line 1682]

Events (10 events):
Event: 745.933 Thread 0x0000000013b08800 flushing nmethod 0x00000000031d6110
Event: 745.935 Thread 0x0000000015ee9000 Thread exited: 0x0000000015ee9000
Event: 745.935 Thread 0x0000000015f6c800 Thread exited: 0x0000000015f6c800
Event: 745.935 loading class java/util/IdentityHashMap$KeyIterator
Event: 745.935 loading class java/util/IdentityHashMap$IdentityHashMapIterator
Event: 745.935 loading class java/util/IdentityHashMap$IdentityHashMapIterator done
Event: 745.935 loading class java/util/IdentityHashMap$KeyIterator done
Event: 745.936 Thread 0x0000000016d8e000 Thread added: 0x0000000016d8e000
Event: 745.936 Thread 0x0000000016d8e000 Thread exited: 0x0000000016d8e000
Event: 745.936 Executing VM operation: Exit


Dynamic libraries:
0x0000000000400000 - 0x000000000044f000 	C:\Xilinx\SDK\2015.2\eclipse\win64.o\eclipse.exe
0x0000000077c80000 - 0x0000000077e29000 	C:\Windows\SYSTEM32\ntdll.dll
0x0000000077b60000 - 0x0000000077c7f000 	C:\Windows\system32\kernel32.dll
0x000007fefdc80000 - 0x000007fefdceb000 	C:\Windows\system32\KERNELBASE.dll
0x0000000077a60000 - 0x0000000077b5a000 	C:\Windows\system32\USER32.dll
0x000007fefe420000 - 0x000007fefe487000 	C:\Windows\system32\GDI32.dll
0x000007fefff80000 - 0x000007fefff8e000 	C:\Windows\system32\LPK.dll
0x000007feffeb0000 - 0x000007fefff79000 	C:\Windows\system32\USP10.dll
0x000007fefe490000 - 0x000007fefe52f000 	C:\Windows\system32\msvcrt.dll
0x000007fefc670000 - 0x000007fefc864000 	C:\Windows\WinSxS\amd64_microsoft.windows.common-controls_6595b64144ccf1df_6.0.7601.17514_none_fa396087175ac9ac\COMCTL32.dll
0x000007feff820000 - 0x000007feff891000 	C:\Windows\system32\SHLWAPI.dll
0x000007feffca0000 - 0x000007feffcce000 	C:\Windows\system32\IMM32.DLL
0x000007feff710000 - 0x000007feff819000 	C:\Windows\system32\MSCTF.dll
0x0000000072000000 - 0x0000000072012000 	C:\Xilinx\SDK\2015.2\eclipse\win64.o\plugins\org.eclipse.equinox.launcher.win32.win32.x86_64_1.1.200.v20140116-2212\eclipse_1503.dll
0x000007feffdd0000 - 0x000007feffeab000 	C:\Windows\system32\ADVAPI32.dll
0x000007feffcd0000 - 0x000007feffcef000 	C:\Windows\SYSTEM32\sechost.dll
0x000007fefe290000 - 0x000007fefe3bd000 	C:\Windows\system32\RPCRT4.dll
0x000007fefcd30000 - 0x000007fefcd3c000 	C:\Windows\system32\VERSION.dll
0x000007fefc330000 - 0x000007fefc386000 	C:\Windows\system32\uxtheme.dll
0x000000006ba30000 - 0x000000006c28a000 	C:\Xilinx\SDK\2015.2\tps\win64\jre\bin\server\jvm.dll
0x000007fefbdd0000 - 0x000007fefbdd9000 	C:\Windows\system32\WSOCK32.dll
0x000007fefe3d0000 - 0x000007fefe41d000 	C:\Windows\system32\WS2_32.dll
0x000007fefe3c0000 - 0x000007fefe3c8000 	C:\Windows\system32\NSI.dll
0x000007fefb9f0000 - 0x000007fefba2b000 	C:\Windows\system32\WINMM.dll
0x0000000077e50000 - 0x0000000077e57000 	C:\Windows\system32\PSAPI.DLL
0x0000000073010000 - 0x00000000730e2000 	C:\Windows\system32\MSVCR100.dll
0x0000000075970000 - 0x000000007597f000 	C:\Xilinx\SDK\2015.2\tps\win64\jre\bin\verify.dll
0x0000000075940000 - 0x0000000075968000 	C:\Xilinx\SDK\2015.2\tps\win64\jre\bin\java.dll
0x0000000075920000 - 0x0000000075936000 	C:\Xilinx\SDK\2015.2\tps\win64\jre\bin\zip.dll
0x000007fefe850000 - 0x000007feff5d8000 	C:\Windows\system32\SHELL32.dll
0x000007fefe080000 - 0x000007fefe283000 	C:\Windows\system32\ole32.dll
0x000007fefdbd0000 - 0x000007fefdbdf000 	C:\Windows\system32\profapi.dll
0x000007fefd460000 - 0x000007fefd477000 	C:\Windows\system32\CRYPTSP.dll
0x000007fefd160000 - 0x000007fefd1a7000 	C:\Windows\system32\rsaenh.dll
0x000007fefcf20000 - 0x000007fefcf3e000 	C:\Windows\system32\USERENV.dll
0x000007fefda60000 - 0x000007fefda6f000 	C:\Windows\system32\CRYPTBASE.dll
0x0000000075900000 - 0x000000007591a000 	C:\Xilinx\SDK\2015.2\tps\win64\jre\bin\net.dll
0x000007fefd400000 - 0x000007fefd455000 	C:\Windows\system32\mswsock.dll
0x000007fefd3f0000 - 0x000007fefd3f7000 	C:\Windows\System32\wship6.dll
0x000007fefb2d0000 - 0x000007fefb2f7000 	C:\Windows\system32\IPHLPAPI.DLL
0x000007fefb2c0000 - 0x000007fefb2cb000 	C:\Windows\system32\WINNSI.DLL
0x000007fefacf0000 - 0x000007fefad01000 	C:\Windows\system32\dhcpcsvc6.DLL
0x000007fefac70000 - 0x000007fefac88000 	C:\Windows\system32\dhcpcsvc.DLL
0x0000000075810000 - 0x0000000075821000 	C:\Xilinx\SDK\2015.2\tps\win64\jre\bin\nio.dll
0x000007fefe550000 - 0x000007fefe5e9000 	C:\Windows\system32\CLBCatQ.DLL
0x000007fefdfa0000 - 0x000007fefe077000 	C:\Windows\system32\OLEAUT32.dll
0x000007fefb890000 - 0x000007fefb8a5000 	C:\Windows\system32\NLAapi.dll
0x000007fef1f50000 - 0x000007fef1f65000 	C:\Windows\system32\napinsp.dll
0x000007fef1de0000 - 0x000007fef1df9000 	C:\Windows\system32\pnrpnsp.dll
0x000007fefd280000 - 0x000007fefd2db000 	C:\Windows\system32\DNSAPI.dll
0x000007fef1cd0000 - 0x000007fef1cdb000 	C:\Windows\System32\winrnr.dll
0x000007fefce00000 - 0x000007fefce07000 	C:\Windows\System32\wshtcpip.dll
0x000007fefa5c0000 - 0x000007fefa5c8000 	C:\Windows\system32\rasadhlp.dll
0x000007fefad20000 - 0x000007fefad73000 	C:\Windows\System32\fwpuclnt.dll
0x0000000016690000 - 0x0000000016738000 	C:\Users\Tung\.Xilinx\SDK\2015.2\org.eclipse.osgi\bundles\287\1\.cp\swt-win32-4335.dll
0x000007feff8a0000 - 0x000007feff937000 	C:\Windows\system32\comdlg32.dll
0x000007fefb220000 - 0x000007fefb291000 	C:\Windows\system32\WINSPOOL.DRV
0x000007feff5e0000 - 0x000007feff70a000 	C:\Windows\system32\WININET.dll
0x000007feffb20000 - 0x000007feffc98000 	C:\Windows\system32\urlmon.dll
0x000007fefdd70000 - 0x000007fefded7000 	C:\Windows\system32\CRYPT32.dll
0x000007fefdc70000 - 0x000007fefdc7f000 	C:\Windows\system32\MSASN1.dll
0x000007fefe5f0000 - 0x000007fefe849000 	C:\Windows\system32\iertutil.dll
0x000007fefbf50000 - 0x000007fefbf68000 	C:\Windows\system32\dwmapi.dll
0x000007fefc3c0000 - 0x000007fefc4ec000 	C:\Windows\system32\propsys.dll
0x00000000026f0000 - 0x000000000270e000 	C:\Users\Tung\.Xilinx\SDK\2015.2\org.eclipse.osgi\bundles\287\1\.cp\swt-gdip-win32-4335.dll
0x000007fefc110000 - 0x000007fefc325000 	C:\Windows\WinSxS\amd64_microsoft.windows.gdiplus_6595b64144ccf1df_1.1.7601.17514_none_2b24536c71ed437a\gdiplus.dll
0x000007fefbde0000 - 0x000007fefbf0a000 	C:\Windows\system32\WindowsCodecs.dll
0x0000000180000000 - 0x0000000180012000 	C:\Users\Tung\.Xilinx\SDK\2015.2\org.eclipse.osgi\bundles\113\1\.cp\os\win32\x86_64\localfile_1_0_0.dll
0x000007fefc390000 - 0x000007fefc3a1000 	C:\Users\Tung\.Xilinx\SDK\2015.2\org.eclipse.osgi\bundles\116\1\.cp\jWinHttp-1.0.0.dll
0x000007fef9940000 - 0x000007fef99b1000 	C:\Windows\system32\WINHTTP.dll
0x000007fef98d0000 - 0x000007fef9934000 	C:\Windows\system32\webio.dll
0x000007fefda30000 - 0x000007fefda55000 	C:\Windows\system32\SspiCli.dll
0x000007fefd030000 - 0x000007fefd03a000 	C:\Windows\system32\credssp.dll
0x000007fefdd30000 - 0x000007fefdd66000 	C:\Windows\system32\CFGMGR32.dll
0x000007fefaf70000 - 0x000007fefafc4000 	C:\Windows\system32\oleacc.dll
0x000007fefdbb0000 - 0x000007fefdbc4000 	C:\Windows\system32\RpcRtRemote.dll
0x000007fefdb10000 - 0x000007fefdb67000 	C:\Windows\system32\apphelp.dll
0x000007fefb440000 - 0x000007fefb45c000 	C:\Xilinx\SDK\2015.2\lib\win64.o\librdi_hw_platform.dll
0x000007fefb410000 - 0x000007fefb432000 	C:\Xilinx\SDK\2015.2\lib\win64.o\libboost_filesystem.dll
0x000007fefb400000 - 0x000007fefb409000 	C:\Xilinx\SDK\2015.2\lib\win64.o\libboost_system.dll
0x000007feecd40000 - 0x000007feecde7000 	C:\Windows\system32\MSVCP110.dll
0x000007feece00000 - 0x000007feeced4000 	C:\Windows\system32\MSVCR110.dll
0x000007fec9960000 - 0x000007feca2a3000 	C:\Xilinx\SDK\2015.2\lib\win64.o\librdi_common.dll
0x000007fec96b0000 - 0x000007fec9958000 	C:\Xilinx\SDK\2015.2\lib\win64.o\libCOIN-all.dll
0x000007fec9490000 - 0x000007fec96b0000 	C:\Xilinx\SDK\2015.2\lib\win64.o\libXil_lmgr11.dll
0x000007fefbc80000 - 0x000007fefbc96000 	C:\Windows\system32\NETAPI32.dll
0x000007fefbc70000 - 0x000007fefbc7c000 	C:\Windows\system32\netutils.dll
0x000007fefd670000 - 0x000007fefd693000 	C:\Windows\system32\srvcli.dll
0x000007fefbc50000 - 0x000007fefbc65000 	C:\Windows\system32\wkscli.dll
0x000007fefdcf0000 - 0x000007fefdd2a000 	C:\Windows\system32\WINTRUST.dll
0x000007fefb3f0000 - 0x000007fefb400000 	C:\Xilinx\SDK\2015.2\lib\win64.o\libboost_date_time.dll
0x000007fefaa30000 - 0x000007fefaaa4000 	C:\Xilinx\SDK\2015.2\lib\win64.o\libboost_program_options.dll
0x000007feeb400000 - 0x000007feeb4fa000 	C:\Xilinx\SDK\2015.2\lib\win64.o\libboost_regex.dll
0x000007fefb1d0000 - 0x000007fefb1e3000 	C:\Xilinx\SDK\2015.2\lib\win64.o\libboost_signals.dll
0x000007fefb1b0000 - 0x000007fefb1cd000 	C:\Xilinx\SDK\2015.2\lib\win64.o\libboost_thread.dll
0x000007fefb1a0000 - 0x000007fefb1ab000 	C:\Xilinx\SDK\2015.2\lib\win64.o\libboost_chrono.dll
0x000007fefb0d0000 - 0x000007fefb150000 	C:\Xilinx\SDK\2015.2\lib\win64.o\libhdlpsolve.dll
0x000007feeef80000 - 0x000007feef01a000 	C:\Xilinx\SDK\2015.2\lib\win64.o\libhdxml.dll
0x000007fec8e80000 - 0x000007fec948a200 	C:\Xilinx\SDK\2015.2\lib\win64.o\libisl_iostreams.dll
0x000007fefb0b0000 - 0x000007fefb0c6000 	C:\Xilinx\SDK\2015.2\lib\win64.o\libboost_iostreams.dll
0x000007fefb080000 - 0x000007fefb0a3000 	C:\Xilinx\SDK\2015.2\lib\win64.o\librdizlib.dll
0x000007fefaa00000 - 0x000007fefaa23000 	C:\Xilinx\SDK\2015.2\lib\win64.o\libisl_iosutils.dll
0x000007fef70f0000 - 0x000007fef711a000 	C:\Xilinx\SDK\2015.2\lib\win64.o\libisl_sysinfo.dll
0x000007fefb060000 - 0x000007fefb075000 	C:\Xilinx\SDK\2015.2\lib\win64.o\pthreadVC2.dll
0x000007feeef20000 - 0x000007feeef74000 	C:\Xilinx\SDK\2015.2\lib\win64.o\librdi_commonxillic.dll
0x000007fecb400000 - 0x000007fecb530000 	C:\Xilinx\SDK\2015.2\lib\win64.o\librdi_curl.dll
0x000007fefa9e0000 - 0x000007fefa9f8000 	C:\Xilinx\SDK\2015.2\lib\win64.o\librdiconfig.dll
0x0000000071250000 - 0x0000000071377000 	C:\Xilinx\SDK\2015.2\lib\win64.o\tcl85t.dll
0x000000001fbe0000 - 0x000000001fe43000 	C:\Xilinx\SDK\2015.2\lib\win64.o\xerces-c_3_1.dll
0x000007feea530000 - 0x000007feea553000 	C:\Windows\system32\VCOMP110.DLL
0x000007fec8320000 - 0x000007fec8508000 	C:\Xilinx\SDK\2015.2\lib\win64.o\librdi_hsm.dll
0x000007feef050000 - 0x000007feef093000 	C:\Xilinx\SDK\2015.2\lib\win64.o\librdi_hdf.dll
0x000007fec8160000 - 0x000007fec831a000 	C:\Xilinx\SDK\2015.2\lib\win64.o\librdi_ippcw.dll
0x000007fef70e0000 - 0x000007fef70ea000 	C:\Xilinx\SDK\2015.2\lib\win64.o\librdi_jtag_settings.dll
0x000007feeeeb0000 - 0x000007feeeed9000 	C:\Xilinx\SDK\2015.2\lib\win64.o\librdi_debug_dialog.dll
0x000007fef4e80000 - 0x000007fef4e88000 	C:\Xilinx\SDK\2015.2\lib\win64.o\librdi_target_manager.dll
0x000007feeb5d0000 - 0x000007feeb60b000 	C:\Windows\system32\mlang.dll
0x000007feef570000 - 0x000007feef580000 	C:\Xilinx\SDK\2015.2\lib\win64.o\librdi_repo_manager.dll
0x000007fefb2b0000 - 0x000007fefb2b7000 	C:\Windows\system32\msimg32.dll
0x000007feef030000 - 0x000007feef046000 	C:\Xilinx\SDK\2015.2\eclipse\win64.o\plugins\org.eclipse.cdt.core.win32.x86_64_5.2.0.201402142303\os\win32\x86_64\spawner.dll
0x000007fec7d50000 - 0x000007fec815a000 	C:\Xilinx\SDK\2015.2\lib\win64.o\librdi_commontasks.dll
0x000007fec7540000 - 0x000007fec7d50000 	C:\Xilinx\SDK\2015.2\lib\win64.o\libXil_lmgr11FNP.dll
0x000007fef69b0000 - 0x000007fef69bb000 	C:\Windows\system32\snmpapi.dll
0x000007feff940000 - 0x000007feffb17000 	C:\Windows\system32\SETUPAPI.dll
0x000007fefdee0000 - 0x000007fefdefa000 	C:\Windows\system32\DEVOBJ.dll
0x000007fefb350000 - 0x000007fefb3d6000 	C:\Windows\system32\wbemcomn.dll
0x000007fef7820000 - 0x000007fef7902000 	C:\Windows\system32\wbem\fastprox.dll
0x000007fef77f0000 - 0x000007fef7817000 	C:\Windows\system32\NTDSAPI.dll

VM Arguments:
jvm_args: -Dcom.xilinx.sdk.args.hwspec=C:/Users/Tung/Desktop/vdma_hdmi_conv_v1/axi_conv_fp_3x3/axi_conv_fp_3x3.sdk/design_1_wrapper.hdf -Xms64m -Xmx512m & 
java_command: <unknown>
java_class_path (initial): C:\Xilinx\SDK\2015.2\eclipse\win64.o\\plugins/org.eclipse.equinox.launcher_1.3.0.v20130327-1440.jar
Launcher Type: generic

Environment Variables:
USERNAME=Tung
OS=Windows_NT
PROCESSOR_IDENTIFIER=Intel64 Family 6 Model 60 Stepping 3, GenuineIntel



---------------  S Y S T E M  ---------------

OS: Windows 7 , 64 bit Build 7601 Service Pack 1

CPU:total 4 (4 cores per cpu, 1 threads per core) family 6 model 60 stepping 3, cmov, cx8, fxsr, mmx, sse, sse2, sse3, ssse3, sse4.1, sse4.2, popcnt, avx, avx2, aes, clmul, erms, lzcnt, tsc, tscinvbit, bmi1, bmi2

Memory: 4k page, physical 4110972k(1537460k free), swap 8220100k(4725096k free)

vm_info: Java HotSpot(TM) 64-Bit Server VM (25.25-b02) for windows-amd64 JRE (1.8.0_25-b18), built on Oct  7 2014 14:25:37 by "java_re" with MS VC++ 10.0 (VS2010)

time: Tue Aug 21 11:22:00 2018
elapsed time: 746 seconds (0d 0h 12m 26s)

