#
# A fatal error has been detected by the Java Runtime Environment:
#
#  EXCEPTION_UNCAUGHT_CXX_EXCEPTION (0xe06d7363) at pc=0x000007fefd2ca49d, pid=3584, tid=1728
#
# JRE version: Java(TM) SE Runtime Environment (8.0_25-b18) (build 1.8.0_25-b18)
# Java VM: Java HotSpot(TM) 64-Bit Server VM (25.25-b02 mixed mode windows-amd64 compressed oops)
# Problematic frame:
# C  [KERNELBASE.dll+0xa49d]
#
# Failed to write core dump. Minidumps are not enabled by default on client versions of Windows
#
# If you would like to submit a bug report, please visit:
#   http://bugreport.sun.com/bugreport/crash.jsp
#

---------------  T H R E A D  ---------------

Current thread (0x0000000013a36000):  VMThread [stack: 0x0000000014aa0000,0x0000000014ba0000] [id=1728]

siginfo: ExceptionCode=0xe06d7363, ExceptionInformation=0x0000000019930520 0x0000000014b9f468 0x000007feea5a2cb8 0x000007feea4f0000 

Registers:
RAX=0x0000000063a8eeb7, RBX=0x000007feea5a2cb8, RCX=0x0000000014b9ecb0, RDX=0x00000000000000d0
RSP=0x0000000014b9f2c0, RBP=0x0000000014b9f3f0, RSI=0x00000000ffffffff, RDI=0x000000002516c660
R8 =0x0000000000000000, R9 =0x0000000000000000, R10=0x000007feea4f0000, R11=0x0000000014b9f300
R12=0x0000000000000001, R13=0x0000000000000008, R14=0x0000000000000000, R15=0xffffffffffffffff
RIP=0x000007fefd2ca49d, EFLAGS=0x0000000000000206

Top of Stack: (sp=0x0000000014b9f2c0)
0x0000000014b9f2c0:   000007feea5a2cb8 00000000ffffffff
0x0000000014b9f2d0:   000000002516c660 000000000033ff80
0x0000000014b9f2e0:   00000001e06d7363 0000000000000000
0x0000000014b9f2f0:   000007fefd2ca49d 000007fe00000004
0x0000000014b9f300:   0000000019930520 0000000014b9f468
0x0000000014b9f310:   000007feea5a2cb8 000007feea4f0000
0x0000000014b9f320:   0000000000000000 0000000014b9f3a8
0x0000000014b9f330:   0000000000000028 000000002516c650
0x0000000014b9f340:   00000000003d8aa0 0000000000000000
0x0000000014b9f350:   000007fffffd3000 00000000772b5133
0x0000000014b9f360:   0000000000000000 0000000000000008
0x0000000014b9f370:   0000000000000001 000000002516c660
0x0000000014b9f380:   00000000ffffffff 000007feea54e92c
0x0000000014b9f390:   000007feea5a2cb8 0000000014b9f400
0x0000000014b9f3a0:   0000000000000001 000007feea4f00f8
0x0000000014b9f3b0:   00000001e06d7363 0000000000000000 

Instructions: (pc=0x000007fefd2ca49d)
0x000007fefd2ca47d:   54 24 24 48 89 4c 24 28 4d 85 c9 0f 85 a0 04 00
0x000007fefd2ca48d:   00 89 4c 24 38 48 8d 4c 24 20 ff 15 23 fe 03 00
0x000007fefd2ca49d:   48 81 c4 c8 00 00 00 c3 48 85 f6 74 08 83 3b 00
0x000007fefd2ca4ad:   76 03 66 89 16 bd 01 00 00 00 3b fd 0f 84 d6 02 


Register to memory mapping:

RAX=0x0000000063a8eeb7 is an unknown value
RBX=0x000007feea5a2cb8 is an unknown value
RCX=0x0000000014b9ecb0 is an unknown value
RDX=0x00000000000000d0 is an unknown value
RSP=0x0000000014b9f2c0 is an unknown value
RBP=0x0000000014b9f3f0 is an unknown value
RSI=0x00000000ffffffff is an unallocated location in the heap
RDI=0x000000002516c660 is an unknown value
R8 =0x0000000000000000 is an unknown value
R9 =0x0000000000000000 is an unknown value
R10=0x000007feea4f0000 is an unknown value
R11=0x0000000014b9f300 is an unknown value
R12=0x0000000000000001 is an unknown value
R13=0x0000000000000008 is an unknown value
R14=0x0000000000000000 is an unknown value
R15=0xffffffffffffffff is an unknown value


Stack: [0x0000000014aa0000,0x0000000014ba0000],  sp=0x0000000014b9f2c0,  free space=1020k
Native frames: (J=compiled Java code, j=interpreted, Vv=VM code, C=native code)
C  [KERNELBASE.dll+0xa49d]
C  [MSVCR110.dll+0x5e92c]
C  [MSVCR110.dll+0x1315c]
C  [MSVCR110.dll+0x136a9]
C  [MSVCR110.dll+0x13e9c]
C  [MSVCR110.dll+0x239e]
C  [MSVCR110.dll+0xaf9e]
C  [MSVCP110.dll+0x397b9]
C  [librdi_common.dll+0x135d02]
C  [librdi_common.dll+0x13447b]
C  [librdi_commontasks.dll+0x1cc33c]
C  [librdi_commontasks.dll+0x1cc5be]
C  [ntdll.dll+0x24371]
C  [ntdll.dll+0x24180]
C  [MSVCR100.dll+0x20ccd]
V  [jvm.dll+0x1f9c55]
V  [jvm.dll+0x2325e7]
V  [jvm.dll+0x231826]
V  [jvm.dll+0x231cc1]
V  [jvm.dll+0x231ede]
V  [jvm.dll+0x2852fa]
C  [MSVCR100.dll+0x21d9f]
C  [MSVCR100.dll+0x21e3b]
C  [kernel32.dll+0x1652d]
C  [ntdll.dll+0x2c521]

VM_Operation (0x000000000012f500): Exit, mode: safepoint, requested by thread 0x0000000002618000


---------------  P R O C E S S  ---------------

Java Threads: ( => current thread )
  0x0000000019092000 JavaThread "TCF Locator DNS Lookup" daemon [_thread_blocked, id=1344, stack(0x000000001bff0000,0x000000001c0f0000)]
  0x0000000019091800 JavaThread "TCF Locator Timer" daemon [_thread_blocked, id=4000, stack(0x000000001bef0000,0x000000001bff0000)]
  0x0000000019090800 JavaThread "TCF Locator Receiver" daemon [_thread_in_native, id=3344, stack(0x000000001bdf0000,0x000000001bef0000)]
  0x000000001908f000 JavaThread "TCF Timer Dispatcher" daemon [_thread_blocked, id=3700, stack(0x000000001bbf0000,0x000000001bcf0000)]
  0x0000000019087000 JavaThread "EMF Reference Cleaner" daemon [_thread_blocked, id=2684, stack(0x00000000198f0000,0x00000000199f0000)]
  0x0000000015011800 JavaThread "Service Thread" daemon [_thread_blocked, id=1668, stack(0x00000000156a0000,0x00000000157a0000)]
  0x0000000014fa3800 JavaThread "C1 CompilerThread2" daemon [_thread_blocked, id=3864, stack(0x00000000155a0000,0x00000000156a0000)]
  0x0000000014fa2800 JavaThread "C2 CompilerThread1" daemon [_thread_blocked, id=1440, stack(0x00000000154a0000,0x00000000155a0000)]
  0x0000000013aad000 JavaThread "C2 CompilerThread0" daemon [_thread_blocked, id=3088, stack(0x00000000153a0000,0x00000000154a0000)]
  0x0000000013aaa000 JavaThread "Attach Listener" daemon [_thread_blocked, id=1840, stack(0x0000000014ea0000,0x0000000014fa0000)]
  0x0000000013aa9000 JavaThread "Signal Dispatcher" daemon [_thread_blocked, id=1052, stack(0x0000000014da0000,0x0000000014ea0000)]
  0x0000000013a47000 JavaThread "Finalizer" daemon [_thread_blocked, id=1672, stack(0x0000000014ca0000,0x0000000014da0000)]
  0x0000000013a3e000 JavaThread "Reference Handler" daemon [_thread_blocked, id=1736, stack(0x0000000014ba0000,0x0000000014ca0000)]
  0x0000000002618000 JavaThread "main" [_thread_blocked, id=1620, stack(0x0000000000030000,0x0000000000130000)]

Other Threads:
=>0x0000000013a36000 VMThread [stack: 0x0000000014aa0000,0x0000000014ba0000] [id=1728]

VM state:at safepoint (shutting down)

VM Mutex/Monitor currently owned by a thread:  ([mutex/lock_event])
[0x00000000025ddf20] Threads_lock - owner thread: 0x0000000013a36000

Heap:
 PSYoungGen      total 134144K, used 25015K [0x00000000f5580000, 0x00000000fef00000, 0x0000000100000000)
  eden space 111104K, 22% used [0x00000000f5580000,0x00000000f6dedd38,0x00000000fc200000)
  from space 23040K, 0% used [0x00000000fd880000,0x00000000fd880000,0x00000000fef00000)
  to   space 23040K, 0% used [0x00000000fc200000,0x00000000fc200000,0x00000000fd880000)
 ParOldGen       total 81920K, used 45551K [0x00000000e0000000, 0x00000000e5000000, 0x00000000f5580000)
  object space 81920K, 55% used [0x00000000e0000000,0x00000000e2c7be20,0x00000000e5000000)
 Metaspace       used 73442K, capacity 78658K, committed 78808K, reserved 1118208K
  class space    used 9032K, capacity 10678K, committed 10712K, reserved 1048576K

Card table byte_map: [0x0000000011aa0000,0x0000000011bb0000] byte_map_base: 0x00000000113a0000

Marking Bits: (ParMarkBitMap*) 0x000000006ed2d490
 Begin Bits: [0x0000000011fb0000, 0x00000000127b0000)
 End Bits:   [0x00000000127b0000, 0x0000000012fb0000)

Polling page: 0x0000000000230000

CodeCache: size=245760Kb used=26043Kb max_used=26044Kb free=219716Kb
 bounds [0x00000000026e0000, 0x0000000004080000, 0x00000000116e0000]
 total_blobs=8338 nmethods=7501 adapters=745
 compilation: enabled

Compilation events (10 events):
Event: 206.262 Thread 0x0000000014fa3800 9031       1       org.eclipse.osgi.internal.loader.BundleLoaderProxy::getBundleData (5 bytes)
Event: 206.262 Thread 0x0000000014fa3800 nmethod 9031 0x000000000322a990 code [0x000000000322aae0, 0x000000000322abf0]
Event: 206.265 Thread 0x0000000014fa3800 9036       3       java.io.File::list (33 bytes)
Event: 206.265 Thread 0x0000000014fa3800 nmethod 9036 0x00000000031eaa90 code [0x00000000031eac60, 0x00000000031eb388]
Event: 206.267 Thread 0x0000000014fa2800 9037       4       java.io.File::<init> (113 bytes)
Event: 206.270 Thread 0x0000000014fa2800 nmethod 9037 0x0000000002825610 code [0x00000000028257a0, 0x0000000002825b80]
Event: 206.279 Thread 0x0000000014fa3800 9038   !   3       org.eclipse.osgi.internal.baseadaptor.BaseStorage::compact (215 bytes)
Event: 206.280 Thread 0x0000000014fa3800 nmethod 9038 0x0000000004079f90 code [0x000000000407a3c0, 0x000000000407c828]
Event: 206.283 Thread 0x0000000014fa3800 9039       3       org.eclipse.osgi.framework.internal.core.AbstractBundle::close (52 bytes)
Event: 206.283 Thread 0x0000000014fa3800 nmethod 9039 0x0000000003762650 code [0x0000000003762880, 0x0000000003763568]

GC Heap History (10 events):
Event: 64.149 GC heap before
{Heap before GC invocations=16 (full 4):
 PSYoungGen      total 134144K, used 13965K [0x00000000f5580000, 0x00000000fef00000, 0x0000000100000000)
  eden space 111104K, 0% used [0x00000000f5580000,0x00000000f5580000,0x00000000fc200000)
  from space 23040K, 60% used [0x00000000fd880000,0x00000000fe623730,0x00000000fef00000)
  to   space 23040K, 0% used [0x00000000fc200000,0x00000000fc200000,0x00000000fd880000)
 ParOldGen       total 81920K, used 27948K [0x00000000e0000000, 0x00000000e5000000, 0x00000000f5580000)
  object space 81920K, 34% used [0x00000000e0000000,0x00000000e1b4b310,0x00000000e5000000)
 Metaspace       used 68768K, capacity 74132K, committed 74328K, reserved 1114112K
  class space    used 8557K, capacity 10220K, committed 10328K, reserved 1048576K
Event: 64.382 GC heap after
Heap after GC invocations=16 (full 4):
 PSYoungGen      total 134144K, used 0K [0x00000000f5580000, 0x00000000fef00000, 0x0000000100000000)
  eden space 111104K, 0% used [0x00000000f5580000,0x00000000f5580000,0x00000000fc200000)
  from space 23040K, 0% used [0x00000000fd880000,0x00000000fd880000,0x00000000fef00000)
  to   space 23040K, 0% used [0x00000000fc200000,0x00000000fc200000,0x00000000fd880000)
 ParOldGen       total 81920K, used 41332K [0x00000000e0000000, 0x00000000e5000000, 0x00000000f5580000)
  object space 81920K, 50% used [0x00000000e0000000,0x00000000e285d250,0x00000000e5000000)
 Metaspace       used 68768K, capacity 74132K, committed 74328K, reserved 1114112K
  class space    used 8557K, capacity 10220K, committed 10328K, reserved 1048576K
}
Event: 124.151 GC heap before
{Heap before GC invocations=17 (full 4):
 PSYoungGen      total 134144K, used 74526K [0x00000000f5580000, 0x00000000fef00000, 0x0000000100000000)
  eden space 111104K, 67% used [0x00000000f5580000,0x00000000f9e47a50,0x00000000fc200000)
  from space 23040K, 0% used [0x00000000fd880000,0x00000000fd880000,0x00000000fef00000)
  to   space 23040K, 0% used [0x00000000fc200000,0x00000000fc200000,0x00000000fd880000)
 ParOldGen       total 81920K, used 41332K [0x00000000e0000000, 0x00000000e5000000, 0x00000000f5580000)
  object space 81920K, 50% used [0x00000000e0000000,0x00000000e285d250,0x00000000e5000000)
 Metaspace       used 69541K, capacity 74970K, committed 75096K, reserved 1114112K
  class space    used 8601K, capacity 10285K, committed 10328K, reserved 1048576K
Event: 124.154 GC heap after
Heap after GC invocations=17 (full 4):
 PSYoungGen      total 134144K, used 2816K [0x00000000f5580000, 0x00000000fef00000, 0x0000000100000000)
  eden space 111104K, 0% used [0x00000000f5580000,0x00000000f5580000,0x00000000fc200000)
  from space 23040K, 12% used [0x00000000fc200000,0x00000000fc4c0010,0x00000000fd880000)
  to   space 23040K, 0% used [0x00000000fd880000,0x00000000fd880000,0x00000000fef00000)
 ParOldGen       total 81920K, used 41340K [0x00000000e0000000, 0x00000000e5000000, 0x00000000f5580000)
  object space 81920K, 50% used [0x00000000e0000000,0x00000000e285f250,0x00000000e5000000)
 Metaspace       used 69541K, capacity 74970K, committed 75096K, reserved 1114112K
  class space    used 8601K, capacity 10285K, committed 10328K, reserved 1048576K
}
Event: 124.154 GC heap before
{Heap before GC invocations=18 (full 5):
 PSYoungGen      total 134144K, used 2816K [0x00000000f5580000, 0x00000000fef00000, 0x0000000100000000)
  eden space 111104K, 0% used [0x00000000f5580000,0x00000000f5580000,0x00000000fc200000)
  from space 23040K, 12% used [0x00000000fc200000,0x00000000fc4c0010,0x00000000fd880000)
  to   space 23040K, 0% used [0x00000000fd880000,0x00000000fd880000,0x00000000fef00000)
 ParOldGen       total 81920K, used 41340K [0x00000000e0000000, 0x00000000e5000000, 0x00000000f5580000)
  object space 81920K, 50% used [0x00000000e0000000,0x00000000e285f250,0x00000000e5000000)
 Metaspace       used 69541K, capacity 74970K, committed 75096K, reserved 1114112K
  class space    used 8601K, capacity 10285K, committed 10328K, reserved 1048576K
Event: 124.377 GC heap after
Heap after GC invocations=18 (full 5):
 PSYoungGen      total 134144K, used 0K [0x00000000f5580000, 0x00000000fef00000, 0x0000000100000000)
  eden space 111104K, 0% used [0x00000000f5580000,0x00000000f5580000,0x00000000fc200000)
  from space 23040K, 0% used [0x00000000fc200000,0x00000000fc200000,0x00000000fd880000)
  to   space 23040K, 0% used [0x00000000fd880000,0x00000000fd880000,0x00000000fef00000)
 ParOldGen       total 81920K, used 42261K [0x00000000e0000000, 0x00000000e5000000, 0x00000000f5580000)
  object space 81920K, 51% used [0x00000000e0000000,0x00000000e2945788,0x00000000e5000000)
 Metaspace       used 69541K, capacity 74970K, committed 75096K, reserved 1114112K
  class space    used 8601K, capacity 10285K, committed 10328K, reserved 1048576K
}
Event: 184.163 GC heap before
{Heap before GC invocations=19 (full 5):
 PSYoungGen      total 134144K, used 92316K [0x00000000f5580000, 0x00000000fef00000, 0x0000000100000000)
  eden space 111104K, 83% used [0x00000000f5580000,0x00000000fafa7078,0x00000000fc200000)
  from space 23040K, 0% used [0x00000000fc200000,0x00000000fc200000,0x00000000fd880000)
  to   space 23040K, 0% used [0x00000000fd880000,0x00000000fd880000,0x00000000fef00000)
 ParOldGen       total 81920K, used 42261K [0x00000000e0000000, 0x00000000e5000000, 0x00000000f5580000)
  object space 81920K, 51% used [0x00000000e0000000,0x00000000e2945788,0x00000000e5000000)
 Metaspace       used 72238K, capacity 77600K, committed 77912K, reserved 1116160K
  class space    used 8898K, capacity 10516K, committed 10584K, reserved 1048576K
Event: 184.168 GC heap after
Heap after GC invocations=19 (full 5):
 PSYoungGen      total 134144K, used 5149K [0x00000000f5580000, 0x00000000fef00000, 0x0000000100000000)
  eden space 111104K, 0% used [0x00000000f5580000,0x00000000f5580000,0x00000000fc200000)
  from space 23040K, 22% used [0x00000000fd880000,0x00000000fdd87678,0x00000000fef00000)
  to   space 23040K, 0% used [0x00000000fc200000,0x00000000fc200000,0x00000000fd880000)
 ParOldGen       total 81920K, used 42269K [0x00000000e0000000, 0x00000000e5000000, 0x00000000f5580000)
  object space 81920K, 51% used [0x00000000e0000000,0x00000000e2947788,0x00000000e5000000)
 Metaspace       used 72238K, capacity 77600K, committed 77912K, reserved 1116160K
  class space    used 8898K, capacity 10516K, committed 10584K, reserved 1048576K
}
Event: 184.168 GC heap before
{Heap before GC invocations=20 (full 6):
 PSYoungGen      total 134144K, used 5149K [0x00000000f5580000, 0x00000000fef00000, 0x0000000100000000)
  eden space 111104K, 0% used [0x00000000f5580000,0x00000000f5580000,0x00000000fc200000)
  from space 23040K, 22% used [0x00000000fd880000,0x00000000fdd87678,0x00000000fef00000)
  to   space 23040K, 0% used [0x00000000fc200000,0x00000000fc200000,0x00000000fd880000)
 ParOldGen       total 81920K, used 42269K [0x00000000e0000000, 0x00000000e5000000, 0x00000000f5580000)
  object space 81920K, 51% used [0x00000000e0000000,0x00000000e2947788,0x00000000e5000000)
 Metaspace       used 72238K, capacity 77600K, committed 77912K, reserved 1116160K
  class space    used 8898K, capacity 10516K, committed 10584K, reserved 1048576K
Event: 184.394 GC heap after
Heap after GC invocations=20 (full 6):
 PSYoungGen      total 134144K, used 0K [0x00000000f5580000, 0x00000000fef00000, 0x0000000100000000)
  eden space 111104K, 0% used [0x00000000f5580000,0x00000000f5580000,0x00000000fc200000)
  from space 23040K, 0% used [0x00000000fd880000,0x00000000fd880000,0x00000000fef00000)
  to   space 23040K, 0% used [0x00000000fc200000,0x00000000fc200000,0x00000000fd880000)
 ParOldGen       total 81920K, used 45551K [0x00000000e0000000, 0x00000000e5000000, 0x00000000f5580000)
  object space 81920K, 55% used [0x00000000e0000000,0x00000000e2c7be20,0x00000000e5000000)
 Metaspace       used 72238K, capacity 77600K, committed 77912K, reserved 1116160K
  class space    used 8898K, capacity 10516K, committed 10584K, reserved 1048576K
}

Deoptimization events (10 events):
Event: 205.582 Thread 0x0000000002618000 Uncommon trap: reason=null_check action=make_not_entrant pc=0x0000000003fcf464 method=org.eclipse.emf.ecore.impl.EClassImpl$1EAllStructuralFeaturesList.init()V @ 37
Event: 205.595 Thread 0x0000000002618000 Uncommon trap: reason=unreached action=reinterpret pc=0x0000000002ce82dc method=org.eclipse.e4.ui.internal.workbench.swt.PartRenderingEngine.someAreVisible(Ljava/util/List;)Z @ 41
Event: 205.604 Thread 0x0000000002618000 Uncommon trap: reason=class_check action=maybe_recompile pc=0x0000000002ccd148 method=org.eclipse.emf.common.util.BasicEMap.ensureEntryDataExists()V @ 37
Event: 205.607 Thread 0x0000000002618000 Uncommon trap: reason=unreached action=reinterpret pc=0x000000000324220c method=org.eclipse.e4.ui.model.application.ui.impl.UIElementImpl.eIsSet(I)Z @ 184
Event: 205.637 Thread 0x0000000002618000 Uncommon trap: reason=unreached action=reinterpret pc=0x000000000400e7cc method=org.eclipse.emf.ecore.xmi.impl.StringSegment.writeAscii(Ljava/io/OutputStream;I)V @ 117
Event: 205.659 Thread 0x0000000002618000 Uncommon trap: reason=bimorphic action=maybe_recompile pc=0x0000000003ff6dd8 method=org.eclipse.e4.core.internal.contexts.ContextObjectSupplier$ContextInjectionListener.update(Lorg/eclipse/e4/core/contexts/IEclipseContext;I[Ljava/lang/Object;)Z @ 189
Event: 205.659 Thread 0x0000000002618000 Uncommon trap: reason=bimorphic action=maybe_recompile pc=0x0000000003ff6dd8 method=org.eclipse.e4.core.internal.contexts.ContextObjectSupplier$ContextInjectionListener.update(Lorg/eclipse/e4/core/contexts/IEclipseContext;I[Ljava/lang/Object;)Z @ 189
Event: 205.659 Thread 0x0000000002618000 Uncommon trap: reason=bimorphic action=maybe_recompile pc=0x0000000003ff6dd8 method=org.eclipse.e4.core.internal.contexts.ContextObjectSupplier$ContextInjectionListener.update(Lorg/eclipse/e4/core/contexts/IEclipseContext;I[Ljava/lang/Object;)Z @ 189
Event: 205.659 Thread 0x0000000002618000 Uncommon trap: reason=bimorphic action=maybe_recompile pc=0x0000000003ff6dd8 method=org.eclipse.e4.core.internal.contexts.ContextObjectSupplier$ContextInjectionListener.update(Lorg/eclipse/e4/core/contexts/IEclipseContext;I[Ljava/lang/Object;)Z @ 189
Event: 206.227 Thread 0x0000000002618000 Uncommon trap: reason=null_check action=make_not_entrant pc=0x00000000030aaafc method=org.eclipse.core.runtime.internal.adaptor.EclipseLazyStarter.shouldActivateFor(Ljava/lang/String;Lorg/eclipse/osgi/baseadaptor/BaseData;Lorg/eclipse/core/runtime/internal

Internal exceptions (10 events):
Event: 205.449 Thread 0x0000000016e80000 Exception <a 'sun/net/ConnectionResetException': > (0x00000000f5a23a30) thrown at [D:\re\workspace\8-2-build-windows-amd64-cygwin\jdk8u25\1677\hotspot\src\share\vm\prims\jni.cpp, line 742]
Event: 205.449 Thread 0x0000000016e80800 Exception <a 'java/net/SocketException': Connection reset by peer: socket write error> (0x00000000f5a4eb08) thrown at [D:\re\workspace\8-2-build-windows-amd64-cygwin\jdk8u25\1677\hotspot\src\share\vm\prims\jni.cpp, line 742]
Event: 205.454 Thread 0x0000000016e80800 Exception <a 'java/net/SocketException': Socket closed> (0x00000000f5cb2ff8) thrown at [D:\re\workspace\8-2-build-windows-amd64-cygwin\jdk8u25\1677\hotspot\src\share\vm\prims\jni.cpp, line 742]
Event: 205.456 Thread 0x0000000019094800 Exception <a 'java/lang/InterruptedException'> (0x00000000f5d2e690) thrown at [D:\re\workspace\8-2-build-windows-amd64-cygwin\jdk8u25\1677\hotspot\src\share\vm\runtime\objectMonitor.cpp, line 1682]
Event: 205.493 Thread 0x0000000002618000 Implicit null exception at 0x0000000003afcc29 to 0x0000000003b01869
Event: 206.227 Thread 0x0000000002618000 Implicit null exception at 0x00000000030a96b7 to 0x00000000030aaaf1
Event: 206.260 Thread 0x0000000016381800 Exception <a 'java/lang/InterruptedException': sleep interrupted> (0x00000000f6c13808) thrown at [D:\re\workspace\8-2-build-windows-amd64-cygwin\jdk8u25\1677\hotspot\src\share\vm\prims\jvm.cpp, line 3141]
Event: 206.261 Thread 0x0000000019089000 Exception <a 'java/lang/InterruptedException'> (0x00000000f6ac2ae0) thrown at [D:\re\workspace\8-2-build-windows-amd64-cygwin\jdk8u25\1677\hotspot\src\share\vm\runtime\objectMonitor.cpp, line 1682]
Event: 206.261 Thread 0x00000000162da800 Exception <a 'java/lang/InterruptedException'> (0x00000000f6d293d8) thrown at [D:\re\workspace\8-2-build-windows-amd64-cygwin\jdk8u25\1677\hotspot\src\share\vm\runtime\objectMonitor.cpp, line 1682]
Event: 206.283 Thread 0x0000000016081000 Exception <a 'java/lang/InterruptedException'> (0x00000000f6afbf40) thrown at [D:\re\workspace\8-2-build-windows-amd64-cygwin\jdk8u25\1677\hotspot\src\share\vm\runtime\objectMonitor.cpp, line 1682]

Events (10 events):
Event: 206.283 Thread 0x0000000016081000 Thread exited: 0x0000000016081000
Event: 206.283 loading class java/util/IdentityHashMap$KeyIterator
Event: 206.283 loading class java/util/IdentityHashMap$IdentityHashMapIterator
Event: 206.283 loading class java/util/IdentityHashMap$IdentityHashMapIterator done
Event: 206.283 Thread 0x0000000015de4800 Thread exited: 0x0000000015de4800
Event: 206.283 loading class java/util/IdentityHashMap$KeyIterator done
Event: 206.283 Thread 0x0000000019089000 Thread added: 0x0000000019089000
Event: 206.283 Thread 0x0000000014fa3800 flushing nmethod 0x0000000003500950
Event: 206.284 Thread 0x0000000019089000 Thread exited: 0x0000000019089000
Event: 206.284 Executing VM operation: Exit


Dynamic libraries:
0x0000000000400000 - 0x000000000044f000 	C:\Xilinx\SDK\2015.2\eclipse\win64.o\eclipse.exe
0x0000000077260000 - 0x0000000077409000 	C:\Windows\SYSTEM32\ntdll.dll
0x0000000077140000 - 0x000000007725f000 	C:\Windows\system32\kernel32.dll
0x000007fefd2c0000 - 0x000007fefd32b000 	C:\Windows\system32\KERNELBASE.dll
0x0000000077040000 - 0x000000007713a000 	C:\Windows\system32\USER32.dll
0x000007fefda70000 - 0x000007fefdad7000 	C:\Windows\system32\GDI32.dll
0x000007fefd800000 - 0x000007fefd80e000 	C:\Windows\system32\LPK.dll
0x000007feff3c0000 - 0x000007feff489000 	C:\Windows\system32\USP10.dll
0x000007fefd5e0000 - 0x000007fefd67f000 	C:\Windows\system32\msvcrt.dll
0x000007fefba70000 - 0x000007fefbc64000 	C:\Windows\WinSxS\amd64_microsoft.windows.common-controls_6595b64144ccf1df_6.0.7601.17514_none_fa396087175ac9ac\COMCTL32.dll
0x000007feff4e0000 - 0x000007feff551000 	C:\Windows\system32\SHLWAPI.dll
0x000007feff390000 - 0x000007feff3be000 	C:\Windows\system32\IMM32.DLL
0x000007fefdae0000 - 0x000007fefdbe9000 	C:\Windows\system32\MSCTF.dll
0x0000000072000000 - 0x0000000072012000 	C:\Xilinx\SDK\2015.2\eclipse\win64.o\plugins\org.eclipse.equinox.launcher.win32.win32.x86_64_1.1.200.v20140116-2212\eclipse_1503.dll
0x000007fefd8b0000 - 0x000007fefd98b000 	C:\Windows\system32\ADVAPI32.dll
0x000007fefdc70000 - 0x000007fefdc8f000 	C:\Windows\SYSTEM32\sechost.dll
0x000007feff260000 - 0x000007feff38d000 	C:\Windows\system32\RPCRT4.dll
0x000007fefc310000 - 0x000007fefc31c000 	C:\Windows\system32\VERSION.dll
0x000007fefbf60000 - 0x000007fefbfb6000 	C:\Windows\system32\uxtheme.dll
0x000000006e550000 - 0x000000006edaa000 	C:\Xilinx\SDK\2015.2\tps\win64\jre\bin\server\jvm.dll
0x000007fef0f30000 - 0x000007fef0f39000 	C:\Windows\system32\WSOCK32.dll
0x000007feff490000 - 0x000007feff4dd000 	C:\Windows\system32\WS2_32.dll
0x000007feff560000 - 0x000007feff568000 	C:\Windows\system32\NSI.dll
0x000007fefaa40000 - 0x000007fefaa7b000 	C:\Windows\system32\WINMM.dll
0x0000000077430000 - 0x0000000077437000 	C:\Windows\system32\PSAPI.DLL
0x0000000072990000 - 0x0000000072a62000 	C:\Windows\system32\MSVCR100.dll
0x0000000074470000 - 0x000000007447f000 	C:\Xilinx\SDK\2015.2\tps\win64\jre\bin\verify.dll
0x0000000074440000 - 0x0000000074468000 	C:\Xilinx\SDK\2015.2\tps\win64\jre\bin\java.dll
0x0000000074420000 - 0x0000000074436000 	C:\Xilinx\SDK\2015.2\tps\win64\jre\bin\zip.dll
0x000007fefdfd0000 - 0x000007fefed58000 	C:\Windows\system32\SHELL32.dll
0x000007fefdc90000 - 0x000007fefde93000 	C:\Windows\system32\ole32.dll
0x000007fefd1b0000 - 0x000007fefd1bf000 	C:\Windows\system32\profapi.dll
0x000007fefca40000 - 0x000007fefca57000 	C:\Windows\system32\CRYPTSP.dll
0x000007fefc740000 - 0x000007fefc787000 	C:\Windows\system32\rsaenh.dll
0x000007fefc500000 - 0x000007fefc51e000 	C:\Windows\system32\USERENV.dll
0x000007fefd080000 - 0x000007fefd08f000 	C:\Windows\system32\CRYPTBASE.dll
0x0000000074400000 - 0x000000007441a000 	C:\Xilinx\SDK\2015.2\tps\win64\jre\bin\net.dll
0x000007fefc9e0000 - 0x000007fefca35000 	C:\Windows\system32\mswsock.dll
0x000007fefc9d0000 - 0x000007fefc9d7000 	C:\Windows\System32\wship6.dll
0x000007fefa8e0000 - 0x000007fefa907000 	C:\Windows\system32\IPHLPAPI.DLL
0x000007fefa8d0000 - 0x000007fefa8db000 	C:\Windows\system32\WINNSI.DLL
0x000007fefa210000 - 0x000007fefa221000 	C:\Windows\system32\dhcpcsvc6.DLL
0x000007fefa720000 - 0x000007fefa738000 	C:\Windows\system32\dhcpcsvc.DLL
0x00000000743b0000 - 0x00000000743c1000 	C:\Xilinx\SDK\2015.2\tps\win64\jre\bin\nio.dll
0x000007feff1c0000 - 0x000007feff259000 	C:\Windows\system32\CLBCatQ.DLL
0x000007fefd990000 - 0x000007fefda67000 	C:\Windows\system32\OLEAUT32.dll
0x000007fefb010000 - 0x000007fefb025000 	C:\Windows\system32\NLAapi.dll
0x000007fef3170000 - 0x000007fef3185000 	C:\Windows\system32\napinsp.dll
0x000007fef0f50000 - 0x000007fef0f69000 	C:\Windows\system32\pnrpnsp.dll
0x000007fefc860000 - 0x000007fefc8bb000 	C:\Windows\system32\DNSAPI.dll
0x000007fef0f40000 - 0x000007fef0f4b000 	C:\Windows\System32\winrnr.dll
0x000007fefc3e0000 - 0x000007fefc3e7000 	C:\Windows\System32\wshtcpip.dll
0x000007fef7ec0000 - 0x000007fef7ec8000 	C:\Windows\system32\rasadhlp.dll
0x000007fefa7c0000 - 0x000007fefa813000 	C:\Windows\System32\fwpuclnt.dll
0x0000000016430000 - 0x00000000164d8000 	C:\Users\Tung\.Xilinx\SDK\2015.2\org.eclipse.osgi\bundles\287\1\.cp\swt-win32-4335.dll
0x000007fefd810000 - 0x000007fefd8a7000 	C:\Windows\system32\comdlg32.dll
0x000007fefa920000 - 0x000007fefa991000 	C:\Windows\system32\WINSPOOL.DRV
0x000007fefdea0000 - 0x000007fefdfca000 	C:\Windows\system32\WININET.dll
0x000007fefd680000 - 0x000007fefd7f8000 	C:\Windows\system32\urlmon.dll
0x000007fefd330000 - 0x000007fefd497000 	C:\Windows\system32\CRYPT32.dll
0x000007fefd250000 - 0x000007fefd25f000 	C:\Windows\system32\MSASN1.dll
0x000007fefed60000 - 0x000007fefefb9000 	C:\Windows\system32\iertutil.dll
0x000007fefb3b0000 - 0x000007fefb3c8000 	C:\Windows\system32\dwmapi.dll
0x000007fefb940000 - 0x000007fefba6c000 	C:\Windows\system32\propsys.dll
0x0000000002460000 - 0x000000000247e000 	C:\Users\Tung\.Xilinx\SDK\2015.2\org.eclipse.osgi\bundles\287\1\.cp\swt-gdip-win32-4335.dll
0x000007fefb6f0000 - 0x000007fefb905000 	C:\Windows\WinSxS\amd64_microsoft.windows.gdiplus_6595b64144ccf1df_1.1.7601.17514_none_2b24536c71ed437a\gdiplus.dll
0x000007fefb240000 - 0x000007fefb36a000 	C:\Windows\system32\WindowsCodecs.dll
0x0000000180000000 - 0x0000000180012000 	C:\Users\Tung\.Xilinx\SDK\2015.2\org.eclipse.osgi\bundles\113\1\.cp\os\win32\x86_64\localfile_1_0_0.dll
0x000007fef9070000 - 0x000007fef9081000 	C:\Users\Tung\.Xilinx\SDK\2015.2\org.eclipse.osgi\bundles\116\1\.cp\jWinHttp-1.0.0.dll
0x000007fef5d90000 - 0x000007fef5e01000 	C:\Windows\system32\WINHTTP.dll
0x000007fef5d20000 - 0x000007fef5d84000 	C:\Windows\system32\webio.dll
0x000007fefd050000 - 0x000007fefd075000 	C:\Windows\system32\SspiCli.dll
0x000007fefc610000 - 0x000007fefc61a000 	C:\Windows\system32\credssp.dll
0x000007fefd280000 - 0x000007fefd2b6000 	C:\Windows\system32\CFGMGR32.dll
0x000007fefabf0000 - 0x000007fefac44000 	C:\Windows\system32\oleacc.dll
0x000007fefd190000 - 0x000007fefd1a4000 	C:\Windows\system32\RpcRtRemote.dll
0x000007fefd130000 - 0x000007fefd187000 	C:\Windows\system32\apphelp.dll
0x000007fef14d0000 - 0x000007fef14e0000 	C:\Xilinx\SDK\2015.2\lib\win64.o\librdi_repo_manager.dll
0x000007feeddc0000 - 0x000007feeddea000 	C:\Xilinx\SDK\2015.2\lib\win64.o\libisl_sysinfo.dll
0x000007feea4f0000 - 0x000007feea5c4000 	C:\Windows\system32\MSVCR110.dll
0x000007feebae0000 - 0x000007feebb87000 	C:\Windows\system32\MSVCP110.dll
0x000007fec8f30000 - 0x000007fec9873000 	C:\Xilinx\SDK\2015.2\lib\win64.o\librdi_common.dll
0x000007fecb6e0000 - 0x000007fecb988000 	C:\Xilinx\SDK\2015.2\lib\win64.o\libCOIN-all.dll
0x000007fec8d10000 - 0x000007fec8f30000 	C:\Xilinx\SDK\2015.2\lib\win64.o\libXil_lmgr11.dll
0x000007fefb0b0000 - 0x000007fefb0c6000 	C:\Windows\system32\NETAPI32.dll
0x000007fefb0a0000 - 0x000007fefb0ac000 	C:\Windows\system32\netutils.dll
0x000007fefcda0000 - 0x000007fefcdc3000 	C:\Windows\system32\srvcli.dll
0x000007fefb080000 - 0x000007fefb095000 	C:\Windows\system32\wkscli.dll
0x000007fefd540000 - 0x000007fefd57a000 	C:\Windows\system32\WINTRUST.dll
0x000007fefb930000 - 0x000007fefb940000 	C:\Xilinx\SDK\2015.2\lib\win64.o\libboost_date_time.dll
0x000007fef14f0000 - 0x000007fef1512000 	C:\Xilinx\SDK\2015.2\lib\win64.o\libboost_filesystem.dll
0x000007fef5880000 - 0x000007fef5889000 	C:\Xilinx\SDK\2015.2\lib\win64.o\libboost_system.dll
0x000007feedef0000 - 0x000007feedf64000 	C:\Xilinx\SDK\2015.2\lib\win64.o\libboost_program_options.dll
0x000007feeddf0000 - 0x000007feedeea000 	C:\Xilinx\SDK\2015.2\lib\win64.o\libboost_regex.dll
0x000007fef1660000 - 0x000007fef1673000 	C:\Xilinx\SDK\2015.2\lib\win64.o\libboost_signals.dll
0x000007fef14b0000 - 0x000007fef14cd000 	C:\Xilinx\SDK\2015.2\lib\win64.o\libboost_thread.dll
0x000007fef14e0000 - 0x000007fef14eb000 	C:\Xilinx\SDK\2015.2\lib\win64.o\libboost_chrono.dll
0x000007fef08d0000 - 0x000007fef0950000 	C:\Xilinx\SDK\2015.2\lib\win64.o\libhdlpsolve.dll
0x000007feead30000 - 0x000007feeadca000 	C:\Xilinx\SDK\2015.2\lib\win64.o\libhdxml.dll
0x000007fec82a0000 - 0x000007fec88aa200 	C:\Xilinx\SDK\2015.2\lib\win64.o\libisl_iostreams.dll
0x000007feefeb0000 - 0x000007feefec6000 	C:\Xilinx\SDK\2015.2\lib\win64.o\libboost_iostreams.dll
0x000007feee6d0000 - 0x000007feee6f3000 	C:\Xilinx\SDK\2015.2\lib\win64.o\librdizlib.dll
0x000007feedad0000 - 0x000007feedaf3000 	C:\Xilinx\SDK\2015.2\lib\win64.o\libisl_iosutils.dll
0x000007fef1680000 - 0x000007fef1695000 	C:\Xilinx\SDK\2015.2\lib\win64.o\pthreadVC2.dll
0x000007feeda70000 - 0x000007feedac4000 	C:\Xilinx\SDK\2015.2\lib\win64.o\librdi_commonxillic.dll
0x000007feea6b0000 - 0x000007feea7e0000 	C:\Xilinx\SDK\2015.2\lib\win64.o\librdi_curl.dll
0x000007feee150000 - 0x000007feee168000 	C:\Xilinx\SDK\2015.2\lib\win64.o\librdiconfig.dll
0x0000000071340000 - 0x0000000071467000 	C:\Xilinx\SDK\2015.2\lib\win64.o\tcl85t.dll
0x0000000021040000 - 0x00000000212a3000 	C:\Xilinx\SDK\2015.2\lib\win64.o\xerces-c_3_1.dll
0x000007feebab0000 - 0x000007feebad3000 	C:\Windows\system32\VCOMP110.DLL
0x000007fec7500000 - 0x000007fec76e8000 	C:\Xilinx\SDK\2015.2\lib\win64.o\librdi_hsm.dll
0x000007feeda20000 - 0x000007feeda63000 	C:\Xilinx\SDK\2015.2\lib\win64.o\librdi_hdf.dll
0x000007fec7340000 - 0x000007fec74fa000 	C:\Xilinx\SDK\2015.2\lib\win64.o\librdi_ippcw.dll
0x000007fefa9a0000 - 0x000007fefa9a7000 	C:\Windows\system32\msimg32.dll
0x000007feecbf0000 - 0x000007feecc0c000 	C:\Xilinx\SDK\2015.2\lib\win64.o\librdi_hw_platform.dll
0x000007fec8900000 - 0x000007fec8d0a000 	C:\Xilinx\SDK\2015.2\lib\win64.o\librdi_commontasks.dll
0x000007fec7a90000 - 0x000007fec82a0000 	C:\Xilinx\SDK\2015.2\lib\win64.o\libXil_lmgr11FNP.dll
0x000007fef7d20000 - 0x000007fef7d2b000 	C:\Windows\system32\snmpapi.dll
0x000007fefefc0000 - 0x000007feff197000 	C:\Windows\system32\SETUPAPI.dll
0x000007fefd260000 - 0x000007fefd27a000 	C:\Windows\system32\DEVOBJ.dll
0x000007fec76f0000 - 0x000007fec7a85000 	C:\Xilinx\SDK\2015.2\lib\win64.o\librdi_hsmtasks.dll
0x000007fefa410000 - 0x000007fefa426000 	C:\Xilinx\SDK\2015.2\eclipse\win64.o\plugins\org.eclipse.cdt.core.win32.x86_64_5.2.0.201402142303\os\win32\x86_64\spawner.dll
0x0000000073c10000 - 0x0000000073c13000 	C:\Windows\system32\icmp.Dll
0x000007fef0070000 - 0x000007fef0195000 	C:\Windows\system32\dbghelp.dll

VM Arguments:
jvm_args: -Dcom.xilinx.sdk.args.hwspec=C:/Users/Tung/Desktop/vdma_hdmi_conv_v1/axi_conv_fp_3x3/axi_conv_fp_3x3.sdk/design_1_wrapper.hdf -Xms64m -Xmx512m & 
java_command: <unknown>
java_class_path (initial): C:\Xilinx\SDK\2015.2\eclipse\win64.o\\plugins/org.eclipse.equinox.launcher_1.3.0.v20130327-1440.jar
Launcher Type: generic

Environment Variables:
USERNAME=Tung
OS=Windows_NT
PROCESSOR_IDENTIFIER=Intel64 Family 6 Model 60 Stepping 3, GenuineIntel



---------------  S Y S T E M  ---------------

OS: Windows 7 , 64 bit Build 7601 Service Pack 1

CPU:total 4 (4 cores per cpu, 1 threads per core) family 6 model 60 stepping 3, cmov, cx8, fxsr, mmx, sse, sse2, sse3, ssse3, sse4.1, sse4.2, popcnt, avx, avx2, aes, clmul, erms, lzcnt, tsc, tscinvbit, bmi1, bmi2

Memory: 4k page, physical 4110972k(1037236k free), swap 8220100k(4514820k free)

vm_info: Java HotSpot(TM) 64-Bit Server VM (25.25-b02) for windows-amd64 JRE (1.8.0_25-b18), built on Oct  7 2014 14:25:37 by "java_re" with MS VC++ 10.0 (VS2010)

time: Thu Aug 16 09:08:06 2018
elapsed time: 206 seconds (0d 0h 3m 26s)

