#
# A fatal error has been detected by the Java Runtime Environment:
#
#  Internal Error (0xc000000d), pid=3992, tid=2712
#
# JRE version: Java(TM) SE Runtime Environment (8.0_25-b18) (build 1.8.0_25-b18)
# Java VM: Java HotSpot(TM) 64-Bit Server VM (25.25-b02 mixed mode windows-amd64 compressed oops)
# Problematic frame:
# C  [ntdll.dll+0x7a291]
#
# Failed to write core dump. Minidumps are not enabled by default on client versions of Windows
#
# If you would like to submit a bug report, please visit:
#   http://bugreport.sun.com/bugreport/crash.jsp
#

---------------  T H R E A D  ---------------

Current thread (0x0000000013a86000):  VMThread [stack: 0x0000000014af0000,0x0000000014bf0000] [id=2712]

siginfo: ExceptionCode=0xc000000d

Registers:
RAX=0x000000006357ce85, RBX=0x0000000000000000, RCX=0x0000000014beed10, RDX=0x0000000000000000
RSP=0x0000000014bef320, RBP=0x00000000226aece0, RSI=0x000007feece07408, RDI=0x0000000014bef468
R8 =0x0000000000000000, R9 =0x0000000000000000, R10=0x0000000000000000, R11=0x0000000000000246
R12=0x00000000268d9580, R13=0x00000000268d9550, R14=0x00000000226aede8, R15=0x0000000000000000
RIP=0x0000000077cfa291, EFLAGS=0x0000000000000202

Top of Stack: (sp=0x0000000014bef320)
0x0000000014bef320:   0000000000000000 000007feece07408
0x0000000014bef330:   0000000014bef468 0000000000510268
0x0000000014bef340:   0000000000510230 000000000000005d
0x0000000014bef350:   0000000000000000 0477000000000000
0x0000000014bef360:   0011000000000002 000000002cf60101
0x0000000014bef370:   00000000c000000d 0000000000000000
0x0000000014bef380:   0000000077cfa291 0000000000000000
0x0000000014bef390:   0000000000000000 0000000000000000
0x0000000014bef3a0:   0000000000000000 0000000000000000
0x0000000014bef3b0:   0000000000000000 0000000000000000
0x0000000014bef3c0:   0000000000000000 0000000000000000
0x0000000014bef3d0:   0000000000000000 0000000000000000
0x0000000014bef3e0:   0000000000000000 0000000000000000
0x0000000014bef3f0:   0000000000000000 0000000000000000
0x0000000014bef400:   0000000000000000 0000000077b82fd1
0x0000000014bef410:   0000000000000e4c 0000000077ba2fe8 

Instructions: (pc=0x0000000077cfa291)
0x0000000077cfa271:   5b 8c fd ff b9 57 00 00 00 c7 44 24 50 0d 00 00
0x0000000077cfa281:   c0 e8 49 8f fd ff 48 8d 4c 24 50 e8 cf f2 f9 ff
0x0000000077cfa291:   4c 8b 1d 40 81 0b 00 4d 85 db 74 5b 65 48 8b 04
0x0000000077cfa2a1:   25 30 00 00 00 f6 80 ee 17 00 00 08 74 12 65 48 


Register to memory mapping:

RAX=0x000000006357ce85 is an unknown value
RBX=0x0000000000000000 is an unknown value
RCX=0x0000000014beed10 is an unknown value
RDX=0x0000000000000000 is an unknown value
RSP=0x0000000014bef320 is an unknown value
RBP=0x00000000226aece0 is an unknown value
RSI=0x000007feece07408 is an unknown value
RDI=0x0000000014bef468 is an unknown value
R8 =0x0000000000000000 is an unknown value
R9 =0x0000000000000000 is an unknown value
R10=0x0000000000000000 is an unknown value
R11=0x0000000000000246 is an unknown value
R12=0x00000000268d9580 is an unknown value
R13=0x00000000268d9550 is an unknown value
R14=0x00000000226aede8 is an unknown value
R15=0x0000000000000000 is an unknown value


Stack: [0x0000000014af0000,0x0000000014bf0000],  sp=0x0000000014bef320,  free space=1020k
Native frames: (J=compiled Java code, j=interpreted, Vv=VM code, C=native code)
C  [ntdll.dll+0x7a291]
C  [kernel32.dll+0x42fe8]
C  [MSVCR110.dll+0x752d]
C  [MSVCR110.dll+0x14cde]
C  [MSVCR110.dll+0x13edc]
C  [MSVCR110.dll+0x239e]
C  [MSVCR110.dll+0xaf9e]
C  [MSVCP110.dll+0x397b9]
C  [librdi_common.dll+0x135d02]
C  [librdi_common.dll+0x13447b]
C  0x000007fefb442400
C  0x000007fefb442682
C  [ntdll.dll+0x24371]
C  [ntdll.dll+0x24180]
C  [MSVCR100.dll+0x20ccd]
V  [jvm.dll+0x1f9c55]
V  [jvm.dll+0x2325e7]
V  [jvm.dll+0x231826]
V  [jvm.dll+0x231cc1]
V  [jvm.dll+0x231ede]
V  [jvm.dll+0x2852fa]
C  [MSVCR100.dll+0x21d9f]
C  [MSVCR100.dll+0x21e3b]
C  [kernel32.dll+0x1652d]
C  [ntdll.dll+0x2c521]

VM_Operation (0x000000000012f500): Exit, mode: safepoint, requested by thread 0x0000000002528000


---------------  P R O C E S S  ---------------

Java Threads: ( => current thread )
  0x000000001acae000 JavaThread "Spawner Reaper" daemon [_thread_in_native, id=1724, stack(0x000000002d580000,0x000000002d680000)]
  0x000000001acab800 JavaThread "Thread-106" daemon [_thread_blocked, id=3336, stack(0x000000002d480000,0x000000002d580000)]
  0x00000000195be000 JavaThread "TCF Locator DNS Lookup" daemon [_thread_blocked, id=2272, stack(0x000000001e470000,0x000000001e570000)]
  0x00000000195bd000 JavaThread "TCF Locator Timer" daemon [_thread_blocked, id=2168, stack(0x000000001e370000,0x000000001e470000)]
  0x00000000195bc800 JavaThread "TCF Locator Receiver" daemon [_thread_in_native, id=3320, stack(0x000000001e270000,0x000000001e370000)]
  0x000000001956d000 JavaThread "TCF Timer Dispatcher" daemon [_thread_blocked, id=2884, stack(0x000000001e070000,0x000000001e170000)]
  0x0000000016f52000 JavaThread "EMF Reference Cleaner" daemon [_thread_blocked, id=2728, stack(0x0000000018510000,0x0000000018610000)]
  0x0000000015166000 JavaThread "Service Thread" daemon [_thread_blocked, id=1860, stack(0x00000000156f0000,0x00000000157f0000)]
  0x00000000150f3000 JavaThread "C1 CompilerThread2" daemon [_thread_blocked, id=3268, stack(0x00000000155f0000,0x00000000156f0000)]
  0x00000000150f2000 JavaThread "C2 CompilerThread1" daemon [_thread_blocked, id=3972, stack(0x00000000154f0000,0x00000000155f0000)]
  0x0000000013afa000 JavaThread "C2 CompilerThread0" daemon [_thread_blocked, id=3056, stack(0x0000000014ff0000,0x00000000150f0000)]
  0x0000000013af7000 JavaThread "Attach Listener" daemon [_thread_blocked, id=1620, stack(0x0000000014ef0000,0x0000000014ff0000)]
  0x0000000013af5800 JavaThread "Signal Dispatcher" daemon [_thread_blocked, id=2504, stack(0x0000000014df0000,0x0000000014ef0000)]
  0x0000000013a93000 JavaThread "Finalizer" daemon [_thread_blocked, id=4072, stack(0x0000000014cf0000,0x0000000014df0000)]
  0x0000000013a8a000 JavaThread "Reference Handler" daemon [_thread_blocked, id=3396, stack(0x0000000014bf0000,0x0000000014cf0000)]
  0x0000000002528000 JavaThread "main" [_thread_blocked, id=2464, stack(0x0000000000030000,0x0000000000130000)]

Other Threads:
=>0x0000000013a86000 VMThread [stack: 0x0000000014af0000,0x0000000014bf0000] [id=2712]

VM state:at safepoint (shutting down)

VM Mutex/Monitor currently owned by a thread:  ([mutex/lock_event])
[0x000000000022df20] Threads_lock - owner thread: 0x0000000013a86000

Heap:
 PSYoungGen      total 137216K, used 51163K [0x00000000f5580000, 0x00000000ff180000, 0x0000000100000000)
  eden space 116736K, 43% used [0x00000000f5580000,0x00000000f8776c18,0x00000000fc780000)
  from space 20480K, 0% used [0x00000000fdd80000,0x00000000fdd80000,0x00000000ff180000)
  to   space 21504K, 0% used [0x00000000fc780000,0x00000000fc780000,0x00000000fdc80000)
 ParOldGen       total 349696K, used 332718K [0x00000000e0000000, 0x00000000f5580000, 0x00000000f5580000)
  object space 349696K, 95% used [0x00000000e0000000,0x00000000f44eb810,0x00000000f5580000)
 Metaspace       used 84951K, capacity 90526K, committed 90752K, reserved 1128448K
  class space    used 10113K, capacity 11876K, committed 11904K, reserved 1048576K

Card table byte_map: [0x0000000011a40000,0x0000000011b50000] byte_map_base: 0x0000000011340000

Marking Bits: (ParMarkBitMap*) 0x000000006eccd490
 Begin Bits: [0x0000000012000000, 0x0000000012800000)
 End Bits:   [0x0000000012800000, 0x0000000013000000)

Polling page: 0x0000000000230000

CodeCache: size=245760Kb used=49246Kb max_used=49265Kb free=196513Kb
 bounds [0x0000000002680000, 0x0000000005700000, 0x0000000011680000]
 total_blobs=14073 nmethods=13204 adapters=775
 compilation: enabled

Compilation events (10 events):
Event: 800.813 Thread 0x00000000150f3000 16947       1       org.eclipse.osgi.internal.loader.BundleLoaderProxy::getBundleData (5 bytes)
Event: 800.813 Thread 0x00000000150f3000 nmethod 16947 0x0000000003809510 code [0x0000000003809660, 0x0000000003809770]
Event: 800.823 Thread 0x00000000150f3000 16951   !   3       org.eclipse.osgi.internal.baseadaptor.BaseStorage::compact (215 bytes)
Event: 800.825 Thread 0x00000000150f3000 nmethod 16951 0x00000000039cdb90 code [0x00000000039cdfc0, 0x00000000039d0428]
Event: 800.826 Thread 0x00000000150f2000 nmethod 16941 0x000000000347d6d0 code [0x000000000347d900, 0x000000000347e8c0]
Event: 800.826 Thread 0x00000000150f2000 16949       4       java.util.ArrayDeque::poll (5 bytes)
Event: 800.827 Thread 0x00000000150f2000 nmethod 16949 0x0000000003a2db90 code [0x0000000003a2dcc0, 0x0000000003a2dd78]
Event: 800.828 Thread 0x00000000150f3000 16952       3       org.eclipse.osgi.framework.internal.core.AbstractBundle::close (52 bytes)
Event: 800.829 Thread 0x00000000150f3000 nmethod 16952 0x0000000003a3b0d0 code [0x0000000003a3b300, 0x0000000003a3bfe8]
Event: 800.829 Thread 0x0000000013afa000 nmethod 16938 0x00000000056f3910 code [0x00000000056f3ba0, 0x00000000056f55d0]

GC Heap History (10 events):
Event: 789.074 GC heap before
{Heap before GC invocations=127 (full 54):
 PSYoungGen      total 116736K, used 65648K [0x00000000f5580000, 0x00000000ff380000, 0x0000000100000000)
  eden space 116224K, 56% used [0x00000000f5580000,0x00000000f959c250,0x00000000fc700000)
  from space 512K, 0% used [0x00000000fc700000,0x00000000fc700000,0x00000000fc780000)
  to   space 22528K, 0% used [0x00000000fdd80000,0x00000000fdd80000,0x00000000ff380000)
 ParOldGen       total 349696K, used 332718K [0x00000000e0000000, 0x00000000f5580000, 0x00000000f5580000)
  object space 349696K, 95% used [0x00000000e0000000,0x00000000f44eb810,0x00000000f5580000)
 Metaspace       used 84225K, capacity 89902K, committed 90240K, reserved 1128448K
  class space    used 10039K, capacity 11778K, committed 11904K, reserved 1048576K
Event: 789.186 GC heap after
Heap after GC invocations=127 (full 54):
 PSYoungGen      total 116736K, used 0K [0x00000000f5580000, 0x00000000ff380000, 0x0000000100000000)
  eden space 116224K, 0% used [0x00000000f5580000,0x00000000f5580000,0x00000000fc700000)
  from space 512K, 0% used [0x00000000fc700000,0x00000000fc700000,0x00000000fc780000)
  to   space 22528K, 0% used [0x00000000fdd80000,0x00000000fdd80000,0x00000000ff380000)
 ParOldGen       total 349696K, used 299950K [0x00000000e0000000, 0x00000000f5580000, 0x00000000f5580000)
  object space 349696K, 85% used [0x00000000e0000000,0x00000000f24ebb40,0x00000000f5580000)
 Metaspace       used 84225K, capacity 89902K, committed 90240K, reserved 1128448K
  class space    used 10039K, capacity 11778K, committed 11904K, reserved 1048576K
}
Event: 789.209 GC heap before
{Heap before GC invocations=128 (full 54):
 PSYoungGen      total 116736K, used 65536K [0x00000000f5580000, 0x00000000ff380000, 0x0000000100000000)
  eden space 116224K, 56% used [0x00000000f5580000,0x00000000f9580010,0x00000000fc700000)
  from space 512K, 0% used [0x00000000fc700000,0x00000000fc700000,0x00000000fc780000)
  to   space 22528K, 0% used [0x00000000fdd80000,0x00000000fdd80000,0x00000000ff380000)
 ParOldGen       total 349696K, used 299950K [0x00000000e0000000, 0x00000000f5580000, 0x00000000f5580000)
  object space 349696K, 85% used [0x00000000e0000000,0x00000000f24ebb40,0x00000000f5580000)
 Metaspace       used 84225K, capacity 89902K, committed 90240K, reserved 1128448K
  class space    used 10039K, capacity 11778K, committed 11904K, reserved 1048576K
Event: 789.211 GC heap after
Heap after GC invocations=128 (full 54):
 PSYoungGen      total 116736K, used 65536K [0x00000000f5580000, 0x00000000ff380000, 0x0000000100000000)
  eden space 116224K, 56% used [0x00000000f5580000,0x00000000f9580010,0x00000000fc700000)
  from space 512K, 0% used [0x00000000fc700000,0x00000000fc700000,0x00000000fc780000)
  to   space 22528K, 0% used [0x00000000fdd80000,0x00000000fdd80000,0x00000000ff380000)
 ParOldGen       total 349696K, used 299950K [0x00000000e0000000, 0x00000000f5580000, 0x00000000f5580000)
  object space 349696K, 85% used [0x00000000e0000000,0x00000000f24ebb40,0x00000000f5580000)
 Metaspace       used 84225K, capacity 89902K, committed 90240K, reserved 1128448K
  class space    used 10039K, capacity 11778K, committed 11904K, reserved 1048576K
}
Event: 789.211 GC heap before
{Heap before GC invocations=129 (full 55):
 PSYoungGen      total 116736K, used 65536K [0x00000000f5580000, 0x00000000ff380000, 0x0000000100000000)
  eden space 116224K, 56% used [0x00000000f5580000,0x00000000f9580010,0x00000000fc700000)
  from space 512K, 0% used [0x00000000fc700000,0x00000000fc700000,0x00000000fc780000)
  to   space 22528K, 0% used [0x00000000fdd80000,0x00000000fdd80000,0x00000000ff380000)
 ParOldGen       total 349696K, used 299950K [0x00000000e0000000, 0x00000000f5580000, 0x00000000f5580000)
  object space 349696K, 85% used [0x00000000e0000000,0x00000000f24ebb40,0x00000000f5580000)
 Metaspace       used 84225K, capacity 89902K, committed 90240K, reserved 1128448K
  class space    used 10039K, capacity 11778K, committed 11904K, reserved 1048576K
Event: 789.327 GC heap after
Heap after GC invocations=129 (full 55):
 PSYoungGen      total 116736K, used 0K [0x00000000f5580000, 0x00000000ff380000, 0x0000000100000000)
  eden space 116224K, 0% used [0x00000000f5580000,0x00000000f5580000,0x00000000fc700000)
  from space 512K, 0% used [0x00000000fc700000,0x00000000fc700000,0x00000000fc780000)
  to   space 22528K, 0% used [0x00000000fdd80000,0x00000000fdd80000,0x00000000ff380000)
 ParOldGen       total 349696K, used 332718K [0x00000000e0000000, 0x00000000f5580000, 0x00000000f5580000)
  object space 349696K, 95% used [0x00000000e0000000,0x00000000f44eba68,0x00000000f5580000)
 Metaspace       used 84225K, capacity 89902K, committed 90240K, reserved 1128448K
  class space    used 10039K, capacity 11778K, committed 11904K, reserved 1048576K
}
Event: 789.327 GC heap before
{Heap before GC invocations=130 (full 55):
 PSYoungGen      total 116736K, used 0K [0x00000000f5580000, 0x00000000ff380000, 0x0000000100000000)
  eden space 116224K, 0% used [0x00000000f5580000,0x00000000f5580000,0x00000000fc700000)
  from space 512K, 0% used [0x00000000fc700000,0x00000000fc700000,0x00000000fc780000)
  to   space 22528K, 0% used [0x00000000fdd80000,0x00000000fdd80000,0x00000000ff380000)
 ParOldGen       total 349696K, used 332718K [0x00000000e0000000, 0x00000000f5580000, 0x00000000f5580000)
  object space 349696K, 95% used [0x00000000e0000000,0x00000000f44eba68,0x00000000f5580000)
 Metaspace       used 84225K, capacity 89902K, committed 90240K, reserved 1128448K
  class space    used 10039K, capacity 11778K, committed 11904K, reserved 1048576K
Event: 789.329 GC heap after
Heap after GC invocations=130 (full 55):
 PSYoungGen      total 137216K, used 0K [0x00000000f5580000, 0x00000000ff180000, 0x0000000100000000)
  eden space 116736K, 0% used [0x00000000f5580000,0x00000000f5580000,0x00000000fc780000)
  from space 20480K, 0% used [0x00000000fdd80000,0x00000000fdd80000,0x00000000ff180000)
  to   space 21504K, 0% used [0x00000000fc780000,0x00000000fc780000,0x00000000fdc80000)
 ParOldGen       total 349696K, used 332718K [0x00000000e0000000, 0x00000000f5580000, 0x00000000f5580000)
  object space 349696K, 95% used [0x00000000e0000000,0x00000000f44eba68,0x00000000f5580000)
 Metaspace       used 84225K, capacity 89902K, committed 90240K, reserved 1128448K
  class space    used 10039K, capacity 11778K, committed 11904K, reserved 1048576K
}
Event: 789.329 GC heap before
{Heap before GC invocations=131 (full 56):
 PSYoungGen      total 137216K, used 0K [0x00000000f5580000, 0x00000000ff180000, 0x0000000100000000)
  eden space 116736K, 0% used [0x00000000f5580000,0x00000000f5580000,0x00000000fc780000)
  from space 20480K, 0% used [0x00000000fdd80000,0x00000000fdd80000,0x00000000ff180000)
  to   space 21504K, 0% used [0x00000000fc780000,0x00000000fc780000,0x00000000fdc80000)
 ParOldGen       total 349696K, used 332718K [0x00000000e0000000, 0x00000000f5580000, 0x00000000f5580000)
  object space 349696K, 95% used [0x00000000e0000000,0x00000000f44eba68,0x00000000f5580000)
 Metaspace       used 84225K, capacity 89902K, committed 90240K, reserved 1128448K
  class space    used 10039K, capacity 11778K, committed 11904K, reserved 1048576K
Event: 789.443 GC heap after
Heap after GC invocations=131 (full 56):
 PSYoungGen      total 137216K, used 0K [0x00000000f5580000, 0x00000000ff180000, 0x0000000100000000)
  eden space 116736K, 0% used [0x00000000f5580000,0x00000000f5580000,0x00000000fc780000)
  from space 20480K, 0% used [0x00000000fdd80000,0x00000000fdd80000,0x00000000ff180000)
  to   space 21504K, 0% used [0x00000000fc780000,0x00000000fc780000,0x00000000fdc80000)
 ParOldGen       total 349696K, used 332718K [0x00000000e0000000, 0x00000000f5580000, 0x00000000f5580000)
  object space 349696K, 95% used [0x00000000e0000000,0x00000000f44eb810,0x00000000f5580000)
 Metaspace       used 84225K, capacity 89902K, committed 90240K, reserved 1128448K
  class space    used 10039K, capacity 11778K, committed 11904K, reserved 1048576K
}

Deoptimization events (10 events):
Event: 800.787 Thread 0x0000000018e8e000 Uncommon trap: reason=unreached action=reinterpret pc=0x00000000055e4ee0 method=org.eclipse.core.internal.jobs.WorkerPool.startJob(Lorg/eclipse/core/internal/jobs/Worker;)Lorg/eclipse/core/internal/jobs/InternalJob; @ 185
Event: 800.788 Thread 0x00000000195c3000 Uncommon trap: reason=unreached action=reinterpret pc=0x00000000055e4ee0 method=org.eclipse.core.internal.jobs.WorkerPool.startJob(Lorg/eclipse/core/internal/jobs/Worker;)Lorg/eclipse/core/internal/jobs/InternalJob; @ 185
Event: 800.788 Thread 0x0000000019566800 Uncommon trap: reason=unreached action=reinterpret pc=0x00000000055e4ee0 method=org.eclipse.core.internal.jobs.WorkerPool.startJob(Lorg/eclipse/core/internal/jobs/Worker;)Lorg/eclipse/core/internal/jobs/InternalJob; @ 185
Event: 800.788 Thread 0x0000000018e8f000 Uncommon trap: reason=unreached action=reinterpret pc=0x00000000055e4ee0 method=org.eclipse.core.internal.jobs.WorkerPool.startJob(Lorg/eclipse/core/internal/jobs/Worker;)Lorg/eclipse/core/internal/jobs/InternalJob; @ 185
Event: 800.788 Thread 0x00000000195c0000 Uncommon trap: reason=unreached action=reinterpret pc=0x00000000055e4ee0 method=org.eclipse.core.internal.jobs.WorkerPool.startJob(Lorg/eclipse/core/internal/jobs/Worker;)Lorg/eclipse/core/internal/jobs/InternalJob; @ 185
Event: 800.788 Thread 0x0000000019568000 Uncommon trap: reason=unreached action=reinterpret pc=0x00000000055e4ee0 method=org.eclipse.core.internal.jobs.WorkerPool.startJob(Lorg/eclipse/core/internal/jobs/Worker;)Lorg/eclipse/core/internal/jobs/InternalJob; @ 185
Event: 800.788 Thread 0x000000001a0fc000 Uncommon trap: reason=unreached action=reinterpret pc=0x00000000055e4ee0 method=org.eclipse.core.internal.jobs.WorkerPool.startJob(Lorg/eclipse/core/internal/jobs/Worker;)Lorg/eclipse/core/internal/jobs/InternalJob; @ 185
Event: 800.789 Thread 0x000000001956a000 Uncommon trap: reason=unreached action=reinterpret pc=0x00000000055e4ee0 method=org.eclipse.core.internal.jobs.WorkerPool.startJob(Lorg/eclipse/core/internal/jobs/Worker;)Lorg/eclipse/core/internal/jobs/InternalJob; @ 185
Event: 800.789 Thread 0x0000000018e8c000 Uncommon trap: reason=unreached action=reinterpret pc=0x00000000055e4ee0 method=org.eclipse.core.internal.jobs.WorkerPool.startJob(Lorg/eclipse/core/internal/jobs/Worker;)Lorg/eclipse/core/internal/jobs/InternalJob; @ 185
Event: 800.829 Thread 0x0000000019568800 Uncommon trap: reason=bimorphic action=maybe_recompile pc=0x0000000004295d04 method=java.util.concurrent.CopyOnWriteArrayList.indexOf(Ljava/lang/Object;[Ljava/lang/Object;II)I @ 46

Internal exceptions (10 events):
Event: 798.874 Thread 0x000000001acad000 Exception <a 'java/net/SocketException': Socket closed> (0x00000000f6595de8) thrown at [D:\re\workspace\8-2-build-windows-amd64-cygwin\jdk8u25\1677\hotspot\src\share\vm\prims\jni.cpp, line 742]
Event: 798.877 Thread 0x00000000195c1000 Exception <a 'java/lang/InterruptedException'> (0x00000000f67f02c0) thrown at [D:\re\workspace\8-2-build-windows-amd64-cygwin\jdk8u25\1677\hotspot\src\share\vm\runtime\objectMonitor.cpp, line 1682]
Event: 799.617 Thread 0x0000000002528000 Implicit null exception at 0x00000000043f2309 to 0x00000000043f265d
Event: 799.617 Thread 0x0000000002528000 Implicit null exception at 0x0000000002b5e067 to 0x0000000002b5e0e5
Event: 799.749 Thread 0x000000001aca9800 Exception <a 'java/lang/InterruptedException'> (0x00000000f804caf0) thrown at [D:\re\workspace\8-2-build-windows-amd64-cygwin\jdk8u25\1677\hotspot\src\share\vm\runtime\objectMonitor.cpp, line 1682]
Event: 800.245 Thread 0x0000000002528000 Implicit null exception at 0x000000000302cd53 to 0x000000000302d87d
Event: 800.802 Thread 0x0000000019568800 Exception <a 'java/lang/InterruptedException'> (0x00000000f83283e8) thrown at [D:\re\workspace\8-2-build-windows-amd64-cygwin\jdk8u25\1677\hotspot\src\share\vm\runtime\objectMonitor.cpp, line 1682]
Event: 800.807 Thread 0x00000000161d1800 Exception <a 'java/lang/InterruptedException': sleep interrupted> (0x00000000f8362a30) thrown at [D:\re\workspace\8-2-build-windows-amd64-cygwin\jdk8u25\1677\hotspot\src\share\vm\prims\jvm.cpp, line 3141]
Event: 800.811 Thread 0x000000001626f800 Exception <a 'java/lang/InterruptedException'> (0x00000000f8486748) thrown at [D:\re\workspace\8-2-build-windows-amd64-cygwin\jdk8u25\1677\hotspot\src\share\vm\runtime\objectMonitor.cpp, line 1682]
Event: 800.828 Thread 0x000000001632c800 Exception <a 'java/lang/InterruptedException'> (0x00000000f83271b0) thrown at [D:\re\workspace\8-2-build-windows-amd64-cygwin\jdk8u25\1677\hotspot\src\share\vm\runtime\objectMonitor.cpp, line 1682]

Events (10 events):
Event: 800.829 Thread 0x0000000019568800 Thread added: 0x0000000019568800
Event: 800.829 Thread 0x0000000019568800 Uncommon trap: trap_request=0xffffffc6 fr.pc=0x0000000004295d04
Event: 800.829 Thread 0x0000000019568800 DEOPT PACKING pc=0x0000000004295d04 sp=0x000000001671f390
Event: 800.829 Thread 0x0000000019568800 DEOPT UNPACKING pc=0x00000000026c556a sp=0x000000001671f348 mode 2
Event: 800.829 Executing VM operation: RevokeBias
Event: 800.829 Executing VM operation: RevokeBias done
Event: 800.829 Executing VM operation: RevokeBias
Event: 800.829 Executing VM operation: RevokeBias done
Event: 800.829 Thread 0x0000000019568800 Thread exited: 0x0000000019568800
Event: 800.829 Executing VM operation: Exit


Dynamic libraries:
0x0000000000400000 - 0x000000000044f000 	C:\Xilinx\SDK\2015.2\eclipse\win64.o\eclipse.exe
0x0000000077c80000 - 0x0000000077e29000 	C:\Windows\SYSTEM32\ntdll.dll
0x0000000077b60000 - 0x0000000077c7f000 	C:\Windows\system32\kernel32.dll
0x000007fefdc80000 - 0x000007fefdceb000 	C:\Windows\system32\KERNELBASE.dll
0x0000000077a60000 - 0x0000000077b5a000 	C:\Windows\system32\USER32.dll
0x000007fefe420000 - 0x000007fefe487000 	C:\Windows\system32\GDI32.dll
0x000007fefff80000 - 0x000007fefff8e000 	C:\Windows\system32\LPK.dll
0x000007feffeb0000 - 0x000007fefff79000 	C:\Windows\system32\USP10.dll
0x000007fefe490000 - 0x000007fefe52f000 	C:\Windows\system32\msvcrt.dll
0x000007fefc670000 - 0x000007fefc864000 	C:\Windows\WinSxS\amd64_microsoft.windows.common-controls_6595b64144ccf1df_6.0.7601.17514_none_fa396087175ac9ac\COMCTL32.dll
0x000007feff820000 - 0x000007feff891000 	C:\Windows\system32\SHLWAPI.dll
0x000007feffca0000 - 0x000007feffcce000 	C:\Windows\system32\IMM32.DLL
0x000007feff710000 - 0x000007feff819000 	C:\Windows\system32\MSCTF.dll
0x0000000072000000 - 0x0000000072012000 	C:\Xilinx\SDK\2015.2\eclipse\win64.o\plugins\org.eclipse.equinox.launcher.win32.win32.x86_64_1.1.200.v20140116-2212\eclipse_1503.dll
0x000007feffdd0000 - 0x000007feffeab000 	C:\Windows\system32\ADVAPI32.dll
0x000007feffcd0000 - 0x000007feffcef000 	C:\Windows\SYSTEM32\sechost.dll
0x000007fefe290000 - 0x000007fefe3bd000 	C:\Windows\system32\RPCRT4.dll
0x000007fefcd30000 - 0x000007fefcd3c000 	C:\Windows\system32\VERSION.dll
0x000007fefc330000 - 0x000007fefc386000 	C:\Windows\system32\uxtheme.dll
0x000000006e4f0000 - 0x000000006ed4a000 	C:\Xilinx\SDK\2015.2\tps\win64\jre\bin\server\jvm.dll
0x000007fefbdd0000 - 0x000007fefbdd9000 	C:\Windows\system32\WSOCK32.dll
0x000007fefe3d0000 - 0x000007fefe41d000 	C:\Windows\system32\WS2_32.dll
0x000007fefe3c0000 - 0x000007fefe3c8000 	C:\Windows\system32\NSI.dll
0x000007fefb9f0000 - 0x000007fefba2b000 	C:\Windows\system32\WINMM.dll
0x0000000077e50000 - 0x0000000077e57000 	C:\Windows\system32\PSAPI.DLL
0x0000000073010000 - 0x00000000730e2000 	C:\Windows\system32\MSVCR100.dll
0x0000000075980000 - 0x000000007598f000 	C:\Xilinx\SDK\2015.2\tps\win64\jre\bin\verify.dll
0x0000000075950000 - 0x0000000075978000 	C:\Xilinx\SDK\2015.2\tps\win64\jre\bin\java.dll
0x0000000075930000 - 0x0000000075946000 	C:\Xilinx\SDK\2015.2\tps\win64\jre\bin\zip.dll
0x000007fefe850000 - 0x000007feff5d8000 	C:\Windows\system32\SHELL32.dll
0x000007fefe080000 - 0x000007fefe283000 	C:\Windows\system32\ole32.dll
0x000007fefdbd0000 - 0x000007fefdbdf000 	C:\Windows\system32\profapi.dll
0x000007fefd460000 - 0x000007fefd477000 	C:\Windows\system32\CRYPTSP.dll
0x000007fefd160000 - 0x000007fefd1a7000 	C:\Windows\system32\rsaenh.dll
0x000007fefcf20000 - 0x000007fefcf3e000 	C:\Windows\system32\USERENV.dll
0x000007fefda60000 - 0x000007fefda6f000 	C:\Windows\system32\CRYPTBASE.dll
0x0000000075910000 - 0x000000007592a000 	C:\Xilinx\SDK\2015.2\tps\win64\jre\bin\net.dll
0x000007fefd400000 - 0x000007fefd455000 	C:\Windows\system32\mswsock.dll
0x000007fefd3f0000 - 0x000007fefd3f7000 	C:\Windows\System32\wship6.dll
0x000007fefb2d0000 - 0x000007fefb2f7000 	C:\Windows\system32\IPHLPAPI.DLL
0x000007fefb2c0000 - 0x000007fefb2cb000 	C:\Windows\system32\WINNSI.DLL
0x000007fefacf0000 - 0x000007fefad01000 	C:\Windows\system32\dhcpcsvc6.DLL
0x000007fefac70000 - 0x000007fefac88000 	C:\Windows\system32\dhcpcsvc.DLL
0x00000000758f0000 - 0x0000000075901000 	C:\Xilinx\SDK\2015.2\tps\win64\jre\bin\nio.dll
0x000007fefe550000 - 0x000007fefe5e9000 	C:\Windows\system32\CLBCatQ.DLL
0x000007fefdfa0000 - 0x000007fefe077000 	C:\Windows\system32\OLEAUT32.dll
0x000007fefb890000 - 0x000007fefb8a5000 	C:\Windows\system32\NLAapi.dll
0x000007fef1f50000 - 0x000007fef1f65000 	C:\Windows\system32\napinsp.dll
0x000007fef1de0000 - 0x000007fef1df9000 	C:\Windows\system32\pnrpnsp.dll
0x000007fefd280000 - 0x000007fefd2db000 	C:\Windows\system32\DNSAPI.dll
0x000007fef1cd0000 - 0x000007fef1cdb000 	C:\Windows\System32\winrnr.dll
0x000007fefce00000 - 0x000007fefce07000 	C:\Windows\System32\wshtcpip.dll
0x000007fefa5c0000 - 0x000007fefa5c8000 	C:\Windows\system32\rasadhlp.dll
0x000007fefad20000 - 0x000007fefad73000 	C:\Windows\System32\fwpuclnt.dll
0x0000000018610000 - 0x00000000186b8000 	C:\Users\Tung\.Xilinx\SDK\2015.2\org.eclipse.osgi\bundles\287\1\.cp\swt-win32-4335.dll
0x000007feff8a0000 - 0x000007feff937000 	C:\Windows\system32\comdlg32.dll
0x000007fefb220000 - 0x000007fefb291000 	C:\Windows\system32\WINSPOOL.DRV
0x000007feff5e0000 - 0x000007feff70a000 	C:\Windows\system32\WININET.dll
0x000007feffb20000 - 0x000007feffc98000 	C:\Windows\system32\urlmon.dll
0x000007fefdd70000 - 0x000007fefded7000 	C:\Windows\system32\CRYPT32.dll
0x000007fefdc70000 - 0x000007fefdc7f000 	C:\Windows\system32\MSASN1.dll
0x000007fefe5f0000 - 0x000007fefe849000 	C:\Windows\system32\iertutil.dll
0x000007fefbf50000 - 0x000007fefbf68000 	C:\Windows\system32\dwmapi.dll
0x000007fefc3c0000 - 0x000007fefc4ec000 	C:\Windows\system32\propsys.dll
0x00000000003c0000 - 0x00000000003de000 	C:\Users\Tung\.Xilinx\SDK\2015.2\org.eclipse.osgi\bundles\287\1\.cp\swt-gdip-win32-4335.dll
0x000007fefc110000 - 0x000007fefc325000 	C:\Windows\WinSxS\amd64_microsoft.windows.gdiplus_6595b64144ccf1df_1.1.7601.17514_none_2b24536c71ed437a\gdiplus.dll
0x000007fefbde0000 - 0x000007fefbf0a000 	C:\Windows\system32\WindowsCodecs.dll
0x000007fefb470000 - 0x000007fefb481000 	C:\Users\Tung\.Xilinx\SDK\2015.2\org.eclipse.osgi\bundles\116\1\.cp\jWinHttp-1.0.0.dll
0x000007fef9940000 - 0x000007fef99b1000 	C:\Windows\system32\WINHTTP.dll
0x000007fef98d0000 - 0x000007fef9934000 	C:\Windows\system32\webio.dll
0x000007fefda30000 - 0x000007fefda55000 	C:\Windows\system32\SspiCli.dll
0x000007fefd030000 - 0x000007fefd03a000 	C:\Windows\system32\credssp.dll
0x000007fefdd30000 - 0x000007fefdd66000 	C:\Windows\system32\CFGMGR32.dll
0x000007fefaf70000 - 0x000007fefafc4000 	C:\Windows\system32\oleacc.dll
0x000007feeb5d0000 - 0x000007feeb60b000 	C:\Windows\system32\mlang.dll
0x000007fefdbb0000 - 0x000007fefdbc4000 	C:\Windows\system32\RpcRtRemote.dll
0x000007fefdb10000 - 0x000007fefdb67000 	C:\Windows\system32\apphelp.dll
0x000007feedf80000 - 0x000007feeeb37000 	C:\Windows\System32\ieframe.dll
0x0000000180000000 - 0x0000000180012000 	C:\Users\Tung\.Xilinx\SDK\2015.2\org.eclipse.osgi\bundles\113\1\.cp\os\win32\x86_64\localfile_1_0_0.dll
0x000007fefda70000 - 0x000007fefdb01000 	C:\Windows\system32\SXS.DLL
0x000007fec6e50000 - 0x000007fec76e8000 	C:\Windows\System32\mshtml.dll
0x000007fef1630000 - 0x000007fef166b000 	C:\Windows\System32\msls31.dll
0x000007fefc870000 - 0x000007fefc89d000 	C:\Windows\system32\ntmarta.dll
0x000007feffcf0000 - 0x000007feffd42000 	C:\Windows\system32\WLDAP32.dll
0x000007fef70e0000 - 0x000007fef70ee000 	C:\Windows\system32\msimtf.dll
0x000007fefc540000 - 0x000007fefc58b000 	C:\Windows\system32\MMDevAPI.DLL
0x000007fefb9b0000 - 0x000007fefb9eb000 	C:\Windows\system32\wdmaud.drv
0x0000000075990000 - 0x0000000075996000 	C:\Windows\system32\ksuser.dll
0x000007fefc3b0000 - 0x000007fefc3b9000 	C:\Windows\system32\AVRT.dll
0x000007feff940000 - 0x000007feffb17000 	C:\Windows\system32\SETUPAPI.dll
0x000007fefdee0000 - 0x000007fefdefa000 	C:\Windows\system32\DEVOBJ.dll
0x000007fefb7c0000 - 0x000007fefb80f000 	C:\Windows\system32\AUDIOSES.DLL
0x000007fefb7b0000 - 0x000007fefb7ba000 	C:\Windows\system32\msacm32.drv
0x000007fefb790000 - 0x000007fefb7a8000 	C:\Windows\system32\MSACM32.dll
0x000007fefb780000 - 0x000007fefb789000 	C:\Windows\system32\midimap.dll
0x000007fef2450000 - 0x000007fef2461000 	C:\Windows\system32\ImgUtil.dll
0x000007fef21c0000 - 0x000007fef21dc000 	C:\Xilinx\SDK\2015.2\lib\win64.o\librdi_hw_platform.dll
0x000007fefb080000 - 0x000007fefb0a2000 	C:\Xilinx\SDK\2015.2\lib\win64.o\libboost_filesystem.dll
0x000007fefb170000 - 0x000007fefb179000 	C:\Xilinx\SDK\2015.2\lib\win64.o\libboost_system.dll
0x000007feecd40000 - 0x000007feecde7000 	C:\Windows\system32\MSVCP110.dll
0x000007feece00000 - 0x000007feeced4000 	C:\Windows\system32\MSVCR110.dll
0x000007fec93f0000 - 0x000007fec9d33000 	C:\Xilinx\SDK\2015.2\lib\win64.o\librdi_common.dll
0x000007feca3e0000 - 0x000007feca688000 	C:\Xilinx\SDK\2015.2\lib\win64.o\libCOIN-all.dll
0x000007feca1c0000 - 0x000007feca3e0000 	C:\Xilinx\SDK\2015.2\lib\win64.o\libXil_lmgr11.dll
0x000007fefbc80000 - 0x000007fefbc96000 	C:\Windows\system32\NETAPI32.dll
0x000007fefbc70000 - 0x000007fefbc7c000 	C:\Windows\system32\netutils.dll
0x000007fefd670000 - 0x000007fefd693000 	C:\Windows\system32\srvcli.dll
0x000007fefbc50000 - 0x000007fefbc65000 	C:\Windows\system32\wkscli.dll
0x000007fefdcf0000 - 0x000007fefdd2a000 	C:\Windows\system32\WINTRUST.dll
0x000007fefb3f0000 - 0x000007fefb400000 	C:\Xilinx\SDK\2015.2\lib\win64.o\libboost_date_time.dll
0x000007fefaa30000 - 0x000007fefaaa4000 	C:\Xilinx\SDK\2015.2\lib\win64.o\libboost_program_options.dll
0x000007fef2490000 - 0x000007fef258a000 	C:\Xilinx\SDK\2015.2\lib\win64.o\libboost_regex.dll
0x000007fefb060000 - 0x000007fefb073000 	C:\Xilinx\SDK\2015.2\lib\win64.o\libboost_signals.dll
0x000007fefaa10000 - 0x000007fefaa2d000 	C:\Xilinx\SDK\2015.2\lib\win64.o\libboost_thread.dll
0x000007fefaa00000 - 0x000007fefaa0b000 	C:\Xilinx\SDK\2015.2\lib\win64.o\libboost_chrono.dll
0x000007feeec60000 - 0x000007feeece0000 	C:\Xilinx\SDK\2015.2\lib\win64.o\libhdlpsolve.dll
0x000007feecee0000 - 0x000007feecf7a000 	C:\Xilinx\SDK\2015.2\lib\win64.o\libhdxml.dll
0x000007fec7f00000 - 0x000007fec850a200 	C:\Xilinx\SDK\2015.2\lib\win64.o\libisl_iostreams.dll
0x000007fefa9e0000 - 0x000007fefa9f6000 	C:\Xilinx\SDK\2015.2\lib\win64.o\libboost_iostreams.dll
0x000007fefa9b0000 - 0x000007fefa9d3000 	C:\Xilinx\SDK\2015.2\lib\win64.o\librdizlib.dll
0x000007fefa950000 - 0x000007fefa973000 	C:\Xilinx\SDK\2015.2\lib\win64.o\libisl_iosutils.dll
0x000007fef70f0000 - 0x000007fef711a000 	C:\Xilinx\SDK\2015.2\lib\win64.o\libisl_sysinfo.dll
0x000007fefb400000 - 0x000007fefb415000 	C:\Xilinx\SDK\2015.2\lib\win64.o\pthreadVC2.dll
0x000007feef040000 - 0x000007feef094000 	C:\Xilinx\SDK\2015.2\lib\win64.o\librdi_commonxillic.dll
0x000007fecb400000 - 0x000007fecb530000 	C:\Xilinx\SDK\2015.2\lib\win64.o\librdi_curl.dll
0x000007fefa930000 - 0x000007fefa948000 	C:\Xilinx\SDK\2015.2\lib\win64.o\librdiconfig.dll
0x0000000071250000 - 0x0000000071377000 	C:\Xilinx\SDK\2015.2\lib\win64.o\tcl85t.dll
0x00000000234f0000 - 0x0000000023753000 	C:\Xilinx\SDK\2015.2\lib\win64.o\xerces-c_3_1.dll

VM Arguments:
jvm_args: -Dcom.xilinx.sdk.args.hwspec=C:/Users/Tung/Desktop/vdma_hdmi_conv_v1/axi_conv_fp_3x3/axi_conv_fp_3x3.sdk/design_1_wrapper.hdf -Xms64m -Xmx512m & 
java_command: <unknown>
java_class_path (initial): C:\Xilinx\SDK\2015.2\eclipse\win64.o\\plugins/org.eclipse.equinox.launcher_1.3.0.v20130327-1440.jar
Launcher Type: generic

Environment Variables:
USERNAME=Tung
OS=Windows_NT
PROCESSOR_IDENTIFIER=Intel64 Family 6 Model 60 Stepping 3, GenuineIntel



---------------  S Y S T E M  ---------------

OS: Windows 7 , 64 bit Build 7601 Service Pack 1

CPU:total 4 (4 cores per cpu, 1 threads per core) family 6 model 60 stepping 3, cmov, cx8, fxsr, mmx, sse, sse2, sse3, ssse3, sse4.1, sse4.2, popcnt, avx, avx2, aes, clmul, erms, lzcnt, tsc, tscinvbit, bmi1, bmi2

Memory: 4k page, physical 4110972k(1244744k free), swap 8220100k(4427972k free)

vm_info: Java HotSpot(TM) 64-Bit Server VM (25.25-b02) for windows-amd64 JRE (1.8.0_25-b18), built on Oct  7 2014 14:25:37 by "java_re" with MS VC++ 10.0 (VS2010)

time: Tue Aug 21 11:36:43 2018
elapsed time: 801 seconds (0d 0h 13m 21s)

