#
# A fatal error has been detected by the Java Runtime Environment:
#
#  Internal Error (0xc000000d), pid=2668, tid=3760
#
# JRE version: Java(TM) SE Runtime Environment (8.0_25-b18) (build 1.8.0_25-b18)
# Java VM: Java HotSpot(TM) 64-Bit Server VM (25.25-b02 mixed mode windows-amd64 compressed oops)
# Problematic frame:
# C  [ntdll.dll+0x7a291]
#
# Failed to write core dump. Minidumps are not enabled by default on client versions of Windows
#
# If you would like to submit a bug report, please visit:
#   http://bugreport.sun.com/bugreport/crash.jsp
#

---------------  T H R E A D  ---------------

Current thread (0x0000000013ad6000):  VMThread [stack: 0x0000000014b40000,0x0000000014c40000] [id=3760]

siginfo: ExceptionCode=0xc000000d

Registers:
RAX=0x000000006356fcfe, RBX=0x0000000000000000, RCX=0x0000000014c3ef10, RDX=0x0000000000000000
RSP=0x0000000014c3f520, RBP=0x000000002657a140, RSI=0x000007feece07408, RDI=0x0000000014c3f668
R8 =0x0000000000000000, R9 =0x0000000000000000, R10=0x0000000000000000, R11=0x0000000000000246
R12=0x0000000020bb46b0, R13=0x0000000020bb3980, R14=0x000000002657a248, R15=0x0000000000000000
RIP=0x0000000077cfa291, EFLAGS=0x0000000000000202

Top of Stack: (sp=0x0000000014c3f520)
0x0000000014c3f520:   0000000000000000 000007feece07408
0x0000000014c3f530:   0000000014c3f668 0000000077c8025c
0x0000000014c3f540:   0000000022fda6e0 0000000014c3f748
0x0000000014c3f550:   0000000000000000 0000009a00000000
0x0000000014c3f560:   0000000000000002 0000000000000101
0x0000000014c3f570:   00000000c000000d 0000000000000000
0x0000000014c3f580:   0000000077cfa291 0000000000000000
0x0000000014c3f590:   0000000000000000 0000000000000000
0x0000000014c3f5a0:   0000000000000000 0000000000000000
0x0000000014c3f5b0:   0000000000000000 0000000000000000
0x0000000014c3f5c0:   0000000000000000 0000000000000000
0x0000000014c3f5d0:   0000000000000000 0000000000000000
0x0000000014c3f5e0:   0000000000000000 0000000000000000
0x0000000014c3f5f0:   0000000000000000 0000000000000000
0x0000000014c3f600:   0000000000000000 0000000077cac8d8
0x0000000014c3f610:   0000000000000ac4 0000000077ba2fe8 

Instructions: (pc=0x0000000077cfa291)
0x0000000077cfa271:   5b 8c fd ff b9 57 00 00 00 c7 44 24 50 0d 00 00
0x0000000077cfa281:   c0 e8 49 8f fd ff 48 8d 4c 24 50 e8 cf f2 f9 ff
0x0000000077cfa291:   4c 8b 1d 40 81 0b 00 4d 85 db 74 5b 65 48 8b 04
0x0000000077cfa2a1:   25 30 00 00 00 f6 80 ee 17 00 00 08 74 12 65 48 


Register to memory mapping:

RAX=0x000000006356fcfe is an unknown value
RBX=0x0000000000000000 is an unknown value
RCX=0x0000000014c3ef10 is an unknown value
RDX=0x0000000000000000 is an unknown value
RSP=0x0000000014c3f520 is an unknown value
RBP=0x000000002657a140 is an unknown value
RSI=0x000007feece07408 is an unknown value
RDI=0x0000000014c3f668 is an unknown value
R8 =0x0000000000000000 is an unknown value
R9 =0x0000000000000000 is an unknown value
R10=0x0000000000000000 is an unknown value
R11=0x0000000000000246 is an unknown value
R12=0x0000000020bb46b0 is an unknown value
R13=0x0000000020bb3980 is an unknown value
R14=0x000000002657a248 is an unknown value
R15=0x0000000000000000 is an unknown value


Stack: [0x0000000014b40000,0x0000000014c40000],  sp=0x0000000014c3f520,  free space=1021k
Native frames: (J=compiled Java code, j=interpreted, Vv=VM code, C=native code)
C  [ntdll.dll+0x7a291]
C  [kernel32.dll+0x42fe8]
C  [MSVCR110.dll+0x752d]
C  [MSVCR110.dll+0x14cde]
C  [MSVCR110.dll+0x13edc]
C  [MSVCR110.dll+0x239e]
C  [MSVCR110.dll+0xaf9e]
C  [MSVCP110.dll+0x397b9]
C  [librdi_common.dll+0x135d02]
C  [librdi_common.dll+0x13447b]
C  [librdi_commontasks.dll+0x1cc33c]
C  [librdi_commontasks.dll+0x1cc5be]
C  [ntdll.dll+0x24371]
C  [ntdll.dll+0x24180]
C  [MSVCR100.dll+0x20ccd]
V  [jvm.dll+0x1f9c55]
V  [jvm.dll+0x2325e7]
V  [jvm.dll+0x231826]
V  [jvm.dll+0x231cc1]
V  [jvm.dll+0x231ede]
V  [jvm.dll+0x2852fa]
C  [MSVCR100.dll+0x21d9f]
C  [MSVCR100.dll+0x21e3b]
C  [kernel32.dll+0x1652d]
C  [ntdll.dll+0x2c521]

VM_Operation (0x000000000012f500): Exit, mode: safepoint, requested by thread 0x0000000002528000


---------------  P R O C E S S  ---------------

Java Threads: ( => current thread )
  0x000000001d54d800 JavaThread "Thread-14" daemon [_thread_blocked, id=2084, stack(0x0000000021fb0000,0x00000000220b0000)]
  0x00000000199df000 JavaThread "TCF Locator DNS Lookup" daemon [_thread_blocked, id=3288, stack(0x000000001f670000,0x000000001f770000)]
  0x00000000199de000 JavaThread "TCF Locator Timer" daemon [_thread_blocked, id=3732, stack(0x000000001f570000,0x000000001f670000)]
  0x00000000199dd800 JavaThread "TCF Locator Receiver" daemon [_thread_in_native, id=540, stack(0x000000001f470000,0x000000001f570000)]
  0x00000000199d9000 JavaThread "TCF Timer Dispatcher" daemon [_thread_blocked, id=2512, stack(0x000000001b7f0000,0x000000001b8f0000)]
  0x0000000016f4e800 JavaThread "EMF Reference Cleaner" daemon [_thread_blocked, id=3148, stack(0x0000000018550000,0x0000000018650000)]
  0x00000000151b4000 JavaThread "Service Thread" daemon [_thread_blocked, id=3784, stack(0x0000000015740000,0x0000000015840000)]
  0x000000001514b800 JavaThread "C1 CompilerThread2" daemon [_thread_blocked, id=3376, stack(0x0000000015640000,0x0000000015740000)]
  0x0000000015142800 JavaThread "C2 CompilerThread1" daemon [_thread_blocked, id=2532, stack(0x0000000015540000,0x0000000015640000)]
  0x0000000013b4d000 JavaThread "C2 CompilerThread0" daemon [_thread_blocked, id=1588, stack(0x0000000015040000,0x0000000015140000)]
  0x0000000013b4a000 JavaThread "Attach Listener" daemon [_thread_blocked, id=3012, stack(0x0000000014f40000,0x0000000015040000)]
  0x0000000013b49000 JavaThread "Signal Dispatcher" daemon [_thread_blocked, id=3020, stack(0x0000000014e40000,0x0000000014f40000)]
  0x0000000013ae7000 JavaThread "Finalizer" daemon [_thread_blocked, id=3672, stack(0x0000000014d40000,0x0000000014e40000)]
  0x0000000013ade000 JavaThread "Reference Handler" daemon [_thread_blocked, id=1416, stack(0x0000000014c40000,0x0000000014d40000)]
  0x0000000002528000 JavaThread "main" [_thread_blocked, id=1608, stack(0x0000000000030000,0x0000000000130000)]

Other Threads:
=>0x0000000013ad6000 VMThread [stack: 0x0000000014b40000,0x0000000014c40000] [id=3760]

VM state:at safepoint (shutting down)

VM Mutex/Monitor currently owned by a thread:  ([mutex/lock_event])
[0x00000000027ddf20] Threads_lock - owner thread: 0x0000000013ad6000

Heap:
 PSYoungGen      total 121856K, used 116143K [0x00000000f5580000, 0x0000000100000000, 0x0000000100000000)
  eden space 121344K, 95% used [0x00000000f5580000,0x00000000fc6ebf98,0x00000000fcc00000)
  from space 512K, 0% used [0x00000000fcc00000,0x00000000fcc00000,0x00000000fcc80000)
  to   space 27136K, 0% used [0x00000000fe580000,0x00000000fe580000,0x0000000100000000)
 ParOldGen       total 349696K, used 343008K [0x00000000e0000000, 0x00000000f5580000, 0x00000000f5580000)
  object space 349696K, 98% used [0x00000000e0000000,0x00000000f4ef8330,0x00000000f5580000)
 Metaspace       used 72913K, capacity 78196K, committed 78424K, reserved 1116160K
  class space    used 9026K, capacity 10751K, committed 10840K, reserved 1048576K

Card table byte_map: [0x0000000002690000,0x00000000027a0000] byte_map_base: 0x0000000001f90000

Marking Bits: (ParMarkBitMap*) 0x000000006eccd490
 Begin Bits: [0x0000000012050000, 0x0000000012850000)
 End Bits:   [0x0000000012850000, 0x0000000013050000)

Polling page: 0x0000000000550000

CodeCache: size=245760Kb used=23657Kb max_used=23673Kb free=222102Kb
 bounds [0x00000000027e0000, 0x0000000003f30000, 0x00000000117e0000]
 total_blobs=7765 nmethods=6921 adapters=751
 compilation: enabled

Compilation events (10 events):
Event: 263.151 Thread 0x000000001514b800 8363       1       org.eclipse.osgi.internal.loader.BundleLoaderProxy::getBasicBundleLoader (5 bytes)
Event: 263.151 Thread 0x000000001514b800 nmethod 8363 0x00000000037ff510 code [0x00000000037ff660, 0x00000000037ff770]
Event: 263.152 Thread 0x000000001514b800 8364       1       org.eclipse.osgi.internal.loader.BundleLoaderProxy::getBundleData (5 bytes)
Event: 263.152 Thread 0x000000001514b800 nmethod 8364 0x0000000002aa4fd0 code [0x0000000002aa5120, 0x0000000002aa5230]
Event: 263.161 Thread 0x000000001514b800 8367       3       java.io.File::list (33 bytes)
Event: 263.162 Thread 0x000000001514b800 nmethod 8367 0x00000000029039d0 code [0x0000000002903ba0, 0x00000000029042c8]
Event: 263.171 Thread 0x000000001514b800 8368   !   3       org.eclipse.osgi.internal.baseadaptor.BaseStorage::compact (215 bytes)
Event: 263.173 Thread 0x000000001514b800 nmethod 8368 0x0000000003f22710 code [0x0000000003f22b40, 0x0000000003f24fa8]
Event: 263.175 Thread 0x000000001514b800 8370       3       org.eclipse.osgi.framework.internal.core.AbstractBundle::close (52 bytes)
Event: 263.176 Thread 0x000000001514b800 nmethod 8370 0x0000000002a97f10 code [0x0000000002a98140, 0x0000000002a98e28]

GC Heap History (10 events):
Event: 67.744 GC heap before
{Heap before GC invocations=42 (full 15):
 PSYoungGen      total 121856K, used 98398K [0x00000000f5580000, 0x0000000100000000, 0x0000000100000000)
  eden space 121344K, 81% used [0x00000000f5580000,0x00000000fb5978d8,0x00000000fcc00000)
  from space 512K, 0% used [0x00000000fcc00000,0x00000000fcc00000,0x00000000fcc80000)
  to   space 27136K, 0% used [0x00000000fe580000,0x00000000fe5b0000,0x0000000100000000)
 ParOldGen       total 349696K, used 269952K [0x00000000e0000000, 0x00000000f5580000, 0x00000000f5580000)
  object space 349696K, 77% used [0x00000000e0000000,0x00000000f07a0018,0x00000000f5580000)
 Metaspace       used 68172K, capacity 73670K, committed 73816K, reserved 1112064K
  class space    used 8517K, capacity 10306K, committed 10328K, reserved 1048576K
Event: 68.037 GC heap after
Heap after GC invocations=42 (full 15):
 PSYoungGen      total 121856K, used 90056K [0x00000000f5580000, 0x0000000100000000, 0x0000000100000000)
  eden space 121344K, 74% used [0x00000000f5580000,0x00000000fad721d8,0x00000000fcc00000)
  from space 512K, 0% used [0x00000000fcc00000,0x00000000fcc00000,0x00000000fcc80000)
  to   space 27136K, 0% used [0x00000000fe580000,0x00000000fe580000,0x0000000100000000)
 ParOldGen       total 349696K, used 261243K [0x00000000e0000000, 0x00000000f5580000, 0x00000000f5580000)
  object space 349696K, 74% used [0x00000000e0000000,0x00000000eff1eda0,0x00000000f5580000)
 Metaspace       used 68172K, capacity 73670K, committed 73816K, reserved 1112064K
  class space    used 8517K, capacity 10306K, committed 10328K, reserved 1048576K
}
Event: 127.754 GC heap before
{Heap before GC invocations=43 (full 15):
 PSYoungGen      total 121856K, used 95415K [0x00000000f5580000, 0x0000000100000000, 0x0000000100000000)
  eden space 121344K, 78% used [0x00000000f5580000,0x00000000fb2ade18,0x00000000fcc00000)
  from space 512K, 0% used [0x00000000fcc00000,0x00000000fcc00000,0x00000000fcc80000)
  to   space 27136K, 0% used [0x00000000fe580000,0x00000000fe580000,0x0000000100000000)
 ParOldGen       total 349696K, used 261243K [0x00000000e0000000, 0x00000000f5580000, 0x00000000f5580000)
  object space 349696K, 74% used [0x00000000e0000000,0x00000000eff1eda0,0x00000000f5580000)
 Metaspace       used 68197K, capacity 73734K, committed 73816K, reserved 1112064K
  class space    used 8518K, capacity 10306K, committed 10328K, reserved 1048576K
Event: 127.760 GC heap after
Heap after GC invocations=43 (full 15):
 PSYoungGen      total 121856K, used 95415K [0x00000000f5580000, 0x0000000100000000, 0x0000000100000000)
  eden space 121344K, 78% used [0x00000000f5580000,0x00000000fb2ade18,0x00000000fcc00000)
  from space 512K, 0% used [0x00000000fcc00000,0x00000000fcc00000,0x00000000fcc80000)
  to   space 27136K, 0% used [0x00000000fe580000,0x00000000fe5b0000,0x0000000100000000)
 ParOldGen       total 349696K, used 261243K [0x00000000e0000000, 0x00000000f5580000, 0x00000000f5580000)
  object space 349696K, 74% used [0x00000000e0000000,0x00000000eff1eda0,0x00000000f5580000)
 Metaspace       used 68197K, capacity 73734K, committed 73816K, reserved 1112064K
  class space    used 8518K, capacity 10306K, committed 10328K, reserved 1048576K
}
Event: 127.760 GC heap before
{Heap before GC invocations=44 (full 16):
 PSYoungGen      total 121856K, used 95415K [0x00000000f5580000, 0x0000000100000000, 0x0000000100000000)
  eden space 121344K, 78% used [0x00000000f5580000,0x00000000fb2ade18,0x00000000fcc00000)
  from space 512K, 0% used [0x00000000fcc00000,0x00000000fcc00000,0x00000000fcc80000)
  to   space 27136K, 0% used [0x00000000fe580000,0x00000000fe5b0000,0x0000000100000000)
 ParOldGen       total 349696K, used 261243K [0x00000000e0000000, 0x00000000f5580000, 0x00000000f5580000)
  object space 349696K, 74% used [0x00000000e0000000,0x00000000eff1eda0,0x00000000f5580000)
 Metaspace       used 68197K, capacity 73734K, committed 73816K, reserved 1112064K
  class space    used 8518K, capacity 10306K, committed 10328K, reserved 1048576K
Event: 127.944 GC heap after
Heap after GC invocations=44 (full 16):
 PSYoungGen      total 121856K, used 90083K [0x00000000f5580000, 0x0000000100000000, 0x0000000100000000)
  eden space 121344K, 74% used [0x00000000f5580000,0x00000000fad78f98,0x00000000fcc00000)
  from space 512K, 0% used [0x00000000fcc00000,0x00000000fcc00000,0x00000000fcc80000)
  to   space 27136K, 0% used [0x00000000fe580000,0x00000000fe580000,0x0000000100000000)
 ParOldGen       total 349696K, used 261236K [0x00000000e0000000, 0x00000000f5580000, 0x00000000f5580000)
  object space 349696K, 74% used [0x00000000e0000000,0x00000000eff1d258,0x00000000f5580000)
 Metaspace       used 68197K, capacity 73734K, committed 73816K, reserved 1112064K
  class space    used 8518K, capacity 10306K, committed 10328K, reserved 1048576K
}
Event: 187.766 GC heap before
{Heap before GC invocations=45 (full 16):
 PSYoungGen      total 121856K, used 93929K [0x00000000f5580000, 0x0000000100000000, 0x0000000100000000)
  eden space 121344K, 77% used [0x00000000f5580000,0x00000000fb13a750,0x00000000fcc00000)
  from space 512K, 0% used [0x00000000fcc00000,0x00000000fcc00000,0x00000000fcc80000)
  to   space 27136K, 0% used [0x00000000fe580000,0x00000000fe580000,0x0000000100000000)
 ParOldGen       total 349696K, used 261236K [0x00000000e0000000, 0x00000000f5580000, 0x00000000f5580000)
  object space 349696K, 74% used [0x00000000e0000000,0x00000000eff1d258,0x00000000f5580000)
 Metaspace       used 68215K, capacity 73734K, committed 73816K, reserved 1112064K
  class space    used 8518K, capacity 10306K, committed 10328K, reserved 1048576K
Event: 187.773 GC heap after
Heap after GC invocations=45 (full 16):
 PSYoungGen      total 121856K, used 93929K [0x00000000f5580000, 0x0000000100000000, 0x0000000100000000)
  eden space 121344K, 77% used [0x00000000f5580000,0x00000000fb13a750,0x00000000fcc00000)
  from space 512K, 0% used [0x00000000fcc00000,0x00000000fcc00000,0x00000000fcc80000)
  to   space 27136K, 0% used [0x00000000fe580000,0x00000000fe5b8000,0x0000000100000000)
 ParOldGen       total 349696K, used 261244K [0x00000000e0000000, 0x00000000f5580000, 0x00000000f5580000)
  object space 349696K, 74% used [0x00000000e0000000,0x00000000eff1f258,0x00000000f5580000)
 Metaspace       used 68215K, capacity 73734K, committed 73816K, reserved 1112064K
  class space    used 8518K, capacity 10306K, committed 10328K, reserved 1048576K
}
Event: 187.773 GC heap before
{Heap before GC invocations=46 (full 17):
 PSYoungGen      total 121856K, used 93929K [0x00000000f5580000, 0x0000000100000000, 0x0000000100000000)
  eden space 121344K, 77% used [0x00000000f5580000,0x00000000fb13a750,0x00000000fcc00000)
  from space 512K, 0% used [0x00000000fcc00000,0x00000000fcc00000,0x00000000fcc80000)
  to   space 27136K, 0% used [0x00000000fe580000,0x00000000fe5b8000,0x0000000100000000)
 ParOldGen       total 349696K, used 261244K [0x00000000e0000000, 0x00000000f5580000, 0x00000000f5580000)
  object space 349696K, 74% used [0x00000000e0000000,0x00000000eff1f258,0x00000000f5580000)
 Metaspace       used 68215K, capacity 73734K, committed 73816K, reserved 1112064K
  class space    used 8518K, capacity 10306K, committed 10328K, reserved 1048576K
Event: 187.963 GC heap after
Heap after GC invocations=46 (full 17):
 PSYoungGen      total 121856K, used 0K [0x00000000f5580000, 0x0000000100000000, 0x0000000100000000)
  eden space 121344K, 0% used [0x00000000f5580000,0x00000000f5580000,0x00000000fcc00000)
  from space 512K, 0% used [0x00000000fcc00000,0x00000000fcc00000,0x00000000fcc80000)
  to   space 27136K, 0% used [0x00000000fe580000,0x00000000fe580000,0x0000000100000000)
 ParOldGen       total 349696K, used 343008K [0x00000000e0000000, 0x00000000f5580000, 0x00000000f5580000)
  object space 349696K, 98% used [0x00000000e0000000,0x00000000f4ef8330,0x00000000f5580000)
 Metaspace       used 68175K, capacity 73668K, committed 73816K, reserved 1112064K
  class space    used 8512K, capacity 10295K, committed 10328K, reserved 1048576K
}

Deoptimization events (10 events):
Event: 261.841 Thread 0x0000000002528000 Uncommon trap: reason=unreached action=reinterpret pc=0x0000000003db2f78 method=org.eclipse.swt.custom.StyledTextRenderer.getTextLayout(IIII)Lorg/eclipse/swt/graphics/TextLayout; @ 1031
Event: 261.899 Thread 0x0000000002528000 Uncommon trap: reason=unreached action=reinterpret pc=0x00000000035ea26c method=org.eclipse.swt.widgets.Composite._getChildren()[Lorg/eclipse/swt/widgets/Control; @ 76
Event: 261.927 Thread 0x0000000002528000 Uncommon trap: reason=unreached action=reinterpret pc=0x0000000003a273c4 method=org.eclipse.swt.widgets.Display.drawMenuBars()V @ 4
Event: 261.964 Thread 0x000000001d54e800 Uncommon trap: reason=bimorphic action=maybe_recompile pc=0x000000000348b340 method=java.util.Properties.load0(Ljava/util/Properties$LineReader;)V @ 242
Event: 261.965 Thread 0x000000001d54e800 Uncommon trap: reason=unreached action=reinterpret pc=0x0000000003e6ee8c method=org.eclipse.swt.widgets.Display.isValidThread()Z @ 7
Event: 261.991 Thread 0x0000000002528000 Uncommon trap: reason=unreached action=reinterpret pc=0x000000000320411c method=org.eclipse.e4.ui.internal.workbench.swt.PartRenderingEngine.someAreVisible(Ljava/util/List;)Z @ 41
Event: 262.008 Thread 0x0000000002528000 Uncommon trap: reason=unreached action=reinterpret pc=0x0000000003e9878c method=org.eclipse.e4.ui.model.application.ui.impl.UIElementImpl.eIsSet(I)Z @ 184
Event: 262.036 Thread 0x0000000002528000 Uncommon trap: reason=null_check action=make_not_entrant pc=0x0000000003eb5670 method=org.eclipse.emf.ecore.impl.EClassImpl$1EAllStructuralFeaturesList.init()V @ 37
Event: 262.036 Thread 0x0000000002528000 Uncommon trap: reason=null_check action=make_not_entrant pc=0x0000000003ea7c34 method=org.eclipse.emf.ecore.impl.EClassImpl$1EAllStructuralFeaturesList.init()V @ 37
Event: 263.121 Thread 0x0000000002528000 Uncommon trap: reason=null_check action=make_not_entrant pc=0x000000000316f868 method=org.eclipse.core.runtime.internal.adaptor.EclipseLazyStarter.shouldActivateFor(Ljava/lang/String;Lorg/eclipse/osgi/baseadaptor/BaseData;Lorg/eclipse/core/runtime/internal=67ºu]p@

Internal exceptions (10 events):
Event: 261.805 Thread 0x000000001dbe2000 Exception <a 'sun/net/ConnectionResetException': > (0x00000000fb1334f8) thrown at [D:\re\workspace\8-2-build-windows-amd64-cygwin\jdk8u25\1677\hotspot\src\share\vm\prims\jni.cpp, line 742]
Event: 261.805 Thread 0x0000000016f54800 Exception <a 'java/net/SocketException': Connection reset by peer: socket write error> (0x00000000fb2f5458) thrown at [D:\re\workspace\8-2-build-windows-amd64-cygwin\jdk8u25\1677\hotspot\src\share\vm\prims\jni.cpp, line 742]
Event: 261.806 Thread 0x0000000016f54800 Exception <a 'java/net/SocketException': Socket closed> (0x00000000fb331ef8) thrown at [D:\re\workspace\8-2-build-windows-amd64-cygwin\jdk8u25\1677\hotspot\src\share\vm\prims\jni.cpp, line 742]
Event: 261.806 Thread 0x00000000199dc000 Exception <a 'java/lang/InterruptedException'> (0x00000000fb36e988) thrown at [D:\re\workspace\8-2-build-windows-amd64-cygwin\jdk8u25\1677\hotspot\src\share\vm\runtime\objectMonitor.cpp, line 1682]
Event: 262.086 Thread 0x000000001d54b000 Exception <a 'java/lang/InterruptedException'> (0x00000000fc0da498) thrown at [D:\re\workspace\8-2-build-windows-amd64-cygwin\jdk8u25\1677\hotspot\src\share\vm\runtime\objectMonitor.cpp, line 1682]
Event: 263.121 Thread 0x0000000002528000 Implicit null exception at 0x000000000316dfcf to 0x000000000316f859
Event: 263.152 Thread 0x00000000161f1000 Exception <a 'java/lang/InterruptedException': sleep interrupted> (0x00000000fc4055f8) thrown at [D:\re\workspace\8-2-build-windows-amd64-cygwin\jdk8u25\1677\hotspot\src\share\vm\prims\jvm.cpp, line 3141]
Event: 263.153 Thread 0x0000000016f50800 Exception <a 'java/lang/InterruptedException'> (0x00000000fc534b60) thrown at [D:\re\workspace\8-2-build-windows-amd64-cygwin\jdk8u25\1677\hotspot\src\share\vm\runtime\objectMonitor.cpp, line 1682]
Event: 263.153 Thread 0x00000000162bc800 Exception <a 'java/lang/InterruptedException'> (0x00000000fc571638) thrown at [D:\re\workspace\8-2-build-windows-amd64-cygwin\jdk8u25\1677\hotspot\src\share\vm\runtime\objectMonitor.cpp, line 1682]
Event: 263.176 Thread 0x0000000016292000 Exception <a 'java/lang/InterruptedException'> (0x00000000fc3cda40) thrown at [D:\re\workspace\8-2-build-windows-amd64-cygwin\jdk8u25\1677\hotspot\src\share\vm\runtime\objectMonitor.cpp, line 1682]

Events (10 events):
Event: 263.176 loading class java/util/IdentityHashMap$KeyIterator
Event: 263.176 loading class java/util/IdentityHashMap$IdentityHashMapIterator
Event: 263.176 Thread 0x000000001514b800 flushing nmethod 0x0000000003122450
Event: 263.176 loading class java/util/IdentityHashMap$IdentityHashMapIterator done
Event: 263.176 loading class java/util/IdentityHashMap$KeyIterator done
Event: 263.176 Thread 0x0000000016f50800 Thread added: 0x0000000016f50800
Event: 263.177 Thread 0x0000000016f50800 Thread exited: 0x0000000016f50800
Event: 263.177 Thread 0x000000001514b800 flushing nmethod 0x00000000031cff10
Event: 263.177 Thread 0x0000000015fd8800 Thread exited: 0x0000000015fd8800
Event: 263.177 Executing VM operation: Exit


Dynamic libraries:
0x0000000000400000 - 0x000000000044f000 	C:\Xilinx\SDK\2015.2\eclipse\win64.o\eclipse.exe
0x0000000077c80000 - 0x0000000077e29000 	C:\Windows\SYSTEM32\ntdll.dll
0x0000000077b60000 - 0x0000000077c7f000 	C:\Windows\system32\kernel32.dll
0x000007fefdc80000 - 0x000007fefdceb000 	C:\Windows\system32\KERNELBASE.dll
0x0000000077a60000 - 0x0000000077b5a000 	C:\Windows\system32\USER32.dll
0x000007fefe420000 - 0x000007fefe487000 	C:\Windows\system32\GDI32.dll
0x000007fefff80000 - 0x000007fefff8e000 	C:\Windows\system32\LPK.dll
0x000007feffeb0000 - 0x000007fefff79000 	C:\Windows\system32\USP10.dll
0x000007fefe490000 - 0x000007fefe52f000 	C:\Windows\system32\msvcrt.dll
0x000007fefc670000 - 0x000007fefc864000 	C:\Windows\WinSxS\amd64_microsoft.windows.common-controls_6595b64144ccf1df_6.0.7601.17514_none_fa396087175ac9ac\COMCTL32.dll
0x000007feff820000 - 0x000007feff891000 	C:\Windows\system32\SHLWAPI.dll
0x000007feffca0000 - 0x000007feffcce000 	C:\Windows\system32\IMM32.DLL
0x000007feff710000 - 0x000007feff819000 	C:\Windows\system32\MSCTF.dll
0x0000000072000000 - 0x0000000072012000 	C:\Xilinx\SDK\2015.2\eclipse\win64.o\plugins\org.eclipse.equinox.launcher.win32.win32.x86_64_1.1.200.v20140116-2212\eclipse_1503.dll
0x000007feffdd0000 - 0x000007feffeab000 	C:\Windows\system32\ADVAPI32.dll
0x000007feffcd0000 - 0x000007feffcef000 	C:\Windows\SYSTEM32\sechost.dll
0x000007fefe290000 - 0x000007fefe3bd000 	C:\Windows\system32\RPCRT4.dll
0x000007fefcd30000 - 0x000007fefcd3c000 	C:\Windows\system32\VERSION.dll
0x000007fefc330000 - 0x000007fefc386000 	C:\Windows\system32\uxtheme.dll
0x000000006e4f0000 - 0x000000006ed4a000 	C:\Xilinx\SDK\2015.2\tps\win64\jre\bin\server\jvm.dll
0x000007fefbdd0000 - 0x000007fefbdd9000 	C:\Windows\system32\WSOCK32.dll
0x000007fefe3d0000 - 0x000007fefe41d000 	C:\Windows\system32\WS2_32.dll
0x000007fefe3c0000 - 0x000007fefe3c8000 	C:\Windows\system32\NSI.dll
0x000007fefb9f0000 - 0x000007fefba2b000 	C:\Windows\system32\WINMM.dll
0x0000000077e50000 - 0x0000000077e57000 	C:\Windows\system32\PSAPI.DLL
0x0000000073010000 - 0x00000000730e2000 	C:\Windows\system32\MSVCR100.dll
0x0000000075840000 - 0x000000007584f000 	C:\Xilinx\SDK\2015.2\tps\win64\jre\bin\verify.dll
0x0000000074550000 - 0x0000000074578000 	C:\Xilinx\SDK\2015.2\tps\win64\jre\bin\java.dll
0x0000000075810000 - 0x0000000075826000 	C:\Xilinx\SDK\2015.2\tps\win64\jre\bin\zip.dll
0x000007fefe850000 - 0x000007feff5d8000 	C:\Windows\system32\SHELL32.dll
0x000007fefe080000 - 0x000007fefe283000 	C:\Windows\system32\ole32.dll
0x000007fefdbd0000 - 0x000007fefdbdf000 	C:\Windows\system32\profapi.dll
0x000007fefd460000 - 0x000007fefd477000 	C:\Windows\system32\CRYPTSP.dll
0x000007fefd160000 - 0x000007fefd1a7000 	C:\Windows\system32\rsaenh.dll
0x000007fefcf20000 - 0x000007fefcf3e000 	C:\Windows\system32\USERENV.dll
0x000007fefda60000 - 0x000007fefda6f000 	C:\Windows\system32\CRYPTBASE.dll
0x0000000074530000 - 0x000000007454a000 	C:\Xilinx\SDK\2015.2\tps\win64\jre\bin\net.dll
0x000007fefd400000 - 0x000007fefd455000 	C:\Windows\system32\mswsock.dll
0x000007fefd3f0000 - 0x000007fefd3f7000 	C:\Windows\System32\wship6.dll
0x000007fefb2d0000 - 0x000007fefb2f7000 	C:\Windows\system32\IPHLPAPI.DLL
0x000007fefb2c0000 - 0x000007fefb2cb000 	C:\Windows\system32\WINNSI.DLL
0x000007fefacf0000 - 0x000007fefad01000 	C:\Windows\system32\dhcpcsvc6.DLL
0x000007fefac70000 - 0x000007fefac88000 	C:\Windows\system32\dhcpcsvc.DLL
0x0000000074510000 - 0x0000000074521000 	C:\Xilinx\SDK\2015.2\tps\win64\jre\bin\nio.dll
0x000007fefe550000 - 0x000007fefe5e9000 	C:\Windows\system32\CLBCatQ.DLL
0x000007fefdfa0000 - 0x000007fefe077000 	C:\Windows\system32\OLEAUT32.dll
0x000007fefb890000 - 0x000007fefb8a5000 	C:\Windows\system32\NLAapi.dll
0x000007fef1f50000 - 0x000007fef1f65000 	C:\Windows\system32\napinsp.dll
0x000007fef1de0000 - 0x000007fef1df9000 	C:\Windows\system32\pnrpnsp.dll
0x000007fefd280000 - 0x000007fefd2db000 	C:\Windows\system32\DNSAPI.dll
0x000007fef1cd0000 - 0x000007fef1cdb000 	C:\Windows\System32\winrnr.dll
0x000007fefce00000 - 0x000007fefce07000 	C:\Windows\System32\wshtcpip.dll
0x000007fefa5c0000 - 0x000007fefa5c8000 	C:\Windows\system32\rasadhlp.dll
0x000007fefad20000 - 0x000007fefad73000 	C:\Windows\System32\fwpuclnt.dll
0x0000000016580000 - 0x0000000016628000 	C:\Users\Tung\.Xilinx\SDK\2015.2\org.eclipse.osgi\bundles\287\1\.cp\swt-win32-4335.dll
0x000007feff8a0000 - 0x000007feff937000 	C:\Windows\system32\comdlg32.dll
0x000007fefb220000 - 0x000007fefb291000 	C:\Windows\system32\WINSPOOL.DRV
0x000007feff5e0000 - 0x000007feff70a000 	C:\Windows\system32\WININET.dll
0x000007feffb20000 - 0x000007feffc98000 	C:\Windows\system32\urlmon.dll
0x000007fefdd70000 - 0x000007fefded7000 	C:\Windows\system32\CRYPT32.dll
0x000007fefdc70000 - 0x000007fefdc7f000 	C:\Windows\system32\MSASN1.dll
0x000007fefe5f0000 - 0x000007fefe849000 	C:\Windows\system32\iertutil.dll
0x000007fefbf50000 - 0x000007fefbf68000 	C:\Windows\system32\dwmapi.dll
0x000007fefc3c0000 - 0x000007fefc4ec000 	C:\Windows\system32\propsys.dll
0x00000000023f0000 - 0x000000000240e000 	C:\Users\Tung\.Xilinx\SDK\2015.2\org.eclipse.osgi\bundles\287\1\.cp\swt-gdip-win32-4335.dll
0x000007fefc110000 - 0x000007fefc325000 	C:\Windows\WinSxS\amd64_microsoft.windows.gdiplus_6595b64144ccf1df_1.1.7601.17514_none_2b24536c71ed437a\gdiplus.dll
0x000007fefbde0000 - 0x000007fefbf0a000 	C:\Windows\system32\WindowsCodecs.dll
0x0000000180000000 - 0x0000000180012000 	C:\Users\Tung\.Xilinx\SDK\2015.2\org.eclipse.osgi\bundles\113\1\.cp\os\win32\x86_64\localfile_1_0_0.dll
0x000007fefb440000 - 0x000007fefb451000 	C:\Users\Tung\.Xilinx\SDK\2015.2\org.eclipse.osgi\bundles\116\1\.cp\jWinHttp-1.0.0.dll
0x000007fef9940000 - 0x000007fef99b1000 	C:\Windows\system32\WINHTTP.dll
0x000007fef98d0000 - 0x000007fef9934000 	C:\Windows\system32\webio.dll
0x000007fefda30000 - 0x000007fefda55000 	C:\Windows\system32\SspiCli.dll
0x000007fefd030000 - 0x000007fefd03a000 	C:\Windows\system32\credssp.dll
0x000007fefdd30000 - 0x000007fefdd66000 	C:\Windows\system32\CFGMGR32.dll
0x000007fefaf70000 - 0x000007fefafc4000 	C:\Windows\system32\oleacc.dll
0x000007fefdbb0000 - 0x000007fefdbc4000 	C:\Windows\system32\RpcRtRemote.dll
0x000007fefdb10000 - 0x000007fefdb67000 	C:\Windows\system32\apphelp.dll
0x000007feeb5d0000 - 0x000007feeb60b000 	C:\Windows\system32\mlang.dll
0x000007fef2450000 - 0x000007fef245a000 	C:\Xilinx\SDK\2015.2\lib\win64.o\librdi_jtag_settings.dll
0x000007feeef50000 - 0x000007feeef79000 	C:\Xilinx\SDK\2015.2\lib\win64.o\librdi_debug_dialog.dll
0x000007fefb150000 - 0x000007fefb172000 	C:\Xilinx\SDK\2015.2\lib\win64.o\libboost_filesystem.dll
0x000007fefb400000 - 0x000007fefb409000 	C:\Xilinx\SDK\2015.2\lib\win64.o\libboost_system.dll
0x000007feecd40000 - 0x000007feecde7000 	C:\Windows\system32\MSVCP110.dll
0x000007feece00000 - 0x000007feeced4000 	C:\Windows\system32\MSVCR110.dll
0x000007fec7bc0000 - 0x000007fec8503000 	C:\Xilinx\SDK\2015.2\lib\win64.o\librdi_common.dll
0x000007fec9d80000 - 0x000007feca028000 	C:\Xilinx\SDK\2015.2\lib\win64.o\libCOIN-all.dll
0x000007fec9b60000 - 0x000007fec9d80000 	C:\Xilinx\SDK\2015.2\lib\win64.o\libXil_lmgr11.dll
0x000007fefbc80000 - 0x000007fefbc96000 	C:\Windows\system32\NETAPI32.dll
0x000007fefbc70000 - 0x000007fefbc7c000 	C:\Windows\system32\netutils.dll
0x000007fefd670000 - 0x000007fefd693000 	C:\Windows\system32\srvcli.dll
0x000007fefbc50000 - 0x000007fefbc65000 	C:\Windows\system32\wkscli.dll
0x000007fefdcf0000 - 0x000007fefdd2a000 	C:\Windows\system32\WINTRUST.dll
0x000007fefb410000 - 0x000007fefb420000 	C:\Xilinx\SDK\2015.2\lib\win64.o\libboost_date_time.dll
0x000007fefaa30000 - 0x000007fefaaa4000 	C:\Xilinx\SDK\2015.2\lib\win64.o\libboost_program_options.dll
0x000007feebbb0000 - 0x000007feebcaa000 	C:\Xilinx\SDK\2015.2\lib\win64.o\libboost_regex.dll
0x000007fefb1d0000 - 0x000007fefb1e3000 	C:\Xilinx\SDK\2015.2\lib\win64.o\libboost_signals.dll
0x000007fefb190000 - 0x000007fefb1ad000 	C:\Xilinx\SDK\2015.2\lib\win64.o\libboost_thread.dll
0x000007fefb3f0000 - 0x000007fefb3fb000 	C:\Xilinx\SDK\2015.2\lib\win64.o\libboost_chrono.dll
0x000007fefa9b0000 - 0x000007fefaa30000 	C:\Xilinx\SDK\2015.2\lib\win64.o\libhdlpsolve.dll
0x000007fef24f0000 - 0x000007fef258a000 	C:\Xilinx\SDK\2015.2\lib\win64.o\libhdxml.dll
0x000007fec9550000 - 0x000007fec9b5a200 	C:\Xilinx\SDK\2015.2\lib\win64.o\libisl_iostreams.dll
0x000007fefb060000 - 0x000007fefb076000 	C:\Xilinx\SDK\2015.2\lib\win64.o\libboost_iostreams.dll
0x000007fefa950000 - 0x000007fefa973000 	C:\Xilinx\SDK\2015.2\lib\win64.o\librdizlib.dll
0x000007fef70f0000 - 0x000007fef7113000 	C:\Xilinx\SDK\2015.2\lib\win64.o\libisl_iosutils.dll
0x000007fef24c0000 - 0x000007fef24ea000 	C:\Xilinx\SDK\2015.2\lib\win64.o\libisl_sysinfo.dll
0x000007fefb470000 - 0x000007fefb485000 	C:\Xilinx\SDK\2015.2\lib\win64.o\pthreadVC2.dll
0x000007fef2460000 - 0x000007fef24b4000 	C:\Xilinx\SDK\2015.2\lib\win64.o\librdi_commonxillic.dll
0x000007fecb400000 - 0x000007fecb530000 	C:\Xilinx\SDK\2015.2\lib\win64.o\librdi_curl.dll
0x000007fefa930000 - 0x000007fefa948000 	C:\Xilinx\SDK\2015.2\lib\win64.o\librdiconfig.dll
0x0000000071290000 - 0x00000000713b7000 	C:\Xilinx\SDK\2015.2\lib\win64.o\tcl85t.dll
0x00000000208c0000 - 0x0000000020b23000 	C:\Xilinx\SDK\2015.2\lib\win64.o\xerces-c_3_1.dll
0x000007feea530000 - 0x000007feea553000 	C:\Windows\system32\VCOMP110.DLL
0x000007feca4a0000 - 0x000007feca688000 	C:\Xilinx\SDK\2015.2\lib\win64.o\librdi_hsm.dll
0x000007feef050000 - 0x000007feef093000 	C:\Xilinx\SDK\2015.2\lib\win64.o\librdi_hdf.dll
0x000007fec8eb0000 - 0x000007fec906a000 	C:\Xilinx\SDK\2015.2\lib\win64.o\librdi_ippcw.dll
0x000007fef70e0000 - 0x000007fef70e8000 	C:\Xilinx\SDK\2015.2\lib\win64.o\librdi_target_manager.dll
0x000007fefb2b0000 - 0x000007fefb2b7000 	C:\Windows\system32\msimg32.dll
0x000007feef570000 - 0x000007feef580000 	C:\Xilinx\SDK\2015.2\lib\win64.o\librdi_repo_manager.dll
0x000007feef030000 - 0x000007feef04c000 	C:\Xilinx\SDK\2015.2\lib\win64.o\librdi_hw_platform.dll
0x000007fec77b0000 - 0x000007fec7bba000 	C:\Xilinx\SDK\2015.2\lib\win64.o\librdi_commontasks.dll
0x000007fec6fa0000 - 0x000007fec77b0000 	C:\Xilinx\SDK\2015.2\lib\win64.o\libXil_lmgr11FNP.dll
0x000007fef69b0000 - 0x000007fef69bb000 	C:\Windows\system32\snmpapi.dll
0x000007feff940000 - 0x000007feffb17000 	C:\Windows\system32\SETUPAPI.dll
0x000007fefdee0000 - 0x000007fefdefa000 	C:\Windows\system32\DEVOBJ.dll
0x000007fefb3e0000 - 0x000007fefb3ef000 	C:\Windows\system32\wbem\wbemprox.dll
0x000007fefb350000 - 0x000007fefb3d6000 	C:\Windows\system32\wbemcomn.dll
0x000007fef7480000 - 0x000007fef7494000 	C:\Windows\system32\wbem\wbemsvc.dll
0x000007fef7820000 - 0x000007fef7902000 	C:\Windows\system32\wbem\fastprox.dll

VM Arguments:
jvm_args: -Dcom.xilinx.sdk.args.hwspec=C:/Users/Tung/Desktop/vdma_hdmi_conv_v1/axi_conv_fp_3x3/axi_conv_fp_3x3.sdk/design_1_wrapper.hdf -Xms64m -Xmx512m & 
java_command: <unknown>
java_class_path (initial): C:\Xilinx\SDK\2015.2\eclipse\win64.o\\plugins/org.eclipse.equinox.launcher_1.3.0.v20130327-1440.jar
Launcher Type: generic

Environment Variables:
USERNAME=Tung
OS=Windows_NT
PROCESSOR_IDENTIFIER=Intel64 Family 6 Model 60 Stepping 3, GenuineIntel



---------------  S Y S T E M  ---------------

OS: Windows 7 , 64 bit Build 7601 Service Pack 1

CPU:total 4 (4 cores per cpu, 1 threads per core) family 6 model 60 stepping 3, cmov, cx8, fxsr, mmx, sse, sse2, sse3, ssse3, sse4.1, sse4.2, popcnt, avx, avx2, aes, clmul, erms, lzcnt, tsc, tscinvbit, bmi1, bmi2

Memory: 4k page, physical 4110972k(1394188k free), swap 8220100k(4610948k free)

vm_info: Java HotSpot(TM) 64-Bit Server VM (25.25-b02) for windows-amd64 JRE (1.8.0_25-b18), built on Oct  7 2014 14:25:37 by "java_re" with MS VC++ 10.0 (VS2010)

time: Tue Aug 21 11:58:32 2018
elapsed time: 263 seconds (0d 0h 4m 23s)

