#
# A fatal error has been detected by the Java Runtime Environment:
#
#  Internal Error (0xc000000d), pid=1812, tid=1632
#
# JRE version: Java(TM) SE Runtime Environment (8.0_25-b18) (build 1.8.0_25-b18)
# Java VM: Java HotSpot(TM) 64-Bit Server VM (25.25-b02 mixed mode windows-amd64 compressed oops)
# Problematic frame:
# C  [ntdll.dll+0x7a291]
#
# Failed to write core dump. Minidumps are not enabled by default on client versions of Windows
#
# If you would like to submit a bug report, please visit:
#   http://bugreport.sun.com/bugreport/crash.jsp
#

---------------  T H R E A D  ---------------

Current thread (0x0000000013a96000):  VMThread [stack: 0x0000000014b00000,0x0000000014c00000] [id=1632]

siginfo: ExceptionCode=0xc000000d

Registers:
RAX=0x0000000063fe2c06, RBX=0x0000000000000000, RCX=0x0000000014bfef10, RDX=0x0000000000000000
RSP=0x0000000014bff520, RBP=0x0000000000205c70, RSI=0x000007feece07408, RDI=0x0000000014bff668
R8 =0x0000000000000000, R9 =0x0000000000000000, R10=0x0000000000000000, R11=0x0000000000000246
R12=0x0000000021709b10, R13=0x0000000021708de0, R14=0x0000000000205d78, R15=0x0000000000000000
RIP=0x0000000077cfa291, EFLAGS=0x0000000000000206

Top of Stack: (sp=0x0000000014bff520)
0x0000000014bff520:   0000000000000000 000007feece07408
0x0000000014bff530:   0000000014bff668 00000000f708ff00
0x0000000014bff540:   0000000000000012 000000008d00008d
0x0000000014bff550:   0000000000000000 0000000000000000
0x0000000014bff560:   0000000000000002 0000000040000040
0x0000000014bff570:   00000000c000000d 0000000000000000
0x0000000014bff580:   0000000077cfa291 0000000000000000
0x0000000014bff590:   0000000000000000 0000000000000000
0x0000000014bff5a0:   0000000000000000 0000000000000000
0x0000000014bff5b0:   0000000000000000 0000000000000000
0x0000000014bff5c0:   0000000000000000 0000000000000000
0x0000000014bff5d0:   0000000000000000 0000000000000000
0x0000000014bff5e0:   0000000000000000 0000000000000000
0x0000000014bff5f0:   0000000000000000 0000000000000000
0x0000000014bff600:   0000000000000000 0000000040000040
0x0000000014bff610:   0000000000000aac 0000000077ba2fe8 

Instructions: (pc=0x0000000077cfa291)
0x0000000077cfa271:   5b 8c fd ff b9 57 00 00 00 c7 44 24 50 0d 00 00
0x0000000077cfa281:   c0 e8 49 8f fd ff 48 8d 4c 24 50 e8 cf f2 f9 ff
0x0000000077cfa291:   4c 8b 1d 40 81 0b 00 4d 85 db 74 5b 65 48 8b 04
0x0000000077cfa2a1:   25 30 00 00 00 f6 80 ee 17 00 00 08 74 12 65 48 


Register to memory mapping:

RAX=0x0000000063fe2c06 is an unknown value
RBX=0x0000000000000000 is an unknown value
RCX=0x0000000014bfef10 is an unknown value
RDX=0x0000000000000000 is an unknown value
RSP=0x0000000014bff520 is an unknown value
RBP=0x0000000000205c70 is an unknown value
RSI=0x000007feece07408 is an unknown value
RDI=0x0000000014bff668 is an unknown value
R8 =0x0000000000000000 is an unknown value
R9 =0x0000000000000000 is an unknown value
R10=0x0000000000000000 is an unknown value
R11=0x0000000000000246 is an unknown value
R12=0x0000000021709b10 is an unknown value
R13=0x0000000021708de0 is an unknown value
R14=0x0000000000205d78 is an unknown value
R15=0x0000000000000000 is an unknown value


Stack: [0x0000000014b00000,0x0000000014c00000],  sp=0x0000000014bff520,  free space=1021k
Native frames: (J=compiled Java code, j=interpreted, Vv=VM code, C=native code)
C  [ntdll.dll+0x7a291]
C  [kernel32.dll+0x42fe8]
C  [MSVCR110.dll+0x752d]
C  [MSVCR110.dll+0x14cde]
C  [MSVCR110.dll+0x13edc]
C  [MSVCR110.dll+0x239e]
C  [MSVCR110.dll+0xaf9e]
C  [MSVCP110.dll+0x397b9]
C  [librdi_common.dll+0x135d02]
C  [librdi_common.dll+0x13447b]
C  [librdi_commontasks.dll+0x1cc33c]
C  [librdi_commontasks.dll+0x1cc5be]
C  [ntdll.dll+0x24371]
C  [ntdll.dll+0x24180]
C  [MSVCR100.dll+0x20ccd]
V  [jvm.dll+0x1f9c55]
V  [jvm.dll+0x2325e7]
V  [jvm.dll+0x231826]
V  [jvm.dll+0x231cc1]
V  [jvm.dll+0x231ede]
V  [jvm.dll+0x2852fa]
C  [MSVCR100.dll+0x21d9f]
C  [MSVCR100.dll+0x21e3b]
C  [kernel32.dll+0x1652d]
C  [ntdll.dll+0x2c521]

VM_Operation (0x000000000012f500): Exit, mode: safepoint, requested by thread 0x0000000002678000


---------------  P R O C E S S  ---------------

Java Threads: ( => current thread )
  0x000000001d8a1000 JavaThread "Thread-14" daemon [_thread_blocked, id=3936, stack(0x0000000021300000,0x0000000021400000)]
  0x000000001510e000 JavaThread "TCF Locator DNS Lookup" daemon [_thread_blocked, id=1860, stack(0x000000001bea0000,0x000000001bfa0000)]
  0x000000001510d000 JavaThread "TCF Locator Timer" daemon [_thread_blocked, id=1368, stack(0x000000001bda0000,0x000000001bea0000)]
  0x000000001510c800 JavaThread "TCF Locator Receiver" daemon [_thread_in_native, id=2912, stack(0x000000001bca0000,0x000000001bda0000)]
  0x0000000015108800 JavaThread "TCF Timer Dispatcher" daemon [_thread_blocked, id=2952, stack(0x000000001baa0000,0x000000001bba0000)]
  0x0000000016a1e800 JavaThread "EMF Reference Cleaner" daemon [_thread_blocked, id=3956, stack(0x0000000018480000,0x0000000018580000)]
  0x0000000015184000 JavaThread "Service Thread" daemon [_thread_blocked, id=1604, stack(0x0000000015700000,0x0000000015800000)]
  0x0000000015101000 JavaThread "C1 CompilerThread2" daemon [_thread_blocked, id=2272, stack(0x0000000015600000,0x0000000015700000)]
  0x0000000013b0f800 JavaThread "C2 CompilerThread1" daemon [_thread_blocked, id=2528, stack(0x0000000015500000,0x0000000015600000)]
  0x0000000013b0a000 JavaThread "C2 CompilerThread0" daemon [_thread_blocked, id=2152, stack(0x0000000015000000,0x0000000015100000)]
  0x0000000013b07000 JavaThread "Attach Listener" daemon [_thread_blocked, id=228, stack(0x0000000014f00000,0x0000000015000000)]
  0x0000000013b05800 JavaThread "Signal Dispatcher" daemon [_thread_blocked, id=3000, stack(0x0000000014e00000,0x0000000014f00000)]
  0x0000000013aa3000 JavaThread "Finalizer" daemon [_thread_blocked, id=3588, stack(0x0000000014d00000,0x0000000014e00000)]
  0x0000000013a9a000 JavaThread "Reference Handler" daemon [_thread_blocked, id=332, stack(0x0000000014c00000,0x0000000014d00000)]
  0x0000000002678000 JavaThread "main" [_thread_blocked, id=2024, stack(0x0000000000030000,0x0000000000130000)]

Other Threads:
=>0x0000000013a96000 VMThread [stack: 0x0000000014b00000,0x0000000014c00000] [id=1632]

VM state:at safepoint (shutting down)

VM Mutex/Monitor currently owned by a thread:  ([mutex/lock_event])
[0x000000000060df20] Threads_lock - owner thread: 0x0000000013a96000

Heap:
 PSYoungGen      total 87040K, used 30753K [0x00000000f5580000, 0x00000000fbb00000, 0x0000000100000000)
  eden space 71168K, 43% used [0x00000000f5580000,0x00000000f7388628,0x00000000f9b00000)
  from space 15872K, 0% used [0x00000000fab80000,0x00000000fab80000,0x00000000fbb00000)
  to   space 16384K, 0% used [0x00000000f9b00000,0x00000000f9b00000,0x00000000fab00000)
 ParOldGen       total 349696K, used 319677K [0x00000000e0000000, 0x00000000f5580000, 0x00000000f5580000)
  object space 349696K, 91% used [0x00000000e0000000,0x00000000f382f6d8,0x00000000f5580000)
 Metaspace       used 74257K, capacity 79416K, committed 79704K, reserved 1118208K
  class space    used 9040K, capacity 10751K, committed 10840K, reserved 1048576K

Card table byte_map: [0x0000000011b00000,0x0000000011c10000] byte_map_base: 0x0000000011400000

Marking Bits: (ParMarkBitMap*) 0x000000006d8fd490
 Begin Bits: [0x0000000012010000, 0x0000000012810000)
 End Bits:   [0x0000000012810000, 0x0000000013010000)

Polling page: 0x0000000000610000

CodeCache: size=245760Kb used=28718Kb max_used=28718Kb free=217041Kb
 bounds [0x0000000002740000, 0x0000000004390000, 0x0000000011740000]
 total_blobs=9115 nmethods=8271 adapters=752
 compilation: enabled

Compilation events (10 events):
Event: 540.858 Thread 0x0000000013b0f800 nmethod 10114 0x00000000043792d0 code [0x00000000043794a0, 0x000000000437a388]
Event: 540.859 Thread 0x0000000013b0f800 10121       4       java.io.WinNTFileSystem::resolve (231 bytes)
Event: 540.865 Thread 0x0000000015101000 10123       3       java.io.File::list (33 bytes)
Event: 540.865 Thread 0x0000000015101000 nmethod 10123 0x00000000038cc590 code [0x00000000038cc760, 0x00000000038cce88]
Event: 540.866 Thread 0x0000000013b0f800 nmethod 10121 0x000000000437ac50 code [0x000000000437ae00, 0x000000000437b6d0]
Event: 540.867 Thread 0x0000000013b0a000 nmethod 10120 0x000000000437be90 code [0x000000000437c0a0, 0x000000000437cd90]
Event: 540.875 Thread 0x0000000015101000 10124   !   3       org.eclipse.osgi.internal.baseadaptor.BaseStorage::compact (215 bytes)
Event: 540.877 Thread 0x0000000015101000 nmethod 10124 0x000000000437db90 code [0x000000000437dfc0, 0x0000000004380428]
Event: 540.879 Thread 0x0000000015101000 10125       3       org.eclipse.osgi.framework.internal.core.AbstractBundle::close (52 bytes)
Event: 540.880 Thread 0x0000000015101000 nmethod 10125 0x00000000038cb110 code [0x00000000038cb340, 0x00000000038cc028]

GC Heap History (10 events):
Event: 536.107 GC heap before
{Heap before GC invocations=81 (full 44):
 PSYoungGen      total 71168K, used 66045K [0x00000000f5580000, 0x00000000fbc00000, 0x0000000100000000)
  eden space 70656K, 93% used [0x00000000f5580000,0x00000000f95ff560,0x00000000f9a80000)
  from space 512K, 0% used [0x00000000f9a80000,0x00000000f9a80000,0x00000000f9b00000)
  to   space 16896K, 0% used [0x00000000fab80000,0x00000000fab80000,0x00000000fbc00000)
 ParOldGen       total 349696K, used 319677K [0x00000000e0000000, 0x00000000f5580000, 0x00000000f5580000)
  object space 349696K, 91% used [0x00000000e0000000,0x00000000f382f620,0x00000000f5580000)
 Metaspace       used 73211K, capacity 78536K, committed 78808K, reserved 1118208K
  class space    used 8923K, capacity 10589K, committed 10712K, reserved 1048576K
Event: 536.207 GC heap after
Heap after GC invocations=81 (full 44):
 PSYoungGen      total 71168K, used 0K [0x00000000f5580000, 0x00000000fbc00000, 0x0000000100000000)
  eden space 70656K, 0% used [0x00000000f5580000,0x00000000f5580000,0x00000000f9a80000)
  from space 512K, 0% used [0x00000000f9a80000,0x00000000f9a80000,0x00000000f9b00000)
  to   space 16896K, 0% used [0x00000000fab80000,0x00000000fab80000,0x00000000fbc00000)
 ParOldGen       total 349696K, used 286910K [0x00000000e0000000, 0x00000000f5580000, 0x00000000f5580000)
  object space 349696K, 82% used [0x00000000e0000000,0x00000000f182f800,0x00000000f5580000)
 Metaspace       used 73211K, capacity 78536K, committed 78808K, reserved 1118208K
  class space    used 8923K, capacity 10589K, committed 10712K, reserved 1048576K
}
Event: 536.230 GC heap before
{Heap before GC invocations=82 (full 44):
 PSYoungGen      total 71168K, used 65536K [0x00000000f5580000, 0x00000000fbc00000, 0x0000000100000000)
  eden space 70656K, 92% used [0x00000000f5580000,0x00000000f9580010,0x00000000f9a80000)
  from space 512K, 0% used [0x00000000f9a80000,0x00000000f9a80000,0x00000000f9b00000)
  to   space 16896K, 0% used [0x00000000fab80000,0x00000000fab80000,0x00000000fbc00000)
 ParOldGen       total 349696K, used 286910K [0x00000000e0000000, 0x00000000f5580000, 0x00000000f5580000)
  object space 349696K, 82% used [0x00000000e0000000,0x00000000f182f800,0x00000000f5580000)
 Metaspace       used 73211K, capacity 78536K, committed 78808K, reserved 1118208K
  class space    used 8923K, capacity 10589K, committed 10712K, reserved 1048576K
Event: 536.232 GC heap after
Heap after GC invocations=82 (full 44):
 PSYoungGen      total 71168K, used 65536K [0x00000000f5580000, 0x00000000fbc00000, 0x0000000100000000)
  eden space 70656K, 92% used [0x00000000f5580000,0x00000000f9580010,0x00000000f9a80000)
  from space 512K, 0% used [0x00000000f9a80000,0x00000000f9a80000,0x00000000f9b00000)
  to   space 16896K, 0% used [0x00000000fab80000,0x00000000fab80000,0x00000000fbc00000)
 ParOldGen       total 349696K, used 286910K [0x00000000e0000000, 0x00000000f5580000, 0x00000000f5580000)
  object space 349696K, 82% used [0x00000000e0000000,0x00000000f182f800,0x00000000f5580000)
 Metaspace       used 73211K, capacity 78536K, committed 78808K, reserved 1118208K
  class space    used 8923K, capacity 10589K, committed 10712K, reserved 1048576K
}
Event: 536.232 GC heap before
{Heap before GC invocations=83 (full 45):
 PSYoungGen      total 71168K, used 65536K [0x00000000f5580000, 0x00000000fbc00000, 0x0000000100000000)
  eden space 70656K, 92% used [0x00000000f5580000,0x00000000f9580010,0x00000000f9a80000)
  from space 512K, 0% used [0x00000000f9a80000,0x00000000f9a80000,0x00000000f9b00000)
  to   space 16896K, 0% used [0x00000000fab80000,0x00000000fab80000,0x00000000fbc00000)
 ParOldGen       total 349696K, used 286910K [0x00000000e0000000, 0x00000000f5580000, 0x00000000f5580000)
  object space 349696K, 82% used [0x00000000e0000000,0x00000000f182f800,0x00000000f5580000)
 Metaspace       used 73211K, capacity 78536K, committed 78808K, reserved 1118208K
  class space    used 8923K, capacity 10589K, committed 10712K, reserved 1048576K
Event: 536.347 GC heap after
Heap after GC invocations=83 (full 45):
 PSYoungGen      total 71168K, used 0K [0x00000000f5580000, 0x00000000fbc00000, 0x0000000100000000)
  eden space 70656K, 0% used [0x00000000f5580000,0x00000000f5580000,0x00000000f9a80000)
  from space 512K, 0% used [0x00000000f9a80000,0x00000000f9a80000,0x00000000f9b00000)
  to   space 16896K, 0% used [0x00000000fab80000,0x00000000fab80000,0x00000000fbc00000)
 ParOldGen       total 349696K, used 319677K [0x00000000e0000000, 0x00000000f5580000, 0x00000000f5580000)
  object space 349696K, 91% used [0x00000000e0000000,0x00000000f382f728,0x00000000f5580000)
 Metaspace       used 73211K, capacity 78536K, committed 78808K, reserved 1118208K
  class space    used 8923K, capacity 10589K, committed 10712K, reserved 1048576K
}
Event: 536.347 GC heap before
{Heap before GC invocations=84 (full 45):
 PSYoungGen      total 71168K, used 0K [0x00000000f5580000, 0x00000000fbc00000, 0x0000000100000000)
  eden space 70656K, 0% used [0x00000000f5580000,0x00000000f5580000,0x00000000f9a80000)
  from space 512K, 0% used [0x00000000f9a80000,0x00000000f9a80000,0x00000000f9b00000)
  to   space 16896K, 0% used [0x00000000fab80000,0x00000000fab80000,0x00000000fbc00000)
 ParOldGen       total 349696K, used 319677K [0x00000000e0000000, 0x00000000f5580000, 0x00000000f5580000)
  object space 349696K, 91% used [0x00000000e0000000,0x00000000f382f728,0x00000000f5580000)
 Metaspace       used 73211K, capacity 78536K, committed 78808K, reserved 1118208K
  class space    used 8923K, capacity 10589K, committed 10712K, reserved 1048576K
Event: 536.349 GC heap after
Heap after GC invocations=84 (full 45):
 PSYoungGen      total 87040K, used 0K [0x00000000f5580000, 0x00000000fbb00000, 0x0000000100000000)
  eden space 71168K, 0% used [0x00000000f5580000,0x00000000f5580000,0x00000000f9b00000)
  from space 15872K, 0% used [0x00000000fab80000,0x00000000fab80000,0x00000000fbb00000)
  to   space 16384K, 0% used [0x00000000f9b00000,0x00000000f9b00000,0x00000000fab00000)
 ParOldGen       total 349696K, used 319677K [0x00000000e0000000, 0x00000000f5580000, 0x00000000f5580000)
  object space 349696K, 91% used [0x00000000e0000000,0x00000000f382f728,0x00000000f5580000)
 Metaspace       used 73211K, capacity 78536K, committed 78808K, reserved 1118208K
  class space    used 8923K, capacity 10589K, committed 10712K, reserved 1048576K
}
Event: 536.349 GC heap before
{Heap before GC invocations=85 (full 46):
 PSYoungGen      total 87040K, used 0K [0x00000000f5580000, 0x00000000fbb00000, 0x0000000100000000)
  eden space 71168K, 0% used [0x00000000f5580000,0x00000000f5580000,0x00000000f9b00000)
  from space 15872K, 0% used [0x00000000fab80000,0x00000000fab80000,0x00000000fbb00000)
  to   space 16384K, 0% used [0x00000000f9b00000,0x00000000f9b00000,0x00000000fab00000)
 ParOldGen       total 349696K, used 319677K [0x00000000e0000000, 0x00000000f5580000, 0x00000000f5580000)
  object space 349696K, 91% used [0x00000000e0000000,0x00000000f382f728,0x00000000f5580000)
 Metaspace       used 73211K, capacity 78536K, committed 78808K, reserved 1118208K
  class space    used 8923K, capacity 10589K, committed 10712K, reserved 1048576K
Event: 536.438 GC heap after
Heap after GC invocations=85 (full 46):
 PSYoungGen      total 87040K, used 0K [0x00000000f5580000, 0x00000000fbb00000, 0x0000000100000000)
  eden space 71168K, 0% used [0x00000000f5580000,0x00000000f5580000,0x00000000f9b00000)
  from space 15872K, 0% used [0x00000000fab80000,0x00000000fab80000,0x00000000fbb00000)
  to   space 16384K, 0% used [0x00000000f9b00000,0x00000000f9b00000,0x00000000fab00000)
 ParOldGen       total 349696K, used 319677K [0x00000000e0000000, 0x00000000f5580000, 0x00000000f5580000)
  object space 349696K, 91% used [0x00000000e0000000,0x00000000f382f6d8,0x00000000f5580000)
 Metaspace       used 73211K, capacity 78536K, committed 78808K, reserved 1118208K
  class space    used 8923K, capacity 10589K, committed 10712K, reserved 1048576K
}

Deoptimization events (10 events):
Event: 539.733 Thread 0x0000000002678000 Uncommon trap: reason=unreached action=reinterpret pc=0x00000000028fe91c method=org.eclipse.e4.ui.internal.workbench.swt.PartRenderingEngine.someAreVisible(Ljava/util/List;)Z @ 41
Event: 539.741 Thread 0x0000000002678000 Uncommon trap: reason=unloaded action=reinterpret pc=0x00000000039fda78 method=org.eclipse.emf.ecore.xmi.impl.XMLSaveImpl$Escape.convert(Ljava/lang/String;)Ljava/lang/String; @ 732
Event: 539.776 Thread 0x0000000002678000 Uncommon trap: reason=class_check action=maybe_recompile pc=0x0000000004344c1c method=org.eclipse.e4.core.internal.contexts.TrackableComputationExt.update(Lorg/eclipse/e4/core/internal/contexts/ContextChangeEvent;)Z @ 62
Event: 539.776 Thread 0x0000000002678000 Uncommon trap: reason=class_check action=maybe_recompile pc=0x0000000004344c1c method=org.eclipse.e4.core.internal.contexts.TrackableComputationExt.update(Lorg/eclipse/e4/core/internal/contexts/ContextChangeEvent;)Z @ 62
Event: 539.776 Thread 0x0000000002678000 Uncommon trap: reason=class_check action=maybe_recompile pc=0x0000000004344c1c method=org.eclipse.e4.core.internal.contexts.TrackableComputationExt.update(Lorg/eclipse/e4/core/internal/contexts/ContextChangeEvent;)Z @ 62
Event: 539.808 Thread 0x0000000015102000 Uncommon trap: reason=unreached action=reinterpret pc=0x00000000041c44d4 method=org.eclipse.core.internal.jobs.JobManager.createMonitor(Lorg/eclipse/core/runtime/jobs/Job;)Lorg/eclipse/core/runtime/IProgressMonitor; @ 6
Event: 540.302 Thread 0x0000000002678000 Uncommon trap: reason=unreached action=reinterpret pc=0x0000000003e28684 method=org.eclipse.core.internal.localstore.FileSystemResourceManager.getStoreRoot(Lorg/eclipse/core/resources/IResource;)Lorg/eclipse/core/internal/localstore/FileStoreRoot; @ 17
Event: 540.302 Thread 0x0000000002678000 Uncommon trap: reason=unreached action=reinterpret pc=0x0000000003e55c0c method=org.eclipse.core.internal.localstore.FileStoreRoot.getManager(Lorg/eclipse/core/runtime/IPath;)Lorg/eclipse/core/resources/IPathVariableManager; @ 18
Event: 540.817 Thread 0x0000000002678000 Uncommon trap: reason=null_check action=make_not_entrant pc=0x000000000317cddc method=org.eclipse.core.runtime.internal.adaptor.EclipseLazyStarter.shouldActivateFor(Ljava/lang/String;Lorg/eclipse/osgi/baseadaptor/BaseData;Lorg/eclipse/core/runtime/internalH…ûöÇæ€@
Event: 540.848 Thread 0x0000000015102000 Uncommon trap: reason=unreached action=reinterpret pc=0x0000000003a21518 method=org.eclipse.core.internal.jobs.JobManager.nextJob()Lorg/eclipse/core/runtime/jobs/Job; @ 80

Internal exceptions (10 events):
Event: 539.525 Thread 0x000000001ff28800 Exception <a 'java/net/SocketException': Socket closed> (0x00000000f5eabf30) thrown at [D:\re\workspace\8-2-build-windows-amd64-cygwin\jdk8u25\1677\hotspot\src\share\vm\prims\jni.cpp, line 742]
Event: 539.525 Thread 0x0000000015110000 Exception <a 'java/lang/InterruptedException'> (0x00000000f5f6fd90) thrown at [D:\re\workspace\8-2-build-windows-amd64-cygwin\jdk8u25\1677\hotspot\src\share\vm\runtime\objectMonitor.cpp, line 1682]
Event: 539.807 Thread 0x000000001acf2000 Exception <a 'java/lang/InterruptedException'> (0x00000000f6e34038) thrown at [D:\re\workspace\8-2-build-windows-amd64-cygwin\jdk8u25\1677\hotspot\src\share\vm\runtime\objectMonitor.cpp, line 1682]
Event: 540.302 Thread 0x0000000002678000 Implicit null exception at 0x0000000003e283eb to 0x0000000003e28679
Event: 540.302 Thread 0x0000000002678000 Implicit null exception at 0x0000000003e547a8 to 0x0000000003e55bf5
Event: 540.817 Thread 0x0000000002678000 Implicit null exception at 0x000000000317c4a7 to 0x000000000317cdcd
Event: 540.857 Thread 0x0000000015442800 Exception <a 'java/lang/InterruptedException': sleep interrupted> (0x00000000f71b8ef8) thrown at [D:\re\workspace\8-2-build-windows-amd64-cygwin\jdk8u25\1677\hotspot\src\share\vm\prims\jvm.cpp, line 3141]
Event: 540.857 Thread 0x0000000015104000 Exception <a 'java/lang/InterruptedException'> (0x00000000f703bee0) thrown at [D:\re\workspace\8-2-build-windows-amd64-cygwin\jdk8u25\1677\hotspot\src\share\vm\runtime\objectMonitor.cpp, line 1682]
Event: 540.857 Thread 0x0000000015e70800 Exception <a 'java/lang/InterruptedException'> (0x00000000f726ad60) thrown at [D:\re\workspace\8-2-build-windows-amd64-cygwin\jdk8u25\1677\hotspot\src\share\vm\runtime\objectMonitor.cpp, line 1682]
Event: 540.879 Thread 0x0000000015e7a800 Exception <a 'java/lang/InterruptedException'> (0x00000000f7062708) thrown at [D:\re\workspace\8-2-build-windows-amd64-cygwin\jdk8u25\1677\hotspot\src\share\vm\runtime\objectMonitor.cpp, line 1682]

Events (10 events):
Event: 540.857 Thread 0x0000000015e70800 Thread exited: 0x0000000015e70800
Event: 540.879 Thread 0x0000000015e7a800 Thread exited: 0x0000000015e7a800
Event: 540.879 Thread 0x0000000015c1d000 Thread exited: 0x0000000015c1d000
Event: 540.880 loading class java/util/IdentityHashMap$KeyIterator
Event: 540.880 loading class java/util/IdentityHashMap$IdentityHashMapIterator
Event: 540.880 loading class java/util/IdentityHashMap$IdentityHashMapIterator done
Event: 540.880 loading class java/util/IdentityHashMap$KeyIterator done
Event: 540.880 Thread 0x0000000015104000 Thread added: 0x0000000015104000
Event: 540.880 Thread 0x0000000015104000 Thread exited: 0x0000000015104000
Event: 540.880 Executing VM operation: Exit


Dynamic libraries:
0x0000000000400000 - 0x000000000044f000 	C:\Xilinx\SDK\2015.2\eclipse\win64.o\eclipse.exe
0x0000000077c80000 - 0x0000000077e29000 	C:\Windows\SYSTEM32\ntdll.dll
0x0000000077b60000 - 0x0000000077c7f000 	C:\Windows\system32\kernel32.dll
0x000007fefdc80000 - 0x000007fefdceb000 	C:\Windows\system32\KERNELBASE.dll
0x0000000077a60000 - 0x0000000077b5a000 	C:\Windows\system32\USER32.dll
0x000007fefe420000 - 0x000007fefe487000 	C:\Windows\system32\GDI32.dll
0x000007fefff80000 - 0x000007fefff8e000 	C:\Windows\system32\LPK.dll
0x000007feffeb0000 - 0x000007fefff79000 	C:\Windows\system32\USP10.dll
0x000007fefe490000 - 0x000007fefe52f000 	C:\Windows\system32\msvcrt.dll
0x000007fefc670000 - 0x000007fefc864000 	C:\Windows\WinSxS\amd64_microsoft.windows.common-controls_6595b64144ccf1df_6.0.7601.17514_none_fa396087175ac9ac\COMCTL32.dll
0x000007feff820000 - 0x000007feff891000 	C:\Windows\system32\SHLWAPI.dll
0x000007feffca0000 - 0x000007feffcce000 	C:\Windows\system32\IMM32.DLL
0x000007feff710000 - 0x000007feff819000 	C:\Windows\system32\MSCTF.dll
0x0000000072000000 - 0x0000000072012000 	C:\Xilinx\SDK\2015.2\eclipse\win64.o\plugins\org.eclipse.equinox.launcher.win32.win32.x86_64_1.1.200.v20140116-2212\eclipse_1503.dll
0x000007feffdd0000 - 0x000007feffeab000 	C:\Windows\system32\ADVAPI32.dll
0x000007feffcd0000 - 0x000007feffcef000 	C:\Windows\SYSTEM32\sechost.dll
0x000007fefe290000 - 0x000007fefe3bd000 	C:\Windows\system32\RPCRT4.dll
0x000007fefcd30000 - 0x000007fefcd3c000 	C:\Windows\system32\VERSION.dll
0x000007fefc330000 - 0x000007fefc386000 	C:\Windows\system32\uxtheme.dll
0x000000006d120000 - 0x000000006d97a000 	C:\Xilinx\SDK\2015.2\tps\win64\jre\bin\server\jvm.dll
0x000007fefbdd0000 - 0x000007fefbdd9000 	C:\Windows\system32\WSOCK32.dll
0x000007fefe3d0000 - 0x000007fefe41d000 	C:\Windows\system32\WS2_32.dll
0x000007fefe3c0000 - 0x000007fefe3c8000 	C:\Windows\system32\NSI.dll
0x000007fefb9f0000 - 0x000007fefba2b000 	C:\Windows\system32\WINMM.dll
0x0000000077e50000 - 0x0000000077e57000 	C:\Windows\system32\PSAPI.DLL
0x0000000073010000 - 0x00000000730e2000 	C:\Windows\system32\MSVCR100.dll
0x0000000075950000 - 0x000000007595f000 	C:\Xilinx\SDK\2015.2\tps\win64\jre\bin\verify.dll
0x0000000075920000 - 0x0000000075948000 	C:\Xilinx\SDK\2015.2\tps\win64\jre\bin\java.dll
0x0000000075900000 - 0x0000000075916000 	C:\Xilinx\SDK\2015.2\tps\win64\jre\bin\zip.dll
0x000007fefe850000 - 0x000007feff5d8000 	C:\Windows\system32\SHELL32.dll
0x000007fefe080000 - 0x000007fefe283000 	C:\Windows\system32\ole32.dll
0x000007fefdbd0000 - 0x000007fefdbdf000 	C:\Windows\system32\profapi.dll
0x000007fefd460000 - 0x000007fefd477000 	C:\Windows\system32\CRYPTSP.dll
0x000007fefd160000 - 0x000007fefd1a7000 	C:\Windows\system32\rsaenh.dll
0x000007fefcf20000 - 0x000007fefcf3e000 	C:\Windows\system32\USERENV.dll
0x000007fefda60000 - 0x000007fefda6f000 	C:\Windows\system32\CRYPTBASE.dll
0x0000000075810000 - 0x000000007582a000 	C:\Xilinx\SDK\2015.2\tps\win64\jre\bin\net.dll
0x000007fefd400000 - 0x000007fefd455000 	C:\Windows\system32\mswsock.dll
0x000007fefd3f0000 - 0x000007fefd3f7000 	C:\Windows\System32\wship6.dll
0x000007fefb2d0000 - 0x000007fefb2f7000 	C:\Windows\system32\IPHLPAPI.DLL
0x000007fefb2c0000 - 0x000007fefb2cb000 	C:\Windows\system32\WINNSI.DLL
0x000007fefacf0000 - 0x000007fefad01000 	C:\Windows\system32\dhcpcsvc6.DLL
0x000007fefac70000 - 0x000007fefac88000 	C:\Windows\system32\dhcpcsvc.DLL
0x0000000071c40000 - 0x0000000071c51000 	C:\Xilinx\SDK\2015.2\tps\win64\jre\bin\nio.dll
0x000007fefe550000 - 0x000007fefe5e9000 	C:\Windows\system32\CLBCatQ.DLL
0x000007fefdfa0000 - 0x000007fefe077000 	C:\Windows\system32\OLEAUT32.dll
0x000007fefb890000 - 0x000007fefb8a5000 	C:\Windows\system32\NLAapi.dll
0x000007fef1f50000 - 0x000007fef1f65000 	C:\Windows\system32\napinsp.dll
0x000007fef1de0000 - 0x000007fef1df9000 	C:\Windows\system32\pnrpnsp.dll
0x000007fefd280000 - 0x000007fefd2db000 	C:\Windows\system32\DNSAPI.dll
0x000007fef1cd0000 - 0x000007fef1cdb000 	C:\Windows\System32\winrnr.dll
0x000007fefce00000 - 0x000007fefce07000 	C:\Windows\System32\wshtcpip.dll
0x000007fefa5c0000 - 0x000007fefa5c8000 	C:\Windows\system32\rasadhlp.dll
0x000007fefad20000 - 0x000007fefad73000 	C:\Windows\System32\fwpuclnt.dll
0x00000000164a0000 - 0x0000000016548000 	C:\Users\Tung\.Xilinx\SDK\2015.2\org.eclipse.osgi\bundles\287\1\.cp\swt-win32-4335.dll
0x000007feff8a0000 - 0x000007feff937000 	C:\Windows\system32\comdlg32.dll
0x000007fefb220000 - 0x000007fefb291000 	C:\Windows\system32\WINSPOOL.DRV
0x000007feff5e0000 - 0x000007feff70a000 	C:\Windows\system32\WININET.dll
0x000007feffb20000 - 0x000007feffc98000 	C:\Windows\system32\urlmon.dll
0x000007fefdd70000 - 0x000007fefded7000 	C:\Windows\system32\CRYPT32.dll
0x000007fefdc70000 - 0x000007fefdc7f000 	C:\Windows\system32\MSASN1.dll
0x000007fefe5f0000 - 0x000007fefe849000 	C:\Windows\system32\iertutil.dll
0x000007fefbf50000 - 0x000007fefbf68000 	C:\Windows\system32\dwmapi.dll
0x000007fefc3c0000 - 0x000007fefc4ec000 	C:\Windows\system32\propsys.dll
0x0000000016240000 - 0x000000001625e000 	C:\Users\Tung\.Xilinx\SDK\2015.2\org.eclipse.osgi\bundles\287\1\.cp\swt-gdip-win32-4335.dll
0x000007fefc110000 - 0x000007fefc325000 	C:\Windows\WinSxS\amd64_microsoft.windows.gdiplus_6595b64144ccf1df_1.1.7601.17514_none_2b24536c71ed437a\gdiplus.dll
0x000007fefbde0000 - 0x000007fefbf0a000 	C:\Windows\system32\WindowsCodecs.dll
0x0000000180000000 - 0x0000000180012000 	C:\Users\Tung\.Xilinx\SDK\2015.2\org.eclipse.osgi\bundles\113\1\.cp\os\win32\x86_64\localfile_1_0_0.dll
0x000007fefb400000 - 0x000007fefb411000 	C:\Users\Tung\.Xilinx\SDK\2015.2\org.eclipse.osgi\bundles\116\1\.cp\jWinHttp-1.0.0.dll
0x000007fef9940000 - 0x000007fef99b1000 	C:\Windows\system32\WINHTTP.dll
0x000007fef98d0000 - 0x000007fef9934000 	C:\Windows\system32\webio.dll
0x000007fefda30000 - 0x000007fefda55000 	C:\Windows\system32\SspiCli.dll
0x000007fefd030000 - 0x000007fefd03a000 	C:\Windows\system32\credssp.dll
0x000007fefdd30000 - 0x000007fefdd66000 	C:\Windows\system32\CFGMGR32.dll
0x000007fefaf70000 - 0x000007fefafc4000 	C:\Windows\system32\oleacc.dll
0x000007fefdbb0000 - 0x000007fefdbc4000 	C:\Windows\system32\RpcRtRemote.dll
0x000007fefdb10000 - 0x000007fefdb67000 	C:\Windows\system32\apphelp.dll
0x000007feeb5d0000 - 0x000007feeb60b000 	C:\Windows\system32\mlang.dll
0x000007fefb060000 - 0x000007fefb06a000 	C:\Xilinx\SDK\2015.2\lib\win64.o\librdi_jtag_settings.dll
0x000007feecf40000 - 0x000007feecf69000 	C:\Xilinx\SDK\2015.2\lib\win64.o\librdi_debug_dialog.dll
0x000007fefb1c0000 - 0x000007fefb1e2000 	C:\Xilinx\SDK\2015.2\lib\win64.o\libboost_filesystem.dll
0x000007fefb1b0000 - 0x000007fefb1b9000 	C:\Xilinx\SDK\2015.2\lib\win64.o\libboost_system.dll
0x000007feecd40000 - 0x000007feecde7000 	C:\Windows\system32\MSVCP110.dll
0x000007feece00000 - 0x000007feeced4000 	C:\Windows\system32\MSVCR110.dll
0x000007fec8f90000 - 0x000007fec98d3000 	C:\Xilinx\SDK\2015.2\lib\win64.o\librdi_common.dll
0x000007fecbe70000 - 0x000007fecc118000 	C:\Xilinx\SDK\2015.2\lib\win64.o\libCOIN-all.dll
0x000007feec150000 - 0x000007feec370000 	C:\Xilinx\SDK\2015.2\lib\win64.o\libXil_lmgr11.dll
0x000007fefbc80000 - 0x000007fefbc96000 	C:\Windows\system32\NETAPI32.dll
0x000007fefbc70000 - 0x000007fefbc7c000 	C:\Windows\system32\netutils.dll
0x000007fefd670000 - 0x000007fefd693000 	C:\Windows\system32\srvcli.dll
0x000007fefbc50000 - 0x000007fefbc65000 	C:\Windows\system32\wkscli.dll
0x000007fefdcf0000 - 0x000007fefdd2a000 	C:\Windows\system32\WINTRUST.dll
0x000007fefb3f0000 - 0x000007fefb400000 	C:\Xilinx\SDK\2015.2\lib\win64.o\libboost_date_time.dll
0x000007fefb0c0000 - 0x000007fefb134000 	C:\Xilinx\SDK\2015.2\lib\win64.o\libboost_program_options.dll
0x000007fef2490000 - 0x000007fef258a000 	C:\Xilinx\SDK\2015.2\lib\win64.o\libboost_regex.dll
0x000007fefb190000 - 0x000007fefb1a3000 	C:\Xilinx\SDK\2015.2\lib\win64.o\libboost_signals.dll
0x000007fefb0a0000 - 0x000007fefb0bd000 	C:\Xilinx\SDK\2015.2\lib\win64.o\libboost_thread.dll
0x000007fefb090000 - 0x000007fefb09b000 	C:\Xilinx\SDK\2015.2\lib\win64.o\libboost_chrono.dll
0x000007fefaa30000 - 0x000007fefaab0000 	C:\Xilinx\SDK\2015.2\lib\win64.o\libhdlpsolve.dll
0x000007feeed80000 - 0x000007feeee1a000 	C:\Xilinx\SDK\2015.2\lib\win64.o\libhdxml.dll
0x000007feca4f0000 - 0x000007fecaafa200 	C:\Xilinx\SDK\2015.2\lib\win64.o\libisl_iostreams.dll
0x000007fefb070000 - 0x000007fefb086000 	C:\Xilinx\SDK\2015.2\lib\win64.o\libboost_iostreams.dll
0x000007fefaa00000 - 0x000007fefaa23000 	C:\Xilinx\SDK\2015.2\lib\win64.o\librdizlib.dll
0x000007fefa9d0000 - 0x000007fefa9f3000 	C:\Xilinx\SDK\2015.2\lib\win64.o\libisl_iosutils.dll
0x000007fefa950000 - 0x000007fefa97a000 	C:\Xilinx\SDK\2015.2\lib\win64.o\libisl_sysinfo.dll
0x000007fefb440000 - 0x000007fefb455000 	C:\Xilinx\SDK\2015.2\lib\win64.o\pthreadVC2.dll
0x000007feef040000 - 0x000007feef094000 	C:\Xilinx\SDK\2015.2\lib\win64.o\librdi_commonxillic.dll
0x000007feeec50000 - 0x000007feeed80000 	C:\Xilinx\SDK\2015.2\lib\win64.o\librdi_curl.dll
0x000007fefa9b0000 - 0x000007fefa9c8000 	C:\Xilinx\SDK\2015.2\lib\win64.o\librdiconfig.dll
0x0000000069e90000 - 0x0000000069fb7000 	C:\Xilinx\SDK\2015.2\lib\win64.o\tcl85t.dll
0x0000000021830000 - 0x0000000021a93000 	C:\Xilinx\SDK\2015.2\lib\win64.o\xerces-c_3_1.dll
0x000007feea530000 - 0x000007feea553000 	C:\Windows\system32\VCOMP110.DLL
0x000007feeafa0000 - 0x000007feeb188000 	C:\Xilinx\SDK\2015.2\lib\win64.o\librdi_hsm.dll
0x000007fef2440000 - 0x000007fef2483000 	C:\Xilinx\SDK\2015.2\lib\win64.o\librdi_hdf.dll
0x000007fec8a30000 - 0x000007fec8bea000 	C:\Xilinx\SDK\2015.2\lib\win64.o\librdi_ippcw.dll
0x000007fefa930000 - 0x000007fefa938000 	C:\Xilinx\SDK\2015.2\lib\win64.o\librdi_target_manager.dll
0x000007fef70e0000 - 0x000007fef70f0000 	C:\Xilinx\SDK\2015.2\lib\win64.o\librdi_repo_manager.dll
0x000007fefb2b0000 - 0x000007fefb2b7000 	C:\Windows\system32\msimg32.dll
0x000007fef1e30000 - 0x000007fef1e4c000 	C:\Xilinx\SDK\2015.2\lib\win64.o\librdi_hw_platform.dll
0x000007fecba60000 - 0x000007fecbe6a000 	C:\Xilinx\SDK\2015.2\lib\win64.o\librdi_commontasks.dll
0x000007fec9a20000 - 0x000007feca230000 	C:\Xilinx\SDK\2015.2\lib\win64.o\libXil_lmgr11FNP.dll
0x000007fef69b0000 - 0x000007fef69bb000 	C:\Windows\system32\snmpapi.dll
0x000007feff940000 - 0x000007feffb17000 	C:\Windows\system32\SETUPAPI.dll
0x000007fefdee0000 - 0x000007fefdefa000 	C:\Windows\system32\DEVOBJ.dll
0x000007fefb3e0000 - 0x000007fefb3ef000 	C:\Windows\system32\wbem\wbemprox.dll
0x000007fefb350000 - 0x000007fefb3d6000 	C:\Windows\system32\wbemcomn.dll
0x000007fef7480000 - 0x000007fef7494000 	C:\Windows\system32\wbem\wbemsvc.dll
0x000007fef7820000 - 0x000007fef7902000 	C:\Windows\system32\wbem\fastprox.dll

VM Arguments:
jvm_args: -Dcom.xilinx.sdk.args.hwspec=C:/Users/Tung/Desktop/vdma_hdmi_conv_v1/axi_conv_fp_3x3/axi_conv_fp_3x3.sdk/design_1_wrapper.hdf -Xms64m -Xmx512m & 
java_command: <unknown>
java_class_path (initial): C:\Xilinx\SDK\2015.2\eclipse\win64.o\\plugins/org.eclipse.equinox.launcher_1.3.0.v20130327-1440.jar
Launcher Type: generic

Environment Variables:
USERNAME=Tung
OS=Windows_NT
PROCESSOR_IDENTIFIER=Intel64 Family 6 Model 60 Stepping 3, GenuineIntel



---------------  S Y S T E M  ---------------

OS: Windows 7 , 64 bit Build 7601 Service Pack 1

CPU:total 4 (4 cores per cpu, 1 threads per core) family 6 model 60 stepping 3, cmov, cx8, fxsr, mmx, sse, sse2, sse3, ssse3, sse4.1, sse4.2, popcnt, avx, avx2, aes, clmul, erms, lzcnt, tsc, tscinvbit, bmi1, bmi2

Memory: 4k page, physical 4110972k(1289500k free), swap 8220100k(4559424k free)

vm_info: Java HotSpot(TM) 64-Bit Server VM (25.25-b02) for windows-amd64 JRE (1.8.0_25-b18), built on Oct  7 2014 14:25:37 by "java_re" with MS VC++ 10.0 (VS2010)

time: Tue Aug 21 13:25:50 2018
elapsed time: 541 seconds (0d 0h 9m 1s)

