#
# A fatal error has been detected by the Java Runtime Environment:
#
#  Internal Error (0xc000000d), pid=4400, tid=3172
#
# JRE version: Java(TM) SE Runtime Environment (8.0_25-b18) (build 1.8.0_25-b18)
# Java VM: Java HotSpot(TM) 64-Bit Server VM (25.25-b02 mixed mode windows-amd64 compressed oops)
# Problematic frame:
# C  [ntdll.dll+0x7a291]
#
# Failed to write core dump. Minidumps are not enabled by default on client versions of Windows
#
# If you would like to submit a bug report, please visit:
#   http://bugreport.sun.com/bugreport/crash.jsp
#

---------------  T H R E A D  ---------------

Current thread (0x0000000013ada000):  VMThread [stack: 0x0000000014b40000,0x0000000014c40000] [id=3172]

siginfo: ExceptionCode=0xc000000d

Registers:
RAX=0x00000000634953da, RBX=0x0000000000000000, RCX=0x0000000014c3ed10, RDX=0x0000000000000000
RSP=0x0000000014c3f320, RBP=0x0000000000365da0, RSI=0x000007feeb867408, RDI=0x0000000014c3f468
R8 =0x0000000000000000, R9 =0x0000000000000000, R10=0x0000000000000000, R11=0x0000000000000246
R12=0x0000000024ab4f50, R13=0x0000000024ab4f10, R14=0x0000000000365ea8, R15=0x0000000000000000
RIP=0x00000000772da291, EFLAGS=0x0000000000000202

Top of Stack: (sp=0x0000000014c3f320)
0x0000000014c3f320:   0000000000000000 000007feeb867408
0x0000000014c3f330:   0000000014c3f468 0000000000620268
0x0000000014c3f340:   000007fe00000000 000000000000005d
0x0000000014c3f350:   0000000000000000 0087000000000000
0x0000000014c3f360:   0011000000000002 0000000000000002
0x0000000014c3f370:   00000000c000000d 0000000000000000
0x0000000014c3f380:   00000000772da291 0000000000000000
0x0000000014c3f390:   0000000000000000 0000000000000000
0x0000000014c3f3a0:   0000000000000000 0000000000000000
0x0000000014c3f3b0:   0000000000000000 0000000000000000
0x0000000014c3f3c0:   0000000000000000 0000000000000000
0x0000000014c3f3d0:   0000000000000000 0000000000000000
0x0000000014c3f3e0:   0000000000000000 0000000000000000
0x0000000014c3f3f0:   0000000000000000 0000000000000000
0x0000000014c3f400:   0000000000000000 0000000077162fd1
0x0000000014c3f410:   0000000000000360 0000000077182fe8 

Instructions: (pc=0x00000000772da291)
0x00000000772da271:   5b 8c fd ff b9 57 00 00 00 c7 44 24 50 0d 00 00
0x00000000772da281:   c0 e8 49 8f fd ff 48 8d 4c 24 50 e8 cf f2 f9 ff
0x00000000772da291:   4c 8b 1d 40 81 0b 00 4d 85 db 74 5b 65 48 8b 04
0x00000000772da2a1:   25 30 00 00 00 f6 80 ee 17 00 00 08 74 12 65 48 


Register to memory mapping:

RAX=0x00000000634953da is an unknown value
RBX=0x0000000000000000 is an unknown value
RCX=0x0000000014c3ed10 is an unknown value
RDX=0x0000000000000000 is an unknown value
RSP=0x0000000014c3f320 is an unknown value
RBP=0x0000000000365da0 is an unknown value
RSI=0x000007feeb867408 is an unknown value
RDI=0x0000000014c3f468 is an unknown value
R8 =0x0000000000000000 is an unknown value
R9 =0x0000000000000000 is an unknown value
R10=0x0000000000000000 is an unknown value
R11=0x0000000000000246 is an unknown value
R12=0x0000000024ab4f50 is an unknown value
R13=0x0000000024ab4f10 is an unknown value
R14=0x0000000000365ea8 is an unknown value
R15=0x0000000000000000 is an unknown value


Stack: [0x0000000014b40000,0x0000000014c40000],  sp=0x0000000014c3f320,  free space=1020k
Native frames: (J=compiled Java code, j=interpreted, Vv=VM code, C=native code)
C  [ntdll.dll+0x7a291]
C  [kernel32.dll+0x42fe8]
C  [MSVCR110.dll+0x752d]
C  [MSVCR110.dll+0x14cde]
C  [MSVCR110.dll+0x13edc]
C  [MSVCR110.dll+0x239e]
C  [MSVCR110.dll+0xaf9e]
C  [MSVCP110.dll+0x397b9]
C  [librdi_common.dll+0x135d02]
C  [librdi_common.dll+0x13447b]
C  0x000007fece150904
C  0x000007fece150b86
C  [ntdll.dll+0x24371]
C  [ntdll.dll+0x24180]
C  [MSVCR100.dll+0x20ccd]
V  [jvm.dll+0x1f9c55]
V  [jvm.dll+0x2325e7]
V  [jvm.dll+0x231826]
V  [jvm.dll+0x231cc1]
V  [jvm.dll+0x231ede]
V  [jvm.dll+0x2852fa]
C  [MSVCR100.dll+0x21d9f]
C  [MSVCR100.dll+0x21e3b]
C  [kernel32.dll+0x1652d]
C  [ntdll.dll+0x2c521]

VM_Operation (0x000000000012f500): Exit, mode: safepoint, requested by thread 0x00000000025e8000


---------------  P R O C E S S  ---------------

Java Threads: ( => current thread )
  0x000000001bfa5000 JavaThread "Thread-12" daemon [_thread_blocked, id=4264, stack(0x00000000219f0000,0x0000000021af0000)]
  0x000000001a20d000 JavaThread "TCF Locator DNS Lookup" daemon [_thread_blocked, id=4464, stack(0x000000001cd10000,0x000000001ce10000)]
  0x000000001a20c000 JavaThread "TCF Locator Timer" daemon [_thread_blocked, id=4744, stack(0x000000001cc10000,0x000000001cd10000)]
  0x000000001a20b800 JavaThread "TCF Locator Receiver" daemon [_thread_in_native, id=4808, stack(0x000000001cb10000,0x000000001cc10000)]
  0x000000001a20a000 JavaThread "TCF Timer Dispatcher" daemon [_thread_blocked, id=4544, stack(0x000000001c910000,0x000000001ca10000)]
  0x0000000016e4e800 JavaThread "EMF Reference Cleaner" daemon [_thread_blocked, id=2388, stack(0x0000000018520000,0x0000000018620000)]
  0x00000000151bd000 JavaThread "Service Thread" daemon [_thread_blocked, id=2492, stack(0x0000000015740000,0x0000000015840000)]
  0x0000000015143800 JavaThread "C1 CompilerThread2" daemon [_thread_blocked, id=3188, stack(0x0000000015640000,0x0000000015740000)]
  0x0000000013b4f800 JavaThread "C2 CompilerThread1" daemon [_thread_blocked, id=1516, stack(0x0000000015540000,0x0000000015640000)]
  0x0000000013b4c800 JavaThread "C2 CompilerThread0" daemon [_thread_blocked, id=2240, stack(0x0000000015040000,0x0000000015140000)]
  0x0000000013b4a000 JavaThread "Attach Listener" daemon [_thread_blocked, id=4332, stack(0x0000000014f40000,0x0000000015040000)]
  0x0000000013b49000 JavaThread "Signal Dispatcher" daemon [_thread_blocked, id=4556, stack(0x0000000014e40000,0x0000000014f40000)]
  0x0000000013ae6800 JavaThread "Finalizer" daemon [_thread_blocked, id=3724, stack(0x0000000014d40000,0x0000000014e40000)]
  0x0000000013ade000 JavaThread "Reference Handler" daemon [_thread_blocked, id=5112, stack(0x0000000014c40000,0x0000000014d40000)]
  0x00000000025e8000 JavaThread "main" [_thread_blocked, id=4564, stack(0x0000000000030000,0x0000000000130000)]

Other Threads:
=>0x0000000013ada000 VMThread [stack: 0x0000000014b40000,0x0000000014c40000] [id=3172]

VM state:at safepoint (shutting down)

VM Mutex/Monitor currently owned by a thread:  ([mutex/lock_event])
[0x000000000277df20] Threads_lock - owner thread: 0x0000000013ada000

Heap:
 PSYoungGen      total 88064K, used 55083K [0x00000000f5580000, 0x00000000fc400000, 0x0000000100000000)
  eden space 63488K, 69% used [0x00000000f5580000,0x00000000f80c5e08,0x00000000f9380000)
  from space 24576K, 43% used [0x00000000f9380000,0x00000000f9e04f08,0x00000000fab80000)
  to   space 23040K, 0% used [0x00000000fad80000,0x00000000fad80000,0x00000000fc400000)
 ParOldGen       total 105472K, used 44021K [0x00000000e0000000, 0x00000000e6700000, 0x00000000f5580000)
  object space 105472K, 41% used [0x00000000e0000000,0x00000000e2afd7f0,0x00000000e6700000)
 Metaspace       used 75032K, capacity 80758K, committed 80984K, reserved 1120256K
  class space    used 9246K, capacity 11061K, committed 11096K, reserved 1048576K

Card table byte_map: [0x0000000011b40000,0x0000000011c50000] byte_map_base: 0x0000000011440000

Marking Bits: (ParMarkBitMap*) 0x000000006b3cd490
 Begin Bits: [0x0000000012050000, 0x0000000012850000)
 End Bits:   [0x0000000012850000, 0x0000000013050000)

Polling page: 0x0000000000600000

CodeCache: size=245760Kb used=27213Kb max_used=27213Kb free=218546Kb
 bounds [0x0000000002780000, 0x0000000004250000, 0x0000000011780000]
 total_blobs=8794 nmethods=7948 adapters=755
 compilation: enabled

Compilation events (10 events):
Event: 179.530 Thread 0x0000000015143800 9577       3       java.io.File::list (33 bytes)
Event: 179.530 Thread 0x0000000015143800 nmethod 9577 0x00000000035a56d0 code [0x00000000035a58a0, 0x00000000035a5fc8]
Event: 179.563 Thread 0x0000000015143800 9578   !   3       org.eclipse.osgi.internal.baseadaptor.BaseStorage::compact (215 bytes)
Event: 179.564 Thread 0x0000000015143800 nmethod 9578 0x000000000422b450 code [0x000000000422b880, 0x000000000422dce8]
Event: 179.568 Thread 0x0000000015143800 9579       3       org.eclipse.osgi.framework.internal.core.AbstractBundle::close (52 bytes)
Event: 179.569 Thread 0x0000000015143800 nmethod 9579 0x00000000035a4250 code [0x00000000035a4480, 0x00000000035a5168]
Event: 179.569 Thread 0x0000000015143800 9580       1       java.util.concurrent.CopyOnWriteArrayList::getArray (5 bytes)
Event: 179.569 Thread 0x0000000015143800 nmethod 9580 0x00000000035a3f90 code [0x00000000035a40e0, 0x00000000035a41f0]
Event: 179.569 Thread 0x0000000015143800 9581       3       java.util.LinkedHashMap::clear (15 bytes)
Event: 179.569 Thread 0x0000000015143800 nmethod 9581 0x00000000035a3bd0 code [0x00000000035a3d40, 0x00000000035a3f08]

GC Heap History (10 events):
Event: 25.974 GC heap before
{Heap before GC invocations=15 (full 3):
 PSYoungGen      total 77824K, used 77817K [0x00000000f5580000, 0x00000000fc080000, 0x0000000100000000)
  eden space 58880K, 100% used [0x00000000f5580000,0x00000000f8f00000,0x00000000f8f00000)
  from space 18944K, 99% used [0x00000000f8f00000,0x00000000fa17e540,0x00000000fa180000)
  to   space 22016K, 0% used [0x00000000fab00000,0x00000000fab00000,0x00000000fc080000)
 ParOldGen       total 105472K, used 32331K [0x00000000e0000000, 0x00000000e6700000, 0x00000000f5580000)
  object space 105472K, 30% used [0x00000000e0000000,0x00000000e1f92e08,0x00000000e6700000)
 Metaspace       used 70050K, capacity 75678K, committed 75864K, reserved 1114112K
  class space    used 8771K, capacity 10480K, committed 10584K, reserved 1048576K
Event: 25.987 GC heap after
Heap after GC invocations=15 (full 3):
 PSYoungGen      total 86016K, used 16912K [0x00000000f5580000, 0x00000000fc100000, 0x0000000100000000)
  eden space 64000K, 0% used [0x00000000f5580000,0x00000000f5580000,0x00000000f9400000)
  from space 22016K, 76% used [0x00000000fab00000,0x00000000fbb840c0,0x00000000fc080000)
  to   space 23040K, 0% used [0x00000000f9400000,0x00000000f9400000,0x00000000faa80000)
 ParOldGen       total 105472K, used 32339K [0x00000000e0000000, 0x00000000e6700000, 0x00000000f5580000)
  object space 105472K, 30% used [0x00000000e0000000,0x00000000e1f94e08,0x00000000e6700000)
 Metaspace       used 70050K, capacity 75678K, committed 75864K, reserved 1114112K
  class space    used 8771K, capacity 10480K, committed 10584K, reserved 1048576K
}
Event: 77.402 GC heap before
{Heap before GC invocations=16 (full 3):
 PSYoungGen      total 86016K, used 75703K [0x00000000f5580000, 0x00000000fc100000, 0x0000000100000000)
  eden space 64000K, 91% used [0x00000000f5580000,0x00000000f8ee9da8,0x00000000f9400000)
  from space 22016K, 76% used [0x00000000fab00000,0x00000000fbb840c0,0x00000000fc080000)
  to   space 23040K, 0% used [0x00000000f9400000,0x00000000f9400000,0x00000000faa80000)
 ParOldGen       total 105472K, used 32339K [0x00000000e0000000, 0x00000000e6700000, 0x00000000f5580000)
  object space 105472K, 30% used [0x00000000e0000000,0x00000000e1f94e08,0x00000000e6700000)
 Metaspace       used 71795K, capacity 77312K, committed 77528K, reserved 1116160K
  class space    used 8943K, capacity 10686K, committed 10712K, reserved 1048576K
Event: 77.411 GC heap after
Heap after GC invocations=16 (full 3):
 PSYoungGen      total 87040K, used 17814K [0x00000000f5580000, 0x00000000fc300000, 0x0000000100000000)
  eden space 64000K, 0% used [0x00000000f5580000,0x00000000f5580000,0x00000000f9400000)
  from space 23040K, 77% used [0x00000000f9400000,0x00000000fa565870,0x00000000faa80000)
  to   space 24064K, 0% used [0x00000000fab80000,0x00000000fab80000,0x00000000fc300000)
 ParOldGen       total 105472K, used 32347K [0x00000000e0000000, 0x00000000e6700000, 0x00000000f5580000)
  object space 105472K, 30% used [0x00000000e0000000,0x00000000e1f96e08,0x00000000e6700000)
 Metaspace       used 71795K, capacity 77312K, committed 77528K, reserved 1116160K
  class space    used 8943K, capacity 10686K, committed 10712K, reserved 1048576K
}
Event: 77.411 GC heap before
{Heap before GC invocations=17 (full 4):
 PSYoungGen      total 87040K, used 17814K [0x00000000f5580000, 0x00000000fc300000, 0x0000000100000000)
  eden space 64000K, 0% used [0x00000000f5580000,0x00000000f5580000,0x00000000f9400000)
  from space 23040K, 77% used [0x00000000f9400000,0x00000000fa565870,0x00000000faa80000)
  to   space 24064K, 0% used [0x00000000fab80000,0x00000000fab80000,0x00000000fc300000)
 ParOldGen       total 105472K, used 32347K [0x00000000e0000000, 0x00000000e6700000, 0x00000000f5580000)
  object space 105472K, 30% used [0x00000000e0000000,0x00000000e1f96e08,0x00000000e6700000)
 Metaspace       used 71795K, capacity 77312K, committed 77528K, reserved 1116160K
  class space    used 8943K, capacity 10686K, committed 10712K, reserved 1048576K
Event: 77.646 GC heap after
Heap after GC invocations=17 (full 4):
 PSYoungGen      total 87040K, used 0K [0x00000000f5580000, 0x00000000fc300000, 0x0000000100000000)
  eden space 64000K, 0% used [0x00000000f5580000,0x00000000f5580000,0x00000000f9400000)
  from space 23040K, 0% used [0x00000000f9400000,0x00000000f9400000,0x00000000faa80000)
  to   space 24064K, 0% used [0x00000000fab80000,0x00000000fab80000,0x00000000fc300000)
 ParOldGen       total 105472K, used 44005K [0x00000000e0000000, 0x00000000e6700000, 0x00000000f5580000)
  object space 105472K, 41% used [0x00000000e0000000,0x00000000e2af97f0,0x00000000e6700000)
 Metaspace       used 71795K, capacity 77312K, committed 77528K, reserved 1116160K
  class space    used 8943K, capacity 10686K, committed 10712K, reserved 1048576K
}
Event: 130.328 GC heap before
{Heap before GC invocations=18 (full 4):
 PSYoungGen      total 87040K, used 63979K [0x00000000f5580000, 0x00000000fc300000, 0x0000000100000000)
  eden space 64000K, 99% used [0x00000000f5580000,0x00000000f93fac70,0x00000000f9400000)
  from space 23040K, 0% used [0x00000000f9400000,0x00000000f9400000,0x00000000faa80000)
  to   space 24064K, 0% used [0x00000000fab80000,0x00000000fab80000,0x00000000fc300000)
 ParOldGen       total 105472K, used 44005K [0x00000000e0000000, 0x00000000e6700000, 0x00000000f5580000)
  object space 105472K, 41% used [0x00000000e0000000,0x00000000e2af97f0,0x00000000e6700000)
 Metaspace       used 72526K, capacity 78296K, committed 78424K, reserved 1116160K
  class space    used 9005K, capacity 10800K, committed 10840K, reserved 1048576K
Event: 130.332 GC heap after
Heap after GC invocations=18 (full 4):
 PSYoungGen      total 87552K, used 4819K [0x00000000f5580000, 0x00000000fc880000, 0x0000000100000000)
  eden space 63488K, 0% used [0x00000000f5580000,0x00000000f5580000,0x00000000f9380000)
  from space 24064K, 20% used [0x00000000fab80000,0x00000000fb034d88,0x00000000fc300000)
  to   space 24576K, 0% used [0x00000000f9380000,0x00000000f9380000,0x00000000fab80000)
 ParOldGen       total 105472K, used 44013K [0x00000000e0000000, 0x00000000e6700000, 0x00000000f5580000)
  object space 105472K, 41% used [0x00000000e0000000,0x00000000e2afb7f0,0x00000000e6700000)
 Metaspace       used 72526K, capacity 78296K, committed 78424K, reserved 1116160K
  class space    used 9005K, capacity 10800K, committed 10840K, reserved 1048576K
}
Event: 145.737 GC heap before
{Heap before GC invocations=19 (full 4):
 PSYoungGen      total 87552K, used 68307K [0x00000000f5580000, 0x00000000fc880000, 0x0000000100000000)
  eden space 63488K, 100% used [0x00000000f5580000,0x00000000f9380000,0x00000000f9380000)
  from space 24064K, 20% used [0x00000000fab80000,0x00000000fb034d88,0x00000000fc300000)
  to   space 24576K, 0% used [0x00000000f9380000,0x00000000f9380000,0x00000000fab80000)
 ParOldGen       total 105472K, used 44013K [0x00000000e0000000, 0x00000000e6700000, 0x00000000f5580000)
  object space 105472K, 41% used [0x00000000e0000000,0x00000000e2afb7f0,0x00000000e6700000)
 Metaspace       used 73665K, capacity 79286K, committed 79576K, reserved 1118208K
  class space    used 9103K, capacity 10869K, committed 10968K, reserved 1048576K
Event: 145.742 GC heap after
Heap after GC invocations=19 (full 4):
 PSYoungGen      total 88064K, used 10771K [0x00000000f5580000, 0x00000000fc400000, 0x0000000100000000)
  eden space 63488K, 0% used [0x00000000f5580000,0x00000000f5580000,0x00000000f9380000)
  from space 24576K, 43% used [0x00000000f9380000,0x00000000f9e04f08,0x00000000fab80000)
  to   space 23040K, 0% used [0x00000000fad80000,0x00000000fad80000,0x00000000fc400000)
 ParOldGen       total 105472K, used 44021K [0x00000000e0000000, 0x00000000e6700000, 0x00000000f5580000)
  object space 105472K, 41% used [0x00000000e0000000,0x00000000e2afd7f0,0x00000000e6700000)
 Metaspace       used 73665K, capacity 79286K, committed 79576K, reserved 1118208K
  class space    used 9103K, capacity 10869K, committed 10968K, reserved 1048576K
}

Deoptimization events (10 events):
Event: 178.518 Thread 0x00000000025e8000 Uncommon trap: reason=unreached action=reinterpret pc=0x0000000003bd5fe0 method=org.eclipse.e4.core.internal.di.InjectorImpl.resolveArgs(Lorg/eclipse/e4/core/internal/di/Requestor;Lorg/eclipse/e4/core/di/suppliers/PrimaryObjectSupplier;Lorg/eclipse/e4/core∏
GC4Qf@
Event: 178.538 Thread 0x00000000025e8000 Uncommon trap: reason=class_check action=maybe_recompile pc=0x0000000003a5a884 method=org.eclipse.emf.ecore.util.EcoreEList.contains(Ljava/lang/Object;)Z @ 61
Event: 178.548 Thread 0x00000000025e8000 Uncommon trap: reason=class_check action=maybe_recompile pc=0x0000000003a5a884 method=org.eclipse.emf.ecore.util.EcoreEList.contains(Ljava/lang/Object;)Z @ 61
Event: 178.549 Thread 0x00000000025e8000 Uncommon trap: reason=unreached action=reinterpret pc=0x0000000003cecc60 method=org.eclipse.jface.action.Action.getStyle()I @ 6
Event: 178.662 Thread 0x00000000025e8000 Uncommon trap: reason=unreached action=reinterpret pc=0x00000000033d72fc method=org.eclipse.ui.internal.services.ServiceLocator.getService(Ljava/lang/Class;)Ljava/lang/Object; @ 38
Event: 178.707 Thread 0x0000000015e93000 Uncommon trap: reason=bimorphic action=maybe_recompile pc=0x00000000033a4f88 method=java.util.Properties.load0(Ljava/util/Properties$LineReader;)V @ 242
Event: 178.735 Thread 0x00000000025e8000 Uncommon trap: reason=unreached action=reinterpret pc=0x0000000003d8d75c method=org.eclipse.e4.ui.internal.workbench.swt.PartRenderingEngine.someAreVisible(Ljava/util/List;)Z @ 41
Event: 178.747 Thread 0x00000000025e8000 Uncommon trap: reason=unreached action=reinterpret pc=0x0000000004028f00 method=org.eclipse.e4.ui.model.application.impl.ApplicationElementImpl.eIsSet(I)Z @ 132
Event: 178.835 Thread 0x00000000025e8000 Uncommon trap: reason=unreached action=reinterpret pc=0x00000000041172f4 method=org.eclipse.core.internal.localstore.FileSystemResourceManager.getStoreRoot(Lorg/eclipse/core/resources/IResource;)Lorg/eclipse/core/internal/localstore/FileStoreRoot; @ 17
Event: 179.355 Thread 0x00000000025e8000 Uncommon trap: reason=null_check action=make_not_entrant pc=0x0000000003197acc method=org.eclipse.core.runtime.internal.adaptor.EclipseLazyStarter.shouldActivateFor(Ljava/lang/String;Lorg/eclipse/osgi/baseadaptor/BaseData;Lorg/eclipse/core/runtime/internalUJ–êPf@

Internal exceptions (10 events):
Event: 178.609 Thread 0x0000000015e92800 Exception <a 'java/net/SocketException': Connection reset by peer: socket write error> (0x00000000f72767c0) thrown at [D:\re\workspace\8-2-build-windows-amd64-cygwin\jdk8u25\1677\hotspot\src\share\vm\prims\jni.cpp, line 742]
Event: 178.610 Thread 0x0000000015e92800 Exception <a 'java/net/SocketException': Socket closed> (0x00000000f72872f0) thrown at [D:\re\workspace\8-2-build-windows-amd64-cygwin\jdk8u25\1677\hotspot\src\share\vm\prims\jni.cpp, line 742]
Event: 178.610 Thread 0x000000001a20f000 Exception <a 'java/lang/InterruptedException'> (0x00000000f7297e10) thrown at [D:\re\workspace\8-2-build-windows-amd64-cygwin\jdk8u25\1677\hotspot\src\share\vm\runtime\objectMonitor.cpp, line 1682]
Event: 178.662 Thread 0x00000000025e8000 Implicit null exception at 0x00000000033d6f89 to 0x00000000033d72dd
Event: 178.827 Thread 0x000000001bfa2800 Exception <a 'java/lang/InterruptedException'> (0x00000000f7c578c0) thrown at [D:\re\workspace\8-2-build-windows-amd64-cygwin\jdk8u25\1677\hotspot\src\share\vm\runtime\objectMonitor.cpp, line 1682]
Event: 179.355 Thread 0x00000000025e8000 Implicit null exception at 0x0000000003197197 to 0x0000000003197abd
Event: 179.523 Thread 0x0000000015e13800 Exception <a 'java/lang/InterruptedException': sleep interrupted> (0x00000000f7f04720) thrown at [D:\re\workspace\8-2-build-windows-amd64-cygwin\jdk8u25\1677\hotspot\src\share\vm\prims\jvm.cpp, line 3141]
Event: 179.524 Thread 0x00000000192e3000 Exception <a 'java/lang/InterruptedException'> (0x00000000f7e183c8) thrown at [D:\re\workspace\8-2-build-windows-amd64-cygwin\jdk8u25\1677\hotspot\src\share\vm\runtime\objectMonitor.cpp, line 1682]
Event: 179.524 Thread 0x0000000015f5d800 Exception <a 'java/lang/InterruptedException'> (0x00000000f7fa3258) thrown at [D:\re\workspace\8-2-build-windows-amd64-cygwin\jdk8u25\1677\hotspot\src\share\vm\runtime\objectMonitor.cpp, line 1682]
Event: 179.568 Thread 0x0000000015f6e800 Exception <a 'java/lang/InterruptedException'> (0x00000000f7f03738) thrown at [D:\re\workspace\8-2-build-windows-amd64-cygwin\jdk8u25\1677\hotspot\src\share\vm\runtime\objectMonitor.cpp, line 1682]

Events (10 events):
Event: 179.524 Thread 0x0000000015f5d800 Thread exited: 0x0000000015f5d800
Event: 179.568 Thread 0x0000000015f6e800 Thread exited: 0x0000000015f6e800
Event: 179.568 Thread 0x0000000015fd1000 Thread exited: 0x0000000015fd1000
Event: 179.568 loading class java/util/IdentityHashMap$KeyIterator
Event: 179.569 loading class java/util/IdentityHashMap$IdentityHashMapIterator
Event: 179.569 loading class java/util/IdentityHashMap$IdentityHashMapIterator done
Event: 179.569 loading class java/util/IdentityHashMap$KeyIterator done
Event: 179.569 Thread 0x00000000192e3000 Thread added: 0x00000000192e3000
Event: 179.569 Thread 0x00000000192e3000 Thread exited: 0x00000000192e3000
Event: 179.579 Executing VM operation: Exit


Dynamic libraries:
0x0000000000400000 - 0x000000000044f000 	C:\Xilinx\SDK\2015.2\eclipse\win64.o\eclipse.exe
0x0000000077260000 - 0x0000000077409000 	C:\Windows\SYSTEM32\ntdll.dll
0x0000000077140000 - 0x000000007725f000 	C:\Windows\system32\kernel32.dll
0x000007fefd2c0000 - 0x000007fefd32b000 	C:\Windows\system32\KERNELBASE.dll
0x0000000077040000 - 0x000000007713a000 	C:\Windows\system32\USER32.dll
0x000007fefda70000 - 0x000007fefdad7000 	C:\Windows\system32\GDI32.dll
0x000007fefd800000 - 0x000007fefd80e000 	C:\Windows\system32\LPK.dll
0x000007feff3c0000 - 0x000007feff489000 	C:\Windows\system32\USP10.dll
0x000007fefd5e0000 - 0x000007fefd67f000 	C:\Windows\system32\msvcrt.dll
0x000007fefba70000 - 0x000007fefbc64000 	C:\Windows\WinSxS\amd64_microsoft.windows.common-controls_6595b64144ccf1df_6.0.7601.17514_none_fa396087175ac9ac\COMCTL32.dll
0x000007feff4e0000 - 0x000007feff551000 	C:\Windows\system32\SHLWAPI.dll
0x000007feff390000 - 0x000007feff3be000 	C:\Windows\system32\IMM32.DLL
0x000007fefdae0000 - 0x000007fefdbe9000 	C:\Windows\system32\MSCTF.dll
0x0000000072000000 - 0x0000000072012000 	C:\Xilinx\SDK\2015.2\eclipse\win64.o\plugins\org.eclipse.equinox.launcher.win32.win32.x86_64_1.1.200.v20140116-2212\eclipse_1503.dll
0x000007fefd8b0000 - 0x000007fefd98b000 	C:\Windows\system32\ADVAPI32.dll
0x000007fefdc70000 - 0x000007fefdc8f000 	C:\Windows\SYSTEM32\sechost.dll
0x000007feff260000 - 0x000007feff38d000 	C:\Windows\system32\RPCRT4.dll
0x000007fefc310000 - 0x000007fefc31c000 	C:\Windows\system32\VERSION.dll
0x000007fefbf60000 - 0x000007fefbfb6000 	C:\Windows\system32\uxtheme.dll
0x000000006abf0000 - 0x000000006b44a000 	C:\Xilinx\SDK\2015.2\tps\win64\jre\bin\server\jvm.dll
0x000007fef0f30000 - 0x000007fef0f39000 	C:\Windows\system32\WSOCK32.dll
0x000007feff490000 - 0x000007feff4dd000 	C:\Windows\system32\WS2_32.dll
0x000007feff560000 - 0x000007feff568000 	C:\Windows\system32\NSI.dll
0x000007fefaa40000 - 0x000007fefaa7b000 	C:\Windows\system32\WINMM.dll
0x0000000077430000 - 0x0000000077437000 	C:\Windows\system32\PSAPI.DLL
0x0000000072990000 - 0x0000000072a62000 	C:\Windows\system32\MSVCR100.dll
0x0000000074f50000 - 0x0000000074f5f000 	C:\Xilinx\SDK\2015.2\tps\win64\jre\bin\verify.dll
0x0000000074500000 - 0x0000000074528000 	C:\Xilinx\SDK\2015.2\tps\win64\jre\bin\java.dll
0x0000000074700000 - 0x0000000074716000 	C:\Xilinx\SDK\2015.2\tps\win64\jre\bin\zip.dll
0x000007fefdfd0000 - 0x000007fefed58000 	C:\Windows\system32\SHELL32.dll
0x000007fefdc90000 - 0x000007fefde93000 	C:\Windows\system32\ole32.dll
0x000007fefd1b0000 - 0x000007fefd1bf000 	C:\Windows\system32\profapi.dll
0x000007fefca40000 - 0x000007fefca57000 	C:\Windows\system32\CRYPTSP.dll
0x000007fefc740000 - 0x000007fefc787000 	C:\Windows\system32\rsaenh.dll
0x000007fefc500000 - 0x000007fefc51e000 	C:\Windows\system32\USERENV.dll
0x000007fefd080000 - 0x000007fefd08f000 	C:\Windows\system32\CRYPTBASE.dll
0x00000000747d0000 - 0x00000000747ea000 	C:\Xilinx\SDK\2015.2\tps\win64\jre\bin\net.dll
0x000007fefc9e0000 - 0x000007fefca35000 	C:\Windows\system32\mswsock.dll
0x000007fefc9d0000 - 0x000007fefc9d7000 	C:\Windows\System32\wship6.dll
0x000007fefa8e0000 - 0x000007fefa907000 	C:\Windows\system32\IPHLPAPI.DLL
0x000007fefa8d0000 - 0x000007fefa8db000 	C:\Windows\system32\WINNSI.DLL
0x000007fefa210000 - 0x000007fefa221000 	C:\Windows\system32\dhcpcsvc6.DLL
0x000007fefa720000 - 0x000007fefa738000 	C:\Windows\system32\dhcpcsvc.DLL
0x0000000074490000 - 0x00000000744a1000 	C:\Xilinx\SDK\2015.2\tps\win64\jre\bin\nio.dll
0x000007feff1c0000 - 0x000007feff259000 	C:\Windows\system32\CLBCatQ.DLL
0x000007fefd990000 - 0x000007fefda67000 	C:\Windows\system32\OLEAUT32.dll
0x000007fefb010000 - 0x000007fefb025000 	C:\Windows\system32\NLAapi.dll
0x000007fef3170000 - 0x000007fef3185000 	C:\Windows\system32\napinsp.dll
0x000007fef0f50000 - 0x000007fef0f69000 	C:\Windows\system32\pnrpnsp.dll
0x000007fefc860000 - 0x000007fefc8bb000 	C:\Windows\system32\DNSAPI.dll
0x000007fef0f40000 - 0x000007fef0f4b000 	C:\Windows\System32\winrnr.dll
0x000007fefc3e0000 - 0x000007fefc3e7000 	C:\Windows\System32\wshtcpip.dll
0x000007fef7ec0000 - 0x000007fef7ec8000 	C:\Windows\system32\rasadhlp.dll
0x000007fefa7c0000 - 0x000007fefa813000 	C:\Windows\System32\fwpuclnt.dll
0x00000000164d0000 - 0x0000000016578000 	C:\Users\Tung\.Xilinx\SDK\2015.2\org.eclipse.osgi\bundles\287\1\.cp\swt-win32-4335.dll
0x000007fefd810000 - 0x000007fefd8a7000 	C:\Windows\system32\comdlg32.dll
0x000007fefa920000 - 0x000007fefa991000 	C:\Windows\system32\WINSPOOL.DRV
0x000007fefdea0000 - 0x000007fefdfca000 	C:\Windows\system32\WININET.dll
0x000007fefd680000 - 0x000007fefd7f8000 	C:\Windows\system32\urlmon.dll
0x000007fefd330000 - 0x000007fefd497000 	C:\Windows\system32\CRYPT32.dll
0x000007fefd250000 - 0x000007fefd25f000 	C:\Windows\system32\MSASN1.dll
0x000007fefed60000 - 0x000007fefefb9000 	C:\Windows\system32\iertutil.dll
0x000007fefb3b0000 - 0x000007fefb3c8000 	C:\Windows\system32\dwmapi.dll
0x000007fefb940000 - 0x000007fefba6c000 	C:\Windows\system32\propsys.dll
0x00000000023e0000 - 0x00000000023fe000 	C:\Users\Tung\.Xilinx\SDK\2015.2\org.eclipse.osgi\bundles\287\1\.cp\swt-gdip-win32-4335.dll
0x000007fefb6f0000 - 0x000007fefb905000 	C:\Windows\WinSxS\amd64_microsoft.windows.gdiplus_6595b64144ccf1df_1.1.7601.17514_none_2b24536c71ed437a\gdiplus.dll
0x000007fefb240000 - 0x000007fefb36a000 	C:\Windows\system32\WindowsCodecs.dll
0x0000000180000000 - 0x0000000180012000 	C:\Users\Tung\.Xilinx\SDK\2015.2\org.eclipse.osgi\bundles\113\1\.cp\os\win32\x86_64\localfile_1_0_0.dll
0x000007fef9050000 - 0x000007fef9061000 	C:\Users\Tung\.Xilinx\SDK\2015.2\org.eclipse.osgi\bundles\116\1\.cp\jWinHttp-1.0.0.dll
0x000007fef5d90000 - 0x000007fef5e01000 	C:\Windows\system32\WINHTTP.dll
0x000007fef5d20000 - 0x000007fef5d84000 	C:\Windows\system32\webio.dll
0x000007fefd050000 - 0x000007fefd075000 	C:\Windows\system32\SspiCli.dll
0x000007fefc610000 - 0x000007fefc61a000 	C:\Windows\system32\credssp.dll
0x000007fefd280000 - 0x000007fefd2b6000 	C:\Windows\system32\CFGMGR32.dll
0x000007fefabf0000 - 0x000007fefac44000 	C:\Windows\system32\oleacc.dll
0x000007fefd190000 - 0x000007fefd1a4000 	C:\Windows\system32\RpcRtRemote.dll
0x000007fefd130000 - 0x000007fefd187000 	C:\Windows\system32\apphelp.dll
0x000007fef8120000 - 0x000007fef815b000 	C:\Windows\system32\mlang.dll
0x000007fef1660000 - 0x000007fef166a000 	C:\Xilinx\SDK\2015.2\lib\win64.o\librdi_jtag_settings.dll
0x000007feeaad0000 - 0x000007feeaaf9000 	C:\Xilinx\SDK\2015.2\lib\win64.o\librdi_debug_dialog.dll
0x000007feeafa0000 - 0x000007feeafc2000 	C:\Xilinx\SDK\2015.2\lib\win64.o\libboost_filesystem.dll
0x000007fef8110000 - 0x000007fef8119000 	C:\Xilinx\SDK\2015.2\lib\win64.o\libboost_system.dll
0x000007feeda50000 - 0x000007feedaf7000 	C:\Windows\system32\MSVCP110.dll
0x000007feeb860000 - 0x000007feeb934000 	C:\Windows\system32\MSVCR110.dll
0x000007fec7f60000 - 0x000007fec88a3000 	C:\Xilinx\SDK\2015.2\lib\win64.o\librdi_common.dll
0x000007fecb6e0000 - 0x000007fecb988000 	C:\Xilinx\SDK\2015.2\lib\win64.o\libCOIN-all.dll
0x000007fec9260000 - 0x000007fec9480000 	C:\Xilinx\SDK\2015.2\lib\win64.o\libXil_lmgr11.dll
0x000007fefb0b0000 - 0x000007fefb0c6000 	C:\Windows\system32\NETAPI32.dll
0x000007fefb0a0000 - 0x000007fefb0ac000 	C:\Windows\system32\netutils.dll
0x000007fefcda0000 - 0x000007fefcdc3000 	C:\Windows\system32\srvcli.dll
0x000007fefb080000 - 0x000007fefb095000 	C:\Windows\system32\wkscli.dll
0x000007fefd540000 - 0x000007fefd57a000 	C:\Windows\system32\WINTRUST.dll
0x000007fef5880000 - 0x000007fef5890000 	C:\Xilinx\SDK\2015.2\lib\win64.o\libboost_date_time.dll
0x000007feeab60000 - 0x000007feeabd4000 	C:\Xilinx\SDK\2015.2\lib\win64.o\libboost_program_options.dll
0x000007fecc1b0000 - 0x000007fecc2aa000 	C:\Xilinx\SDK\2015.2\lib\win64.o\libboost_regex.dll
0x000007fef15e0000 - 0x000007fef15f3000 	C:\Xilinx\SDK\2015.2\lib\win64.o\libboost_signals.dll
0x000007fef08d0000 - 0x000007fef08ed000 	C:\Xilinx\SDK\2015.2\lib\win64.o\libboost_thread.dll
0x000007fef14e0000 - 0x000007fef14eb000 	C:\Xilinx\SDK\2015.2\lib\win64.o\libboost_chrono.dll
0x000007feeabe0000 - 0x000007feeac60000 	C:\Xilinx\SDK\2015.2\lib\win64.o\libhdlpsolve.dll
0x000007fee83b0000 - 0x000007fee844a000 	C:\Xilinx\SDK\2015.2\lib\win64.o\libhdxml.dll
0x000007fec8c50000 - 0x000007fec925a200 	C:\Xilinx\SDK\2015.2\lib\win64.o\libisl_iostreams.dll
0x000007feeba60000 - 0x000007feeba76000 	C:\Xilinx\SDK\2015.2\lib\win64.o\libboost_iostreams.dll
0x000007feeaf70000 - 0x000007feeaf93000 	C:\Xilinx\SDK\2015.2\lib\win64.o\librdizlib.dll
0x000007feeab30000 - 0x000007feeab53000 	C:\Xilinx\SDK\2015.2\lib\win64.o\libisl_iosutils.dll
0x000007feeab00000 - 0x000007feeab2a000 	C:\Xilinx\SDK\2015.2\lib\win64.o\libisl_sysinfo.dll
0x000007fef08f0000 - 0x000007fef0905000 	C:\Xilinx\SDK\2015.2\lib\win64.o\pthreadVC2.dll
0x000007fee7fc0000 - 0x000007fee8014000 	C:\Xilinx\SDK\2015.2\lib\win64.o\librdi_commonxillic.dll
0x000007fec8b20000 - 0x000007fec8c50000 	C:\Xilinx\SDK\2015.2\lib\win64.o\librdi_curl.dll
0x000007feeba40000 - 0x000007feeba58000 	C:\Xilinx\SDK\2015.2\lib\win64.o\librdiconfig.dll
0x00000000737b0000 - 0x00000000738d7000 	C:\Xilinx\SDK\2015.2\lib\win64.o\tcl85t.dll
0x0000000021c70000 - 0x0000000021ed3000 	C:\Xilinx\SDK\2015.2\lib\win64.o\xerces-c_3_1.dll
0x000007fef14b0000 - 0x000007fef14d3000 	C:\Windows\system32\VCOMP110.DLL
0x000007fec8930000 - 0x000007fec8b18000 	C:\Xilinx\SDK\2015.2\lib\win64.o\librdi_hsm.dll
0x000007fee79a0000 - 0x000007fee79e3000 	C:\Xilinx\SDK\2015.2\lib\win64.o\librdi_hdf.dll
0x000007fec7670000 - 0x000007fec782a000 	C:\Xilinx\SDK\2015.2\lib\win64.o\librdi_ippcw.dll
0x000007fef12f0000 - 0x000007fef12f8000 	C:\Xilinx\SDK\2015.2\lib\win64.o\librdi_target_manager.dll
0x000007fef0bb0000 - 0x000007fef0bc0000 	C:\Xilinx\SDK\2015.2\lib\win64.o\librdi_repo_manager.dll
0x000007fee8e40000 - 0x000007fee8e5c000 	C:\Xilinx\SDK\2015.2\lib\win64.o\librdi_hw_platform.dll
0x000007fefa9a0000 - 0x000007fefa9a7000 	C:\Windows\system32\msimg32.dll
0x000007fec7b50000 - 0x000007fec7f5a000 	C:\Xilinx\SDK\2015.2\lib\win64.o\librdi_commontasks.dll
0x000007fec6810000 - 0x000007fec7020000 	C:\Xilinx\SDK\2015.2\lib\win64.o\libXil_lmgr11FNP.dll
0x000007fef7d20000 - 0x000007fef7d2b000 	C:\Windows\system32\snmpapi.dll
0x000007fefefc0000 - 0x000007feff197000 	C:\Windows\system32\SETUPAPI.dll
0x000007fefd260000 - 0x000007fefd27a000 	C:\Windows\system32\DEVOBJ.dll
0x000007fefab10000 - 0x000007fefab1f000 	C:\Windows\system32\wbem\wbemprox.dll
0x000007fefaa80000 - 0x000007fefab06000 	C:\Windows\system32\wbemcomn.dll
0x000007fef7fe0000 - 0x000007fef7ff4000 	C:\Windows\system32\wbem\wbemsvc.dll
0x000007fef9350000 - 0x000007fef9432000 	C:\Windows\system32\wbem\fastprox.dll

VM Arguments:
jvm_args: -Dcom.xilinx.sdk.args.hwspec=C:/Users/Tung/Desktop/vdma_hdmi_conv_v1/axi_conv_fp_3x3/axi_conv_fp_3x3.sdk/design_1_wrapper.hdf -Xms64m -Xmx512m & 
java_command: <unknown>
java_class_path (initial): C:\Xilinx\SDK\2015.2\eclipse\win64.o\\plugins/org.eclipse.equinox.launcher_1.3.0.v20130327-1440.jar
Launcher Type: generic

Environment Variables:
USERNAME=Tung
OS=Windows_NT
PROCESSOR_IDENTIFIER=Intel64 Family 6 Model 60 Stepping 3, GenuineIntel



---------------  S Y S T E M  ---------------

OS: Windows 7 , 64 bit Build 7601 Service Pack 1

CPU:total 4 (4 cores per cpu, 1 threads per core) family 6 model 60 stepping 3, cmov, cx8, fxsr, mmx, sse, sse2, sse3, ssse3, sse4.1, sse4.2, popcnt, avx, avx2, aes, clmul, erms, lzcnt, tsc, tscinvbit, bmi1, bmi2

Memory: 4k page, physical 4110972k(2599864k free), swap 8220100k(6250056k free)

vm_info: Java HotSpot(TM) 64-Bit Server VM (25.25-b02) for windows-amd64 JRE (1.8.0_25-b18), built on Oct  7 2014 14:25:37 by "java_re" with MS VC++ 10.0 (VS2010)

time: Thu Aug 16 11:38:50 2018
elapsed time: 180 seconds (0d 0h 3m 0s)

