#
# A fatal error has been detected by the Java Runtime Environment:
#
#  Internal Error (0xc000000d), pid=588, tid=2952
#
# JRE version: Java(TM) SE Runtime Environment (8.0_25-b18) (build 1.8.0_25-b18)
# Java VM: Java HotSpot(TM) 64-Bit Server VM (25.25-b02 mixed mode windows-amd64 compressed oops)
# Problematic frame:
# C  [ntdll.dll+0x7a291]
#
# Failed to write core dump. Minidumps are not enabled by default on client versions of Windows
#
# If you would like to submit a bug report, please visit:
#   http://bugreport.sun.com/bugreport/crash.jsp
#

---------------  T H R E A D  ---------------

Current thread (0x0000000013a36000):  VMThread [stack: 0x0000000014aa0000,0x0000000014ba0000] [id=2952]

siginfo: ExceptionCode=0xc000000d

Registers:
RAX=0x0000000063075ce8, RBX=0x0000000000000000, RCX=0x0000000014b9ef10, RDX=0x0000000000000000
RSP=0x0000000014b9f520, RBP=0x0000000000385c70, RSI=0x000007feece07408, RDI=0x0000000014b9f668
R8 =0x0000000000000000, R9 =0x0000000000000000, R10=0x0000000000000000, R11=0x0000000000000246
R12=0x000000002312bdf0, R13=0x000000002312b0c0, R14=0x0000000000385d78, R15=0x0000000000000000
RIP=0x0000000077cfa291, EFLAGS=0x0000000000000206

Top of Stack: (sp=0x0000000014b9f520)
0x0000000014b9f520:   0000000000000000 000007feece07408
0x0000000014b9f530:   0000000014b9f668 0000000077c801e2
0x0000000014b9f540:   00000000230ea6e0 0000000014b9f748
0x0000000014b9f550:   0000000000000000 0000009a00000000
0x0000000014b9f560:   0000000000000002 0000000000000101
0x0000000014b9f570:   00000000c000000d 0000000000000000
0x0000000014b9f580:   0000000077cfa291 0000000000000000
0x0000000014b9f590:   0000000000000000 0000000000000000
0x0000000014b9f5a0:   0000000000000000 0000000000000000
0x0000000014b9f5b0:   0000000000000000 0000000000000000
0x0000000014b9f5c0:   0000000000000000 0000000000000000
0x0000000014b9f5d0:   0000000000000000 0000000000000000
0x0000000014b9f5e0:   0000000000000000 0000000000000000
0x0000000014b9f5f0:   0000000000000000 0000000000000000
0x0000000014b9f600:   0000000000000000 0000000077cac8d8
0x0000000014b9f610:   0000000000000aa8 0000000077ba2fe8 

Instructions: (pc=0x0000000077cfa291)
0x0000000077cfa271:   5b 8c fd ff b9 57 00 00 00 c7 44 24 50 0d 00 00
0x0000000077cfa281:   c0 e8 49 8f fd ff 48 8d 4c 24 50 e8 cf f2 f9 ff
0x0000000077cfa291:   4c 8b 1d 40 81 0b 00 4d 85 db 74 5b 65 48 8b 04
0x0000000077cfa2a1:   25 30 00 00 00 f6 80 ee 17 00 00 08 74 12 65 48 


Register to memory mapping:

RAX=0x0000000063075ce8 is an unknown value
RBX=0x0000000000000000 is an unknown value
RCX=0x0000000014b9ef10 is an unknown value
RDX=0x0000000000000000 is an unknown value
RSP=0x0000000014b9f520 is an unknown value
RBP=0x0000000000385c70 is an unknown value
RSI=0x000007feece07408 is an unknown value
RDI=0x0000000014b9f668 is an unknown value
R8 =0x0000000000000000 is an unknown value
R9 =0x0000000000000000 is an unknown value
R10=0x0000000000000000 is an unknown value
R11=0x0000000000000246 is an unknown value
R12=0x000000002312bdf0 is an unknown value
R13=0x000000002312b0c0 is an unknown value
R14=0x0000000000385d78 is an unknown value
R15=0x0000000000000000 is an unknown value


Stack: [0x0000000014aa0000,0x0000000014ba0000],  sp=0x0000000014b9f520,  free space=1021k
Native frames: (J=compiled Java code, j=interpreted, Vv=VM code, C=native code)
C  [ntdll.dll+0x7a291]
C  [kernel32.dll+0x42fe8]
C  [MSVCR110.dll+0x752d]
C  [MSVCR110.dll+0x14cde]
C  [MSVCR110.dll+0x13edc]
C  [MSVCR110.dll+0x239e]
C  [MSVCR110.dll+0xaf9e]
C  [MSVCP110.dll+0x397b9]
C  [librdi_common.dll+0x135d02]
C  [librdi_common.dll+0x13447b]
C  [librdi_commontasks.dll+0x1cc33c]
C  [librdi_commontasks.dll+0x1cc5be]
C  [ntdll.dll+0x24371]
C  [ntdll.dll+0x24180]
C  [MSVCR100.dll+0x20ccd]
V  [jvm.dll+0x1f9c55]
V  [jvm.dll+0x2325e7]
V  [jvm.dll+0x231826]
V  [jvm.dll+0x231cc1]
V  [jvm.dll+0x231ede]
V  [jvm.dll+0x2852fa]
C  [MSVCR100.dll+0x21d9f]
C  [MSVCR100.dll+0x21e3b]
C  [kernel32.dll+0x1652d]
C  [ntdll.dll+0x2c521]

VM_Operation (0x000000000012f500): Exit, mode: safepoint, requested by thread 0x0000000002618000


---------------  P R O C E S S  ---------------

Java Threads: ( => current thread )
  0x0000000019aa8800 JavaThread "Thread-14" daemon [_thread_blocked, id=856, stack(0x00000000200e0000,0x00000000201e0000)]
  0x000000001d715000 JavaThread "TCF Locator DNS Lookup" daemon [_thread_blocked, id=2452, stack(0x000000001bd70000,0x000000001be70000)]
  0x000000001d714800 JavaThread "TCF Locator Timer" daemon [_thread_blocked, id=572, stack(0x000000001bc70000,0x000000001bd70000)]
  0x000000001d713800 JavaThread "TCF Locator Receiver" daemon [_thread_in_native, id=3000, stack(0x000000001bb70000,0x000000001bc70000)]
  0x000000001d712000 JavaThread "TCF Timer Dispatcher" daemon [_thread_blocked, id=2612, stack(0x000000001b970000,0x000000001ba70000)]
  0x00000000169ff800 JavaThread "EMF Reference Cleaner" daemon [_thread_blocked, id=1348, stack(0x00000000184d0000,0x00000000185d0000)]
  0x0000000015120800 JavaThread "Service Thread" daemon [_thread_blocked, id=3712, stack(0x00000000156a0000,0x00000000157a0000)]
  0x00000000150a3000 JavaThread "C1 CompilerThread2" daemon [_thread_blocked, id=2624, stack(0x00000000155a0000,0x00000000156a0000)]
  0x00000000150a2000 JavaThread "C2 CompilerThread1" daemon [_thread_blocked, id=2544, stack(0x00000000154a0000,0x00000000155a0000)]
  0x0000000013aac000 JavaThread "C2 CompilerThread0" daemon [_thread_blocked, id=616, stack(0x0000000014fa0000,0x00000000150a0000)]
  0x0000000013aa9000 JavaThread "Attach Listener" daemon [_thread_blocked, id=2828, stack(0x0000000014ea0000,0x0000000014fa0000)]
  0x0000000013aa7800 JavaThread "Signal Dispatcher" daemon [_thread_blocked, id=3092, stack(0x0000000014da0000,0x0000000014ea0000)]
  0x0000000013a43000 JavaThread "Finalizer" daemon [_thread_blocked, id=2692, stack(0x0000000014ca0000,0x0000000014da0000)]
  0x0000000013a3a000 JavaThread "Reference Handler" daemon [_thread_blocked, id=952, stack(0x0000000014ba0000,0x0000000014ca0000)]
  0x0000000002618000 JavaThread "main" [_thread_blocked, id=2100, stack(0x0000000000030000,0x0000000000130000)]

Other Threads:
=>0x0000000013a36000 VMThread [stack: 0x0000000014aa0000,0x0000000014ba0000] [id=2952]

VM state:at safepoint (shutting down)

VM Mutex/Monitor currently owned by a thread:  ([mutex/lock_event])
[0x00000000025ddf20] Threads_lock - owner thread: 0x0000000013a36000

Heap:
 PSYoungGen      total 147968K, used 32649K [0x00000000f5580000, 0x00000000ffa80000, 0x0000000100000000)
  eden space 125952K, 25% used [0x00000000f5580000,0x00000000f7562508,0x00000000fd080000)
  from space 22016K, 0% used [0x00000000fd080000,0x00000000fd080000,0x00000000fe600000)
  to   space 20992K, 0% used [0x00000000fe600000,0x00000000fe600000,0x00000000ffa80000)
 ParOldGen       total 349696K, used 318467K [0x00000000e0000000, 0x00000000f5580000, 0x00000000f5580000)
  object space 349696K, 91% used [0x00000000e0000000,0x00000000f3700e58,0x00000000f5580000)
 Metaspace       used 69917K, capacity 75370K, committed 75608K, reserved 1114112K
  class space    used 8680K, capacity 10456K, committed 10584K, reserved 1048576K

Card table byte_map: [0x0000000011aa0000,0x0000000011bb0000] byte_map_base: 0x00000000113a0000

Marking Bits: (ParMarkBitMap*) 0x0000000071d0d490
 Begin Bits: [0x0000000011fb0000, 0x00000000127b0000)
 End Bits:   [0x00000000127b0000, 0x0000000012fb0000)

Polling page: 0x0000000002350000

CodeCache: size=245760Kb used=21067Kb max_used=21239Kb free=224692Kb
 bounds [0x00000000026e0000, 0x0000000003bc0000, 0x00000000116e0000]
 total_blobs=6958 nmethods=6124 adapters=743
 compilation: enabled

Compilation events (10 events):
Event: 311.394 Thread 0x00000000150a3000 nmethod 7409 0x0000000002e32350 code [0x0000000002e324a0, 0x0000000002e325b0]
Event: 311.395 Thread 0x00000000150a2000 7411       4       java.util.HashMap::entrySet (27 bytes)
Event: 311.396 Thread 0x00000000150a2000 nmethod 7411 0x0000000002d38c50 code [0x0000000002d38da0, 0x0000000002d38e98]
Event: 311.409 Thread 0x00000000150a3000 7413       3       java.io.File::list (33 bytes)
Event: 311.409 Thread 0x00000000150a3000 nmethod 7413 0x0000000002ee1bd0 code [0x0000000002ee1da0, 0x0000000002ee24c8]
Event: 311.414 Thread 0x00000000150a3000 7414   !   3       org.eclipse.osgi.internal.baseadaptor.BaseStorage::compact (215 bytes)
Event: 311.415 Thread 0x00000000150a3000 nmethod 7414 0x000000000342c290 code [0x000000000342c6c0, 0x000000000342eb28]
Event: 311.418 Thread 0x00000000150a3000 7415       3       org.eclipse.osgi.framework.internal.core.AbstractBundle::close (52 bytes)
Event: 311.418 Thread 0x00000000150a2000 7416       4       java.util.HashMap::clear (50 bytes)
Event: 311.419 Thread 0x00000000150a3000 nmethod 7415 0x0000000002f88350 code [0x0000000002f88580, 0x0000000002f89268]

GC Heap History (10 events):
Event: 307.027 GC heap before
{Heap before GC invocations=81 (full 39):
 PSYoungGen      total 146944K, used 65819K [0x00000000f5580000, 0x00000000ffb80000, 0x0000000100000000)
  eden space 125952K, 52% used [0x00000000f5580000,0x00000000f95c6fc8,0x00000000fd080000)
  from space 20992K, 0% used [0x00000000fe700000,0x00000000fe700000,0x00000000ffb80000)
  to   space 22016K, 0% used [0x00000000fd080000,0x00000000fd080000,0x00000000fe600000)
 ParOldGen       total 349696K, used 318467K [0x00000000e0000000, 0x00000000f5580000, 0x00000000f5580000)
  object space 349696K, 91% used [0x00000000e0000000,0x00000000f3700e58,0x00000000f5580000)
 Metaspace       used 68796K, capacity 74266K, committed 74456K, reserved 1114112K
  class space    used 8552K, capacity 10326K, committed 10456K, reserved 1048576K
Event: 307.105 GC heap after
Heap after GC invocations=81 (full 39):
 PSYoungGen      total 146944K, used 0K [0x00000000f5580000, 0x00000000ffb80000, 0x0000000100000000)
  eden space 125952K, 0% used [0x00000000f5580000,0x00000000f5580000,0x00000000fd080000)
  from space 20992K, 0% used [0x00000000fe700000,0x00000000fe700000,0x00000000ffb80000)
  to   space 22016K, 0% used [0x00000000fd080000,0x00000000fd080000,0x00000000fe600000)
 ParOldGen       total 349696K, used 285699K [0x00000000e0000000, 0x00000000f5580000, 0x00000000f5580000)
  object space 349696K, 81% used [0x00000000e0000000,0x00000000f1700f80,0x00000000f5580000)
 Metaspace       used 68796K, capacity 74266K, committed 74456K, reserved 1114112K
  class space    used 8552K, capacity 10326K, committed 10456K, reserved 1048576K
}
Event: 307.127 GC heap before
{Heap before GC invocations=82 (full 39):
 PSYoungGen      total 146944K, used 65536K [0x00000000f5580000, 0x00000000ffb80000, 0x0000000100000000)
  eden space 125952K, 52% used [0x00000000f5580000,0x00000000f9580010,0x00000000fd080000)
  from space 20992K, 0% used [0x00000000fe700000,0x00000000fe700000,0x00000000ffb80000)
  to   space 22016K, 0% used [0x00000000fd080000,0x00000000fd080000,0x00000000fe600000)
 ParOldGen       total 349696K, used 285699K [0x00000000e0000000, 0x00000000f5580000, 0x00000000f5580000)
  object space 349696K, 81% used [0x00000000e0000000,0x00000000f1700f80,0x00000000f5580000)
 Metaspace       used 68796K, capacity 74266K, committed 74456K, reserved 1114112K
  class space    used 8552K, capacity 10326K, committed 10456K, reserved 1048576K
Event: 307.129 GC heap after
Heap after GC invocations=82 (full 39):
 PSYoungGen      total 146944K, used 65536K [0x00000000f5580000, 0x00000000ffb80000, 0x0000000100000000)
  eden space 125952K, 52% used [0x00000000f5580000,0x00000000f9580010,0x00000000fd080000)
  from space 20992K, 0% used [0x00000000fe700000,0x00000000fe700000,0x00000000ffb80000)
  to   space 22016K, 0% used [0x00000000fd080000,0x00000000fd080000,0x00000000fe600000)
 ParOldGen       total 349696K, used 285699K [0x00000000e0000000, 0x00000000f5580000, 0x00000000f5580000)
  object space 349696K, 81% used [0x00000000e0000000,0x00000000f1700f80,0x00000000f5580000)
 Metaspace       used 68796K, capacity 74266K, committed 74456K, reserved 1114112K
  class space    used 8552K, capacity 10326K, committed 10456K, reserved 1048576K
}
Event: 307.129 GC heap before
{Heap before GC invocations=83 (full 40):
 PSYoungGen      total 146944K, used 65536K [0x00000000f5580000, 0x00000000ffb80000, 0x0000000100000000)
  eden space 125952K, 52% used [0x00000000f5580000,0x00000000f9580010,0x00000000fd080000)
  from space 20992K, 0% used [0x00000000fe700000,0x00000000fe700000,0x00000000ffb80000)
  to   space 22016K, 0% used [0x00000000fd080000,0x00000000fd080000,0x00000000fe600000)
 ParOldGen       total 349696K, used 285699K [0x00000000e0000000, 0x00000000f5580000, 0x00000000f5580000)
  object space 349696K, 81% used [0x00000000e0000000,0x00000000f1700f80,0x00000000f5580000)
 Metaspace       used 68796K, capacity 74266K, committed 74456K, reserved 1114112K
  class space    used 8552K, capacity 10326K, committed 10456K, reserved 1048576K
Event: 307.228 GC heap after
Heap after GC invocations=83 (full 40):
 PSYoungGen      total 146944K, used 0K [0x00000000f5580000, 0x00000000ffb80000, 0x0000000100000000)
  eden space 125952K, 0% used [0x00000000f5580000,0x00000000f5580000,0x00000000fd080000)
  from space 20992K, 0% used [0x00000000fe700000,0x00000000fe700000,0x00000000ffb80000)
  to   space 22016K, 0% used [0x00000000fd080000,0x00000000fd080000,0x00000000fe600000)
 ParOldGen       total 349696K, used 318467K [0x00000000e0000000, 0x00000000f5580000, 0x00000000f5580000)
  object space 349696K, 91% used [0x00000000e0000000,0x00000000f3700f80,0x00000000f5580000)
 Metaspace       used 68796K, capacity 74266K, committed 74456K, reserved 1114112K
  class space    used 8552K, capacity 10326K, committed 10456K, reserved 1048576K
}
Event: 307.228 GC heap before
{Heap before GC invocations=84 (full 40):
 PSYoungGen      total 146944K, used 0K [0x00000000f5580000, 0x00000000ffb80000, 0x0000000100000000)
  eden space 125952K, 0% used [0x00000000f5580000,0x00000000f5580000,0x00000000fd080000)
  from space 20992K, 0% used [0x00000000fe700000,0x00000000fe700000,0x00000000ffb80000)
  to   space 22016K, 0% used [0x00000000fd080000,0x00000000fd080000,0x00000000fe600000)
 ParOldGen       total 349696K, used 318467K [0x00000000e0000000, 0x00000000f5580000, 0x00000000f5580000)
  object space 349696K, 91% used [0x00000000e0000000,0x00000000f3700f80,0x00000000f5580000)
 Metaspace       used 68796K, capacity 74266K, committed 74456K, reserved 1114112K
  class space    used 8552K, capacity 10326K, committed 10456K, reserved 1048576K
Event: 307.229 GC heap after
Heap after GC invocations=84 (full 40):
 PSYoungGen      total 147968K, used 0K [0x00000000f5580000, 0x00000000ffa80000, 0x0000000100000000)
  eden space 125952K, 0% used [0x00000000f5580000,0x00000000f5580000,0x00000000fd080000)
  from space 22016K, 0% used [0x00000000fd080000,0x00000000fd080000,0x00000000fe600000)
  to   space 20992K, 0% used [0x00000000fe600000,0x00000000fe600000,0x00000000ffa80000)
 ParOldGen       total 349696K, used 318467K [0x00000000e0000000, 0x00000000f5580000, 0x00000000f5580000)
  object space 349696K, 91% used [0x00000000e0000000,0x00000000f3700f80,0x00000000f5580000)
 Metaspace       used 68796K, capacity 74266K, committed 74456K, reserved 1114112K
  class space    used 8552K, capacity 10326K, committed 10456K, reserved 1048576K
}
Event: 307.230 GC heap before
{Heap before GC invocations=85 (full 41):
 PSYoungGen      total 147968K, used 0K [0x00000000f5580000, 0x00000000ffa80000, 0x0000000100000000)
  eden space 125952K, 0% used [0x00000000f5580000,0x00000000f5580000,0x00000000fd080000)
  from space 22016K, 0% used [0x00000000fd080000,0x00000000fd080000,0x00000000fe600000)
  to   space 20992K, 0% used [0x00000000fe600000,0x00000000fe600000,0x00000000ffa80000)
 ParOldGen       total 349696K, used 318467K [0x00000000e0000000, 0x00000000f5580000, 0x00000000f5580000)
  object space 349696K, 91% used [0x00000000e0000000,0x00000000f3700f80,0x00000000f5580000)
 Metaspace       used 68796K, capacity 74266K, committed 74456K, reserved 1114112K
  class space    used 8552K, capacity 10326K, committed 10456K, reserved 1048576K
Event: 307.308 GC heap after
Heap after GC invocations=85 (full 41):
 PSYoungGen      total 147968K, used 0K [0x00000000f5580000, 0x00000000ffa80000, 0x0000000100000000)
  eden space 125952K, 0% used [0x00000000f5580000,0x00000000f5580000,0x00000000fd080000)
  from space 22016K, 0% used [0x00000000fd080000,0x00000000fd080000,0x00000000fe600000)
  to   space 20992K, 0% used [0x00000000fe600000,0x00000000fe600000,0x00000000ffa80000)
 ParOldGen       total 349696K, used 318467K [0x00000000e0000000, 0x00000000f5580000, 0x00000000f5580000)
  object space 349696K, 91% used [0x00000000e0000000,0x00000000f3700e58,0x00000000f5580000)
 Metaspace       used 68796K, capacity 74266K, committed 74456K, reserved 1114112K
  class space    used 8552K, capacity 10326K, committed 10456K, reserved 1048576K
}

Deoptimization events (10 events):
Event: 310.642 Thread 0x0000000002618000 Uncommon trap: reason=null_check action=make_not_entrant pc=0x0000000003a4b178 method=org.eclipse.emf.ecore.impl.EClassImpl$1EAllStructuralFeaturesList.init()V @ 37
Event: 310.649 Thread 0x0000000002618000 Uncommon trap: reason=class_check action=maybe_recompile pc=0x000000000282ec3c method=org.eclipse.emf.ecore.util.EcoreEList.contains(Ljava/lang/Object;)Z @ 53
Event: 310.683 Thread 0x0000000002618000 Uncommon trap: reason=unreached action=reinterpret pc=0x0000000003aa7b1c method=org.eclipse.swt.widgets.Composite._getChildren()[Lorg/eclipse/swt/widgets/Control; @ 76
Event: 310.717 Thread 0x0000000002618000 Uncommon trap: reason=unreached action=reinterpret pc=0x00000000038e36ec method=org.eclipse.swt.widgets.Display.drawMenuBars()V @ 4
Event: 310.763 Thread 0x0000000019aaa000 Uncommon trap: reason=bimorphic action=maybe_recompile pc=0x0000000003330960 method=java.util.Properties.load0(Ljava/util/Properties$LineReader;)V @ 242
Event: 310.792 Thread 0x0000000002618000 Uncommon trap: reason=unreached action=reinterpret pc=0x0000000002ffa05c method=org.eclipse.e4.ui.internal.workbench.swt.PartRenderingEngine.someAreVisible(Ljava/util/List;)Z @ 41
Event: 310.826 Thread 0x0000000002618000 Uncommon trap: reason=class_check action=maybe_recompile pc=0x0000000003b809ac method=org.eclipse.e4.core.internal.contexts.TrackableComputationExt.update(Lorg/eclipse/e4/core/internal/contexts/ContextChangeEvent;)Z @ 62
Event: 310.826 Thread 0x0000000002618000 Uncommon trap: reason=class_check action=maybe_recompile pc=0x0000000003b809ac method=org.eclipse.e4.core.internal.contexts.TrackableComputationExt.update(Lorg/eclipse/e4/core/internal/contexts/ContextChangeEvent;)Z @ 62
Event: 310.826 Thread 0x0000000002618000 Uncommon trap: reason=class_check action=maybe_recompile pc=0x0000000003b809ac method=org.eclipse.e4.core.internal.contexts.TrackableComputationExt.update(Lorg/eclipse/e4/core/internal/contexts/ContextChangeEvent;)Z @ 62
Event: 311.364 Thread 0x0000000002618000 Uncommon trap: reason=null_check action=make_not_entrant pc=0x0000000003140c5c method=org.eclipse.core.runtime.internal.adaptor.EclipseLazyStarter.shouldActivateFor(Ljava/lang/String;Lorg/eclipse/osgi/baseadaptor/BaseData;Lorg/eclipse/core/runtime/internal

Internal exceptions (10 events):
Event: 310.607 Thread 0x000000001d4eb800 Exception <a 'sun/net/ConnectionResetException': > (0x00000000f5c22848) thrown at [D:\re\workspace\8-2-build-windows-amd64-cygwin\jdk8u25\1677\hotspot\src\share\vm\prims\jni.cpp, line 742]
Event: 310.607 Thread 0x000000001d4eb000 Exception <a 'java/net/SocketException': Connection reset by peer: socket write error> (0x00000000f5facc58) thrown at [D:\re\workspace\8-2-build-windows-amd64-cygwin\jdk8u25\1677\hotspot\src\share\vm\prims\jni.cpp, line 742]
Event: 310.609 Thread 0x000000001d4eb800 Exception <a 'java/net/SocketException': Socket closed> (0x00000000f60e7a48) thrown at [D:\re\workspace\8-2-build-windows-amd64-cygwin\jdk8u25\1677\hotspot\src\share\vm\prims\jni.cpp, line 742]
Event: 310.614 Thread 0x000000001d717800 Exception <a 'java/lang/InterruptedException'> (0x00000000f6268828) thrown at [D:\re\workspace\8-2-build-windows-amd64-cygwin\jdk8u25\1677\hotspot\src\share\vm\runtime\objectMonitor.cpp, line 1682]
Event: 310.853 Thread 0x0000000019aa7000 Exception <a 'java/lang/InterruptedException'> (0x00000000f6e9adb0) thrown at [D:\re\workspace\8-2-build-windows-amd64-cygwin\jdk8u25\1677\hotspot\src\share\vm\runtime\objectMonitor.cpp, line 1682]
Event: 311.364 Thread 0x0000000002618000 Implicit null exception at 0x000000000314038f to 0x0000000003140c4d
Event: 311.394 Thread 0x0000000015425000 Exception <a 'java/lang/InterruptedException': sleep interrupted> (0x00000000f7205460) thrown at [D:\re\workspace\8-2-build-windows-amd64-cygwin\jdk8u25\1677\hotspot\src\share\vm\prims\jvm.cpp, line 3141]
Event: 311.395 Thread 0x0000000019169000 Exception <a 'java/lang/InterruptedException'> (0x00000000f7340218) thrown at [D:\re\workspace\8-2-build-windows-amd64-cygwin\jdk8u25\1677\hotspot\src\share\vm\runtime\objectMonitor.cpp, line 1682]
Event: 311.395 Thread 0x0000000016338000 Exception <a 'java/lang/InterruptedException'> (0x00000000f7369128) thrown at [D:\re\workspace\8-2-build-windows-amd64-cygwin\jdk8u25\1677\hotspot\src\share\vm\runtime\objectMonitor.cpp, line 1682]
Event: 311.418 Thread 0x0000000016376000 Exception <a 'java/lang/InterruptedException'> (0x00000000f71ff4f8) thrown at [D:\re\workspace\8-2-build-windows-amd64-cygwin\jdk8u25\1677\hotspot\src\share\vm\runtime\objectMonitor.cpp, line 1682]

Events (10 events):
Event: 311.419 Thread 0x00000000150a3000 flushing nmethod 0x000000000327ffd0
Event: 311.419 loading class java/util/IdentityHashMap$IdentityHashMapIterator
Event: 311.419 loading class java/util/IdentityHashMap$IdentityHashMapIterator done
Event: 311.419 loading class java/util/IdentityHashMap$KeyIterator done
Event: 311.419 Thread 0x00000000150a3000 flushing nmethod 0x000000000329edd0
Event: 311.419 Thread 0x0000000019169000 Thread added: 0x0000000019169000
Event: 311.419 Thread 0x0000000015ef6000 Thread exited: 0x0000000015ef6000
Event: 311.419 Thread 0x00000000150a3000 flushing nmethod 0x00000000032d3a50
Event: 311.419 Thread 0x0000000019169000 Thread exited: 0x0000000019169000
Event: 311.419 Executing VM operation: Exit


Dynamic libraries:
0x0000000000400000 - 0x000000000044f000 	C:\Xilinx\SDK\2015.2\eclipse\win64.o\eclipse.exe
0x0000000077c80000 - 0x0000000077e29000 	C:\Windows\SYSTEM32\ntdll.dll
0x0000000077b60000 - 0x0000000077c7f000 	C:\Windows\system32\kernel32.dll
0x000007fefdc80000 - 0x000007fefdceb000 	C:\Windows\system32\KERNELBASE.dll
0x0000000077a60000 - 0x0000000077b5a000 	C:\Windows\system32\USER32.dll
0x000007fefe420000 - 0x000007fefe487000 	C:\Windows\system32\GDI32.dll
0x000007fefff80000 - 0x000007fefff8e000 	C:\Windows\system32\LPK.dll
0x000007feffeb0000 - 0x000007fefff79000 	C:\Windows\system32\USP10.dll
0x000007fefe490000 - 0x000007fefe52f000 	C:\Windows\system32\msvcrt.dll
0x000007fefc670000 - 0x000007fefc864000 	C:\Windows\WinSxS\amd64_microsoft.windows.common-controls_6595b64144ccf1df_6.0.7601.17514_none_fa396087175ac9ac\COMCTL32.dll
0x000007feff820000 - 0x000007feff891000 	C:\Windows\system32\SHLWAPI.dll
0x000007feffca0000 - 0x000007feffcce000 	C:\Windows\system32\IMM32.DLL
0x000007feff710000 - 0x000007feff819000 	C:\Windows\system32\MSCTF.dll
0x0000000072000000 - 0x0000000072012000 	C:\Xilinx\SDK\2015.2\eclipse\win64.o\plugins\org.eclipse.equinox.launcher.win32.win32.x86_64_1.1.200.v20140116-2212\eclipse_1503.dll
0x000007feffdd0000 - 0x000007feffeab000 	C:\Windows\system32\ADVAPI32.dll
0x000007feffcd0000 - 0x000007feffcef000 	C:\Windows\SYSTEM32\sechost.dll
0x000007fefe290000 - 0x000007fefe3bd000 	C:\Windows\system32\RPCRT4.dll
0x000007fefcd30000 - 0x000007fefcd3c000 	C:\Windows\system32\VERSION.dll
0x000007fefc330000 - 0x000007fefc386000 	C:\Windows\system32\uxtheme.dll
0x0000000071530000 - 0x0000000071d8a000 	C:\Xilinx\SDK\2015.2\tps\win64\jre\bin\server\jvm.dll
0x000007fefbdd0000 - 0x000007fefbdd9000 	C:\Windows\system32\WSOCK32.dll
0x000007fefe3d0000 - 0x000007fefe41d000 	C:\Windows\system32\WS2_32.dll
0x000007fefe3c0000 - 0x000007fefe3c8000 	C:\Windows\system32\NSI.dll
0x000007fefb9f0000 - 0x000007fefba2b000 	C:\Windows\system32\WINMM.dll
0x0000000077e50000 - 0x0000000077e57000 	C:\Windows\system32\PSAPI.DLL
0x0000000073010000 - 0x00000000730e2000 	C:\Windows\system32\MSVCR100.dll
0x0000000075970000 - 0x000000007597f000 	C:\Xilinx\SDK\2015.2\tps\win64\jre\bin\verify.dll
0x0000000075940000 - 0x0000000075968000 	C:\Xilinx\SDK\2015.2\tps\win64\jre\bin\java.dll
0x0000000075920000 - 0x0000000075936000 	C:\Xilinx\SDK\2015.2\tps\win64\jre\bin\zip.dll
0x000007fefe850000 - 0x000007feff5d8000 	C:\Windows\system32\SHELL32.dll
0x000007fefe080000 - 0x000007fefe283000 	C:\Windows\system32\ole32.dll
0x000007fefdbd0000 - 0x000007fefdbdf000 	C:\Windows\system32\profapi.dll
0x000007fefd460000 - 0x000007fefd477000 	C:\Windows\system32\CRYPTSP.dll
0x000007fefd160000 - 0x000007fefd1a7000 	C:\Windows\system32\rsaenh.dll
0x000007fefcf20000 - 0x000007fefcf3e000 	C:\Windows\system32\USERENV.dll
0x000007fefda60000 - 0x000007fefda6f000 	C:\Windows\system32\CRYPTBASE.dll
0x0000000075900000 - 0x000000007591a000 	C:\Xilinx\SDK\2015.2\tps\win64\jre\bin\net.dll
0x000007fefd400000 - 0x000007fefd455000 	C:\Windows\system32\mswsock.dll
0x000007fefd3f0000 - 0x000007fefd3f7000 	C:\Windows\System32\wship6.dll
0x000007fefb2d0000 - 0x000007fefb2f7000 	C:\Windows\system32\IPHLPAPI.DLL
0x000007fefb2c0000 - 0x000007fefb2cb000 	C:\Windows\system32\WINNSI.DLL
0x000007fefacf0000 - 0x000007fefad01000 	C:\Windows\system32\dhcpcsvc6.DLL
0x000007fefac70000 - 0x000007fefac88000 	C:\Windows\system32\dhcpcsvc.DLL
0x0000000075830000 - 0x0000000075841000 	C:\Xilinx\SDK\2015.2\tps\win64\jre\bin\nio.dll
0x000007fefe550000 - 0x000007fefe5e9000 	C:\Windows\system32\CLBCatQ.DLL
0x000007fefdfa0000 - 0x000007fefe077000 	C:\Windows\system32\OLEAUT32.dll
0x000007fefb890000 - 0x000007fefb8a5000 	C:\Windows\system32\NLAapi.dll
0x000007fef1f50000 - 0x000007fef1f65000 	C:\Windows\system32\napinsp.dll
0x000007fef1de0000 - 0x000007fef1df9000 	C:\Windows\system32\pnrpnsp.dll
0x000007fefd280000 - 0x000007fefd2db000 	C:\Windows\system32\DNSAPI.dll
0x000007fef1cd0000 - 0x000007fef1cdb000 	C:\Windows\System32\winrnr.dll
0x000007fefce00000 - 0x000007fefce07000 	C:\Windows\System32\wshtcpip.dll
0x000007fefa5c0000 - 0x000007fefa5c8000 	C:\Windows\system32\rasadhlp.dll
0x000007fefad20000 - 0x000007fefad73000 	C:\Windows\System32\fwpuclnt.dll
0x0000000015960000 - 0x0000000015a08000 	C:\Users\Tung\.Xilinx\SDK\2015.2\org.eclipse.osgi\bundles\287\1\.cp\swt-win32-4335.dll
0x000007feff8a0000 - 0x000007feff937000 	C:\Windows\system32\comdlg32.dll
0x000007fefb220000 - 0x000007fefb291000 	C:\Windows\system32\WINSPOOL.DRV
0x000007feff5e0000 - 0x000007feff70a000 	C:\Windows\system32\WININET.dll
0x000007feffb20000 - 0x000007feffc98000 	C:\Windows\system32\urlmon.dll
0x000007fefdd70000 - 0x000007fefded7000 	C:\Windows\system32\CRYPT32.dll
0x000007fefdc70000 - 0x000007fefdc7f000 	C:\Windows\system32\MSASN1.dll
0x000007fefe5f0000 - 0x000007fefe849000 	C:\Windows\system32\iertutil.dll
0x000007fefbf50000 - 0x000007fefbf68000 	C:\Windows\system32\dwmapi.dll
0x000007fefc3c0000 - 0x000007fefc4ec000 	C:\Windows\system32\propsys.dll
0x0000000002590000 - 0x00000000025ae000 	C:\Users\Tung\.Xilinx\SDK\2015.2\org.eclipse.osgi\bundles\287\1\.cp\swt-gdip-win32-4335.dll
0x000007fefc110000 - 0x000007fefc325000 	C:\Windows\WinSxS\amd64_microsoft.windows.gdiplus_6595b64144ccf1df_1.1.7601.17514_none_2b24536c71ed437a\gdiplus.dll
0x000007fefbde0000 - 0x000007fefbf0a000 	C:\Windows\system32\WindowsCodecs.dll
0x0000000180000000 - 0x0000000180012000 	C:\Users\Tung\.Xilinx\SDK\2015.2\org.eclipse.osgi\bundles\113\1\.cp\os\win32\x86_64\localfile_1_0_0.dll
0x000007fefb400000 - 0x000007fefb411000 	C:\Users\Tung\.Xilinx\SDK\2015.2\org.eclipse.osgi\bundles\116\1\.cp\jWinHttp-1.0.0.dll
0x000007fef9940000 - 0x000007fef99b1000 	C:\Windows\system32\WINHTTP.dll
0x000007fef98d0000 - 0x000007fef9934000 	C:\Windows\system32\webio.dll
0x000007fefda30000 - 0x000007fefda55000 	C:\Windows\system32\SspiCli.dll
0x000007fefd030000 - 0x000007fefd03a000 	C:\Windows\system32\credssp.dll
0x000007fefdd30000 - 0x000007fefdd66000 	C:\Windows\system32\CFGMGR32.dll
0x000007fefaf70000 - 0x000007fefafc4000 	C:\Windows\system32\oleacc.dll
0x000007fefdbb0000 - 0x000007fefdbc4000 	C:\Windows\system32\RpcRtRemote.dll
0x000007fefdb10000 - 0x000007fefdb67000 	C:\Windows\system32\apphelp.dll
0x000007feeb5d0000 - 0x000007feeb60b000 	C:\Windows\system32\mlang.dll
0x000007fefb060000 - 0x000007fefb06a000 	C:\Xilinx\SDK\2015.2\lib\win64.o\librdi_jtag_settings.dll
0x000007feeec50000 - 0x000007feeec79000 	C:\Xilinx\SDK\2015.2\lib\win64.o\librdi_debug_dialog.dll
0x000007fefb110000 - 0x000007fefb132000 	C:\Xilinx\SDK\2015.2\lib\win64.o\libboost_filesystem.dll
0x000007fefb1b0000 - 0x000007fefb1b9000 	C:\Xilinx\SDK\2015.2\lib\win64.o\libboost_system.dll
0x000007feecd40000 - 0x000007feecde7000 	C:\Windows\system32\MSVCP110.dll
0x000007feece00000 - 0x000007feeced4000 	C:\Windows\system32\MSVCR110.dll
0x000007fec98e0000 - 0x000007feca223000 	C:\Xilinx\SDK\2015.2\lib\win64.o\librdi_common.dll
0x000007fecbe70000 - 0x000007fecc118000 	C:\Xilinx\SDK\2015.2\lib\win64.o\libCOIN-all.dll
0x000007fecbc50000 - 0x000007fecbe70000 	C:\Xilinx\SDK\2015.2\lib\win64.o\libXil_lmgr11.dll
0x000007fefbc80000 - 0x000007fefbc96000 	C:\Windows\system32\NETAPI32.dll
0x000007fefbc70000 - 0x000007fefbc7c000 	C:\Windows\system32\netutils.dll
0x000007fefd670000 - 0x000007fefd693000 	C:\Windows\system32\srvcli.dll
0x000007fefbc50000 - 0x000007fefbc65000 	C:\Windows\system32\wkscli.dll
0x000007fefdcf0000 - 0x000007fefdd2a000 	C:\Windows\system32\WINTRUST.dll
0x000007fefb1c0000 - 0x000007fefb1d0000 	C:\Xilinx\SDK\2015.2\lib\win64.o\libboost_date_time.dll
0x000007fefb090000 - 0x000007fefb104000 	C:\Xilinx\SDK\2015.2\lib\win64.o\libboost_program_options.dll
0x000007feeec80000 - 0x000007feeed7a000 	C:\Xilinx\SDK\2015.2\lib\win64.o\libboost_regex.dll
0x000007fefb070000 - 0x000007fefb083000 	C:\Xilinx\SDK\2015.2\lib\win64.o\libboost_signals.dll
0x000007fefa9d0000 - 0x000007fefa9ed000 	C:\Xilinx\SDK\2015.2\lib\win64.o\libboost_thread.dll
0x000007fefb190000 - 0x000007fefb19b000 	C:\Xilinx\SDK\2015.2\lib\win64.o\libboost_chrono.dll
0x000007fef2510000 - 0x000007fef2590000 	C:\Xilinx\SDK\2015.2\lib\win64.o\libhdlpsolve.dll
0x000007fef2470000 - 0x000007fef250a000 	C:\Xilinx\SDK\2015.2\lib\win64.o\libhdxml.dll
0x000007fec92d0000 - 0x000007fec98da200 	C:\Xilinx\SDK\2015.2\lib\win64.o\libisl_iostreams.dll
0x000007fefa9b0000 - 0x000007fefa9c6000 	C:\Xilinx\SDK\2015.2\lib\win64.o\libboost_iostreams.dll
0x000007fefa950000 - 0x000007fefa973000 	C:\Xilinx\SDK\2015.2\lib\win64.o\librdizlib.dll
0x000007fef70f0000 - 0x000007fef7113000 	C:\Xilinx\SDK\2015.2\lib\win64.o\libisl_iosutils.dll
0x000007fef2440000 - 0x000007fef246a000 	C:\Xilinx\SDK\2015.2\lib\win64.o\libisl_sysinfo.dll
0x000007fefb470000 - 0x000007fefb485000 	C:\Xilinx\SDK\2015.2\lib\win64.o\pthreadVC2.dll
0x000007feecf40000 - 0x000007feecf94000 	C:\Xilinx\SDK\2015.2\lib\win64.o\librdi_commonxillic.dll
0x000007feebb80000 - 0x000007feebcb0000 	C:\Xilinx\SDK\2015.2\lib\win64.o\librdi_curl.dll
0x000007fefa930000 - 0x000007fefa948000 	C:\Xilinx\SDK\2015.2\lib\win64.o\librdiconfig.dll
0x000000006f9d0000 - 0x000000006faf7000 	C:\Xilinx\SDK\2015.2\lib\win64.o\tcl85t.dll
0x00000000217f0000 - 0x0000000021a53000 	C:\Xilinx\SDK\2015.2\lib\win64.o\xerces-c_3_1.dll
0x000007feea530000 - 0x000007feea553000 	C:\Windows\system32\VCOMP110.DLL
0x000007feeafa0000 - 0x000007feeb188000 	C:\Xilinx\SDK\2015.2\lib\win64.o\librdi_hsm.dll
0x000007feef050000 - 0x000007feef093000 	C:\Xilinx\SDK\2015.2\lib\win64.o\librdi_hdf.dll
0x000007feca5a0000 - 0x000007feca75a000 	C:\Xilinx\SDK\2015.2\lib\win64.o\librdi_ippcw.dll
0x000007fef4e80000 - 0x000007fef4e88000 	C:\Xilinx\SDK\2015.2\lib\win64.o\librdi_target_manager.dll
0x000007fef1e30000 - 0x000007fef1e40000 	C:\Xilinx\SDK\2015.2\lib\win64.o\librdi_repo_manager.dll
0x000007fefb2b0000 - 0x000007fefb2b7000 	C:\Windows\system32\msimg32.dll
0x000007feecf20000 - 0x000007feecf3c000 	C:\Xilinx\SDK\2015.2\lib\win64.o\librdi_hw_platform.dll
0x000007fecb840000 - 0x000007fecbc4a000 	C:\Xilinx\SDK\2015.2\lib\win64.o\librdi_commontasks.dll
0x000007fec8ac0000 - 0x000007fec92d0000 	C:\Xilinx\SDK\2015.2\lib\win64.o\libXil_lmgr11FNP.dll
0x000007fef69b0000 - 0x000007fef69bb000 	C:\Windows\system32\snmpapi.dll
0x000007feff940000 - 0x000007feffb17000 	C:\Windows\system32\SETUPAPI.dll
0x000007fefdee0000 - 0x000007fefdefa000 	C:\Windows\system32\DEVOBJ.dll
0x000007fefb3e0000 - 0x000007fefb3ef000 	C:\Windows\system32\wbem\wbemprox.dll
0x000007fefb350000 - 0x000007fefb3d6000 	C:\Windows\system32\wbemcomn.dll
0x000007fef7480000 - 0x000007fef7494000 	C:\Windows\system32\wbem\wbemsvc.dll
0x000007fef7820000 - 0x000007fef7902000 	C:\Windows\system32\wbem\fastprox.dll

VM Arguments:
jvm_args: -Dcom.xilinx.sdk.args.hwspec=C:/Users/Tung/Desktop/vdma_hdmi_conv_v1/axi_conv_fp_3x3/axi_conv_fp_3x3.sdk/design_1_wrapper.hdf -Xms64m -Xmx512m & 
java_command: <unknown>
java_class_path (initial): C:\Xilinx\SDK\2015.2\eclipse\win64.o\\plugins/org.eclipse.equinox.launcher_1.3.0.v20130327-1440.jar
Launcher Type: generic

Environment Variables:
USERNAME=Tung
OS=Windows_NT
PROCESSOR_IDENTIFIER=Intel64 Family 6 Model 60 Stepping 3, GenuineIntel



---------------  S Y S T E M  ---------------

OS: Windows 7 , 64 bit Build 7601 Service Pack 1

CPU:total 4 (4 cores per cpu, 1 threads per core) family 6 model 60 stepping 3, cmov, cx8, fxsr, mmx, sse, sse2, sse3, ssse3, sse4.1, sse4.2, popcnt, avx, avx2, aes, clmul, erms, lzcnt, tsc, tscinvbit, bmi1, bmi2

Memory: 4k page, physical 4110972k(1274976k free), swap 8220100k(4501828k free)

vm_info: Java HotSpot(TM) 64-Bit Server VM (25.25-b02) for windows-amd64 JRE (1.8.0_25-b18), built on Oct  7 2014 14:25:37 by "java_re" with MS VC++ 10.0 (VS2010)

time: Tue Aug 21 12:23:47 2018
elapsed time: 311 seconds (0d 0h 5m 11s)

