#
# A fatal error has been detected by the Java Runtime Environment:
#
#  Internal Error (0xc000000d), pid=2852, tid=1604
#
# JRE version: Java(TM) SE Runtime Environment (8.0_25-b18) (build 1.8.0_25-b18)
# Java VM: Java HotSpot(TM) 64-Bit Server VM (25.25-b02 mixed mode windows-amd64 compressed oops)
# Problematic frame:
# C  [ntdll.dll+0x7a291]
#
# Failed to write core dump. Minidumps are not enabled by default on client versions of Windows
#
# If you would like to submit a bug report, please visit:
#   http://bugreport.sun.com/bugreport/crash.jsp
#

---------------  T H R E A D  ---------------

Current thread (0x0000000013a36000):  VMThread [stack: 0x0000000014aa0000,0x0000000014ba0000] [id=1604]

siginfo: ExceptionCode=0xc000000d

Registers:
RAX=0x0000000063464588, RBX=0x0000000000000000, RCX=0x0000000014b9ef10, RDX=0x0000000000000000
RSP=0x0000000014b9f520, RBP=0x0000000000365da0, RSI=0x000007feece07408, RDI=0x0000000014b9f668
R8 =0x0000000000000000, R9 =0x0000000000000000, R10=0x0000000000000000, R11=0x0000000000000246
R12=0x00000000217e8350, R13=0x00000000217e8310, R14=0x0000000000365ea8, R15=0x0000000000000000
RIP=0x0000000077cfa291, EFLAGS=0x0000000000000206

Top of Stack: (sp=0x0000000014b9f520)
0x0000000014b9f520:   0000000000000000 000007feece07408
0x0000000014b9f530:   0000000014b9f668 0000000000000000
0x0000000014b9f540:   0000000000000000 0000000000000000
0x0000000014b9f550:   0000000000000000 0000000000000000
0x0000000014b9f560:   0000000000000002 0000000000000000
0x0000000014b9f570:   00000000c000000d 0000000000000000
0x0000000014b9f580:   0000000077cfa291 0000000000000000
0x0000000014b9f590:   0000000000000000 0000000000000000
0x0000000014b9f5a0:   0000000000000000 0000000000000000
0x0000000014b9f5b0:   0000000000000000 0000000000000000
0x0000000014b9f5c0:   0000000000000000 0000000000000000
0x0000000014b9f5d0:   0000000000000000 0000000000000000
0x0000000014b9f5e0:   0000000000000000 0000000000000000
0x0000000014b9f5f0:   0000000000000000 0000000000000000
0x0000000014b9f600:   0000000000000000 0000000018a7eeb0
0x0000000014b9f610:   0000000000000024 0000000077ba2fe8 

Instructions: (pc=0x0000000077cfa291)
0x0000000077cfa271:   5b 8c fd ff b9 57 00 00 00 c7 44 24 50 0d 00 00
0x0000000077cfa281:   c0 e8 49 8f fd ff 48 8d 4c 24 50 e8 cf f2 f9 ff
0x0000000077cfa291:   4c 8b 1d 40 81 0b 00 4d 85 db 74 5b 65 48 8b 04
0x0000000077cfa2a1:   25 30 00 00 00 f6 80 ee 17 00 00 08 74 12 65 48 


Register to memory mapping:

RAX=0x0000000063464588 is an unknown value
RBX=0x0000000000000000 is an unknown value
RCX=0x0000000014b9ef10 is an unknown value
RDX=0x0000000000000000 is an unknown value
RSP=0x0000000014b9f520 is an unknown value
RBP=0x0000000000365da0 is an unknown value
RSI=0x000007feece07408 is an unknown value
RDI=0x0000000014b9f668 is an unknown value
R8 =0x0000000000000000 is an unknown value
R9 =0x0000000000000000 is an unknown value
R10=0x0000000000000000 is an unknown value
R11=0x0000000000000246 is an unknown value
R12=0x00000000217e8350 is an unknown value
R13=0x00000000217e8310 is an unknown value
R14=0x0000000000365ea8 is an unknown value
R15=0x0000000000000000 is an unknown value


Stack: [0x0000000014aa0000,0x0000000014ba0000],  sp=0x0000000014b9f520,  free space=1021k
Native frames: (J=compiled Java code, j=interpreted, Vv=VM code, C=native code)
C  [ntdll.dll+0x7a291]
C  [kernel32.dll+0x42fe8]
C  [MSVCR110.dll+0x752d]
C  [MSVCR110.dll+0x14cde]
C  [MSVCR110.dll+0x13edc]
C  [MSVCR110.dll+0x239e]
C  [MSVCR110.dll+0xaf9e]
C  [MSVCP110.dll+0x397b9]
C  [librdi_common.dll+0x135d02]
C  [librdi_common.dll+0x13447b]
C  [librdi_sw_platform.dll+0x10904]
C  [librdi_sw_platform.dll+0x10b86]
C  [ntdll.dll+0x24371]
C  [ntdll.dll+0x24180]
C  [MSVCR100.dll+0x20ccd]
V  [jvm.dll+0x1f9c55]
V  [jvm.dll+0x2325e7]
V  [jvm.dll+0x231826]
V  [jvm.dll+0x231cc1]
V  [jvm.dll+0x231ede]
V  [jvm.dll+0x2852fa]
C  [MSVCR100.dll+0x21d9f]
C  [MSVCR100.dll+0x21e3b]
C  [kernel32.dll+0x1652d]
C  [ntdll.dll+0x2c521]

VM_Operation (0x000000000012f500): Exit, mode: safepoint, requested by thread 0x0000000002458000


---------------  P R O C E S S  ---------------

Java Threads: ( => current thread )
  0x0000000018c25000 JavaThread "Thread-12" daemon [_thread_blocked, id=1868, stack(0x000000001ec20000,0x000000001ed20000)]
  0x00000000160e6000 JavaThread "TCF Locator DNS Lookup" daemon [_thread_blocked, id=2024, stack(0x000000001ea20000,0x000000001eb20000)]
  0x00000000160e5800 JavaThread "TCF Locator Timer" daemon [_thread_blocked, id=2660, stack(0x000000001e920000,0x000000001ea20000)]
  0x00000000160e4800 JavaThread "TCF Locator Receiver" daemon [_thread_in_native, id=2464, stack(0x000000001e820000,0x000000001e920000)]
  0x00000000160e0000 JavaThread "TCF Timer Dispatcher" daemon [_thread_blocked, id=812, stack(0x000000001dba0000,0x000000001dca0000)]
  0x0000000016f76000 JavaThread "EMF Reference Cleaner" daemon [_thread_blocked, id=2724, stack(0x0000000017e50000,0x0000000017f50000)]
  0x00000000151f6800 JavaThread "Service Thread" daemon [_thread_blocked, id=1072, stack(0x00000000156a0000,0x00000000157a0000)]
  0x00000000151a1000 JavaThread "C1 CompilerThread2" daemon [_thread_blocked, id=2452, stack(0x00000000155a0000,0x00000000156a0000)]
  0x0000000013aaf000 JavaThread "C2 CompilerThread1" daemon [_thread_blocked, id=2848, stack(0x00000000150a0000,0x00000000151a0000)]
  0x0000000013aaa000 JavaThread "C2 CompilerThread0" daemon [_thread_blocked, id=2528, stack(0x0000000014fa0000,0x00000000150a0000)]
  0x0000000013aa7000 JavaThread "Attach Listener" daemon [_thread_blocked, id=3276, stack(0x0000000014ea0000,0x0000000014fa0000)]
  0x0000000013a4a000 JavaThread "Signal Dispatcher" daemon [_thread_blocked, id=208, stack(0x0000000014da0000,0x0000000014ea0000)]
  0x0000000013a43000 JavaThread "Finalizer" daemon [_thread_blocked, id=2344, stack(0x0000000014ca0000,0x0000000014da0000)]
  0x0000000013a3a000 JavaThread "Reference Handler" daemon [_thread_blocked, id=228, stack(0x0000000014ba0000,0x0000000014ca0000)]
  0x0000000002458000 JavaThread "main" [_thread_blocked, id=948, stack(0x0000000000030000,0x0000000000130000)]

Other Threads:
=>0x0000000013a36000 VMThread [stack: 0x0000000014aa0000,0x0000000014ba0000] [id=1604]

VM state:at safepoint (shutting down)

VM Mutex/Monitor currently owned by a thread:  ([mutex/lock_event])
[0x000000000273df20] Threads_lock - owner thread: 0x0000000013a36000

Heap:
 PSYoungGen      total 59392K, used 22734K [0x00000000f5580000, 0x00000000f9f00000, 0x0000000100000000)
  eden space 43520K, 52% used [0x00000000f5580000,0x00000000f6bb3bd0,0x00000000f8000000)
  from space 15872K, 0% used [0x00000000f8000000,0x00000000f8000000,0x00000000f8f80000)
  to   space 15872K, 0% used [0x00000000f8f80000,0x00000000f8f80000,0x00000000f9f00000)
 ParOldGen       total 107008K, used 33097K [0x00000000e0000000, 0x00000000e6880000, 0x00000000f5580000)
  object space 107008K, 30% used [0x00000000e0000000,0x00000000e2052630,0x00000000e6880000)
 Metaspace       used 61548K, capacity 66358K, committed 66600K, reserved 1105920K
  class space    used 7602K, capacity 9186K, committed 9256K, reserved 1048576K

Card table byte_map: [0x00000000025b0000,0x00000000026c0000] byte_map_base: 0x0000000001eb0000

Marking Bits: (ParMarkBitMap*) 0x000000006eccd490
 Begin Bits: [0x0000000011fb0000, 0x00000000127b0000)
 End Bits:   [0x00000000127b0000, 0x0000000012fb0000)

Polling page: 0x0000000000600000

CodeCache: size=245760Kb used=24365Kb max_used=24580Kb free=221394Kb
 bounds [0x0000000002740000, 0x0000000003f70000, 0x0000000011740000]
 total_blobs=7723 nmethods=6898 adapters=732
 compilation: enabled

Compilation events (10 events):
Event: 121.620 Thread 0x00000000151a1000 nmethod 8293 0x00000000032709d0 code [0x0000000003270b20, 0x0000000003270c30]
Event: 121.621 Thread 0x00000000151a1000 8294       1       org.eclipse.osgi.internal.loader.BundleLoaderProxy::getBundleData (5 bytes)
Event: 121.621 Thread 0x00000000151a1000 nmethod 8294 0x0000000002891f10 code [0x0000000002892060, 0x0000000002892170]
Event: 121.621 Thread 0x0000000013aaf000 nmethod 8283 0x0000000003256750 code [0x00000000032569a0, 0x00000000032581c0]
Event: 121.675 Thread 0x00000000151a1000 8295       3       java.io.File::list (33 bytes)
Event: 121.675 Thread 0x00000000151a1000 nmethod 8295 0x0000000003f5ee10 code [0x0000000003f5efe0, 0x0000000003f5f708]
Event: 121.844 Thread 0x00000000151a1000 8296   !   3       org.eclipse.osgi.internal.baseadaptor.BaseStorage::compact (215 bytes)
Event: 121.845 Thread 0x00000000151a1000 nmethod 8296 0x0000000003da8310 code [0x0000000003da8740, 0x0000000003daab78]
Event: 121.955 Thread 0x00000000151a1000 8297       3       org.eclipse.osgi.framework.internal.core.AbstractBundle::close (52 bytes)
Event: 121.956 Thread 0x00000000151a1000 nmethod 8297 0x0000000002ac8650 code [0x0000000002ac8880, 0x0000000002ac9568]

GC Heap History (10 events):
Event: 40.041 GC heap before
{Heap before GC invocations=17 (full 3):
 PSYoungGen      total 50176K, used 35328K [0x00000000f5580000, 0x00000000f9c80000, 0x0000000100000000)
  eden space 35328K, 100% used [0x00000000f5580000,0x00000000f7800000,0x00000000f7800000)
  from space 14848K, 0% used [0x00000000f7800000,0x00000000f7800000,0x00000000f8680000)
  to   space 16384K, 0% used [0x00000000f8c80000,0x00000000f8c80000,0x00000000f9c80000)
 ParOldGen       total 107008K, used 30818K [0x00000000e0000000, 0x00000000e6880000, 0x00000000f5580000)
  object space 107008K, 28% used [0x00000000e0000000,0x00000000e1e18860,0x00000000e6880000)
 Metaspace       used 57113K, capacity 61942K, committed 62120K, reserved 1103872K
  class space    used 7095K, capacity 8594K, committed 8616K, reserved 1048576K
Event: 40.045 GC heap after
Heap after GC invocations=17 (full 3):
 PSYoungGen      total 56320K, used 3969K [0x00000000f5580000, 0x00000000f9d00000, 0x0000000100000000)
  eden space 39936K, 0% used [0x00000000f5580000,0x00000000f5580000,0x00000000f7c80000)
  from space 16384K, 24% used [0x00000000f8c80000,0x00000000f90605b0,0x00000000f9c80000)
  to   space 16384K, 0% used [0x00000000f7c80000,0x00000000f7c80000,0x00000000f8c80000)
 ParOldGen       total 107008K, used 30826K [0x00000000e0000000, 0x00000000e6880000, 0x00000000f5580000)
  object space 107008K, 28% used [0x00000000e0000000,0x00000000e1e1a860,0x00000000e6880000)
 Metaspace       used 57113K, capacity 61942K, committed 62120K, reserved 1103872K
  class space    used 7095K, capacity 8594K, committed 8616K, reserved 1048576K
}
Event: 59.898 GC heap before
{Heap before GC invocations=18 (full 3):
 PSYoungGen      total 56320K, used 43905K [0x00000000f5580000, 0x00000000f9d00000, 0x0000000100000000)
  eden space 39936K, 100% used [0x00000000f5580000,0x00000000f7c80000,0x00000000f7c80000)
  from space 16384K, 24% used [0x00000000f8c80000,0x00000000f90605b0,0x00000000f9c80000)
  to   space 16384K, 0% used [0x00000000f7c80000,0x00000000f7c80000,0x00000000f8c80000)
 ParOldGen       total 107008K, used 30826K [0x00000000e0000000, 0x00000000e6880000, 0x00000000f5580000)
  object space 107008K, 28% used [0x00000000e0000000,0x00000000e1e1a860,0x00000000e6880000)
 Metaspace       used 58626K, capacity 63352K, committed 63528K, reserved 1103872K
  class space    used 7247K, capacity 8724K, committed 8744K, reserved 1048576K
Event: 59.902 GC heap after
Heap after GC invocations=18 (full 3):
 PSYoungGen      total 56320K, used 6282K [0x00000000f5580000, 0x00000000fa000000, 0x0000000100000000)
  eden space 39936K, 0% used [0x00000000f5580000,0x00000000f5580000,0x00000000f7c80000)
  from space 16384K, 38% used [0x00000000f7c80000,0x00000000f82a2b48,0x00000000f8c80000)
  to   space 15872K, 0% used [0x00000000f9080000,0x00000000f9080000,0x00000000fa000000)
 ParOldGen       total 107008K, used 30834K [0x00000000e0000000, 0x00000000e6880000, 0x00000000f5580000)
  object space 107008K, 28% used [0x00000000e0000000,0x00000000e1e1c860,0x00000000e6880000)
 Metaspace       used 58626K, capacity 63352K, committed 63528K, reserved 1103872K
  class space    used 7247K, capacity 8724K, committed 8744K, reserved 1048576K
}
Event: 87.352 GC heap before
{Heap before GC invocations=19 (full 3):
 PSYoungGen      total 56320K, used 46218K [0x00000000f5580000, 0x00000000fa000000, 0x0000000100000000)
  eden space 39936K, 100% used [0x00000000f5580000,0x00000000f7c80000,0x00000000f7c80000)
  from space 16384K, 38% used [0x00000000f7c80000,0x00000000f82a2b48,0x00000000f8c80000)
  to   space 15872K, 0% used [0x00000000f9080000,0x00000000f9080000,0x00000000fa000000)
 ParOldGen       total 107008K, used 30834K [0x00000000e0000000, 0x00000000e6880000, 0x00000000f5580000)
  object space 107008K, 28% used [0x00000000e0000000,0x00000000e1e1c860,0x00000000e6880000)
 Metaspace       used 59774K, capacity 64558K, committed 64680K, reserved 1105920K
  class space    used 7444K, capacity 9018K, committed 9128K, reserved 1048576K
Event: 87.355 GC heap after
Heap after GC invocations=19 (full 3):
 PSYoungGen      total 58368K, used 3926K [0x00000000f5580000, 0x00000000f9f00000, 0x0000000100000000)
  eden space 43520K, 0% used [0x00000000f5580000,0x00000000f5580000,0x00000000f8000000)
  from space 14848K, 26% used [0x00000000f9080000,0x00000000f94558e8,0x00000000f9f00000)
  to   space 15872K, 0% used [0x00000000f8000000,0x00000000f8000000,0x00000000f8f80000)
 ParOldGen       total 107008K, used 30842K [0x00000000e0000000, 0x00000000e6880000, 0x00000000f5580000)
  object space 107008K, 28% used [0x00000000e0000000,0x00000000e1e1e860,0x00000000e6880000)
 Metaspace       used 59774K, capacity 64558K, committed 64680K, reserved 1105920K
  class space    used 7444K, capacity 9018K, committed 9128K, reserved 1048576K
}
Event: 111.298 GC heap before
{Heap before GC invocations=20 (full 3):
 PSYoungGen      total 58368K, used 40326K [0x00000000f5580000, 0x00000000f9f00000, 0x0000000100000000)
  eden space 43520K, 83% used [0x00000000f5580000,0x00000000f790c1c0,0x00000000f8000000)
  from space 14848K, 26% used [0x00000000f9080000,0x00000000f94558e8,0x00000000f9f00000)
  to   space 15872K, 0% used [0x00000000f8000000,0x00000000f8000000,0x00000000f8f80000)
 ParOldGen       total 107008K, used 30842K [0x00000000e0000000, 0x00000000e6880000, 0x00000000f5580000)
  object space 107008K, 28% used [0x00000000e0000000,0x00000000e1e1e860,0x00000000e6880000)
 Metaspace       used 60633K, capacity 65588K, committed 65704K, reserved 1105920K
  class space    used 7510K, capacity 9056K, committed 9128K, reserved 1048576K
Event: 111.303 GC heap after
Heap after GC invocations=20 (full 3):
 PSYoungGen      total 59392K, used 4480K [0x00000000f5580000, 0x00000000f9f00000, 0x0000000100000000)
  eden space 43520K, 0% used [0x00000000f5580000,0x00000000f5580000,0x00000000f8000000)
  from space 15872K, 28% used [0x00000000f8000000,0x00000000f8460010,0x00000000f8f80000)
  to   space 15872K, 0% used [0x00000000f8f80000,0x00000000f8f80000,0x00000000f9f00000)
 ParOldGen       total 107008K, used 30850K [0x00000000e0000000, 0x00000000e6880000, 0x00000000f5580000)
  object space 107008K, 28% used [0x00000000e0000000,0x00000000e1e20860,0x00000000e6880000)
 Metaspace       used 60633K, capacity 65588K, committed 65704K, reserved 1105920K
  class space    used 7510K, capacity 9056K, committed 9128K, reserved 1048576K
}
Event: 111.303 GC heap before
{Heap before GC invocations=21 (full 4):
 PSYoungGen      total 59392K, used 4480K [0x00000000f5580000, 0x00000000f9f00000, 0x0000000100000000)
  eden space 43520K, 0% used [0x00000000f5580000,0x00000000f5580000,0x00000000f8000000)
  from space 15872K, 28% used [0x00000000f8000000,0x00000000f8460010,0x00000000f8f80000)
  to   space 15872K, 0% used [0x00000000f8f80000,0x00000000f8f80000,0x00000000f9f00000)
 ParOldGen       total 107008K, used 30850K [0x00000000e0000000, 0x00000000e6880000, 0x00000000f5580000)
  object space 107008K, 28% used [0x00000000e0000000,0x00000000e1e20860,0x00000000e6880000)
 Metaspace       used 60633K, capacity 65588K, committed 65704K, reserved 1105920K
  class space    used 7510K, capacity 9056K, committed 9128K, reserved 1048576K
Event: 111.521 GC heap after
Heap after GC invocations=21 (full 4):
 PSYoungGen      total 59392K, used 0K [0x00000000f5580000, 0x00000000f9f00000, 0x0000000100000000)
  eden space 43520K, 0% used [0x00000000f5580000,0x00000000f5580000,0x00000000f8000000)
  from space 15872K, 0% used [0x00000000f8000000,0x00000000f8000000,0x00000000f8f80000)
  to   space 15872K, 0% used [0x00000000f8f80000,0x00000000f8f80000,0x00000000f9f00000)
 ParOldGen       total 107008K, used 33097K [0x00000000e0000000, 0x00000000e6880000, 0x00000000f5580000)
  object space 107008K, 30% used [0x00000000e0000000,0x00000000e2052630,0x00000000e6880000)
 Metaspace       used 60633K, capacity 65588K, committed 65704K, reserved 1105920K
  class space    used 7510K, capacity 9056K, committed 9128K, reserved 1048576K
}

Deoptimization events (10 events):
Event: 121.003 Thread 0x0000000002458000 Uncommon trap: reason=bimorphic action=maybe_recompile pc=0x00000000031aba64 method=org.eclipse.emf.ecore.impl.ETypedElementImpl.getEType()Lorg/eclipse/emf/ecore/EClassifier; @ 18
Event: 121.003 Thread 0x0000000002458000 Uncommon trap: reason=bimorphic action=maybe_recompile pc=0x00000000031aba64 method=org.eclipse.emf.ecore.impl.ETypedElementImpl.getEType()Lorg/eclipse/emf/ecore/EClassifier; @ 18
Event: 121.021 Thread 0x0000000002458000 Uncommon trap: reason=class_check action=maybe_recompile pc=0x0000000003ef1b18 method=org.eclipse.e4.core.internal.contexts.ContextObjectSupplier$ContextInjectionListener.update(Lorg/eclipse/e4/core/contexts/IEclipseContext;I[Ljava/lang/Object;)Z @ 189
Event: 121.021 Thread 0x0000000002458000 Uncommon trap: reason=class_check action=maybe_recompile pc=0x0000000003ef1b18 method=org.eclipse.e4.core.internal.contexts.ContextObjectSupplier$ContextInjectionListener.update(Lorg/eclipse/e4/core/contexts/IEclipseContext;I[Ljava/lang/Object;)Z @ 189
Event: 121.021 Thread 0x0000000002458000 Uncommon trap: reason=class_check action=maybe_recompile pc=0x0000000003ef1b18 method=org.eclipse.e4.core.internal.contexts.ContextObjectSupplier$ContextInjectionListener.update(Lorg/eclipse/e4/core/contexts/IEclipseContext;I[Ljava/lang/Object;)Z @ 189
Event: 121.021 Thread 0x0000000002458000 Uncommon trap: reason=class_check action=maybe_recompile pc=0x0000000003ef1b18 method=org.eclipse.e4.core.internal.contexts.ContextObjectSupplier$ContextInjectionListener.update(Lorg/eclipse/e4/core/contexts/IEclipseContext;I[Ljava/lang/Object;)Z @ 189
Event: 121.021 Thread 0x0000000002458000 Uncommon trap: reason=class_check action=maybe_recompile pc=0x0000000003f022f0 method=org.eclipse.e4.core.internal.contexts.TrackableComputationExt.update(Lorg/eclipse/e4/core/internal/contexts/ContextChangeEvent;)Z @ 62
Event: 121.021 Thread 0x0000000002458000 Uncommon trap: reason=class_check action=maybe_recompile pc=0x0000000003f022f0 method=org.eclipse.e4.core.internal.contexts.TrackableComputationExt.update(Lorg/eclipse/e4/core/internal/contexts/ContextChangeEvent;)Z @ 62
Event: 121.022 Thread 0x0000000002458000 Uncommon trap: reason=class_check action=maybe_recompile pc=0x0000000003f022f0 method=org.eclipse.e4.core.internal.contexts.TrackableComputationExt.update(Lorg/eclipse/e4/core/internal/contexts/ContextChangeEvent;)Z @ 62
Event: 121.578 Thread 0x0000000002458000 Uncommon trap: reason=null_check action=make_not_entrant pc=0x0000000003107fb4 method=org.eclipse.core.runtime.internal.adaptor.EclipseLazyStarter.shouldActivateFor(Ljava/lang/String;Lorg/eclipse/osgi/baseadaptor/BaseData;Lorg/eclipse/core/runtime/internalõÏ*@^@

Internal exceptions (10 events):
Event: 120.423 Thread 0x0000000018c32800 Exception <a 'java/net/SocketException': Socket closed> (0x00000000f5c4a958) thrown at [D:\re\workspace\8-2-build-windows-amd64-cygwin\jdk8u25\1677\hotspot\src\share\vm\prims\jni.cpp, line 742]
Event: 120.424 Thread 0x00000000160e3000 Exception <a 'java/lang/InterruptedException'> (0x00000000f5c88598) thrown at [D:\re\workspace\8-2-build-windows-amd64-cygwin\jdk8u25\1677\hotspot\src\share\vm\runtime\objectMonitor.cpp, line 1682]
Event: 120.757 Thread 0x0000000002458000 Implicit null exception at 0x000000000289208c to 0x00000000028920e9
Event: 120.769 Thread 0x0000000002458000 Implicit null exception at 0x000000000313b053 to 0x000000000313b511
Event: 121.070 Thread 0x0000000018c22800 Exception <a 'java/lang/InterruptedException'> (0x00000000f67eea50) thrown at [D:\re\workspace\8-2-build-windows-amd64-cygwin\jdk8u25\1677\hotspot\src\share\vm\runtime\objectMonitor.cpp, line 1682]
Event: 121.578 Thread 0x0000000002458000 Implicit null exception at 0x00000000031076b7 to 0x0000000003107fa5
Event: 121.623 Thread 0x0000000015e6a000 Exception <a 'java/lang/InterruptedException': sleep interrupted> (0x00000000f6a24b98) thrown at [D:\re\workspace\8-2-build-windows-amd64-cygwin\jdk8u25\1677\hotspot\src\share\vm\prims\jvm.cpp, line 3141]
Event: 121.623 Thread 0x0000000018dfe000 Exception <a 'java/lang/InterruptedException'> (0x00000000f6a91820) thrown at [D:\re\workspace\8-2-build-windows-amd64-cygwin\jdk8u25\1677\hotspot\src\share\vm\runtime\objectMonitor.cpp, line 1682]
Event: 121.623 Thread 0x0000000016ab5000 Exception <a 'java/lang/InterruptedException'> (0x00000000f6a9d4d0) thrown at [D:\re\workspace\8-2-build-windows-amd64-cygwin\jdk8u25\1677\hotspot\src\share\vm\runtime\objectMonitor.cpp, line 1682]
Event: 121.955 Thread 0x0000000016164800 Exception <a 'java/lang/InterruptedException'> (0x00000000f6a246e8) thrown at [D:\re\workspace\8-2-build-windows-amd64-cygwin\jdk8u25\1677\hotspot\src\share\vm\runtime\objectMonitor.cpp, line 1682]

Events (10 events):
Event: 121.955 Thread 0x0000000015f67800 Thread exited: 0x0000000015f67800
Event: 121.956 loading class java/util/IdentityHashMap$KeyIterator
Event: 121.956 loading class java/util/IdentityHashMap$IdentityHashMapIterator
Event: 121.956 loading class java/util/IdentityHashMap$IdentityHashMapIterator done
Event: 121.956 loading class java/util/IdentityHashMap$KeyIterator done
Event: 121.956 Thread 0x0000000018dfe000 Thread added: 0x0000000018dfe000
Event: 121.956 Thread 0x00000000151a1000 flushing nmethod 0x0000000002f54450
Event: 121.956 Thread 0x0000000018dfe000 Thread exited: 0x0000000018dfe000
Event: 121.956 Thread 0x00000000151a1000 flushing nmethod 0x0000000002fce490
Event: 121.956 Executing VM operation: Exit


Dynamic libraries:
0x0000000000400000 - 0x000000000044f000 	C:\Xilinx\SDK\2015.2\eclipse\win64.o\eclipse.exe
0x0000000077c80000 - 0x0000000077e29000 	C:\Windows\SYSTEM32\ntdll.dll
0x0000000077b60000 - 0x0000000077c7f000 	C:\Windows\system32\kernel32.dll
0x000007fefdc80000 - 0x000007fefdceb000 	C:\Windows\system32\KERNELBASE.dll
0x0000000077a60000 - 0x0000000077b5a000 	C:\Windows\system32\USER32.dll
0x000007fefe420000 - 0x000007fefe487000 	C:\Windows\system32\GDI32.dll
0x000007fefff80000 - 0x000007fefff8e000 	C:\Windows\system32\LPK.dll
0x000007feffeb0000 - 0x000007fefff79000 	C:\Windows\system32\USP10.dll
0x000007fefe490000 - 0x000007fefe52f000 	C:\Windows\system32\msvcrt.dll
0x000007fefc670000 - 0x000007fefc864000 	C:\Windows\WinSxS\amd64_microsoft.windows.common-controls_6595b64144ccf1df_6.0.7601.17514_none_fa396087175ac9ac\COMCTL32.dll
0x000007feff820000 - 0x000007feff891000 	C:\Windows\system32\SHLWAPI.dll
0x000007feffca0000 - 0x000007feffcce000 	C:\Windows\system32\IMM32.DLL
0x000007feff710000 - 0x000007feff819000 	C:\Windows\system32\MSCTF.dll
0x0000000072000000 - 0x0000000072012000 	C:\Xilinx\SDK\2015.2\eclipse\win64.o\plugins\org.eclipse.equinox.launcher.win32.win32.x86_64_1.1.200.v20140116-2212\eclipse_1503.dll
0x000007feffdd0000 - 0x000007feffeab000 	C:\Windows\system32\ADVAPI32.dll
0x000007feffcd0000 - 0x000007feffcef000 	C:\Windows\SYSTEM32\sechost.dll
0x000007fefe290000 - 0x000007fefe3bd000 	C:\Windows\system32\RPCRT4.dll
0x000007fefcd30000 - 0x000007fefcd3c000 	C:\Windows\system32\VERSION.dll
0x000007fefc330000 - 0x000007fefc386000 	C:\Windows\system32\uxtheme.dll
0x000000006e4f0000 - 0x000000006ed4a000 	C:\Xilinx\SDK\2015.2\tps\win64\jre\bin\server\jvm.dll
0x000007fefbdd0000 - 0x000007fefbdd9000 	C:\Windows\system32\WSOCK32.dll
0x000007fefe3d0000 - 0x000007fefe41d000 	C:\Windows\system32\WS2_32.dll
0x000007fefe3c0000 - 0x000007fefe3c8000 	C:\Windows\system32\NSI.dll
0x000007fefb9f0000 - 0x000007fefba2b000 	C:\Windows\system32\WINMM.dll
0x0000000077e50000 - 0x0000000077e57000 	C:\Windows\system32\PSAPI.DLL
0x0000000073010000 - 0x00000000730e2000 	C:\Windows\system32\MSVCR100.dll
0x0000000075980000 - 0x000000007598f000 	C:\Xilinx\SDK\2015.2\tps\win64\jre\bin\verify.dll
0x0000000075950000 - 0x0000000075978000 	C:\Xilinx\SDK\2015.2\tps\win64\jre\bin\java.dll
0x0000000075930000 - 0x0000000075946000 	C:\Xilinx\SDK\2015.2\tps\win64\jre\bin\zip.dll
0x000007fefe850000 - 0x000007feff5d8000 	C:\Windows\system32\SHELL32.dll
0x000007fefe080000 - 0x000007fefe283000 	C:\Windows\system32\ole32.dll
0x000007fefdbd0000 - 0x000007fefdbdf000 	C:\Windows\system32\profapi.dll
0x000007fefd460000 - 0x000007fefd477000 	C:\Windows\system32\CRYPTSP.dll
0x000007fefd160000 - 0x000007fefd1a7000 	C:\Windows\system32\rsaenh.dll
0x000007fefcf20000 - 0x000007fefcf3e000 	C:\Windows\system32\USERENV.dll
0x000007fefda60000 - 0x000007fefda6f000 	C:\Windows\system32\CRYPTBASE.dll
0x0000000075910000 - 0x000000007592a000 	C:\Xilinx\SDK\2015.2\tps\win64\jre\bin\net.dll
0x000007fefd400000 - 0x000007fefd455000 	C:\Windows\system32\mswsock.dll
0x000007fefd3f0000 - 0x000007fefd3f7000 	C:\Windows\System32\wship6.dll
0x000007fefb2d0000 - 0x000007fefb2f7000 	C:\Windows\system32\IPHLPAPI.DLL
0x000007fefb2c0000 - 0x000007fefb2cb000 	C:\Windows\system32\WINNSI.DLL
0x000007fefacf0000 - 0x000007fefad01000 	C:\Windows\system32\dhcpcsvc6.DLL
0x000007fefac70000 - 0x000007fefac88000 	C:\Windows\system32\dhcpcsvc.DLL
0x00000000758f0000 - 0x0000000075901000 	C:\Xilinx\SDK\2015.2\tps\win64\jre\bin\nio.dll
0x000007fefe550000 - 0x000007fefe5e9000 	C:\Windows\system32\CLBCatQ.DLL
0x000007fefdfa0000 - 0x000007fefe077000 	C:\Windows\system32\OLEAUT32.dll
0x000007fefb890000 - 0x000007fefb8a5000 	C:\Windows\system32\NLAapi.dll
0x000007fef1f50000 - 0x000007fef1f65000 	C:\Windows\system32\napinsp.dll
0x000007fef1de0000 - 0x000007fef1df9000 	C:\Windows\system32\pnrpnsp.dll
0x000007fefd280000 - 0x000007fefd2db000 	C:\Windows\system32\DNSAPI.dll
0x000007fef1cd0000 - 0x000007fef1cdb000 	C:\Windows\System32\winrnr.dll
0x000007fefce00000 - 0x000007fefce07000 	C:\Windows\System32\wshtcpip.dll
0x000007fefa5c0000 - 0x000007fefa5c8000 	C:\Windows\system32\rasadhlp.dll
0x000007fefad20000 - 0x000007fefad73000 	C:\Windows\System32\fwpuclnt.dll
0x0000000017c50000 - 0x0000000017cf8000 	C:\Users\Tung\.Xilinx\SDK\2015.2\org.eclipse.osgi\bundles\287\1\.cp\swt-win32-4335.dll
0x000007feff8a0000 - 0x000007feff937000 	C:\Windows\system32\comdlg32.dll
0x000007fefb220000 - 0x000007fefb291000 	C:\Windows\system32\WINSPOOL.DRV
0x000007feff5e0000 - 0x000007feff70a000 	C:\Windows\system32\WININET.dll
0x000007feffb20000 - 0x000007feffc98000 	C:\Windows\system32\urlmon.dll
0x000007fefdd70000 - 0x000007fefded7000 	C:\Windows\system32\CRYPT32.dll
0x000007fefdc70000 - 0x000007fefdc7f000 	C:\Windows\system32\MSASN1.dll
0x000007fefe5f0000 - 0x000007fefe849000 	C:\Windows\system32\iertutil.dll
0x000007fefbf50000 - 0x000007fefbf68000 	C:\Windows\system32\dwmapi.dll
0x000007fefc3c0000 - 0x000007fefc4ec000 	C:\Windows\system32\propsys.dll
0x00000000026f0000 - 0x000000000270e000 	C:\Users\Tung\.Xilinx\SDK\2015.2\org.eclipse.osgi\bundles\287\1\.cp\swt-gdip-win32-4335.dll
0x000007fefc110000 - 0x000007fefc325000 	C:\Windows\WinSxS\amd64_microsoft.windows.gdiplus_6595b64144ccf1df_1.1.7601.17514_none_2b24536c71ed437a\gdiplus.dll
0x000007fefbde0000 - 0x000007fefbf0a000 	C:\Windows\system32\WindowsCodecs.dll
0x0000000180000000 - 0x0000000180012000 	C:\Users\Tung\.Xilinx\SDK\2015.2\org.eclipse.osgi\bundles\113\1\.cp\os\win32\x86_64\localfile_1_0_0.dll
0x000007fefb440000 - 0x000007fefb456000 	C:\Xilinx\SDK\2015.2\eclipse\win64.o\plugins\org.eclipse.cdt.core.win32.x86_64_5.2.0.201402142303\os\win32\x86_64\spawner.dll
0x000007fefdb10000 - 0x000007fefdb67000 	C:\Windows\system32\apphelp.dll
0x000007fefb420000 - 0x000007fefb431000 	C:\Users\Tung\.Xilinx\SDK\2015.2\org.eclipse.osgi\bundles\116\1\.cp\jWinHttp-1.0.0.dll
0x000007fef9940000 - 0x000007fef99b1000 	C:\Windows\system32\WINHTTP.dll
0x000007fef98d0000 - 0x000007fef9934000 	C:\Windows\system32\webio.dll
0x000007fefda30000 - 0x000007fefda55000 	C:\Windows\system32\SspiCli.dll
0x000007fefd030000 - 0x000007fefd03a000 	C:\Windows\system32\credssp.dll
0x000007fefdd30000 - 0x000007fefdd66000 	C:\Windows\system32\CFGMGR32.dll
0x000007fefaf70000 - 0x000007fefafc4000 	C:\Windows\system32\oleacc.dll
0x000007fefdbb0000 - 0x000007fefdbc4000 	C:\Windows\system32\RpcRtRemote.dll
0x000007fefb410000 - 0x000007fefb41a000 	C:\Xilinx\SDK\2015.2\lib\win64.o\librdi_jtag_settings.dll
0x000007fefb1c0000 - 0x000007fefb1e9000 	C:\Xilinx\SDK\2015.2\lib\win64.o\librdi_debug_dialog.dll
0x000007fefb190000 - 0x000007fefb1b2000 	C:\Xilinx\SDK\2015.2\lib\win64.o\libboost_filesystem.dll
0x000007fefb400000 - 0x000007fefb409000 	C:\Xilinx\SDK\2015.2\lib\win64.o\libboost_system.dll
0x000007feecd40000 - 0x000007feecde7000 	C:\Windows\system32\MSVCP110.dll
0x000007feece00000 - 0x000007feeced4000 	C:\Windows\system32\MSVCR110.dll
0x000007fec9b40000 - 0x000007feca483000 	C:\Xilinx\SDK\2015.2\lib\win64.o\librdi_common.dll
0x000007fec9890000 - 0x000007fec9b38000 	C:\Xilinx\SDK\2015.2\lib\win64.o\libCOIN-all.dll
0x000007fec9670000 - 0x000007fec9890000 	C:\Xilinx\SDK\2015.2\lib\win64.o\libXil_lmgr11.dll
0x000007fefbc80000 - 0x000007fefbc96000 	C:\Windows\system32\NETAPI32.dll
0x000007fefbc70000 - 0x000007fefbc7c000 	C:\Windows\system32\netutils.dll
0x000007fefd670000 - 0x000007fefd693000 	C:\Windows\system32\srvcli.dll
0x000007fefbc50000 - 0x000007fefbc65000 	C:\Windows\system32\wkscli.dll
0x000007fefdcf0000 - 0x000007fefdd2a000 	C:\Windows\system32\WINTRUST.dll
0x000007fefb3f0000 - 0x000007fefb400000 	C:\Xilinx\SDK\2015.2\lib\win64.o\libboost_date_time.dll
0x000007fefaa30000 - 0x000007fefaaa4000 	C:\Xilinx\SDK\2015.2\lib\win64.o\libboost_program_options.dll
0x000007feeb400000 - 0x000007feeb4fa000 	C:\Xilinx\SDK\2015.2\lib\win64.o\libboost_regex.dll
0x000007fefb130000 - 0x000007fefb143000 	C:\Xilinx\SDK\2015.2\lib\win64.o\libboost_signals.dll
0x000007fefb110000 - 0x000007fefb12d000 	C:\Xilinx\SDK\2015.2\lib\win64.o\libboost_thread.dll
0x000007fefb100000 - 0x000007fefb10b000 	C:\Xilinx\SDK\2015.2\lib\win64.o\libboost_chrono.dll
0x000007fefb080000 - 0x000007fefb100000 	C:\Xilinx\SDK\2015.2\lib\win64.o\libhdlpsolve.dll
0x000007feeef80000 - 0x000007feef01a000 	C:\Xilinx\SDK\2015.2\lib\win64.o\libhdxml.dll
0x000007fec9060000 - 0x000007fec966a200 	C:\Xilinx\SDK\2015.2\lib\win64.o\libisl_iostreams.dll
0x000007fefb060000 - 0x000007fefb076000 	C:\Xilinx\SDK\2015.2\lib\win64.o\libboost_iostreams.dll
0x000007fefaa00000 - 0x000007fefaa23000 	C:\Xilinx\SDK\2015.2\lib\win64.o\librdizlib.dll
0x000007fef70f0000 - 0x000007fef7113000 	C:\Xilinx\SDK\2015.2\lib\win64.o\libisl_iosutils.dll
0x000007feef070000 - 0x000007feef09a000 	C:\Xilinx\SDK\2015.2\lib\win64.o\libisl_sysinfo.dll
0x000007fefa930000 - 0x000007fefa945000 	C:\Xilinx\SDK\2015.2\lib\win64.o\pthreadVC2.dll
0x000007feeef20000 - 0x000007feeef74000 	C:\Xilinx\SDK\2015.2\lib\win64.o\librdi_commonxillic.dll
0x000007fecb400000 - 0x000007fecb530000 	C:\Xilinx\SDK\2015.2\lib\win64.o\librdi_curl.dll
0x000007fefa9e0000 - 0x000007fefa9f8000 	C:\Xilinx\SDK\2015.2\lib\win64.o\librdiconfig.dll
0x0000000071250000 - 0x0000000071377000 	C:\Xilinx\SDK\2015.2\lib\win64.o\tcl85t.dll
0x000000001f0a0000 - 0x000000001f303000 	C:\Xilinx\SDK\2015.2\lib\win64.o\xerces-c_3_1.dll
0x000007feea530000 - 0x000007feea553000 	C:\Windows\system32\VCOMP110.DLL
0x000007fec8e70000 - 0x000007fec9058000 	C:\Xilinx\SDK\2015.2\lib\win64.o\librdi_hsm.dll
0x000007feeeed0000 - 0x000007feeef13000 	C:\Xilinx\SDK\2015.2\lib\win64.o\librdi_hdf.dll
0x000007fecb750000 - 0x000007fecb90a000 	C:\Xilinx\SDK\2015.2\lib\win64.o\librdi_ippcw.dll
0x000007fef70e0000 - 0x000007fef70e8000 	C:\Xilinx\SDK\2015.2\lib\win64.o\librdi_target_manager.dll
0x000007feeeec0000 - 0x000007feeeed0000 	C:\Xilinx\SDK\2015.2\lib\win64.o\librdi_repo_manager.dll
0x000007feeeea0000 - 0x000007feeeebc000 	C:\Xilinx\SDK\2015.2\lib\win64.o\librdi_hw_platform.dll
0x000007fefb2b0000 - 0x000007fefb2b7000 	C:\Windows\system32\msimg32.dll
0x000007fec7d00000 - 0x000007fec810a000 	C:\Xilinx\SDK\2015.2\lib\win64.o\librdi_commontasks.dll
0x000007fec01e0000 - 0x000007fec09f0000 	C:\Xilinx\SDK\2015.2\lib\win64.o\libXil_lmgr11FNP.dll
0x000007fef69b0000 - 0x000007fef69bb000 	C:\Windows\system32\snmpapi.dll
0x000007feff940000 - 0x000007feffb17000 	C:\Windows\system32\SETUPAPI.dll
0x000007fefdee0000 - 0x000007fefdefa000 	C:\Windows\system32\DEVOBJ.dll
0x000007febfc40000 - 0x000007febffd5000 	C:\Xilinx\SDK\2015.2\lib\win64.o\librdi_hsmtasks.dll
0x000007fefc390000 - 0x000007fefc3ab000 	C:\Xilinx\SDK\2015.2\lib\win64.o\librdi_sw_platform.dll
0x0000000074970000 - 0x0000000074973000 	C:\Windows\system32\icmp.Dll
0x000007fef79b0000 - 0x000007fef7ad5000 	C:\Windows\system32\dbghelp.dll

VM Arguments:
jvm_args: -Dcom.xilinx.sdk.args.hwspec=C:/Users/Tung/Desktop/vdma_hdmi_conv_v1/axi_conv_fp_3x3/axi_conv_fp_3x3.sdk/design_1_wrapper.hdf -Xms64m -Xmx512m & 
java_command: <unknown>
java_class_path (initial): C:\Xilinx\SDK\2015.2\eclipse\win64.o\\plugins/org.eclipse.equinox.launcher_1.3.0.v20130327-1440.jar
Launcher Type: generic

Environment Variables:
USERNAME=Tung
OS=Windows_NT
PROCESSOR_IDENTIFIER=Intel64 Family 6 Model 60 Stepping 3, GenuineIntel



---------------  S Y S T E M  ---------------

OS: Windows 7 , 64 bit Build 7601 Service Pack 1

CPU:total 4 (4 cores per cpu, 1 threads per core) family 6 model 60 stepping 3, cmov, cx8, fxsr, mmx, sse, sse2, sse3, ssse3, sse4.1, sse4.2, popcnt, avx, avx2, aes, clmul, erms, lzcnt, tsc, tscinvbit, bmi1, bmi2

Memory: 4k page, physical 4110972k(1928296k free), swap 8220100k(5056028k free)

vm_info: Java HotSpot(TM) 64-Bit Server VM (25.25-b02) for windows-amd64 JRE (1.8.0_25-b18), built on Oct  7 2014 14:25:37 by "java_re" with MS VC++ 10.0 (VS2010)

time: Tue Aug 21 11:09:31 2018
elapsed time: 122 seconds (0d 0h 2m 2s)

