#
# A fatal error has been detected by the Java Runtime Environment:
#
#  Internal Error (0xc000000d), pid=3132, tid=2200
#
# JRE version: Java(TM) SE Runtime Environment (8.0_25-b18) (build 1.8.0_25-b18)
# Java VM: Java HotSpot(TM) 64-Bit Server VM (25.25-b02 mixed mode windows-amd64 compressed oops)
# Problematic frame:
# C  [ntdll.dll+0x7a291]
#
# Failed to write core dump. Minidumps are not enabled by default on client versions of Windows
#
# If you would like to submit a bug report, please visit:
#   http://bugreport.sun.com/bugreport/crash.jsp
#

---------------  T H R E A D  ---------------

Current thread (0x0000000013a26000):  VMThread [stack: 0x0000000014a90000,0x0000000014b90000] [id=2200]

siginfo: ExceptionCode=0xc000000d

Registers:
RAX=0x00000000631df065, RBX=0x0000000000000000, RCX=0x0000000014b8ef10, RDX=0x0000000000000000
RSP=0x0000000014b8f520, RBP=0x0000000000265c70, RSI=0x000007feece07408, RDI=0x0000000014b8f668
R8 =0x0000000000000000, R9 =0x0000000000000000, R10=0x0000000000000000, R11=0x0000000000000246
R12=0x0000000022f92cf0, R13=0x0000000022f91fc0, R14=0x0000000000265d78, R15=0x0000000000000000
RIP=0x0000000077cfa291, EFLAGS=0x0000000000000206

Top of Stack: (sp=0x0000000014b8f520)
0x0000000014b8f520:   0000000000000000 000007feece07408
0x0000000014b8f530:   0000000014b8f668 0000000077c80231
0x0000000014b8f540:   0000000026f31170 0000000014b8f748
0x0000000014b8f550:   0000000000000000 0000008e00000000
0x0000000014b8f560:   0000000000000002 0000000000000101
0x0000000014b8f570:   00000000c000000d 0000000000000000
0x0000000014b8f580:   0000000077cfa291 0000000000000000
0x0000000014b8f590:   0000000000000000 0000000000000000
0x0000000014b8f5a0:   0000000000000000 0000000000000000
0x0000000014b8f5b0:   0000000000000000 0000000000000000
0x0000000014b8f5c0:   0000000000000000 0000000000000000
0x0000000014b8f5d0:   0000000000000000 0000000000000000
0x0000000014b8f5e0:   0000000000000000 0000000000000000
0x0000000014b8f5f0:   0000000000000000 0000000000000000
0x0000000014b8f600:   0000000000000000 0000000077cac8d8
0x0000000014b8f610:   0000000000000aa4 0000000077ba2fe8 

Instructions: (pc=0x0000000077cfa291)
0x0000000077cfa271:   5b 8c fd ff b9 57 00 00 00 c7 44 24 50 0d 00 00
0x0000000077cfa281:   c0 e8 49 8f fd ff 48 8d 4c 24 50 e8 cf f2 f9 ff
0x0000000077cfa291:   4c 8b 1d 40 81 0b 00 4d 85 db 74 5b 65 48 8b 04
0x0000000077cfa2a1:   25 30 00 00 00 f6 80 ee 17 00 00 08 74 12 65 48 


Register to memory mapping:

RAX=0x00000000631df065 is an unknown value
RBX=0x0000000000000000 is an unknown value
RCX=0x0000000014b8ef10 is an unknown value
RDX=0x0000000000000000 is an unknown value
RSP=0x0000000014b8f520 is an unknown value
RBP=0x0000000000265c70 is an unknown value
RSI=0x000007feece07408 is an unknown value
RDI=0x0000000014b8f668 is an unknown value
R8 =0x0000000000000000 is an unknown value
R9 =0x0000000000000000 is an unknown value
R10=0x0000000000000000 is an unknown value
R11=0x0000000000000246 is an unknown value
R12=0x0000000022f92cf0 is an unknown value
R13=0x0000000022f91fc0 is an unknown value
R14=0x0000000000265d78 is an unknown value
R15=0x0000000000000000 is an unknown value


Stack: [0x0000000014a90000,0x0000000014b90000],  sp=0x0000000014b8f520,  free space=1021k
Native frames: (J=compiled Java code, j=interpreted, Vv=VM code, C=native code)
C  [ntdll.dll+0x7a291]
C  [kernel32.dll+0x42fe8]
C  [MSVCR110.dll+0x752d]
C  [MSVCR110.dll+0x14cde]
C  [MSVCR110.dll+0x13edc]
C  [MSVCR110.dll+0x239e]
C  [MSVCR110.dll+0xaf9e]
C  [MSVCP110.dll+0x397b9]
C  [librdi_common.dll+0x135d02]
C  [librdi_common.dll+0x13447b]
C  [librdi_commontasks.dll+0x1cc33c]
C  [librdi_commontasks.dll+0x1cc5be]
C  [ntdll.dll+0x24371]
C  [ntdll.dll+0x24180]
C  [MSVCR100.dll+0x20ccd]
V  [jvm.dll+0x1f9c55]
V  [jvm.dll+0x2325e7]
V  [jvm.dll+0x231826]
V  [jvm.dll+0x231cc1]
V  [jvm.dll+0x231ede]
V  [jvm.dll+0x2852fa]
C  [MSVCR100.dll+0x21d9f]
C  [MSVCR100.dll+0x21e3b]
C  [kernel32.dll+0x1652d]
C  [ntdll.dll+0x2c521]

VM_Operation (0x000000000012f500): Exit, mode: safepoint, requested by thread 0x0000000002608000


---------------  P R O C E S S  ---------------

Java Threads: ( => current thread )
  0x0000000017367000 JavaThread "Thread-14" daemon [_thread_blocked, id=1980, stack(0x0000000021800000,0x0000000021900000)]
  0x0000000019c77000 JavaThread "TCF Locator DNS Lookup" daemon [_thread_blocked, id=3704, stack(0x0000000020700000,0x0000000020800000)]
  0x0000000019c76000 JavaThread "TCF Locator Timer" daemon [_thread_blocked, id=2912, stack(0x000000001c8d0000,0x000000001c9d0000)]
  0x0000000019c75800 JavaThread "TCF Locator Receiver" daemon [_thread_in_native, id=3996, stack(0x000000001c6b0000,0x000000001c7b0000)]
  0x0000000017368000 JavaThread "TCF Timer Dispatcher" daemon [_thread_blocked, id=3008, stack(0x000000001c4b0000,0x000000001c5b0000)]
  0x000000001548f000 JavaThread "EMF Reference Cleaner" daemon [_thread_blocked, id=2032, stack(0x0000000018490000,0x0000000018590000)]
  0x00000000150ff000 JavaThread "Service Thread" daemon [_thread_blocked, id=3028, stack(0x0000000015690000,0x0000000015790000)]
  0x0000000015091000 JavaThread "C1 CompilerThread2" daemon [_thread_blocked, id=2576, stack(0x0000000015590000,0x0000000015690000)]
  0x0000000013a9f800 JavaThread "C2 CompilerThread1" daemon [_thread_blocked, id=2464, stack(0x0000000015490000,0x0000000015590000)]
  0x0000000013a9a000 JavaThread "C2 CompilerThread0" daemon [_thread_blocked, id=2852, stack(0x0000000014f90000,0x0000000015090000)]
  0x0000000013a97000 JavaThread "Attach Listener" daemon [_thread_blocked, id=2828, stack(0x0000000014e90000,0x0000000014f90000)]
  0x0000000013a95800 JavaThread "Signal Dispatcher" daemon [_thread_blocked, id=616, stack(0x0000000014d90000,0x0000000014e90000)]
  0x0000000013a33000 JavaThread "Finalizer" daemon [_thread_blocked, id=3912, stack(0x0000000014c90000,0x0000000014d90000)]
  0x0000000013a2a000 JavaThread "Reference Handler" daemon [_thread_blocked, id=724, stack(0x0000000014b90000,0x0000000014c90000)]
  0x0000000002608000 JavaThread "main" [_thread_blocked, id=2508, stack(0x0000000000030000,0x0000000000130000)]

Other Threads:
=>0x0000000013a26000 VMThread [stack: 0x0000000014a90000,0x0000000014b90000] [id=2200]

VM state:at safepoint (shutting down)

VM Mutex/Monitor currently owned by a thread:  ([mutex/lock_event])
[0x000000000057df20] Threads_lock - owner thread: 0x0000000013a26000

Heap:
 PSYoungGen      total 151040K, used 66452K [0x00000000f5580000, 0x00000000ffa80000, 0x0000000100000000)
  eden space 134144K, 49% used [0x00000000f5580000,0x00000000f9665020,0x00000000fd880000)
  from space 16896K, 0% used [0x00000000fea00000,0x00000000fea00000,0x00000000ffa80000)
  to   space 17408K, 0% used [0x00000000fd880000,0x00000000fd880000,0x00000000fe980000)
 ParOldGen       total 349696K, used 255068K [0x00000000e0000000, 0x00000000f5580000, 0x00000000f5580000)
  object space 349696K, 72% used [0x00000000e0000000,0x00000000ef917088,0x00000000f5580000)
 Metaspace       used 74144K, capacity 79482K, committed 79704K, reserved 1118208K
  class space    used 9038K, capacity 10752K, committed 10840K, reserved 1048576K

Card table byte_map: [0x0000000011a90000,0x0000000011ba0000] byte_map_base: 0x0000000011390000

Marking Bits: (ParMarkBitMap*) 0x000000006d8fd490
 Begin Bits: [0x0000000011fa0000, 0x00000000127a0000)
 End Bits:   [0x00000000127a0000, 0x0000000012fa0000)

Polling page: 0x0000000000550000

CodeCache: size=245760Kb used=28840Kb max_used=28840Kb free=216919Kb
 bounds [0x00000000026d0000, 0x0000000004340000, 0x00000000116d0000]
 total_blobs=9189 nmethods=8346 adapters=752
 compilation: enabled

Compilation events (10 events):
Event: 941.190 Thread 0x0000000015091000 10229   !   3       java.io.RandomAccessFile::getChannel (44 bytes)
Event: 941.190 Thread 0x0000000015091000 nmethod 10229 0x00000000036d9890 code [0x00000000036d9a00, 0x00000000036d9e88]
Event: 941.190 Thread 0x0000000015091000 10227       1       org.eclipse.osgi.internal.loader.BundleLoaderProxy::getBundleData (5 bytes)
Event: 941.190 Thread 0x0000000015091000 nmethod 10227 0x0000000003ad3450 code [0x0000000003ad35a0, 0x0000000003ad36b0]
Event: 941.199 Thread 0x0000000015091000 10231       3       java.io.File::list (33 bytes)
Event: 941.199 Thread 0x0000000015091000 nmethod 10231 0x00000000040b4ed0 code [0x00000000040b50a0, 0x00000000040b57c8]
Event: 941.207 Thread 0x0000000015091000 10232   !   3       org.eclipse.osgi.internal.baseadaptor.BaseStorage::compact (215 bytes)
Event: 941.209 Thread 0x0000000015091000 nmethod 10232 0x0000000004330490 code [0x00000000043308c0, 0x0000000004332d28]
Event: 941.211 Thread 0x0000000015091000 10233       3       org.eclipse.osgi.framework.internal.core.AbstractBundle::close (52 bytes)
Event: 941.212 Thread 0x0000000015091000 nmethod 10233 0x0000000004306e50 code [0x0000000004307080, 0x0000000004307d68]

GC Heap History (10 events):
Event: 842.244 GC heap before
{Heap before GC invocations=69 (full 27):
 PSYoungGen      total 121344K, used 3744K [0x00000000f5580000, 0x00000000ff080000, 0x0000000100000000)
  eden space 120832K, 3% used [0x00000000f5580000,0x00000000f5928290,0x00000000fcb80000)
  from space 512K, 0% used [0x00000000fcb80000,0x00000000fcb80000,0x00000000fcc00000)
  to   space 18944K, 0% used [0x00000000fde00000,0x00000000fde00000,0x00000000ff080000)
 ParOldGen       total 349696K, used 251754K [0x00000000e0000000, 0x00000000f5580000, 0x00000000f5580000)
  object space 349696K, 71% used [0x00000000e0000000,0x00000000ef5da920,0x00000000f5580000)
 Metaspace       used 68752K, capacity 74202K, committed 74456K, reserved 1114112K
  class space    used 8550K, capacity 10326K, committed 10456K, reserved 1048576K
Event: 842.246 GC heap after
Heap after GC invocations=69 (full 27):
 PSYoungGen      total 137728K, used 128K [0x00000000f5580000, 0x00000000fee80000, 0x0000000100000000)
  eden space 120832K, 0% used [0x00000000f5580000,0x00000000f5580000,0x00000000fcb80000)
  from space 16896K, 0% used [0x00000000fde00000,0x00000000fde20000,0x00000000fee80000)
  to   space 17920K, 0% used [0x00000000fcb80000,0x00000000fcb80000,0x00000000fdd00000)
 ParOldGen       total 349696K, used 251754K [0x00000000e0000000, 0x00000000f5580000, 0x00000000f5580000)
  object space 349696K, 71% used [0x00000000e0000000,0x00000000ef5da920,0x00000000f5580000)
 Metaspace       used 68752K, capacity 74202K, committed 74456K, reserved 1114112K
  class space    used 8550K, capacity 10326K, committed 10456K, reserved 1048576K
}
Event: 842.246 GC heap before
{Heap before GC invocations=70 (full 28):
 PSYoungGen      total 137728K, used 128K [0x00000000f5580000, 0x00000000fee80000, 0x0000000100000000)
  eden space 120832K, 0% used [0x00000000f5580000,0x00000000f5580000,0x00000000fcb80000)
  from space 16896K, 0% used [0x00000000fde00000,0x00000000fde20000,0x00000000fee80000)
  to   space 17920K, 0% used [0x00000000fcb80000,0x00000000fcb80000,0x00000000fdd00000)
 ParOldGen       total 349696K, used 251754K [0x00000000e0000000, 0x00000000f5580000, 0x00000000f5580000)
  object space 349696K, 71% used [0x00000000e0000000,0x00000000ef5da920,0x00000000f5580000)
 Metaspace       used 68752K, capacity 74202K, committed 74456K, reserved 1114112K
  class space    used 8550K, capacity 10326K, committed 10456K, reserved 1048576K
Event: 842.325 GC heap after
Heap after GC invocations=70 (full 28):
 PSYoungGen      total 137728K, used 0K [0x00000000f5580000, 0x00000000fee80000, 0x0000000100000000)
  eden space 120832K, 0% used [0x00000000f5580000,0x00000000f5580000,0x00000000fcb80000)
  from space 16896K, 0% used [0x00000000fde00000,0x00000000fde00000,0x00000000fee80000)
  to   space 17920K, 0% used [0x00000000fcb80000,0x00000000fcb80000,0x00000000fdd00000)
 ParOldGen       total 349696K, used 251749K [0x00000000e0000000, 0x00000000f5580000, 0x00000000f5580000)
  object space 349696K, 71% used [0x00000000e0000000,0x00000000ef5d94c8,0x00000000f5580000)
 Metaspace       used 68752K, capacity 74202K, committed 74456K, reserved 1114112K
  class space    used 8550K, capacity 10326K, committed 10456K, reserved 1048576K
}
Event: 901.859 GC heap before
{Heap before GC invocations=71 (full 28):
 PSYoungGen      total 137728K, used 120832K [0x00000000f5580000, 0x00000000fee80000, 0x0000000100000000)
  eden space 120832K, 100% used [0x00000000f5580000,0x00000000fcb80000,0x00000000fcb80000)
  from space 16896K, 0% used [0x00000000fde00000,0x00000000fde00000,0x00000000fee80000)
  to   space 17920K, 0% used [0x00000000fcb80000,0x00000000fcb80000,0x00000000fdd00000)
 ParOldGen       total 349696K, used 251749K [0x00000000e0000000, 0x00000000f5580000, 0x00000000f5580000)
  object space 349696K, 71% used [0x00000000e0000000,0x00000000ef5d94c8,0x00000000f5580000)
 Metaspace       used 72251K, capacity 77856K, committed 77912K, reserved 1116160K
  class space    used 8904K, capacity 10557K, committed 10584K, reserved 1048576K
Event: 901.865 GC heap after
Heap after GC invocations=71 (full 28):
 PSYoungGen      total 138752K, used 7435K [0x00000000f5580000, 0x00000000ffb80000, 0x0000000100000000)
  eden space 120832K, 0% used [0x00000000f5580000,0x00000000f5580000,0x00000000fcb80000)
  from space 17920K, 41% used [0x00000000fcb80000,0x00000000fd2c2c38,0x00000000fdd00000)
  to   space 17920K, 0% used [0x00000000fea00000,0x00000000fea00000,0x00000000ffb80000)
 ParOldGen       total 349696K, used 251757K [0x00000000e0000000, 0x00000000f5580000, 0x00000000f5580000)
  object space 349696K, 71% used [0x00000000e0000000,0x00000000ef5db4c8,0x00000000f5580000)
 Metaspace       used 72251K, capacity 77856K, committed 77912K, reserved 1116160K
  class space    used 8904K, capacity 10557K, committed 10584K, reserved 1048576K
}
Event: 920.087 GC heap before
{Heap before GC invocations=72 (full 28):
 PSYoungGen      total 138752K, used 98371K [0x00000000f5580000, 0x00000000ffb80000, 0x0000000100000000)
  eden space 120832K, 75% used [0x00000000f5580000,0x00000000fae4e0c0,0x00000000fcb80000)
  from space 17920K, 41% used [0x00000000fcb80000,0x00000000fd2c2c38,0x00000000fdd00000)
  to   space 17920K, 0% used [0x00000000fea00000,0x00000000fea00000,0x00000000ffb80000)
 ParOldGen       total 349696K, used 251757K [0x00000000e0000000, 0x00000000f5580000, 0x00000000f5580000)
  object space 349696K, 71% used [0x00000000e0000000,0x00000000ef5db4c8,0x00000000f5580000)
 Metaspace       used 72931K, capacity 78314K, committed 78424K, reserved 1118208K
  class space    used 8921K, capacity 10558K, committed 10584K, reserved 1048576K
Event: 920.091 GC heap after
Heap after GC invocations=72 (full 28):
 PSYoungGen      total 151040K, used 4868K [0x00000000f5580000, 0x00000000ffa80000, 0x0000000100000000)
  eden space 134144K, 0% used [0x00000000f5580000,0x00000000f5580000,0x00000000fd880000)
  from space 16896K, 28% used [0x00000000fea00000,0x00000000feec13c8,0x00000000ffa80000)
  to   space 17408K, 0% used [0x00000000fd880000,0x00000000fd880000,0x00000000fe980000)
 ParOldGen       total 349696K, used 251765K [0x00000000e0000000, 0x00000000f5580000, 0x00000000f5580000)
  object space 349696K, 71% used [0x00000000e0000000,0x00000000ef5dd4c8,0x00000000f5580000)
 Metaspace       used 72931K, capacity 78314K, committed 78424K, reserved 1118208K
  class space    used 8921K, capacity 10558K, committed 10584K, reserved 1048576K
}
Event: 920.091 GC heap before
{Heap before GC invocations=73 (full 29):
 PSYoungGen      total 151040K, used 4868K [0x00000000f5580000, 0x00000000ffa80000, 0x0000000100000000)
  eden space 134144K, 0% used [0x00000000f5580000,0x00000000f5580000,0x00000000fd880000)
  from space 16896K, 28% used [0x00000000fea00000,0x00000000feec13c8,0x00000000ffa80000)
  to   space 17408K, 0% used [0x00000000fd880000,0x00000000fd880000,0x00000000fe980000)
 ParOldGen       total 349696K, used 251765K [0x00000000e0000000, 0x00000000f5580000, 0x00000000f5580000)
  object space 349696K, 71% used [0x00000000e0000000,0x00000000ef5dd4c8,0x00000000f5580000)
 Metaspace       used 72931K, capacity 78314K, committed 78424K, reserved 1118208K
  class space    used 8921K, capacity 10558K, committed 10584K, reserved 1048576K
Event: 920.325 GC heap after
Heap after GC invocations=73 (full 29):
 PSYoungGen      total 151040K, used 0K [0x00000000f5580000, 0x00000000ffa80000, 0x0000000100000000)
  eden space 134144K, 0% used [0x00000000f5580000,0x00000000f5580000,0x00000000fd880000)
  from space 16896K, 0% used [0x00000000fea00000,0x00000000fea00000,0x00000000ffa80000)
  to   space 17408K, 0% used [0x00000000fd880000,0x00000000fd880000,0x00000000fe980000)
 ParOldGen       total 349696K, used 255068K [0x00000000e0000000, 0x00000000f5580000, 0x00000000f5580000)
  object space 349696K, 72% used [0x00000000e0000000,0x00000000ef917088,0x00000000f5580000)
 Metaspace       used 72931K, capacity 78314K, committed 78424K, reserved 1118208K
  class space    used 8921K, capacity 10558K, committed 10584K, reserved 1048576K
}

Deoptimization events (10 events):
Event: 940.431 Thread 0x0000000002608000 Uncommon trap: reason=unreached action=reinterpret pc=0x0000000003d8e9c4 method=org.eclipse.swt.custom.StyledTextRenderer.getTextLayout(IIII)Lorg/eclipse/swt/graphics/TextLayout; @ 1031
Event: 940.453 Thread 0x0000000002608000 Uncommon trap: reason=unreached action=reinterpret pc=0x0000000002b3cbc8 method=org.eclipse.swt.widgets.Composite._getChildren()[Lorg/eclipse/swt/widgets/Control; @ 76
Event: 940.474 Thread 0x0000000002608000 Uncommon trap: reason=unreached action=reinterpret pc=0x0000000003894a80 method=org.eclipse.swt.widgets.Display.drawMenuBars()V @ 4
Event: 940.509 Thread 0x0000000019c78800 Uncommon trap: reason=bimorphic action=maybe_recompile pc=0x0000000003335298 method=java.util.Properties.load0(Ljava/util/Properties$LineReader;)V @ 242
Event: 940.542 Thread 0x0000000002608000 Uncommon trap: reason=unreached action=reinterpret pc=0x0000000003954edc method=org.eclipse.e4.ui.internal.workbench.swt.PartRenderingEngine.someAreVisible(Ljava/util/List;)Z @ 41
Event: 940.606 Thread 0x0000000017361000 Uncommon trap: reason=unreached action=reinterpret pc=0x00000000032e79c0 method=org.eclipse.core.internal.jobs.JobManager.createMonitor(Lorg/eclipse/core/runtime/jobs/Job;)Lorg/eclipse/core/runtime/IProgressMonitor; @ 6
Event: 940.628 Thread 0x0000000002608000 Uncommon trap: reason=unreached action=reinterpret pc=0x000000000377d084 method=org.eclipse.core.internal.localstore.FileSystemResourceManager.getStoreRoot(Lorg/eclipse/core/resources/IResource;)Lorg/eclipse/core/internal/localstore/FileStoreRoot; @ 17
Event: 940.628 Thread 0x0000000002608000 Uncommon trap: reason=unreached action=reinterpret pc=0x000000000400ced4 method=org.eclipse.core.internal.localstore.FileStoreRoot.getManager(Lorg/eclipse/core/runtime/IPath;)Lorg/eclipse/core/resources/IPathVariableManager; @ 18
Event: 941.157 Thread 0x0000000002608000 Uncommon trap: reason=null_check action=make_not_entrant pc=0x00000000031be69c method=org.eclipse.core.runtime.internal.adaptor.EclipseLazyStarter.shouldActivateFor(Ljava/lang/String;Lorg/eclipse/osgi/baseadaptor/BaseData;Lorg/eclipse/core/runtime/internalë„…piç@
Event: 941.180 Thread 0x000000001690e800 Uncommon trap: reason=unreached action=reinterpret pc=0x0000000003058bd8 method=org.eclipse.core.internal.jobs.JobManager.nextJob()Lorg/eclipse/core/runtime/jobs/Job; @ 80

Internal exceptions (10 events):
Event: 940.387 Thread 0x000000001690f000 Exception <a 'java/net/SocketException': Socket closed> (0x00000000f83bccb8) thrown at [D:\re\workspace\8-2-build-windows-amd64-cygwin\jdk8u25\1677\hotspot\src\share\vm\prims\jni.cpp, line 742]
Event: 940.388 Thread 0x0000000019c79000 Exception <a 'java/lang/InterruptedException'> (0x00000000f83e97f0) thrown at [D:\re\workspace\8-2-build-windows-amd64-cygwin\jdk8u25\1677\hotspot\src\share\vm\runtime\objectMonitor.cpp, line 1682]
Event: 940.622 Thread 0x000000001c378000 Exception <a 'java/lang/InterruptedException'> (0x00000000f91450b8) thrown at [D:\re\workspace\8-2-build-windows-amd64-cygwin\jdk8u25\1677\hotspot\src\share\vm\runtime\objectMonitor.cpp, line 1682]
Event: 940.628 Thread 0x0000000002608000 Implicit null exception at 0x000000000377cdeb to 0x000000000377d079
Event: 940.628 Thread 0x0000000002608000 Implicit null exception at 0x000000000400afd4 to 0x000000000400ceb1
Event: 941.157 Thread 0x0000000002608000 Implicit null exception at 0x00000000031bdc47 to 0x00000000031be691
Event: 941.189 Thread 0x0000000015c5a800 Exception <a 'java/lang/InterruptedException': sleep interrupted> (0x00000000f942a170) thrown at [D:\re\workspace\8-2-build-windows-amd64-cygwin\jdk8u25\1677\hotspot\src\share\vm\prims\jvm.cpp, line 3141]
Event: 941.190 Thread 0x0000000017362800 Exception <a 'java/lang/InterruptedException'> (0x00000000f93589e0) thrown at [D:\re\workspace\8-2-build-windows-amd64-cygwin\jdk8u25\1677\hotspot\src\share\vm\runtime\objectMonitor.cpp, line 1682]
Event: 941.190 Thread 0x0000000016237000 Exception <a 'java/lang/InterruptedException'> (0x00000000f94d1c08) thrown at [D:\re\workspace\8-2-build-windows-amd64-cygwin\jdk8u25\1677\hotspot\src\share\vm\runtime\objectMonitor.cpp, line 1682]
Event: 941.211 Thread 0x0000000015c9c800 Exception <a 'java/lang/InterruptedException'> (0x00000000f9389578) thrown at [D:\re\workspace\8-2-build-windows-amd64-cygwin\jdk8u25\1677\hotspot\src\share\vm\runtime\objectMonitor.cpp, line 1682]

Events (10 events):
Event: 941.190 Thread 0x0000000016237000 Thread exited: 0x0000000016237000
Event: 941.211 Thread 0x0000000015c9c800 Thread exited: 0x0000000015c9c800
Event: 941.212 Thread 0x0000000015c80800 Thread exited: 0x0000000015c80800
Event: 941.212 loading class java/util/IdentityHashMap$KeyIterator
Event: 941.212 loading class java/util/IdentityHashMap$IdentityHashMapIterator
Event: 941.212 loading class java/util/IdentityHashMap$IdentityHashMapIterator done
Event: 941.212 loading class java/util/IdentityHashMap$KeyIterator done
Event: 941.212 Thread 0x0000000017362800 Thread added: 0x0000000017362800
Event: 941.212 Thread 0x0000000017362800 Thread exited: 0x0000000017362800
Event: 941.212 Executing VM operation: Exit


Dynamic libraries:
0x0000000000400000 - 0x000000000044f000 	C:\Xilinx\SDK\2015.2\eclipse\win64.o\eclipse.exe
0x0000000077c80000 - 0x0000000077e29000 	C:\Windows\SYSTEM32\ntdll.dll
0x0000000077b60000 - 0x0000000077c7f000 	C:\Windows\system32\kernel32.dll
0x000007fefdc80000 - 0x000007fefdceb000 	C:\Windows\system32\KERNELBASE.dll
0x0000000077a60000 - 0x0000000077b5a000 	C:\Windows\system32\USER32.dll
0x000007fefe420000 - 0x000007fefe487000 	C:\Windows\system32\GDI32.dll
0x000007fefff80000 - 0x000007fefff8e000 	C:\Windows\system32\LPK.dll
0x000007feffeb0000 - 0x000007fefff79000 	C:\Windows\system32\USP10.dll
0x000007fefe490000 - 0x000007fefe52f000 	C:\Windows\system32\msvcrt.dll
0x000007fefc670000 - 0x000007fefc864000 	C:\Windows\WinSxS\amd64_microsoft.windows.common-controls_6595b64144ccf1df_6.0.7601.17514_none_fa396087175ac9ac\COMCTL32.dll
0x000007feff820000 - 0x000007feff891000 	C:\Windows\system32\SHLWAPI.dll
0x000007feffca0000 - 0x000007feffcce000 	C:\Windows\system32\IMM32.DLL
0x000007feff710000 - 0x000007feff819000 	C:\Windows\system32\MSCTF.dll
0x0000000072000000 - 0x0000000072012000 	C:\Xilinx\SDK\2015.2\eclipse\win64.o\plugins\org.eclipse.equinox.launcher.win32.win32.x86_64_1.1.200.v20140116-2212\eclipse_1503.dll
0x000007feffdd0000 - 0x000007feffeab000 	C:\Windows\system32\ADVAPI32.dll
0x000007feffcd0000 - 0x000007feffcef000 	C:\Windows\SYSTEM32\sechost.dll
0x000007fefe290000 - 0x000007fefe3bd000 	C:\Windows\system32\RPCRT4.dll
0x000007fefcd30000 - 0x000007fefcd3c000 	C:\Windows\system32\VERSION.dll
0x000007fefc330000 - 0x000007fefc386000 	C:\Windows\system32\uxtheme.dll
0x000000006d120000 - 0x000000006d97a000 	C:\Xilinx\SDK\2015.2\tps\win64\jre\bin\server\jvm.dll
0x000007fefbdd0000 - 0x000007fefbdd9000 	C:\Windows\system32\WSOCK32.dll
0x000007fefe3d0000 - 0x000007fefe41d000 	C:\Windows\system32\WS2_32.dll
0x000007fefe3c0000 - 0x000007fefe3c8000 	C:\Windows\system32\NSI.dll
0x000007fefb9f0000 - 0x000007fefba2b000 	C:\Windows\system32\WINMM.dll
0x0000000077e50000 - 0x0000000077e57000 	C:\Windows\system32\PSAPI.DLL
0x0000000073010000 - 0x00000000730e2000 	C:\Windows\system32\MSVCR100.dll
0x0000000075960000 - 0x000000007596f000 	C:\Xilinx\SDK\2015.2\tps\win64\jre\bin\verify.dll
0x0000000075930000 - 0x0000000075958000 	C:\Xilinx\SDK\2015.2\tps\win64\jre\bin\java.dll
0x0000000075910000 - 0x0000000075926000 	C:\Xilinx\SDK\2015.2\tps\win64\jre\bin\zip.dll
0x000007fefe850000 - 0x000007feff5d8000 	C:\Windows\system32\SHELL32.dll
0x000007fefe080000 - 0x000007fefe283000 	C:\Windows\system32\ole32.dll
0x000007fefdbd0000 - 0x000007fefdbdf000 	C:\Windows\system32\profapi.dll
0x000007fefd460000 - 0x000007fefd477000 	C:\Windows\system32\CRYPTSP.dll
0x000007fefd160000 - 0x000007fefd1a7000 	C:\Windows\system32\rsaenh.dll
0x000007fefcf20000 - 0x000007fefcf3e000 	C:\Windows\system32\USERENV.dll
0x000007fefda60000 - 0x000007fefda6f000 	C:\Windows\system32\CRYPTBASE.dll
0x00000000758f0000 - 0x000000007590a000 	C:\Xilinx\SDK\2015.2\tps\win64\jre\bin\net.dll
0x000007fefd400000 - 0x000007fefd455000 	C:\Windows\system32\mswsock.dll
0x000007fefd3f0000 - 0x000007fefd3f7000 	C:\Windows\System32\wship6.dll
0x000007fefb2d0000 - 0x000007fefb2f7000 	C:\Windows\system32\IPHLPAPI.DLL
0x000007fefb2c0000 - 0x000007fefb2cb000 	C:\Windows\system32\WINNSI.DLL
0x000007fefacf0000 - 0x000007fefad01000 	C:\Windows\system32\dhcpcsvc6.DLL
0x000007fefac70000 - 0x000007fefac88000 	C:\Windows\system32\dhcpcsvc.DLL
0x0000000075810000 - 0x0000000075821000 	C:\Xilinx\SDK\2015.2\tps\win64\jre\bin\nio.dll
0x000007fefe550000 - 0x000007fefe5e9000 	C:\Windows\system32\CLBCatQ.DLL
0x000007fefdfa0000 - 0x000007fefe077000 	C:\Windows\system32\OLEAUT32.dll
0x000007fefb890000 - 0x000007fefb8a5000 	C:\Windows\system32\NLAapi.dll
0x000007fef1f50000 - 0x000007fef1f65000 	C:\Windows\system32\napinsp.dll
0x000007fef1de0000 - 0x000007fef1df9000 	C:\Windows\system32\pnrpnsp.dll
0x000007fefd280000 - 0x000007fefd2db000 	C:\Windows\system32\DNSAPI.dll
0x000007fef1cd0000 - 0x000007fef1cdb000 	C:\Windows\System32\winrnr.dll
0x000007fefce00000 - 0x000007fefce07000 	C:\Windows\System32\wshtcpip.dll
0x000007fefa5c0000 - 0x000007fefa5c8000 	C:\Windows\system32\rasadhlp.dll
0x000007fefad20000 - 0x000007fefad73000 	C:\Windows\System32\fwpuclnt.dll
0x0000000016660000 - 0x0000000016708000 	C:\Users\Tung\.Xilinx\SDK\2015.2\org.eclipse.osgi\bundles\287\1\.cp\swt-win32-4335.dll
0x000007feff8a0000 - 0x000007feff937000 	C:\Windows\system32\comdlg32.dll
0x000007fefb220000 - 0x000007fefb291000 	C:\Windows\system32\WINSPOOL.DRV
0x000007feff5e0000 - 0x000007feff70a000 	C:\Windows\system32\WININET.dll
0x000007feffb20000 - 0x000007feffc98000 	C:\Windows\system32\urlmon.dll
0x000007fefdd70000 - 0x000007fefded7000 	C:\Windows\system32\CRYPT32.dll
0x000007fefdc70000 - 0x000007fefdc7f000 	C:\Windows\system32\MSASN1.dll
0x000007fefe5f0000 - 0x000007fefe849000 	C:\Windows\system32\iertutil.dll
0x000007fefbf50000 - 0x000007fefbf68000 	C:\Windows\system32\dwmapi.dll
0x000007fefc3c0000 - 0x000007fefc4ec000 	C:\Windows\system32\propsys.dll
0x0000000002520000 - 0x000000000253e000 	C:\Users\Tung\.Xilinx\SDK\2015.2\org.eclipse.osgi\bundles\287\1\.cp\swt-gdip-win32-4335.dll
0x000007fefc110000 - 0x000007fefc325000 	C:\Windows\WinSxS\amd64_microsoft.windows.gdiplus_6595b64144ccf1df_1.1.7601.17514_none_2b24536c71ed437a\gdiplus.dll
0x000007fefbde0000 - 0x000007fefbf0a000 	C:\Windows\system32\WindowsCodecs.dll
0x0000000180000000 - 0x0000000180012000 	C:\Users\Tung\.Xilinx\SDK\2015.2\org.eclipse.osgi\bundles\113\1\.cp\os\win32\x86_64\localfile_1_0_0.dll
0x000007fefb400000 - 0x000007fefb411000 	C:\Users\Tung\.Xilinx\SDK\2015.2\org.eclipse.osgi\bundles\116\1\.cp\jWinHttp-1.0.0.dll
0x000007fef9940000 - 0x000007fef99b1000 	C:\Windows\system32\WINHTTP.dll
0x000007fef98d0000 - 0x000007fef9934000 	C:\Windows\system32\webio.dll
0x000007fefda30000 - 0x000007fefda55000 	C:\Windows\system32\SspiCli.dll
0x000007fefd030000 - 0x000007fefd03a000 	C:\Windows\system32\credssp.dll
0x000007fefdd30000 - 0x000007fefdd66000 	C:\Windows\system32\CFGMGR32.dll
0x000007fefaf70000 - 0x000007fefafc4000 	C:\Windows\system32\oleacc.dll
0x000007fefdbb0000 - 0x000007fefdbc4000 	C:\Windows\system32\RpcRtRemote.dll
0x000007fefdb10000 - 0x000007fefdb67000 	C:\Windows\system32\apphelp.dll
0x000007feeb5d0000 - 0x000007feeb60b000 	C:\Windows\system32\mlang.dll
0x000007fefa9b0000 - 0x000007fefa9ba000 	C:\Xilinx\SDK\2015.2\lib\win64.o\librdi_jtag_settings.dll
0x000007fef2440000 - 0x000007fef2469000 	C:\Xilinx\SDK\2015.2\lib\win64.o\librdi_debug_dialog.dll
0x000007fefb150000 - 0x000007fefb172000 	C:\Xilinx\SDK\2015.2\lib\win64.o\libboost_filesystem.dll
0x000007fefb140000 - 0x000007fefb149000 	C:\Xilinx\SDK\2015.2\lib\win64.o\libboost_system.dll
0x000007feecd40000 - 0x000007feecde7000 	C:\Windows\system32\MSVCP110.dll
0x000007feece00000 - 0x000007feeced4000 	C:\Windows\system32\MSVCR110.dll
0x000007fec98e0000 - 0x000007feca223000 	C:\Xilinx\SDK\2015.2\lib\win64.o\librdi_common.dll
0x000007fecbe70000 - 0x000007fecc118000 	C:\Xilinx\SDK\2015.2\lib\win64.o\libCOIN-all.dll
0x000007fecbc50000 - 0x000007fecbe70000 	C:\Xilinx\SDK\2015.2\lib\win64.o\libXil_lmgr11.dll
0x000007fefbc80000 - 0x000007fefbc96000 	C:\Windows\system32\NETAPI32.dll
0x000007fefbc70000 - 0x000007fefbc7c000 	C:\Windows\system32\netutils.dll
0x000007fefd670000 - 0x000007fefd693000 	C:\Windows\system32\srvcli.dll
0x000007fefbc50000 - 0x000007fefbc65000 	C:\Windows\system32\wkscli.dll
0x000007fefdcf0000 - 0x000007fefdd2a000 	C:\Windows\system32\WINTRUST.dll
0x000007fefb3f0000 - 0x000007fefb400000 	C:\Xilinx\SDK\2015.2\lib\win64.o\libboost_date_time.dll
0x000007fefb0c0000 - 0x000007fefb134000 	C:\Xilinx\SDK\2015.2\lib\win64.o\libboost_program_options.dll
0x000007feeec80000 - 0x000007feeed7a000 	C:\Xilinx\SDK\2015.2\lib\win64.o\libboost_regex.dll
0x000007fefb0a0000 - 0x000007fefb0b3000 	C:\Xilinx\SDK\2015.2\lib\win64.o\libboost_signals.dll
0x000007fefb080000 - 0x000007fefb09d000 	C:\Xilinx\SDK\2015.2\lib\win64.o\libboost_thread.dll
0x000007fefb070000 - 0x000007fefb07b000 	C:\Xilinx\SDK\2015.2\lib\win64.o\libboost_chrono.dll
0x000007fef2510000 - 0x000007fef2590000 	C:\Xilinx\SDK\2015.2\lib\win64.o\libhdlpsolve.dll
0x000007fef2470000 - 0x000007fef250a000 	C:\Xilinx\SDK\2015.2\lib\win64.o\libhdxml.dll
0x000007feca4f0000 - 0x000007fecaafa200 	C:\Xilinx\SDK\2015.2\lib\win64.o\libisl_iostreams.dll
0x000007fefaa70000 - 0x000007fefaa86000 	C:\Xilinx\SDK\2015.2\lib\win64.o\libboost_iostreams.dll
0x000007fefa9d0000 - 0x000007fefa9f3000 	C:\Xilinx\SDK\2015.2\lib\win64.o\librdizlib.dll
0x000007fefa950000 - 0x000007fefa973000 	C:\Xilinx\SDK\2015.2\lib\win64.o\libisl_iosutils.dll
0x000007fef70f0000 - 0x000007fef711a000 	C:\Xilinx\SDK\2015.2\lib\win64.o\libisl_sysinfo.dll
0x000007fefb440000 - 0x000007fefb455000 	C:\Xilinx\SDK\2015.2\lib\win64.o\pthreadVC2.dll
0x000007feecf40000 - 0x000007feecf94000 	C:\Xilinx\SDK\2015.2\lib\win64.o\librdi_commonxillic.dll
0x000007feec240000 - 0x000007feec370000 	C:\Xilinx\SDK\2015.2\lib\win64.o\librdi_curl.dll
0x000007fefaa90000 - 0x000007fefaaa8000 	C:\Xilinx\SDK\2015.2\lib\win64.o\librdiconfig.dll
0x0000000071b30000 - 0x0000000071c57000 	C:\Xilinx\SDK\2015.2\lib\win64.o\tcl85t.dll
0x0000000021af0000 - 0x0000000021d53000 	C:\Xilinx\SDK\2015.2\lib\win64.o\xerces-c_3_1.dll
0x000007feea530000 - 0x000007feea553000 	C:\Windows\system32\VCOMP110.DLL
0x000007fecba60000 - 0x000007fecbc48000 	C:\Xilinx\SDK\2015.2\lib\win64.o\librdi_hsm.dll
0x000007feec6b0000 - 0x000007feec6f3000 	C:\Xilinx\SDK\2015.2\lib\win64.o\librdi_hdf.dll
0x000007fecafc0000 - 0x000007fecb17a000 	C:\Xilinx\SDK\2015.2\lib\win64.o\librdi_ippcw.dll
0x000007fefb060000 - 0x000007fefb068000 	C:\Xilinx\SDK\2015.2\lib\win64.o\librdi_target_manager.dll
0x000007fef4e80000 - 0x000007fef4e90000 	C:\Xilinx\SDK\2015.2\lib\win64.o\librdi_repo_manager.dll
0x000007feeec60000 - 0x000007feeec7c000 	C:\Xilinx\SDK\2015.2\lib\win64.o\librdi_hw_platform.dll
0x000007fefb2b0000 - 0x000007fefb2b7000 	C:\Windows\system32\msimg32.dll
0x000007fec92f0000 - 0x000007fec96fa000 	C:\Xilinx\SDK\2015.2\lib\win64.o\librdi_commontasks.dll
0x000007fec8ae0000 - 0x000007fec92f0000 	C:\Xilinx\SDK\2015.2\lib\win64.o\libXil_lmgr11FNP.dll
0x000007fef69b0000 - 0x000007fef69bb000 	C:\Windows\system32\snmpapi.dll
0x000007feff940000 - 0x000007feffb17000 	C:\Windows\system32\SETUPAPI.dll
0x000007fefdee0000 - 0x000007fefdefa000 	C:\Windows\system32\DEVOBJ.dll
0x000007fefb350000 - 0x000007fefb3d6000 	C:\Windows\system32\wbemcomn.dll
0x000007fef7820000 - 0x000007fef7902000 	C:\Windows\system32\wbem\fastprox.dll
0x000007fef77f0000 - 0x000007fef7817000 	C:\Windows\system32\NTDSAPI.dll
0x000007fec62f0000 - 0x000007fec6685000 	C:\Xilinx\SDK\2015.2\lib\win64.o\librdi_hsmtasks.dll

VM Arguments:
jvm_args: -Dcom.xilinx.sdk.args.hwspec=C:/Users/Tung/Desktop/vdma_hdmi_conv_v1/axi_conv_fp_3x3/axi_conv_fp_3x3.sdk/design_1_wrapper.hdf -Xms64m -Xmx512m & 
java_command: <unknown>
java_class_path (initial): C:\Xilinx\SDK\2015.2\eclipse\win64.o\\plugins/org.eclipse.equinox.launcher_1.3.0.v20130327-1440.jar
Launcher Type: generic

Environment Variables:
USERNAME=Tung
OS=Windows_NT
PROCESSOR_IDENTIFIER=Intel64 Family 6 Model 60 Stepping 3, GenuineIntel



---------------  S Y S T E M  ---------------

OS: Windows 7 , 64 bit Build 7601 Service Pack 1

CPU:total 4 (4 cores per cpu, 1 threads per core) family 6 model 60 stepping 3, cmov, cx8, fxsr, mmx, sse, sse2, sse3, ssse3, sse4.1, sse4.2, popcnt, avx, avx2, aes, clmul, erms, lzcnt, tsc, tscinvbit, bmi1, bmi2

Memory: 4k page, physical 4110972k(1216616k free), swap 8220100k(4473652k free)

vm_info: Java HotSpot(TM) 64-Bit Server VM (25.25-b02) for windows-amd64 JRE (1.8.0_25-b18), built on Oct  7 2014 14:25:37 by "java_re" with MS VC++ 10.0 (VS2010)

time: Tue Aug 21 13:02:15 2018
elapsed time: 941 seconds (0d 0h 15m 41s)

