#
# A fatal error has been detected by the Java Runtime Environment:
#
#  Internal Error (0xc000000d), pid=880, tid=3752
#
# JRE version: Java(TM) SE Runtime Environment (8.0_25-b18) (build 1.8.0_25-b18)
# Java VM: Java HotSpot(TM) 64-Bit Server VM (25.25-b02 mixed mode windows-amd64 compressed oops)
# Problematic frame:
# C  [ntdll.dll+0x7a291]
#
# Failed to write core dump. Minidumps are not enabled by default on client versions of Windows
#
# If you would like to submit a bug report, please visit:
#   http://bugreport.sun.com/bugreport/crash.jsp
#

---------------  T H R E A D  ---------------

Current thread (0x00000000139fb800):  VMThread [stack: 0x0000000014a60000,0x0000000014b60000] [id=3752]

siginfo: ExceptionCode=0xc000000d

Registers:
RAX=0x000000006316bd08, RBX=0x0000000000000000, RCX=0x0000000014b5ed10, RDX=0x0000000000000000
RSP=0x0000000014b5f320, RBP=0x0000000000205da0, RSI=0x000007feece07408, RDI=0x0000000014b5f468
R8 =0x0000000000000000, R9 =0x0000000000000000, R10=0x0000000000000000, R11=0x0000000000000246
R12=0x000000001c077c60, R13=0x000000001c076f30, R14=0x0000000000205ea8, R15=0x0000000000000000
RIP=0x0000000077cfa291, EFLAGS=0x0000000000000202

Top of Stack: (sp=0x0000000014b5f320)
0x0000000014b5f320:   0000000000000000 000007feece07408
0x0000000014b5f330:   0000000014b5f468 0000000077c801ee
0x0000000014b5f340:   0000000022cc5240 0000000014b5f548
0x0000000014b5f350:   0000000000000000 0000008800000000
0x0000000014b5f360:   0000000000000002 0000000000000101
0x0000000014b5f370:   00000000c000000d 0000000000000000
0x0000000014b5f380:   0000000077cfa291 0000000000000000
0x0000000014b5f390:   0000000000000000 0000000000000000
0x0000000014b5f3a0:   0000000000000000 0000000000000000
0x0000000014b5f3b0:   0000000000000000 0000000000000000
0x0000000014b5f3c0:   0000000000000000 0000000000000000
0x0000000014b5f3d0:   0000000000000000 0000000000000000
0x0000000014b5f3e0:   0000000000000000 0000000000000000
0x0000000014b5f3f0:   0000000000000000 0000000000000000
0x0000000014b5f400:   0000000000000000 0000000077cac8d8
0x0000000014b5f410:   0000000000000aa4 0000000077ba2fe8 

Instructions: (pc=0x0000000077cfa291)
0x0000000077cfa271:   5b 8c fd ff b9 57 00 00 00 c7 44 24 50 0d 00 00
0x0000000077cfa281:   c0 e8 49 8f fd ff 48 8d 4c 24 50 e8 cf f2 f9 ff
0x0000000077cfa291:   4c 8b 1d 40 81 0b 00 4d 85 db 74 5b 65 48 8b 04
0x0000000077cfa2a1:   25 30 00 00 00 f6 80 ee 17 00 00 08 74 12 65 48 


Register to memory mapping:

RAX=0x000000006316bd08 is an unknown value
RBX=0x0000000000000000 is an unknown value
RCX=0x0000000014b5ed10 is an unknown value
RDX=0x0000000000000000 is an unknown value
RSP=0x0000000014b5f320 is an unknown value
RBP=0x0000000000205da0 is an unknown value
RSI=0x000007feece07408 is an unknown value
RDI=0x0000000014b5f468 is an unknown value
R8 =0x0000000000000000 is an unknown value
R9 =0x0000000000000000 is an unknown value
R10=0x0000000000000000 is an unknown value
R11=0x0000000000000246 is an unknown value
R12=0x000000001c077c60 is an unknown value
R13=0x000000001c076f30 is an unknown value
R14=0x0000000000205ea8 is an unknown value
R15=0x0000000000000000 is an unknown value


Stack: [0x0000000014a60000,0x0000000014b60000],  sp=0x0000000014b5f320,  free space=1020k
Native frames: (J=compiled Java code, j=interpreted, Vv=VM code, C=native code)
C  [ntdll.dll+0x7a291]
C  [kernel32.dll+0x42fe8]
C  [MSVCR110.dll+0x752d]
C  [MSVCR110.dll+0x14cde]
C  [MSVCR110.dll+0x13edc]
C  [MSVCR110.dll+0x239e]
C  [MSVCR110.dll+0xaf9e]
C  [MSVCP110.dll+0x397b9]
C  [librdi_common.dll+0x135d02]
C  [librdi_common.dll+0x13447b]
C  [librdi_commontasks.dll+0x1cc33c]
C  [librdi_commontasks.dll+0x1cc5be]
C  [ntdll.dll+0x24371]
C  [ntdll.dll+0x24180]
C  [MSVCR100.dll+0x20ccd]
V  [jvm.dll+0x1f9c55]
V  [jvm.dll+0x2325e7]
V  [jvm.dll+0x231826]
V  [jvm.dll+0x231cc1]
V  [jvm.dll+0x231ede]
V  [jvm.dll+0x2852fa]
C  [MSVCR100.dll+0x21d9f]
C  [MSVCR100.dll+0x21e3b]
C  [kernel32.dll+0x1652d]
C  [ntdll.dll+0x2c521]

VM_Operation (0x000000000012f500): Exit, mode: safepoint, requested by thread 0x00000000025d8000


---------------  P R O C E S S  ---------------

Java Threads: ( => current thread )
  0x000000001d72e800 JavaThread "Thread-14" daemon [_thread_blocked, id=2160, stack(0x0000000020330000,0x0000000020430000)]
  0x0000000019efe000 JavaThread "TCF Locator DNS Lookup" daemon [_thread_blocked, id=436, stack(0x000000001be90000,0x000000001bf90000)]
  0x0000000019efd000 JavaThread "TCF Locator Timer" daemon [_thread_blocked, id=2744, stack(0x000000001bd90000,0x000000001be90000)]
  0x0000000019efc800 JavaThread "TCF Locator Receiver" daemon [_thread_in_native, id=3084, stack(0x000000001bc90000,0x000000001bd90000)]
  0x0000000019efb000 JavaThread "TCF Timer Dispatcher" daemon [_thread_blocked, id=1632, stack(0x000000001ba90000,0x000000001bb90000)]
  0x0000000016aae800 JavaThread "EMF Reference Cleaner" daemon [_thread_blocked, id=1980, stack(0x0000000018360000,0x0000000018460000)]
  0x0000000014dd1000 JavaThread "Service Thread" daemon [_thread_blocked, id=2500, stack(0x0000000015660000,0x0000000015760000)]
  0x0000000013a66800 JavaThread "C1 CompilerThread2" daemon [_thread_blocked, id=1768, stack(0x0000000015560000,0x0000000015660000)]
  0x0000000014d6b800 JavaThread "C2 CompilerThread1" daemon [_thread_blocked, id=2716, stack(0x0000000015460000,0x0000000015560000)]
  0x0000000014d66000 JavaThread "C2 CompilerThread0" daemon [_thread_blocked, id=1100, stack(0x0000000015360000,0x0000000015460000)]
  0x0000000014d63800 JavaThread "Attach Listener" daemon [_thread_blocked, id=856, stack(0x0000000015260000,0x0000000015360000)]
  0x0000000014d62800 JavaThread "Signal Dispatcher" daemon [_thread_blocked, id=2560, stack(0x0000000015160000,0x0000000015260000)]
  0x0000000013a08000 JavaThread "Finalizer" daemon [_thread_blocked, id=3348, stack(0x0000000014c60000,0x0000000014d60000)]
  0x00000000139ff000 JavaThread "Reference Handler" daemon [_thread_blocked, id=2400, stack(0x0000000014b60000,0x0000000014c60000)]
  0x00000000025d8000 JavaThread "main" [_thread_blocked, id=3268, stack(0x0000000000030000,0x0000000000130000)]

Other Threads:
=>0x00000000139fb800 VMThread [stack: 0x0000000014a60000,0x0000000014b60000] [id=3752]

VM state:at safepoint (shutting down)

VM Mutex/Monitor currently owned by a thread:  ([mutex/lock_event])
[0x000000000243df20] Threads_lock - owner thread: 0x00000000139fb800

Heap:
 PSYoungGen      total 140288K, used 32637K [0x00000000f5580000, 0x00000000ff500000, 0x0000000100000000)
  eden space 116224K, 28% used [0x00000000f5580000,0x00000000f755f590,0x00000000fc700000)
  from space 24064K, 0% used [0x00000000fc700000,0x00000000fc700000,0x00000000fde80000)
  to   space 23040K, 0% used [0x00000000fde80000,0x00000000fde80000,0x00000000ff500000)
 ParOldGen       total 349696K, used 319442K [0x00000000e0000000, 0x00000000f5580000, 0x00000000f5580000)
  object space 349696K, 91% used [0x00000000e0000000,0x00000000f37f4958,0x00000000f5580000)
 Metaspace       used 72523K, capacity 78090K, committed 78424K, reserved 1116160K
  class space    used 8987K, capacity 10718K, committed 10840K, reserved 1048576K

Card table byte_map: [0x0000000011a60000,0x0000000011b70000] byte_map_base: 0x0000000011360000

Marking Bits: (ParMarkBitMap*) 0x000000006bfed490
 Begin Bits: [0x0000000011f70000, 0x0000000012770000)
 End Bits:   [0x0000000012770000, 0x0000000012f70000)

Polling page: 0x0000000000600000

CodeCache: size=245760Kb used=23405Kb max_used=23431Kb free=222354Kb
 bounds [0x00000000026a0000, 0x0000000003db0000, 0x00000000116a0000]
 total_blobs=7622 nmethods=6784 adapters=748
 compilation: enabled

Compilation events (10 events):
Event: 370.791 Thread 0x0000000014d6b800 nmethod 8262 0x0000000003d9b6d0 code [0x0000000003d9b840, 0x0000000003d9bf38]
Event: 370.791 Thread 0x0000000013a66800 8265       1       org.eclipse.osgi.internal.loader.BundleLoaderProxy::getBundleData (5 bytes)
Event: 370.791 Thread 0x0000000013a66800 nmethod 8265 0x000000000299c790 code [0x000000000299c8e0, 0x000000000299c9f0]
Event: 370.792 Thread 0x0000000014d66000 nmethod 8259 0x000000000381b590 code [0x000000000381b740, 0x000000000381c028]
Event: 370.804 Thread 0x0000000013a66800 8268       3       java.io.File::list (33 bytes)
Event: 370.804 Thread 0x0000000013a66800 nmethod 8268 0x0000000003d9d510 code [0x0000000003d9d6e0, 0x0000000003d9de08]
Event: 370.811 Thread 0x0000000013a66800 8269   !   3       org.eclipse.osgi.internal.baseadaptor.BaseStorage::compact (215 bytes)
Event: 370.812 Thread 0x0000000013a66800 nmethod 8269 0x00000000035435d0 code [0x0000000003543a00, 0x0000000003545e68]
Event: 370.815 Thread 0x0000000013a66800 8270       3       org.eclipse.osgi.framework.internal.core.AbstractBundle::close (52 bytes)
Event: 370.816 Thread 0x0000000013a66800 nmethod 8270 0x0000000003542150 code [0x0000000003542380, 0x0000000003543068]

GC Heap History (10 events):
Event: 365.913 GC heap before
{Heap before GC invocations=88 (full 40):
 PSYoungGen      total 139264K, used 65625K [0x00000000f5580000, 0x00000000ff600000, 0x0000000100000000)
  eden space 116224K, 56% used [0x00000000f5580000,0x00000000f9596660,0x00000000fc700000)
  from space 23040K, 0% used [0x00000000fdf80000,0x00000000fdf80000,0x00000000ff600000)
  to   space 24064K, 0% used [0x00000000fc700000,0x00000000fc700000,0x00000000fde80000)
 ParOldGen       total 349696K, used 319442K [0x00000000e0000000, 0x00000000f5580000, 0x00000000f5580000)
  object space 349696K, 91% used [0x00000000e0000000,0x00000000f37f4958,0x00000000f5580000)
 Metaspace       used 71515K, capacity 77178K, committed 77400K, reserved 1116160K
  class space    used 8870K, capacity 10524K, committed 10584K, reserved 1048576K
Event: 365.988 GC heap after
Heap after GC invocations=88 (full 40):
 PSYoungGen      total 139264K, used 0K [0x00000000f5580000, 0x00000000ff600000, 0x0000000100000000)
  eden space 116224K, 0% used [0x00000000f5580000,0x00000000f5580000,0x00000000fc700000)
  from space 23040K, 0% used [0x00000000fdf80000,0x00000000fdf80000,0x00000000ff600000)
  to   space 24064K, 0% used [0x00000000fc700000,0x00000000fc700000,0x00000000fde80000)
 ParOldGen       total 349696K, used 286675K [0x00000000e0000000, 0x00000000f5580000, 0x00000000f5580000)
  object space 349696K, 81% used [0x00000000e0000000,0x00000000f17f4c88,0x00000000f5580000)
 Metaspace       used 71515K, capacity 77178K, committed 77400K, reserved 1116160K
  class space    used 8870K, capacity 10524K, committed 10584K, reserved 1048576K
}
Event: 366.010 GC heap before
{Heap before GC invocations=89 (full 40):
 PSYoungGen      total 139264K, used 65536K [0x00000000f5580000, 0x00000000ff600000, 0x0000000100000000)
  eden space 116224K, 56% used [0x00000000f5580000,0x00000000f9580010,0x00000000fc700000)
  from space 23040K, 0% used [0x00000000fdf80000,0x00000000fdf80000,0x00000000ff600000)
  to   space 24064K, 0% used [0x00000000fc700000,0x00000000fc700000,0x00000000fde80000)
 ParOldGen       total 349696K, used 286675K [0x00000000e0000000, 0x00000000f5580000, 0x00000000f5580000)
  object space 349696K, 81% used [0x00000000e0000000,0x00000000f17f4c88,0x00000000f5580000)
 Metaspace       used 71515K, capacity 77178K, committed 77400K, reserved 1116160K
  class space    used 8870K, capacity 10524K, committed 10584K, reserved 1048576K
Event: 366.012 GC heap after
Heap after GC invocations=89 (full 40):
 PSYoungGen      total 139264K, used 65536K [0x00000000f5580000, 0x00000000ff600000, 0x0000000100000000)
  eden space 116224K, 56% used [0x00000000f5580000,0x00000000f9580010,0x00000000fc700000)
  from space 23040K, 0% used [0x00000000fdf80000,0x00000000fdf80000,0x00000000ff600000)
  to   space 24064K, 0% used [0x00000000fc700000,0x00000000fc700000,0x00000000fde80000)
 ParOldGen       total 349696K, used 286675K [0x00000000e0000000, 0x00000000f5580000, 0x00000000f5580000)
  object space 349696K, 81% used [0x00000000e0000000,0x00000000f17f4c88,0x00000000f5580000)
 Metaspace       used 71515K, capacity 77178K, committed 77400K, reserved 1116160K
  class space    used 8870K, capacity 10524K, committed 10584K, reserved 1048576K
}
Event: 366.012 GC heap before
{Heap before GC invocations=90 (full 41):
 PSYoungGen      total 139264K, used 65536K [0x00000000f5580000, 0x00000000ff600000, 0x0000000100000000)
  eden space 116224K, 56% used [0x00000000f5580000,0x00000000f9580010,0x00000000fc700000)
  from space 23040K, 0% used [0x00000000fdf80000,0x00000000fdf80000,0x00000000ff600000)
  to   space 24064K, 0% used [0x00000000fc700000,0x00000000fc700000,0x00000000fde80000)
 ParOldGen       total 349696K, used 286675K [0x00000000e0000000, 0x00000000f5580000, 0x00000000f5580000)
  object space 349696K, 81% used [0x00000000e0000000,0x00000000f17f4c88,0x00000000f5580000)
 Metaspace       used 71515K, capacity 77178K, committed 77400K, reserved 1116160K
  class space    used 8870K, capacity 10524K, committed 10584K, reserved 1048576K
Event: 366.097 GC heap after
Heap after GC invocations=90 (full 41):
 PSYoungGen      total 139264K, used 0K [0x00000000f5580000, 0x00000000ff600000, 0x0000000100000000)
  eden space 116224K, 0% used [0x00000000f5580000,0x00000000f5580000,0x00000000fc700000)
  from space 23040K, 0% used [0x00000000fdf80000,0x00000000fdf80000,0x00000000ff600000)
  to   space 24064K, 0% used [0x00000000fc700000,0x00000000fc700000,0x00000000fde80000)
 ParOldGen       total 349696K, used 319442K [0x00000000e0000000, 0x00000000f5580000, 0x00000000f5580000)
  object space 349696K, 91% used [0x00000000e0000000,0x00000000f37f4bb0,0x00000000f5580000)
 Metaspace       used 71515K, capacity 77178K, committed 77400K, reserved 1116160K
  class space    used 8870K, capacity 10524K, committed 10584K, reserved 1048576K
}
Event: 366.097 GC heap before
{Heap before GC invocations=91 (full 41):
 PSYoungGen      total 139264K, used 0K [0x00000000f5580000, 0x00000000ff600000, 0x0000000100000000)
  eden space 116224K, 0% used [0x00000000f5580000,0x00000000f5580000,0x00000000fc700000)
  from space 23040K, 0% used [0x00000000fdf80000,0x00000000fdf80000,0x00000000ff600000)
  to   space 24064K, 0% used [0x00000000fc700000,0x00000000fc700000,0x00000000fde80000)
 ParOldGen       total 349696K, used 319442K [0x00000000e0000000, 0x00000000f5580000, 0x00000000f5580000)
  object space 349696K, 91% used [0x00000000e0000000,0x00000000f37f4bb0,0x00000000f5580000)
 Metaspace       used 71515K, capacity 77178K, committed 77400K, reserved 1116160K
  class space    used 8870K, capacity 10524K, committed 10584K, reserved 1048576K
Event: 366.099 GC heap after
Heap after GC invocations=91 (full 41):
 PSYoungGen      total 140288K, used 0K [0x00000000f5580000, 0x00000000ff500000, 0x0000000100000000)
  eden space 116224K, 0% used [0x00000000f5580000,0x00000000f5580000,0x00000000fc700000)
  from space 24064K, 0% used [0x00000000fc700000,0x00000000fc700000,0x00000000fde80000)
  to   space 23040K, 0% used [0x00000000fde80000,0x00000000fde80000,0x00000000ff500000)
 ParOldGen       total 349696K, used 319442K [0x00000000e0000000, 0x00000000f5580000, 0x00000000f5580000)
  object space 349696K, 91% used [0x00000000e0000000,0x00000000f37f4bb0,0x00000000f5580000)
 Metaspace       used 71515K, capacity 77178K, committed 77400K, reserved 1116160K
  class space    used 8870K, capacity 10524K, committed 10584K, reserved 1048576K
}
Event: 366.099 GC heap before
{Heap before GC invocations=92 (full 42):
 PSYoungGen      total 140288K, used 0K [0x00000000f5580000, 0x00000000ff500000, 0x0000000100000000)
  eden space 116224K, 0% used [0x00000000f5580000,0x00000000f5580000,0x00000000fc700000)
  from space 24064K, 0% used [0x00000000fc700000,0x00000000fc700000,0x00000000fde80000)
  to   space 23040K, 0% used [0x00000000fde80000,0x00000000fde80000,0x00000000ff500000)
 ParOldGen       total 349696K, used 319442K [0x00000000e0000000, 0x00000000f5580000, 0x00000000f5580000)
  object space 349696K, 91% used [0x00000000e0000000,0x00000000f37f4bb0,0x00000000f5580000)
 Metaspace       used 71515K, capacity 77178K, committed 77400K, reserved 1116160K
  class space    used 8870K, capacity 10524K, committed 10584K, reserved 1048576K
Event: 366.174 GC heap after
Heap after GC invocations=92 (full 42):
 PSYoungGen      total 140288K, used 0K [0x00000000f5580000, 0x00000000ff500000, 0x0000000100000000)
  eden space 116224K, 0% used [0x00000000f5580000,0x00000000f5580000,0x00000000fc700000)
  from space 24064K, 0% used [0x00000000fc700000,0x00000000fc700000,0x00000000fde80000)
  to   space 23040K, 0% used [0x00000000fde80000,0x00000000fde80000,0x00000000ff500000)
 ParOldGen       total 349696K, used 319442K [0x00000000e0000000, 0x00000000f5580000, 0x00000000f5580000)
  object space 349696K, 91% used [0x00000000e0000000,0x00000000f37f4958,0x00000000f5580000)
 Metaspace       used 71515K, capacity 77178K, committed 77400K, reserved 1116160K
  class space    used 8870K, capacity 10524K, committed 10584K, reserved 1048576K
}

Deoptimization events (10 events):
Event: 370.110 Thread 0x00000000025d8000 Uncommon trap: reason=bimorphic action=maybe_recompile pc=0x0000000002b89c50 method=org.eclipse.swt.widgets.Control.windowProc(JIJJ)J @ 997
Event: 370.110 Thread 0x00000000025d8000 Uncommon trap: reason=bimorphic action=maybe_recompile pc=0x0000000002b89c50 method=org.eclipse.swt.widgets.Control.windowProc(JIJJ)J @ 997
Event: 370.112 Thread 0x00000000025d8000 Uncommon trap: reason=unreached action=reinterpret pc=0x0000000003872e70 method=org.eclipse.swt.widgets.Display.drawMenuBars()V @ 4
Event: 370.166 Thread 0x000000001d731000 Uncommon trap: reason=bimorphic action=maybe_recompile pc=0x00000000032ddf14 method=java.util.Properties.load0(Ljava/util/Properties$LineReader;)V @ 242
Event: 370.167 Thread 0x000000001d731000 Uncommon trap: reason=unreached action=reinterpret pc=0x0000000003d31b78 method=org.eclipse.swt.widgets.Display.isValidThread()Z @ 7
Event: 370.192 Thread 0x00000000025d8000 Uncommon trap: reason=unreached action=reinterpret pc=0x00000000038f7b5c method=org.eclipse.e4.ui.internal.workbench.swt.PartRenderingEngine.someAreVisible(Ljava/util/List;)Z @ 41
Event: 370.218 Thread 0x00000000025d8000 Uncommon trap: reason=class_check action=maybe_recompile pc=0x0000000003d4b2c0 method=org.eclipse.e4.core.internal.contexts.TrackableComputationExt.update(Lorg/eclipse/e4/core/internal/contexts/ContextChangeEvent;)Z @ 62
Event: 370.218 Thread 0x00000000025d8000 Uncommon trap: reason=class_check action=maybe_recompile pc=0x0000000003d4b2c0 method=org.eclipse.e4.core.internal.contexts.TrackableComputationExt.update(Lorg/eclipse/e4/core/internal/contexts/ContextChangeEvent;)Z @ 62
Event: 370.218 Thread 0x00000000025d8000 Uncommon trap: reason=class_check action=maybe_recompile pc=0x0000000003d4b2c0 method=org.eclipse.e4.core.internal.contexts.TrackableComputationExt.update(Lorg/eclipse/e4/core/internal/contexts/ContextChangeEvent;)Z @ 62
Event: 370.763 Thread 0x00000000025d8000 Uncommon trap: reason=null_check action=make_not_entrant pc=0x0000000002ffcc28 method=org.eclipse.core.runtime.internal.adaptor.EclipseLazyStarter.shouldActivateFor(Ljava/lang/String;Lorg/eclipse/osgi/baseadaptor/BaseData;Lorg/eclipse/core/runtime/internalíN¬Â!w@

Internal exceptions (10 events):
Event: 369.945 Thread 0x000000001d345000 Exception <a 'sun/net/ConnectionResetException': > (0x00000000f5b4cd10) thrown at [D:\re\workspace\8-2-build-windows-amd64-cygwin\jdk8u25\1677\hotspot\src\share\vm\prims\jni.cpp, line 742]
Event: 369.946 Thread 0x000000001d344000 Exception <a 'java/net/SocketException': Connection reset by peer: socket write error> (0x00000000f5c6f370) thrown at [D:\re\workspace\8-2-build-windows-amd64-cygwin\jdk8u25\1677\hotspot\src\share\vm\prims\jni.cpp, line 742]
Event: 369.946 Thread 0x000000001d344000 Exception <a 'java/net/SocketException': Socket closed> (0x00000000f5d91c40) thrown at [D:\re\workspace\8-2-build-windows-amd64-cygwin\jdk8u25\1677\hotspot\src\share\vm\prims\jni.cpp, line 742]
Event: 369.947 Thread 0x0000000019f00000 Exception <a 'java/lang/InterruptedException'> (0x00000000f5ecebb8) thrown at [D:\re\workspace\8-2-build-windows-amd64-cygwin\jdk8u25\1677\hotspot\src\share\vm\runtime\objectMonitor.cpp, line 1682]
Event: 370.251 Thread 0x000000001d72d000 Exception <a 'java/lang/InterruptedException'> (0x00000000f6e94680) thrown at [D:\re\workspace\8-2-build-windows-amd64-cygwin\jdk8u25\1677\hotspot\src\share\vm\runtime\objectMonitor.cpp, line 1682]
Event: 370.763 Thread 0x00000000025d8000 Implicit null exception at 0x0000000002ffb307 to 0x0000000002ffcc1d
Event: 370.793 Thread 0x0000000015b2e000 Exception <a 'java/lang/InterruptedException': sleep interrupted> (0x00000000f722f370) thrown at [D:\re\workspace\8-2-build-windows-amd64-cygwin\jdk8u25\1677\hotspot\src\share\vm\prims\jvm.cpp, line 3141]
Event: 370.794 Thread 0x000000001688b000 Exception <a 'java/lang/InterruptedException'> (0x00000000f7351c10) thrown at [D:\re\workspace\8-2-build-windows-amd64-cygwin\jdk8u25\1677\hotspot\src\share\vm\runtime\objectMonitor.cpp, line 1682]
Event: 370.794 Thread 0x0000000015fae800 Exception <a 'java/lang/InterruptedException'> (0x00000000f738bdf0) thrown at [D:\re\workspace\8-2-build-windows-amd64-cygwin\jdk8u25\1677\hotspot\src\share\vm\runtime\objectMonitor.cpp, line 1682]
Event: 370.815 Thread 0x0000000015f48000 Exception <a 'java/lang/InterruptedException'> (0x00000000f722dbd8) thrown at [D:\re\workspace\8-2-build-windows-amd64-cygwin\jdk8u25\1677\hotspot\src\share\vm\runtime\objectMonitor.cpp, line 1682]

Events (10 events):
Event: 370.815 loading class java/util/IdentityHashMap$KeyIterator
Event: 370.816 loading class java/util/IdentityHashMap$IdentityHashMapIterator
Event: 370.816 loading class java/util/IdentityHashMap$IdentityHashMapIterator done
Event: 370.816 loading class java/util/IdentityHashMap$KeyIterator done
Event: 370.816 Thread 0x000000001688b000 Thread added: 0x000000001688b000
Event: 370.816 Thread 0x0000000013a66800 flushing nmethod 0x0000000002eed690
Event: 370.816 Thread 0x0000000013a66800 flushing nmethod 0x0000000002eedb50
Event: 370.816 Thread 0x000000001688b000 Thread exited: 0x000000001688b000
Event: 370.816 Thread 0x0000000013a66800 flushing nmethod 0x0000000002f7a390
Event: 370.816 Executing VM operation: Exit


Dynamic libraries:
0x0000000000400000 - 0x000000000044f000 	C:\Xilinx\SDK\2015.2\eclipse\win64.o\eclipse.exe
0x0000000077c80000 - 0x0000000077e29000 	C:\Windows\SYSTEM32\ntdll.dll
0x0000000077b60000 - 0x0000000077c7f000 	C:\Windows\system32\kernel32.dll
0x000007fefdc80000 - 0x000007fefdceb000 	C:\Windows\system32\KERNELBASE.dll
0x0000000077a60000 - 0x0000000077b5a000 	C:\Windows\system32\USER32.dll
0x000007fefe420000 - 0x000007fefe487000 	C:\Windows\system32\GDI32.dll
0x000007fefff80000 - 0x000007fefff8e000 	C:\Windows\system32\LPK.dll
0x000007feffeb0000 - 0x000007fefff79000 	C:\Windows\system32\USP10.dll
0x000007fefe490000 - 0x000007fefe52f000 	C:\Windows\system32\msvcrt.dll
0x000007fefc670000 - 0x000007fefc864000 	C:\Windows\WinSxS\amd64_microsoft.windows.common-controls_6595b64144ccf1df_6.0.7601.17514_none_fa396087175ac9ac\COMCTL32.dll
0x000007feff820000 - 0x000007feff891000 	C:\Windows\system32\SHLWAPI.dll
0x000007feffca0000 - 0x000007feffcce000 	C:\Windows\system32\IMM32.DLL
0x000007feff710000 - 0x000007feff819000 	C:\Windows\system32\MSCTF.dll
0x0000000072000000 - 0x0000000072012000 	C:\Xilinx\SDK\2015.2\eclipse\win64.o\plugins\org.eclipse.equinox.launcher.win32.win32.x86_64_1.1.200.v20140116-2212\eclipse_1503.dll
0x000007feffdd0000 - 0x000007feffeab000 	C:\Windows\system32\ADVAPI32.dll
0x000007feffcd0000 - 0x000007feffcef000 	C:\Windows\SYSTEM32\sechost.dll
0x000007fefe290000 - 0x000007fefe3bd000 	C:\Windows\system32\RPCRT4.dll
0x000007fefcd30000 - 0x000007fefcd3c000 	C:\Windows\system32\VERSION.dll
0x000007fefc330000 - 0x000007fefc386000 	C:\Windows\system32\uxtheme.dll
0x000000006b810000 - 0x000000006c06a000 	C:\Xilinx\SDK\2015.2\tps\win64\jre\bin\server\jvm.dll
0x000007fefbdd0000 - 0x000007fefbdd9000 	C:\Windows\system32\WSOCK32.dll
0x000007fefe3d0000 - 0x000007fefe41d000 	C:\Windows\system32\WS2_32.dll
0x000007fefe3c0000 - 0x000007fefe3c8000 	C:\Windows\system32\NSI.dll
0x000007fefb9f0000 - 0x000007fefba2b000 	C:\Windows\system32\WINMM.dll
0x0000000077e50000 - 0x0000000077e57000 	C:\Windows\system32\PSAPI.DLL
0x0000000073010000 - 0x00000000730e2000 	C:\Windows\system32\MSVCR100.dll
0x0000000075970000 - 0x000000007597f000 	C:\Xilinx\SDK\2015.2\tps\win64\jre\bin\verify.dll
0x0000000075940000 - 0x0000000075968000 	C:\Xilinx\SDK\2015.2\tps\win64\jre\bin\java.dll
0x0000000075920000 - 0x0000000075936000 	C:\Xilinx\SDK\2015.2\tps\win64\jre\bin\zip.dll
0x000007fefe850000 - 0x000007feff5d8000 	C:\Windows\system32\SHELL32.dll
0x000007fefe080000 - 0x000007fefe283000 	C:\Windows\system32\ole32.dll
0x000007fefdbd0000 - 0x000007fefdbdf000 	C:\Windows\system32\profapi.dll
0x000007fefd460000 - 0x000007fefd477000 	C:\Windows\system32\CRYPTSP.dll
0x000007fefd160000 - 0x000007fefd1a7000 	C:\Windows\system32\rsaenh.dll
0x000007fefcf20000 - 0x000007fefcf3e000 	C:\Windows\system32\USERENV.dll
0x000007fefda60000 - 0x000007fefda6f000 	C:\Windows\system32\CRYPTBASE.dll
0x0000000075900000 - 0x000000007591a000 	C:\Xilinx\SDK\2015.2\tps\win64\jre\bin\net.dll
0x000007fefd400000 - 0x000007fefd455000 	C:\Windows\system32\mswsock.dll
0x000007fefd3f0000 - 0x000007fefd3f7000 	C:\Windows\System32\wship6.dll
0x000007fefb2d0000 - 0x000007fefb2f7000 	C:\Windows\system32\IPHLPAPI.DLL
0x000007fefb2c0000 - 0x000007fefb2cb000 	C:\Windows\system32\WINNSI.DLL
0x000007fefacf0000 - 0x000007fefad01000 	C:\Windows\system32\dhcpcsvc6.DLL
0x000007fefac70000 - 0x000007fefac88000 	C:\Windows\system32\dhcpcsvc.DLL
0x0000000075830000 - 0x0000000075841000 	C:\Xilinx\SDK\2015.2\tps\win64\jre\bin\nio.dll
0x000007fefe550000 - 0x000007fefe5e9000 	C:\Windows\system32\CLBCatQ.DLL
0x000007fefdfa0000 - 0x000007fefe077000 	C:\Windows\system32\OLEAUT32.dll
0x000007fefb890000 - 0x000007fefb8a5000 	C:\Windows\system32\NLAapi.dll
0x000007fef1f50000 - 0x000007fef1f65000 	C:\Windows\system32\napinsp.dll
0x000007fef1de0000 - 0x000007fef1df9000 	C:\Windows\system32\pnrpnsp.dll
0x000007fefd280000 - 0x000007fefd2db000 	C:\Windows\system32\DNSAPI.dll
0x000007fef1cd0000 - 0x000007fef1cdb000 	C:\Windows\System32\winrnr.dll
0x000007fefce00000 - 0x000007fefce07000 	C:\Windows\System32\wshtcpip.dll
0x000007fefa5c0000 - 0x000007fefa5c8000 	C:\Windows\system32\rasadhlp.dll
0x000007fefad20000 - 0x000007fefad73000 	C:\Windows\System32\fwpuclnt.dll
0x0000000018460000 - 0x0000000018508000 	C:\Users\Tung\.Xilinx\SDK\2015.2\org.eclipse.osgi\bundles\287\1\.cp\swt-win32-4335.dll
0x000007feff8a0000 - 0x000007feff937000 	C:\Windows\system32\comdlg32.dll
0x000007fefb220000 - 0x000007fefb291000 	C:\Windows\system32\WINSPOOL.DRV
0x000007feff5e0000 - 0x000007feff70a000 	C:\Windows\system32\WININET.dll
0x000007feffb20000 - 0x000007feffc98000 	C:\Windows\system32\urlmon.dll
0x000007fefdd70000 - 0x000007fefded7000 	C:\Windows\system32\CRYPT32.dll
0x000007fefdc70000 - 0x000007fefdc7f000 	C:\Windows\system32\MSASN1.dll
0x000007fefe5f0000 - 0x000007fefe849000 	C:\Windows\system32\iertutil.dll
0x000007fefbf50000 - 0x000007fefbf68000 	C:\Windows\system32\dwmapi.dll
0x000007fefc3c0000 - 0x000007fefc4ec000 	C:\Windows\system32\propsys.dll
0x00000000162c0000 - 0x00000000162de000 	C:\Users\Tung\.Xilinx\SDK\2015.2\org.eclipse.osgi\bundles\287\1\.cp\swt-gdip-win32-4335.dll
0x000007fefc110000 - 0x000007fefc325000 	C:\Windows\WinSxS\amd64_microsoft.windows.gdiplus_6595b64144ccf1df_1.1.7601.17514_none_2b24536c71ed437a\gdiplus.dll
0x000007fefbde0000 - 0x000007fefbf0a000 	C:\Windows\system32\WindowsCodecs.dll
0x0000000180000000 - 0x0000000180012000 	C:\Users\Tung\.Xilinx\SDK\2015.2\org.eclipse.osgi\bundles\113\1\.cp\os\win32\x86_64\localfile_1_0_0.dll
0x000007fefb440000 - 0x000007fefb451000 	C:\Users\Tung\.Xilinx\SDK\2015.2\org.eclipse.osgi\bundles\116\1\.cp\jWinHttp-1.0.0.dll
0x000007fef9940000 - 0x000007fef99b1000 	C:\Windows\system32\WINHTTP.dll
0x000007fef98d0000 - 0x000007fef9934000 	C:\Windows\system32\webio.dll
0x000007fefda30000 - 0x000007fefda55000 	C:\Windows\system32\SspiCli.dll
0x000007fefd030000 - 0x000007fefd03a000 	C:\Windows\system32\credssp.dll
0x000007fefdd30000 - 0x000007fefdd66000 	C:\Windows\system32\CFGMGR32.dll
0x000007fefaf70000 - 0x000007fefafc4000 	C:\Windows\system32\oleacc.dll
0x000007fefdbb0000 - 0x000007fefdbc4000 	C:\Windows\system32\RpcRtRemote.dll
0x000007fefdb10000 - 0x000007fefdb67000 	C:\Windows\system32\apphelp.dll
0x000007feeb5d0000 - 0x000007feeb60b000 	C:\Windows\system32\mlang.dll
0x000007fefb060000 - 0x000007fefb06a000 	C:\Xilinx\SDK\2015.2\lib\win64.o\librdi_jtag_settings.dll
0x000007feeec50000 - 0x000007feeec79000 	C:\Xilinx\SDK\2015.2\lib\win64.o\librdi_debug_dialog.dll
0x000007fefb150000 - 0x000007fefb172000 	C:\Xilinx\SDK\2015.2\lib\win64.o\libboost_filesystem.dll
0x000007fefb1a0000 - 0x000007fefb1a9000 	C:\Xilinx\SDK\2015.2\lib\win64.o\libboost_system.dll
0x000007feecd40000 - 0x000007feecde7000 	C:\Windows\system32\MSVCP110.dll
0x000007feece00000 - 0x000007feeced4000 	C:\Windows\system32\MSVCR110.dll
0x000007fec98e0000 - 0x000007feca223000 	C:\Xilinx\SDK\2015.2\lib\win64.o\librdi_common.dll
0x000007fecbe70000 - 0x000007fecc118000 	C:\Xilinx\SDK\2015.2\lib\win64.o\libCOIN-all.dll
0x000007fecbc50000 - 0x000007fecbe70000 	C:\Xilinx\SDK\2015.2\lib\win64.o\libXil_lmgr11.dll
0x000007fefbc80000 - 0x000007fefbc96000 	C:\Windows\system32\NETAPI32.dll
0x000007fefbc70000 - 0x000007fefbc7c000 	C:\Windows\system32\netutils.dll
0x000007fefd670000 - 0x000007fefd693000 	C:\Windows\system32\srvcli.dll
0x000007fefbc50000 - 0x000007fefbc65000 	C:\Windows\system32\wkscli.dll
0x000007fefdcf0000 - 0x000007fefdd2a000 	C:\Windows\system32\WINTRUST.dll
0x000007fefb3f0000 - 0x000007fefb400000 	C:\Xilinx\SDK\2015.2\lib\win64.o\libboost_date_time.dll
0x000007fefb0d0000 - 0x000007fefb144000 	C:\Xilinx\SDK\2015.2\lib\win64.o\libboost_program_options.dll
0x000007feeec80000 - 0x000007feeed7a000 	C:\Xilinx\SDK\2015.2\lib\win64.o\libboost_regex.dll
0x000007fefb0b0000 - 0x000007fefb0c3000 	C:\Xilinx\SDK\2015.2\lib\win64.o\libboost_signals.dll
0x000007fefb090000 - 0x000007fefb0ad000 	C:\Xilinx\SDK\2015.2\lib\win64.o\libboost_thread.dll
0x000007fefb190000 - 0x000007fefb19b000 	C:\Xilinx\SDK\2015.2\lib\win64.o\libboost_chrono.dll
0x000007fef2510000 - 0x000007fef2590000 	C:\Xilinx\SDK\2015.2\lib\win64.o\libhdlpsolve.dll
0x000007fef2470000 - 0x000007fef250a000 	C:\Xilinx\SDK\2015.2\lib\win64.o\libhdxml.dll
0x000007feca4f0000 - 0x000007fecaafa200 	C:\Xilinx\SDK\2015.2\lib\win64.o\libisl_iostreams.dll
0x000007fefb070000 - 0x000007fefb086000 	C:\Xilinx\SDK\2015.2\lib\win64.o\libboost_iostreams.dll
0x000007fefa9d0000 - 0x000007fefa9f3000 	C:\Xilinx\SDK\2015.2\lib\win64.o\librdizlib.dll
0x000007fefaa80000 - 0x000007fefaaa3000 	C:\Xilinx\SDK\2015.2\lib\win64.o\libisl_iosutils.dll
0x000007fef70f0000 - 0x000007fef711a000 	C:\Xilinx\SDK\2015.2\lib\win64.o\libisl_sysinfo.dll
0x000007fefb400000 - 0x000007fefb415000 	C:\Xilinx\SDK\2015.2\lib\win64.o\pthreadVC2.dll
0x000007feecf40000 - 0x000007feecf94000 	C:\Xilinx\SDK\2015.2\lib\win64.o\librdi_commonxillic.dll
0x000007feec240000 - 0x000007feec370000 	C:\Xilinx\SDK\2015.2\lib\win64.o\librdi_curl.dll
0x000007fefa9b0000 - 0x000007fefa9c8000 	C:\Xilinx\SDK\2015.2\lib\win64.o\librdiconfig.dll
0x0000000071b30000 - 0x0000000071c57000 	C:\Xilinx\SDK\2015.2\lib\win64.o\tcl85t.dll
0x0000000020920000 - 0x0000000020b83000 	C:\Xilinx\SDK\2015.2\lib\win64.o\xerces-c_3_1.dll
0x000007feea530000 - 0x000007feea553000 	C:\Windows\system32\VCOMP110.DLL
0x000007fecaf90000 - 0x000007fecb178000 	C:\Xilinx\SDK\2015.2\lib\win64.o\librdi_hsm.dll
0x000007feef050000 - 0x000007feef093000 	C:\Xilinx\SDK\2015.2\lib\win64.o\librdi_hdf.dll
0x000007fecba90000 - 0x000007fecbc4a000 	C:\Xilinx\SDK\2015.2\lib\win64.o\librdi_ippcw.dll
0x000007fefa970000 - 0x000007fefa978000 	C:\Xilinx\SDK\2015.2\lib\win64.o\librdi_target_manager.dll
0x000007fefa930000 - 0x000007fefa940000 	C:\Xilinx\SDK\2015.2\lib\win64.o\librdi_repo_manager.dll
0x000007fefb2b0000 - 0x000007fefb2b7000 	C:\Windows\system32\msimg32.dll
0x000007fef21c0000 - 0x000007fef21dc000 	C:\Xilinx\SDK\2015.2\lib\win64.o\librdi_hw_platform.dll
0x000007fec90c0000 - 0x000007fec94ca000 	C:\Xilinx\SDK\2015.2\lib\win64.o\librdi_commontasks.dll
0x000007fec5e80000 - 0x000007fec6690000 	C:\Xilinx\SDK\2015.2\lib\win64.o\libXil_lmgr11FNP.dll
0x000007fef69b0000 - 0x000007fef69bb000 	C:\Windows\system32\snmpapi.dll
0x000007feff940000 - 0x000007feffb17000 	C:\Windows\system32\SETUPAPI.dll
0x000007fefdee0000 - 0x000007fefdefa000 	C:\Windows\system32\DEVOBJ.dll
0x000007fefb3e0000 - 0x000007fefb3ef000 	C:\Windows\system32\wbem\wbemprox.dll
0x000007fefb350000 - 0x000007fefb3d6000 	C:\Windows\system32\wbemcomn.dll
0x000007fef7480000 - 0x000007fef7494000 	C:\Windows\system32\wbem\wbemsvc.dll
0x000007fef7820000 - 0x000007fef7902000 	C:\Windows\system32\wbem\fastprox.dll

VM Arguments:
jvm_args: -Dcom.xilinx.sdk.args.hwspec=C:/Users/Tung/Desktop/vdma_hdmi_conv_v1/axi_conv_fp_3x3/axi_conv_fp_3x3.sdk/design_1_wrapper.hdf -Xms64m -Xmx512m & 
java_command: <unknown>
java_class_path (initial): C:\Xilinx\SDK\2015.2\eclipse\win64.o\\plugins/org.eclipse.equinox.launcher_1.3.0.v20130327-1440.jar
Launcher Type: generic

Environment Variables:
USERNAME=Tung
OS=Windows_NT
PROCESSOR_IDENTIFIER=Intel64 Family 6 Model 60 Stepping 3, GenuineIntel



---------------  S Y S T E M  ---------------

OS: Windows 7 , 64 bit Build 7601 Service Pack 1

CPU:total 4 (4 cores per cpu, 1 threads per core) family 6 model 60 stepping 3, cmov, cx8, fxsr, mmx, sse, sse2, sse3, ssse3, sse4.1, sse4.2, popcnt, avx, avx2, aes, clmul, erms, lzcnt, tsc, tscinvbit, bmi1, bmi2

Memory: 4k page, physical 4110972k(1276664k free), swap 8220100k(4510652k free)

vm_info: Java HotSpot(TM) 64-Bit Server VM (25.25-b02) for windows-amd64 JRE (1.8.0_25-b18), built on Oct  7 2014 14:25:37 by "java_re" with MS VC++ 10.0 (VS2010)

time: Tue Aug 21 12:46:28 2018
elapsed time: 371 seconds (0d 0h 6m 11s)

