#-----------------------------------------------------------
# Vivado v2015.2 (64-bit)
# SW Build 1266856 on Fri Jun 26 16:35:25 MDT 2015
# IP Build 1264090 on Wed Jun 24 14:22:01 MDT 2015
# Start of session at: Wed Aug 22 16:04:54 2018
# Process ID: 1964
# Log file: C:/Users/Tung/Desktop/Work21.08/SOBEL_X/vdma_hdmi_conv_v1/axi_conv_fp_3x3/vivado.log
# Journal file: C:/Users/Tung/Desktop/Work21.08/SOBEL_X/vdma_hdmi_conv_v1/axi_conv_fp_3x3\vivado.jou
#-----------------------------------------------------------
start_gui
open_project C:/Users/Tung/Desktop/Work21.08/SOBEL_X/vdma_hdmi_conv_v1/axi_conv_fp_3x3/axi_conv_fp_3x3.xpr
INFO: [Project 1-313] Project file moved from 'C:/Users/Tung/Desktop/vdma_hdmi_conv_v1/axi_conv_fp_3x3' since last save.
CRITICAL WARNING: [Project 1-311] Could not find the file 'C:/Users/Tung/Desktop/Documents/sobel_x/vdma_hdmi_conv_v1/axi_conv_fp_3x3/axi_conv_fp_3x3.srcs/sources_1/bd/design_1/ip/design_1_axi_conv_fp_3x3_0_0/design_1_axi_conv_fp_3x3_0_0.upgrade_log', nor could it be found using path 'C:/Users/Documents/sobel_x/vdma_hdmi_conv_v1/axi_conv_fp_3x3/axi_conv_fp_3x3.srcs/sources_1/bd/design_1/ip/design_1_axi_conv_fp_3x3_0_0/design_1_axi_conv_fp_3x3_0_0.upgrade_log'.
CRITICAL WARNING: [Project 1-311] Could not find the file 'C:/Users/Tung/Desktop/Work21.08/SOBEL_X/vdma_hdmi_conv_v1/axi_conv_fp_3x3/axi_conv_fp_3x3.srcs/sources_1/bd/design_1/ip/design_1_swap_rgb_to_rbg_0_2/design_1_swap_rgb_to_rbg_0_2.upgrade_log', nor could it be found using path 'C:/Users/Tung/Desktop/vdma_hdmi_conv_v1/axi_conv_fp_3x3/axi_conv_fp_3x3.srcs/sources_1/bd/design_1/ip/design_1_swap_rgb_to_rbg_0_2/design_1_swap_rgb_to_rbg_0_2.upgrade_log'.
Scanning sources...
Finished scanning sources
INFO: [IP_Flow 19-234] Refreshing IP repositories
INFO: [IP_Flow 19-1700] Loaded user IP repository 'c:/Users/Tung/Desktop/Work21.08/SOBEL_X/vdma_hdmi_conv_v1/ip_repo'.
WARNING: [IP_Flow 19-395] Problem reading Component, Bad end of element xilinx:coreExtensions line 1: c:/Users/Tung/Desktop/Work21.08/SOBEL_X/vdma_hdmi_conv_v1/useripp/viettelrd_hls_img_Mean_1_0/component.xml(1)
CRITICAL WARNING: [IP_Flow 19-1977] Unable to read IP file c:/Users/Tung/Desktop/Work21.08/SOBEL_X/vdma_hdmi_conv_v1/useripp/viettelrd_hls_img_Mean_1_0/component.xml. This IP will not be included in the IP Catalog.
WARNING: [IP_Flow 19-395] Problem reading Component, Bad end of element xilinx:coreExtensions line 1: c:/Users/Tung/Desktop/Work21.08/SOBEL_X/vdma_hdmi_conv_v1/useripp/viettelrd_hls_ip_AGC_ip_AGC_1_5/component.xml(1)
CRITICAL WARNING: [IP_Flow 19-1977] Unable to read IP file c:/Users/Tung/Desktop/Work21.08/SOBEL_X/vdma_hdmi_conv_v1/useripp/viettelrd_hls_ip_AGC_ip_AGC_1_5/component.xml. This IP will not be included in the IP Catalog.
WARNING: [IP_Flow 19-395] Problem reading Component, Bad end of element xilinx:coreExtensions line 1: c:/Users/Tung/Desktop/Work21.08/SOBEL_X/vdma_hdmi_conv_v1/useripp/viettelRD_hls_ip_delete_line_ip_delete_line_1_1/component.xml(1)
CRITICAL WARNING: [IP_Flow 19-1977] Unable to read IP file c:/Users/Tung/Desktop/Work21.08/SOBEL_X/vdma_hdmi_conv_v1/useripp/viettelRD_hls_ip_delete_line_ip_delete_line_1_1/component.xml. This IP will not be included in the IP Catalog.
WARNING: [IP_Flow 19-395] Problem reading Component, Bad end of element xilinx:coreExtensions line 1: c:/Users/Tung/Desktop/Work21.08/SOBEL_X/vdma_hdmi_conv_v1/useripp/viettelrd_hls_ip_draw_template_1_6/component.xml(1)
CRITICAL WARNING: [IP_Flow 19-1977] Unable to read IP file c:/Users/Tung/Desktop/Work21.08/SOBEL_X/vdma_hdmi_conv_v1/useripp/viettelrd_hls_ip_draw_template_1_6/component.xml. This IP will not be included in the IP Catalog.
WARNING: [IP_Flow 19-395] Problem reading Component, Bad end of element xilinx:coreExtensions line 1: c:/Users/Tung/Desktop/Work21.08/SOBEL_X/vdma_hdmi_conv_v1/useripp/viettelrd_hls_ip_zoom_zoom_1_8/component.xml(1)
CRITICAL WARNING: [IP_Flow 19-1977] Unable to read IP file c:/Users/Tung/Desktop/Work21.08/SOBEL_X/vdma_hdmi_conv_v1/useripp/viettelrd_hls_ip_zoom_zoom_1_8/component.xml. This IP will not be included in the IP Catalog.
WARNING: [IP_Flow 19-395] Problem reading Component, Bad end of element xilinx:coreExtensions line 1: c:/Users/Tung/Desktop/Work21.08/SOBEL_X/vdma_hdmi_conv_v1/useripp/viettelrd_hls_param_topbot_param_TopBot_1_5/component.xml(1)
CRITICAL WARNING: [IP_Flow 19-1977] Unable to read IP file c:/Users/Tung/Desktop/Work21.08/SOBEL_X/vdma_hdmi_conv_v1/useripp/viettelrd_hls_param_topbot_param_TopBot_1_5/component.xml. This IP will not be included in the IP Catalog.
WARNING: [IP_Flow 19-395] Problem reading Component, Bad end of element xilinx:coreExtensions line 1: c:/Users/Tung/Desktop/Work21.08/SOBEL_X/vdma_hdmi_conv_v1/useripp/viettelrd_zynq_2017_2_hls_ip_AGC_1_16/component.xml(1)
CRITICAL WARNING: [IP_Flow 19-1977] Unable to read IP file c:/Users/Tung/Desktop/Work21.08/SOBEL_X/vdma_hdmi_conv_v1/useripp/viettelrd_zynq_2017_2_hls_ip_AGC_1_16/component.xml. This IP will not be included in the IP Catalog.
WARNING: [IP_Flow 19-395] Problem reading Component, Bad end of element xilinx:coreExtensions line 1: c:/Users/Tung/Desktop/Work21.08/SOBEL_X/vdma_hdmi_conv_v1/useripp/viettelrd_zynq_2017_2_hls_ip_deadpixel_1_2/component.xml(1)
CRITICAL WARNING: [IP_Flow 19-1977] Unable to read IP file c:/Users/Tung/Desktop/Work21.08/SOBEL_X/vdma_hdmi_conv_v1/useripp/viettelrd_zynq_2017_2_hls_ip_deadpixel_1_2/component.xml. This IP will not be included in the IP Catalog.
WARNING: [IP_Flow 19-395] Problem reading Component, Bad end of element xilinx:coreExtensions line 1: c:/Users/Tung/Desktop/Work21.08/SOBEL_X/vdma_hdmi_conv_v1/useripp/viettelrd_zynq_2017_2_hls_ip_NUC2P_1_23/component.xml(1)
CRITICAL WARNING: [IP_Flow 19-1977] Unable to read IP file c:/Users/Tung/Desktop/Work21.08/SOBEL_X/vdma_hdmi_conv_v1/useripp/viettelrd_zynq_2017_2_hls_ip_NUC2P_1_23/component.xml. This IP will not be included in the IP Catalog.
INFO: [IP_Flow 19-1700] Loaded user IP repository 'c:/Users/Tung/Desktop/Work21.08/SOBEL_X/vdma_hdmi_conv_v1/useripp'.
INFO: [IP_Flow 19-2313] Loaded Vivado IP repository 'C:/Xilinx/Vivado/2015.2/data/ip'.
WARNING: [IP_Flow 19-3664] IP 'design_1_AXI_Convolution_Fixed_Point_3x3_0_0' generated file not found 'c:/Users/Tung/Desktop/Work21.08/SOBEL_X/vdma_hdmi_conv_v1/axi_conv_fp_3x3/axi_conv_fp_3x3.srcs/sources_1/ipshared/xilinx.com/axi_convolution_fixed_point_3x3_v1_0/b6434052/drivers/AXI_Convolution_Fixed_Point_3x3_v1_0/src/AXI_Convolution_Fixed_Point_3x3_selftest.c'. Please regenerate to continue.
open_project: Time (s): cpu = 00:00:14 ; elapsed = 00:00:09 . Memory (MB): peak = 718.727 ; gain = 161.945
open_bd_design {C:/Users/Tung/Desktop/Work21.08/SOBEL_X/vdma_hdmi_conv_v1/axi_conv_fp_3x3/axi_conv_fp_3x3.srcs/sources_1/bd/design_1/design_1.bd}
Adding component instance block -- xilinx.com:ip:axi_vdma:6.2 - axi_vdma_0
Adding component instance block -- xilinx.com:ip:xlconstant:1.1 - xlconstant_0
Adding component instance block -- xilinx.com:ip:axi_vdma:6.2 - axi_vdma_1
Adding component instance block -- xilinx.com:ip:axi_gpio:2.0 - axi_gpio_0
Adding component instance block -- xilinx.com:ip:proc_sys_reset:5.0 - rst_processing_system7_0_40M
Adding component instance block -- xilinx.com:ip:processing_system7:5.5 - processing_system7_0
Adding component instance block -- xilinx.com:ip:axi_crossbar:2.1 - xbar
Adding component instance block -- xilinx.com:ip:axi_protocol_converter:2.1 - auto_pc
Adding component instance block -- xilinx.com:ip:axi_dwidth_converter:2.1 - auto_us
Adding component instance block -- xilinx.com:ip:axi_crossbar:2.1 - xbar
Adding component instance block -- xilinx.com:ip:axi_protocol_converter:2.1 - auto_pc
Adding component instance block -- xilinx.com:ip:axi_gpio:2.0 - axi_gpio_0
Adding component instance block -- xilinx.com:ip:axis_data_fifo:1.1 - axis_data_fifo_0
Adding component instance block -- xilinx.com:user:AXI_Convolution_Fixed_Point_3x3:1.0 - AXI_Convolution_Fixed_Point_3x3_0
Adding component instance block -- avnet:zedboard:zed_hdmi_out:2.0 - zed_hdmi_out_0
Adding component instance block -- xilinx.com:ip:xlconstant:1.1 - gnd
Adding component instance block -- xilinx.com:ip:axi_iic:2.0 - axi_iic_0
Adding component instance block -- xilinx.com:ip:v_cresample:4.0 - v_cresample_0
Adding component instance block -- xilinx.com:ip:v_axi4s_vid_out:3.0 - v_axi4s_vid_out_0
Adding component instance block -- xilinx.com:ip:v_tc:6.1 - v_tc_0
Adding component instance block -- xilinx.com:ip:v_rgb2ycrcb:7.1 - v_rgb2ycrcb_0
Adding component instance block -- xilinx.com:ip:xlconstant:1.1 - vcc
Adding component instance block -- xilinx.com:user:AXIS_Swap_RGB_To_RBG:1.0 - AXIS_Swap_RGB_To_RBG_0
Successfully read diagram <design_1> from BD file <C:/Users/Tung/Desktop/Work21.08/SOBEL_X/vdma_hdmi_conv_v1/axi_conv_fp_3x3/axi_conv_fp_3x3.srcs/sources_1/bd/design_1/design_1.bd>
exit
INFO: [Common 17-206] Exiting Vivado at Wed Aug 22 16:05:57 2018...
