Vivado Simulator 2015.2
Copyright 1986-1999, 2001-2015 Xilinx, Inc. All Rights Reserved.
Running: C:/Xilinx/Vivado/2015.2/bin/unwrapped/win64.o/xelab.exe -wto 8680c88a4209438e913ff00b4fac855c --debug typical --relax --mt 2 -L xil_defaultlib -L unisims_ver -L unimacro_ver -L secureip --snapshot design_1_wrapper_tb_behav xil_defaultlib.design_1_wrapper_tb xil_defaultlib.glbl -log elaborate.log 
Using 2 slave threads.
Starting static elaboration
Completed static elaboration
Starting simulation data flow analysis
Completed simulation data flow analysis
Time Resolution for simulation is 1ps
Compiling module unisims_ver.GND
Compiling module xil_defaultlib.bypass_axis_v1_0_S_AXI(C_S_AXI_D...
Compiling module xil_defaultlib.bypass_axis_v1_0
Compiling module xil_defaultlib.design_1_bypass_axis_0_0
Compiling module xil_defaultlib.design_1_bypass_axis_1_0
Compiling module xil_defaultlib.design_1
Compiling module xil_defaultlib.design_1_wrapper
Compiling module xil_defaultlib.design_1_wrapper_tb
Compiling module xil_defaultlib.glbl
Waiting for 2 sub-compilation(s) to finish...
Built simulation snapshot design_1_wrapper_tb_behav
